




                       MSC.Patran 25.0.638960 Wed Mar 13 09:21:55 PDT 2019 - Analysis Code: MSC.Nastran 
                                             Load Case: Default, A1:Static Subcase 
                                         Result Strain Tensor,  - Layer (NON-LAYERED) 
                                                     Entity: Element Tensor


-Entity ID--X Component--
       1       -0.001154
       2       -0.003815
       3       -0.007891
       4       -0.012332
       5       -0.020359
       6       -0.003742
       7       -0.005526
       8       -0.006571
       9       -0.007774
      10       -0.008950
      11       -0.010162
      12       -0.011377
      13       -0.012597
      14       -0.013831
      15       -0.015058
      16       -0.016427
      17       -0.018133
      18       -0.018745
      19       -0.018257
      20       -0.018108
      21       -0.018102
      22       -0.018089
      23       -0.018089
      24       -0.018089
      25       -0.018090
      26       -0.018090
      27       -0.018089
      28       -0.018089
      29       -0.018088
      30       -0.018101
      31       -0.018107
      32       -0.018256
      33       -0.018744
      34       -0.018137
      35       -0.016438
      36       -0.015078
      37       -0.013860
      38       -0.012635
      39       -0.011424
      40       -0.010213
      41       -0.009003
      42       -0.007793
      43       -0.006583
      44       -0.005366
      45       -0.004128
      46       -0.002846
      47       -0.001538
      48       -0.000396
      49        0.000179
      50        0.000133
      51        0.001000
      52        0.000773
      53       -0.002748
      54       -0.009948
      55       -0.022576
      56       -0.008476
      57       -0.005468
      58       -0.007197
      59       -0.007724
      60       -0.008849
      61       -0.009775
      62       -0.010829
      63       -0.011839
      64       -0.012906
      65       -0.013937
      66       -0.015317
      67       -0.016326
      68       -0.016826
      69       -0.016854
      70       -0.016494
      71       -0.016485
      72       -0.016449
      73       -0.016443
      74       -0.016441
      75       -0.016440
      76       -0.016440
      77       -0.016440
      78       -0.016442
      79       -0.016447
      80       -0.016483
      81       -0.016492
      82       -0.016852
      83       -0.016824
      84       -0.016327
      85       -0.015323
      86       -0.013951
      87       -0.012922
      88       -0.011870
      89       -0.010847
      90       -0.009828
      91       -0.008811
      92       -0.007795
      93       -0.006776
      94       -0.005751
      95       -0.004701
      96       -0.003591
      97       -0.002381
      98       -0.001147
      99       -0.000212
     100        0.000049
     101        0.000067
     102       -0.001291
     103       -0.004812
     104       -0.012130
     105       -0.014487
     106       -0.012105
     107       -0.007442
     108       -0.007539
     109       -0.007975
     110       -0.008449
     111       -0.009074
     112       -0.009682
     113       -0.010331
     114       -0.011024
     115       -0.011671
     116       -0.013062
     117       -0.012686
     118       -0.012988
     119       -0.014008
     120       -0.013243
     121       -0.013230
     122       -0.013162
     123       -0.013149
     124       -0.013143
     125       -0.013141
     126       -0.013141
     127       -0.013142
     128       -0.013148
     129       -0.013160
     130       -0.013228
     131       -0.013241
     132       -0.014004
     133       -0.012983
     134       -0.012682
     135       -0.013061
     136       -0.011670
     137       -0.011029
     138       -0.010331
     139       -0.009691
     140       -0.009057
     141       -0.008428
     142       -0.007800
     143       -0.007169
     144       -0.006529
     145       -0.005862
     146       -0.005104
     147       -0.004105
     148       -0.002715
     149       -0.001177
     150       -0.000252
     151       -0.000716
     152       -0.002653
     153       -0.007326
     154       -0.011524
     155       -0.013107
     156       -0.011919
     157       -0.009587
     158       -0.007960
     159       -0.008101
     160       -0.008114
     161       -0.008332
     162       -0.008547
     163       -0.008829
     164       -0.009077
     165       -0.009570
     166       -0.010234
     167       -0.009555
     168       -0.009672
     169       -0.010585
     170       -0.010162
     171       -0.009905
     172       -0.009894
     173       -0.009846
     174       -0.009848
     175       -0.009842
     176       -0.009842
     177       -0.009847
     178       -0.009845
     179       -0.009892
     180       -0.009902
     181       -0.010158
     182       -0.010580
     183       -0.009664
     184       -0.009546
     185       -0.010224
     186       -0.009559
     187       -0.009064
     188       -0.008813
     189       -0.008526
     190       -0.008289
     191       -0.008044
     192       -0.007805
     193       -0.007562
     194       -0.007310
     195       -0.007027
     196       -0.006635
     197       -0.005870
     198       -0.004335
     199       -0.002149
     200       -0.000540
     201       -0.001093
     202       -0.004255
     203       -0.008841
     204       -0.011943
     205       -0.012579
     206       -0.012167
     207       -0.010476
     208       -0.008752
     209       -0.008065
     210       -0.007820
     211       -0.007569
     212       -0.007430
     213       -0.007287
     214       -0.007196
     215       -0.007309
     216       -0.007404
     217       -0.006571
     218       -0.006490
     219       -0.007168
     220       -0.006917
     221       -0.006648
     222       -0.006585
     223       -0.006559
     224       -0.006545
     225       -0.006545
     226       -0.006544
     227       -0.006544
     228       -0.006558
     229       -0.006582
     230       -0.006645
     231       -0.006913
     232       -0.007161
     233       -0.006479
     234       -0.006557
     235       -0.007386
     236       -0.007287
     237       -0.007166
     238       -0.007253
     239       -0.007377
     240       -0.007513
     241       -0.007663
     242       -0.007810
     243       -0.007957
     244       -0.008093
     245       -0.008197
     246       -0.008185
     247       -0.007709
     248       -0.006100
     249       -0.003236
     250       -0.000855
     251       -0.001625
     252       -0.005674
     253       -0.010464
     254       -0.012696
     255       -0.012836
     256       -0.012406
     257       -0.011099
     258       -0.009290
     259       -0.008146
     260       -0.007441
     261       -0.006845
     262       -0.006284
     263       -0.005764
     264       -0.005294
     265       -0.004977
     266       -0.004594
     267       -0.003644
     268       -0.003368
     269       -0.003768
     270       -0.003602
     271       -0.003371
     272       -0.003288
     273       -0.003260
     274       -0.003248
     275       -0.003245
     276       -0.003245
     277       -0.003247
     278       -0.003258
     279       -0.003285
     280       -0.003367
     281       -0.003596
     282       -0.003760
     283       -0.003354
     284       -0.003624
     285       -0.004568
     286       -0.004942
     287       -0.005250
     288       -0.005705
     289       -0.006215
     290       -0.006743
     291       -0.007278
     292       -0.007816
     293       -0.008351
     294       -0.008879
     295       -0.009369
     296       -0.009752
     297       -0.009645
     298       -0.008109
     299       -0.004574
     300       -0.001244
     301       -0.002194
     302       -0.007352
     303       -0.012300
     304       -0.013833
     305       -0.013417
     306       -0.012793
     307       -0.011526
     308       -0.009702
     309       -0.008192
     310       -0.007084
     311       -0.006096
     312       -0.005150
     313       -0.004232
     314       -0.003376
     315       -0.002602
     316       -0.001791
     317       -0.000731
     318       -0.000259
     319       -0.000375
     320       -0.000245
     321       -0.000075
     322        0.000010
     323        0.000040
     324        0.000050
     325        0.000054
     326        0.000054
     327        0.000052
     328        0.000043
     329        0.000014
     330       -0.000071
     331       -0.000239
     332       -0.000366
     333       -0.000242
     334       -0.000706
     335       -0.001757
     336       -0.002555
     337       -0.003314
     338       -0.004155
     339       -0.005054
     340       -0.005970
     341       -0.006896
     342       -0.007820
     343       -0.008747
     344       -0.009665
     345       -0.010549
     346       -0.011325
     347       -0.011685
     348       -0.010457
     349       -0.006341
     350       -0.001778
     351       -0.002989
     352       -0.009561
     353       -0.014571
     354       -0.015175
     355       -0.014220
     356       -0.013258
     357       -0.011899
     358       -0.009988
     359       -0.008221
     360       -0.006716
     361       -0.005350
     362       -0.004008
     363       -0.002701
     364       -0.001440
     365       -0.000207
     366        0.001028
     367        0.002201
     368        0.002870
     369        0.003032
     370        0.003133
     371        0.003236
     372        0.003312
     373        0.003341
     374        0.003349
     375        0.003353
     376        0.003353
     377        0.003351
     378        0.003344
     379        0.003316
     380        0.003241
     381        0.003140
     382        0.003042
     383        0.002888
     384        0.002230
     385        0.001069
     386       -0.000149
     387       -0.001362
     388       -0.002603
     389       -0.003889
     390       -0.005200
     391       -0.006509
     392       -0.007832
     393       -0.009134
     394       -0.010461
     395       -0.011727
     396       -0.012912
     397       -0.013780
     398       -0.013243
     399       -0.008775
     400       -0.002585
     401       -0.004172
     402       -0.012837
     403       -0.017240
     404       -0.016661
     405       -0.015085
     406       -0.013850
     407       -0.012197
     408       -0.010239
     409       -0.008198
     410       -0.006358
     411       -0.004597
     412       -0.002871
     413       -0.001160
     414        0.000505
     415        0.002192
     416        0.003879
     417        0.005185
     418        0.006049
     419        0.006474
     420        0.006514
     421        0.006557
     422        0.006620
     423        0.006643
     424        0.006649
     425        0.006652
     426        0.006652
     427        0.006650
     428        0.006646
     429        0.006625
     430        0.006563
     431        0.006522
     432        0.006484
     433        0.006068
     434        0.005217
     435        0.003927
     436        0.002262
     437        0.000599
     438       -0.001043
     439       -0.002727
     440       -0.004424
     441       -0.006132
     442       -0.007825
     443       -0.009552
     444       -0.011211
     445       -0.012968
     446       -0.014459
     447       -0.015920
     448       -0.016405
     449       -0.012334
     450       -0.003817
     451       -0.006597
     452       -0.017455
     453       -0.020487
     454       -0.017799
     455       -0.016294
     456       -0.014304
     457       -0.012590
     458       -0.010404
     459       -0.008182
     460       -0.005985
     461       -0.003849
     462       -0.001734
     463        0.000387
     464        0.002458
     465        0.004575
     466        0.006774
     467        0.008263
     468        0.009326
     469        0.009956
     470        0.009881
     471        0.009885
     472        0.009938
     473        0.009940
     474        0.009951
     475        0.009950
     476        0.009951
     477        0.009953
     478        0.009943
     479        0.009943
     480        0.009892
     481        0.009888
     482        0.009966
     483        0.009344
     484        0.008297
     485        0.006828
     486        0.004656
     487        0.002568
     488        0.000525
     489       -0.001566
     490       -0.003651
     491       -0.005743
     492       -0.007845
     493       -0.009916
     494       -0.012060
     495       -0.014030
     496       -0.016309
     497       -0.017670
     498       -0.020103
     499       -0.017239
     500       -0.006291
     501       -0.009707
     502       -0.026089
     503       -0.021947
     504       -0.019871
     505       -0.017054
     506       -0.014975
     507       -0.012900
     508       -0.010606
     509       -0.008139
     510       -0.005616
     511       -0.003105
     512       -0.000585
     513        0.001913
     514        0.004454
     515        0.006905
     516        0.009687
     517        0.011517
     518        0.012772
     519        0.013460
     520        0.013193
     521        0.013257
     522        0.013234
     523        0.013250
     524        0.013248
     525        0.013250
     526        0.013250
     527        0.013250
     528        0.013253
     529        0.013239
     530        0.013264
     531        0.013202
     532        0.013469
     533        0.012788
     534        0.011550
     535        0.009747
     536        0.006998
     537        0.004580
     538        0.002072
     539       -0.000394
     540       -0.002882
     541       -0.005359
     542       -0.007847
     543       -0.010324
     544       -0.012809
     545       -0.015308
     546       -0.017702
     547       -0.020381
     548       -0.021952
     549       -0.026106
     550       -0.009380
     551       -0.028546
     552       -0.030613
     553       -0.024946
     554       -0.021318
     555       -0.017940
     556       -0.015584
     557       -0.013236
     558       -0.010840
     559       -0.008093
     560       -0.005258
     561       -0.002354
     562        0.000551
     563        0.003466
     564        0.006385
     565        0.009376
     566        0.012311
     567        0.015161
     568        0.016612
     569        0.016675
     570        0.016646
     571        0.016566
     572        0.016554
     573        0.016550
     574        0.016547
     575        0.016549
     576        0.016550
     577        0.016549
     578        0.016555
     579        0.016560
     580        0.016573
     581        0.016656
     582        0.016685
     583        0.016621
     584        0.015190
     585        0.012379
     586        0.009481
     587        0.006527
     588        0.003645
     589        0.000767
     590       -0.002104
     591       -0.004983
     592       -0.007838
     593       -0.010743
     594       -0.013557
     595       -0.016536
     596       -0.019286
     597       -0.022475
     598       -0.025411
     599       -0.030611
     600       -0.028053
     601       -0.043647
     602       -0.031826
     603       -0.027127
     604       -0.021906
     605       -0.018878
     606       -0.015910
     607       -0.013519
     608       -0.010851
     609       -0.008001
     610       -0.004977
     611       -0.001904
     612        0.001185
     613        0.004303
     614        0.007397
     615        0.010621
     616        0.013718
     617        0.016878
     618        0.018426
     619        0.018357
     620        0.018355
     621        0.018223
     622        0.018224
     623        0.018197
     624        0.018201
     625        0.018198
     626        0.018199
     627        0.018202
     628        0.018200
     629        0.018228
     630        0.018228
     631        0.018362
     632        0.018365
     633        0.018430
     634        0.016896
     635        0.013769
     636        0.010700
     637        0.007503
     638        0.004437
     639        0.001346
     640       -0.001719
     641       -0.004783
     642       -0.007856
     643       -0.010904
     644       -0.014014
     645       -0.016998
     646       -0.020328
     647       -0.023156
     648       -0.027797
     649       -0.031811
     650       -0.043235
     651       -0.043088
     652       -0.032342
     653       -0.027612
     654       -0.023244
     655       -0.020278
     656       -0.017001
     657       -0.013998
     658       -0.010899
     659       -0.007849
     660       -0.004779
     661       -0.001716
     662        0.001348
     663        0.004435
     664        0.007510
     665        0.010682
     666        0.013798
     667        0.016856
     668        0.018390
     669        0.018394
     670        0.018344
     671        0.018236
     672        0.018226
     673        0.018203
     674        0.018205
     675        0.018203
     676        0.018203
     677        0.018206
     678        0.018206
     679        0.018230
     680        0.018241
     681        0.018350
     682        0.018401
     683        0.018394
     684        0.016873
     685        0.013845
     686        0.010755
     687        0.007609
     688        0.004560
     689        0.001502
     690       -0.001531
     691       -0.004555
     692       -0.007580
     693       -0.010587
     694       -0.013669
     695       -0.016690
     696       -0.019991
     697       -0.022948
     698       -0.027305
     699       -0.031924
     700       -0.042618
     701       -0.040514
     702       -0.035454
     703       -0.026155
     704       -0.023977
     705       -0.019999
     706       -0.017129
     707       -0.013954
     708       -0.010924
     709       -0.007843
     710       -0.004785
     711       -0.001718
     712        0.001355
     713        0.004414
     714        0.007571
     715        0.010555
     716        0.014046
     717        0.016573
     718        0.018105
     719        0.018643
     720        0.018216
     721        0.018297
     722        0.018204
     723        0.018211
     724        0.018201
     725        0.018202
     726        0.018202
     727        0.018200
     728        0.018211
     729        0.018204
     730        0.018297
     731        0.018216
     732        0.018643
     733        0.018104
     734        0.016572
     735        0.014045
     736        0.010555
     737        0.007570
     738        0.004414
     739        0.001357
     740       -0.001712
     741       -0.004761
     742       -0.007769
     743       -0.010726
     744       -0.013535
     745       -0.016451
     746       -0.019178
     747       -0.023237
     748       -0.025669
     749       -0.035234
     750       -0.040457
     751       -0.042922
     752       -0.032221
     753       -0.027610
     754       -0.023249
     755       -0.020291
     756       -0.017013
     757       -0.014008
     758       -0.010907
     759       -0.007855
     760       -0.004783
     761       -0.001719
     762        0.001347
     763        0.004434
     764        0.007511
     765        0.010684
     766        0.013800
     767        0.016860
     768        0.018394
     769        0.018396
     770        0.018345
     771        0.018236
     772        0.018225
     773        0.018201
     774        0.018202
     775        0.018199
     776        0.018199
     777        0.018200
     778        0.018199
     779        0.018221
     780        0.018231
     781        0.018338
     782        0.018389
     783        0.018389
     784        0.016842
     785        0.013753
     786        0.010610
     787        0.007411
     788        0.004308
     789        0.001195
     790       -0.001892
     791       -0.004964
     792       -0.007986
     793       -0.010843
     794       -0.013516
     795       -0.015951
     796       -0.018882
     797       -0.022031
     798       -0.026951
     799       -0.032220
     800       -0.043304
     801        0.000119
     802        0.000151
     803       -0.000416
     804       -0.001545
     805       -0.002846
     806       -0.004126
     807       -0.005363
     808       -0.006578
     809       -0.007787
     810       -0.008995
     811       -0.010204
     812       -0.011414
     813       -0.012624
     814       -0.013848
     815       -0.015065
     816       -0.016425
     817       -0.018122
     818       -0.018729
     819       -0.018240
     820       -0.018090
     821       -0.018084
     822       -0.018071
     823       -0.018071
     824       -0.018071
     825       -0.018072
     826       -0.018071
     827       -0.018071
     828       -0.018071
     829       -0.018070
     830       -0.018083
     831       -0.018089
     832       -0.018238
     833       -0.018728
     834       -0.018126
     835       -0.016435
     836       -0.015083
     837       -0.013875
     838       -0.012658
     839       -0.011456
     840       -0.010256
     841       -0.009069
     842       -0.007916
     843       -0.006831
     844       -0.005826
     845       -0.004840
     846       -0.003721
     847       -0.002374
     848       -0.000999
     849       -0.000111
     850        0.000066
     851        0.000028
     852       -0.000235
     853       -0.001154
     854       -0.002380
     855       -0.003589
     856       -0.004698
     857       -0.005747
     858       -0.006772
     859       -0.007789
     860       -0.008804
     861       -0.009820
     862       -0.010838
     863       -0.011860
     864       -0.012911
     865       -0.013939
     866       -0.015310
     867       -0.016314
     868       -0.016810
     869       -0.016837
     870       -0.016478
     871       -0.016468
     872       -0.016432
     873       -0.016427
     874       -0.016424
     875       -0.016423
     876       -0.016423
     877       -0.016424
     878       -0.016426
     879       -0.016431
     880       -0.016467
     881       -0.016476
     882       -0.016835
     883       -0.016808
     884       -0.016315
     885       -0.015316
     886       -0.013951
     887       -0.012929
     888       -0.011883
     889       -0.010868
     890       -0.009861
     891       -0.008869
     892       -0.007909
     893       -0.006997
     894       -0.006133
     895       -0.005260
     896       -0.004260
     897       -0.003021
     898       -0.001624
     899       -0.000470
     900       -0.000031
     901       -0.000275
     902       -0.001183
     903       -0.002701
     904       -0.004092
     905       -0.005098
     906       -0.005857
     907       -0.006524
     908       -0.007164
     909       -0.007793
     910       -0.008421
     911       -0.009049
     912       -0.009683
     913       -0.010323
     914       -0.011019
     915       -0.011660
     916       -0.013050
     917       -0.012670
     918       -0.012971
     919       -0.013991
     920       -0.013228
     921       -0.013215
     922       -0.013146
     923       -0.013133
     924       -0.013127
     925       -0.013126
     926       -0.013126
     927       -0.013127
     928       -0.013132
     929       -0.013144
     930       -0.013213
     931       -0.013225
     932       -0.013987
     933       -0.012966
     934       -0.012666
     935       -0.013048
     936       -0.011660
     937       -0.011021
     938       -0.010326
     939       -0.009691
     940       -0.009069
     941       -0.008468
     942       -0.007896
     943       -0.007362
     944       -0.006853
     945       -0.006317
     946       -0.005636
     947       -0.004615
     948       -0.003109
     949       -0.001401
     950       -0.000332
     951       -0.000569
     952       -0.002139
     953       -0.004298
     954       -0.005846
     955       -0.006625
     956       -0.007021
     957       -0.007304
     958       -0.007556
     959       -0.007799
     960       -0.008037
     961       -0.008282
     962       -0.008519
     963       -0.008805
     964       -0.009055
     965       -0.009550
     966       -0.010214
     967       -0.009536
     968       -0.009653
     969       -0.010569
     970       -0.010147
     971       -0.009890
     972       -0.009879
     973       -0.009832
     974       -0.009833
     975       -0.009827
     976       -0.009827
     977       -0.009832
     978       -0.009830
     979       -0.009877
     980       -0.009887
     981       -0.010143
     982       -0.010563
     983       -0.009645
     984       -0.009526
     985       -0.010204
     986       -0.009538
     987       -0.009041
     988       -0.008789
     989       -0.008505
     990       -0.008278
     991       -0.008061
     992       -0.007877
     993       -0.007720
     994       -0.007574
     995       -0.007390
     996       -0.007051
     997       -0.006270
     998       -0.004652
     999       -0.002337
    1000       -0.000613
    1001       -0.000893
    1002       -0.003207
    1003       -0.006042
    1004       -0.007676
    1005       -0.008172
    1006       -0.008190
    1007       -0.008086
    1008       -0.007951
    1009       -0.007803
    1010       -0.007656
    1011       -0.007506
    1012       -0.007370
    1013       -0.007246
    1014       -0.007159
    1015       -0.007279
    1016       -0.007378
    1017       -0.006548
    1018       -0.006470
    1019       -0.007152
    1020       -0.006903
    1021       -0.006634
    1022       -0.006571
    1023       -0.006546
    1024       -0.006532
    1025       -0.006531
    1026       -0.006531
    1027       -0.006531
    1028       -0.006544
    1029       -0.006569
    1030       -0.006631
    1031       -0.006898
    1032       -0.007145
    1033       -0.006459
    1034       -0.006533
    1035       -0.007359
    1036       -0.007255
    1037       -0.007129
    1038       -0.007211
    1039       -0.007334
    1040       -0.007477
    1041       -0.007653
    1042       -0.007849
    1043       -0.008072
    1044       -0.008295
    1045       -0.008475
    1046       -0.008501
    1047       -0.008013
    1048       -0.006347
    1049       -0.003387
    1050       -0.000920
    1051       -0.001289
    1052       -0.004520
    1053       -0.008030
    1054       -0.009607
    1055       -0.009738
    1056       -0.009360
    1057       -0.008871
    1058       -0.008344
    1059       -0.007809
    1060       -0.007271
    1061       -0.006736
    1062       -0.006209
    1063       -0.005698
    1064       -0.005243
    1065       -0.004935
    1066       -0.004561
    1067       -0.003617
    1068       -0.003347
    1069       -0.003752
    1070       -0.003588
    1071       -0.003358
    1072       -0.003275
    1073       -0.003247
    1074       -0.003236
    1075       -0.003233
    1076       -0.003232
    1077       -0.003234
    1078       -0.003245
    1079       -0.003272
    1080       -0.003355
    1081       -0.003583
    1082       -0.003744
    1083       -0.003333
    1084       -0.003597
    1085       -0.004535
    1086       -0.004900
    1087       -0.005198
    1088       -0.005644
    1089       -0.006149
    1090       -0.006680
    1091       -0.007236
    1092       -0.007818
    1093       -0.008418
    1094       -0.009019
    1095       -0.009570
    1096       -0.009982
    1097       -0.009866
    1098       -0.008291
    1099       -0.004689
    1100       -0.001296
    1101       -0.001832
    1102       -0.006255
    1103       -0.010363
    1104       -0.011647
    1105       -0.011310
    1106       -0.010539
    1107       -0.009656
    1108       -0.008739
    1109       -0.007812
    1110       -0.006889
    1111       -0.005964
    1112       -0.005048
    1113       -0.004150
    1114       -0.003309
    1115       -0.002550
    1116       -0.001751
    1117       -0.000701
    1118       -0.000236
    1119       -0.000360
    1120       -0.000232
    1121       -0.000063
    1122        0.000022
    1123        0.000052
    1124        0.000062
    1125        0.000065
    1126        0.000066
    1127        0.000063
    1128        0.000054
    1129        0.000025
    1130       -0.000059
    1131       -0.000226
    1132       -0.000351
    1133       -0.000220
    1134       -0.000676
    1135       -0.001718
    1136       -0.002504
    1137       -0.003248
    1138       -0.004075
    1139       -0.004963
    1140       -0.005878
    1141       -0.006819
    1142       -0.007779
    1143       -0.008763
    1144       -0.009743
    1145       -0.010679
    1146       -0.011479
    1147       -0.011834
    1148       -0.010577
    1149       -0.006419
    1150       -0.001815
    1151       -0.002647
    1152       -0.008648
    1153       -0.013142
    1154       -0.013748
    1155       -0.012896
    1156       -0.011715
    1157       -0.010451
    1158       -0.009125
    1159       -0.007824
    1160       -0.006502
    1161       -0.005194
    1162       -0.003883
    1163       -0.002598
    1164       -0.001358
    1165       -0.000145
    1166        0.001072
    1167        0.002233
    1168        0.002892
    1169        0.003046
    1170        0.003145
    1171        0.003247
    1172        0.003323
    1173        0.003352
    1174        0.003360
    1175        0.003363
    1176        0.003364
    1177        0.003362
    1178        0.003355
    1179        0.003327
    1180        0.003252
    1181        0.003151
    1182        0.003056
    1183        0.002910
    1184        0.002262
    1185        0.001113
    1186       -0.000087
    1187       -0.001281
    1188       -0.002503
    1189       -0.003773
    1190       -0.005077
    1191       -0.006392
    1192       -0.007742
    1193       -0.009092
    1194       -0.010478
    1195       -0.011793
    1196       -0.013003
    1197       -0.013864
    1198       -0.013302
    1199       -0.008814
    1200       -0.002604
    1201       -0.003893
    1202       -0.012159
    1203       -0.016316
    1204       -0.015898
    1205       -0.014442
    1206       -0.012953
    1207       -0.011201
    1208       -0.009542
    1209       -0.007817
    1210       -0.006125
    1211       -0.004418
    1212       -0.002722
    1213       -0.001039
    1214        0.000602
    1215        0.002264
    1216        0.003929
    1217        0.005219
    1218        0.006070
    1219        0.006486
    1220        0.006525
    1221        0.006568
    1222        0.006630
    1223        0.006653
    1224        0.006658
    1225        0.006661
    1226        0.006662
    1227        0.006660
    1228        0.006656
    1229        0.006635
    1230        0.006573
    1231        0.006532
    1232        0.006496
    1233        0.006089
    1234        0.005250
    1235        0.003977
    1236        0.002334
    1237        0.000695
    1238       -0.000923
    1239       -0.002586
    1240       -0.004267
    1241       -0.005972
    1242       -0.007681
    1243       -0.009448
    1244       -0.011164
    1245       -0.012975
    1246       -0.014496
    1247       -0.015949
    1248       -0.016401
    1249       -0.012324
    1250       -0.003812
    1251       -0.006384
    1252       -0.017028
    1253       -0.020049
    1254       -0.017662
    1255       -0.016283
    1256       -0.014019
    1257       -0.012046
    1258       -0.009906
    1259       -0.007837
    1260       -0.005736
    1261       -0.003646
    1262       -0.001562
    1263        0.000528
    1264        0.002570
    1265        0.004657
    1266        0.006829
    1267        0.008297
    1268        0.009345
    1269        0.009967
    1270        0.009890
    1271        0.009895
    1272        0.009947
    1273        0.009949
    1274        0.009960
    1275        0.009958
    1276        0.009959
    1277        0.009962
    1278        0.009952
    1279        0.009952
    1280        0.009901
    1281        0.009898
    1282        0.009977
    1283        0.009363
    1284        0.008330
    1285        0.006882
    1286        0.004738
    1287        0.002679
    1288        0.000665
    1289       -0.001399
    1290       -0.003461
    1291       -0.005537
    1292       -0.007642
    1293       -0.009744
    1294       -0.011948
    1295       -0.013986
    1296       -0.016301
    1297       -0.017656
    1298       -0.020034
    1299       -0.017162
    1300       -0.006250
    1301       -0.009562
    1302       -0.025864
    1303       -0.021995
    1304       -0.020350
    1305       -0.017685
    1306       -0.015293
    1307       -0.012795
    1308       -0.010314
    1309       -0.007838
    1310       -0.005353
    1311       -0.002876
    1312       -0.000391
    1313        0.002074
    1314        0.004581
    1315        0.006998
    1316        0.009746
    1317        0.011548
    1318        0.012786
    1319        0.013468
    1320        0.013202
    1321        0.013266
    1322        0.013242
    1323        0.013257
    1324        0.013255
    1325        0.013257
    1326        0.013258
    1327        0.013257
    1328        0.013261
    1329        0.013247
    1330        0.013273
    1331        0.013211
    1332        0.013477
    1333        0.012802
    1334        0.011580
    1335        0.009805
    1336        0.007091
    1337        0.004705
    1338        0.002231
    1339       -0.000201
    1340       -0.002656
    1341       -0.005105
    1342       -0.007579
    1343       -0.010077
    1344       -0.012628
    1345       -0.015218
    1346       -0.017666
    1347       -0.020330
    1348       -0.021828
    1349       -0.025923
    1350       -0.009287
    1351       -0.028311
    1352       -0.030574
    1353       -0.025465
    1354       -0.022443
    1355       -0.019274
    1356       -0.016516
    1357       -0.013544
    1358       -0.010731
    1359       -0.007830
    1360       -0.004977
    1361       -0.002100
    1362        0.000769
    1363        0.003646
    1364        0.006527
    1365        0.009480
    1366        0.012376
    1367        0.015186
    1368        0.016617
    1369        0.016683
    1370        0.016655
    1371        0.016573
    1372        0.016561
    1373        0.016557
    1374        0.016553
    1375        0.016555
    1376        0.016556
    1377        0.016556
    1378        0.016561
    1379        0.016567
    1380        0.016581
    1381        0.016664
    1382        0.016693
    1383        0.016626
    1384        0.015214
    1385        0.012443
    1386        0.009584
    1387        0.006667
    1388        0.003824
    1389        0.000985
    1390       -0.001843
    1391       -0.004679
    1392       -0.007500
    1393       -0.010409
    1394       -0.013299
    1395       -0.016406
    1396       -0.019242
    1397       -0.022398
    1398       -0.025227
    1399       -0.030322
    1400       -0.027777
    1401       -0.043412
    1402       -0.031941
    1403       -0.027798
    1404       -0.023151
    1405       -0.020314
    1406       -0.016986
    1407       -0.014004
    1408       -0.010896
    1409       -0.007850
    1410       -0.004779
    1411       -0.001716
    1412        0.001347
    1413        0.004438
    1414        0.007503
    1415        0.010699
    1416        0.013767
    1417        0.016893
    1418        0.018426
    1419        0.018362
    1420        0.018360
    1421        0.018228
    1422        0.018229
    1423        0.018202
    1424        0.018205
    1425        0.018203
    1426        0.018203
    1427        0.018207
    1428        0.018205
    1429        0.018233
    1430        0.018233
    1431        0.018367
    1432        0.018370
    1433        0.018430
    1434        0.016911
    1435        0.013816
    1436        0.010776
    1437        0.007607
    1438        0.004571
    1439        0.001510
    1440       -0.001519
    1441       -0.004542
    1442       -0.007569
    1443       -0.010577
    1444       -0.013681
    1445       -0.016697
    1446       -0.020061
    1447       -0.022882
    1448       -0.027503
    1449       -0.031510
    1450       -0.042915
    1451        0.000029
    1452        0.000182
    1453        0.000412
    1454        0.000654
    1455        0.000857
    1456        0.001007
    1457        0.001097
    1458        0.001123
    1459        0.001085
    1460        0.000985
    1461        0.000829
    1462        0.000624
    1463        0.000385
    1464        0.000161
    1465        0.000019
    1466        0.000010
    1467        0.000173
    1468        0.000383
    1469        0.000581
    1470        0.000738
    1471        0.000847
    1472        0.000909
    1473        0.000928
    1474        0.000907
    1475        0.000842
    1476        0.000728
    1477        0.000566
    1478        0.000365
    1479        0.000153
    1480       -0.000011
    1481       -0.000098
    1482        0.000138
    1483        0.000360
    1484        0.000541
    1485        0.000667
    1486        0.000742
    1487        0.000780
    1488        0.000794
    1489        0.000787
    1490        0.000751
    1491        0.000670
    1492        0.000533
    1493        0.000339
    1494        0.000106
    1495       -0.000140
    1496       -0.000149
    1497        0.000148
    1498        0.000385
    1499        0.000549
    1500        0.000640
    1501        0.000679
    1502        0.000692
    1503        0.000701
    1504        0.000710
    1505        0.000702
    1506        0.000654
    1507        0.000543
    1508        0.000356
    1509        0.000094
    1510       -0.000224
    1511       -0.000106
    1512        0.000246
    1513        0.000481
    1514        0.000608
    1515        0.000651
    1516        0.000645
    1517        0.000631
    1518        0.000635
    1519        0.000660
    1520        0.000686
    1521        0.000680
    1522        0.000609
    1523        0.000446
    1524        0.000170
    1525       -0.000222
    1526        0.000097
    1527        0.000469
    1528        0.000664
    1529        0.000720
    1530        0.000689
    1531        0.000627
    1532        0.000580
    1533        0.000579
    1534        0.000625
    1535        0.000694
    1536        0.000747
    1537        0.000744
    1538        0.000640
    1539        0.000386
    1540       -0.000061
    1541        0.000527
    1542        0.000869
    1543        0.000949
    1544        0.000873
    1545        0.000733
    1546        0.000600
    1547        0.000521
    1548        0.000520
    1549        0.000594
    1550        0.000719
    1551        0.000858
    1552        0.000964
    1553        0.000977
    1554        0.000808
    1555        0.000336
    1556        0.001334
    1557        0.001459
    1558        0.001275
    1559        0.000981
    1560        0.000711
    1561        0.000518
    1562        0.000426
    1563        0.000440
    1564        0.000556
    1565        0.000754
    1566        0.000997
    1567        0.001246
    1568        0.001452
    1569        0.001490
    1570        0.001136
    1571        0.002439
    1572        0.002001
    1573        0.001272
    1574        0.000759
    1575        0.000447
    1576        0.000297
    1577        0.000268
    1578        0.000332
    1579        0.000500
    1580        0.000761
    1581        0.001060
    1582        0.001403
    1583        0.001814
    1584        0.002285
    1585        0.002364
    1586        0.003647
    1587        0.000993
    1588        0.000052
    1589       -0.000291
    1590       -0.000361
    1591       -0.000207
    1592        0.000048
    1593        0.000197
    1594        0.000408
    1595        0.000625
    1596        0.000746
    1597        0.000951
    1598        0.001324
    1599        0.002054
    1600        0.003836
    1601       -0.001100
    1602       -0.002826
    1603       -0.002531
    1604       -0.002297
    1605       -0.001960
    1606       -0.001331
    1607       -0.000073
    1608        0.000053
    1609        0.000242
    1610       -0.000059
    1611       -0.000504
    1612       -0.000635
    1613       -0.000535
    1614       -0.000408
    1615        0.001563
    1616       -0.000175
    1617       -0.000101
    1618       -0.000797
    1619       -0.000500
    1620       -0.000354
    1621       -0.001343
    1622       -0.000868
    1623       -0.000689
    1624       -0.001847
    1625       -0.001282
    1626       -0.001373
    1627       -0.002493
    1628       -0.002229
    1629       -0.002363
    1630       -0.003840
    1631       -0.001343
    1632       -0.001285
    1633       -0.002720
    1799        0.002298
    1800        0.002676
    1801        0.004426
    1802        0.004558
    1803        0.004700
    1804        0.004756
    1805        0.004775
    1806        0.004782
    1807        0.004778
    1808        0.004761
    1809        0.004705
    1810        0.004561
    1811        0.004423
    1812        0.002671
    1813        0.002290
    1814        0.000728
    1815        0.002716
    1816        0.003978
    1817        0.004476
    1818        0.004772
    1819        0.004940
    1820        0.005019
    1821        0.005043
    1822        0.005020
    1823        0.004943
    1824        0.004778
    1825        0.004483
    1826        0.003983
    1827        0.002731
    1828        0.000757
    1829        0.002191
    1830        0.002681
    1831        0.003565
    1832        0.004275
    1833        0.004730
    1834        0.005031
    1835        0.005197
    1836        0.005248
    1837        0.005193
    1838        0.005028
    1839        0.004733
    1840        0.004286
    1841        0.003583
    1842        0.002711
    1843        0.002238
    1844        0.001520
    1845        0.002412
    1846        0.003223
    1847        0.003974
    1848        0.004590
    1849        0.005033
    1850        0.005301
    1851        0.005386
    1852        0.005291
    1853        0.005023
    1854        0.004590
    1855        0.003990
    1856        0.003253
    1857        0.002456
    1858        0.001591
    1859        0.001166
    1860        0.001958
    1861        0.002791
    1862        0.003609
    1863        0.004350
    1864        0.004945
    1865        0.005328
    1866        0.005452
    1867        0.005309
    1868        0.004925
    1869        0.004346
    1870        0.003629
    1871        0.002830
    1872        0.002012
    1873        0.001250
    1874        0.000717
    1875        0.001464
    1876        0.002277
    1877        0.003143
    1878        0.004009
    1879        0.004765
    1880        0.005276
    1881        0.005447
    1882        0.005254
    1883        0.004748
    1884        0.004022
    1885        0.003181
    1886        0.002321
    1887        0.001517
    1888        0.000804
    1889        0.000345
    1890        0.000921
    1891        0.001647
    1892        0.002539
    1893        0.003532
    1894        0.004475
    1895        0.005147
    1896        0.005375
    1897        0.005122
    1898        0.004464
    1899        0.003563
    1900        0.002596
    1901        0.001706
    1902        0.000972
    1903        0.000425
    1904       -0.000079
    1905        0.000240
    1906        0.000818
    1907        0.001696
    1908        0.002837
    1909        0.004039
    1910        0.004939
    1911        0.005246
    1912        0.004907
    1913        0.004025
    1914        0.002874
    1915        0.001768
    1916        0.000887
    1917        0.000289
    1918       -0.000017
    1919       -0.000715
    1920       -0.000663
    1921       -0.000339
    1922        0.000468
    1923        0.001783
    1924        0.003386
    1925        0.004667
    1926        0.005076
    1927        0.004606
    1928        0.003325
    1929        0.001772
    1930        0.000504
    1931       -0.000285
    1932       -0.000607
    1933       -0.000663
    1934       -0.001330
    1935       -0.002187
    1936       -0.002041
    1937       -0.001307
    1938        0.000109
    1939        0.002313
    1940        0.004393
    1941        0.004886
    1942        0.004256
    1943        0.002114
    1944       -0.000053
    1945       -0.001378
    1946       -0.002040
    1947       -0.002147
    1948       -0.001308
    1949       -0.005895
    1950       -0.004336
    1951       -0.003963
    1952       -0.003495
    1953       -0.002505
    1954       -0.000110
    1955        0.004433
    1956        0.004693
    1957        0.004219
    1958       -0.000616
    1959       -0.002898
    1960       -0.003706
    1961       -0.004036
    1962       -0.004302
    1963       -0.005848
    1964        0.003811
    1965        0.004479
    1966        0.004168
    1967        0.003333
    1968        0.004245
    1969        0.003686
    1970        0.003299
    1971        0.003803
    1972        0.003490
    1973        0.002864
    1974        0.003323
    1975        0.002925
    1976        0.002755
    1977        0.001100
    1978        0.002756
    1979        0.000372
    1980       -0.002069
    1981        0.000350
    1982        0.002299
    1983        0.002677
    1984        0.004428
    1985        0.004559
    1986        0.004701
    1987        0.004757
    1988        0.004776
    1989        0.004782
    1990        0.004778
    1991        0.004761
    1992        0.004704
    1993        0.004559
    1994        0.004422
    1995        0.002670
    1996        0.002290
    1997        0.000728
    1998        0.002716
    1999        0.003978
    2000        0.004477
    2001        0.004772
    2002        0.004940
    2003        0.005019
    2004        0.005043
    2005        0.005020
    2006        0.004943
    2007        0.004777
    2008        0.004483
    2009        0.003983
    2010        0.002731
    2011        0.000757
    2012        0.002191
    2013        0.002681
    2014        0.003565
    2015        0.004275
    2016        0.004730
    2017        0.005031
    2018        0.005197
    2019        0.005248
    2020        0.005193
    2021        0.005028
    2022        0.004733
    2023        0.004286
    2024        0.003583
    2025        0.002711
    2026        0.002238
    2027        0.001522
    2028        0.002413
    2029        0.003223
    2030        0.003974
    2031        0.004588
    2032        0.005030
    2033        0.005300
    2034        0.005386
    2035        0.005290
    2036        0.005020
    2037        0.004585
    2038        0.003987
    2039        0.003252
    2040        0.002456
    2041        0.001590
    2042        0.001168
    2043        0.001960
    2044        0.002792
    2045        0.003607
    2046        0.004349
    2047        0.004946
    2048        0.005327
    2049        0.005452
    2050        0.005310
    2051        0.004928
    2052        0.004350
    2053        0.003629
    2054        0.002827
    2055        0.002010
    2056        0.001248
    2057        0.000720
    2058        0.001466
    2059        0.002279
    2060        0.003149
    2061        0.004013
    2062        0.004767
    2063        0.005277
    2064        0.005447
    2065        0.005254
    2066        0.004748
    2067        0.004023
    2068        0.003183
    2069        0.002324
    2070        0.001516
    2071        0.000800
    2072        0.000350
    2073        0.000925
    2074        0.001650
    2075        0.002543
    2076        0.003535
    2077        0.004477
    2078        0.005147
    2079        0.005375
    2080        0.005121
    2081        0.004463
    2082        0.003562
    2083        0.002595
    2084        0.001704
    2085        0.000969
    2086        0.000421
    2087       -0.000071
    2088        0.000250
    2089        0.000825
    2090        0.001700
    2091        0.002840
    2092        0.004041
    2093        0.004940
    2094        0.005246
    2095        0.004906
    2096        0.004023
    2097        0.002871
    2098        0.001765
    2099        0.000883
    2100        0.000288
    2101       -0.000021
    2102       -0.000710
    2103       -0.000657
    2104       -0.000331
    2105        0.000475
    2106        0.001789
    2107        0.003390
    2108        0.004669
    2109        0.005076
    2110        0.004604
    2111        0.003321
    2112        0.001771
    2113        0.000500
    2114       -0.000292
    2115       -0.000616
    2116       -0.000675
    2117       -0.001319
    2118       -0.002170
    2119       -0.002028
    2120       -0.001296
    2121        0.000118
    2122        0.002320
    2123        0.004396
    2124        0.004886
    2125        0.004253
    2126        0.002107
    2127       -0.000055
    2128       -0.001391
    2129       -0.002052
    2130       -0.002159
    2131       -0.001319
    2132       -0.005872
    2133       -0.004316
    2134       -0.003948
    2135       -0.003481
    2136       -0.002493
    2137       -0.000099
    2138        0.004436
    2139        0.004693
    2140        0.004216
    2141       -0.000627
    2142       -0.002906
    2143       -0.003725
    2144       -0.004052
    2145       -0.004320
    2146       -0.005873
    2147        0.003803
    2148        0.004478
    2149        0.004174
    2150        0.003324
    2151        0.004245
    2152        0.003693
    2153        0.003288
    2154        0.003803
    2155        0.003501
    2156        0.002851
    2157        0.003323
    2158        0.002938
    2159        0.002737
    2160        0.001100
    2161        0.002774
    2162        0.000352
    2163       -0.002069
    2164        0.000369
    2165       -0.000613
    2166       -0.000396
    2167        0.000051
    2168        0.000273
    2169        0.000432
    2170        0.000561
    2171        0.000654
    2172        0.000712
    2173        0.000729
    2174        0.000700
    2175        0.000622
    2176        0.000494
    2177        0.000321
    2178        0.000144
    2179        0.000014
    2180        0.000071
    2181        0.000050
    2182        0.000138
    2183        0.000307
    2184        0.000442
    2185        0.000533
    2186        0.000589
    2187        0.000620
    2188        0.000630
    2189        0.000612
    2190        0.000557
    2191        0.000455
    2192        0.000307
    2193        0.000133
    2194       -0.000017
    2195       -0.000126
    2196        0.000078
    2197        0.000245
    2198        0.000382
    2199        0.000484
    2200        0.000539
    2201        0.000563
    2202        0.000573
    2203        0.000579
    2204        0.000573
    2205        0.000536
    2206        0.000448
    2207        0.000300
    2208        0.000098
    2209       -0.000137
    2210       -0.000227
    2211        0.000086
    2212        0.000324
    2213        0.000477
    2214        0.000553
    2215        0.000573
    2216        0.000564
    2217        0.000555
    2218        0.000559
    2219        0.000567
    2220        0.000552
    2221        0.000483
    2222        0.000339
    2223        0.000109
    2224       -0.000194
    2225       -0.000250
    2226        0.000165
    2227        0.000446
    2228        0.000599
    2229        0.000646
    2230        0.000626
    2231        0.000582
    2232        0.000552
    2233        0.000556
    2234        0.000581
    2235        0.000597
    2236        0.000564
    2237        0.000446
    2238        0.000212
    2239       -0.000154
    2240       -0.000107
    2241        0.000369
    2242        0.000651
    2243        0.000768
    2244        0.000764
    2245        0.000691
    2246        0.000603
    2247        0.000549
    2248        0.000552
    2249        0.000601
    2250        0.000665
    2251        0.000695
    2252        0.000641
    2253        0.000445
    2254        0.000049
    2255        0.000276
    2256        0.000769
    2257        0.000984
    2258        0.001006
    2259        0.000906
    2260        0.000756
    2261        0.000617
    2262        0.000534
    2263        0.000531
    2264        0.000605
    2265        0.000728
    2266        0.000858
    2267        0.000936
    2268        0.000861
    2269        0.000491
    2270        0.001070
    2271        0.001440
    2272        0.001451
    2273        0.001277
    2274        0.001040
    2275        0.000803
    2276        0.000604
    2277        0.000487
    2278        0.000470
    2279        0.000555
    2280        0.000732
    2281        0.000983
    2282        0.001270
    2283        0.001464
    2284        0.001320
    2285        0.002309
    2286        0.002258
    2287        0.001799
    2288        0.001394
    2289        0.001062
    2290        0.000785
    2291        0.000549
    2292        0.000396
    2293        0.000341
    2294        0.000368
    2295        0.000500
    2296        0.000781
    2297        0.001259
    2298        0.001973
    2299        0.002429
    2300        0.003837
    2301        0.002076
    2302        0.001308
    2303        0.000907
    2304        0.000697
    2305        0.000602
    2306        0.000436
    2307        0.000260
    2308        0.000131
    2309       -0.000125
    2310       -0.000315
    2311       -0.000282
    2312        0.000021
    2313        0.000919
    2314        0.003609
    2315        0.001597
    2316       -0.000380
    2317       -0.000514
    2318       -0.000613
    2319       -0.000500
    2320       -0.000075
    2321        0.000255
    2322        0.000096
    2323       -0.000022
    2324       -0.001334
    2325       -0.002021
    2326       -0.002368
    2327       -0.002589
    2328       -0.002875
    2329       -0.001116
    2330       -0.000875
    2331       -0.000087
    2332       -0.000093
    2333       -0.001419
    2334       -0.000325
    2335       -0.000402
    2336       -0.001891
    2337       -0.000648
    2338       -0.000788
    2339       -0.002508
    2340       -0.001328
    2341       -0.001220
    2342       -0.003784
    2343       -0.002333
    2344       -0.002244
    2345       -0.002679
    2346       -0.001271
    2347       -0.001365
    2348       -0.000036
    2349       -0.000178
    2350       -0.000767
    2351       -0.001759
    2352       -0.002928
    2353       -0.004147
    2354       -0.005365
    2355       -0.006579
    2356       -0.007789
    2357       -0.009003
    2358       -0.010209
    2359       -0.011428
    2360       -0.012622
    2361       -0.013858
    2362       -0.015032
    2363       -0.016219
    2364       -0.017602
    2365       -0.018212
    2366       -0.018036
    2367       -0.018061
    2368       -0.018098
    2369       -0.018074
    2370       -0.018092
    2371       -0.018085
    2372       -0.018089
    2373       -0.018089
    2374       -0.018085
    2375       -0.018093
    2376       -0.018075
    2377       -0.018099
    2378       -0.018062
    2379       -0.018037
    2380       -0.018212
    2381       -0.017599
    2382       -0.016210
    2383       -0.015017
    2384       -0.013836
    2385       -0.012595
    2386       -0.011392
    2387       -0.010174
    2388       -0.008944
    2389       -0.007750
    2390       -0.006404
    2391       -0.005160
    2392       -0.002102
    2393        0.000461
    2394        0.001320
    2395        0.000369
    2396        0.000224
    2397       -0.000057
    2398       -0.000152
    2399       -0.000377
    2400       -0.000968
    2401       -0.001889
    2402       -0.002989
    2403       -0.004166
    2404       -0.005369
    2405       -0.006578
    2406       -0.007789
    2407       -0.009000
    2408       -0.010213
    2409       -0.011420
    2410       -0.012628
    2411       -0.013830
    2412       -0.014992
    2413       -0.016139
    2414       -0.017267
    2415       -0.017874
    2416       -0.017957
    2417       -0.018021
    2418       -0.018071
    2419       -0.018079
    2420       -0.018084
    2421       -0.018087
    2422       -0.018087
    2423       -0.018087
    2424       -0.018088
    2425       -0.018084
    2426       -0.018080
    2427       -0.018071
    2428       -0.018022
    2429       -0.017957
    2430       -0.017873
    2431       -0.017263
    2432       -0.016132
    2433       -0.014979
    2434       -0.013814
    2435       -0.012603
    2436       -0.011394
    2437       -0.010169
    2438       -0.008959
    2439       -0.007667
    2440       -0.006425
    2441       -0.004656
    2442       -0.002475
    2443       -0.000521
    2444        0.000325
    2445        0.000373
    2446        0.000034
    2447        0.000016
    2448       -0.000238
    2449       -0.000511
    2450       -0.001119
    2451       -0.001996
    2452       -0.003043
    2453       -0.004186
    2454       -0.005373
    2455       -0.006578
    2456       -0.007788
    2457       -0.009000
    2458       -0.010210
    2459       -0.011420
    2460       -0.012622
    2461       -0.013813
    2462       -0.014953
    2463       -0.016052
    2464       -0.017019
    2465       -0.017625
    2466       -0.017870
    2467       -0.017982
    2468       -0.018053
    2469       -0.018074
    2470       -0.018083
    2471       -0.018085
    2472       -0.018086
    2473       -0.018086
    2474       -0.018086
    2475       -0.018083
    2476       -0.018075
    2477       -0.018053
    2478       -0.017983
    2479       -0.017870
    2480       -0.017624
    2481       -0.017016
    2482       -0.016046
    2483       -0.014944
    2484       -0.013798
    2485       -0.012606
    2486       -0.011393
    2487       -0.010182
    2488       -0.008932
    2489       -0.007679
    2490       -0.006285
    2491       -0.004571
    2492       -0.002728
    2493       -0.001278
    2494       -0.000287
    2495        0.000069
    2496        0.000013
    2497       -0.000052
    2498       -0.000301
    2499       -0.000595
    2500       -0.001228
    2501       -0.002079
    2502       -0.003088
    2503       -0.004204
    2504       -0.005378
    2505       -0.006578
    2506       -0.007787
    2507       -0.008999
    2508       -0.010210
    2509       -0.011418
    2510       -0.012618
    2511       -0.013797
    2512       -0.014921
    2513       -0.015972
    2514       -0.016843
    2515       -0.017449
    2516       -0.017790
    2517       -0.017950
    2518       -0.018037
    2519       -0.018070
    2520       -0.018081
    2521       -0.018084
    2522       -0.018085
    2523       -0.018085
    2524       -0.018084
    2525       -0.018081
    2526       -0.018070
    2527       -0.018037
    2528       -0.017951
    2529       -0.017790
    2530       -0.017448
    2531       -0.016840
    2532       -0.015968
    2533       -0.014914
    2534       -0.013787
    2535       -0.012604
    2536       -0.011401
    2537       -0.010178
    2538       -0.008937
    2539       -0.007652
    2540       -0.006223
    2541       -0.004574
    2542       -0.003014
    2543       -0.001772
    2544       -0.000791
    2545       -0.000207
    2546       -0.000071
    2547       -0.000080
    2548       -0.000343
    2549       -0.000645
    2550       -0.001302
    2551       -0.002138
    2552       -0.003122
    2553       -0.004218
    2554       -0.005381
    2555       -0.006578
    2556       -0.007786
    2557       -0.008998
    2558       -0.010209
    2559       -0.011417
    2560       -0.012614
    2561       -0.013786
    2562       -0.014896
    2563       -0.015911
    2564       -0.016724
    2565       -0.017330
    2566       -0.017728
    2567       -0.017925
    2568       -0.018025
    2569       -0.018065
    2570       -0.018079
    2571       -0.018083
    2572       -0.018084
    2573       -0.018084
    2574       -0.018083
    2575       -0.018079
    2576       -0.018066
    2577       -0.018026
    2578       -0.017925
    2579       -0.017728
    2580       -0.017329
    2581       -0.016722
    2582       -0.015907
    2583       -0.014891
    2584       -0.013779
    2585       -0.012606
    2586       -0.011403
    2587       -0.010182
    2588       -0.008936
    2589       -0.007637
    2590       -0.006199
    2591       -0.004650
    2592       -0.003261
    2593       -0.002146
    2594       -0.001169
    2595       -0.000468
    2596       -0.000158
    2597       -0.000118
    2598       -0.000369
    2599       -0.000673
    2600       -0.001345
    2601       -0.002174
    2602       -0.003143
    2603       -0.004227
    2604       -0.005384
    2605       -0.006578
    2606       -0.007786
    2607       -0.008997
    2608       -0.010208
    2609       -0.011416
    2610       -0.012612
    2611       -0.013778
    2612       -0.014879
    2613       -0.015872
    2614       -0.016655
    2615       -0.017261
    2616       -0.017689
    2617       -0.017908
    2618       -0.018018
    2619       -0.018062
    2620       -0.018078
    2621       -0.018082
    2622       -0.018083
    2623       -0.018083
    2624       -0.018082
    2625       -0.018078
    2626       -0.018062
    2627       -0.018018
    2628       -0.017908
    2629       -0.017689
    2630       -0.017261
    2631       -0.016654
    2632       -0.015870
    2633       -0.014877
    2634       -0.013775
    2635       -0.012607
    2636       -0.011408
    2637       -0.010187
    2638       -0.008940
    2639       -0.007632
    2640       -0.006214
    2641       -0.004755
    2642       -0.003481
    2643       -0.002430
    2644       -0.001463
    2645       -0.000690
    2646       -0.000251
    2647       -0.000154
    2648       -0.000376
    2649       -0.000684
    2650       -0.001360
    2651       -0.002186
    2652       -0.003150
    2653       -0.004230
    2654       -0.005385
    2655       -0.006578
    2656       -0.007785
    2657       -0.008997
    2658       -0.010208
    2659       -0.011415
    2660       -0.012610
    2661       -0.013775
    2662       -0.014873
    2663       -0.015858
    2664       -0.016632
    2665       -0.017238
    2666       -0.017675
    2667       -0.017901
    2668       -0.018014
    2669       -0.018061
    2670       -0.018076
    2671       -0.018081
    2672       -0.018082
    2673       -0.018082
    2674       -0.018081
    2675       -0.018076
    2676       -0.018060
    2677       -0.018014
    2678       -0.017901
    2679       -0.017675
    2680       -0.017238
    2681       -0.016632
    2682       -0.015858
    2683       -0.014873
    2684       -0.013776
    2685       -0.012611
    2686       -0.011412
    2687       -0.010193
    2688       -0.008946
    2689       -0.007641
    2690       -0.006255
    2691       -0.004875
    2692       -0.003674
    2693       -0.002653
    2694       -0.001689
    2695       -0.000871
    2696       -0.000338
    2697       -0.000187
    2698       -0.000368
    2699       -0.000680
    2700       -0.001349
    2701       -0.002175
    2702       -0.003144
    2703       -0.004226
    2704       -0.005383
    2705       -0.006577
    2706       -0.007785
    2707       -0.008996
    2708       -0.010207
    2709       -0.011415
    2710       -0.012610
    2711       -0.013777
    2712       -0.014878
    2713       -0.015870
    2714       -0.016654
    2715       -0.017259
    2716       -0.017687
    2717       -0.017906
    2718       -0.018016
    2719       -0.018060
    2720       -0.018076
    2721       -0.018080
    2722       -0.018081
    2723       -0.018081
    2724       -0.018080
    2725       -0.018075
    2726       -0.018060
    2727       -0.018015
    2728       -0.017905
    2729       -0.017687
    2730       -0.017260
    2731       -0.016654
    2732       -0.015872
    2733       -0.014880
    2734       -0.013781
    2735       -0.012615
    2736       -0.011417
    2737       -0.010200
    2738       -0.008956
    2739       -0.007662
    2740       -0.006315
    2741       -0.004999
    2742       -0.003844
    2743       -0.002831
    2744       -0.001861
    2745       -0.001012
    2746       -0.000416
    2747       -0.000211
    2748       -0.000342
    2749       -0.000659
    2750       -0.001309
    2751       -0.002141
    2752       -0.003123
    2753       -0.004217
    2754       -0.005381
    2755       -0.006577
    2756       -0.007785
    2757       -0.008996
    2758       -0.010207
    2759       -0.011414
    2760       -0.012612
    2761       -0.013783
    2762       -0.014893
    2763       -0.015907
    2764       -0.016720
    2765       -0.017326
    2766       -0.017724
    2767       -0.017920
    2768       -0.018021
    2769       -0.018061
    2770       -0.018075
    2771       -0.018079
    2772       -0.018080
    2773       -0.018080
    2774       -0.018079
    2775       -0.018075
    2776       -0.018061
    2777       -0.018021
    2778       -0.017920
    2779       -0.017724
    2780       -0.017327
    2781       -0.016722
    2782       -0.015910
    2783       -0.014898
    2784       -0.013790
    2785       -0.012621
    2786       -0.011423
    2787       -0.010208
    2788       -0.008969
    2789       -0.007693
    2790       -0.006386
    2791       -0.005123
    2792       -0.003995
    2793       -0.002976
    2794       -0.001990
    2795       -0.001113
    2796       -0.000478
    2797       -0.000222
    2798       -0.000299
    2799       -0.000613
    2800       -0.001238
    2801       -0.002084
    2802       -0.003090
    2803       -0.004203
    2804       -0.005376
    2805       -0.006576
    2806       -0.007785
    2807       -0.008996
    2808       -0.010207
    2809       -0.011414
    2810       -0.012614
    2811       -0.013793
    2812       -0.014917
    2813       -0.015967
    2814       -0.016837
    2815       -0.017443
    2816       -0.017784
    2817       -0.017944
    2818       -0.018031
    2819       -0.018063
    2820       -0.018074
    2821       -0.018078
    2822       -0.018078
    2823       -0.018078
    2824       -0.018077
    2825       -0.018074
    2826       -0.018063
    2827       -0.018030
    2828       -0.017944
    2829       -0.017784
    2830       -0.017444
    2831       -0.016839
    2832       -0.015972
    2833       -0.014924
    2834       -0.013803
    2835       -0.012628
    2836       -0.011429
    2837       -0.010217
    2838       -0.008986
    2839       -0.007731
    2840       -0.006464
    2841       -0.005246
    2842       -0.004134
    2843       -0.003098
    2844       -0.002084
    2845       -0.001175
    2846       -0.000515
    2847       -0.000218
    2848       -0.000237
    2849       -0.000532
    2850       -0.001131
    2851       -0.002002
    2852       -0.003045
    2853       -0.004185
    2854       -0.005371
    2855       -0.006575
    2856       -0.007785
    2857       -0.008996
    2858       -0.010206
    2859       -0.011415
    2860       -0.012617
    2861       -0.013807
    2862       -0.014947
    2863       -0.016046
    2864       -0.017012
    2865       -0.017618
    2866       -0.017862
    2867       -0.017974
    2868       -0.018044
    2869       -0.018066
    2870       -0.018074
    2871       -0.018076
    2872       -0.018077
    2873       -0.018077
    2874       -0.018076
    2875       -0.018073
    2876       -0.018065
    2877       -0.018044
    2878       -0.017973
    2879       -0.017862
    2880       -0.017619
    2881       -0.017014
    2882       -0.016051
    2883       -0.014957
    2884       -0.013821
    2885       -0.012635
    2886       -0.011435
    2887       -0.010226
    2888       -0.009006
    2889       -0.007773
    2890       -0.006545
    2891       -0.005366
    2892       -0.004265
    2893       -0.003203
    2894       -0.002148
    2895       -0.001194
    2896       -0.000516
    2897       -0.000194
    2898       -0.000155
    2899       -0.000401
    2900       -0.000983
    2901       -0.001895
    2902       -0.002990
    2903       -0.004165
    2904       -0.005367
    2905       -0.006575
    2906       -0.007786
    2907       -0.008995
    2908       -0.010207
    2909       -0.011414
    2910       -0.012621
    2911       -0.013823
    2912       -0.014984
    2913       -0.016130
    2914       -0.017258
    2915       -0.017864
    2916       -0.017947
    2917       -0.018011
    2918       -0.018060
    2919       -0.018069
    2920       -0.018073
    2921       -0.018076
    2922       -0.018075
    2923       -0.018075
    2924       -0.018076
    2925       -0.018072
    2926       -0.018068
    2927       -0.018059
    2928       -0.018010
    2929       -0.017946
    2930       -0.017865
    2931       -0.017261
    2932       -0.016137
    2933       -0.014996
    2934       -0.013840
    2935       -0.012643
    2936       -0.011440
    2937       -0.010237
    2938       -0.009024
    2939       -0.007817
    2940       -0.006626
    2941       -0.005484
    2942       -0.004393
    2943       -0.003302
    2944       -0.002188
    2945       -0.001169
    2946       -0.000465
    2947       -0.000147
    2948       -0.000043
    2949       -0.000204
    2950       -0.000783
    2951       -0.001765
    2952       -0.002929
    2953       -0.004145
    2954       -0.005362
    2955       -0.006575
    2956       -0.007785
    2957       -0.008997
    2958       -0.010203
    2959       -0.011421
    2960       -0.012614
    2961       -0.013849
    2962       -0.015022
    2963       -0.016208
    2964       -0.017592
    2965       -0.018201
    2966       -0.018024
    2967       -0.018049
    2968       -0.018086
    2969       -0.018061
    2970       -0.018079
    2971       -0.018072
    2972       -0.018075
    2973       -0.018075
    2974       -0.018071
    2975       -0.018078
    2976       -0.018061
    2977       -0.018085
    2978       -0.018048
    2979       -0.018023
    2980       -0.018201
    2981       -0.017595
    2982       -0.016217
    2983       -0.015036
    2984       -0.013869
    2985       -0.012640
    2986       -0.011453
    2987       -0.010242
    2988       -0.009046
    2989       -0.007857
    2990       -0.006705
    2991       -0.005600
    2992       -0.004524
    2993       -0.003403
    2994       -0.002212
    2995       -0.001094
    2996       -0.000345
    2997       -0.000067
    2998        0.000105
    2999        0.000081
    3000       -0.000525
    3001       -0.001612
    3002       -0.002868
    3003       -0.004128
    3004       -0.005360
    3005       -0.006575
    3006       -0.007786
    3007       -0.008995
    3008       -0.010206
    3009       -0.011413
    3010       -0.012634
    3011       -0.013825
    3012       -0.015130
    3013       -0.016202
    3014       -0.018060
    3015       -0.018669
    3016       -0.018017
    3017       -0.018157
    3018       -0.018061
    3019       -0.018081
    3020       -0.018071
    3021       -0.018074
    3022       -0.018073
    3023       -0.018073
    3024       -0.018073
    3025       -0.018070
    3026       -0.018080
    3027       -0.018060
    3028       -0.018155
    3029       -0.018015
    3030       -0.018669
    3031       -0.018063
    3032       -0.016212
    3033       -0.015146
    3034       -0.013849
    3035       -0.012665
    3036       -0.011451
    3037       -0.010254
    3038       -0.009061
    3039       -0.007895
    3040       -0.006777
    3041       -0.005715
    3042       -0.004664
    3043       -0.003519
    3044       -0.002229
    3045       -0.000964
    3046       -0.000129
    3047        0.000057
    3048        0.000119
    3049        0.000151
    3050       -0.000416
    3051       -0.001545
    3052       -0.002846
    3053       -0.004126
    3054       -0.005363
    3055       -0.006578
    3056       -0.007787
    3057       -0.008995
    3058       -0.010204
    3059       -0.011414
    3060       -0.012624
    3061       -0.013848
    3062       -0.015065
    3063       -0.016425
    3064       -0.018122
    3065       -0.018729
    3066       -0.018240
    3067       -0.018090
    3068       -0.018084
    3069       -0.018071
    3070       -0.018071
    3071       -0.018071
    3072       -0.018072
    3073       -0.018071
    3074       -0.018071
    3075       -0.018071
    3076       -0.018070
    3077       -0.018083
    3078       -0.018089
    3079       -0.018238
    3080       -0.018728
    3081       -0.018126
    3082       -0.016435
    3083       -0.015083
    3084       -0.013875
    3085       -0.012658
    3086       -0.011456
    3087       -0.010256
    3088       -0.009069
    3089       -0.007916
    3090       -0.006831
    3091       -0.005826
    3092       -0.004840
    3093       -0.003721
    3094       -0.002374
    3095       -0.000999
    3096       -0.000111
    3097        0.000066
    3098       -0.000042
    3099        0.000027
    3100       -0.000046
    3101        0.000030
    3102        0.000123
    3103        0.000191
    3104        0.000463
    3105        0.000513
    3106        0.000853
    3107        0.000877
    3108        0.001238
    3109        0.001246
    3110        0.001610
    3111        0.001611
    3112        0.001975
    3113        0.001975
    3114        0.002338
    3115        0.002337
    3116        0.002701
    3117        0.002701
    3118        0.003063
    3119        0.003062
    3120        0.003429
    3121        0.003431
    3122        0.003788
    3123        0.003780
    3124        0.004163
    3125        0.004164
    3126        0.004515
    3127        0.004514
    3128        0.004949
    3129        0.004751
    3130        0.005424
    3131        0.005923
    3132        0.005606
    3133        0.006105
    3134        0.005494
    3135        0.005296
    3136        0.005423
    3137        0.005423
    3138        0.005435
    3139        0.005436
    3140        0.005424
    3141        0.005416
    3142        0.005428
    3143        0.005430
    3144        0.005426
    3145        0.005425
    3146        0.005427
    3147        0.005427
    3148        0.005427
    3149        0.005427
    3150        0.005426
    3151        0.005425
    3152        0.005428
    3153        0.005430
    3154        0.005424
    3155        0.005416
    3156        0.005436
    3157        0.005437
    3158        0.005424
    3159        0.005423
    3160        0.005495
    3161        0.005296
    3162        0.005606
    3163        0.006105
    3164        0.005423
    3165        0.005922
    3166        0.004946
    3167        0.004748
    3168        0.004509
    3169        0.004509
    3170        0.004154
    3171        0.004156
    3172        0.003777
    3173        0.003771
    3174        0.003413
    3175        0.003417
    3176        0.003050
    3177        0.003050
    3178        0.002677
    3179        0.002682
    3180        0.002332
    3181        0.002337
    3182        0.001905
    3183        0.001965
    3184        0.001618
    3185        0.001661
    3186        0.000642
    3187        0.001127
    3188       -0.000626
    3189       -0.000547
    3190       -0.000924
    3191       -0.000412
    3192       -0.000102
    3193       -0.000134
    3194       -0.000110
    3195       -0.000063
    3196        0.000009
    3197        0.000005


                                                      SUMMARY INFORMATION
                                                  _________________________

                                                         Min/Max Values
    -Source ID--Entity ID---Sub ID----X Component--
Min:     1        601          0        -0.043647
Max:     1        719          0         0.018643

