




                       MSC.Patran 25.0.638960 Wed Mar 13 09:21:55 PDT 2019 - Analysis Code: MSC.Nastran 
                                             Load Case: Default, A1:Static Subcase 
                                         Result Strain Tensor,  - Layer (NON-LAYERED) 
                                                     Entity: Element Tensor


-Entity ID--X Component--
       1        0.000121
       2        0.000154
       3       -0.000418
       4       -0.001553
       5       -0.002857
       6       -0.004139
       7       -0.005378
       8       -0.006594
       9       -0.007805
      10       -0.009013
      11       -0.010219
      12       -0.011416
      13       -0.012612
      14       -0.013781
      15       -0.015044
      16       -0.005623
      17       -0.017845
      18       -0.022833
      19       -0.021833
      20       -0.021765
      21       -0.018077
      22       -0.018127
      23       -0.018089
      24       -0.018086
      25       -0.018077
      26       -0.018078
      27       -0.018077
      28       -0.018078
      29       -0.018078
      30       -0.018093
      31       -0.018100
      32       -0.018250
      33       -0.018739
      34       -0.018133
      35       -0.016436
      36       -0.015076
      37       -0.013859
      38       -0.012634
      39       -0.011424
      40       -0.010213
      41       -0.009004
      42       -0.007795
      43       -0.006585
      44       -0.005369
      45       -0.004132
      46       -0.002851
      47       -0.001546
      48       -0.000410
      49        0.000163
      50        0.000126
      51        0.000036
      52       -0.000232
      53       -0.001157
      54       -0.002387
      55       -0.003596
      56       -0.004706
      57       -0.005755
      58       -0.006785
      59       -0.007794
      60       -0.008824
      61       -0.009796
      62       -0.010870
      63       -0.011667
      64       -0.013035
      65       -0.012408
      66       -0.007210
      67       -0.016618
      68       -0.019832
      69       -0.019022
      70       -0.020107
      71       -0.017132
      72       -0.016447
      73       -0.016501
      74       -0.016433
      75       -0.016437
      76       -0.016426
      77       -0.016429
      78       -0.016430
      79       -0.016437
      80       -0.016474
      81       -0.016484
      82       -0.016844
      83       -0.016817
      84       -0.016321
      85       -0.015318
      86       -0.013946
      87       -0.012918
      88       -0.011866
      89       -0.010844
      90       -0.009826
      91       -0.008809
      92       -0.007793
      93       -0.006776
      94       -0.005751
      95       -0.004701
      96       -0.003592
      97       -0.002383
      98       -0.001153
      99       -0.000224
     100        0.000040
     101       -0.000266
     102       -0.001182
     103       -0.002706
     104       -0.004095
     105       -0.005097
     106       -0.005855
     107       -0.006524
     108       -0.007162
     109       -0.007794
     110       -0.008413
     111       -0.009029
     112       -0.009626
     113       -0.010128
     114       -0.010728
     115       -0.009200
     116       -0.009232
     117       -0.012092
     118       -0.015235
     119       -0.015715
     120       -0.015282
     121       -0.014359
     122       -0.013387
     123       -0.013186
     124       -0.013175
     125       -0.013126
     126       -0.013133
     127       -0.013125
     128       -0.013135
     129       -0.013145
     130       -0.013215
     131       -0.013228
     132       -0.013992
     133       -0.012972
     134       -0.012670
     135       -0.013050
     136       -0.011660
     137       -0.011018
     138       -0.010322
     139       -0.009682
     140       -0.009048
     141       -0.008419
     142       -0.007791
     143       -0.007161
     144       -0.006521
     145       -0.005854
     146       -0.005097
     147       -0.004096
     148       -0.002709
     149       -0.001180
     150       -0.000260
     151       -0.000557
     152       -0.002140
     153       -0.004305
     154       -0.005844
     155       -0.006616
     156       -0.007010
     157       -0.007293
     158       -0.007544
     159       -0.007787
     160       -0.008013
     161       -0.008250
     162       -0.008398
     163       -0.008625
     164       -0.008234
     165       -0.007672
     166       -0.007947
     167       -0.009258
     168       -0.010913
     169       -0.011951
     170       -0.011486
     171       -0.010902
     172       -0.010327
     173       -0.009904
     174       -0.009881
     175       -0.009834
     176       -0.009827
     177       -0.009830
     178       -0.009827
     179       -0.009874
     180       -0.009885
     181       -0.010141
     182       -0.010563
     183       -0.009647
     184       -0.009530
     185       -0.010207
     186       -0.009542
     187       -0.009047
     188       -0.008796
     189       -0.008510
     190       -0.008273
     191       -0.008028
     192       -0.007790
     193       -0.007547
     194       -0.007295
     195       -0.007013
     196       -0.006619
     197       -0.005851
     198       -0.004314
     199       -0.002143
     200       -0.000549
     201       -0.000875
     202       -0.003212
     203       -0.006050
     204       -0.007669
     205       -0.008155
     206       -0.008169
     207       -0.008064
     208       -0.007929
     209       -0.007775
     210       -0.007628
     211       -0.007439
     212       -0.007265
     213       -0.006922
     214       -0.006307
     215       -0.005800
     216       -0.006189
     217       -0.006302
     218       -0.007160
     219       -0.008200
     220       -0.007814
     221       -0.007457
     222       -0.007051
     223       -0.006675
     224       -0.006567
     225       -0.006541
     226       -0.006526
     227       -0.006525
     228       -0.006537
     229       -0.006561
     230       -0.006623
     231       -0.006891
     232       -0.007139
     233       -0.006458
     234       -0.006535
     235       -0.007364
     236       -0.007264
     237       -0.007143
     238       -0.007230
     239       -0.007355
     240       -0.007490
     241       -0.007640
     242       -0.007787
     243       -0.007935
     244       -0.008070
     245       -0.008175
     246       -0.008161
     247       -0.007679
     248       -0.006066
     249       -0.003220
     250       -0.000866
     251       -0.001266
     252       -0.004530
     253       -0.008039
     254       -0.009593
     255       -0.009711
     256       -0.009330
     257       -0.008840
     258       -0.008309
     259       -0.007774
     260       -0.007224
     261       -0.006668
     262       -0.006073
     263       -0.005335
     264       -0.004445
     265       -0.003887
     266       -0.003934
     267       -0.003444
     268       -0.003686
     269       -0.004489
     270       -0.004218
     271       -0.003986
     272       -0.003713
     273       -0.003401
     274       -0.003271
     275       -0.003237
     276       -0.003226
     277       -0.003224
     278       -0.003234
     279       -0.003260
     280       -0.003342
     281       -0.003570
     282       -0.003733
     283       -0.003328
     284       -0.003597
     285       -0.004540
     286       -0.004913
     287       -0.005221
     288       -0.005676
     289       -0.006186
     290       -0.006714
     291       -0.007249
     292       -0.007787
     293       -0.008322
     294       -0.008849
     295       -0.009339
     296       -0.009721
     297       -0.009607
     298       -0.008061
     299       -0.004545
     300       -0.001256
     301       -0.001804
     302       -0.006271
     303       -0.010369
     304       -0.011624
     305       -0.011274
     306       -0.010499
     307       -0.009614
     308       -0.008695
     309       -0.007764
     310       -0.006833
     311       -0.005885
     312       -0.004898
     313       -0.003786
     314       -0.002647
     315       -0.001845
     316       -0.001448
     317       -0.000587
     318       -0.000380
     319       -0.000823
     320       -0.000648
     321       -0.000510
     322       -0.000333
     323       -0.000096
     324        0.000029
     325        0.000066
     326        0.000076
     327        0.000077
     328        0.000070
     329        0.000042
     330       -0.000042
     331       -0.000208
     332       -0.000334
     333       -0.000210
     334       -0.000674
     335       -0.001723
     336       -0.002521
     337       -0.003279
     338       -0.004120
     339       -0.005018
     340       -0.005934
     341       -0.006860
     342       -0.007783
     343       -0.008711
     344       -0.009628
     345       -0.010512
     346       -0.011286
     347       -0.011640
     348       -0.010397
     349       -0.006294
     350       -0.001792
     351       -0.002613
     352       -0.008673
     353       -0.013141
     354       -0.013712
     355       -0.012851
     356       -0.011666
     357       -0.010399
     358       -0.009070
     359       -0.007765
     360       -0.006435
     361       -0.005108
     362       -0.003730
     363       -0.002277
     364       -0.000858
     365        0.000288
     366        0.001183
     367        0.002296
     368        0.002866
     369        0.002807
     370        0.002915
     371        0.002966
     372        0.003070
     373        0.003233
     374        0.003334
     375        0.003370
     376        0.003378
     377        0.003379
     378        0.003374
     379        0.003348
     380        0.003274
     381        0.003175
     382        0.003078
     383        0.002925
     384        0.002268
     385        0.001109
     386       -0.000108
     387       -0.001321
     388       -0.002562
     389       -0.003847
     390       -0.005158
     391       -0.006466
     392       -0.007788
     393       -0.009090
     394       -0.010417
     395       -0.011682
     396       -0.012866
     397       -0.013729
     398       -0.013172
     399       -0.008708
     400       -0.002600
     401       -0.003850
     402       -0.012192
     403       -0.016299
     404       -0.015849
     405       -0.014387
     406       -0.012894
     407       -0.011137
     408       -0.009476
     409       -0.007746
     410       -0.006049
     411       -0.004326
     412       -0.002579
     413       -0.000785
     414        0.000931
     415        0.002478
     416        0.003909
     417        0.005239
     418        0.006121
     419        0.006431
     420        0.006464
     421        0.006442
     422        0.006486
     423        0.006578
     424        0.006645
     425        0.006674
     426        0.006681
     427        0.006681
     428        0.006679
     429        0.006660
     430        0.006600
     431        0.006561
     432        0.006525
     433        0.006110
     434        0.005260
     435        0.003973
     436        0.002308
     437        0.000646
     438       -0.000995
     439       -0.002678
     440       -0.004375
     441       -0.006082
     442       -0.007774
     443       -0.009500
     444       -0.011159
     445       -0.012914
     446       -0.014405
     447       -0.015865
     448       -0.016329
     449       -0.012239
     450       -0.003834
     451       -0.006328
     452       -0.017061
     453       -0.020006
     454       -0.017598
     455       -0.016221
     456       -0.013949
     457       -0.011973
     458       -0.009829
     459       -0.007755
     460       -0.005650
     461       -0.003549
     462       -0.001436
     463        0.000701
     464        0.002733
     465        0.004681
     466        0.006703
     467        0.008279
     468        0.009455
     469        0.010073
     470        0.009992
     471        0.009920
     472        0.009913
     473        0.009925
     474        0.009964
     475        0.009977
     476        0.009982
     477        0.009987
     478        0.009979
     479        0.009981
     480        0.009933
     481        0.009932
     482        0.010013
     483        0.009391
     484        0.008345
     485        0.006880
     486        0.004709
     487        0.002621
     488        0.000579
     489       -0.001511
     490       -0.003595
     491       -0.005686
     492       -0.007787
     493       -0.009857
     494       -0.012000
     495       -0.013971
     496       -0.016244
     497       -0.017614
     498       -0.020030
     499       -0.017119
     500       -0.006308
     501       -0.009464
     502       -0.025886
     503       -0.021906
     504       -0.020284
     505       -0.017610
     506       -0.015213
     507       -0.012712
     508       -0.010225
     509       -0.007745
     510       -0.005256
     511       -0.002776
     512       -0.000286
     513        0.002164
     514        0.004584
     515        0.006840
     516        0.009510
     517        0.011492
     518        0.012955
     519        0.013729
     520        0.013468
     521        0.013441
     522        0.013315
     523        0.013286
     524        0.013278
     525        0.013282
     526        0.013285
     527        0.013286
     528        0.013292
     529        0.013281
     530        0.013309
     531        0.013249
     532        0.013521
     533        0.012840
     534        0.011605
     535        0.009805
     536        0.007056
     537        0.004639
     538        0.002132
     539       -0.000332
     540       -0.002819
     541       -0.005295
     542       -0.007782
     543       -0.010258
     544       -0.012742
     545       -0.015240
     546       -0.017633
     547       -0.020307
     548       -0.021907
     549       -0.025954
     550       -0.009423
     551       -0.028140
     552       -0.030502
     553       -0.025360
     554       -0.022368
     555       -0.019187
     556       -0.016428
     557       -0.013449
     558       -0.010632
     559       -0.007725
     560       -0.004869
     561       -0.001994
     562        0.000856
     563        0.003660
     564        0.006379
     565        0.009133
     566        0.011994
     567        0.015090
     568        0.016865
     569        0.017103
     570        0.017100
     571        0.016900
     572        0.016734
     573        0.016634
     574        0.016593
     575        0.016586
     576        0.016586
     577        0.016588
     578        0.016597
     579        0.016605
     580        0.016622
     581        0.016708
     582        0.016741
     583        0.016680
     584        0.015251
     585        0.012442
     586        0.009546
     587        0.006593
     588        0.003712
     589        0.000835
     590       -0.002035
     591       -0.004913
     592       -0.007766
     593       -0.010670
     594       -0.013483
     595       -0.016459
     596       -0.019212
     597       -0.022393
     598       -0.025360
     599       -0.030522
     600       -0.028083
     601       -0.043239
     602       -0.031802
     603       -0.027710
     604       -0.023066
     605       -0.020229
     606       -0.016898
     607       -0.013912
     608       -0.010800
     609       -0.007752
     610       -0.004678
     611       -0.001621
     612        0.001414
     613        0.004419
     614        0.007322
     615        0.010346
     616        0.013408
     617        0.016810
     618        0.018675
     619        0.018789
     620        0.018817
     621        0.018578
     622        0.018434
     623        0.018306
     624        0.018265
     625        0.018249
     626        0.018248
     627        0.018253
     628        0.018252
     629        0.018283
     630        0.018286
     631        0.018422
     632        0.018427
     633        0.018496
     634        0.016963
     635        0.013837
     636        0.010769
     637        0.007573
     638        0.004508
     639        0.001417
     640       -0.001646
     641       -0.004710
     642       -0.007782
     643       -0.010829
     644       -0.013938
     645       -0.016921
     646       -0.020250
     647       -0.023081
     648       -0.027720
     649       -0.031779
     650       -0.043203
     651       -0.042929
     652       -0.032215
     653       -0.027535
     654       -0.023173
     655       -0.020210
     656       -0.016933
     657       -0.013929
     658       -0.010829
     659       -0.007778
     660       -0.004707
     661       -0.001643
     662        0.001422
     663        0.004510
     664        0.007586
     665        0.010759
     666        0.013875
     667        0.016934
     668        0.018470
     669        0.018477
     670        0.018429
     671        0.018324
     672        0.018316
     673        0.018296
     674        0.018300
     675        0.018301
     676        0.018305
     677        0.018314
     678        0.018318
     679        0.018343
     680        0.018345
     681        0.018443
     682        0.018484
     683        0.018475
     684        0.016941
     685        0.013874
     686        0.010734
     687        0.007535
     688        0.004451
     689        0.001369
     690       -0.001686
     691       -0.004743
     692       -0.007809
     693       -0.010856
     694       -0.013953
     695       -0.016955
     696       -0.020228
     697       -0.023187
     698       -0.027545
     699       -0.032193
     700       -0.042894
     701       -0.040421
     702       -0.035367
     703       -0.026082
     704       -0.023902
     705       -0.019927
     706       -0.017056
     707       -0.013882
     708       -0.010851
     709       -0.007771
     710       -0.004712
     711       -0.001645
     712        0.001428
     713        0.004487
     714        0.007643
     715        0.010628
     716        0.014119
     717        0.016645
     718        0.018177
     719        0.018717
     720        0.018289
     721        0.018370
     722        0.018277
     723        0.018284
     724        0.018274
     725        0.018276
     726        0.018279
     727        0.018288
     728        0.018325
     729        0.018366
     730        0.018522
     731        0.018479
     732        0.018893
     733        0.018256
     734        0.016574
     735        0.013929
     736        0.010416
     737        0.007495
     738        0.004410
     739        0.001397
     740       -0.001656
     741       -0.004715
     742       -0.007772
     743       -0.010851
     744       -0.013881
     745       -0.017056
     746       -0.019927
     747       -0.023902
     748       -0.026081
     749       -0.035367
     750       -0.040421
     751       -0.042886
     752       -0.032185
     753       -0.027534
     754       -0.023174
     755       -0.020213
     756       -0.016936
     757       -0.013931
     758       -0.010831
     759       -0.007781
     760       -0.004710
     761       -0.001646
     762        0.001419
     763        0.004505
     764        0.007581
     765        0.010753
     766        0.013868
     767        0.016927
     768        0.018459
     769        0.018459
     770        0.018406
     771        0.018294
     772        0.018281
     773        0.018255
     774        0.018254
     775        0.018249
     776        0.018251
     777        0.018266
     778        0.018308
     779        0.018429
     780        0.018578
     781        0.018788
     782        0.018810
     783        0.018632
     784        0.016779
     785        0.013456
     786        0.010343
     787        0.007336
     788        0.004417
     789        0.001413
     790       -0.001623
     791       -0.004681
     792       -0.007752
     793       -0.010805
     794       -0.013907
     795       -0.016915
     796       -0.020194
     797       -0.023160
     798       -0.027525
     799       -0.032207
     800       -0.042920
     801        0.000122
     802        0.000156
     803       -0.000415
     804       -0.001549
     805       -0.002852
     806       -0.004133
     807       -0.005370
     808       -0.006586
     809       -0.007796
     810       -0.009005
     811       -0.010215
     812       -0.011425
     813       -0.012636
     814       -0.013861
     815       -0.015078
     816       -0.016438
     817       -0.018137
     818       -0.018744
     819       -0.018257
     820       -0.018109
     821       -0.018104
     822       -0.018091
     823       -0.018093
     824       -0.018093
     825       -0.018095
     826       -0.018098
     827       -0.018108
     828       -0.018133
     829       -0.018180
     830       -0.018254
     831       -0.018302
     832       -0.018432
     833       -0.018827
     834       -0.018061
     835       -0.016229
     836       -0.014849
     837       -0.013695
     838       -0.012546
     839       -0.011385
     840       -0.010196
     841       -0.008994
     842       -0.007787
     843       -0.006578
     844       -0.005363
     845       -0.004126
     846       -0.002846
     847       -0.001542
     848       -0.000407
     849        0.000165
     850        0.000126
     851        0.000035
     852       -0.000230
     853       -0.001155
     854       -0.002384
     855       -0.003592
     856       -0.004701
     857       -0.005751
     858       -0.006776
     859       -0.007794
     860       -0.008810
     861       -0.009826
     862       -0.010845
     863       -0.011867
     864       -0.012919
     865       -0.013948
     866       -0.015320
     867       -0.016324
     868       -0.016821
     869       -0.016849
     870       -0.016490
     871       -0.016481
     872       -0.016446
     873       -0.016442
     874       -0.016440
     875       -0.016441
     876       -0.016445
     877       -0.016456
     878       -0.016481
     879       -0.016522
     880       -0.016601
     881       -0.016635
     882       -0.016978
     883       -0.016873
     884       -0.016266
     885       -0.015175
     886       -0.013779
     887       -0.012787
     888       -0.011788
     889       -0.010805
     890       -0.009807
     891       -0.008799
     892       -0.007787
     893       -0.006770
     894       -0.005746
     895       -0.004697
     896       -0.003589
     897       -0.002380
     898       -0.001151
     899       -0.000223
     900        0.000041
     901       -0.000266
     902       -0.001182
     903       -0.002705
     904       -0.004094
     905       -0.005096
     906       -0.005854
     907       -0.006521
     908       -0.007161
     909       -0.007791
     910       -0.008420
     911       -0.009048
     912       -0.009682
     913       -0.010322
     914       -0.011019
     915       -0.011660
     916       -0.013051
     917       -0.012671
     918       -0.012973
     919       -0.013993
     920       -0.013230
     921       -0.013218
     922       -0.013150
     923       -0.013137
     924       -0.013132
     925       -0.013133
     926       -0.013139
     927       -0.013151
     928       -0.013179
     929       -0.013220
     930       -0.013322
     931       -0.013348
     932       -0.014094
     933       -0.013002
     934       -0.012620
     935       -0.012949
     936       -0.011532
     937       -0.010909
     938       -0.010248
     939       -0.009641
     940       -0.009029
     941       -0.008411
     942       -0.007788
     943       -0.007159
     944       -0.006520
     945       -0.005853
     946       -0.005096
     947       -0.004096
     948       -0.002708
     949       -0.001179
     950       -0.000260
     951       -0.000556
     952       -0.002140
     953       -0.004306
     954       -0.005846
     955       -0.006618
     956       -0.007012
     957       -0.007295
     958       -0.007547
     959       -0.007790
     960       -0.008028
     961       -0.008273
     962       -0.008510
     963       -0.008796
     964       -0.009047
     965       -0.009541
     966       -0.010206
     967       -0.009528
     968       -0.009646
     969       -0.010561
     970       -0.010139
     971       -0.009883
     972       -0.009872
     973       -0.009825
     974       -0.009827
     975       -0.009824
     976       -0.009830
     977       -0.009847
     978       -0.009865
     979       -0.009937
     980       -0.009972
     981       -0.010237
     982       -0.010637
     983       -0.009662
     984       -0.009487
     985       -0.010130
     986       -0.009445
     987       -0.008956
     988       -0.008730
     989       -0.008471
     990       -0.008256
     991       -0.008022
     992       -0.007790
     993       -0.007549
     994       -0.007297
     995       -0.007014
     996       -0.006621
     997       -0.005852
     998       -0.004315
     999       -0.002143
    1000       -0.000549
    1001       -0.000875
    1002       -0.003213
    1003       -0.006052
    1004       -0.007672
    1005       -0.008159
    1006       -0.008174
    1007       -0.008069
    1008       -0.007934
    1009       -0.007786
    1010       -0.007640
    1011       -0.007489
    1012       -0.007354
    1013       -0.007229
    1014       -0.007142
    1015       -0.007262
    1016       -0.007362
    1017       -0.006532
    1018       -0.006454
    1019       -0.007135
    1020       -0.006885
    1021       -0.006616
    1022       -0.006553
    1023       -0.006528
    1024       -0.006514
    1025       -0.006516
    1026       -0.006522
    1027       -0.006535
    1028       -0.006566
    1029       -0.006613
    1030       -0.006694
    1031       -0.006966
    1032       -0.007193
    1033       -0.006463
    1034       -0.006499
    1035       -0.007304
    1036       -0.007189
    1037       -0.007069
    1038       -0.007173
    1039       -0.007320
    1040       -0.007476
    1041       -0.007638
    1042       -0.007791
    1043       -0.007940
    1044       -0.008076
    1045       -0.008180
    1046       -0.008166
    1047       -0.007683
    1048       -0.006068
    1049       -0.003221
    1050       -0.000867
    1051       -0.001267
    1052       -0.004532
    1053       -0.008043
    1054       -0.009598
    1055       -0.009718
    1056       -0.009338
    1057       -0.008848
    1058       -0.008320
    1059       -0.007785
    1060       -0.007247
    1061       -0.006712
    1062       -0.006185
    1063       -0.005674
    1064       -0.005219
    1065       -0.004910
    1066       -0.004536
    1067       -0.003592
    1068       -0.003322
    1069       -0.003725
    1070       -0.003561
    1071       -0.003330
    1072       -0.003246
    1073       -0.003218
    1074       -0.003207
    1075       -0.003206
    1076       -0.003212
    1077       -0.003226
    1078       -0.003254
    1079       -0.003300
    1080       -0.003398
    1081       -0.003628
    1082       -0.003771
    1083       -0.003327
    1084       -0.003565
    1085       -0.004490
    1086       -0.004853
    1087       -0.005160
    1088       -0.005628
    1089       -0.006159
    1090       -0.006704
    1091       -0.007251
    1092       -0.007794
    1093       -0.008331
    1094       -0.008858
    1095       -0.009347
    1096       -0.009728
    1097       -0.009612
    1098       -0.008065
    1099       -0.004547
    1100       -0.001257
    1101       -0.001805
    1102       -0.006274
    1103       -0.010374
    1104       -0.011631
    1105       -0.011283
    1106       -0.010510
    1107       -0.009626
    1108       -0.008709
    1109       -0.007782
    1110       -0.006858
    1111       -0.005932
    1112       -0.005016
    1113       -0.004117
    1114       -0.003276
    1115       -0.002517
    1116       -0.001718
    1117       -0.000667
    1118       -0.000202
    1119       -0.000324
    1120       -0.000194
    1121       -0.000025
    1122        0.000062
    1123        0.000092
    1124        0.000102
    1125        0.000104
    1126        0.000098
    1127        0.000085
    1128        0.000061
    1129        0.000014
    1130       -0.000084
    1131       -0.000253
    1132       -0.000362
    1133       -0.000206
    1134       -0.000644
    1135       -0.001680
    1136       -0.002470
    1137       -0.003229
    1138       -0.004082
    1139       -0.004999
    1140       -0.005931
    1141       -0.006867
    1142       -0.007795
    1143       -0.008724
    1144       -0.009640
    1145       -0.010523
    1146       -0.011295
    1147       -0.011647
    1148       -0.010402
    1149       -0.006297
    1150       -0.001793
    1151       -0.002615
    1152       -0.008677
    1153       -0.013148
    1154       -0.013722
    1155       -0.012863
    1156       -0.011679
    1157       -0.010415
    1158       -0.009088
    1159       -0.007786
    1160       -0.006463
    1161       -0.005155
    1162       -0.003844
    1163       -0.002558
    1164       -0.001317
    1165       -0.000104
    1166        0.001114
    1167        0.002275
    1168        0.002935
    1169        0.003092
    1170        0.003192
    1171        0.003296
    1172        0.003374
    1173        0.003404
    1174        0.003412
    1175        0.003414
    1176        0.003410
    1177        0.003398
    1178        0.003377
    1179        0.003332
    1180        0.003243
    1181        0.003140
    1182        0.003057
    1183        0.002930
    1184        0.002296
    1185        0.001150
    1186       -0.000063
    1187       -0.001280
    1188       -0.002534
    1189       -0.003837
    1190       -0.005162
    1191       -0.006479
    1192       -0.007805
    1193       -0.009107
    1194       -0.010433
    1195       -0.011696
    1196       -0.012878
    1197       -0.013739
    1198       -0.013179
    1199       -0.008712
    1200       -0.002602
    1201       -0.003852
    1202       -0.012197
    1203       -0.016308
    1204       -0.015860
    1205       -0.014401
    1206       -0.012911
    1207       -0.011157
    1208       -0.009498
    1209       -0.007772
    1210       -0.006079
    1211       -0.004372
    1212       -0.002675
    1213       -0.000991
    1214        0.000650
    1215        0.002314
    1216        0.003980
    1217        0.005269
    1218        0.006122
    1219        0.006542
    1220        0.006582
    1221        0.006627
    1222        0.006692
    1223        0.006716
    1224        0.006722
    1225        0.006725
    1226        0.006722
    1227        0.006713
    1228        0.006695
    1229        0.006656
    1230        0.006578
    1231        0.006531
    1232        0.006507
    1233        0.006115
    1234        0.005289
    1235        0.004017
    1236        0.002352
    1237        0.000679
    1238       -0.000979
    1239       -0.002680
    1240       -0.004389
    1241       -0.006102
    1242       -0.007796
    1243       -0.009522
    1244       -0.011179
    1245       -0.012931
    1246       -0.014419
    1247       -0.015877
    1248       -0.016338
    1249       -0.012245
    1250       -0.003836
    1251       -0.006331
    1252       -0.017068
    1253       -0.020017
    1254       -0.017612
    1255       -0.016238
    1256       -0.013969
    1257       -0.011996
    1258       -0.009855
    1259       -0.007784
    1260       -0.005683
    1261       -0.003592
    1262       -0.001507
    1263        0.000584
    1264        0.002626
    1265        0.004715
    1266        0.006888
    1267        0.008356
    1268        0.009405
    1269        0.010032
    1270        0.009957
    1271        0.009965
    1272        0.010019
    1273        0.010023
    1274        0.010036
    1275        0.010035
    1276        0.010034
    1277        0.010031
    1278        0.010010
    1279        0.009990
    1280        0.009919
    1281        0.009905
    1282        0.009993
    1283        0.009394
    1284        0.008379
    1285        0.006932
    1286        0.004755
    1287        0.002648
    1288        0.000582
    1289       -0.001526
    1290       -0.003620
    1291       -0.005714
    1292       -0.007815
    1293       -0.009883
    1294       -0.012023
    1295       -0.013992
    1296       -0.016261
    1297       -0.017628
    1298       -0.020040
    1299       -0.017126
    1300       -0.006312
    1301       -0.009468
    1302       -0.025896
    1303       -0.021919
    1304       -0.020300
    1305       -0.017630
    1306       -0.015237
    1307       -0.012738
    1308       -0.010255
    1309       -0.007779
    1310       -0.005292
    1311       -0.002815
    1312       -0.000328
    1313        0.002138
    1314        0.004645
    1315        0.007064
    1316        0.009813
    1317        0.011615
    1318        0.012856
    1319        0.013542
    1320        0.013279
    1321        0.013346
    1322        0.013325
    1323        0.013343
    1324        0.013343
    1325        0.013347
    1326        0.013349
    1327        0.013346
    1328        0.013339
    1329        0.013304
    1330        0.013302
    1331        0.013220
    1332        0.013493
    1333        0.012839
    1334        0.011644
    1335        0.009871
    1336        0.007110
    1337        0.004659
    1338        0.002119
    1339       -0.000363
    1340       -0.002855
    1341       -0.005331
    1342       -0.007815
    1343       -0.010288
    1344       -0.012768
    1345       -0.015263
    1346       -0.017653
    1347       -0.020323
    1348       -0.021920
    1349       -0.025963
    1350       -0.009427
    1351       -0.028148
    1352       -0.030514
    1353       -0.025374
    1354       -0.022386
    1355       -0.019210
    1356       -0.016454
    1357       -0.013479
    1358       -0.010666
    1359       -0.007763
    1360       -0.004909
    1361       -0.002031
    1362        0.000840
    1363        0.003718
    1364        0.006600
    1365        0.009554
    1366        0.012452
    1367        0.015262
    1368        0.016696
    1369        0.016766
    1370        0.016741
    1371        0.016664
    1372        0.016655
    1373        0.016654
    1374        0.016653
    1375        0.016659
    1376        0.016663
    1377        0.016663
    1378        0.016662
    1379        0.016644
    1380        0.016620
    1381        0.016673
    1382        0.016699
    1383        0.016670
    1384        0.015301
    1385        0.012530
    1386        0.009613
    1387        0.006603
    1388        0.003679
    1389        0.000786
    1390       -0.002084
    1391       -0.004956
    1392       -0.007805
    1393       -0.010704
    1394       -0.013513
    1395       -0.016485
    1396       -0.019234
    1397       -0.022411
    1398       -0.025375
    1399       -0.030534
    1400       -0.028092
    1401       -0.043248
    1402       -0.031811
    1403       -0.027721
    1404       -0.023080
    1405       -0.020246
    1406       -0.016918
    1407       -0.013935
    1408       -0.010826
    1409       -0.007779
    1410       -0.004707
    1411       -0.001643
    1412        0.001421
    1413        0.004512
    1414        0.007578
    1415        0.010775
    1416        0.013844
    1417        0.016971
    1418        0.018507
    1419        0.018446
    1420        0.018447
    1421        0.018317
    1422        0.018320
    1423        0.018296
    1424        0.018302
    1425        0.018302
    1426        0.018307
    1427        0.018316
    1428        0.018318
    1429        0.018342
    1430        0.018330
    1431        0.018449
    1432        0.018442
    1433        0.018507
    1434        0.016982
    1435        0.013854
    1436        0.010762
    1437        0.007534
    1438        0.004455
    1439        0.001367
    1440       -0.001688
    1441       -0.004744
    1442       -0.007812
    1443       -0.010855
    1444       -0.013960
    1445       -0.016940
    1446       -0.020266
    1447       -0.023094
    1448       -0.027731
    1449       -0.031787
    1450       -0.043211
    1451        0.000026
    1452        0.000176
    1453        0.000406
    1454        0.000647
    1455        0.000852
    1456        0.001005
    1457        0.001099
    1458        0.001129
    1459        0.001094
    1460        0.000998
    1461        0.000844
    1462        0.000639
    1463        0.000399
    1464        0.000171
    1465        0.000023
    1466        0.000002
    1467        0.000167
    1468        0.000378
    1469        0.000579
    1470        0.000739
    1471        0.000849
    1472        0.000912
    1473        0.000931
    1474        0.000910
    1475        0.000846
    1476        0.000733
    1477        0.000572
    1478        0.000372
    1479        0.000161
    1480       -0.000004
    1481       -0.000111
    1482        0.000128
    1483        0.000355
    1484        0.000541
    1485        0.000671
    1486        0.000747
    1487        0.000783
    1488        0.000794
    1489        0.000785
    1490        0.000747
    1491        0.000668
    1492        0.000534
    1493        0.000346
    1494        0.000117
    1495       -0.000125
    1496       -0.000171
    1497        0.000132
    1498        0.000378
    1499        0.000550
    1500        0.000647
    1501        0.000687
    1502        0.000697
    1503        0.000699
    1504        0.000702
    1505        0.000692
    1506        0.000646
    1507        0.000542
    1508        0.000364
    1509        0.000111
    1510       -0.000199
    1511       -0.000137
    1512        0.000225
    1513        0.000473
    1514        0.000613
    1515        0.000664
    1516        0.000659
    1517        0.000638
    1518        0.000631
    1519        0.000646
    1520        0.000668
    1521        0.000665
    1522        0.000604
    1523        0.000455
    1524        0.000196
    1525       -0.000183
    1526        0.000055
    1527        0.000446
    1528        0.000662
    1529        0.000736
    1530        0.000715
    1531        0.000651
    1532        0.000593
    1533        0.000575
    1534        0.000605
    1535        0.000665
    1536        0.000721
    1537        0.000730
    1538        0.000646
    1539        0.000416
    1540       -0.000009
    1541        0.000474
    1542        0.000851
    1543        0.000966
    1544        0.000916
    1545        0.000786
    1546        0.000645
    1547        0.000545
    1548        0.000516
    1549        0.000564
    1550        0.000672
    1551        0.000807
    1552        0.000925
    1553        0.000965
    1554        0.000833
    1555        0.000402
    1556        0.001276
    1557        0.001474
    1558        0.001349
    1559        0.001087
    1560        0.000822
    1561        0.000606
    1562        0.000472
    1563        0.000438
    1564        0.000508
    1565        0.000669
    1566        0.000892
    1567        0.001146
    1568        0.001384
    1569        0.001481
    1570        0.001207
    1571        0.002424
    1572        0.002119
    1573        0.001482
    1574        0.000998
    1575        0.000668
    1576        0.000460
    1577        0.000347
    1578        0.000329
    1579        0.000418
    1580        0.000599
    1581        0.000844
    1582        0.001169
    1583        0.001607
    1584        0.002170
    1585        0.002387
    1586        0.003735
    1587        0.001413
    1588        0.000534
    1589        0.000165
    1590        0.000034
    1591        0.000081
    1592        0.000167
    1593        0.000191
    1594        0.000279
    1595        0.000329
    1596        0.000344
    1597        0.000488
    1598        0.000836
    1599        0.001627
    1600        0.003746
    1601       -0.000090
    1602       -0.001906
    1603       -0.001770
    1604       -0.001661
    1605       -0.001408
    1606       -0.000866
    1607        0.000022
    1608        0.000039
    1609        0.000116
    1610       -0.000547
    1611       -0.001075
    1612       -0.001288
    1613       -0.001310
    1614       -0.001340
    1615        0.000535
    1616       -0.000471
    1617       -0.000125
    1618       -0.000558
    1619       -0.000879
    1620       -0.000369
    1621       -0.001012
    1622       -0.001286
    1623       -0.000697
    1624       -0.001465
    1625       -0.001774
    1626       -0.001371
    1627       -0.002023
    1628       -0.002839
    1629       -0.002358
    1630       -0.003234
    1631       -0.001858
    1632       -0.001281
    1633       -0.002197
    1799       -0.001152
    1800       -0.002678
    1801        0.010136
    1802        0.001387
    1803        0.005631
    1804        0.004866
    1805        0.004899
    1806        0.004879
    1807        0.004834
    1808        0.004797
    1809        0.004723
    1810        0.004567
    1811        0.004422
    1812        0.002646
    1813        0.002280
    1814        0.001718
    1815        0.020934
    1816        0.004596
    1817        0.002537
    1818        0.005282
    1819        0.005181
    1820        0.005153
    1821        0.005176
    1822        0.005101
    1823        0.004995
    1824        0.004807
    1825        0.004494
    1826        0.003980
    1827        0.002712
    1828        0.000728
    1829        0.010987
    1830        0.008469
    1831        0.007111
    1832        0.004580
    1833        0.004690
    1834        0.005306
    1835        0.005346
    1836        0.005370
    1837        0.005283
    1838        0.005085
    1839        0.004767
    1840        0.004301
    1841        0.003584
    1842        0.002706
    1843        0.002247
    1844        0.002308
    1845        0.005500
    1846        0.005397
    1847        0.004985
    1848        0.004901
    1849        0.005205
    1850        0.005456
    1851        0.005492
    1852        0.005370
    1853        0.005076
    1854        0.004622
    1855        0.004006
    1856        0.003259
    1857        0.002460
    1858        0.001598
    1859        0.002016
    1860        0.003064
    1861        0.004071
    1862        0.004486
    1863        0.004800
    1864        0.005163
    1865        0.005459
    1866        0.005544
    1867        0.005371
    1868        0.004967
    1869        0.004371
    1870        0.003643
    1871        0.002838
    1872        0.002017
    1873        0.001256
    1874        0.000965
    1875        0.002034
    1876        0.002943
    1877        0.003760
    1878        0.004431
    1879        0.005004
    1880        0.005406
    1881        0.005523
    1882        0.005300
    1883        0.004775
    1884        0.004037
    1885        0.003188
    1886        0.002324
    1887        0.001520
    1888        0.000806
    1889        0.000476
    1890        0.001164
    1891        0.002009
    1892        0.002930
    1893        0.003865
    1894        0.004700
    1895        0.005274
    1896        0.005441
    1897        0.005153
    1898        0.004477
    1899        0.003566
    1900        0.002595
    1901        0.001703
    1902        0.000969
    1903        0.000424
    1904       -0.000012
    1905        0.000367
    1906        0.001007
    1907        0.001936
    1908        0.003079
    1909        0.004231
    1910        0.005058
    1911        0.005304
    1912        0.004927
    1913        0.004024
    1914        0.002865
    1915        0.001757
    1916        0.000876
    1917        0.000279
    1918       -0.000023
    1919       -0.000706
    1920       -0.000618
    1921       -0.000245
    1922        0.000609
    1923        0.001953
    1924        0.003543
    1925        0.004774
    1926        0.005127
    1927        0.004616
    1928        0.003311
    1929        0.001748
    1930        0.000479
    1931       -0.000307
    1932       -0.000625
    1933       -0.000678
    1934       -0.001354
    1935       -0.002194
    1936       -0.002014
    1937       -0.001235
    1938        0.000221
    1939        0.002441
    1940        0.004487
    1941        0.004931
    1942        0.004259
    1943        0.002083
    1944       -0.000094
    1945       -0.001418
    1946       -0.002078
    1947       -0.002182
    1948       -0.001332
    1949       -0.005964
    1950       -0.004376
    1951       -0.003979
    1952       -0.003478
    1953       -0.002450
    1954       -0.000014
    1955        0.004509
    1956        0.004733
    1957        0.004226
    1958       -0.000673
    1959       -0.002957
    1960       -0.003762
    1961       -0.004090
    1962       -0.004361
    1963       -0.005927
    1964        0.003812
    1965        0.004516
    1966        0.004225
    1967        0.003327
    1968        0.004282
    1969        0.003744
    1970        0.003302
    1971        0.003838
    1972        0.003543
    1973        0.002874
    1974        0.003358
    1975        0.002973
    1976        0.002777
    1977        0.001120
    1978        0.002808
    1979        0.000383
    1980       -0.002066
    1981        0.000391
    1982        0.002295
    1983        0.002677
    1984        0.004432
    1985        0.004555
    1986        0.004704
    1987        0.004759
    1988        0.004776
    1989        0.004784
    1990        0.004780
    1991        0.004763
    1992        0.004707
    1993        0.004562
    1994        0.004425
    1995        0.002673
    1996        0.002292
    1997        0.000723
    1998        0.002725
    1999        0.003975
    2000        0.004473
    2001        0.004776
    2002        0.004942
    2003        0.005018
    2004        0.005045
    2005        0.005021
    2006        0.004944
    2007        0.004779
    2008        0.004484
    2009        0.003984
    2010        0.002732
    2011        0.000757
    2012        0.002195
    2013        0.002682
    2014        0.003564
    2015        0.004274
    2016        0.004731
    2017        0.005032
    2018        0.005197
    2019        0.005248
    2020        0.005194
    2021        0.005029
    2022        0.004734
    2023        0.004286
    2024        0.003583
    2025        0.002711
    2026        0.002238
    2027        0.001522
    2028        0.002414
    2029        0.003223
    2030        0.003973
    2031        0.004588
    2032        0.005030
    2033        0.005300
    2034        0.005386
    2035        0.005290
    2036        0.005020
    2037        0.004585
    2038        0.003987
    2039        0.003252
    2040        0.002456
    2041        0.001590
    2042        0.001169
    2043        0.001960
    2044        0.002792
    2045        0.003607
    2046        0.004349
    2047        0.004945
    2048        0.005327
    2049        0.005451
    2050        0.005309
    2051        0.004927
    2052        0.004350
    2053        0.003629
    2054        0.002827
    2055        0.002010
    2056        0.001249
    2057        0.000722
    2058        0.001467
    2059        0.002279
    2060        0.003149
    2061        0.004012
    2062        0.004766
    2063        0.005276
    2064        0.005446
    2065        0.005253
    2066        0.004747
    2067        0.004023
    2068        0.003183
    2069        0.002324
    2070        0.001517
    2071        0.000802
    2072        0.000352
    2073        0.000926
    2074        0.001651
    2075        0.002543
    2076        0.003534
    2077        0.004476
    2078        0.005146
    2079        0.005374
    2080        0.005120
    2081        0.004462
    2082        0.003562
    2083        0.002595
    2084        0.001705
    2085        0.000970
    2086        0.000423
    2087       -0.000069
    2088        0.000252
    2089        0.000826
    2090        0.001701
    2091        0.002840
    2092        0.004040
    2093        0.004939
    2094        0.005244
    2095        0.004905
    2096        0.004022
    2097        0.002871
    2098        0.001765
    2099        0.000884
    2100        0.000290
    2101       -0.000018
    2102       -0.000708
    2103       -0.000655
    2104       -0.000330
    2105        0.000475
    2106        0.001788
    2107        0.003389
    2108        0.004668
    2109        0.005074
    2110        0.004602
    2111        0.003321
    2112        0.001771
    2113        0.000501
    2114       -0.000290
    2115       -0.000613
    2116       -0.000671
    2117       -0.001317
    2118       -0.002171
    2119       -0.002029
    2120       -0.001297
    2121        0.000117
    2122        0.002319
    2123        0.004394
    2124        0.004884
    2125        0.004252
    2126        0.002106
    2127       -0.000056
    2128       -0.001391
    2129       -0.002051
    2130       -0.002159
    2131       -0.001316
    2132       -0.005883
    2133       -0.004322
    2134       -0.003952
    2135       -0.003485
    2136       -0.002496
    2137       -0.000101
    2138        0.004434
    2139        0.004691
    2140        0.004214
    2141       -0.000629
    2142       -0.002908
    2143       -0.003727
    2144       -0.004055
    2145       -0.004324
    2146       -0.005882
    2147        0.003802
    2148        0.004476
    2149        0.004171
    2150        0.003321
    2151        0.004243
    2152        0.003690
    2153        0.003286
    2154        0.003801
    2155        0.003498
    2156        0.002848
    2157        0.003321
    2158        0.002934
    2159        0.002735
    2160        0.001093
    2161        0.002770
    2162        0.000347
    2163       -0.002083
    2164        0.000359
    2165        0.000023
    2166        0.000172
    2167        0.000400
    2168        0.000640
    2169        0.000846
    2170        0.001001
    2171        0.001096
    2172        0.001129
    2173        0.001097
    2174        0.001003
    2175        0.000850
    2176        0.000646
    2177        0.000405
    2178        0.000176
    2179        0.000026
    2180       -0.000004
    2181        0.000163
    2182        0.000374
    2183        0.000576
    2184        0.000738
    2185        0.000849
    2186        0.000911
    2187        0.000931
    2188        0.000910
    2189        0.000846
    2190        0.000734
    2191        0.000575
    2192        0.000376
    2193        0.000165
    2194        0.000001
    2195       -0.000120
    2196        0.000122
    2197        0.000351
    2198        0.000541
    2199        0.000673
    2200        0.000750
    2201        0.000785
    2202        0.000794
    2203        0.000782
    2204        0.000744
    2205        0.000666
    2206        0.000535
    2207        0.000350
    2208        0.000123
    2209       -0.000116
    2210       -0.000186
    2211        0.000122
    2212        0.000374
    2213        0.000550
    2214        0.000651
    2215        0.000692
    2216        0.000700
    2217        0.000699
    2218        0.000697
    2219        0.000685
    2220        0.000641
    2221        0.000541
    2222        0.000368
    2223        0.000122
    2224       -0.000184
    2225       -0.000159
    2226        0.000211
    2227        0.000468
    2228        0.000616
    2229        0.000672
    2230        0.000669
    2231        0.000645
    2232        0.000630
    2233        0.000639
    2234        0.000657
    2235        0.000655
    2236        0.000600
    2237        0.000460
    2238        0.000210
    2239       -0.000161
    2240        0.000026
    2241        0.000429
    2242        0.000660
    2243        0.000746
    2244        0.000733
    2245        0.000669
    2246        0.000604
    2247        0.000574
    2248        0.000594
    2249        0.000650
    2250        0.000707
    2251        0.000722
    2252        0.000648
    2253        0.000432
    2254        0.000021
    2255        0.000437
    2256        0.000839
    2257        0.000978
    2258        0.000947
    2259        0.000824
    2260        0.000678
    2261        0.000564
    2262        0.000516
    2263        0.000547
    2264        0.000644
    2265        0.000776
    2266        0.000899
    2267        0.000955
    2268        0.000846
    2269        0.000439
    2270        0.001238
    2271        0.001487
    2272        0.001399
    2273        0.001160
    2274        0.000895
    2275        0.000665
    2276        0.000504
    2277        0.000439
    2278        0.000479
    2279        0.000615
    2280        0.000825
    2281        0.001081
    2282        0.001343
    2283        0.001479
    2284        0.001251
    2285        0.002412
    2286        0.002195
    2287        0.001618
    2288        0.001155
    2289        0.000814
    2290        0.000569
    2291        0.000402
    2292        0.000331
    2293        0.000368
    2294        0.000495
    2295        0.000703
    2296        0.001016
    2297        0.001472
    2298        0.002090
    2299        0.002394
    2300        0.003792
    2301        0.001686
    2302        0.000849
    2303        0.000461
    2304        0.000290
    2305        0.000271
    2306        0.000247
    2307        0.000190
    2308        0.000197
    2309        0.000137
    2310        0.000080
    2311        0.000186
    2312        0.000516
    2313        0.001346
    2314        0.003681
    2315        0.000576
    2316       -0.001307
    2317       -0.001271
    2318       -0.001240
    2319       -0.001047
    2320       -0.000558
    2321        0.000086
    2322        0.000033
    2323        0.000035
    2324       -0.000863
    2325       -0.001447
    2326       -0.001708
    2327       -0.001812
    2328       -0.001951
    2329       -0.000129
    2330       -0.000661
    2331       -0.000138
    2332       -0.000399
    2333       -0.001125
    2334       -0.000377
    2335       -0.000788
    2336       -0.001558
    2337       -0.000700
    2338       -0.001214
    2339       -0.002095
    2340       -0.001370
    2341       -0.001714
    2342       -0.003234
    2343       -0.002356
    2344       -0.002836
    2345       -0.002201
    2346       -0.001278
    2347       -0.001858
    2348       -0.000040
    2349       -0.000191
    2350       -0.000778
    2351       -0.001766
    2352       -0.002934
    2353       -0.004151
    2354       -0.005368
    2355       -0.006582
    2356       -0.007792
    2357       -0.009005
    2358       -0.010211
    2359       -0.011430
    2360       -0.012623
    2361       -0.013858
    2362       -0.015032
    2363       -0.016218
    2364       -0.017601
    2365       -0.018210
    2366       -0.018033
    2367       -0.018057
    2368       -0.018094
    2369       -0.018068
    2370       -0.018086
    2371       -0.018077
    2372       -0.018083
    2373       -0.018076
    2374       -0.018080
    2375       -0.018063
    2376       -0.018034
    2377       -0.017712
    2378       -0.017332
    2379       -0.017247
    2380       -0.017410
    2381       -0.017977
    2382       -0.017632
    2383       -0.016007
    2384       -0.013897
    2385       -0.012681
    2386       -0.011436
    2387       -0.010223
    2388       -0.009012
    2389       -0.007800
    2390       -0.006589
    2391       -0.005374
    2392       -0.004156
    2393       -0.002939
    2394       -0.001771
    2395       -0.000784
    2396       -0.000199
    2397       -0.000042
    2398       -0.000155
    2399       -0.000389
    2400       -0.000977
    2401       -0.001896
    2402       -0.002994
    2403       -0.004170
    2404       -0.005373
    2405       -0.006581
    2406       -0.007793
    2407       -0.009002
    2408       -0.010215
    2409       -0.011422
    2410       -0.012629
    2411       -0.013831
    2412       -0.014993
    2413       -0.016139
    2414       -0.017266
    2415       -0.017873
    2416       -0.017955
    2417       -0.018019
    2418       -0.018068
    2419       -0.018076
    2420       -0.018079
    2421       -0.018083
    2422       -0.018079
    2423       -0.018080
    2424       -0.018066
    2425       -0.018057
    2426       -0.017941
    2427       -0.017719
    2428       -0.017486
    2429       -0.017358
    2430       -0.017469
    2431       -0.017475
    2432       -0.016991
    2433       -0.015714
    2434       -0.014131
    2435       -0.012667
    2436       -0.011466
    2437       -0.010222
    2438       -0.009014
    2439       -0.007798
    2440       -0.006587
    2441       -0.005377
    2442       -0.004175
    2443       -0.002998
    2444       -0.001901
    2445       -0.000983
    2446       -0.000396
    2447       -0.000156
    2448       -0.000239
    2449       -0.000521
    2450       -0.001127
    2451       -0.002003
    2452       -0.003048
    2453       -0.004191
    2454       -0.005377
    2455       -0.006582
    2456       -0.007791
    2457       -0.009003
    2458       -0.010213
    2459       -0.011422
    2460       -0.012625
    2461       -0.013815
    2462       -0.014955
    2463       -0.016054
    2464       -0.017020
    2465       -0.017626
    2466       -0.017870
    2467       -0.017981
    2468       -0.018052
    2469       -0.018072
    2470       -0.018081
    2471       -0.018082
    2472       -0.018082
    2473       -0.018076
    2474       -0.018066
    2475       -0.018029
    2476       -0.017909
    2477       -0.017742
    2478       -0.017582
    2479       -0.017447
    2480       -0.017414
    2481       -0.017177
    2482       -0.016515
    2483       -0.015522
    2484       -0.014143
    2485       -0.012734
    2486       -0.011457
    2487       -0.010236
    2488       -0.009009
    2489       -0.007799
    2490       -0.006585
    2491       -0.005382
    2492       -0.004194
    2493       -0.003052
    2494       -0.002006
    2495       -0.001132
    2496       -0.000527
    2497       -0.000239
    2498       -0.000301
    2499       -0.000603
    2500       -0.001235
    2501       -0.002085
    2502       -0.003094
    2503       -0.004208
    2504       -0.005382
    2505       -0.006582
    2506       -0.007791
    2507       -0.009003
    2508       -0.010213
    2509       -0.011421
    2510       -0.012622
    2511       -0.013800
    2512       -0.014924
    2513       -0.015975
    2514       -0.016845
    2515       -0.017451
    2516       -0.017791
    2517       -0.017951
    2518       -0.018037
    2519       -0.018070
    2520       -0.018080
    2521       -0.018083
    2522       -0.018082
    2523       -0.018076
    2524       -0.018061
    2525       -0.018012
    2526       -0.017902
    2527       -0.017772
    2528       -0.017656
    2529       -0.017501
    2530       -0.017355
    2531       -0.016944
    2532       -0.016229
    2533       -0.015335
    2534       -0.014120
    2535       -0.012761
    2536       -0.011470
    2537       -0.010235
    2538       -0.009012
    2539       -0.007795
    2540       -0.006586
    2541       -0.005385
    2542       -0.004211
    2543       -0.003096
    2544       -0.002088
    2545       -0.001238
    2546       -0.000609
    2547       -0.000301
    2548       -0.000344
    2549       -0.000652
    2550       -0.001307
    2551       -0.002143
    2552       -0.003127
    2553       -0.004223
    2554       -0.005386
    2555       -0.006583
    2556       -0.007791
    2557       -0.009002
    2558       -0.010213
    2559       -0.011421
    2560       -0.012618
    2561       -0.013789
    2562       -0.014899
    2563       -0.015914
    2564       -0.016727
    2565       -0.017333
    2566       -0.017731
    2567       -0.017927
    2568       -0.018028
    2569       -0.018067
    2570       -0.018081
    2571       -0.018084
    2572       -0.018083
    2573       -0.018076
    2574       -0.018057
    2575       -0.018005
    2576       -0.017908
    2577       -0.017811
    2578       -0.017706
    2579       -0.017552
    2580       -0.017294
    2581       -0.016784
    2582       -0.016051
    2583       -0.015185
    2584       -0.014070
    2585       -0.012769
    2586       -0.011479
    2587       -0.010236
    2588       -0.009011
    2589       -0.007795
    2590       -0.006585
    2591       -0.005388
    2592       -0.004224
    2593       -0.003129
    2594       -0.002145
    2595       -0.001310
    2596       -0.000656
    2597       -0.000344
    2598       -0.000370
    2599       -0.000677
    2600       -0.001349
    2601       -0.002178
    2602       -0.003148
    2603       -0.004232
    2604       -0.005389
    2605       -0.006583
    2606       -0.007791
    2607       -0.009002
    2608       -0.010213
    2609       -0.011421
    2610       -0.012616
    2611       -0.013783
    2612       -0.014884
    2613       -0.015876
    2614       -0.016660
    2615       -0.017266
    2616       -0.017693
    2617       -0.017912
    2618       -0.018022
    2619       -0.018066
    2620       -0.018081
    2621       -0.018085
    2622       -0.018084
    2623       -0.018077
    2624       -0.018056
    2625       -0.018005
    2626       -0.017926
    2627       -0.017848
    2628       -0.017757
    2629       -0.017588
    2630       -0.017260
    2631       -0.016688
    2632       -0.015937
    2633       -0.015077
    2634       -0.014012
    2635       -0.012763
    2636       -0.011483
    2637       -0.010236
    2638       -0.009010
    2639       -0.007793
    2640       -0.006584
    2641       -0.005390
    2642       -0.004232
    2643       -0.003149
    2644       -0.002179
    2645       -0.001350
    2646       -0.000679
    2647       -0.000370
    2648       -0.000378
    2649       -0.000685
    2650       -0.001363
    2651       -0.002190
    2652       -0.003155
    2653       -0.004235
    2654       -0.005390
    2655       -0.006583
    2656       -0.007791
    2657       -0.009002
    2658       -0.010213
    2659       -0.011420
    2660       -0.012616
    2661       -0.013781
    2662       -0.014879
    2663       -0.015863
    2664       -0.016638
    2665       -0.017244
    2666       -0.017680
    2667       -0.017907
    2668       -0.018020
    2669       -0.018066
    2670       -0.018082
    2671       -0.018086
    2672       -0.018085
    2673       -0.018078
    2674       -0.018057
    2675       -0.018013
    2676       -0.017949
    2677       -0.017888
    2678       -0.017805
    2679       -0.017628
    2680       -0.017256
    2681       -0.016647
    2682       -0.015876
    2683       -0.015000
    2684       -0.013958
    2685       -0.012745
    2686       -0.011481
    2687       -0.010235
    2688       -0.009009
    2689       -0.007792
    2690       -0.006583
    2691       -0.005390
    2692       -0.004235
    2693       -0.003155
    2694       -0.002190
    2695       -0.001363
    2696       -0.000685
    2697       -0.000378
    2698       -0.000369
    2699       -0.000679
    2700       -0.001350
    2701       -0.002179
    2702       -0.003148
    2703       -0.004232
    2704       -0.005389
    2705       -0.006583
    2706       -0.007791
    2707       -0.009002
    2708       -0.010213
    2709       -0.011421
    2710       -0.012617
    2711       -0.013783
    2712       -0.014884
    2713       -0.015877
    2714       -0.016660
    2715       -0.017266
    2716       -0.017694
    2717       -0.017913
    2718       -0.018023
    2719       -0.018068
    2720       -0.018083
    2721       -0.018087
    2722       -0.018086
    2723       -0.018079
    2724       -0.018061
    2725       -0.018024
    2726       -0.017976
    2727       -0.017930
    2728       -0.017855
    2729       -0.017678
    2730       -0.017289
    2731       -0.016657
    2732       -0.015857
    2733       -0.014950
    2734       -0.013910
    2735       -0.012722
    2736       -0.011475
    2737       -0.010233
    2738       -0.009008
    2739       -0.007791
    2740       -0.006582
    2741       -0.005388
    2742       -0.004231
    2743       -0.003147
    2744       -0.002178
    2745       -0.001349
    2746       -0.000677
    2747       -0.000369
    2748       -0.000344
    2749       -0.000655
    2750       -0.001309
    2751       -0.002144
    2752       -0.003128
    2753       -0.004223
    2754       -0.005386
    2755       -0.006583
    2756       -0.007791
    2757       -0.009003
    2758       -0.010214
    2759       -0.011421
    2760       -0.012619
    2761       -0.013790
    2762       -0.014900
    2763       -0.015915
    2764       -0.016728
    2765       -0.017334
    2766       -0.017732
    2767       -0.017929
    2768       -0.018030
    2769       -0.018071
    2770       -0.018085
    2771       -0.018088
    2772       -0.018088
    2773       -0.018082
    2774       -0.018066
    2775       -0.018039
    2776       -0.018006
    2777       -0.017974
    2778       -0.017907
    2779       -0.017744
    2780       -0.017363
    2781       -0.016716
    2782       -0.015873
    2783       -0.014921
    2784       -0.013871
    2785       -0.012696
    2786       -0.011464
    2787       -0.010229
    2788       -0.009006
    2789       -0.007790
    2790       -0.006581
    2791       -0.005384
    2792       -0.004221
    2793       -0.003126
    2794       -0.002142
    2795       -0.001307
    2796       -0.000652
    2797       -0.000344
    2798       -0.000301
    2799       -0.000608
    2800       -0.001237
    2801       -0.002086
    2802       -0.003094
    2803       -0.004209
    2804       -0.005383
    2805       -0.006582
    2806       -0.007792
    2807       -0.009003
    2808       -0.010214
    2809       -0.011422
    2810       -0.012622
    2811       -0.013801
    2812       -0.014925
    2813       -0.015976
    2814       -0.016846
    2815       -0.017453
    2816       -0.017794
    2817       -0.017954
    2818       -0.018041
    2819       -0.018074
    2820       -0.018086
    2821       -0.018089
    2822       -0.018089
    2823       -0.018085
    2824       -0.018074
    2825       -0.018056
    2826       -0.018037
    2827       -0.018019
    2828       -0.017965
    2829       -0.017827
    2830       -0.017486
    2831       -0.016826
    2832       -0.015915
    2833       -0.014908
    2834       -0.013838
    2835       -0.012670
    2836       -0.011451
    2837       -0.010224
    2838       -0.009003
    2839       -0.007789
    2840       -0.006579
    2841       -0.005379
    2842       -0.004206
    2843       -0.003092
    2844       -0.002083
    2845       -0.001234
    2846       -0.000603
    2847       -0.000301
    2848       -0.000239
    2849       -0.000526
    2850       -0.001130
    2851       -0.002004
    2852       -0.003049
    2853       -0.004191
    2854       -0.005378
    2855       -0.006582
    2856       -0.007792
    2857       -0.009004
    2858       -0.010214
    2859       -0.011423
    2860       -0.012626
    2861       -0.013816
    2862       -0.014956
    2863       -0.016055
    2864       -0.017022
    2865       -0.017628
    2866       -0.017874
    2867       -0.017986
    2868       -0.018057
    2869       -0.018079
    2870       -0.018088
    2871       -0.018090
    2872       -0.018091
    2873       -0.018088
    2874       -0.018082
    2875       -0.018073
    2876       -0.018068
    2877       -0.018068
    2878       -0.018027
    2879       -0.017926
    2880       -0.017665
    2881       -0.016995
    2882       -0.015977
    2883       -0.014904
    2884       -0.013812
    2885       -0.012643
    2886       -0.011436
    2887       -0.010217
    2888       -0.009001
    2889       -0.007788
    2890       -0.006578
    2891       -0.005374
    2892       -0.004187
    2893       -0.003046
    2894       -0.002001
    2895       -0.001125
    2896       -0.000520
    2897       -0.000239
    2898       -0.000155
    2899       -0.000395
    2900       -0.000981
    2901       -0.001898
    2902       -0.002995
    2903       -0.004171
    2904       -0.005373
    2905       -0.006582
    2906       -0.007793
    2907       -0.009003
    2908       -0.010216
    2909       -0.011423
    2910       -0.012630
    2911       -0.013833
    2912       -0.014994
    2913       -0.016141
    2914       -0.017269
    2915       -0.017876
    2916       -0.017960
    2917       -0.018024
    2918       -0.018074
    2919       -0.018084
    2920       -0.018088
    2921       -0.018092
    2922       -0.018092
    2923       -0.018091
    2924       -0.018091
    2925       -0.018090
    2926       -0.018100
    2927       -0.018118
    2928       -0.018095
    2929       -0.018033
    2930       -0.017918
    2931       -0.017235
    2932       -0.016043
    2933       -0.014907
    2934       -0.013789
    2935       -0.012617
    2936       -0.011420
    2937       -0.010212
    2938       -0.008998
    2939       -0.007788
    2940       -0.006576
    2941       -0.005368
    2942       -0.004167
    2943       -0.002991
    2944       -0.001894
    2945       -0.000976
    2946       -0.000388
    2947       -0.000154
    2948       -0.000042
    2949       -0.000198
    2950       -0.000782
    2951       -0.001768
    2952       -0.002935
    2953       -0.004152
    2954       -0.005369
    2955       -0.006583
    2956       -0.007793
    2957       -0.009006
    2958       -0.010212
    2959       -0.011431
    2960       -0.012624
    2961       -0.013859
    2962       -0.015033
    2963       -0.016220
    2964       -0.017604
    2965       -0.018214
    2966       -0.018038
    2967       -0.018064
    2968       -0.018101
    2969       -0.018078
    2970       -0.018096
    2971       -0.018090
    2972       -0.018094
    2973       -0.018095
    2974       -0.018096
    2975       -0.018114
    2976       -0.018120
    2977       -0.018178
    2978       -0.018167
    2979       -0.018134
    2980       -0.018263
    2981       -0.017562
    2982       -0.016099
    2983       -0.014909
    2984       -0.013776
    2985       -0.012582
    2986       -0.011412
    2987       -0.010202
    2988       -0.008998
    2989       -0.007786
    2990       -0.006576
    2991       -0.005363
    2992       -0.004146
    2993       -0.002930
    2994       -0.001763
    2995       -0.000775
    2996       -0.000190
    2997       -0.000040
    2998        0.000109
    2999        0.000088
    3000       -0.000524
    3001       -0.001616
    3002       -0.002874
    3003       -0.004134
    3004       -0.005367
    3005       -0.006583
    3006       -0.007795
    3007       -0.009004
    3008       -0.010216
    3009       -0.011424
    3010       -0.012645
    3011       -0.013837
    3012       -0.015142
    3013       -0.016215
    3014       -0.018074
    3015       -0.018684
    3016       -0.018032
    3017       -0.018173
    3018       -0.018079
    3019       -0.018100
    3020       -0.018090
    3021       -0.018094
    3022       -0.018094
    3023       -0.018097
    3024       -0.018106
    3025       -0.018122
    3026       -0.018167
    3027       -0.018190
    3028       -0.018314
    3029       -0.018158
    3030       -0.018745
    3031       -0.018020
    3032       -0.016061
    3033       -0.014975
    3034       -0.013713
    3035       -0.012576
    3036       -0.011391
    3037       -0.010200
    3038       -0.008994
    3039       -0.007786
    3040       -0.006576
    3041       -0.005360
    3042       -0.004128
    3043       -0.002869
    3044       -0.001611
    3045       -0.000517
    3046        0.000097
    3047        0.000113
    3048        0.000122
    3049        0.000156
    3050       -0.000415
    3051       -0.001549
    3052       -0.002852
    3053       -0.004133
    3054       -0.005370
    3055       -0.006586
    3056       -0.007796
    3057       -0.009005
    3058       -0.010215
    3059       -0.011425
    3060       -0.012636
    3061       -0.013861
    3062       -0.015078
    3063       -0.016438
    3064       -0.018137
    3065       -0.018744
    3066       -0.018257
    3067       -0.018109
    3068       -0.018104
    3069       -0.018091
    3070       -0.018093
    3071       -0.018093
    3072       -0.018095
    3073       -0.018098
    3074       -0.018108
    3075       -0.018133
    3076       -0.018180
    3077       -0.018254
    3078       -0.018302
    3079       -0.018433
    3080       -0.018827
    3081       -0.018061
    3082       -0.016229
    3083       -0.014849
    3084       -0.013695
    3085       -0.012546
    3086       -0.011385
    3087       -0.010196
    3088       -0.008994
    3089       -0.007787
    3090       -0.006578
    3091       -0.005363
    3092       -0.004126
    3093       -0.002846
    3094       -0.001542
    3095       -0.000407
    3096        0.000165
    3097        0.000126
    3098       -0.000040
    3099        0.000026
    3100       -0.000041
    3101        0.000035
    3102        0.000128
    3103        0.000194
    3104        0.000465
    3105        0.000515
    3106        0.000855
    3107        0.000878
    3108        0.001239
    3109        0.001247
    3110        0.001611
    3111        0.001612
    3112        0.001976
    3113        0.001976
    3114        0.002338
    3115        0.002338
    3116        0.002702
    3117        0.002702
    3118        0.003063
    3119        0.003062
    3120        0.003429
    3121        0.003431
    3122        0.003788
    3123        0.003780
    3124        0.004163
    3125        0.004164
    3126        0.004514
    3127        0.004514
    3128        0.004948
    3129        0.004750
    3130        0.005423
    3131        0.005923
    3132        0.005604
    3133        0.006104
    3134        0.005493
    3135        0.005294
    3136        0.005421
    3137        0.005421
    3138        0.005433
    3139        0.005435
    3140        0.005421
    3141        0.005414
    3142        0.005425
    3143        0.005428
    3144        0.005422
    3145        0.005421
    3146        0.005424
    3147        0.005425
    3148        0.005422
    3149        0.005423
    3150        0.005427
    3151        0.005422
    3152        0.005426
    3153        0.005424
    3154        0.005438
    3155        0.005400
    3156        0.005426
    3157        0.005322
    3158        0.005129
    3159        0.005163
    3160        0.005087
    3161        0.005152
    3162        0.005151
    3163        0.005200
    3164        0.005676
    3165        0.005351
    3166        0.005536
    3167        0.005475
    3168        0.004511
    3169        0.004827
    3170        0.004136
    3171        0.004126
    3172        0.003783
    3173        0.003808
    3174        0.003425
    3175        0.003429
    3176        0.003066
    3177        0.003067
    3178        0.002705
    3179        0.002704
    3180        0.002340
    3181        0.002342
    3182        0.001978
    3183        0.001978
    3184        0.001614
    3185        0.001613
    3186        0.001249
    3187        0.001241
    3188        0.000857
    3189        0.000880
    3190        0.000467
    3191        0.000517
    3192        0.000130
    3193        0.000197
    3194       -0.000038
    3195        0.000038
    3196       -0.000039
    3197        0.000025


                                                      SUMMARY INFORMATION
                                                  _________________________

                                                         Min/Max Values
    -Source ID--Entity ID---Sub ID----X Component--
Min:     1       1401          0        -0.043248
Max:     1       1815          0         0.020934

