




                       MSC.Patran 25.0.638960 Wed Mar 13 09:21:55 PDT 2019 - Analysis Code: MSC.Nastran 
                                             Load Case: Default, A1:Static Subcase 
                                         Result Strain Tensor,  - Layer (NON-LAYERED) 
                                                     Entity: Element Tensor


-Entity ID--X Component--
       1        0.000114
       2        0.000135
       3       -0.000442
       4       -0.001576
       5       -0.002877
       6       -0.004152
       7       -0.005358
       8       -0.006548
       9       -0.007638
      10       -0.008963
      11        0.007835
      12       -0.003474
      13       -0.012652
      14       -0.021800
      15       -0.033015
      16       -0.016455
      17       -0.018250
      18       -0.018742
      19       -0.018228
      20       -0.018059
      21       -0.018056
      22       -0.018047
      23       -0.018055
      24       -0.018061
      25       -0.018067
      26       -0.018072
      27       -0.018075
      28       -0.018079
      29       -0.018081
      30       -0.018097
      31       -0.018106
      32       -0.018257
      33       -0.018748
      34       -0.018142
      35       -0.016443
      36       -0.015082
      37       -0.013864
      38       -0.012638
      39       -0.011427
      40       -0.010216
      41       -0.009005
      42       -0.007795
      43       -0.006585
      44       -0.005369
      45       -0.004131
      46       -0.002849
      47       -0.001543
      48       -0.000404
      49        0.000170
      50        0.000129
      51        0.000026
      52       -0.000243
      53       -0.001176
      54       -0.002391
      55       -0.003619
      56       -0.004662
      57       -0.005772
      58       -0.006451
      59       -0.007899
      60       -0.005997
      61        0.004733
      62       -0.005511
      63       -0.011947
      64       -0.018381
      65       -0.028280
      66       -0.018037
      67       -0.016201
      68       -0.017100
      69       -0.016797
      70       -0.016504
      71       -0.016436
      72       -0.016423
      73       -0.016410
      74       -0.016418
      75       -0.016418
      76       -0.016423
      77       -0.016426
      78       -0.016431
      79       -0.016438
      80       -0.016476
      81       -0.016488
      82       -0.016849
      83       -0.016823
      84       -0.016327
      85       -0.015323
      86       -0.013950
      87       -0.012921
      88       -0.011869
      89       -0.010846
      90       -0.009827
      91       -0.008810
      92       -0.007794
      93       -0.006776
      94       -0.005750
      95       -0.004700
      96       -0.003591
      97       -0.002382
      98       -0.001150
      99       -0.000218
     100        0.000045
     101       -0.000270
     102       -0.001189
     103       -0.002704
     104       -0.004095
     105       -0.005078
     106       -0.005826
     107       -0.006384
     108       -0.006849
     109       -0.007098
     110       -0.003678
     111       -0.002061
     112       -0.004231
     113       -0.010384
     114       -0.016505
     115       -0.018589
     116       -0.017696
     117       -0.013332
     118       -0.013248
     119       -0.014106
     120       -0.013244
     121       -0.013220
     122       -0.013135
     123       -0.013127
     124       -0.013120
     125       -0.013121
     126       -0.013122
     127       -0.013125
     128       -0.013131
     129       -0.013145
     130       -0.013214
     131       -0.013228
     132       -0.013992
     133       -0.012973
     134       -0.012671
     135       -0.013051
     136       -0.011660
     137       -0.011018
     138       -0.010322
     139       -0.009682
     140       -0.009048
     141       -0.008419
     142       -0.007791
     143       -0.007161
     144       -0.006521
     145       -0.005854
     146       -0.005097
     147       -0.004098
     148       -0.002711
     149       -0.001178
     150       -0.000255
     151       -0.000560
     152       -0.002137
     153       -0.004290
     154       -0.005826
     155       -0.006581
     156       -0.006959
     157       -0.007067
     158       -0.007242
     159       -0.006083
     160       -0.004358
     161       -0.003679
     162       -0.004893
     163       -0.008823
     164       -0.012704
     165       -0.014117
     166       -0.013834
     167       -0.011185
     168       -0.009919
     169       -0.010777
     170       -0.010186
     171       -0.009909
     172       -0.009878
     173       -0.009828
     174       -0.009828
     175       -0.009822
     176       -0.009821
     177       -0.009826
     178       -0.009824
     179       -0.009870
     180       -0.009880
     181       -0.010136
     182       -0.010558
     183       -0.009644
     184       -0.009526
     185       -0.010204
     186       -0.009539
     187       -0.009044
     188       -0.008794
     189       -0.008508
     190       -0.008272
     191       -0.008027
     192       -0.007790
     193       -0.007547
     194       -0.007295
     195       -0.007013
     196       -0.006622
     197       -0.005856
     198       -0.004322
     199       -0.002144
     200       -0.000543
     201       -0.000878
     202       -0.003198
     203       -0.006022
     204       -0.007629
     205       -0.008118
     206       -0.008062
     207       -0.007882
     208       -0.007351
     209       -0.006007
     210       -0.004755
     211       -0.004480
     212       -0.005054
     213       -0.007247
     214       -0.009475
     215       -0.010285
     216       -0.010235
     217       -0.008268
     218       -0.007001
     219       -0.007328
     220       -0.006997
     221       -0.006652
     222       -0.006584
     223       -0.006545
     224       -0.006529
     225       -0.006524
     226       -0.006522
     227       -0.006520
     228       -0.006531
     229       -0.006555
     230       -0.006615
     231       -0.006882
     232       -0.007131
     233       -0.006450
     234       -0.006527
     235       -0.007356
     236       -0.007257
     237       -0.007137
     238       -0.007226
     239       -0.007351
     240       -0.007487
     241       -0.007639
     242       -0.007786
     243       -0.007935
     244       -0.008071
     245       -0.008177
     246       -0.008165
     247       -0.007688
     248       -0.006079
     249       -0.003226
     250       -0.000859
     251       -0.001267
     252       -0.004506
     253       -0.007991
     254       -0.009544
     255       -0.009648
     256       -0.009227
     257       -0.008620
     258       -0.007637
     259       -0.006164
     260       -0.005089
     261       -0.004759
     262       -0.004804
     263       -0.005687
     264       -0.006633
     265       -0.006894
     266       -0.006710
     267       -0.005179
     268       -0.003975
     269       -0.003970
     270       -0.003681
     271       -0.003399
     272       -0.003288
     273       -0.003254
     274       -0.003233
     275       -0.003226
     276       -0.003221
     277       -0.003219
     278       -0.003227
     279       -0.003251
     280       -0.003331
     281       -0.003558
     282       -0.003720
     283       -0.003315
     284       -0.003585
     285       -0.004527
     286       -0.004902
     287       -0.005212
     288       -0.005669
     289       -0.006181
     290       -0.006710
     291       -0.007246
     292       -0.007785
     293       -0.008321
     294       -0.008851
     295       -0.009342
     296       -0.009726
     297       -0.009617
     298       -0.008080
     299       -0.004557
     300       -0.001247
     301       -0.001803
     302       -0.006230
     303       -0.010306
     304       -0.011558
     305       -0.011200
     306       -0.010390
     307       -0.009375
     308       -0.008033
     309       -0.006449
     310       -0.005324
     311       -0.004742
     312       -0.004256
     313       -0.004130
     314       -0.004072
     315       -0.003751
     316       -0.003286
     317       -0.001981
     318       -0.000860
     319       -0.000601
     320       -0.000331
     321       -0.000111
     322        0.000000
     323        0.000043
     324        0.000062
     325        0.000073
     326        0.000080
     327        0.000083
     328        0.000079
     329        0.000054
     330       -0.000027
     331       -0.000191
     332       -0.000316
     333       -0.000193
     334       -0.000657
     335       -0.001706
     336       -0.002506
     337       -0.003267
     338       -0.004110
     339       -0.005011
     340       -0.005929
     341       -0.006857
     342       -0.007782
     343       -0.008711
     344       -0.009630
     345       -0.010515
     346       -0.011292
     347       -0.011651
     348       -0.010420
     349       -0.006314
     350       -0.001781
     351       -0.002609
     352       -0.008613
     353       -0.013059
     354       -0.013634
     355       -0.012766
     356       -0.011553
     357       -0.010163
     358       -0.008502
     359       -0.006792
     360       -0.005478
     361       -0.004539
     362       -0.003514
     363       -0.002572
     364       -0.001685
     365       -0.000771
     366        0.000081
     367        0.001281
     368        0.002352
     369        0.002806
     370        0.003042
     371        0.003194
     372        0.003295
     373        0.003340
     374        0.003359
     375        0.003372
     376        0.003381
     377        0.003386
     378        0.003385
     379        0.003363
     380        0.003293
     381        0.003196
     382        0.003101
     383        0.002947
     384        0.002289
     385        0.001130
     386       -0.000090
     387       -0.001306
     388       -0.002550
     389       -0.003837
     390       -0.005151
     391       -0.006461
     392       -0.007786
     393       -0.009090
     394       -0.010419
     395       -0.011686
     396       -0.012873
     397       -0.013740
     398       -0.013198
     399       -0.008737
     400       -0.002588
     401       -0.003842
     402       -0.012105
     403       -0.016202
     404       -0.015758
     405       -0.014292
     406       -0.012778
     407       -0.010930
     408       -0.009053
     409       -0.007134
     410       -0.005586
     411       -0.004221
     412       -0.002664
     413       -0.001007
     414        0.000598
     415        0.002104
     416        0.003426
     417        0.004608
     418        0.005660
     419        0.006271
     420        0.006421
     421        0.006510
     422        0.006597
     423        0.006637
     424        0.006656
     425        0.006671
     426        0.006682
     427        0.006689
     428        0.006692
     429        0.006678
     430        0.006622
     431        0.006586
     432        0.006553
     433        0.006137
     434        0.005287
     435        0.003999
     436        0.002330
     437        0.000664
     438       -0.000980
     439       -0.002667
     440       -0.004367
     441       -0.006077
     442       -0.007772
     443       -0.009500
     444       -0.011161
     445       -0.012919
     446       -0.014412
     447       -0.015876
     448       -0.016354
     449       -0.012280
     450       -0.003820
     451       -0.006311
     452       -0.016942
     453       -0.019894
     454       -0.017498
     455       -0.016113
     456       -0.013833
     457       -0.011808
     458       -0.009576
     459       -0.007503
     460       -0.005649
     461       -0.003854
     462       -0.001762
     463        0.000566
     464        0.002837
     465        0.004915
     466        0.006782
     467        0.008025
     468        0.009084
     469        0.009792
     470        0.009789
     471        0.009833
     472        0.009909
     473        0.009930
     474        0.009957
     475        0.009970
     476        0.009982
     477        0.009995
     478        0.009995
     479        0.010002
     480        0.009958
     481        0.009962
     482        0.010046
     483        0.009425
     484        0.008378
     485        0.006911
     486        0.004734
     487        0.002642
     488        0.000596
     489       -0.001498
     490       -0.003586
     491       -0.005680
     492       -0.007785
     493       -0.009857
     494       -0.012003
     495       -0.013976
     496       -0.016254
     497       -0.017622
     498       -0.020050
     499       -0.017170
     500       -0.006293
     501       -0.009446
     502       -0.025716
     503       -0.021800
     504       -0.020164
     505       -0.017494
     506       -0.015097
     507       -0.012596
     508       -0.010147
     509       -0.007844
     510       -0.005708
     511       -0.003490
     512       -0.000844
     513        0.002118
     514        0.005114
     515        0.007675
     516        0.010145
     517        0.011600
     518        0.012674
     519        0.013339
     520        0.013108
     521        0.013199
     522        0.013199
     523        0.013236
     524        0.013252
     525        0.013270
     526        0.013285
     527        0.013296
     528        0.013310
     529        0.013305
     530        0.013339
     531        0.013283
     532        0.013559
     533        0.012880
     534        0.011644
     535        0.009840
     536        0.007085
     537        0.004663
     538        0.002151
     539       -0.000318
     540       -0.002809
     541       -0.005289
     542       -0.007779
     543       -0.010258
     544       -0.012745
     545       -0.015246
     546       -0.017642
     547       -0.020322
     548       -0.021909
     549       -0.026018
     550       -0.009391
     551       -0.028041
     552       -0.030342
     553       -0.025241
     554       -0.022232
     555       -0.019060
     556       -0.016309
     557       -0.013378
     558       -0.010712
     559       -0.008154
     560       -0.005786
     561       -0.003170
     562        0.000023
     563        0.003698
     564        0.007369
     565        0.010627
     566        0.013242
     567        0.015530
     568        0.016629
     569        0.016602
     570        0.016564
     571        0.016502
     572        0.016514
     573        0.016533
     574        0.016550
     575        0.016570
     576        0.016587
     577        0.016600
     578        0.016617
     579        0.016633
     580        0.016655
     581        0.016746
     582        0.016784
     583        0.016728
     584        0.015298
     585        0.012481
     586        0.009578
     587        0.006619
     588        0.003733
     589        0.000851
     590       -0.002024
     591       -0.004906
     592       -0.007763
     593       -0.010670
     594       -0.013486
     595       -0.016467
     596       -0.019221
     597       -0.022409
     598       -0.025361
     599       -0.030548
     600       -0.028050
     601       -0.043109
     602       -0.031716
     603       -0.027611
     604       -0.022970
     605       -0.020135
     606       -0.016820
     607       -0.013894
     608       -0.010957
     609       -0.008262
     610       -0.005633
     611       -0.002773
     612        0.000630
     613        0.004499
     614        0.008337
     615        0.011859
     616        0.014708
     617        0.017351
     618        0.018542
     619        0.018361
     620        0.018325
     621        0.018199
     622        0.018215
     623        0.018205
     624        0.018224
     625        0.018235
     626        0.018248
     627        0.018261
     628        0.018268
     629        0.018303
     630        0.018310
     631        0.018450
     632        0.018459
     633        0.018533
     634        0.016999
     635        0.013866
     636        0.010793
     637        0.007592
     638        0.004523
     639        0.001429
     640       -0.001638
     641       -0.004704
     642       -0.007780
     643       -0.010829
     644       -0.013941
     645       -0.016926
     646       -0.020257
     647       -0.023088
     648       -0.027730
     649       -0.031765
     650       -0.043189
     651       -0.042942
     652       -0.032228
     653       -0.027528
     654       -0.023166
     655       -0.020203
     656       -0.016929
     657       -0.013927
     658       -0.010829
     659       -0.007781
     660       -0.004713
     661       -0.001651
     662        0.001411
     663        0.004495
     664        0.007567
     665        0.010736
     666        0.013848
     667        0.016900
     668        0.018435
     669        0.018446
     670        0.018402
     671        0.018300
     672        0.018297
     673        0.018281
     674        0.018291
     675        0.018298
     676        0.018310
     677        0.018326
     678        0.018340
     679        0.018383
     680        0.018418
     681        0.018557
     682        0.018649
     683        0.018696
     684        0.017155
     685        0.014022
     686        0.010834
     687        0.007617
     688        0.004524
     689        0.001423
     690       -0.001680
     691       -0.004803
     692       -0.007921
     693       -0.010985
     694       -0.014074
     695       -0.017063
     696       -0.020328
     697       -0.023281
     698       -0.027638
     699       -0.032275
     700       -0.043016
     701       -0.040422
     702       -0.035367
     703       -0.026082
     704       -0.023902
     705       -0.019927
     706       -0.017056
     707       -0.013882
     708       -0.010851
     709       -0.007771
     710       -0.004712
     711       -0.001645
     712        0.001428
     713        0.004487
     714        0.007643
     715        0.010628
     716        0.014119
     717        0.016645
     718        0.018177
     719        0.018716
     720        0.018288
     721        0.018370
     722        0.018277
     723        0.018284
     724        0.018273
     725        0.018275
     726        0.018275
     727        0.018274
     728        0.018285
     729        0.018279
     730        0.018376
     731        0.018311
     732        0.018776
     733        0.018326
     734        0.016954
     735        0.014604
     736        0.011169
     737        0.008008
     738        0.004490
     739        0.001068
     740       -0.002183
     741       -0.005198
     742       -0.008083
     743       -0.011002
     744       -0.013940
     745       -0.017076
     746       -0.019933
     747       -0.023904
     748       -0.026082
     749       -0.035367
     750       -0.040421
     751       -0.042873
     752       -0.032172
     753       -0.027543
     754       -0.023181
     755       -0.020220
     756       -0.016941
     757       -0.013934
     758       -0.010832
     759       -0.007778
     760       -0.004705
     761       -0.001638
     762        0.001430
     763        0.004520
     764        0.007599
     765        0.010775
     766        0.013896
     767        0.016961
     768        0.018494
     769        0.018489
     770        0.018433
     771        0.018318
     772        0.018300
     773        0.018269
     774        0.018262
     775        0.018249
     776        0.018238
     777        0.018227
     778        0.018210
     779        0.018218
     780        0.018213
     781        0.018317
     782        0.018401
     783        0.018513
     784        0.017311
     785        0.014715
     786        0.011807
     787        0.008318
     788        0.004497
     789        0.000659
     790       -0.002735
     791       -0.005606
     792       -0.008251
     793       -0.010962
     794       -0.013895
     795       -0.016842
     796       -0.020106
     797       -0.023069
     798       -0.027432
     799       -0.032125
     800       -0.042798
     801        0.000119
     802        0.000149
     803       -0.000421
     804       -0.001552
     805       -0.002854
     806       -0.004134
     807       -0.005371
     808       -0.006586
     809       -0.007795
     810       -0.009004
     811       -0.010212
     812       -0.011422
     813       -0.012632
     814       -0.013855
     815       -0.015072
     816       -0.016431
     817       -0.018128
     818       -0.018736
     819       -0.018249
     820       -0.018103
     821       -0.018099
     822       -0.018089
     823       -0.018093
     824       -0.018096
     825       -0.018101
     826       -0.018105
     827       -0.018109
     828       -0.018115
     829       -0.018120
     830       -0.018142
     831       -0.018168
     832       -0.018364
     833       -0.018953
     834       -0.018509
     835       -0.016980
     836       -0.015665
     837       -0.014258
     838       -0.012654
     839       -0.011063
     840       -0.009664
     841       -0.008500
     842       -0.007462
     843       -0.006413
     844       -0.005292
     845       -0.004095
     846       -0.002825
     847       -0.001522
     848       -0.000385
     849        0.000183
     850        0.000133
     851        0.000030
     852       -0.000236
     853       -0.001158
     854       -0.002385
     855       -0.003593
     856       -0.004702
     857       -0.005751
     858       -0.006776
     859       -0.007794
     860       -0.008809
     861       -0.009825
     862       -0.010843
     863       -0.011865
     864       -0.012916
     865       -0.013944
     866       -0.015315
     867       -0.016318
     868       -0.016815
     869       -0.016844
     870       -0.016487
     871       -0.016479
     872       -0.016445
     873       -0.016442
     874       -0.016443
     875       -0.016445
     876       -0.016448
     877       -0.016452
     878       -0.016458
     879       -0.016469
     880       -0.016515
     881       -0.016545
     882       -0.016951
     883       -0.017006
     884       -0.016630
     885       -0.015734
     886       -0.014375
     887       -0.013202
     888       -0.011882
     889       -0.010591
     890       -0.009428
     891       -0.008426
     892       -0.007520
     893       -0.006620
     894       -0.005674
     895       -0.004664
     896       -0.003571
     897       -0.002367
     898       -0.001137
     899       -0.000209
     900        0.000047
     901       -0.000271
     902       -0.001184
     903       -0.002703
     904       -0.004092
     905       -0.005095
     906       -0.005854
     907       -0.006521
     908       -0.007161
     909       -0.007791
     910       -0.008420
     911       -0.009048
     912       -0.009682
     913       -0.010322
     914       -0.011019
     915       -0.011660
     916       -0.013050
     917       -0.012670
     918       -0.012972
     919       -0.013993
     920       -0.013231
     921       -0.013219
     922       -0.013151
     923       -0.013140
     924       -0.013135
     925       -0.013134
     926       -0.013136
     927       -0.013138
     928       -0.013146
     929       -0.013163
     930       -0.013241
     931       -0.013276
     932       -0.014086
     933       -0.013140
     934       -0.012930
     935       -0.013380
     936       -0.011982
     937       -0.011226
     938       -0.010332
     939       -0.009495
     940       -0.008745
     941       -0.008111
     942       -0.007554
     943       -0.007015
     944       -0.006448
     945       -0.005824
     946       -0.005087
     947       -0.004095
     948       -0.002708
     949       -0.001174
     950       -0.000255
     951       -0.000562
     952       -0.002139
     953       -0.004298
     954       -0.005841
     955       -0.006615
     956       -0.007011
     957       -0.007294
     958       -0.007547
     959       -0.007790
     960       -0.008029
     961       -0.008274
     962       -0.008512
     963       -0.008799
     964       -0.009050
     965       -0.009545
     966       -0.010210
     967       -0.009532
     968       -0.009649
     969       -0.010565
     970       -0.010144
     971       -0.009887
     972       -0.009876
     973       -0.009828
     974       -0.009830
     975       -0.009823
     976       -0.009822
     977       -0.009827
     978       -0.009825
     979       -0.009875
     980       -0.009894
     981       -0.010173
     982       -0.010639
     983       -0.009789
     984       -0.009742
     985       -0.010465
     986       -0.009783
     987       -0.009197
     988       -0.008802
     989       -0.008370
     990       -0.008041
     991       -0.007781
     992       -0.007589
     993       -0.007417
     994       -0.007230
     995       -0.006992
     996       -0.006622
     997       -0.005865
     998       -0.004329
     999       -0.002146
    1000       -0.000546
    1001       -0.000883
    1002       -0.003207
    1003       -0.006039
    1004       -0.007664
    1005       -0.008155
    1006       -0.008172
    1007       -0.008069
    1008       -0.007934
    1009       -0.007787
    1010       -0.007641
    1011       -0.007492
    1012       -0.007358
    1013       -0.007234
    1014       -0.007148
    1015       -0.007269
    1016       -0.007369
    1017       -0.006540
    1018       -0.006462
    1019       -0.007143
    1020       -0.006894
    1021       -0.006624
    1022       -0.006560
    1023       -0.006533
    1024       -0.006517
    1025       -0.006514
    1026       -0.006511
    1027       -0.006509
    1028       -0.006520
    1029       -0.006545
    1030       -0.006615
    1031       -0.006903
    1032       -0.007192
    1033       -0.006569
    1034       -0.006703
    1035       -0.007560
    1036       -0.007443
    1037       -0.007251
    1038       -0.007231
    1039       -0.007247
    1040       -0.007310
    1041       -0.007442
    1042       -0.007620
    1043       -0.007826
    1044       -0.008019
    1045       -0.008167
    1046       -0.008179
    1047       -0.007710
    1048       -0.006097
    1049       -0.003234
    1050       -0.000865
    1051       -0.001276
    1052       -0.004520
    1053       -0.008024
    1054       -0.009588
    1055       -0.009713
    1056       -0.009336
    1057       -0.008847
    1058       -0.008320
    1059       -0.007787
    1060       -0.007250
    1061       -0.006717
    1062       -0.006191
    1063       -0.005681
    1064       -0.005228
    1065       -0.004921
    1066       -0.004548
    1067       -0.003605
    1068       -0.003334
    1069       -0.003739
    1070       -0.003574
    1071       -0.003342
    1072       -0.003256
    1073       -0.003225
    1074       -0.003210
    1075       -0.003203
    1076       -0.003198
    1077       -0.003196
    1078       -0.003202
    1079       -0.003227
    1080       -0.003314
    1081       -0.003560
    1082       -0.003758
    1083       -0.003404
    1084       -0.003722
    1085       -0.004686
    1086       -0.005044
    1087       -0.005297
    1088       -0.005671
    1089       -0.006100
    1090       -0.006571
    1091       -0.007089
    1092       -0.007651
    1093       -0.008235
    1094       -0.008817
    1095       -0.009348
    1096       -0.009755
    1097       -0.009654
    1098       -0.008110
    1099       -0.004572
    1100       -0.001256
    1101       -0.001815
    1102       -0.006254
    1103       -0.010351
    1104       -0.011620
    1105       -0.011277
    1106       -0.010507
    1107       -0.009625
    1108       -0.008709
    1109       -0.007784
    1110       -0.006862
    1111       -0.005938
    1112       -0.005024
    1113       -0.004127
    1114       -0.003288
    1115       -0.002532
    1116       -0.001735
    1117       -0.000684
    1118       -0.000220
    1119       -0.000342
    1120       -0.000212
    1121       -0.000040
    1122        0.000049
    1123        0.000084
    1124        0.000098
    1125        0.000107
    1126        0.000114
    1127        0.000119
    1128        0.000117
    1129        0.000093
    1130        0.000008
    1131       -0.000171
    1132       -0.000327
    1133       -0.000250
    1134       -0.000757
    1135       -0.001828
    1136       -0.002617
    1137       -0.003334
    1138       -0.004111
    1139       -0.004944
    1140       -0.005815
    1141       -0.006730
    1142       -0.007677
    1143       -0.008651
    1144       -0.009618
    1145       -0.010540
    1146       -0.011337
    1147       -0.011704
    1148       -0.010464
    1149       -0.006338
    1150       -0.001794
    1151       -0.002626
    1152       -0.008648
    1153       -0.013122
    1154       -0.013711
    1155       -0.012856
    1156       -0.011676
    1157       -0.010413
    1158       -0.009088
    1159       -0.007788
    1160       -0.006468
    1161       -0.005162
    1162       -0.003853
    1163       -0.002570
    1164       -0.001332
    1165       -0.000122
    1166        0.001093
    1167        0.002253
    1168        0.002913
    1169        0.003069
    1170        0.003171
    1171        0.003277
    1172        0.003358
    1173        0.003393
    1174        0.003407
    1175        0.003417
    1176        0.003426
    1177        0.003434
    1178        0.003436
    1179        0.003417
    1180        0.003347
    1181        0.003241
    1182        0.003122
    1183        0.002927
    1184        0.002225
    1185        0.001037
    1186       -0.000181
    1187       -0.001363
    1188       -0.002548
    1189       -0.003777
    1190       -0.005051
    1191       -0.006356
    1192       -0.007709
    1193       -0.009058
    1194       -0.010433
    1195       -0.011733
    1196       -0.012937
    1197       -0.013810
    1198       -0.013259
    1199       -0.008772
    1200       -0.002605
    1201       -0.003865
    1202       -0.012156
    1203       -0.016283
    1204       -0.015850
    1205       -0.014394
    1206       -0.012906
    1207       -0.011155
    1208       -0.009498
    1209       -0.007775
    1210       -0.006085
    1211       -0.004380
    1212       -0.002686
    1213       -0.001005
    1214        0.000632
    1215        0.002292
    1216        0.003954
    1217        0.005242
    1218        0.006094
    1219        0.006513
    1220        0.006557
    1221        0.006605
    1222        0.006673
    1223        0.006703
    1224        0.006716
    1225        0.006728
    1226        0.006739
    1227        0.006748
    1228        0.006757
    1229        0.006748
    1230        0.006696
    1231        0.006659
    1232        0.006609
    1233        0.006158
    1234        0.005258
    1235        0.003928
    1236        0.002246
    1237        0.000607
    1238       -0.000978
    1239       -0.002604
    1240       -0.004269
    1241       -0.005986
    1242       -0.007720
    1243       -0.009500
    1244       -0.011205
    1245       -0.012991
    1246       -0.014496
    1247       -0.015962
    1248       -0.016434
    1249       -0.012333
    1250       -0.003844
    1251       -0.006346
    1252       -0.017016
    1253       -0.019997
    1254       -0.017604
    1255       -0.016228
    1256       -0.013965
    1257       -0.011994
    1258       -0.009855
    1259       -0.007787
    1260       -0.005689
    1261       -0.003601
    1262       -0.001520
    1263        0.000567
    1264        0.002605
    1265        0.004689
    1266        0.006857
    1267        0.008323
    1268        0.009372
    1269        0.009999
    1270        0.009927
    1271        0.009939
    1272        0.009998
    1273        0.010008
    1274        0.010028
    1275        0.010037
    1276        0.010050
    1277        0.010066
    1278        0.010072
    1279        0.010088
    1280        0.010053
    1281        0.010063
    1282        0.010143
    1283        0.009492
    1284        0.008387
    1285        0.006856
    1286        0.004645
    1287        0.002575
    1288        0.000600
    1289       -0.001422
    1290       -0.003479
    1291       -0.005597
    1292       -0.007760
    1293       -0.009893
    1294       -0.012080
    1295       -0.014074
    1296       -0.016359
    1297       -0.017725
    1298       -0.020152
    1299       -0.017246
    1300       -0.006329
    1301       -0.009499
    1302       -0.025832
    1303       -0.021918
    1304       -0.020286
    1305       -0.017622
    1306       -0.015231
    1307       -0.012735
    1308       -0.010255
    1309       -0.007782
    1310       -0.005299
    1311       -0.002826
    1312       -0.000343
    1313        0.002119
    1314        0.004621
    1315        0.007035
    1316        0.009778
    1317        0.011576
    1318        0.012815
    1319        0.013504
    1320        0.013245
    1321        0.013316
    1322        0.013300
    1323        0.013325
    1324        0.013333
    1325        0.013347
    1326        0.013362
    1327        0.013377
    1328        0.013399
    1329        0.013406
    1330        0.013454
    1331        0.013413
    1332        0.013700
    1333        0.013002
    1334        0.011696
    1335        0.009794
    1336        0.006973
    1337        0.004574
    1338        0.002156
    1339       -0.000217
    1340       -0.002676
    1341       -0.005206
    1342       -0.007783
    1343       -0.010335
    1344       -0.012861
    1345       -0.015374
    1346       -0.017769
    1347       -0.020443
    1348       -0.022026
    1349       -0.026134
    1350       -0.009446
    1351       -0.028181
    1352       -0.030489
    1353       -0.025374
    1354       -0.022371
    1355       -0.019201
    1356       -0.016447
    1357       -0.013476
    1358       -0.010666
    1359       -0.007767
    1360       -0.004917
    1361       -0.002043
    1362        0.000823
    1363        0.003696
    1364        0.006573
    1365        0.009521
    1366        0.012412
    1367        0.015215
    1368        0.016648
    1369        0.016722
    1370        0.016703
    1371        0.016630
    1372        0.016627
    1373        0.016634
    1374        0.016641
    1375        0.016657
    1376        0.016673
    1377        0.016691
    1378        0.016718
    1379        0.016748
    1380        0.016791
    1381        0.016906
    1382        0.016970
    1383        0.016920
    1384        0.015406
    1385        0.012432
    1386        0.009425
    1387        0.006490
    1388        0.003738
    1389        0.000993
    1390       -0.001848
    1391       -0.004816
    1392       -0.007802
    1393       -0.010797
    1394       -0.013645
    1395       -0.016624
    1396       -0.019369
    1397       -0.022549
    1398       -0.025494
    1399       -0.030694
    1400       -0.028191
    1401       -0.043262
    1402       -0.031825
    1403       -0.027712
    1404       -0.023073
    1405       -0.020239
    1406       -0.016913
    1407       -0.013932
    1408       -0.010826
    1409       -0.007782
    1410       -0.004712
    1411       -0.001652
    1412        0.001409
    1413        0.004496
    1414        0.007558
    1415        0.010751
    1416        0.013815
    1417        0.016935
    1418        0.018469
    1419        0.018413
    1420        0.018418
    1421        0.018292
    1422        0.018299
    1423        0.018280
    1424        0.018292
    1425        0.018300
    1426        0.018312
    1427        0.018329
    1428        0.018343
    1429        0.018391
    1430        0.018416
    1431        0.018581
    1432        0.018625
    1433        0.018738
    1434        0.017187
    1435        0.013969
    1436        0.010821
    1437        0.007589
    1438        0.004528
    1439        0.001445
    1440       -0.001648
    1441       -0.004777
    1442       -0.007911
    1443       -0.010983
    1444       -0.014086
    1445       -0.017054
    1446       -0.020372
    1447       -0.023194
    1448       -0.027831
    1449       -0.031874
    1450       -0.043341
    1451        0.000028
    1452        0.000180
    1453        0.000410
    1454        0.000652
    1455        0.000857
    1456        0.001009
    1457        0.001100
    1458        0.001128
    1459        0.001092
    1460        0.000994
    1461        0.000839
    1462        0.000634
    1463        0.000394
    1464        0.000167
    1465        0.000021
    1466        0.000006
    1467        0.000170
    1468        0.000381
    1469        0.000581
    1470        0.000739
    1471        0.000849
    1472        0.000912
    1473        0.000931
    1474        0.000910
    1475        0.000845
    1476        0.000732
    1477        0.000570
    1478        0.000369
    1479        0.000157
    1480       -0.000008
    1481       -0.000104
    1482        0.000134
    1483        0.000358
    1484        0.000542
    1485        0.000669
    1486        0.000745
    1487        0.000782
    1488        0.000794
    1489        0.000787
    1490        0.000750
    1491        0.000669
    1492        0.000534
    1493        0.000342
    1494        0.000111
    1495       -0.000133
    1496       -0.000159
    1497        0.000141
    1498        0.000382
    1499        0.000549
    1500        0.000643
    1501        0.000682
    1502        0.000694
    1503        0.000700
    1504        0.000705
    1505        0.000697
    1506        0.000650
    1507        0.000542
    1508        0.000359
    1509        0.000102
    1510       -0.000211
    1511       -0.000119
    1512        0.000237
    1513        0.000477
    1514        0.000610
    1515        0.000656
    1516        0.000651
    1517        0.000633
    1518        0.000632
    1519        0.000652
    1520        0.000676
    1521        0.000672
    1522        0.000606
    1523        0.000450
    1524        0.000183
    1525       -0.000202
    1526        0.000079
    1527        0.000459
    1528        0.000663
    1529        0.000727
    1530        0.000700
    1531        0.000636
    1532        0.000584
    1533        0.000575
    1534        0.000614
    1535        0.000679
    1536        0.000734
    1537        0.000738
    1538        0.000644
    1539        0.000402
    1540       -0.000034
    1541        0.000504
    1542        0.000861
    1543        0.000957
    1544        0.000892
    1545        0.000756
    1546        0.000618
    1547        0.000530
    1548        0.000516
    1549        0.000578
    1550        0.000696
    1551        0.000834
    1552        0.000946
    1553        0.000973
    1554        0.000822
    1555        0.000370
    1556        0.001309
    1557        0.001467
    1558        0.001308
    1559        0.001028
    1560        0.000760
    1561        0.000556
    1562        0.000444
    1563        0.000437
    1564        0.000532
    1565        0.000714
    1566        0.000949
    1567        0.001201
    1568        0.001423
    1569        0.001489
    1570        0.001173
    1571        0.002433
    1572        0.002054
    1573        0.001366
    1574        0.000866
    1575        0.000545
    1576        0.000368
    1577        0.000301
    1578        0.000328
    1579        0.000461
    1580        0.000687
    1581        0.000962
    1582        0.001298
    1583        0.001722
    1584        0.002236
    1585        0.002379
    1586        0.003685
    1587        0.001181
    1588        0.000268
    1589       -0.000087
    1590       -0.000185
    1591       -0.000080
    1592        0.000099
    1593        0.000192
    1594        0.000348
    1595        0.000491
    1596        0.000564
    1597        0.000742
    1598        0.001104
    1599        0.001863
    1600        0.003797
    1601       -0.000651
    1602       -0.002416
    1603       -0.002192
    1604       -0.002014
    1605       -0.001714
    1606       -0.001124
    1607       -0.000033
    1608        0.000045
    1609        0.000184
    1610       -0.000280
    1611       -0.000762
    1612       -0.000930
    1613       -0.000886
    1614       -0.000829
    1615        0.001098
    1616       -0.000310
    1617       -0.000114
    1618       -0.000693
    1619       -0.000672
    1620       -0.000362
    1621       -0.001197
    1622       -0.001057
    1623       -0.000694
    1624       -0.001678
    1625       -0.001503
    1626       -0.001372
    1627       -0.002284
    1628       -0.002501
    1629       -0.002360
    1630       -0.003569
    1631       -0.001572
    1632       -0.001283
    1633       -0.002486
    1799        0.002277
    1800        0.002605
    1801        0.004266
    1802        0.004339
    1803        0.004452
    1804        0.004507
    1805        0.004545
    1806        0.004584
    1807        0.004619
    1808        0.004643
    1809        0.004627
    1810        0.004520
    1811        0.004414
    1812        0.002683
    1813        0.002305
    1814        0.000733
    1815        0.002640
    1816        0.003896
    1817        0.004376
    1818        0.004647
    1819        0.004799
    1820        0.004875
    1821        0.004910
    1822        0.004906
    1823        0.004855
    1824        0.004716
    1825        0.004447
    1826        0.003967
    1827        0.002725
    1828        0.000747
    1829        0.002146
    1830        0.002659
    1831        0.003548
    1832        0.004253
    1833        0.004692
    1834        0.004973
    1835        0.005126
    1836        0.005173
    1837        0.005124
    1838        0.004971
    1839        0.004691
    1840        0.004257
    1841        0.003565
    1842        0.002698
    1843        0.002225
    1844        0.001426
    1845        0.002399
    1846        0.003240
    1847        0.003999
    1848        0.004608
    1849        0.005036
    1850        0.005286
    1851        0.005360
    1852        0.005260
    1853        0.004994
    1854        0.004567
    1855        0.003972
    1856        0.003239
    1857        0.002444
    1858        0.001577
    1859        0.001039
    1860        0.001925
    1861        0.002811
    1862        0.003654
    1863        0.004400
    1864        0.004987
    1865        0.005356
    1866        0.005466
    1867        0.005312
    1868        0.004922
    1869        0.004340
    1870        0.003622
    1871        0.002821
    1872        0.002001
    1873        0.001237
    1874        0.000591
    1875        0.001413
    1876        0.002282
    1877        0.003185
    1878        0.004069
    1879        0.004829
    1880        0.005331
    1881        0.005489
    1882        0.005282
    1883        0.004764
    1884        0.004030
    1885        0.003182
    1886        0.002317
    1887        0.001509
    1888        0.000792
    1889        0.000246
    1890        0.000868
    1891        0.001638
    1892        0.002568
    1893        0.003587
    1894        0.004544
    1895        0.005215
    1896        0.005434
    1897        0.005166
    1898        0.004494
    1899        0.003580
    1900        0.002603
    1901        0.001705
    1902        0.000965
    1903        0.000415
    1904       -0.000133
    1905        0.000204
    1906        0.000807
    1907        0.001711
    1908        0.002879
    1909        0.004102
    1910        0.005010
    1911        0.005312
    1912        0.004960
    1913        0.004060
    1914        0.002893
    1915        0.001775
    1916        0.000886
    1917        0.000282
    1918       -0.000026
    1919       -0.000709
    1920       -0.000658
    1921       -0.000333
    1922        0.000482
    1923        0.001814
    1924        0.003438
    1925        0.004733
    1926        0.005141
    1927        0.004658
    1928        0.003358
    1929        0.001785
    1930        0.000504
    1931       -0.000292
    1932       -0.000616
    1933       -0.000673
    1934       -0.001256
    1935       -0.002127
    1936       -0.002002
    1937       -0.001280
    1938        0.000136
    1939        0.002355
    1940        0.004450
    1941        0.004945
    1942        0.004304
    1943        0.002136
    1944       -0.000054
    1945       -0.001391
    1946       -0.002058
    1947       -0.002166
    1948       -0.001314
    1949       -0.005740
    1950       -0.004230
    1951       -0.003894
    1952       -0.003452
    1953       -0.002475
    1954       -0.000078
    1955        0.004483
    1956        0.004744
    1957        0.004263
    1958       -0.000616
    1959       -0.002915
    1960       -0.003732
    1961       -0.004068
    1962       -0.004343
    1963       -0.005917
    1964        0.003843
    1965        0.004520
    1966        0.004217
    1967        0.003352
    1968        0.004275
    1969        0.003729
    1970        0.003296
    1971        0.003817
    1972        0.003525
    1973        0.002827
    1974        0.003316
    1975        0.002952
    1976        0.002661
    1977        0.001066
    1978        0.002780
    1979        0.000240
    1980       -0.002144
    1981        0.000336
    1982        0.002300
    1983        0.002678
    1984        0.004429
    1985        0.004561
    1986        0.004702
    1987        0.004759
    1988        0.004777
    1989        0.004784
    1990        0.004780
    1991        0.004763
    1992        0.004706
    1993        0.004562
    1994        0.004424
    1995        0.002672
    1996        0.002291
    1997        0.000727
    1998        0.002716
    1999        0.003979
    2000        0.004477
    2001        0.004773
    2002        0.004941
    2003        0.005020
    2004        0.005045
    2005        0.005021
    2006        0.004944
    2007        0.004779
    2008        0.004484
    2009        0.003984
    2010        0.002732
    2011        0.000757
    2012        0.002191
    2013        0.002681
    2014        0.003565
    2015        0.004275
    2016        0.004730
    2017        0.005031
    2018        0.005197
    2019        0.005248
    2020        0.005194
    2021        0.005029
    2022        0.004734
    2023        0.004286
    2024        0.003583
    2025        0.002711
    2026        0.002238
    2027        0.001522
    2028        0.002413
    2029        0.003223
    2030        0.003973
    2031        0.004587
    2032        0.005030
    2033        0.005300
    2034        0.005386
    2035        0.005290
    2036        0.005020
    2037        0.004585
    2038        0.003987
    2039        0.003252
    2040        0.002456
    2041        0.001590
    2042        0.001170
    2043        0.001960
    2044        0.002792
    2045        0.003607
    2046        0.004349
    2047        0.004945
    2048        0.005327
    2049        0.005452
    2050        0.005309
    2051        0.004928
    2052        0.004350
    2053        0.003629
    2054        0.002827
    2055        0.002010
    2056        0.001248
    2057        0.000722
    2058        0.001467
    2059        0.002279
    2060        0.003149
    2061        0.004012
    2062        0.004765
    2063        0.005276
    2064        0.005446
    2065        0.005253
    2066        0.004748
    2067        0.004023
    2068        0.003183
    2069        0.002325
    2070        0.001517
    2071        0.000802
    2072        0.000352
    2073        0.000926
    2074        0.001651
    2075        0.002542
    2076        0.003534
    2077        0.004475
    2078        0.005146
    2079        0.005374
    2080        0.005120
    2081        0.004463
    2082        0.003562
    2083        0.002596
    2084        0.001706
    2085        0.000971
    2086        0.000423
    2087       -0.000068
    2088        0.000251
    2089        0.000825
    2090        0.001699
    2091        0.002839
    2092        0.004039
    2093        0.004938
    2094        0.005244
    2095        0.004905
    2096        0.004023
    2097        0.002872
    2098        0.001767
    2099        0.000885
    2100        0.000290
    2101       -0.000018
    2102       -0.000709
    2103       -0.000657
    2104       -0.000333
    2105        0.000473
    2106        0.001786
    2107        0.003387
    2108        0.004667
    2109        0.005074
    2110        0.004603
    2111        0.003322
    2112        0.001773
    2113        0.000503
    2114       -0.000288
    2115       -0.000612
    2116       -0.000671
    2117       -0.001319
    2118       -0.002175
    2119       -0.002034
    2120       -0.001301
    2121        0.000113
    2122        0.002316
    2123        0.004393
    2124        0.004884
    2125        0.004253
    2126        0.002109
    2127       -0.000052
    2128       -0.001386
    2129       -0.002047
    2130       -0.002155
    2131       -0.001315
    2132       -0.005894
    2133       -0.004330
    2134       -0.003959
    2135       -0.003491
    2136       -0.002501
    2137       -0.000106
    2138        0.004433
    2139        0.004691
    2140        0.004215
    2141       -0.000624
    2142       -0.002903
    2143       -0.003721
    2144       -0.004048
    2145       -0.004316
    2146       -0.005871
    2147        0.003804
    2148        0.004477
    2149        0.004169
    2150        0.003325
    2151        0.004244
    2152        0.003687
    2153        0.003290
    2154        0.003801
    2155        0.003494
    2156        0.002853
    2157        0.003321
    2158        0.002930
    2159        0.002742
    2160        0.001093
    2161        0.002764
    2162        0.000347
    2163       -0.002083
    2164        0.000358
    2165        0.000022
    2166        0.000171
    2167        0.000399
    2168        0.000639
    2169        0.000845
    2170        0.001000
    2171        0.001095
    2172        0.001129
    2173        0.001098
    2174        0.001004
    2175        0.000851
    2176        0.000647
    2177        0.000405
    2178        0.000176
    2179        0.000027
    2180       -0.000007
    2181        0.000159
    2182        0.000373
    2183        0.000575
    2184        0.000737
    2185        0.000849
    2186        0.000912
    2187        0.000931
    2188        0.000909
    2189        0.000845
    2190        0.000734
    2191        0.000576
    2192        0.000378
    2193        0.000168
    2194        0.000006
    2195       -0.000127
    2196        0.000117
    2197        0.000349
    2198        0.000540
    2199        0.000674
    2200        0.000751
    2201        0.000786
    2202        0.000793
    2203        0.000781
    2204        0.000742
    2205        0.000665
    2206        0.000536
    2207        0.000353
    2208        0.000129
    2209       -0.000109
    2210       -0.000194
    2211        0.000115
    2212        0.000370
    2213        0.000551
    2214        0.000654
    2215        0.000696
    2216        0.000702
    2217        0.000698
    2218        0.000694
    2219        0.000682
    2220        0.000639
    2221        0.000541
    2222        0.000373
    2223        0.000129
    2224       -0.000175
    2225       -0.000170
    2226        0.000203
    2227        0.000465
    2228        0.000619
    2229        0.000678
    2230        0.000675
    2231        0.000649
    2232        0.000629
    2233        0.000634
    2234        0.000650
    2235        0.000650
    2236        0.000599
    2237        0.000464
    2238        0.000219
    2239       -0.000149
    2240        0.000011
    2241        0.000422
    2242        0.000661
    2243        0.000755
    2244        0.000747
    2245        0.000683
    2246        0.000611
    2247        0.000574
    2248        0.000586
    2249        0.000637
    2250        0.000695
    2251        0.000714
    2252        0.000649
    2253        0.000441
    2254        0.000037
    2255        0.000419
    2256        0.000836
    2257        0.000991
    2258        0.000972
    2259        0.000853
    2260        0.000704
    2261        0.000579
    2262        0.000517
    2263        0.000533
    2264        0.000621
    2265        0.000750
    2266        0.000877
    2267        0.000943
    2268        0.000850
    2269        0.000459
    2270        0.001218
    2271        0.001502
    2272        0.001443
    2273        0.001220
    2274        0.000956
    2275        0.000715
    2276        0.000531
    2277        0.000441
    2278        0.000455
    2279        0.000570
    2280        0.000768
    2281        0.001024
    2282        0.001300
    2283        0.001463
    2284        0.001272
    2285        0.002415
    2286        0.002266
    2287        0.001735
    2288        0.001288
    2289        0.000936
    2290        0.000660
    2291        0.000448
    2292        0.000332
    2293        0.000325
    2294        0.000408
    2295        0.000584
    2296        0.000886
    2297        0.001354
    2298        0.002019
    2299        0.002391
    2300        0.003847
    2301        0.001919
    2302        0.001114
    2303        0.000712
    2304        0.000509
    2305        0.000431
    2306        0.000315
    2307        0.000190
    2308        0.000128
    2309       -0.000024
    2310       -0.000140
    2311       -0.000067
    2312        0.000249
    2313        0.001110
    2314        0.003623
    2315        0.001131
    2316       -0.000802
    2317       -0.000854
    2318       -0.000891
    2319       -0.000743
    2320       -0.000300
    2321        0.000142
    2322        0.000027
    2323       -0.000033
    2324       -0.001130
    2325       -0.001757
    2326       -0.002062
    2327       -0.002231
    2328       -0.002456
    2329       -0.000686
    2330       -0.000824
    2331       -0.000149
    2332       -0.000265
    2333       -0.001334
    2334       -0.000385
    2335       -0.000602
    2336       -0.001790
    2337       -0.000703
    2338       -0.000998
    2339       -0.002368
    2340       -0.001369
    2341       -0.001451
    2342       -0.003574
    2343       -0.002354
    2344       -0.002500
    2345       -0.002490
    2346       -0.001277
    2347       -0.001567
    2348       -0.000039
    2349       -0.000185
    2350       -0.000773
    2351       -0.001763
    2352       -0.002932
    2353       -0.004150
    2354       -0.005368
    2355       -0.006582
    2356       -0.007793
    2357       -0.009006
    2358       -0.010213
    2359       -0.011432
    2360       -0.012626
    2361       -0.013862
    2362       -0.015036
    2363       -0.016224
    2364       -0.017607
    2365       -0.018216
    2366       -0.018039
    2367       -0.018062
    2368       -0.018097
    2369       -0.018070
    2370       -0.018086
    2371       -0.018076
    2372       -0.018076
    2373       -0.018073
    2374       -0.018065
    2375       -0.018068
    2376       -0.018044
    2377       -0.018065
    2378       -0.018015
    2379       -0.017990
    2380       -0.018099
    2381       -0.017434
    2382       -0.014551
    2383       -0.012278
    2384       -0.011683
    2385       -0.012590
    2386       -0.013566
    2387       -0.012950
    2388       -0.010665
    2389       -0.007929
    2390       -0.006670
    2391       -0.005389
    2392       -0.004177
    2393       -0.002953
    2394       -0.001789
    2395       -0.000800
    2396       -0.000213
    2397       -0.000047
    2398       -0.000154
    2399       -0.000383
    2400       -0.000973
    2401       -0.001894
    2402       -0.002993
    2403       -0.004170
    2404       -0.005373
    2405       -0.006581
    2406       -0.007793
    2407       -0.009003
    2408       -0.010216
    2409       -0.011424
    2410       -0.012632
    2411       -0.013835
    2412       -0.014997
    2413       -0.016143
    2414       -0.017271
    2415       -0.017878
    2416       -0.017960
    2417       -0.018022
    2418       -0.018070
    2419       -0.018077
    2420       -0.018079
    2421       -0.018081
    2422       -0.018077
    2423       -0.018074
    2424       -0.018072
    2425       -0.018064
    2426       -0.018057
    2427       -0.018036
    2428       -0.017984
    2429       -0.017862
    2430       -0.017764
    2431       -0.016693
    2432       -0.014768
    2433       -0.013146
    2434       -0.012395
    2435       -0.012609
    2436       -0.012823
    2437       -0.012045
    2438       -0.010361
    2439       -0.008348
    2440       -0.006669
    2441       -0.005450
    2442       -0.004191
    2443       -0.003019
    2444       -0.001913
    2445       -0.000997
    2446       -0.000406
    2447       -0.000159
    2448       -0.000239
    2449       -0.000516
    2450       -0.001123
    2451       -0.002001
    2452       -0.003047
    2453       -0.004190
    2454       -0.005377
    2455       -0.006582
    2456       -0.007792
    2457       -0.009004
    2458       -0.010215
    2459       -0.011424
    2460       -0.012627
    2461       -0.013817
    2462       -0.014958
    2463       -0.016057
    2464       -0.017024
    2465       -0.017630
    2466       -0.017874
    2467       -0.017984
    2468       -0.018053
    2469       -0.018073
    2470       -0.018080
    2471       -0.018081
    2472       -0.018080
    2473       -0.018078
    2474       -0.018074
    2475       -0.018070
    2476       -0.018054
    2477       -0.018029
    2478       -0.017928
    2479       -0.017785
    2480       -0.017405
    2481       -0.016365
    2482       -0.014925
    2483       -0.013715
    2484       -0.012901
    2485       -0.012611
    2486       -0.012310
    2487       -0.011435
    2488       -0.010121
    2489       -0.008432
    2490       -0.006789
    2491       -0.005449
    2492       -0.004234
    2493       -0.003065
    2494       -0.002020
    2495       -0.001140
    2496       -0.000537
    2497       -0.000241
    2498       -0.000302
    2499       -0.000599
    2500       -0.001232
    2501       -0.002083
    2502       -0.003093
    2503       -0.004208
    2504       -0.005382
    2505       -0.006582
    2506       -0.007791
    2507       -0.009003
    2508       -0.010214
    2509       -0.011423
    2510       -0.012623
    2511       -0.013802
    2512       -0.014926
    2513       -0.015977
    2514       -0.016848
    2515       -0.017453
    2516       -0.017794
    2517       -0.017953
    2518       -0.018039
    2519       -0.018070
    2520       -0.018080
    2521       -0.018082
    2522       -0.018082
    2523       -0.018080
    2524       -0.018078
    2525       -0.018071
    2526       -0.018057
    2527       -0.018013
    2528       -0.017901
    2529       -0.017687
    2530       -0.017172
    2531       -0.016202
    2532       -0.015082
    2533       -0.014092
    2534       -0.013244
    2535       -0.012612
    2536       -0.011958
    2537       -0.011030
    2538       -0.009884
    2539       -0.008425
    2540       -0.006852
    2541       -0.005477
    2542       -0.004250
    2543       -0.003113
    2544       -0.002096
    2545       -0.001246
    2546       -0.000615
    2547       -0.000303
    2548       -0.000344
    2549       -0.000649
    2550       -0.001305
    2551       -0.002142
    2552       -0.003126
    2553       -0.004222
    2554       -0.005386
    2555       -0.006583
    2556       -0.007791
    2557       -0.009003
    2558       -0.010214
    2559       -0.011422
    2560       -0.012619
    2561       -0.013791
    2562       -0.014901
    2563       -0.015916
    2564       -0.016729
    2565       -0.017335
    2566       -0.017732
    2567       -0.017928
    2568       -0.018028
    2569       -0.018068
    2570       -0.018081
    2571       -0.018084
    2572       -0.018084
    2573       -0.018083
    2574       -0.018081
    2575       -0.018075
    2576       -0.018057
    2577       -0.018006
    2578       -0.017878
    2579       -0.017613
    2580       -0.017034
    2581       -0.016151
    2582       -0.015227
    2583       -0.014356
    2584       -0.013471
    2585       -0.012613
    2586       -0.011727
    2587       -0.010745
    2588       -0.009681
    2589       -0.008363
    2590       -0.006878
    2591       -0.005497
    2592       -0.004266
    2593       -0.003145
    2594       -0.002152
    2595       -0.001314
    2596       -0.000660
    2597       -0.000344
    2598       -0.000370
    2599       -0.000675
    2600       -0.001348
    2601       -0.002178
    2602       -0.003147
    2603       -0.004231
    2604       -0.005389
    2605       -0.006583
    2606       -0.007791
    2607       -0.009002
    2608       -0.010214
    2609       -0.011421
    2610       -0.012617
    2611       -0.013783
    2612       -0.014885
    2613       -0.015877
    2614       -0.016661
    2615       -0.017267
    2616       -0.017694
    2617       -0.017912
    2618       -0.018022
    2619       -0.018066
    2620       -0.018081
    2621       -0.018085
    2622       -0.018086
    2623       -0.018085
    2624       -0.018084
    2625       -0.018079
    2626       -0.018060
    2627       -0.018004
    2628       -0.017866
    2629       -0.017570
    2630       -0.016978
    2631       -0.016173
    2632       -0.015367
    2633       -0.014548
    2634       -0.013621
    2635       -0.012614
    2636       -0.011575
    2637       -0.010541
    2638       -0.009506
    2639       -0.008277
    2640       -0.006871
    2641       -0.005508
    2642       -0.004275
    2643       -0.003163
    2644       -0.002184
    2645       -0.001352
    2646       -0.000681
    2647       -0.000370
    2648       -0.000378
    2649       -0.000685
    2650       -0.001363
    2651       -0.002190
    2652       -0.003155
    2653       -0.004235
    2654       -0.005390
    2655       -0.006583
    2656       -0.007791
    2657       -0.009002
    2658       -0.010213
    2659       -0.011420
    2660       -0.012616
    2661       -0.013781
    2662       -0.014879
    2663       -0.015863
    2664       -0.016638
    2665       -0.017244
    2666       -0.017680
    2667       -0.017907
    2668       -0.018020
    2669       -0.018066
    2670       -0.018082
    2671       -0.018087
    2672       -0.018088
    2673       -0.018088
    2674       -0.018087
    2675       -0.018082
    2676       -0.018064
    2677       -0.018008
    2678       -0.017866
    2679       -0.017564
    2680       -0.016989
    2681       -0.016251
    2682       -0.015507
    2683       -0.014695
    2684       -0.013724
    2685       -0.012616
    2686       -0.011475
    2687       -0.010394
    2688       -0.009357
    2689       -0.008182
    2690       -0.006841
    2691       -0.005506
    2692       -0.004275
    2693       -0.003167
    2694       -0.002192
    2695       -0.001362
    2696       -0.000685
    2697       -0.000378
    2698       -0.000369
    2699       -0.000680
    2700       -0.001351
    2701       -0.002179
    2702       -0.003148
    2703       -0.004232
    2704       -0.005389
    2705       -0.006583
    2706       -0.007791
    2707       -0.009002
    2708       -0.010213
    2709       -0.011420
    2710       -0.012616
    2711       -0.013782
    2712       -0.014883
    2713       -0.015876
    2714       -0.016659
    2715       -0.017265
    2716       -0.017693
    2717       -0.017912
    2718       -0.018022
    2719       -0.018067
    2720       -0.018083
    2721       -0.018088
    2722       -0.018090
    2723       -0.018090
    2724       -0.018090
    2725       -0.018086
    2726       -0.018069
    2727       -0.018016
    2728       -0.017880
    2729       -0.017594
    2730       -0.017060
    2731       -0.016375
    2732       -0.015651
    2733       -0.014816
    2734       -0.013798
    2735       -0.012619
    2736       -0.011409
    2737       -0.010283
    2738       -0.009230
    2739       -0.008084
    2740       -0.006797
    2741       -0.005492
    2742       -0.004267
    2743       -0.003156
    2744       -0.002177
    2745       -0.001346
    2746       -0.000674
    2747       -0.000369
    2748       -0.000344
    2749       -0.000658
    2750       -0.001311
    2751       -0.002145
    2752       -0.003128
    2753       -0.004223
    2754       -0.005386
    2755       -0.006583
    2756       -0.007791
    2757       -0.009002
    2758       -0.010213
    2759       -0.011420
    2760       -0.012618
    2761       -0.013789
    2762       -0.014898
    2763       -0.015913
    2764       -0.016727
    2765       -0.017333
    2766       -0.017731
    2767       -0.017928
    2768       -0.018029
    2769       -0.018070
    2770       -0.018084
    2771       -0.018089
    2772       -0.018091
    2773       -0.018093
    2774       -0.018093
    2775       -0.018090
    2776       -0.018076
    2777       -0.018030
    2778       -0.017907
    2779       -0.017658
    2780       -0.017185
    2781       -0.016543
    2782       -0.015805
    2783       -0.014923
    2784       -0.013856
    2785       -0.012623
    2786       -0.011363
    2787       -0.010197
    2788       -0.009120
    2789       -0.007988
    2790       -0.006743
    2791       -0.005468
    2792       -0.004250
    2793       -0.003130
    2794       -0.002139
    2795       -0.001301
    2796       -0.000647
    2797       -0.000343
    2798       -0.000301
    2799       -0.000612
    2800       -0.001240
    2801       -0.002088
    2802       -0.003095
    2803       -0.004209
    2804       -0.005383
    2805       -0.006582
    2806       -0.007791
    2807       -0.009002
    2808       -0.010213
    2809       -0.011421
    2810       -0.012621
    2811       -0.013799
    2812       -0.014923
    2813       -0.015973
    2814       -0.016843
    2815       -0.017450
    2816       -0.017791
    2817       -0.017952
    2818       -0.018040
    2819       -0.018074
    2820       -0.018086
    2821       -0.018091
    2822       -0.018093
    2823       -0.018095
    2824       -0.018096
    2825       -0.018095
    2826       -0.018084
    2827       -0.018048
    2828       -0.017946
    2829       -0.017750
    2830       -0.017366
    2831       -0.016758
    2832       -0.015971
    2833       -0.015025
    2834       -0.013907
    2835       -0.012629
    2836       -0.011328
    2837       -0.010125
    2838       -0.009020
    2839       -0.007895
    2840       -0.006683
    2841       -0.005437
    2842       -0.004224
    2843       -0.003091
    2844       -0.002077
    2845       -0.001226
    2846       -0.000596
    2847       -0.000300
    2848       -0.000239
    2849       -0.000531
    2850       -0.001133
    2851       -0.002006
    2852       -0.003050
    2853       -0.004192
    2854       -0.005378
    2855       -0.006582
    2856       -0.007791
    2857       -0.009003
    2858       -0.010213
    2859       -0.011421
    2860       -0.012624
    2861       -0.013813
    2862       -0.014953
    2863       -0.016052
    2864       -0.017018
    2865       -0.017625
    2866       -0.017870
    2867       -0.017983
    2868       -0.018055
    2869       -0.018078
    2870       -0.018088
    2871       -0.018092
    2872       -0.018095
    2873       -0.018097
    2874       -0.018099
    2875       -0.018099
    2876       -0.018093
    2877       -0.018071
    2878       -0.017993
    2879       -0.017864
    2880       -0.017607
    2881       -0.017028
    2882       -0.016149
    2883       -0.015128
    2884       -0.013959
    2885       -0.012635
    2886       -0.011297
    2887       -0.010058
    2888       -0.008927
    2889       -0.007804
    2890       -0.006622
    2891       -0.005401
    2892       -0.004194
    2893       -0.003041
    2894       -0.001991
    2895       -0.001115
    2896       -0.000511
    2897       -0.000236
    2898       -0.000156
    2899       -0.000400
    2900       -0.000985
    2901       -0.001900
    2902       -0.002997
    2903       -0.004172
    2904       -0.005374
    2905       -0.006582
    2906       -0.007793
    2907       -0.009002
    2908       -0.010214
    2909       -0.011421
    2910       -0.012628
    2911       -0.013829
    2912       -0.014990
    2913       -0.016136
    2914       -0.017264
    2915       -0.017871
    2916       -0.017955
    2917       -0.018020
    2918       -0.018072
    2919       -0.018082
    2920       -0.018088
    2921       -0.018094
    2922       -0.018096
    2923       -0.018099
    2924       -0.018103
    2925       -0.018103
    2926       -0.018102
    2927       -0.018096
    2928       -0.018047
    2929       -0.017986
    2930       -0.017920
    2931       -0.017369
    2932       -0.016333
    2933       -0.015240
    2934       -0.014015
    2935       -0.012641
    2936       -0.011262
    2937       -0.009991
    2938       -0.008834
    2939       -0.007716
    2940       -0.006560
    2941       -0.005365
    2942       -0.004161
    2943       -0.002981
    2944       -0.001881
    2945       -0.000963
    2946       -0.000377
    2947       -0.000151
    2948       -0.000044
    2949       -0.000204
    2950       -0.000787
    2951       -0.001771
    2952       -0.002936
    2953       -0.004152
    2954       -0.005369
    2955       -0.006583
    2956       -0.007792
    2957       -0.009005
    2958       -0.010210
    2959       -0.011428
    2960       -0.012621
    2961       -0.013855
    2962       -0.015029
    2963       -0.016215
    2964       -0.017598
    2965       -0.018208
    2966       -0.018033
    2967       -0.018059
    2968       -0.018098
    2969       -0.018076
    2970       -0.018096
    2971       -0.018092
    2972       -0.018099
    2973       -0.018102
    2974       -0.018102
    2975       -0.018113
    2976       -0.018100
    2977       -0.018130
    2978       -0.018102
    2979       -0.018098
    2980       -0.018321
    2981       -0.017796
    2982       -0.016513
    2983       -0.015363
    2984       -0.014089
    2985       -0.012637
    2986       -0.011228
    2987       -0.009909
    2988       -0.008740
    2989       -0.007629
    2990       -0.006502
    2991       -0.005331
    2992       -0.004128
    2993       -0.002915
    2994       -0.001748
    2995       -0.000760
    2996       -0.000177
    2997       -0.000035
    2998        0.000105
    2999        0.000080
    3000       -0.000529
    3001       -0.001619
    3002       -0.002876
    3003       -0.004135
    3004       -0.005367
    3005       -0.006583
    3006       -0.007794
    3007       -0.009003
    3008       -0.010214
    3009       -0.011421
    3010       -0.012642
    3011       -0.013832
    3012       -0.015137
    3013       -0.016209
    3014       -0.018066
    3015       -0.018676
    3016       -0.018026
    3017       -0.018168
    3018       -0.018075
    3019       -0.018098
    3020       -0.018090
    3021       -0.018097
    3022       -0.018099
    3023       -0.018103
    3024       -0.018108
    3025       -0.018110
    3026       -0.018126
    3027       -0.018114
    3028       -0.018225
    3029       -0.018122
    3030       -0.018850
    3031       -0.018357
    3032       -0.016618
    3033       -0.015572
    3034       -0.014128
    3035       -0.012660
    3036       -0.011164
    3037       -0.009817
    3038       -0.008634
    3039       -0.007545
    3040       -0.006449
    3041       -0.005302
    3042       -0.004100
    3043       -0.002849
    3044       -0.001592
    3045       -0.000498
    3046        0.000113
    3047        0.000120
    3048        0.000119
    3049        0.000149
    3050       -0.000421
    3051       -0.001552
    3052       -0.002854
    3053       -0.004134
    3054       -0.005371
    3055       -0.006586
    3056       -0.007795
    3057       -0.009004
    3058       -0.010212
    3059       -0.011422
    3060       -0.012632
    3061       -0.013855
    3062       -0.015072
    3063       -0.016431
    3064       -0.018128
    3065       -0.018736
    3066       -0.018249
    3067       -0.018103
    3068       -0.018099
    3069       -0.018089
    3070       -0.018093
    3071       -0.018096
    3072       -0.018101
    3073       -0.018105
    3074       -0.018109
    3075       -0.018115
    3076       -0.018120
    3077       -0.018142
    3078       -0.018168
    3079       -0.018364
    3080       -0.018953
    3081       -0.018509
    3082       -0.016980
    3083       -0.015665
    3084       -0.014258
    3085       -0.012654
    3086       -0.011063
    3087       -0.009664
    3088       -0.008500
    3089       -0.007462
    3090       -0.006413
    3091       -0.005292
    3092       -0.004095
    3093       -0.002825
    3094       -0.001522
    3095       -0.000385
    3096        0.000183
    3097        0.000133
    3098       -0.000041
    3099        0.000027
    3100       -0.000043
    3101        0.000033
    3102        0.000126
    3103        0.000193
    3104        0.000464
    3105        0.000514
    3106        0.000854
    3107        0.000878
    3108        0.001239
    3109        0.001247
    3110        0.001610
    3111        0.001612
    3112        0.001976
    3113        0.001976
    3114        0.002338
    3115        0.002338
    3116        0.002702
    3117        0.002702
    3118        0.003064
    3119        0.003063
    3120        0.003430
    3121        0.003432
    3122        0.003789
    3123        0.003781
    3124        0.004164
    3125        0.004165
    3126        0.004516
    3127        0.004515
    3128        0.004950
    3129        0.004752
    3130        0.005425
    3131        0.005925
    3132        0.005607
    3133        0.006106
    3134        0.005495
    3135        0.005296
    3136        0.005423
    3137        0.005423
    3138        0.005434
    3139        0.005436
    3140        0.005422
    3141        0.005414
    3142        0.005425
    3143        0.005428
    3144        0.005422
    3145        0.005421
    3146        0.005422
    3147        0.005422
    3148        0.005420
    3149        0.005421
    3150        0.005417
    3151        0.005417
    3152        0.005418
    3153        0.005421
    3154        0.005411
    3155        0.005405
    3156        0.005423
    3157        0.005424
    3158        0.005408
    3159        0.005406
    3160        0.005488
    3161        0.005279
    3162        0.005603
    3163        0.006074
    3164        0.005458
    3165        0.005896
    3166        0.004957
    3167        0.004249
    3168        0.003318
    3169        0.003433
    3170        0.003065
    3171        0.003508
    3172        0.003770
    3173        0.003770
    3174        0.004509
    3175        0.004066
    3176        0.004261
    3177        0.004145
    3178        0.003202
    3179        0.002687
    3180        0.002350
    3181        0.002290
    3182        0.001999
    3183        0.001967
    3184        0.001619
    3185        0.001605
    3186        0.001257
    3187        0.001246
    3188        0.000862
    3189        0.000886
    3190        0.000474
    3191        0.000523
    3192        0.000137
    3193        0.000203
    3194       -0.000033
    3195        0.000043
    3196       -0.000036
    3197        0.000026


                                                      SUMMARY INFORMATION
                                                  _________________________

                                                         Min/Max Values
    -Source ID--Entity ID---Sub ID----X Component--
Min:     1       1450          0        -0.043341
Max:     1        732          0         0.018776

