




                       MSC.Patran 25.0.638960 Wed Mar 13 09:21:55 PDT 2019 - Analysis Code: MSC.Nastran 
                                             Load Case: Default, A1:Static Subcase 
                                         Result Strain Tensor,  - Layer (NON-LAYERED) 
                                                     Entity: Element Tensor


-Entity ID--X Component--
       1       -0.005185
       2       -0.008360
       3       -0.012887
       4       -0.017672
       5       -0.026107
       6       -0.007795
       7       -0.009567
       8       -0.010599
       9       -0.011800
      10       -0.012974
      11       -0.014186
      12       -0.015402
      13       -0.016624
      14       -0.017861
      15       -0.019092
      16       -0.020464
      17       -0.022155
      18       -0.022767
      19       -0.022295
      20       -0.022145
      21       -0.022135
      22       -0.022120
      23       -0.022120
      24       -0.022120
      25       -0.022121
      26       -0.022120
      27       -0.022120
      28       -0.022119
      29       -0.022118
      30       -0.022133
      31       -0.022142
      32       -0.022293
      33       -0.022765
      34       -0.022158
      35       -0.020475
      36       -0.019113
      37       -0.017891
      38       -0.016665
      39       -0.015454
      40       -0.014242
      41       -0.013032
      42       -0.011822
      43       -0.010611
      44       -0.009396
      45       -0.008163
      46       -0.006893
      47       -0.005602
      48       -0.004459
      49       -0.003827
      50       -0.003728
      51       -0.003026
      52       -0.003828
      53       -0.007694
      54       -0.014986
      55       -0.027741
      56       -0.012575
      57       -0.009323
      58       -0.011072
      59       -0.011571
      60       -0.012699
      61       -0.013621
      62       -0.014677
      63       -0.015687
      64       -0.016756
      65       -0.017789
      66       -0.019175
      67       -0.020173
      68       -0.020674
      69       -0.020712
      70       -0.020348
      71       -0.020337
      72       -0.020300
      73       -0.020294
      74       -0.020292
      75       -0.020291
      76       -0.020291
      77       -0.020291
      78       -0.020293
      79       -0.020298
      80       -0.020334
      81       -0.020345
      82       -0.020709
      83       -0.020670
      84       -0.020173
      85       -0.019180
      86       -0.017804
      87       -0.016773
      88       -0.015720
      89       -0.014697
      90       -0.013678
      91       -0.012660
      92       -0.011644
      93       -0.010626
      94       -0.009602
      95       -0.008558
      96       -0.007466
      97       -0.006287
      98       -0.005086
      99       -0.004130
     100       -0.003750
     101       -0.003868
     102       -0.005606
     103       -0.009300
     104       -0.016705
     105       -0.018816
     106       -0.016042
     107       -0.011013
     108       -0.011063
     109       -0.011478
     110       -0.011942
     111       -0.012566
     112       -0.013172
     113       -0.013821
     114       -0.014514
     115       -0.015162
     116       -0.016561
     117       -0.016183
     118       -0.016485
     119       -0.017506
     120       -0.016735
     121       -0.016721
     122       -0.016653
     123       -0.016641
     124       -0.016635
     125       -0.016633
     126       -0.016633
     127       -0.016634
     128       -0.016639
     129       -0.016651
     130       -0.016719
     131       -0.016731
     132       -0.017501
     133       -0.016479
     134       -0.016177
     135       -0.016559
     136       -0.015160
     137       -0.014518
     138       -0.013822
     139       -0.013182
     140       -0.012547
     141       -0.011919
     142       -0.011290
     143       -0.010660
     144       -0.010023
     145       -0.009364
     146       -0.008631
     147       -0.007694
     148       -0.006406
     149       -0.004959
     150       -0.003983
     151       -0.004557
     152       -0.006695
     153       -0.011423
     154       -0.015528
     155       -0.016909
     156       -0.015455
     157       -0.012889
     158       -0.011131
     159       -0.011256
     160       -0.011253
     161       -0.011468
     162       -0.011681
     163       -0.011962
     164       -0.012208
     165       -0.012699
     166       -0.013373
     167       -0.012702
     168       -0.012818
     169       -0.013724
     170       -0.013290
     171       -0.013034
     172       -0.013025
     173       -0.012978
     174       -0.012980
     175       -0.012974
     176       -0.012974
     177       -0.012979
     178       -0.012977
     179       -0.013023
     180       -0.013031
     181       -0.013286
     182       -0.013717
     183       -0.012809
     184       -0.012691
     185       -0.013362
     186       -0.012686
     187       -0.012192
     188       -0.011943
     189       -0.011657
     190       -0.011420
     191       -0.011175
     192       -0.010937
     193       -0.010695
     194       -0.010445
     195       -0.010172
     196       -0.009811
     197       -0.009134
     198       -0.007774
     199       -0.005789
     200       -0.004202
     201       -0.004827
     202       -0.008052
     203       -0.012515
     204       -0.015437
     205       -0.015881
     206       -0.015302
     207       -0.013436
     208       -0.011590
     209       -0.010861
     210       -0.010606
     211       -0.010348
     212       -0.010208
     213       -0.010063
     214       -0.009968
     215       -0.010077
     216       -0.010183
     217       -0.009369
     218       -0.009287
     219       -0.009945
     220       -0.009683
     221       -0.009416
     222       -0.009356
     223       -0.009332
     224       -0.009318
     225       -0.009317
     226       -0.009317
     227       -0.009317
     228       -0.009330
     229       -0.009354
     230       -0.009413
     231       -0.009678
     232       -0.009937
     233       -0.009275
     234       -0.009352
     235       -0.010162
     236       -0.010052
     237       -0.009934
     238       -0.010024
     239       -0.010149
     240       -0.010285
     241       -0.010435
     242       -0.010582
     243       -0.010730
     244       -0.010869
     245       -0.010984
     246       -0.011006
     247       -0.010638
     248       -0.009271
     249       -0.006720
     250       -0.004445
     251       -0.005256
     252       -0.009206
     253       -0.013711
     254       -0.015692
     255       -0.015668
     256       -0.015124
     257       -0.013696
     258       -0.011780
     259       -0.010590
     260       -0.009871
     261       -0.009269
     262       -0.008704
     263       -0.008182
     264       -0.007707
     265       -0.007384
     266       -0.007009
     267       -0.006093
     268       -0.005816
     269       -0.006182
     270       -0.006005
     271       -0.005779
     272       -0.005700
     273       -0.005673
     274       -0.005662
     275       -0.005659
     276       -0.005658
     277       -0.005660
     278       -0.005671
     279       -0.005696
     280       -0.005775
     281       -0.006000
     282       -0.006173
     283       -0.005801
     284       -0.006071
     285       -0.006981
     286       -0.007345
     287       -0.007657
     288       -0.008116
     289       -0.008628
     290       -0.009156
     291       -0.009691
     292       -0.010229
     293       -0.010765
     294       -0.011296
     295       -0.011797
     296       -0.012214
     297       -0.012222
     298       -0.010981
     299       -0.007874
     300       -0.004757
     301       -0.005707
     302       -0.010589
     303       -0.015092
     304       -0.016340
     305       -0.015789
     306       -0.015092
     307       -0.013743
     308       -0.011835
     309       -0.010281
     310       -0.009157
     311       -0.008163
     312       -0.007214
     313       -0.006293
     314       -0.005431
     315       -0.004648
     316       -0.003842
     317       -0.002830
     318       -0.002357
     319       -0.002424
     320       -0.002286
     321       -0.002124
     322       -0.002042
     323       -0.002013
     324       -0.002004
     325       -0.002000
     326       -0.002000
     327       -0.002002
     328       -0.002011
     329       -0.002039
     330       -0.002119
     331       -0.002280
     332       -0.002415
     333       -0.002340
     334       -0.002804
     335       -0.003805
     336       -0.004597
     337       -0.005362
     338       -0.006207
     339       -0.007107
     340       -0.008023
     341       -0.008950
     342       -0.009874
     343       -0.010802
     344       -0.011722
     345       -0.012617
     346       -0.013422
     347       -0.013892
     348       -0.012985
     349       -0.009415
     350       -0.005197
     351       -0.006365
     352       -0.012441
     353       -0.016868
     354       -0.017194
     355       -0.016141
     356       -0.015136
     357       -0.013725
     358       -0.011757
     359       -0.009952
     360       -0.008433
     361       -0.007061
     362       -0.005716
     363       -0.004404
     364       -0.003138
     365       -0.001894
     366       -0.000658
     367        0.000451
     368        0.001121
     369        0.001349
     370        0.001453
     371        0.001546
     372        0.001619
     373        0.001647
     374        0.001655
     375        0.001658
     376        0.001659
     377        0.001657
     378        0.001650
     379        0.001623
     380        0.001551
     381        0.001459
     382        0.001359
     383        0.001140
     384        0.000482
     385       -0.000614
     386       -0.001830
     387       -0.003052
     388       -0.004296
     389       -0.005583
     390       -0.006894
     391       -0.008203
     392       -0.009526
     393       -0.010829
     394       -0.012158
     395       -0.013433
     396       -0.014644
     397       -0.015600
     398       -0.015370
     399       -0.011553
     400       -0.005889
     401       -0.007355
     402       -0.015257
     403       -0.018989
     404       -0.018191
     405       -0.016562
     406       -0.015302
     407       -0.013632
     408       -0.011636
     409       -0.009571
     410       -0.007718
     411       -0.005952
     412       -0.004221
     413       -0.002507
     414       -0.000837
     415        0.000863
     416        0.002561
     417        0.003786
     418        0.004652
     419        0.005159
     420        0.005192
     421        0.005225
     422        0.005287
     423        0.005308
     424        0.005313
     425        0.005317
     426        0.005317
     427        0.005315
     428        0.005311
     429        0.005291
     430        0.005231
     431        0.005199
     432        0.005169
     433        0.004671
     434        0.003820
     435        0.002612
     436        0.000939
     437       -0.000734
     438       -0.002377
     439       -0.004062
     440       -0.005759
     441       -0.007467
     442       -0.009161
     443       -0.010886
     444       -0.012550
     445       -0.014307
     446       -0.015826
     447       -0.017342
     448       -0.018063
     449       -0.014707
     450       -0.006950
     451       -0.009482
     452       -0.019257
     453       -0.021619
     454       -0.018874
     455       -0.017304
     456       -0.015345
     457       -0.013623
     458       -0.011432
     459       -0.009192
     460       -0.006989
     461       -0.004847
     462       -0.002728
     463       -0.000602
     464        0.001472
     465        0.003599
     466        0.005823
     467        0.007220
     468        0.008284
     469        0.009010
     470        0.008913
     471        0.008911
     472        0.008964
     473        0.008964
     474        0.008975
     475        0.008974
     476        0.008975
     477        0.008977
     478        0.008967
     479        0.008969
     480        0.008917
     481        0.008920
     482        0.009019
     483        0.008303
     484        0.007256
     485        0.005881
     486        0.003688
     487        0.001592
     488       -0.000449
     489       -0.002542
     490       -0.004627
     491       -0.006719
     492       -0.008820
     493       -0.010894
     494       -0.013032
     495       -0.015018
     496       -0.017287
     497       -0.018721
     498       -0.021214
     499       -0.019040
     500       -0.009142
     501       -0.012161
     502       -0.026873
     503       -0.022590
     504       -0.020410
     505       -0.017645
     506       -0.015581
     507       -0.013544
     508       -0.011259
     509       -0.008790
     510       -0.006263
     511       -0.003747
     512       -0.001222
     513        0.001279
     514        0.003828
     515        0.006274
     516        0.009099
     517        0.010840
     518        0.012096
     519        0.012877
     520        0.012572
     521        0.012645
     522        0.012617
     523        0.012634
     524        0.012631
     525        0.012633
     526        0.012634
     527        0.012633
     528        0.012637
     529        0.012622
     530        0.012651
     531        0.012580
     532        0.012885
     533        0.012112
     534        0.010874
     535        0.009163
     536        0.006376
     537        0.003966
     538        0.001455
     539       -0.001010
     540       -0.003498
     541       -0.005975
     542       -0.008463
     543       -0.010940
     544       -0.013427
     545       -0.015920
     546       -0.018335
     547       -0.020983
     548       -0.022638
     549       -0.026926
     550       -0.011808
     551       -0.029052
     552       -0.030692
     553       -0.024896
     554       -0.021422
     555       -0.018063
     556       -0.015773
     557       -0.013489
     558       -0.011119
     559       -0.008384
     560       -0.005546
     561       -0.002640
     562        0.000271
     563        0.003190
     564        0.006112
     565        0.009108
     566        0.012047
     567        0.014878
     568        0.016330
     569        0.016416
     570        0.016389
     571        0.016308
     572        0.016297
     573        0.016294
     574        0.016290
     575        0.016292
     576        0.016293
     577        0.016292
     578        0.016298
     579        0.016302
     580        0.016314
     581        0.016397
     582        0.016425
     583        0.016338
     584        0.014906
     585        0.012119
     586        0.009223
     587        0.006268
     588        0.003387
     589        0.000510
     590       -0.002362
     591       -0.005240
     592       -0.008096
     593       -0.010998
     594       -0.013817
     595       -0.016787
     596       -0.019531
     597       -0.022730
     598       -0.025479
     599       -0.030743
     600       -0.028506
     601       -0.042780
     602       -0.031350
     603       -0.026818
     604       -0.021810
     605       -0.018776
     606       -0.015910
     607       -0.013565
     608       -0.010938
     609       -0.008099
     610       -0.005078
     611       -0.002002
     612        0.001089
     613        0.004212
     614        0.007304
     615        0.010536
     616        0.013621
     617        0.016789
     618        0.018338
     619        0.018264
     620        0.018277
     621        0.018141
     622        0.018147
     623        0.018119
     624        0.018124
     625        0.018121
     626        0.018121
     627        0.018125
     628        0.018122
     629        0.018151
     630        0.018146
     631        0.018283
     632        0.018271
     633        0.018341
     634        0.016807
     635        0.013675
     636        0.010621
     637        0.007421
     638        0.004360
     639        0.001267
     640       -0.001796
     641       -0.004861
     642       -0.007933
     643       -0.010983
     644       -0.014086
     645       -0.017081
     646       -0.020367
     647       -0.023224
     648       -0.027627
     649       -0.031389
     650       -0.042321
     651       -0.042246
     652       -0.031860
     653       -0.027480
     654       -0.023295
     655       -0.020321
     656       -0.017081
     657       -0.014070
     658       -0.010977
     659       -0.007926
     660       -0.004856
     661       -0.001793
     662        0.001271
     663        0.004358
     664        0.007430
     665        0.010602
     666        0.013708
     667        0.016766
     668        0.018299
     669        0.018304
     670        0.018264
     671        0.018155
     672        0.018149
     673        0.018125
     674        0.018128
     675        0.018125
     676        0.018126
     677        0.018129
     678        0.018128
     679        0.018152
     680        0.018159
     681        0.018269
     682        0.018310
     683        0.018301
     684        0.016782
     685        0.013758
     686        0.010682
     687        0.007538
     688        0.004496
     689        0.001441
     690       -0.001587
     691       -0.004608
     692       -0.007626
     693       -0.010629
     694       -0.013700
     695       -0.016727
     696       -0.019993
     697       -0.022958
     698       -0.027133
     699       -0.031385
     700       -0.041702
     701       -0.040064
     702       -0.034379
     703       -0.026309
     704       -0.023891
     705       -0.020094
     706       -0.017189
     707       -0.014034
     708       -0.010999
     709       -0.007921
     710       -0.004862
     711       -0.001796
     712        0.001279
     713        0.004334
     714        0.007496
     715        0.010461
     716        0.013980
     717        0.016468
     718        0.018000
     719        0.018577
     720        0.018121
     721        0.018222
     722        0.018125
     723        0.018134
     724        0.018123
     725        0.018124
     726        0.018124
     727        0.018123
     728        0.018134
     729        0.018124
     730        0.018222
     731        0.018121
     732        0.018577
     733        0.018000
     734        0.016467
     735        0.013979
     736        0.010460
     737        0.007495
     738        0.004334
     739        0.001280
     740       -0.001789
     741       -0.004836
     742       -0.007841
     743       -0.010786
     744       -0.013580
     745       -0.016449
     746       -0.019185
     747       -0.023053
     748       -0.025737
     749       -0.034105
     750       -0.039986
     751       -0.042061
     752       -0.031725
     753       -0.027477
     754       -0.023301
     755       -0.020336
     756       -0.017094
     757       -0.014081
     758       -0.010985
     759       -0.007932
     760       -0.004861
     761       -0.001796
     762        0.001269
     763        0.004357
     764        0.007429
     765        0.010603
     766        0.013710
     767        0.016769
     768        0.018303
     769        0.018306
     770        0.018265
     771        0.018155
     772        0.018148
     773        0.018123
     774        0.018125
     775        0.018122
     776        0.018121
     777        0.018123
     778        0.018121
     779        0.018144
     780        0.018150
     781        0.018259
     782        0.018299
     783        0.018300
     784        0.016751
     785        0.013659
     786        0.010522
     787        0.007320
     788        0.004218
     789        0.001101
     790       -0.001989
     791       -0.005063
     792       -0.008083
     793       -0.010929
     794       -0.013562
     795       -0.015949
     796       -0.018789
     797       -0.021922
     798       -0.026683
     799       -0.031671
     800       -0.042484
     801       -0.003742
     802       -0.003858
     803       -0.004481
     804       -0.005608
     805       -0.006892
     806       -0.008160
     807       -0.009392
     808       -0.010605
     809       -0.011814
     810       -0.013023
     811       -0.014232
     812       -0.015442
     813       -0.016652
     814       -0.017877
     815       -0.019098
     816       -0.020459
     817       -0.022140
     818       -0.022747
     819       -0.022274
     820       -0.022123
     821       -0.022113
     822       -0.022098
     823       -0.022098
     824       -0.022098
     825       -0.022098
     826       -0.022098
     827       -0.022097
     828       -0.022097
     829       -0.022096
     830       -0.022111
     831       -0.022120
     832       -0.022271
     833       -0.022744
     834       -0.022143
     835       -0.020469
     836       -0.019117
     837       -0.017906
     838       -0.016689
     839       -0.015488
     840       -0.014289
     841       -0.013104
     842       -0.011955
     843       -0.010881
     844       -0.009898
     845       -0.008945
     846       -0.007864
     847       -0.006542
     848       -0.005147
     849       -0.004163
     850       -0.003805
     851       -0.003774
     852       -0.004156
     853       -0.005093
     854       -0.006286
     855       -0.007463
     856       -0.008555
     857       -0.009598
     858       -0.010620
     859       -0.011637
     860       -0.012652
     861       -0.013668
     862       -0.014686
     863       -0.015708
     864       -0.016760
     865       -0.017790
     866       -0.019165
     867       -0.020158
     868       -0.020654
     869       -0.020692
     870       -0.020328
     871       -0.020317
     872       -0.020279
     873       -0.020274
     874       -0.020272
     875       -0.020271
     876       -0.020271
     877       -0.020271
     878       -0.020273
     879       -0.020278
     880       -0.020314
     881       -0.020325
     882       -0.020689
     883       -0.020650
     884       -0.020157
     885       -0.019171
     886       -0.017802
     887       -0.016778
     888       -0.015733
     889       -0.014718
     890       -0.013713
     891       -0.012723
     892       -0.011767
     893       -0.010865
     894       -0.010020
     895       -0.009175
     896       -0.008209
     897       -0.007007
     898       -0.005629
     899       -0.004427
     900       -0.003843
     901       -0.004009
     902       -0.004965
     903       -0.006390
     904       -0.007680
     905       -0.008624
     906       -0.009358
     907       -0.010017
     908       -0.010654
     909       -0.011283
     910       -0.011910
     911       -0.012538
     912       -0.013172
     913       -0.013811
     914       -0.014507
     915       -0.015148
     916       -0.016545
     917       -0.016163
     918       -0.016465
     919       -0.017486
     920       -0.016716
     921       -0.016702
     922       -0.016634
     923       -0.016622
     924       -0.016616
     925       -0.016614
     926       -0.016614
     927       -0.016615
     928       -0.016620
     929       -0.016632
     930       -0.016700
     931       -0.016712
     932       -0.017481
     933       -0.016458
     934       -0.016158
     935       -0.016542
     936       -0.015147
     937       -0.014508
     938       -0.013814
     939       -0.013180
     940       -0.012559
     941       -0.011960
     942       -0.011393
     943       -0.010870
     944       -0.010377
     945       -0.009866
     946       -0.009222
     947       -0.008266
     948       -0.006852
     949       -0.005215
     950       -0.004075
     951       -0.004235
     952       -0.005777
     953       -0.007734
     954       -0.009109
     955       -0.009800
     956       -0.010165
     957       -0.010438
     958       -0.010687
     959       -0.010929
     960       -0.011167
     961       -0.011411
     962       -0.011648
     963       -0.011933
     964       -0.012182
     965       -0.012675
     966       -0.013350
     967       -0.012679
     968       -0.012796
     969       -0.013704
     970       -0.013272
     971       -0.013017
     972       -0.013007
     973       -0.012961
     974       -0.012962
     975       -0.012957
     976       -0.012956
     977       -0.012961
     978       -0.012959
     979       -0.013005
     980       -0.013014
     981       -0.013268
     982       -0.013698
     983       -0.012787
     984       -0.012668
     985       -0.013338
     986       -0.012661
     987       -0.012166
     988       -0.011915
     989       -0.011632
     990       -0.011406
     991       -0.011191
     992       -0.011012
     993       -0.010864
     994       -0.010733
     995       -0.010571
     996       -0.010273
     997       -0.009582
     998       -0.008132
     999       -0.006002
    1000       -0.004286
    1001       -0.004486
    1002       -0.006687
    1003       -0.009206
    1004       -0.010602
    1005       -0.010992
    1006       -0.010976
    1007       -0.010861
    1008       -0.010723
    1009       -0.010574
    1010       -0.010427
    1011       -0.010276
    1012       -0.010141
    1013       -0.010015
    1014       -0.009925
    1015       -0.010042
    1016       -0.010152
    1017       -0.009342
    1018       -0.009264
    1019       -0.009926
    1020       -0.009666
    1021       -0.009400
    1022       -0.009340
    1023       -0.009316
    1024       -0.009302
    1025       -0.009301
    1026       -0.009301
    1027       -0.009301
    1028       -0.009314
    1029       -0.009337
    1030       -0.009396
    1031       -0.009661
    1032       -0.009918
    1033       -0.009252
    1034       -0.009325
    1035       -0.010132
    1036       -0.010016
    1037       -0.009891
    1038       -0.009976
    1039       -0.010099
    1040       -0.010243
    1041       -0.010421
    1042       -0.010622
    1043       -0.010853
    1044       -0.011089
    1045       -0.011289
    1046       -0.011356
    1047       -0.010978
    1048       -0.009548
    1049       -0.006890
    1050       -0.004518
    1051       -0.004807
    1052       -0.007814
    1053       -0.010894
    1054       -0.012180
    1055       -0.012197
    1056       -0.011787
    1057       -0.011287
    1058       -0.010756
    1059       -0.010221
    1060       -0.009683
    1061       -0.009148
    1062       -0.008620
    1063       -0.008108
    1064       -0.007650
    1065       -0.007337
    1066       -0.006973
    1067       -0.006062
    1068       -0.005792
    1069       -0.006163
    1070       -0.005989
    1071       -0.005764
    1072       -0.005685
    1073       -0.005658
    1074       -0.005647
    1075       -0.005644
    1076       -0.005643
    1077       -0.005645
    1078       -0.005656
    1079       -0.005682
    1080       -0.005760
    1081       -0.005984
    1082       -0.006154
    1083       -0.005777
    1084       -0.006040
    1085       -0.006944
    1086       -0.007298
    1087       -0.007599
    1088       -0.008047
    1089       -0.008553
    1090       -0.009084
    1091       -0.009641
    1092       -0.010227
    1093       -0.010835
    1094       -0.011447
    1095       -0.012016
    1096       -0.012467
    1097       -0.012468
    1098       -0.011185
    1099       -0.008003
    1100       -0.004815
    1101       -0.005257
    1102       -0.009320
    1103       -0.012881
    1104       -0.013850
    1105       -0.013406
    1106       -0.012605
    1107       -0.011712
    1108       -0.010793
    1109       -0.009865
    1110       -0.008942
    1111       -0.008016
    1112       -0.007100
    1113       -0.006200
    1114       -0.005356
    1115       -0.004590
    1116       -0.003799
    1117       -0.002797
    1118       -0.002333
    1119       -0.002407
    1120       -0.002271
    1121       -0.002110
    1122       -0.002028
    1123       -0.002000
    1124       -0.001990
    1125       -0.001987
    1126       -0.001986
    1127       -0.001989
    1128       -0.001997
    1129       -0.002025
    1130       -0.002106
    1131       -0.002266
    1132       -0.002397
    1133       -0.002315
    1134       -0.002770
    1135       -0.003762
    1136       -0.004539
    1137       -0.005288
    1138       -0.006117
    1139       -0.007005
    1140       -0.007919
    1141       -0.008861
    1142       -0.009824
    1143       -0.010813
    1144       -0.011804
    1145       -0.012757
    1146       -0.013592
    1147       -0.014056
    1148       -0.013119
    1149       -0.009504
    1150       -0.005239
    1151       -0.005958
    1152       -0.011414
    1153       -0.015258
    1154       -0.015565
    1155       -0.014626
    1156       -0.013420
    1157       -0.012147
    1158       -0.010820
    1159       -0.009517
    1160       -0.008195
    1161       -0.006887
    1162       -0.005576
    1163       -0.004290
    1164       -0.003047
    1165       -0.001824
    1166       -0.000609
    1167        0.000487
    1168        0.001145
    1169        0.001365
    1170        0.001466
    1171        0.001559
    1172        0.001632
    1173        0.001660
    1174        0.001667
    1175        0.001670
    1176        0.001671
    1177        0.001669
    1178        0.001662
    1179        0.001635
    1180        0.001563
    1181        0.001472
    1182        0.001375
    1183        0.001164
    1184        0.000517
    1185       -0.000564
    1186       -0.001761
    1187       -0.002962
    1188       -0.004184
    1189       -0.005453
    1190       -0.006755
    1191       -0.008071
    1192       -0.009422
    1193       -0.010778
    1194       -0.012170
    1195       -0.013501
    1196       -0.014741
    1197       -0.015691
    1198       -0.015434
    1199       -0.011598
    1200       -0.005910
    1201       -0.007033
    1202       -0.014514
    1203       -0.017966
    1204       -0.017318
    1205       -0.015808
    1206       -0.014292
    1207       -0.012539
    1208       -0.010875
    1209       -0.009152
    1210       -0.007459
    1211       -0.005752
    1212       -0.004056
    1213       -0.002372
    1214       -0.000730
    1215        0.000943
    1216        0.002616
    1217        0.003823
    1218        0.004675
    1219        0.005173
    1220        0.005204
    1221        0.005237
    1222        0.005298
    1223        0.005319
    1224        0.005324
    1225        0.005327
    1226        0.005328
    1227        0.005326
    1228        0.005322
    1229        0.005302
    1230        0.005242
    1231        0.005210
    1232        0.005182
    1233        0.004694
    1234        0.003856
    1235        0.002667
    1236        0.001019
    1237       -0.000627
    1238       -0.002243
    1239       -0.003904
    1240       -0.005584
    1241       -0.007286
    1242       -0.008997
    1243       -0.010765
    1244       -0.012491
    1245       -0.014309
    1246       -0.015862
    1247       -0.017371
    1248       -0.018058
    1249       -0.014697
    1250       -0.006944
    1251       -0.009245
    1252       -0.018808
    1253       -0.021155
    1254       -0.018713
    1255       -0.017259
    1256       -0.015007
    1257       -0.013018
    1258       -0.010884
    1259       -0.008810
    1260       -0.006712
    1261       -0.004620
    1262       -0.002537
    1263       -0.000445
    1264        0.001596
    1265        0.003690
    1266        0.005883
    1267        0.007257
    1268        0.008305
    1269        0.009021
    1270        0.008923
    1271        0.008921
    1272        0.008974
    1273        0.008974
    1274        0.008985
    1275        0.008983
    1276        0.008984
    1277        0.008987
    1278        0.008977
    1279        0.008978
    1280        0.008927
    1281        0.008930
    1282        0.009030
    1283        0.008323
    1284        0.007292
    1285        0.005940
    1286        0.003778
    1287        0.001715
    1288       -0.000294
    1289       -0.002357
    1290       -0.004414
    1291       -0.006488
    1292       -0.008591
    1293       -0.010698
    1294       -0.012900
    1295       -0.014960
    1296       -0.017272
    1297       -0.018703
    1298       -0.021135
    1299       -0.018957
    1300       -0.009096
    1301       -0.012009
    1302       -0.026660
    1303       -0.022686
    1304       -0.020949
    1305       -0.018318
    1306       -0.015903
    1307       -0.013412
    1308       -0.010929
    1309       -0.008454
    1310       -0.005968
    1311       -0.003492
    1312       -0.001006
    1313        0.001458
    1314        0.003968
    1315        0.006377
    1316        0.009162
    1317        0.010873
    1318        0.012111
    1319        0.012885
    1320        0.012581
    1321        0.012654
    1322        0.012625
    1323        0.012642
    1324        0.012639
    1325        0.012641
    1326        0.012642
    1327        0.012641
    1328        0.012645
    1329        0.012630
    1330        0.012660
    1331        0.012589
    1332        0.012893
    1333        0.012126
    1334        0.010906
    1335        0.009226
    1336        0.006478
    1337        0.004105
    1338        0.001631
    1339       -0.000796
    1340       -0.003246
    1341       -0.005692
    1342       -0.008163
    1343       -0.010660
    1344       -0.013217
    1345       -0.015808
    1346       -0.018286
    1347       -0.020923
    1348       -0.022501
    1349       -0.026722
    1350       -0.011701
    1351       -0.028794
    1352       -0.030703
    1353       -0.025540
    1354       -0.022695
    1355       -0.019518
    1356       -0.016766
    1357       -0.013803
    1358       -0.010985
    1359       -0.008087
    1360       -0.005232
    1361       -0.002357
    1362        0.000513
    1363        0.003389
    1364        0.006269
    1365        0.009222
    1366        0.012117
    1367        0.014903
    1368        0.016334
    1369        0.016424
    1370        0.016397
    1371        0.016315
    1372        0.016304
    1373        0.016301
    1374        0.016296
    1375        0.016299
    1376        0.016299
    1377        0.016298
    1378        0.016304
    1379        0.016309
    1380        0.016322
    1381        0.016405
    1382        0.016432
    1383        0.016341
    1384        0.014931
    1385        0.012188
    1386        0.009335
    1387        0.006423
    1388        0.003585
    1389        0.000753
    1390       -0.002072
    1391       -0.004901
    1392       -0.007718
    1393       -0.010622
    1394       -0.013519
    1395       -0.016627
    1396       -0.019469
    1397       -0.022642
    1398       -0.025280
    1399       -0.030421
    1400       -0.028186
    1401       -0.042520
    1402       -0.031534
    1403       -0.027629
    1404       -0.023220
    1405       -0.020351
    1406       -0.017068
    1407       -0.014075
    1408       -0.010974
    1409       -0.007927
    1410       -0.004856
    1411       -0.001792
    1412        0.001270
    1413        0.004361
    1414        0.007421
    1415        0.010620
    1416        0.013673
    1417        0.016804
    1418        0.018338
    1419        0.018269
    1420        0.018282
    1421        0.018147
    1422        0.018152
    1423        0.018124
    1424        0.018128
    1425        0.018125
    1426        0.018126
    1427        0.018130
    1428        0.018126
    1429        0.018156
    1430        0.018151
    1431        0.018288
    1432        0.018275
    1433        0.018340
    1434        0.016821
    1435        0.013726
    1436        0.010705
    1437        0.007536
    1438        0.004508
    1439        0.001450
    1440       -0.001574
    1441       -0.004593
    1442       -0.007613
    1443       -0.010617
    1444       -0.013711
    1445       -0.016738
    1446       -0.020060
    1447       -0.022914
    1448       -0.027297
    1449       -0.031047
    1450       -0.041945
    1451       -0.003706
    1452       -0.003463
    1453       -0.003185
    1454       -0.002910
    1455       -0.002685
    1456       -0.002521
    1457       -0.002424
    1458       -0.002396
    1459       -0.002437
    1460       -0.002545
    1461       -0.002716
    1462       -0.002943
    1463       -0.003215
    1464       -0.003487
    1465       -0.003717
    1466       -0.003756
    1467       -0.003552
    1468       -0.003314
    1469       -0.003094
    1470       -0.002919
    1471       -0.002798
    1472       -0.002729
    1473       -0.002707
    1474       -0.002732
    1475       -0.002805
    1476       -0.002932
    1477       -0.003111
    1478       -0.003335
    1479       -0.003575
    1480       -0.003780
    1481       -0.003824
    1482       -0.003602
    1483       -0.003388
    1484       -0.003210
    1485       -0.003084
    1486       -0.003006
    1487       -0.002965
    1488       -0.002950
    1489       -0.002958
    1490       -0.002998
    1491       -0.003083
    1492       -0.003222
    1493       -0.003413
    1494       -0.003640
    1495       -0.003873
    1496       -0.003809
    1497       -0.003572
    1498       -0.003382
    1499       -0.003253
    1500       -0.003183
    1501       -0.003156
    1502       -0.003147
    1503       -0.003139
    1504       -0.003130
    1505       -0.003133
    1506       -0.003170
    1507       -0.003261
    1508       -0.003416
    1509       -0.003633
    1510       -0.003896
    1511       -0.003694
    1512       -0.003439
    1513       -0.003287
    1514       -0.003224
    1515       -0.003227
    1516       -0.003260
    1517       -0.003288
    1518       -0.003288
    1519       -0.003258
    1520       -0.003218
    1521       -0.003196
    1522       -0.003224
    1523       -0.003326
    1524       -0.003524
    1525       -0.003826
    1526       -0.003430
    1527       -0.003183
    1528       -0.003098
    1529       -0.003131
    1530       -0.003228
    1531       -0.003334
    1532       -0.003404
    1533       -0.003410
    1534       -0.003355
    1535       -0.003261
    1536       -0.003165
    1537       -0.003105
    1538       -0.003125
    1539       -0.003276
    1540       -0.003605
    1541       -0.002962
    1542       -0.002772
    1543       -0.002820
    1544       -0.002998
    1545       -0.003216
    1546       -0.003403
    1547       -0.003512
    1548       -0.003520
    1549       -0.003431
    1550       -0.003269
    1551       -0.003076
    1552       -0.002897
    1553       -0.002790
    1554       -0.002843
    1555       -0.003171
    1556       -0.002171
    1557       -0.002221
    1558       -0.002538
    1559       -0.002926
    1560       -0.003266
    1561       -0.003512
    1562       -0.003638
    1563       -0.003630
    1564       -0.003493
    1565       -0.003250
    1566       -0.002948
    1567       -0.002631
    1568       -0.002344
    1569       -0.002192
    1570       -0.002389
    1571       -0.001145
    1572       -0.001835
    1573       -0.002656
    1574       -0.003210
    1575       -0.003558
    1576       -0.003751
    1577       -0.003811
    1578       -0.003750
    1579       -0.003553
    1580       -0.003236
    1581       -0.002881
    1582       -0.002498
    1583       -0.002058
    1584       -0.001524
    1585       -0.001228
    1586       -0.000376
    1587       -0.003083
    1588       -0.004007
    1589       -0.004317
    1590       -0.004380
    1591       -0.004255
    1592       -0.004031
    1593       -0.003879
    1594       -0.003631
    1595       -0.003335
    1596       -0.003162
    1597       -0.002950
    1598       -0.002603
    1599       -0.001903
    1600       -0.000161
    1601       -0.004608
    1602       -0.006975
    1603       -0.006598
    1604       -0.006303
    1605       -0.005938
    1606       -0.005339
    1607       -0.004138
    1608       -0.004003
    1609       -0.003785
    1610       -0.003928
    1611       -0.004327
    1612       -0.004466
    1613       -0.004392
    1614       -0.004299
    1615       -0.001661
    1616       -0.004139
    1617       -0.004122
    1618       -0.004839
    1619       -0.004387
    1620       -0.004331
    1621       -0.005332
    1622       -0.004680
    1623       -0.004541
    1624       -0.005769
    1625       -0.004829
    1626       -0.005090
    1627       -0.006173
    1628       -0.005561
    1629       -0.005296
    1630       -0.007355
    1631       -0.003139
    1632       -0.002329
    1633       -0.004665
    1799       -0.001434
    1800       -0.001014
    1801        0.000752
    1802        0.000889
    1803        0.001032
    1804        0.001088
    1805        0.001106
    1806        0.001113
    1807        0.001109
    1808        0.001093
    1809        0.001036
    1810        0.000891
    1811        0.000748
    1812       -0.001019
    1813       -0.001442
    1814       -0.003047
    1815       -0.001025
    1816        0.000256
    1817        0.000764
    1818        0.001064
    1819        0.001233
    1820        0.001312
    1821        0.001337
    1822        0.001313
    1823        0.001235
    1824        0.001068
    1825        0.000769
    1826        0.000260
    1827       -0.001010
    1828       -0.003019
    1829       -0.001572
    1830       -0.001074
    1831       -0.000182
    1832        0.000533
    1833        0.000989
    1834        0.001291
    1835        0.001456
    1836        0.001507
    1837        0.001452
    1838        0.001287
    1839        0.000991
    1840        0.000541
    1841       -0.000166
    1842       -0.001046
    1843       -0.001527
    1844       -0.002218
    1845       -0.001336
    1846       -0.000532
    1847        0.000214
    1848        0.000826
    1849        0.001265
    1850        0.001530
    1851        0.001614
    1852        0.001519
    1853        0.001254
    1854        0.000825
    1855        0.000229
    1856       -0.000503
    1857       -0.001293
    1858       -0.002150
    1859       -0.002540
    1860       -0.001771
    1861       -0.000958
    1862       -0.000155
    1863        0.000573
    1864        0.001157
    1865        0.001533
    1866        0.001655
    1867        0.001514
    1868        0.001137
    1869        0.000567
    1870       -0.000136
    1871       -0.000920
    1872       -0.001719
    1873       -0.002459
    1874       -0.002958
    1875       -0.002242
    1876       -0.001457
    1877       -0.000616
    1878        0.000227
    1879        0.000965
    1880        0.001463
    1881        0.001630
    1882        0.001441
    1883        0.000947
    1884        0.000239
    1885       -0.000580
    1886       -0.001414
    1887       -0.002190
    1888       -0.002874
    1889       -0.003300
    1890       -0.002758
    1891       -0.002066
    1892       -0.001208
    1893       -0.000248
    1894        0.000668
    1895        0.001322
    1896        0.001544
    1897        0.001297
    1898        0.000658
    1899       -0.000216
    1900       -0.001151
    1901       -0.002008
    1902       -0.002707
    1903       -0.003221
    1904       -0.003702
    1905       -0.003419
    1906       -0.002876
    1907       -0.002038
    1908       -0.000937
    1909        0.000231
    1910        0.001108
    1911        0.001407
    1912        0.001078
    1913        0.000219
    1914       -0.000897
    1915       -0.001964
    1916       -0.002807
    1917       -0.003370
    1918       -0.003640
    1919       -0.004347
    1920       -0.004320
    1921       -0.004038
    1922       -0.003271
    1923       -0.001992
    1924       -0.000424
    1925        0.000832
    1926        0.001233
    1927        0.000774
    1928       -0.000479
    1929       -0.001998
    1930       -0.003231
    1931       -0.003983
    1932       -0.004264
    1933       -0.004294
    1934       -0.004959
    1935       -0.005942
    1936       -0.005823
    1937       -0.005101
    1938       -0.003698
    1939       -0.001509
    1940        0.000554
    1941        0.001041
    1942        0.000423
    1943       -0.001699
    1944       -0.003853
    1945       -0.005168
    1946       -0.005820
    1947       -0.005902
    1948       -0.004937
    1949       -0.010186
    1950       -0.008345
    1951       -0.007903
    1952       -0.007405
    1953       -0.006396
    1954       -0.003976
    1955        0.000590
    1956        0.000848
    1957        0.000381
    1958       -0.004475
    1959       -0.006787
    1960       -0.007617
    1961       -0.007975
    1962       -0.008305
    1963       -0.010132
    1964       -0.000060
    1965        0.000632
    1966        0.000300
    1967       -0.000556
    1968        0.000399
    1969       -0.000200
    1970       -0.000594
    1971       -0.000063
    1972       -0.000400
    1973       -0.001069
    1974       -0.000550
    1975       -0.001008
    1976       -0.001145
    1977       -0.003009
    1978       -0.001146
    1979       -0.003781
    1980       -0.006553
    1981       -0.003806
    1982       -0.001433
    1983       -0.001013
    1984        0.000753
    1985        0.000890
    1986        0.001033
    1987        0.001089
    1988        0.001107
    1989        0.001113
    1990        0.001109
    1991        0.001092
    1992        0.001035
    1993        0.000890
    1994        0.000747
    1995       -0.001020
    1996       -0.001442
    1997       -0.003048
    1998       -0.001025
    1999        0.000256
    2000        0.000764
    2001        0.001064
    2002        0.001233
    2003        0.001312
    2004        0.001337
    2005        0.001312
    2006        0.001235
    2007        0.001068
    2008        0.000769
    2009        0.000260
    2010       -0.001010
    2011       -0.003019
    2012       -0.001572
    2013       -0.001074
    2014       -0.000182
    2015        0.000532
    2016        0.000989
    2017        0.001291
    2018        0.001456
    2019        0.001507
    2020        0.001452
    2021        0.001287
    2022        0.000991
    2023        0.000542
    2024       -0.000166
    2025       -0.001046
    2026       -0.001527
    2027       -0.002216
    2028       -0.001335
    2029       -0.000531
    2030        0.000214
    2031        0.000824
    2032        0.001263
    2033        0.001530
    2034        0.001614
    2035        0.001519
    2036        0.001251
    2037        0.000820
    2038        0.000226
    2039       -0.000504
    2040       -0.001294
    2041       -0.002151
    2042       -0.002537
    2043       -0.001770
    2044       -0.000957
    2045       -0.000157
    2046        0.000572
    2047        0.001158
    2048        0.001533
    2049        0.001655
    2050        0.001515
    2051        0.001139
    2052        0.000572
    2053       -0.000137
    2054       -0.000923
    2055       -0.001722
    2056       -0.002462
    2057       -0.002954
    2058       -0.002239
    2059       -0.001455
    2060       -0.000610
    2061        0.000230
    2062        0.000966
    2063        0.001464
    2064        0.001630
    2065        0.001441
    2066        0.000947
    2067        0.000240
    2068       -0.000578
    2069       -0.001411
    2070       -0.002192
    2071       -0.002877
    2072       -0.003294
    2073       -0.002754
    2074       -0.002063
    2075       -0.001204
    2076       -0.000245
    2077        0.000670
    2078        0.001323
    2079        0.001544
    2080        0.001297
    2081        0.000657
    2082       -0.000218
    2083       -0.001153
    2084       -0.002010
    2085       -0.002711
    2086       -0.003226
    2087       -0.003693
    2088       -0.003408
    2089       -0.002869
    2090       -0.002033
    2091       -0.000932
    2092        0.000234
    2093        0.001109
    2094        0.001407
    2095        0.001076
    2096        0.000217
    2097       -0.000900
    2098       -0.001969
    2099       -0.002812
    2100       -0.003372
    2101       -0.003645
    2102       -0.004341
    2103       -0.004313
    2104       -0.004030
    2105       -0.003263
    2106       -0.001986
    2107       -0.000419
    2108        0.000834
    2109        0.001233
    2110        0.000772
    2111       -0.000483
    2112       -0.002000
    2113       -0.003236
    2114       -0.003991
    2115       -0.004274
    2116       -0.004306
    2117       -0.004946
    2118       -0.005924
    2119       -0.005809
    2120       -0.005088
    2121       -0.003687
    2122       -0.001501
    2123        0.000557
    2124        0.001041
    2125        0.000419
    2126       -0.001707
    2127       -0.003856
    2128       -0.005182
    2129       -0.005833
    2130       -0.005916
    2131       -0.004949
    2132       -0.010159
    2133       -0.008322
    2134       -0.007885
    2135       -0.007390
    2136       -0.006382
    2137       -0.003963
    2138        0.000593
    2139        0.000847
    2140        0.000377
    2141       -0.004488
    2142       -0.006797
    2143       -0.007638
    2144       -0.007994
    2145       -0.008326
    2146       -0.010161
    2147       -0.000069
    2148        0.000631
    2149        0.000307
    2150       -0.000567
    2151        0.000398
    2152       -0.000191
    2153       -0.000606
    2154       -0.000063
    2155       -0.000388
    2156       -0.001084
    2157       -0.000550
    2158       -0.000994
    2159       -0.001165
    2160       -0.003009
    2161       -0.001125
    2162       -0.003803
    2163       -0.006553
    2164       -0.003785
    2165       -0.004424
    2166       -0.004023
    2167       -0.003622
    2168       -0.003391
    2169       -0.003221
    2170       -0.003079
    2171       -0.002972
    2172       -0.002901
    2173       -0.002872
    2174       -0.002892
    2175       -0.002968
    2176       -0.003102
    2177       -0.003295
    2178       -0.003510
    2179       -0.003724
    2180       -0.003686
    2181       -0.003697
    2182       -0.003573
    2183       -0.003404
    2184       -0.003269
    2185       -0.003176
    2186       -0.003117
    2187       -0.003081
    2188       -0.003067
    2189       -0.003082
    2190       -0.003139
    2191       -0.003247
    2192       -0.003406
    2193       -0.003602
    2194       -0.003789
    2195       -0.003900
    2196       -0.003670
    2197       -0.003503
    2198       -0.003373
    2199       -0.003282
    2200       -0.003235
    2201       -0.003217
    2202       -0.003209
    2203       -0.003204
    2204       -0.003209
    2205       -0.003243
    2206       -0.003324
    2207       -0.003461
    2208       -0.003651
    2209       -0.003872
    2210       -0.003941
    2211       -0.003652
    2212       -0.003439
    2213       -0.003313
    2214       -0.003261
    2215       -0.003261
    2216       -0.003284
    2217       -0.003302
    2218       -0.003300
    2219       -0.003287
    2220       -0.003289
    2221       -0.003331
    2222       -0.003437
    2223       -0.003617
    2224       -0.003864
    2225       -0.003905
    2226       -0.003548
    2227       -0.003322
    2228       -0.003217
    2229       -0.003210
    2230       -0.003261
    2231       -0.003327
    2232       -0.003370
    2233       -0.003368
    2234       -0.003331
    2235       -0.003287
    2236       -0.003274
    2237       -0.003326
    2238       -0.003478
    2239       -0.003752
    2240       -0.003700
    2241       -0.003319
    2242       -0.003118
    2243       -0.003069
    2244       -0.003126
    2245       -0.003241
    2246       -0.003358
    2247       -0.003427
    2248       -0.003424
    2249       -0.003355
    2250       -0.003251
    2251       -0.003156
    2252       -0.003122
    2253       -0.003209
    2254       -0.003482
    2255       -0.003275
    2256       -0.002908
    2257       -0.002793
    2258       -0.002850
    2259       -0.003011
    2260       -0.003209
    2261       -0.003383
    2262       -0.003484
    2263       -0.003484
    2264       -0.003384
    2265       -0.003211
    2266       -0.003008
    2267       -0.002831
    2268       -0.002781
    2269       -0.002999
    2270       -0.002486
    2271       -0.002262
    2272       -0.002359
    2273       -0.002604
    2274       -0.002897
    2275       -0.003183
    2276       -0.003421
    2277       -0.003558
    2278       -0.003570
    2279       -0.003456
    2280       -0.003230
    2281       -0.002916
    2282       -0.002542
    2283       -0.002220
    2284       -0.002183
    2285       -0.001295
    2286       -0.001561
    2287       -0.002085
    2288       -0.002516
    2289       -0.002880
    2290       -0.003204
    2291       -0.003485
    2292       -0.003661
    2293       -0.003711
    2294       -0.003657
    2295       -0.003490
    2296       -0.003180
    2297       -0.002668
    2298       -0.001866
    2299       -0.001152
    2300       -0.000157
    2301       -0.001883
    2302       -0.002621
    2303       -0.002998
    2304       -0.003216
    2305       -0.003360
    2306       -0.003591
    2307       -0.003793
    2308       -0.003920
    2309       -0.004151
    2310       -0.004325
    2311       -0.004306
    2312       -0.004038
    2313       -0.003153
    2314       -0.000407
    2315       -0.001604
    2316       -0.004257
    2317       -0.004360
    2318       -0.004440
    2319       -0.004327
    2320       -0.003955
    2321       -0.003766
    2322       -0.003943
    2323       -0.004061
    2324       -0.005323
    2325       -0.005993
    2326       -0.006374
    2327       -0.006652
    2328       -0.007017
    2329       -0.004612
    2330       -0.004896
    2331       -0.004096
    2332       -0.004055
    2333       -0.005388
    2334       -0.004294
    2335       -0.004291
    2336       -0.005801
    2337       -0.004494
    2338       -0.004601
    2339       -0.006184
    2340       -0.005045
    2341       -0.004771
    2342       -0.007287
    2343       -0.005273
    2344       -0.005599
    2345       -0.004625
    2346       -0.002316
    2347       -0.003175
    2348       -0.003871
    2349       -0.004097
    2350       -0.004759
    2351       -0.005783
    2352       -0.006959
    2353       -0.008177
    2354       -0.009394
    2355       -0.010608
    2356       -0.011819
    2357       -0.013032
    2358       -0.014239
    2359       -0.015458
    2360       -0.016652
    2361       -0.017888
    2362       -0.019064
    2363       -0.020251
    2364       -0.021630
    2365       -0.022240
    2366       -0.022068
    2367       -0.022093
    2368       -0.022129
    2369       -0.022105
    2370       -0.022122
    2371       -0.022115
    2372       -0.022119
    2373       -0.022119
    2374       -0.022116
    2375       -0.022123
    2376       -0.022106
    2377       -0.022131
    2378       -0.022095
    2379       -0.022070
    2380       -0.022240
    2381       -0.021627
    2382       -0.020242
    2383       -0.019049
    2384       -0.017865
    2385       -0.016623
    2386       -0.015418
    2387       -0.014200
    2388       -0.012968
    2389       -0.011773
    2390       -0.010422
    2391       -0.009171
    2392       -0.005977
    2393       -0.003264
    2394       -0.002333
    2395       -0.003335
    2396       -0.003511
    2397       -0.003822
    2398       -0.003983
    2399       -0.004263
    2400       -0.004924
    2401       -0.005889
    2402       -0.007008
    2403       -0.008192
    2404       -0.009397
    2405       -0.010607
    2406       -0.011819
    2407       -0.013029
    2408       -0.014242
    2409       -0.015449
    2410       -0.016657
    2411       -0.017860
    2412       -0.019023
    2413       -0.020170
    2414       -0.021297
    2415       -0.021904
    2416       -0.021988
    2417       -0.022052
    2418       -0.022101
    2419       -0.022109
    2420       -0.022114
    2421       -0.022117
    2422       -0.022117
    2423       -0.022117
    2424       -0.022118
    2425       -0.022114
    2426       -0.022110
    2427       -0.022102
    2428       -0.022053
    2429       -0.021989
    2430       -0.021904
    2431       -0.021294
    2432       -0.020162
    2433       -0.019009
    2434       -0.017843
    2435       -0.016631
    2436       -0.015422
    2437       -0.014195
    2438       -0.012984
    2439       -0.011687
    2440       -0.010441
    2441       -0.008627
    2442       -0.006355
    2443       -0.004301
    2444       -0.003396
    2445       -0.003340
    2446       -0.003710
    2447       -0.003749
    2448       -0.004066
    2449       -0.004371
    2450       -0.005048
    2451       -0.005977
    2452       -0.007052
    2453       -0.008208
    2454       -0.009400
    2455       -0.010607
    2456       -0.011817
    2457       -0.013029
    2458       -0.014240
    2459       -0.015449
    2460       -0.016652
    2461       -0.017842
    2462       -0.018983
    2463       -0.020082
    2464       -0.021051
    2465       -0.021658
    2466       -0.021900
    2467       -0.022012
    2468       -0.022083
    2469       -0.022104
    2470       -0.022112
    2471       -0.022115
    2472       -0.022116
    2473       -0.022116
    2474       -0.022116
    2475       -0.022113
    2476       -0.022105
    2477       -0.022084
    2478       -0.022013
    2479       -0.021901
    2480       -0.021657
    2481       -0.021049
    2482       -0.020076
    2483       -0.018973
    2484       -0.017826
    2485       -0.016634
    2486       -0.015420
    2487       -0.014209
    2488       -0.012956
    2489       -0.011699
    2490       -0.010290
    2491       -0.008529
    2492       -0.006615
    2493       -0.005100
    2494       -0.004051
    2495       -0.003669
    2496       -0.003733
    2497       -0.003822
    2498       -0.004127
    2499       -0.004437
    2500       -0.005137
    2501       -0.006044
    2502       -0.007089
    2503       -0.008222
    2504       -0.009404
    2505       -0.010606
    2506       -0.011816
    2507       -0.013028
    2508       -0.014239
    2509       -0.015447
    2510       -0.016648
    2511       -0.017826
    2512       -0.018950
    2513       -0.020001
    2514       -0.020876
    2515       -0.021483
    2516       -0.021819
    2517       -0.021979
    2518       -0.022066
    2519       -0.022099
    2520       -0.022110
    2521       -0.022114
    2522       -0.022115
    2523       -0.022115
    2524       -0.022114
    2525       -0.022111
    2526       -0.022100
    2527       -0.022067
    2528       -0.021980
    2529       -0.021819
    2530       -0.021482
    2531       -0.020874
    2532       -0.019997
    2533       -0.018942
    2534       -0.017816
    2535       -0.016632
    2536       -0.015428
    2537       -0.014205
    2538       -0.012961
    2539       -0.011670
    2540       -0.010222
    2541       -0.008528
    2542       -0.006915
    2543       -0.005624
    2544       -0.004591
    2545       -0.003967
    2546       -0.003824
    2547       -0.003856
    2548       -0.004169
    2549       -0.004477
    2550       -0.005196
    2551       -0.006092
    2552       -0.007116
    2553       -0.008234
    2554       -0.009407
    2555       -0.010606
    2556       -0.011816
    2557       -0.013027
    2558       -0.014238
    2559       -0.015446
    2560       -0.016644
    2561       -0.017814
    2562       -0.018924
    2563       -0.019939
    2564       -0.020759
    2565       -0.021365
    2566       -0.021756
    2567       -0.021953
    2568       -0.022054
    2569       -0.022095
    2570       -0.022109
    2571       -0.022113
    2572       -0.022114
    2573       -0.022114
    2574       -0.022113
    2575       -0.022109
    2576       -0.022095
    2577       -0.022055
    2578       -0.021953
    2579       -0.021757
    2580       -0.021364
    2581       -0.020757
    2582       -0.019936
    2583       -0.018919
    2584       -0.017807
    2585       -0.016634
    2586       -0.015431
    2587       -0.014210
    2588       -0.012961
    2589       -0.011654
    2590       -0.010195
    2591       -0.008607
    2592       -0.007177
    2593       -0.006024
    2594       -0.004999
    2595       -0.004252
    2596       -0.003921
    2597       -0.003900
    2598       -0.004193
    2599       -0.004498
    2600       -0.005230
    2601       -0.006121
    2602       -0.007133
    2603       -0.008241
    2604       -0.009408
    2605       -0.010606
    2606       -0.011815
    2607       -0.013027
    2608       -0.014238
    2609       -0.015445
    2610       -0.016641
    2611       -0.017807
    2612       -0.018907
    2613       -0.019900
    2614       -0.020691
    2615       -0.021297
    2616       -0.021717
    2617       -0.021935
    2618       -0.022046
    2619       -0.022091
    2620       -0.022107
    2621       -0.022111
    2622       -0.022112
    2623       -0.022112
    2624       -0.022111
    2625       -0.022107
    2626       -0.022091
    2627       -0.022046
    2628       -0.021935
    2629       -0.021717
    2630       -0.021296
    2631       -0.020690
    2632       -0.019898
    2633       -0.018904
    2634       -0.017803
    2635       -0.016636
    2636       -0.015436
    2637       -0.014214
    2638       -0.012965
    2639       -0.011648
    2640       -0.010210
    2641       -0.008719
    2642       -0.007414
    2643       -0.006331
    2644       -0.005319
    2645       -0.004495
    2646       -0.004025
    2647       -0.003942
    2648       -0.004201
    2649       -0.004507
    2650       -0.005243
    2651       -0.006131
    2652       -0.007139
    2653       -0.008243
    2654       -0.009409
    2655       -0.010606
    2656       -0.011814
    2657       -0.013026
    2658       -0.014237
    2659       -0.015444
    2660       -0.016639
    2661       -0.017803
    2662       -0.018900
    2663       -0.019886
    2664       -0.020668
    2665       -0.021274
    2666       -0.021703
    2667       -0.021929
    2668       -0.022043
    2669       -0.022089
    2670       -0.022105
    2671       -0.022110
    2672       -0.022111
    2673       -0.022111
    2674       -0.022110
    2675       -0.022105
    2676       -0.022089
    2677       -0.022042
    2678       -0.021928
    2679       -0.021703
    2680       -0.021273
    2681       -0.020668
    2682       -0.019886
    2683       -0.018901
    2684       -0.017804
    2685       -0.016639
    2686       -0.015441
    2687       -0.014221
    2688       -0.012971
    2689       -0.011658
    2690       -0.010254
    2691       -0.008848
    2692       -0.007624
    2693       -0.006577
    2694       -0.005571
    2695       -0.004699
    2696       -0.004125
    2697       -0.003982
    2698       -0.004192
    2699       -0.004506
    2700       -0.005234
    2701       -0.006123
    2702       -0.007134
    2703       -0.008241
    2704       -0.009408
    2705       -0.010605
    2706       -0.011814
    2707       -0.013026
    2708       -0.014236
    2709       -0.015444
    2710       -0.016639
    2711       -0.017805
    2712       -0.018905
    2713       -0.019898
    2714       -0.020689
    2715       -0.021294
    2716       -0.021714
    2717       -0.021933
    2718       -0.022044
    2719       -0.022089
    2720       -0.022104
    2721       -0.022109
    2722       -0.022110
    2723       -0.022110
    2724       -0.022108
    2725       -0.022104
    2726       -0.022088
    2727       -0.022043
    2728       -0.021933
    2729       -0.021714
    2730       -0.021294
    2731       -0.020689
    2732       -0.019899
    2733       -0.018908
    2734       -0.017809
    2735       -0.016644
    2736       -0.015447
    2737       -0.014229
    2738       -0.012982
    2739       -0.011681
    2740       -0.010319
    2741       -0.008984
    2742       -0.007812
    2743       -0.006778
    2744       -0.005769
    2745       -0.004865
    2746       -0.004218
    2747       -0.004013
    2748       -0.004167
    2749       -0.004492
    2750       -0.005203
    2751       -0.006096
    2752       -0.007118
    2753       -0.008233
    2754       -0.009406
    2755       -0.010605
    2756       -0.011814
    2757       -0.013025
    2758       -0.014236
    2759       -0.015443
    2760       -0.016640
    2761       -0.017811
    2762       -0.018920
    2763       -0.019935
    2764       -0.020755
    2765       -0.021360
    2766       -0.021752
    2767       -0.021948
    2768       -0.022049
    2769       -0.022090
    2770       -0.022103
    2771       -0.022107
    2772       -0.022108
    2773       -0.022108
    2774       -0.022107
    2775       -0.022103
    2776       -0.022089
    2777       -0.022048
    2778       -0.021947
    2779       -0.021751
    2780       -0.021361
    2781       -0.020756
    2782       -0.019938
    2783       -0.018925
    2784       -0.017818
    2785       -0.016650
    2786       -0.015453
    2787       -0.014237
    2788       -0.012997
    2789       -0.011714
    2790       -0.010396
    2791       -0.009121
    2792       -0.007982
    2793       -0.006947
    2794       -0.005926
    2795       -0.004993
    2796       -0.004298
    2797       -0.004031
    2798       -0.004125
    2799       -0.004458
    2800       -0.005147
    2801       -0.006049
    2802       -0.007091
    2803       -0.008222
    2804       -0.009402
    2805       -0.010604
    2806       -0.011814
    2807       -0.013025
    2808       -0.014235
    2809       -0.015443
    2810       -0.016643
    2811       -0.017821
    2812       -0.018944
    2813       -0.019995
    2814       -0.020870
    2815       -0.021476
    2816       -0.021812
    2817       -0.021972
    2818       -0.022059
    2819       -0.022092
    2820       -0.022103
    2821       -0.022106
    2822       -0.022107
    2823       -0.022106
    2824       -0.022105
    2825       -0.022102
    2826       -0.022091
    2827       -0.022058
    2828       -0.021971
    2829       -0.021811
    2830       -0.021476
    2831       -0.020872
    2832       -0.020000
    2833       -0.018952
    2834       -0.017832
    2835       -0.016657
    2836       -0.015459
    2837       -0.014246
    2838       -0.013015
    2839       -0.011755
    2840       -0.010482
    2841       -0.009256
    2842       -0.008141
    2843       -0.007094
    2844       -0.006050
    2845       -0.005085
    2846       -0.004357
    2847       -0.004034
    2848       -0.004065
    2849       -0.004395
    2850       -0.005061
    2851       -0.005983
    2852       -0.007054
    2853       -0.008207
    2854       -0.009398
    2855       -0.010604
    2856       -0.011813
    2857       -0.013025
    2858       -0.014235
    2859       -0.015443
    2860       -0.016646
    2861       -0.017835
    2862       -0.018975
    2863       -0.020074
    2864       -0.021043
    2865       -0.021649
    2866       -0.021891
    2867       -0.022002
    2868       -0.022073
    2869       -0.022094
    2870       -0.022102
    2871       -0.022104
    2872       -0.022105
    2873       -0.022105
    2874       -0.022104
    2875       -0.022101
    2876       -0.022093
    2877       -0.022071
    2878       -0.022001
    2879       -0.021890
    2880       -0.021649
    2881       -0.021045
    2882       -0.020080
    2883       -0.018985
    2884       -0.017850
    2885       -0.016665
    2886       -0.015466
    2887       -0.014256
    2888       -0.013035
    2889       -0.011801
    2890       -0.010570
    2891       -0.009390
    2892       -0.008291
    2893       -0.007226
    2894       -0.006147
    2895       -0.005141
    2896       -0.004386
    2897       -0.004017
    2898       -0.003986
    2899       -0.004289
    2900       -0.004940
    2901       -0.005896
    2902       -0.007010
    2903       -0.008191
    2904       -0.009394
    2905       -0.010603
    2906       -0.011814
    2907       -0.013023
    2908       -0.014236
    2909       -0.015442
    2910       -0.016649
    2911       -0.017852
    2912       -0.019013
    2913       -0.020159
    2914       -0.021286
    2915       -0.021893
    2916       -0.021976
    2917       -0.022039
    2918       -0.022089
    2919       -0.022097
    2920       -0.022100
    2921       -0.022104
    2922       -0.022103
    2923       -0.022103
    2924       -0.022103
    2925       -0.022100
    2926       -0.022095
    2927       -0.022087
    2928       -0.022038
    2929       -0.021975
    2930       -0.021893
    2931       -0.021289
    2932       -0.020166
    2933       -0.019025
    2934       -0.017870
    2935       -0.016673
    2936       -0.015471
    2937       -0.014268
    2938       -0.013056
    2939       -0.011848
    2940       -0.010659
    2941       -0.009522
    2942       -0.008439
    2943       -0.007354
    2944       -0.006226
    2945       -0.005158
    2946       -0.004370
    2947       -0.003979
    2948       -0.003878
    2949       -0.004126
    2950       -0.004777
    2951       -0.005790
    2952       -0.006960
    2953       -0.008175
    2954       -0.009391
    2955       -0.010604
    2956       -0.011813
    2957       -0.013025
    2958       -0.014231
    2959       -0.015449
    2960       -0.016642
    2961       -0.017878
    2962       -0.019052
    2963       -0.020239
    2964       -0.021617
    2965       -0.022226
    2966       -0.022054
    2967       -0.022079
    2968       -0.022114
    2969       -0.022089
    2970       -0.022106
    2971       -0.022099
    2972       -0.022102
    2973       -0.022102
    2974       -0.022099
    2975       -0.022105
    2976       -0.022088
    2977       -0.022112
    2978       -0.022077
    2979       -0.022052
    2980       -0.022226
    2981       -0.021620
    2982       -0.020247
    2983       -0.019067
    2984       -0.017899
    2985       -0.016670
    2986       -0.015484
    2987       -0.014273
    2988       -0.013078
    2989       -0.011892
    2990       -0.010745
    2991       -0.009651
    2992       -0.008591
    2993       -0.007485
    2994       -0.006293
    2995       -0.005134
    2996       -0.004292
    2997       -0.003907
    2998       -0.003732
    2999       -0.003885
    3000       -0.004564
    3001       -0.005663
    3002       -0.006910
    3003       -0.008161
    3004       -0.009389
    3005       -0.010604
    3006       -0.011814
    3007       -0.013023
    3008       -0.014234
    3009       -0.015441
    3010       -0.016662
    3011       -0.017854
    3012       -0.019161
    3013       -0.020235
    3014       -0.022082
    3015       -0.022691
    3016       -0.022049
    3017       -0.022188
    3018       -0.022090
    3019       -0.022109
    3020       -0.022098
    3021       -0.022101
    3022       -0.022100
    3023       -0.022100
    3024       -0.022100
    3025       -0.022097
    3026       -0.022107
    3027       -0.022088
    3028       -0.022185
    3029       -0.022047
    3030       -0.022689
    3031       -0.022084
    3032       -0.020244
    3033       -0.019178
    3034       -0.017879
    3035       -0.016695
    3036       -0.015482
    3037       -0.014286
    3038       -0.013095
    3039       -0.011933
    3040       -0.010823
    3041       -0.009778
    3042       -0.008751
    3043       -0.007633
    3044       -0.006357
    3045       -0.005066
    3046       -0.004129
    3047       -0.003788
    3048       -0.003742
    3049       -0.003858
    3050       -0.004481
    3051       -0.005608
    3052       -0.006892
    3053       -0.008160
    3054       -0.009392
    3055       -0.010605
    3056       -0.011814
    3057       -0.013023
    3058       -0.014232
    3059       -0.015442
    3060       -0.016652
    3061       -0.017877
    3062       -0.019098
    3063       -0.020459
    3064       -0.022140
    3065       -0.022747
    3066       -0.022274
    3067       -0.022123
    3068       -0.022113
    3069       -0.022098
    3070       -0.022098
    3071       -0.022098
    3072       -0.022098
    3073       -0.022098
    3074       -0.022097
    3075       -0.022097
    3076       -0.022096
    3077       -0.022111
    3078       -0.022120
    3079       -0.022271
    3080       -0.022744
    3081       -0.022143
    3082       -0.020469
    3083       -0.019117
    3084       -0.017906
    3085       -0.016689
    3086       -0.015488
    3087       -0.014289
    3088       -0.013104
    3089       -0.011955
    3090       -0.010881
    3091       -0.009898
    3092       -0.008945
    3093       -0.007864
    3094       -0.006542
    3095       -0.005147
    3096       -0.004163
    3097       -0.003805
    3098       -0.003770
    3099       -0.003694
    3100       -0.003733
    3101       -0.003666
    3102       -0.003546
    3103       -0.003494
    3104       -0.003206
    3105       -0.003164
    3106       -0.002821
    3107       -0.002802
    3108       -0.002439
    3109       -0.002433
    3110       -0.002069
    3111       -0.002068
    3112       -0.001704
    3113       -0.001705
    3114       -0.001342
    3115       -0.001342
    3116       -0.000978
    3117       -0.000978
    3118       -0.000616
    3119       -0.000617
    3120       -0.000250
    3121       -0.000248
    3122        0.000109
    3123        0.000101
    3124        0.000485
    3125        0.000485
    3126        0.000837
    3127        0.000836
    3128        0.001272
    3129        0.001074
    3130        0.001742
    3131        0.002241
    3132        0.001924
    3133        0.002423
    3134        0.001817
    3135        0.001619
    3136        0.001746
    3137        0.001745
    3138        0.001757
    3139        0.001758
    3140        0.001745
    3141        0.001737
    3142        0.001749
    3143        0.001751
    3144        0.001747
    3145        0.001746
    3146        0.001748
    3147        0.001748
    3148        0.001748
    3149        0.001748
    3150        0.001747
    3151        0.001746
    3152        0.001750
    3153        0.001751
    3154        0.001745
    3155        0.001738
    3156        0.001758
    3157        0.001758
    3158        0.001747
    3159        0.001745
    3160        0.001818
    3161        0.001620
    3162        0.001925
    3163        0.002423
    3164        0.001741
    3165        0.002241
    3166        0.001268
    3167        0.001071
    3168        0.000831
    3169        0.000831
    3170        0.000475
    3171        0.000477
    3172        0.000097
    3173        0.000091
    3174       -0.000267
    3175       -0.000263
    3176       -0.000631
    3177       -0.000631
    3178       -0.001004
    3179       -0.000998
    3180       -0.001350
    3181       -0.001343
    3182       -0.001778
    3183       -0.001715
    3184       -0.002066
    3185       -0.002014
    3186       -0.003084
    3187       -0.002545
    3188       -0.004412
    3189       -0.004334
    3190       -0.004761
    3191       -0.004210
    3192       -0.003882
    3193       -0.003918
    3194       -0.003881
    3195       -0.003828
    3196       -0.003750
    3197       -0.003754


                                                      SUMMARY INFORMATION
                                                  _________________________

                                                         Min/Max Values
    -Source ID--Entity ID---Sub ID----X Component--
Min:     1        601          0        -0.042780
Max:     1        719          0         0.018577

