




                       MSC.Patran 25.0.638960 Wed Mar 13 09:21:55 PDT 2019 - Analysis Code: MSC.Nastran 
                                             Load Case: Default, A1:Static Subcase 
                                         Result Strain Tensor,  - Layer (NON-LAYERED) 
                                                     Entity: Element Tensor


-Entity ID--X Component--
       1       -0.003747
       2       -0.003873
       3       -0.004506
       4       -0.005641
       5       -0.006925
       6       -0.008187
       7       -0.009388
       8       -0.010577
       9       -0.011667
      10       -0.012992
      11        0.003810
      12       -0.007502
      13       -0.016681
      14       -0.025833
      15       -0.037053
      16       -0.020491
      17       -0.022270
      18       -0.022762
      19       -0.022264
      20       -0.022094
      21       -0.022087
      22       -0.022076
      23       -0.022084
      24       -0.022090
      25       -0.022096
      26       -0.022101
      27       -0.022104
      28       -0.022108
      29       -0.022110
      30       -0.022128
      31       -0.022141
      32       -0.022294
      33       -0.022768
      34       -0.022162
      35       -0.020480
      36       -0.019117
      37       -0.017895
      38       -0.016668
      39       -0.015456
      40       -0.014245
      41       -0.013035
      42       -0.011824
      43       -0.010614
      44       -0.009399
      45       -0.008166
      46       -0.006897
      47       -0.005608
      48       -0.004468
      49       -0.003838
      50       -0.003732
      51       -0.003775
      52       -0.004163
      53       -0.005116
      54       -0.006298
      55       -0.007494
      56       -0.008520
      57       -0.009624
      58       -0.010300
      59       -0.011748
      60       -0.009846
      61        0.000885
      62       -0.009358
      63       -0.015793
      64       -0.022230
      65       -0.032137
      66       -0.021894
      67       -0.020046
      68       -0.020945
      69       -0.020653
      70       -0.020356
      71       -0.020286
      72       -0.020272
      73       -0.020259
      74       -0.020267
      75       -0.020267
      76       -0.020272
      77       -0.020275
      78       -0.020280
      79       -0.020287
      80       -0.020326
      81       -0.020339
      82       -0.020706
      83       -0.020668
      84       -0.020172
      85       -0.019179
      86       -0.017802
      87       -0.016771
      88       -0.015718
      89       -0.014695
      90       -0.013676
      91       -0.012659
      92       -0.011643
      93       -0.010625
      94       -0.009602
      95       -0.008558
      96       -0.007466
      97       -0.006288
      98       -0.005090
      99       -0.004138
     100       -0.003756
     101       -0.004002
     102       -0.004971
     103       -0.006394
     104       -0.007683
     105       -0.008604
     106       -0.009327
     107       -0.009877
     108       -0.010339
     109       -0.010587
     110       -0.007167
     111       -0.005549
     112       -0.007718
     113       -0.013871
     114       -0.019994
     115       -0.022080
     116       -0.021194
     117       -0.016826
     118       -0.016741
     119       -0.017602
     120       -0.016733
     121       -0.016709
     122       -0.016624
     123       -0.016616
     124       -0.016609
     125       -0.016611
     126       -0.016611
     127       -0.016614
     128       -0.016620
     129       -0.016633
     130       -0.016702
     131       -0.016716
     132       -0.017488
     133       -0.016466
     134       -0.016165
     135       -0.016547
     136       -0.015148
     137       -0.014507
     138       -0.013810
     139       -0.013171
     140       -0.012537
     141       -0.011909
     142       -0.011280
     143       -0.010651
     144       -0.010014
     145       -0.009356
     146       -0.008624
     147       -0.007686
     148       -0.006401
     149       -0.004960
     150       -0.003987
     151       -0.004223
     152       -0.005776
     153       -0.007727
     154       -0.009088
     155       -0.009755
     156       -0.010102
     157       -0.010200
     158       -0.010372
     159       -0.009212
     160       -0.007486
     161       -0.006807
     162       -0.008020
     163       -0.011950
     164       -0.015831
     165       -0.017244
     166       -0.016970
     167       -0.014328
     168       -0.013061
     169       -0.013912
     170       -0.013311
     171       -0.013035
     172       -0.013006
     173       -0.012957
     174       -0.012957
     175       -0.012951
     176       -0.012950
     177       -0.012955
     178       -0.012952
     179       -0.012998
     180       -0.013007
     181       -0.013261
     182       -0.013694
     183       -0.012786
     184       -0.012669
     185       -0.013339
     186       -0.012664
     187       -0.012170
     188       -0.011922
     189       -0.011637
     190       -0.011401
     191       -0.011156
     192       -0.010919
     193       -0.010677
     194       -0.010429
     195       -0.010156
     196       -0.009796
     197       -0.009118
     198       -0.007759
     199       -0.005783
     200       -0.004207
     201       -0.004469
     202       -0.006679
     203       -0.009188
     204       -0.010554
     205       -0.010936
     206       -0.010846
     207       -0.010656
     208       -0.010121
     209       -0.008776
     210       -0.007523
     211       -0.007249
     212       -0.007822
     213       -0.010014
     214       -0.012240
     215       -0.013048
     216       -0.013009
     217       -0.011061
     218       -0.009793
     219       -0.010101
     220       -0.009759
     221       -0.009417
     222       -0.009351
     223       -0.009313
     224       -0.009298
     225       -0.009293
     226       -0.009291
     227       -0.009289
     228       -0.009300
     229       -0.009322
     230       -0.009380
     231       -0.009644
     232       -0.009903
     233       -0.009242
     234       -0.009319
     235       -0.010129
     236       -0.010019
     237       -0.009902
     238       -0.009993
     239       -0.010120
     240       -0.010256
     241       -0.010408
     242       -0.010555
     243       -0.010705
     244       -0.010845
     245       -0.010961
     246       -0.010983
     247       -0.010613
     248       -0.009245
     249       -0.006707
     250       -0.004450
     251       -0.004781
     252       -0.007802
     253       -0.010857
     254       -0.012117
     255       -0.012105
     256       -0.011651
     257       -0.011033
     258       -0.010047
     259       -0.008573
     260       -0.007498
     261       -0.007168
     262       -0.007212
     263       -0.008094
     264       -0.009037
     265       -0.009294
     266       -0.009119
     267       -0.007622
     268       -0.006418
     269       -0.006380
     270       -0.006080
     271       -0.005802
     272       -0.005695
     273       -0.005662
     274       -0.005642
     275       -0.005635
     276       -0.005629
     277       -0.005628
     278       -0.005635
     279       -0.005658
     280       -0.005734
     281       -0.005956
     282       -0.006129
     283       -0.005758
     284       -0.006027
     285       -0.006936
     286       -0.007301
     287       -0.007615
     288       -0.008076
     289       -0.008589
     290       -0.009119
     291       -0.009655
     292       -0.010194
     293       -0.010731
     294       -0.011264
     295       -0.011766
     296       -0.012183
     297       -0.012189
     298       -0.010945
     299       -0.007852
     300       -0.004762
     301       -0.005225
     302       -0.009298
     303       -0.012825
     304       -0.013760
     305       -0.013292
     306       -0.012453
     307       -0.011428
     308       -0.010082
     309       -0.008498
     310       -0.007373
     311       -0.006790
     312       -0.006304
     313       -0.006178
     314       -0.006115
     315       -0.005787
     316       -0.005330
     317       -0.004074
     318       -0.002953
     319       -0.002645
     320       -0.002367
     321       -0.002154
     322       -0.002047
     323       -0.002005
     324       -0.001987
     325       -0.001975
     326       -0.001969
     327       -0.001966
     328       -0.001970
     329       -0.001993
     330       -0.002070
     331       -0.002227
     332       -0.002360
     333       -0.002286
     334       -0.002750
     335       -0.003750
     336       -0.004542
     337       -0.005310
     338       -0.006158
     339       -0.007059
     340       -0.007977
     341       -0.008905
     342       -0.009831
     343       -0.010760
     344       -0.011682
     345       -0.012578
     346       -0.013384
     347       -0.013852
     348       -0.012939
     349       -0.009382
     350       -0.005203
     351       -0.005916
     352       -0.011382
     353       -0.015177
     354       -0.015447
     355       -0.014492
     356       -0.013253
     357       -0.011854
     358       -0.010192
     359       -0.008480
     360       -0.007167
     361       -0.006228
     362       -0.005203
     363       -0.004260
     364       -0.003370
     365       -0.002446
     366       -0.001596
     367       -0.000461
     368        0.000610
     369        0.001129
     370        0.001367
     371        0.001510
     372        0.001608
     373        0.001652
     374        0.001671
     375        0.001683
     376        0.001692
     377        0.001697
     378        0.001697
     379        0.001675
     380        0.001608
     381        0.001521
     382        0.001425
     383        0.001205
     384        0.000547
     385       -0.000547
     386       -0.001765
     387       -0.002990
     388       -0.004237
     389       -0.005526
     390       -0.006839
     391       -0.008150
     392       -0.009475
     393       -0.010780
     394       -0.012110
     395       -0.013387
     396       -0.014598
     397       -0.015554
     398       -0.015315
     399       -0.011506
     400       -0.005895
     401       -0.006978
     402       -0.014465
     403       -0.017850
     404       -0.017173
     405       -0.015653
     406       -0.014111
     407       -0.012262
     408       -0.010380
     409       -0.008463
     410       -0.006914
     411       -0.005549
     412       -0.003992
     413       -0.002334
     414       -0.000728
     415        0.000789
     416        0.002118
     417        0.003218
     418        0.004269
     419        0.004962
     420        0.005105
     421        0.005184
     422        0.005270
     423        0.005309
     424        0.005328
     425        0.005343
     426        0.005353
     427        0.005360
     428        0.005364
     429        0.005350
     430        0.005296
     431        0.005271
     432        0.005245
     433        0.004747
     434        0.003896
     435        0.002691
     436        0.001015
     437       -0.000662
     438       -0.002308
     439       -0.003995
     440       -0.005695
     441       -0.007405
     442       -0.009101
     443       -0.010828
     444       -0.012494
     445       -0.014252
     446       -0.015773
     447       -0.017291
     448       -0.018003
     449       -0.014641
     450       -0.006956
     451       -0.009165
     452       -0.018728
     453       -0.020995
     454       -0.018542
     455       -0.017084
     456       -0.014814
     457       -0.012773
     458       -0.010547
     459       -0.008470
     460       -0.006618
     461       -0.004822
     462       -0.002731
     463       -0.000401
     464        0.001869
     465        0.003954
     466        0.005842
     467        0.006991
     468        0.008050
     469        0.008852
     470        0.008828
     471        0.008865
     472        0.008942
     473        0.008961
     474        0.008989
     475        0.009001
     476        0.009014
     477        0.009027
     478        0.009026
     479        0.009036
     480        0.008991
     481        0.009001
     482        0.009107
     483        0.008391
     484        0.007344
     485        0.005971
     486        0.003773
     487        0.001674
     488       -0.000371
     489       -0.002467
     490       -0.004554
     491       -0.006649
     492       -0.008752
     493       -0.010828
     494       -0.012968
     495       -0.014957
     496       -0.017224
     497       -0.018666
     498       -0.021151
     499       -0.018956
     500       -0.009147
     501       -0.011880
     502       -0.026517
     503       -0.022480
     504       -0.020756
     505       -0.018119
     506       -0.015700
     507       -0.013206
     508       -0.010755
     509       -0.008452
     510       -0.006316
     511       -0.004098
     512       -0.001452
     513        0.001509
     514        0.004509
     515        0.007061
     516        0.009570
     517        0.010932
     518        0.012006
     519        0.012763
     520        0.012494
     521        0.012594
     522        0.012590
     523        0.012628
     524        0.012644
     525        0.012662
     526        0.012676
     527        0.012688
     528        0.012702
     529        0.012696
     530        0.012734
     531        0.012670
     532        0.012984
     533        0.012213
     534        0.010976
     535        0.009264
     536        0.006472
     537        0.004058
     538        0.001542
     539       -0.000926
     540       -0.003417
     541       -0.005897
     542       -0.008387
     543       -0.010866
     544       -0.013355
     545       -0.015850
     546       -0.018267
     547       -0.020914
     548       -0.022589
     549       -0.026819
     550       -0.011825
     551       -0.028501
     552       -0.030464
     553       -0.025303
     554       -0.022477
     555       -0.019296
     556       -0.016551
     557       -0.013629
     558       -0.010958
     559       -0.008403
     560       -0.006033
     561       -0.003419
     562       -0.000225
     563        0.003449
     564        0.007119
     565        0.010377
     566        0.012992
     567        0.015256
     568        0.016354
     569        0.016352
     570        0.016315
     571        0.016252
     572        0.016265
     573        0.016285
     574        0.016302
     575        0.016322
     576        0.016339
     577        0.016352
     578        0.016369
     579        0.016384
     580        0.016406
     581        0.016497
     582        0.016533
     583        0.016454
     584        0.015024
     585        0.012230
     586        0.009328
     587        0.006369
     588        0.003484
     589        0.000603
     590       -0.002272
     591       -0.005153
     592       -0.008012
     593       -0.010916
     594       -0.013737
     595       -0.016709
     596       -0.019457
     597       -0.022654
     598       -0.025423
     599       -0.030669
     600       -0.028510
     601       -0.042194
     602       -0.031292
     603       -0.027432
     604       -0.023029
     605       -0.020163
     606       -0.016893
     607       -0.013957
     608       -0.011027
     609       -0.008329
     610       -0.005702
     611       -0.002841
     612        0.000561
     613        0.004431
     614        0.008264
     615        0.011790
     616        0.014624
     617        0.017271
     618        0.018463
     619        0.018277
     620        0.018256
     621        0.018126
     622        0.018148
     623        0.018136
     624        0.018156
     625        0.018167
     626        0.018179
     627        0.018193
     628        0.018199
     629        0.018236
     630        0.018238
     631        0.018381
     632        0.018374
     633        0.018453
     634        0.016920
     635        0.013781
     636        0.010724
     637        0.007520
     638        0.004456
     639        0.001361
     640       -0.001705
     641       -0.004773
     642       -0.007847
     643       -0.010899
     644       -0.014003
     645       -0.017000
     646       -0.020286
     647       -0.023148
     648       -0.027551
     649       -0.031341
     650       -0.042274
     651       -0.042078
     652       -0.031729
     653       -0.027385
     654       -0.023208
     655       -0.020238
     656       -0.017000
     657       -0.013990
     658       -0.010898
     659       -0.007848
     660       -0.004781
     661       -0.001719
     662        0.001342
     663        0.004427
     664        0.007495
     665        0.010665
     666        0.013766
     667        0.016819
     668        0.018353
     669        0.018365
     670        0.018331
     671        0.018228
     672        0.018229
     673        0.018212
     674        0.018223
     675        0.018230
     676        0.018242
     677        0.018258
     678        0.018272
     679        0.018315
     680        0.018346
     681        0.018486
     682        0.018568
     683        0.018614
     684        0.017074
     685        0.013941
     686        0.010763
     687        0.007546
     688        0.004457
     689        0.001354
     690       -0.001748
     691       -0.004871
     692       -0.007989
     693       -0.011054
     694       -0.014138
     695       -0.017134
     696       -0.020363
     697       -0.023323
     698       -0.027496
     699       -0.031776
     700       -0.042152
     701       -0.039960
     702       -0.034280
     703       -0.026226
     704       -0.023807
     705       -0.020013
     706       -0.017107
     707       -0.013952
     708       -0.010917
     709       -0.007839
     710       -0.004780
     711       -0.001714
     712        0.001360
     713        0.004416
     714        0.007578
     715        0.010542
     716        0.014062
     717        0.016549
     718        0.018081
     719        0.018659
     720        0.018203
     721        0.018304
     722        0.018207
     723        0.018217
     724        0.018205
     725        0.018206
     726        0.018206
     727        0.018205
     728        0.018217
     729        0.018209
     730        0.018311
     731        0.018225
     732        0.018719
     733        0.018230
     734        0.016859
     735        0.014548
     736        0.011083
     737        0.007943
     738        0.004420
     739        0.001000
     740       -0.002252
     741       -0.005266
     742       -0.008151
     743       -0.011068
     744       -0.014011
     745       -0.017127
     746       -0.020018
     747       -0.023809
     748       -0.026226
     749       -0.034280
     750       -0.039960
     751       -0.042010
     752       -0.031673
     753       -0.027400
     754       -0.023223
     755       -0.020255
     756       -0.017012
     757       -0.013998
     758       -0.010901
     759       -0.007846
     760       -0.004773
     761       -0.001706
     762        0.001361
     763        0.004452
     764        0.007527
     765        0.010704
     766        0.013814
     767        0.016879
     768        0.018412
     769        0.018408
     770        0.018361
     771        0.018246
     772        0.018233
     773        0.018201
     774        0.018194
     775        0.018181
     776        0.018169
     777        0.018159
     778        0.018142
     779        0.018150
     780        0.018141
     781        0.018246
     782        0.018320
     783        0.018432
     784        0.017230
     785        0.014634
     786        0.011736
     787        0.008247
     788        0.004429
     789        0.000590
     790       -0.002803
     791       -0.005675
     792       -0.008319
     793       -0.011031
     794       -0.013958
     795       -0.016913
     796       -0.020141
     797       -0.023111
     798       -0.027290
     799       -0.031625
     800       -0.041935
     801       -0.003742
     802       -0.003859
     803       -0.004485
     804       -0.005616
     805       -0.006901
     806       -0.008169
     807       -0.009401
     808       -0.010615
     809       -0.011824
     810       -0.013033
     811       -0.014242
     812       -0.015452
     813       -0.016661
     814       -0.017886
     815       -0.019106
     816       -0.020467
     817       -0.022148
     818       -0.022756
     819       -0.022286
     820       -0.022137
     821       -0.022130
     822       -0.022118
     823       -0.022122
     824       -0.022126
     825       -0.022130
     826       -0.022135
     827       -0.022139
     828       -0.022144
     829       -0.022149
     830       -0.022173
     831       -0.022202
     832       -0.022400
     833       -0.022973
     834       -0.022529
     835       -0.021016
     836       -0.019699
     837       -0.018289
     838       -0.016683
     839       -0.015092
     840       -0.013693
     841       -0.012530
     842       -0.011491
     843       -0.010442
     844       -0.009322
     845       -0.008130
     846       -0.006872
     847       -0.005587
     848       -0.004449
     849       -0.003825
     850       -0.003728
     851       -0.003771
     852       -0.004156
     853       -0.005098
     854       -0.006291
     855       -0.007468
     856       -0.008560
     857       -0.009603
     858       -0.010626
     859       -0.011643
     860       -0.012658
     861       -0.013674
     862       -0.014692
     863       -0.015714
     864       -0.016766
     865       -0.017796
     866       -0.019171
     867       -0.020163
     868       -0.020660
     869       -0.020701
     870       -0.020338
     871       -0.020329
     872       -0.020294
     873       -0.020292
     874       -0.020292
     875       -0.020294
     876       -0.020297
     877       -0.020301
     878       -0.020308
     879       -0.020318
     880       -0.020365
     881       -0.020397
     882       -0.020807
     883       -0.020852
     884       -0.020475
     885       -0.019590
     886       -0.018227
     887       -0.017052
     888       -0.015731
     889       -0.014440
     890       -0.013277
     891       -0.012275
     892       -0.011369
     893       -0.010469
     894       -0.009526
     895       -0.008522
     896       -0.007446
     897       -0.006273
     898       -0.005077
     899       -0.004129
     900       -0.003753
     901       -0.004003
     902       -0.004966
     903       -0.006393
     904       -0.007680
     905       -0.008621
     906       -0.009355
     907       -0.010014
     908       -0.010651
     909       -0.011280
     910       -0.011909
     911       -0.012537
     912       -0.013171
     913       -0.013811
     914       -0.014507
     915       -0.015148
     916       -0.016546
     917       -0.016163
     918       -0.016466
     919       -0.017489
     920       -0.016719
     921       -0.016707
     922       -0.016640
     923       -0.016629
     924       -0.016624
     925       -0.016624
     926       -0.016625
     927       -0.016627
     928       -0.016635
     929       -0.016651
     930       -0.016729
     931       -0.016765
     932       -0.017582
     933       -0.016634
     934       -0.016424
     935       -0.016876
     936       -0.015471
     937       -0.014714
     938       -0.013820
     939       -0.012984
     940       -0.012234
     941       -0.011600
     942       -0.011043
     943       -0.010505
     944       -0.009940
     945       -0.009325
     946       -0.008613
     947       -0.007683
     948       -0.006398
     949       -0.004956
     950       -0.003988
     951       -0.004226
     952       -0.005778
     953       -0.007735
     954       -0.009103
     955       -0.009790
     956       -0.010154
     957       -0.010427
     958       -0.010677
     959       -0.010919
     960       -0.011158
     961       -0.011403
     962       -0.011641
     963       -0.011927
     964       -0.012176
     965       -0.012670
     966       -0.013345
     967       -0.012674
     968       -0.012792
     969       -0.013701
     970       -0.013269
     971       -0.013014
     972       -0.013004
     973       -0.012957
     974       -0.012959
     975       -0.012952
     976       -0.012952
     977       -0.012956
     978       -0.012954
     979       -0.013003
     980       -0.013021
     981       -0.013298
     982       -0.013774
     983       -0.012931
     984       -0.012885
     985       -0.013600
     986       -0.012908
     987       -0.012323
     988       -0.011930
     989       -0.011499
     990       -0.011170
     991       -0.010910
     992       -0.010718
     993       -0.010548
     994       -0.010363
     995       -0.010134
     996       -0.009797
     997       -0.009127
     998       -0.007766
     999       -0.005785
    1000       -0.004209
    1001       -0.004474
    1002       -0.006688
    1003       -0.009205
    1004       -0.010590
    1005       -0.010973
    1006       -0.010956
    1007       -0.010842
    1008       -0.010704
    1009       -0.010556
    1010       -0.010410
    1011       -0.010261
    1012       -0.010126
    1013       -0.010002
    1014       -0.009913
    1015       -0.010031
    1016       -0.010142
    1017       -0.009332
    1018       -0.009254
    1019       -0.009916
    1020       -0.009656
    1021       -0.009389
    1022       -0.009328
    1023       -0.009302
    1024       -0.009286
    1025       -0.009283
    1026       -0.009280
    1027       -0.009278
    1028       -0.009289
    1029       -0.009313
    1030       -0.009379
    1031       -0.009665
    1032       -0.009965
    1033       -0.009361
    1034       -0.009495
    1035       -0.010333
    1036       -0.010205
    1037       -0.010015
    1038       -0.009998
    1039       -0.010016
    1040       -0.010079
    1041       -0.010211
    1042       -0.010389
    1043       -0.010596
    1044       -0.010793
    1045       -0.010951
    1046       -0.010997
    1047       -0.010635
    1048       -0.009263
    1049       -0.006715
    1050       -0.004456
    1051       -0.004791
    1052       -0.007816
    1053       -0.010890
    1054       -0.012160
    1055       -0.012171
    1056       -0.011759
    1057       -0.011260
    1058       -0.010730
    1059       -0.010196
    1060       -0.009659
    1061       -0.009125
    1062       -0.008599
    1063       -0.008089
    1064       -0.007632
    1065       -0.007320
    1066       -0.006957
    1067       -0.006047
    1068       -0.005777
    1069       -0.006148
    1070       -0.005972
    1071       -0.005745
    1072       -0.005663
    1073       -0.005634
    1074       -0.005619
    1075       -0.005612
    1076       -0.005607
    1077       -0.005605
    1078       -0.005611
    1079       -0.005634
    1080       -0.005717
    1081       -0.005958
    1082       -0.006167
    1083       -0.005847
    1084       -0.006164
    1085       -0.007095
    1086       -0.007443
    1087       -0.007701
    1088       -0.008079
    1089       -0.008509
    1090       -0.008980
    1091       -0.009498
    1092       -0.010060
    1093       -0.010645
    1094       -0.011230
    1095       -0.011772
    1096       -0.012212
    1097       -0.012226
    1098       -0.010976
    1099       -0.007867
    1100       -0.004771
    1101       -0.005237
    1102       -0.009322
    1103       -0.012871
    1104       -0.013821
    1105       -0.013370
    1106       -0.012569
    1107       -0.011677
    1108       -0.010759
    1109       -0.009833
    1110       -0.008911
    1111       -0.007986
    1112       -0.007072
    1113       -0.006175
    1114       -0.005332
    1115       -0.004568
    1116       -0.003778
    1117       -0.002777
    1118       -0.002312
    1119       -0.002385
    1120       -0.002248
    1121       -0.002083
    1122       -0.001998
    1123       -0.001965
    1124       -0.001950
    1125       -0.001942
    1126       -0.001935
    1127       -0.001930
    1128       -0.001932
    1129       -0.001954
    1130       -0.002035
    1131       -0.002207
    1132       -0.002371
    1133       -0.002342
    1134       -0.002850
    1135       -0.003871
    1136       -0.004653
    1137       -0.005377
    1138       -0.006158
    1139       -0.006993
    1140       -0.007864
    1141       -0.008778
    1142       -0.009726
    1143       -0.010700
    1144       -0.011670
    1145       -0.012602
    1146       -0.013430
    1147       -0.013905
    1148       -0.012984
    1149       -0.009406
    1150       -0.005215
    1151       -0.005933
    1152       -0.011417
    1153       -0.015239
    1154       -0.015524
    1155       -0.014582
    1156       -0.013376
    1157       -0.012104
    1158       -0.010778
    1159       -0.009477
    1160       -0.008157
    1161       -0.006850
    1162       -0.005542
    1163       -0.004258
    1164       -0.003017
    1165       -0.001797
    1166       -0.000583
    1167        0.000511
    1168        0.001170
    1169        0.001392
    1170        0.001496
    1171        0.001593
    1172        0.001671
    1173        0.001705
    1174        0.001719
    1175        0.001729
    1176        0.001738
    1177        0.001745
    1178        0.001748
    1179        0.001730
    1180        0.001663
    1181        0.001566
    1182        0.001445
    1183        0.001185
    1184        0.000483
    1185       -0.000640
    1186       -0.001856
    1187       -0.003047
    1188       -0.004236
    1189       -0.005465
    1190       -0.006740
    1191       -0.008045
    1192       -0.009397
    1193       -0.010748
    1194       -0.012123
    1195       -0.013433
    1196       -0.014663
    1197       -0.015623
    1198       -0.015376
    1199       -0.011541
    1200       -0.005912
    1201       -0.007001
    1202       -0.014517
    1203       -0.017932
    1204       -0.017265
    1205       -0.015755
    1206       -0.014239
    1207       -0.012487
    1208       -0.010825
    1209       -0.009104
    1210       -0.007413
    1211       -0.005709
    1212       -0.004014
    1213       -0.002333
    1214       -0.000694
    1215        0.000976
    1216        0.002646
    1217        0.003852
    1218        0.004704
    1219        0.005205
    1220        0.005241
    1221        0.005279
    1222        0.005346
    1223        0.005375
    1224        0.005387
    1225        0.005399
    1226        0.005410
    1227        0.005420
    1228        0.005428
    1229        0.005420
    1230        0.005370
    1231        0.005343
    1232        0.005301
    1233        0.004768
    1234        0.003868
    1235        0.002620
    1236        0.000931
    1237       -0.000719
    1238       -0.002305
    1239       -0.003932
    1240       -0.005598
    1241       -0.007314
    1242       -0.009050
    1243       -0.010828
    1244       -0.012538
    1245       -0.014324
    1246       -0.015857
    1247       -0.017377
    1248       -0.018083
    1249       -0.014693
    1250       -0.006979
    1251       -0.009200
    1252       -0.018802
    1253       -0.021098
    1254       -0.018649
    1255       -0.017199
    1256       -0.014945
    1257       -0.012959
    1258       -0.010826
    1259       -0.008755
    1260       -0.006658
    1261       -0.004569
    1262       -0.002489
    1263       -0.000400
    1264        0.001638
    1265        0.003728
    1266        0.005918
    1267        0.007289
    1268        0.008338
    1269        0.009059
    1270        0.008966
    1271        0.008971
    1272        0.009031
    1273        0.009039
    1274        0.009059
    1275        0.009068
    1276        0.009081
    1277        0.009098
    1278        0.009103
    1279        0.009121
    1280        0.009085
    1281        0.009102
    1282        0.009203
    1283        0.008458
    1284        0.007353
    1285        0.005916
    1286        0.003683
    1287        0.001608
    1288       -0.000367
    1289       -0.002391
    1290       -0.004447
    1291       -0.006566
    1292       -0.008727
    1293       -0.010864
    1294       -0.013045
    1295       -0.015055
    1296       -0.017329
    1297       -0.018769
    1298       -0.021253
    1299       -0.019032
    1300       -0.009183
    1301       -0.011932
    1302       -0.026633
    1303       -0.022598
    1304       -0.020878
    1305       -0.018246
    1306       -0.015834
    1307       -0.013345
    1308       -0.010863
    1309       -0.008390
    1310       -0.005907
    1311       -0.003434
    1312       -0.000951
    1313        0.001510
    1314        0.004016
    1315        0.006421
    1316        0.009202
    1317        0.010908
    1318        0.012148
    1319        0.012928
    1320        0.012631
    1321        0.012711
    1322        0.012691
    1323        0.012717
    1324        0.012725
    1325        0.012739
    1326        0.012754
    1327        0.012769
    1328        0.012791
    1329        0.012797
    1330        0.012849
    1331        0.012800
    1332        0.013125
    1333        0.012335
    1334        0.011028
    1335        0.009218
    1336        0.006360
    1337        0.003969
    1338        0.001547
    1339       -0.000825
    1340       -0.003285
    1341       -0.005814
    1342       -0.008391
    1343       -0.010943
    1344       -0.013471
    1345       -0.015977
    1346       -0.018393
    1347       -0.021036
    1348       -0.022706
    1349       -0.026935
    1350       -0.011880
    1351       -0.028641
    1352       -0.030610
    1353       -0.025437
    1354       -0.022615
    1355       -0.019437
    1356       -0.016689
    1357       -0.013727
    1358       -0.010912
    1359       -0.008016
    1360       -0.005164
    1361       -0.002291
    1362        0.000576
    1363        0.003448
    1364        0.006323
    1365        0.009272
    1366        0.012161
    1367        0.014940
    1368        0.016373
    1369        0.016471
    1370        0.016453
    1371        0.016380
    1372        0.016378
    1373        0.016386
    1374        0.016393
    1375        0.016409
    1376        0.016425
    1377        0.016443
    1378        0.016470
    1379        0.016499
    1380        0.016541
    1381        0.016657
    1382        0.016719
    1383        0.016645
    1384        0.015131
    1385        0.012182
    1386        0.009175
    1387        0.006241
    1388        0.003489
    1389        0.000745
    1390       -0.002096
    1391       -0.005063
    1392       -0.008051
    1393       -0.011043
    1394       -0.013896
    1395       -0.016866
    1396       -0.019605
    1397       -0.022793
    1398       -0.025556
    1399       -0.030815
    1400       -0.028652
    1401       -0.042347
    1402       -0.031401
    1403       -0.027533
    1404       -0.023132
    1405       -0.020267
    1406       -0.016987
    1407       -0.013995
    1408       -0.010896
    1409       -0.007850
    1410       -0.004781
    1411       -0.001720
    1412        0.001340
    1413        0.004429
    1414        0.007486
    1415        0.010682
    1416        0.013730
    1417        0.016855
    1418        0.018390
    1419        0.018329
    1420        0.018348
    1421        0.018219
    1422        0.018232
    1423        0.018211
    1424        0.018224
    1425        0.018232
    1426        0.018244
    1427        0.018262
    1428        0.018275
    1429        0.018323
    1430        0.018344
    1431        0.018512
    1432        0.018540
    1433        0.018658
    1434        0.017107
    1435        0.013885
    1436        0.010752
    1437        0.007516
    1438        0.004460
    1439        0.001376
    1440       -0.001716
    1441       -0.004846
    1442       -0.007979
    1443       -0.011052
    1444       -0.014149
    1445       -0.017128
    1446       -0.020400
    1447       -0.023253
    1448       -0.027652
    1449       -0.031450
    1450       -0.042426
    1451       -0.003707
    1452       -0.003466
    1453       -0.003188
    1454       -0.002912
    1455       -0.002686
    1456       -0.002519
    1457       -0.002420
    1458       -0.002390
    1459       -0.002429
    1460       -0.002535
    1461       -0.002705
    1462       -0.002931
    1463       -0.003205
    1464       -0.003479
    1465       -0.003714
    1466       -0.003760
    1467       -0.003556
    1468       -0.003316
    1469       -0.003094
    1470       -0.002918
    1471       -0.002796
    1472       -0.002726
    1473       -0.002704
    1474       -0.002728
    1475       -0.002802
    1476       -0.002928
    1477       -0.003107
    1478       -0.003330
    1479       -0.003570
    1480       -0.003776
    1481       -0.003831
    1482       -0.003608
    1483       -0.003391
    1484       -0.003210
    1485       -0.003081
    1486       -0.003003
    1487       -0.002963
    1488       -0.002949
    1489       -0.002959
    1490       -0.003000
    1491       -0.003084
    1492       -0.003220
    1493       -0.003409
    1494       -0.003633
    1495       -0.003864
    1496       -0.003821
    1497       -0.003581
    1498       -0.003386
    1499       -0.003252
    1500       -0.003180
    1501       -0.003151
    1502       -0.003145
    1503       -0.003141
    1504       -0.003135
    1505       -0.003139
    1506       -0.003175
    1507       -0.003262
    1508       -0.003411
    1509       -0.003622
    1510       -0.003879
    1511       -0.003712
    1512       -0.003451
    1513       -0.003291
    1514       -0.003222
    1515       -0.003220
    1516       -0.003253
    1517       -0.003285
    1518       -0.003292
    1519       -0.003267
    1520       -0.003229
    1521       -0.003206
    1522       -0.003227
    1523       -0.003320
    1524       -0.003507
    1525       -0.003801
    1526       -0.003453
    1527       -0.003196
    1528       -0.003099
    1529       -0.003123
    1530       -0.003214
    1531       -0.003322
    1532       -0.003398
    1533       -0.003415
    1534       -0.003369
    1535       -0.003280
    1536       -0.003182
    1537       -0.003114
    1538       -0.003121
    1539       -0.003256
    1540       -0.003571
    1541       -0.002992
    1542       -0.002782
    1543       -0.002810
    1544       -0.002973
    1545       -0.003185
    1546       -0.003377
    1547       -0.003499
    1548       -0.003524
    1549       -0.003451
    1550       -0.003299
    1551       -0.003107
    1552       -0.002920
    1553       -0.002796
    1554       -0.002825
    1555       -0.003128
    1556       -0.002205
    1557       -0.002212
    1558       -0.002495
    1559       -0.002864
    1560       -0.003202
    1561       -0.003463
    1562       -0.003613
    1563       -0.003634
    1564       -0.003524
    1565       -0.003302
    1566       -0.003010
    1567       -0.002690
    1568       -0.002382
    1569       -0.002194
    1570       -0.002342
    1571       -0.001153
    1572       -0.001766
    1573       -0.002534
    1574       -0.003070
    1575       -0.003430
    1576       -0.003657
    1577       -0.003767
    1578       -0.003754
    1579       -0.003603
    1580       -0.003333
    1581       -0.003009
    1582       -0.002636
    1583       -0.002179
    1584       -0.001590
    1585       -0.001210
    1586       -0.000326
    1587       -0.002837
    1588       -0.003725
    1589       -0.004050
    1590       -0.004150
    1591       -0.004087
    1592       -0.003963
    1593       -0.003885
    1594       -0.003708
    1595       -0.003511
    1596       -0.003399
    1597       -0.003222
    1598       -0.002890
    1599       -0.002153
    1600       -0.000212
    1601       -0.004019
    1602       -0.006437
    1603       -0.006153
    1604       -0.005932
    1605       -0.005616
    1606       -0.005068
    1607       -0.004084
    1608       -0.004014
    1609       -0.003861
    1610       -0.004217
    1611       -0.004664
    1612       -0.004852
    1613       -0.004849
    1614       -0.004850
    1615       -0.002268
    1616       -0.004314
    1617       -0.004138
    1618       -0.004701
    1619       -0.004611
    1620       -0.004341
    1621       -0.005140
    1622       -0.004926
    1623       -0.004546
    1624       -0.005548
    1625       -0.005119
    1626       -0.005089
    1627       -0.005899
    1628       -0.005917
    1629       -0.005293
    1630       -0.007001
    1631       -0.003440
    1632       -0.002326
    1633       -0.004359
    1799       -0.001455
    1800       -0.001085
    1801        0.000592
    1802        0.000670
    1803        0.000784
    1804        0.000839
    1805        0.000877
    1806        0.000915
    1807        0.000950
    1808        0.000975
    1809        0.000959
    1810        0.000851
    1811        0.000740
    1812       -0.001007
    1813       -0.001427
    1814       -0.003042
    1815       -0.001101
    1816        0.000174
    1817        0.000663
    1818        0.000939
    1819        0.001092
    1820        0.001168
    1821        0.001203
    1822        0.001199
    1823        0.001147
    1824        0.001007
    1825        0.000733
    1826        0.000244
    1827       -0.001016
    1828       -0.003029
    1829       -0.001617
    1830       -0.001096
    1831       -0.000199
    1832        0.000510
    1833        0.000951
    1834        0.001233
    1835        0.001384
    1836        0.001431
    1837        0.001382
    1838        0.001230
    1839        0.000949
    1840        0.000513
    1841       -0.000183
    1842       -0.001058
    1843       -0.001540
    1844       -0.002313
    1845       -0.001349
    1846       -0.000514
    1847        0.000240
    1848        0.000844
    1849        0.001268
    1850        0.001516
    1851        0.001588
    1852        0.001489
    1853        0.001226
    1854        0.000801
    1855        0.000211
    1856       -0.000517
    1857       -0.001306
    1858       -0.002164
    1859       -0.002667
    1860       -0.001804
    1861       -0.000938
    1862       -0.000110
    1863        0.000623
    1864        0.001199
    1865        0.001561
    1866        0.001668
    1867        0.001517
    1868        0.001133
    1869        0.000561
    1870       -0.000144
    1871       -0.000929
    1872       -0.001730
    1873       -0.002472
    1874       -0.003083
    1875       -0.002293
    1876       -0.001451
    1877       -0.000574
    1878        0.000287
    1879        0.001028
    1880        0.001518
    1881        0.001671
    1882        0.001469
    1883        0.000963
    1884        0.000247
    1885       -0.000578
    1886       -0.001418
    1887       -0.002198
    1888       -0.002885
    1889       -0.003398
    1890       -0.002811
    1891       -0.002075
    1892       -0.001179
    1893       -0.000192
    1894        0.000737
    1895        0.001390
    1896        0.001603
    1897        0.001342
    1898        0.000688
    1899       -0.000200
    1900       -0.001145
    1901       -0.002009
    1902       -0.002714
    1903       -0.003232
    1904       -0.003755
    1905       -0.003453
    1906       -0.002887
    1907       -0.002022
    1908       -0.000893
    1909        0.000294
    1910        0.001179
    1911        0.001473
    1912        0.001130
    1913        0.000254
    1914       -0.000878
    1915       -0.001958
    1916       -0.002809
    1917       -0.003377
    1918       -0.003650
    1919       -0.004340
    1920       -0.004314
    1921       -0.004031
    1922       -0.003256
    1923       -0.001960
    1924       -0.000371
    1925        0.000898
    1926        0.001298
    1927        0.000826
    1928       -0.000447
    1929       -0.001986
    1930       -0.003232
    1931       -0.003991
    1932       -0.004274
    1933       -0.004304
    1934       -0.004883
    1935       -0.005880
    1936       -0.005782
    1937       -0.005073
    1938       -0.003670
    1939       -0.001467
    1940        0.000611
    1941        0.001100
    1942        0.000470
    1943       -0.001679
    1944       -0.003855
    1945       -0.005183
    1946       -0.005840
    1947       -0.005922
    1948       -0.004943
    1949       -0.010028
    1950       -0.008237
    1951       -0.007832
    1952       -0.007361
    1953       -0.006365
    1954       -0.003943
    1955        0.000640
    1956        0.000898
    1957        0.000425
    1958       -0.004477
    1959       -0.006807
    1960       -0.007645
    1961       -0.008010
    1962       -0.008349
    1963       -0.010206
    1964       -0.000029
    1965        0.000673
    1966        0.000350
    1967       -0.000540
    1968        0.000428
    1969       -0.000156
    1970       -0.000599
    1971       -0.000050
    1972       -0.000363
    1973       -0.001109
    1974       -0.000557
    1975       -0.000980
    1976       -0.001242
    1977       -0.003044
    1978       -0.001119
    1979       -0.003916
    1980       -0.006630
    1981       -0.003818
    1982       -0.001432
    1983       -0.001012
    1984        0.000755
    1985        0.000892
    1986        0.001035
    1987        0.001091
    1988        0.001109
    1989        0.001115
    1990        0.001111
    1991        0.001094
    1992        0.001038
    1993        0.000892
    1994        0.000749
    1995       -0.001018
    1996       -0.001441
    1997       -0.003048
    1998       -0.001024
    1999        0.000257
    2000        0.000765
    2001        0.001065
    2002        0.001234
    2003        0.001313
    2004        0.001338
    2005        0.001314
    2006        0.001237
    2007        0.001069
    2008        0.000770
    2009        0.000261
    2010       -0.001009
    2011       -0.003019
    2012       -0.001572
    2013       -0.001074
    2014       -0.000182
    2015        0.000533
    2016        0.000990
    2017        0.001291
    2018        0.001456
    2019        0.001507
    2020        0.001452
    2021        0.001288
    2022        0.000992
    2023        0.000542
    2024       -0.000165
    2025       -0.001045
    2026       -0.001527
    2027       -0.002216
    2028       -0.001334
    2029       -0.000531
    2030        0.000214
    2031        0.000824
    2032        0.001262
    2033        0.001529
    2034        0.001614
    2035        0.001519
    2036        0.001251
    2037        0.000820
    2038        0.000226
    2039       -0.000504
    2040       -0.001294
    2041       -0.002151
    2042       -0.002536
    2043       -0.001769
    2044       -0.000957
    2045       -0.000157
    2046        0.000571
    2047        0.001157
    2048        0.001532
    2049        0.001654
    2050        0.001514
    2051        0.001139
    2052        0.000572
    2053       -0.000137
    2054       -0.000923
    2055       -0.001721
    2056       -0.002461
    2057       -0.002952
    2058       -0.002238
    2059       -0.001455
    2060       -0.000611
    2061        0.000230
    2062        0.000965
    2063        0.001463
    2064        0.001629
    2065        0.001440
    2066        0.000946
    2067        0.000240
    2068       -0.000578
    2069       -0.001411
    2070       -0.002190
    2071       -0.002876
    2072       -0.003292
    2073       -0.002752
    2074       -0.002062
    2075       -0.001204
    2076       -0.000246
    2077        0.000669
    2078        0.001321
    2079        0.001543
    2080        0.001296
    2081        0.000657
    2082       -0.000218
    2083       -0.001152
    2084       -0.002008
    2085       -0.002709
    2086       -0.003224
    2087       -0.003690
    2088       -0.003406
    2089       -0.002869
    2090       -0.002034
    2091       -0.000934
    2092        0.000232
    2093        0.001107
    2094        0.001405
    2095        0.001075
    2096        0.000217
    2097       -0.000899
    2098       -0.001967
    2099       -0.002809
    2100       -0.003369
    2101       -0.003642
    2102       -0.004339
    2103       -0.004313
    2104       -0.004031
    2105       -0.003265
    2106       -0.001988
    2107       -0.000422
    2108        0.000832
    2109        0.001231
    2110        0.000771
    2111       -0.000483
    2112       -0.001998
    2113       -0.003233
    2114       -0.003987
    2115       -0.004270
    2116       -0.004302
    2117       -0.004946
    2118       -0.005928
    2119       -0.005814
    2120       -0.005094
    2121       -0.003692
    2122       -0.001505
    2123        0.000554
    2124        0.001039
    2125        0.000418
    2126       -0.001706
    2127       -0.003853
    2128       -0.005178
    2129       -0.005829
    2130       -0.005911
    2131       -0.004944
    2132       -0.010183
    2133       -0.008337
    2134       -0.007897
    2135       -0.007399
    2136       -0.006390
    2137       -0.003970
    2138        0.000590
    2139        0.000845
    2140        0.000377
    2141       -0.004485
    2142       -0.006794
    2143       -0.007635
    2144       -0.007990
    2145       -0.008322
    2146       -0.010161
    2147       -0.000068
    2148        0.000630
    2149        0.000302
    2150       -0.000566
    2151        0.000396
    2152       -0.000198
    2153       -0.000605
    2154       -0.000065
    2155       -0.000395
    2156       -0.001083
    2157       -0.000552
    2158       -0.001003
    2159       -0.001161
    2160       -0.003017
    2161       -0.001136
    2162       -0.003809
    2163       -0.006569
    2164       -0.003796
    2165       -0.003713
    2166       -0.003475
    2167       -0.003199
    2168       -0.002925
    2169       -0.002698
    2170       -0.002529
    2171       -0.002425
    2172       -0.002390
    2173       -0.002423
    2174       -0.002525
    2175       -0.002692
    2176       -0.002918
    2177       -0.003193
    2178       -0.003470
    2179       -0.003708
    2180       -0.003774
    2181       -0.003567
    2182       -0.003324
    2183       -0.003099
    2184       -0.002920
    2185       -0.002796
    2186       -0.002726
    2187       -0.002704
    2188       -0.002729
    2189       -0.002801
    2190       -0.002925
    2191       -0.003101
    2192       -0.003321
    2193       -0.003559
    2194       -0.003763
    2195       -0.003854
    2196       -0.003625
    2197       -0.003400
    2198       -0.003212
    2199       -0.003077
    2200       -0.002996
    2201       -0.002959
    2202       -0.002950
    2203       -0.002965
    2204       -0.003007
    2205       -0.003088
    2206       -0.003218
    2207       -0.003398
    2208       -0.003615
    2209       -0.003841
    2210       -0.003857
    2211       -0.003607
    2212       -0.003398
    2213       -0.003251
    2214       -0.003169
    2215       -0.003138
    2216       -0.003137
    2217       -0.003143
    2218       -0.003146
    2219       -0.003155
    2220       -0.003187
    2221       -0.003263
    2222       -0.003398
    2223       -0.003595
    2224       -0.003843
    2225       -0.003763
    2226       -0.003485
    2227       -0.003303
    2228       -0.003213
    2229       -0.003198
    2230       -0.003228
    2231       -0.003270
    2232       -0.003294
    2233       -0.003286
    2234       -0.003256
    2235       -0.003228
    2236       -0.003235
    2237       -0.003307
    2238       -0.003472
    2239       -0.003748
    2240       -0.003521
    2241       -0.003233
    2242       -0.003101
    2243       -0.003094
    2244       -0.003167
    2245       -0.003275
    2246       -0.003371
    2247       -0.003417
    2248       -0.003396
    2249       -0.003321
    2250       -0.003220
    2251       -0.003137
    2252       -0.003116
    2253       -0.003217
    2254       -0.003500
    2255       -0.003077
    2256       -0.002808
    2257       -0.002775
    2258       -0.002893
    2259       -0.003087
    2260       -0.003292
    2261       -0.003450
    2262       -0.003523
    2263       -0.003495
    2264       -0.003375
    2265       -0.003191
    2266       -0.002989
    2267       -0.002825
    2268       -0.002796
    2269       -0.003040
    2270       -0.002296
    2271       -0.002177
    2272       -0.002360
    2273       -0.002672
    2274       -0.003005
    2275       -0.003304
    2276       -0.003527
    2277       -0.003630
    2278       -0.003600
    2279       -0.003446
    2280       -0.003192
    2281       -0.002866
    2282       -0.002506
    2283       -0.002221
    2284       -0.002243
    2285       -0.001170
    2286       -0.001554
    2287       -0.002164
    2288       -0.002648
    2289       -0.003038
    2290       -0.003365
    2291       -0.003620
    2292       -0.003750
    2293       -0.003739
    2294       -0.003612
    2295       -0.003387
    2296       -0.003049
    2297       -0.002547
    2298       -0.001807
    2299       -0.001197
    2300       -0.000164
    2301       -0.002099
    2302       -0.002879
    2303       -0.003251
    2304       -0.003456
    2305       -0.003576
    2306       -0.003747
    2307       -0.003887
    2308       -0.003929
    2309       -0.004026
    2310       -0.004104
    2311       -0.004032
    2312       -0.003745
    2313       -0.002906
    2314       -0.000386
    2315       -0.002236
    2316       -0.004823
    2317       -0.004815
    2318       -0.004808
    2319       -0.004644
    2320       -0.004244
    2321       -0.003909
    2322       -0.004031
    2323       -0.004077
    2324       -0.005067
    2325       -0.005659
    2326       -0.005984
    2327       -0.006194
    2328       -0.006476
    2329       -0.004051
    2330       -0.004828
    2331       -0.004173
    2332       -0.004273
    2333       -0.005274
    2334       -0.004365
    2335       -0.004545
    2336       -0.005660
    2337       -0.004555
    2338       -0.004868
    2339       -0.005985
    2340       -0.005085
    2341       -0.005066
    2342       -0.006989
    2343       -0.005287
    2344       -0.005930
    2345       -0.004359
    2346       -0.002319
    2347       -0.003441
    2348       -0.003873
    2349       -0.004106
    2350       -0.004766
    2351       -0.005789
    2352       -0.006963
    2353       -0.008181
    2354       -0.009398
    2355       -0.010612
    2356       -0.011822
    2357       -0.013035
    2358       -0.014242
    2359       -0.015461
    2360       -0.016656
    2361       -0.017892
    2362       -0.019068
    2363       -0.020255
    2364       -0.021635
    2365       -0.022244
    2366       -0.022070
    2367       -0.022093
    2368       -0.022127
    2369       -0.022100
    2370       -0.022115
    2371       -0.022105
    2372       -0.022106
    2373       -0.022102
    2374       -0.022095
    2375       -0.022098
    2376       -0.022074
    2377       -0.022096
    2378       -0.022047
    2379       -0.022022
    2380       -0.022127
    2381       -0.021462
    2382       -0.018582
    2383       -0.016309
    2384       -0.015713
    2385       -0.016620
    2386       -0.017596
    2387       -0.016980
    2388       -0.014694
    2389       -0.011958
    2390       -0.010700
    2391       -0.009418
    2392       -0.008207
    2393       -0.006984
    2394       -0.005814
    2395       -0.004793
    2396       -0.004134
    2397       -0.003882
    2398       -0.003985
    2399       -0.004270
    2400       -0.004931
    2401       -0.005895
    2402       -0.007013
    2403       -0.008196
    2404       -0.009401
    2405       -0.010611
    2406       -0.011823
    2407       -0.013033
    2408       -0.014246
    2409       -0.015453
    2410       -0.016661
    2411       -0.017865
    2412       -0.019027
    2413       -0.020174
    2414       -0.021302
    2415       -0.021908
    2416       -0.021991
    2417       -0.022053
    2418       -0.022101
    2419       -0.022107
    2420       -0.022109
    2421       -0.022110
    2422       -0.022107
    2423       -0.022104
    2424       -0.022102
    2425       -0.022093
    2426       -0.022087
    2427       -0.022066
    2428       -0.022014
    2429       -0.021892
    2430       -0.021794
    2431       -0.020723
    2432       -0.018798
    2433       -0.017176
    2434       -0.016425
    2435       -0.016639
    2436       -0.016853
    2437       -0.016075
    2438       -0.014391
    2439       -0.012378
    2440       -0.010699
    2441       -0.009479
    2442       -0.008218
    2443       -0.007039
    2444       -0.005914
    2445       -0.004955
    2446       -0.004293
    2447       -0.003990
    2448       -0.004067
    2449       -0.004377
    2450       -0.005053
    2451       -0.005982
    2452       -0.007057
    2453       -0.008213
    2454       -0.009405
    2455       -0.010611
    2456       -0.011821
    2457       -0.013033
    2458       -0.014244
    2459       -0.015453
    2460       -0.016657
    2461       -0.017847
    2462       -0.018988
    2463       -0.020087
    2464       -0.021056
    2465       -0.021662
    2466       -0.021903
    2467       -0.022014
    2468       -0.022083
    2469       -0.022103
    2470       -0.022110
    2471       -0.022111
    2472       -0.022109
    2473       -0.022107
    2474       -0.022103
    2475       -0.022099
    2476       -0.022083
    2477       -0.022059
    2478       -0.021958
    2479       -0.021815
    2480       -0.021437
    2481       -0.020397
    2482       -0.018954
    2483       -0.017744
    2484       -0.016930
    2485       -0.016641
    2486       -0.016340
    2487       -0.015465
    2488       -0.014150
    2489       -0.012462
    2490       -0.010818
    2491       -0.009476
    2492       -0.008256
    2493       -0.007074
    2494       -0.006001
    2495       -0.005070
    2496       -0.004398
    2497       -0.004069
    2498       -0.004128
    2499       -0.004443
    2500       -0.005141
    2501       -0.006049
    2502       -0.007094
    2503       -0.008227
    2504       -0.009409
    2505       -0.010611
    2506       -0.011821
    2507       -0.013033
    2508       -0.014244
    2509       -0.015452
    2510       -0.016653
    2511       -0.017831
    2512       -0.018955
    2513       -0.020007
    2514       -0.020882
    2515       -0.021487
    2516       -0.021823
    2517       -0.021982
    2518       -0.022068
    2519       -0.022100
    2520       -0.022110
    2521       -0.022112
    2522       -0.022112
    2523       -0.022110
    2524       -0.022107
    2525       -0.022101
    2526       -0.022087
    2527       -0.022042
    2528       -0.021930
    2529       -0.021716
    2530       -0.021206
    2531       -0.020236
    2532       -0.019111
    2533       -0.018120
    2534       -0.017273
    2535       -0.016642
    2536       -0.015988
    2537       -0.015060
    2538       -0.013914
    2539       -0.012455
    2540       -0.010881
    2541       -0.009503
    2542       -0.008270
    2543       -0.007115
    2544       -0.006062
    2545       -0.005155
    2546       -0.004458
    2547       -0.004129
    2548       -0.004170
    2549       -0.004481
    2550       -0.005200
    2551       -0.006097
    2552       -0.007121
    2553       -0.008239
    2554       -0.009412
    2555       -0.010611
    2556       -0.011821
    2557       -0.013033
    2558       -0.014244
    2559       -0.015451
    2560       -0.016649
    2561       -0.017820
    2562       -0.018929
    2563       -0.019945
    2564       -0.020764
    2565       -0.021370
    2566       -0.021761
    2567       -0.021957
    2568       -0.022057
    2569       -0.022097
    2570       -0.022110
    2571       -0.022113
    2572       -0.022113
    2573       -0.022113
    2574       -0.022110
    2575       -0.022105
    2576       -0.022087
    2577       -0.022035
    2578       -0.021907
    2579       -0.021642
    2580       -0.021069
    2581       -0.020186
    2582       -0.019256
    2583       -0.018384
    2584       -0.017500
    2585       -0.016642
    2586       -0.015757
    2587       -0.014774
    2588       -0.013710
    2589       -0.012392
    2590       -0.010907
    2591       -0.009523
    2592       -0.008282
    2593       -0.007140
    2594       -0.006107
    2595       -0.005208
    2596       -0.004492
    2597       -0.004170
    2598       -0.004195
    2599       -0.004501
    2600       -0.005234
    2601       -0.006125
    2602       -0.007138
    2603       -0.008246
    2604       -0.009414
    2605       -0.010612
    2606       -0.011821
    2607       -0.013032
    2608       -0.014243
    2609       -0.015451
    2610       -0.016646
    2611       -0.017812
    2612       -0.018913
    2613       -0.019906
    2614       -0.020697
    2615       -0.021302
    2616       -0.021722
    2617       -0.021940
    2618       -0.022051
    2619       -0.022096
    2620       -0.022111
    2621       -0.022115
    2622       -0.022115
    2623       -0.022115
    2624       -0.022114
    2625       -0.022108
    2626       -0.022089
    2627       -0.022033
    2628       -0.021894
    2629       -0.021599
    2630       -0.021014
    2631       -0.020209
    2632       -0.019396
    2633       -0.018576
    2634       -0.017650
    2635       -0.016643
    2636       -0.015605
    2637       -0.014571
    2638       -0.013535
    2639       -0.012307
    2640       -0.010900
    2641       -0.009533
    2642       -0.008289
    2643       -0.007154
    2644       -0.006131
    2645       -0.005238
    2646       -0.004506
    2647       -0.004194
    2648       -0.004202
    2649       -0.004509
    2650       -0.005245
    2651       -0.006135
    2652       -0.007144
    2653       -0.008249
    2654       -0.009415
    2655       -0.010612
    2656       -0.011820
    2657       -0.013032
    2658       -0.014243
    2659       -0.015450
    2660       -0.016645
    2661       -0.017810
    2662       -0.018907
    2663       -0.019892
    2664       -0.020674
    2665       -0.021280
    2666       -0.021709
    2667       -0.021935
    2668       -0.022049
    2669       -0.022096
    2670       -0.022112
    2671       -0.022116
    2672       -0.022117
    2673       -0.022118
    2674       -0.022117
    2675       -0.022112
    2676       -0.022093
    2677       -0.022037
    2678       -0.021894
    2679       -0.021593
    2680       -0.021025
    2681       -0.020287
    2682       -0.019535
    2683       -0.018723
    2684       -0.017753
    2685       -0.016645
    2686       -0.015505
    2687       -0.014423
    2688       -0.013387
    2689       -0.012211
    2690       -0.010870
    2691       -0.009531
    2692       -0.008289
    2693       -0.007156
    2694       -0.006138
    2695       -0.005245
    2696       -0.004508
    2697       -0.004202
    2698       -0.004194
    2699       -0.004506
    2700       -0.005236
    2701       -0.006127
    2702       -0.007139
    2703       -0.008247
    2704       -0.009414
    2705       -0.010612
    2706       -0.011821
    2707       -0.013032
    2708       -0.014243
    2709       -0.015450
    2710       -0.016646
    2711       -0.017811
    2712       -0.018911
    2713       -0.019904
    2714       -0.020695
    2715       -0.021301
    2716       -0.021721
    2717       -0.021940
    2718       -0.022051
    2719       -0.022097
    2720       -0.022113
    2721       -0.022118
    2722       -0.022119
    2723       -0.022120
    2724       -0.022120
    2725       -0.022116
    2726       -0.022099
    2727       -0.022045
    2728       -0.021908
    2729       -0.021623
    2730       -0.021096
    2731       -0.020410
    2732       -0.019680
    2733       -0.018844
    2734       -0.017827
    2735       -0.016648
    2736       -0.015439
    2737       -0.014313
    2738       -0.013260
    2739       -0.012114
    2740       -0.010826
    2741       -0.009517
    2742       -0.008282
    2743       -0.007147
    2744       -0.006125
    2745       -0.005231
    2746       -0.004499
    2747       -0.004194
    2748       -0.004169
    2749       -0.004490
    2750       -0.005205
    2751       -0.006100
    2752       -0.007123
    2753       -0.008240
    2754       -0.009412
    2755       -0.010612
    2756       -0.011821
    2757       -0.013032
    2758       -0.014243
    2759       -0.015450
    2760       -0.016647
    2761       -0.017818
    2762       -0.018927
    2763       -0.019942
    2764       -0.020762
    2765       -0.021368
    2766       -0.021759
    2767       -0.021956
    2768       -0.022058
    2769       -0.022099
    2770       -0.022114
    2771       -0.022119
    2772       -0.022121
    2773       -0.022122
    2774       -0.022123
    2775       -0.022120
    2776       -0.022106
    2777       -0.022059
    2778       -0.021936
    2779       -0.021687
    2780       -0.021221
    2781       -0.020578
    2782       -0.019834
    2783       -0.018951
    2784       -0.017885
    2785       -0.016653
    2786       -0.015393
    2787       -0.014227
    2788       -0.013150
    2789       -0.012018
    2790       -0.010772
    2791       -0.009493
    2792       -0.008266
    2793       -0.007125
    2794       -0.006093
    2795       -0.005196
    2796       -0.004479
    2797       -0.004169
    2798       -0.004128
    2799       -0.004456
    2800       -0.005149
    2801       -0.006053
    2802       -0.007097
    2803       -0.008228
    2804       -0.009409
    2805       -0.010611
    2806       -0.011821
    2807       -0.013032
    2808       -0.014243
    2809       -0.015450
    2810       -0.016650
    2811       -0.017828
    2812       -0.018951
    2813       -0.020002
    2814       -0.020877
    2815       -0.021484
    2816       -0.021820
    2817       -0.021981
    2818       -0.022069
    2819       -0.022103
    2820       -0.022116
    2821       -0.022120
    2822       -0.022123
    2823       -0.022125
    2824       -0.022126
    2825       -0.022124
    2826       -0.022114
    2827       -0.022078
    2828       -0.021975
    2829       -0.021780
    2830       -0.021400
    2831       -0.020792
    2832       -0.020000
    2833       -0.019054
    2834       -0.017936
    2835       -0.016659
    2836       -0.015358
    2837       -0.014155
    2838       -0.013050
    2839       -0.011924
    2840       -0.010712
    2841       -0.009463
    2842       -0.008244
    2843       -0.007093
    2844       -0.006043
    2845       -0.005135
    2846       -0.004439
    2847       -0.004126
    2848       -0.004067
    2849       -0.004393
    2850       -0.005063
    2851       -0.005988
    2852       -0.007060
    2853       -0.008214
    2854       -0.009406
    2855       -0.010611
    2856       -0.011821
    2857       -0.013033
    2858       -0.014242
    2859       -0.015451
    2860       -0.016653
    2861       -0.017843
    2862       -0.018982
    2863       -0.020082
    2864       -0.021050
    2865       -0.021657
    2866       -0.021900
    2867       -0.022012
    2868       -0.022084
    2869       -0.022107
    2870       -0.022117
    2871       -0.022122
    2872       -0.022124
    2873       -0.022127
    2874       -0.022129
    2875       -0.022129
    2876       -0.022123
    2877       -0.022101
    2878       -0.022022
    2879       -0.021894
    2880       -0.021639
    2881       -0.021061
    2882       -0.020179
    2883       -0.019158
    2884       -0.017989
    2885       -0.016664
    2886       -0.015327
    2887       -0.014088
    2888       -0.012957
    2889       -0.011833
    2890       -0.010651
    2891       -0.009429
    2892       -0.008217
    2893       -0.007050
    2894       -0.005972
    2895       -0.005045
    2896       -0.004373
    2897       -0.004065
    2898       -0.003987
    2899       -0.004287
    2900       -0.004943
    2901       -0.005901
    2902       -0.007017
    2903       -0.008198
    2904       -0.009402
    2905       -0.010611
    2906       -0.011822
    2907       -0.013032
    2908       -0.014244
    2909       -0.015450
    2910       -0.016657
    2911       -0.017860
    2912       -0.019021
    2913       -0.020167
    2914       -0.021294
    2915       -0.021901
    2916       -0.021986
    2917       -0.022051
    2918       -0.022102
    2919       -0.022112
    2920       -0.022118
    2921       -0.022124
    2922       -0.022126
    2923       -0.022128
    2924       -0.022132
    2925       -0.022132
    2926       -0.022132
    2927       -0.022126
    2928       -0.022077
    2929       -0.022017
    2930       -0.021950
    2931       -0.021399
    2932       -0.020363
    2933       -0.019271
    2934       -0.018045
    2935       -0.016671
    2936       -0.015292
    2937       -0.014021
    2938       -0.012864
    2939       -0.011746
    2940       -0.010589
    2941       -0.009394
    2942       -0.008187
    2943       -0.007001
    2944       -0.005882
    2945       -0.004920
    2946       -0.004264
    2947       -0.003982
    2948       -0.003879
    2949       -0.004125
    2950       -0.004780
    2951       -0.005796
    2952       -0.006967
    2953       -0.008183
    2954       -0.009399
    2955       -0.010612
    2956       -0.011822
    2957       -0.013034
    2958       -0.014240
    2959       -0.015458
    2960       -0.016651
    2961       -0.017886
    2962       -0.019060
    2963       -0.020246
    2964       -0.021625
    2965       -0.022235
    2966       -0.022065
    2967       -0.022091
    2968       -0.022129
    2969       -0.022106
    2970       -0.022126
    2971       -0.022122
    2972       -0.022128
    2973       -0.022131
    2974       -0.022132
    2975       -0.022143
    2976       -0.022130
    2977       -0.022161
    2978       -0.022134
    2979       -0.022130
    2980       -0.022348
    2981       -0.021823
    2982       -0.020545
    2983       -0.019395
    2984       -0.018119
    2985       -0.016667
    2986       -0.015257
    2987       -0.013938
    2988       -0.012770
    2989       -0.011658
    2990       -0.010532
    2991       -0.009361
    2992       -0.008159
    2993       -0.006945
    2994       -0.005773
    2995       -0.004753
    2996       -0.004097
    2997       -0.003870
    2998       -0.003731
    2999       -0.003884
    3000       -0.004569
    3001       -0.005670
    3002       -0.006918
    3003       -0.008170
    3004       -0.009398
    3005       -0.010613
    3006       -0.011823
    3007       -0.013032
    3008       -0.014243
    3009       -0.015450
    3010       -0.016671
    3011       -0.017863
    3012       -0.019170
    3013       -0.020243
    3014       -0.022090
    3015       -0.022700
    3016       -0.022060
    3017       -0.022201
    3018       -0.022106
    3019       -0.022128
    3020       -0.022120
    3021       -0.022126
    3022       -0.022129
    3023       -0.022132
    3024       -0.022138
    3025       -0.022139
    3026       -0.022156
    3027       -0.022145
    3028       -0.022259
    3029       -0.022157
    3030       -0.022873
    3031       -0.022381
    3032       -0.020653
    3033       -0.019606
    3034       -0.018158
    3035       -0.016690
    3036       -0.015193
    3037       -0.013846
    3038       -0.012663
    3039       -0.011574
    3040       -0.010478
    3041       -0.009333
    3042       -0.008134
    3043       -0.006892
    3044       -0.005643
    3045       -0.004538
    3046       -0.003851
    3047       -0.003716
    3048       -0.003742
    3049       -0.003859
    3050       -0.004485
    3051       -0.005616
    3052       -0.006901
    3053       -0.008169
    3054       -0.009401
    3055       -0.010615
    3056       -0.011824
    3057       -0.013033
    3058       -0.014242
    3059       -0.015452
    3060       -0.016661
    3061       -0.017886
    3062       -0.019106
    3063       -0.020467
    3064       -0.022148
    3065       -0.022756
    3066       -0.022286
    3067       -0.022137
    3068       -0.022130
    3069       -0.022118
    3070       -0.022122
    3071       -0.022126
    3072       -0.022130
    3073       -0.022135
    3074       -0.022139
    3075       -0.022144
    3076       -0.022149
    3077       -0.022173
    3078       -0.022202
    3079       -0.022400
    3080       -0.022973
    3081       -0.022529
    3082       -0.021016
    3083       -0.019699
    3084       -0.018289
    3085       -0.016683
    3086       -0.015092
    3087       -0.013693
    3088       -0.012530
    3089       -0.011491
    3090       -0.010442
    3091       -0.009322
    3092       -0.008130
    3093       -0.006872
    3094       -0.005587
    3095       -0.004449
    3096       -0.003825
    3097       -0.003728
    3098       -0.003769
    3099       -0.003695
    3100       -0.003730
    3101       -0.003663
    3102       -0.003544
    3103       -0.003491
    3104       -0.003205
    3105       -0.003163
    3106       -0.002819
    3107       -0.002801
    3108       -0.002438
    3109       -0.002432
    3110       -0.002069
    3111       -0.002067
    3112       -0.001704
    3113       -0.001704
    3114       -0.001341
    3115       -0.001341
    3116       -0.000977
    3117       -0.000977
    3118       -0.000615
    3119       -0.000617
    3120       -0.000250
    3121       -0.000247
    3122        0.000110
    3123        0.000102
    3124        0.000485
    3125        0.000486
    3126        0.000839
    3127        0.000837
    3128        0.001273
    3129        0.001076
    3130        0.001743
    3131        0.002243
    3132        0.001925
    3133        0.002424
    3134        0.001817
    3135        0.001620
    3136        0.001746
    3137        0.001744
    3138        0.001756
    3139        0.001757
    3140        0.001743
    3141        0.001735
    3142        0.001746
    3143        0.001748
    3144        0.001743
    3145        0.001742
    3146        0.001742
    3147        0.001743
    3148        0.001741
    3149        0.001742
    3150        0.001738
    3151        0.001738
    3152        0.001739
    3153        0.001742
    3154        0.001732
    3155        0.001726
    3156        0.001744
    3157        0.001745
    3158        0.001730
    3159        0.001728
    3160        0.001811
    3161        0.001602
    3162        0.001921
    3163        0.002391
    3164        0.001776
    3165        0.002213
    3166        0.001279
    3167        0.000572
    3168       -0.000359
    3169       -0.000246
    3170       -0.000613
    3171       -0.000171
    3172        0.000091
    3173        0.000091
    3174        0.000830
    3175        0.000387
    3176        0.000582
    3177        0.000465
    3178       -0.000477
    3179       -0.000993
    3180       -0.001329
    3181       -0.001389
    3182       -0.001680
    3183       -0.001713
    3184       -0.002061
    3185       -0.002074
    3186       -0.002422
    3187       -0.002431
    3188       -0.002812
    3189       -0.002793
    3190       -0.003194
    3191       -0.003154
    3192       -0.003532
    3193       -0.003481
    3194       -0.003720
    3195       -0.003653
    3196       -0.003764
    3197       -0.003696


                                                      SUMMARY INFORMATION
                                                  _________________________

                                                         Min/Max Values
    -Source ID--Entity ID---Sub ID----X Component--
Min:     1       1450          0        -0.042426
Max:     1        732          0         0.018719

