




                       MSC.Patran 25.0.638960 Wed Mar 13 09:21:55 PDT 2019 - Analysis Code: MSC.Nastran 
                                             Load Case: Default, A1:Static Subcase 
                                         Result Strain Tensor,  - Layer (NON-LAYERED) 
                                                      Entity: Node Vector


-Entity ID--X Component--
       1       -0.003737
       2       -0.003849
       3       -0.004477
       4       -0.005612
       5       -0.006899
       6       -0.008168
       7       -0.009400
       8       -0.010614
       9       -0.011824
      10       -0.013034
      11       -0.014243
      12       -0.015454
      13       -0.016665
      14       -0.017891
      15       -0.019112
      16       -0.020474
      17       -0.022155
      18       -0.022762
      19       -0.022289
      20       -0.022140
      21       -0.022031
      22       -0.022118
      23       -0.022125
      24       -0.022149
      25       -0.022165
      26       -0.022117
      27       -0.022115
      28       -0.022115
      29       -0.022114
      30       -0.022129
      31       -0.022139
      32       -0.022290
      33       -0.022762
      34       -0.022155
      35       -0.020473
      36       -0.019111
      37       -0.017890
      38       -0.016664
      39       -0.015454
      40       -0.014243
      41       -0.013034
      42       -0.011824
      43       -0.010614
      44       -0.009400
      45       -0.008168
      46       -0.006899
      47       -0.005612
      48       -0.004477
      49       -0.003849
      50       -0.003737
      51       -0.003763
      52       -0.004147
      53       -0.005094
      54       -0.006290
      55       -0.007467
      56       -0.008559
      57       -0.009602
      58       -0.010625
      59       -0.011643
      60       -0.012658
      61       -0.013675
      62       -0.014694
      63       -0.015716
      64       -0.016769
      65       -0.017799
      66       -0.019175
      67       -0.020168
      68       -0.020662
      69       -0.020705
      70       -0.020320
      71       -0.020234
      72       -0.020307
      73       -0.020325
      74       -0.020311
      75       -0.020309
      76       -0.020287
      77       -0.020284
      78       -0.020286
      79       -0.020291
      80       -0.020328
      81       -0.020339
      82       -0.020703
      83       -0.020664
      84       -0.020168
      85       -0.019175
      86       -0.017799
      87       -0.016769
      88       -0.015716
      89       -0.014694
      90       -0.013675
      91       -0.012658
      92       -0.011643
      93       -0.010625
      94       -0.009602
      95       -0.008559
      96       -0.007467
      97       -0.006290
      98       -0.005094
      99       -0.004147
     100       -0.003763
     101       -0.003995
     102       -0.004963
     103       -0.006397
     104       -0.007683
     105       -0.008622
     106       -0.009355
     107       -0.010014
     108       -0.010651
     109       -0.011280
     110       -0.011909
     111       -0.012537
     112       -0.013171
     113       -0.013810
     114       -0.014507
     115       -0.015148
     116       -0.016546
     117       -0.016163
     118       -0.016465
     119       -0.017484
     120       -0.016687
     121       -0.016674
     122       -0.016625
     123       -0.016652
     124       -0.016643
     125       -0.016635
     126       -0.016627
     127       -0.016620
     128       -0.016626
     129       -0.016637
     130       -0.016705
     131       -0.016717
     132       -0.017488
     133       -0.016466
     134       -0.016164
     135       -0.016546
     136       -0.015148
     137       -0.014507
     138       -0.013810
     139       -0.013171
     140       -0.012537
     141       -0.011909
     142       -0.011280
     143       -0.010651
     144       -0.010014
     145       -0.009355
     146       -0.008622
     147       -0.007683
     148       -0.006397
     149       -0.004963
     150       -0.003995
     151       -0.004216
     152       -0.005781
     153       -0.007747
     154       -0.009110
     155       -0.009793
     156       -0.010155
     157       -0.010428
     158       -0.010677
     159       -0.010919
     160       -0.011157
     161       -0.011402
     162       -0.011639
     163       -0.011924
     164       -0.012173
     165       -0.012667
     166       -0.013342
     167       -0.012670
     168       -0.012788
     169       -0.013685
     170       -0.013246
     171       -0.012993
     172       -0.012994
     173       -0.012967
     174       -0.012976
     175       -0.012965
     176       -0.012960
     177       -0.012960
     178       -0.012956
     179       -0.013002
     180       -0.013010
     181       -0.013265
     182       -0.013697
     183       -0.012789
     184       -0.012671
     185       -0.013342
     186       -0.012667
     187       -0.012173
     188       -0.011924
     189       -0.011639
     190       -0.011402
     191       -0.011157
     192       -0.010919
     193       -0.010677
     194       -0.010428
     195       -0.010155
     196       -0.009793
     197       -0.009110
     198       -0.007747
     199       -0.005781
     200       -0.004216
     201       -0.004462
     202       -0.006698
     203       -0.009225
     204       -0.010601
     205       -0.010978
     206       -0.010958
     207       -0.010843
     208       -0.010705
     209       -0.010556
     210       -0.010409
     211       -0.010259
     212       -0.010123
     213       -0.009997
     214       -0.009907
     215       -0.010025
     216       -0.010135
     217       -0.009325
     218       -0.009245
     219       -0.009899
     220       -0.009637
     221       -0.009375
     222       -0.009319
     223       -0.009307
     224       -0.009300
     225       -0.009298
     226       -0.009295
     227       -0.009291
     228       -0.009302
     229       -0.009325
     230       -0.009385
     231       -0.009650
     232       -0.009910
     233       -0.009248
     234       -0.009326
     235       -0.010135
     236       -0.010025
     237       -0.009907
     238       -0.009998
     239       -0.010123
     240       -0.010259
     241       -0.010409
     242       -0.010556
     243       -0.010705
     244       -0.010843
     245       -0.010958
     246       -0.010978
     247       -0.010601
     248       -0.009225
     249       -0.006698
     250       -0.004462
     251       -0.004776
     252       -0.007834
     253       -0.010918
     254       -0.012175
     255       -0.012177
     256       -0.011762
     257       -0.011262
     258       -0.010731
     259       -0.010195
     260       -0.009657
     261       -0.009122
     262       -0.008594
     263       -0.008082
     264       -0.007623
     265       -0.007310
     266       -0.006946
     267       -0.006036
     268       -0.005763
     269       -0.006129
     270       -0.005956
     271       -0.005735
     272       -0.005657
     273       -0.005637
     274       -0.005632
     275       -0.005630
     276       -0.005628
     277       -0.005627
     278       -0.005636
     279       -0.005661
     280       -0.005740
     281       -0.005964
     282       -0.006138
     283       -0.005767
     284       -0.006037
     285       -0.006947
     286       -0.007311
     287       -0.007624
     288       -0.008082
     289       -0.008594
     290       -0.009122
     291       -0.009657
     292       -0.010195
     293       -0.010731
     294       -0.011262
     295       -0.011762
     296       -0.012177
     297       -0.012175
     298       -0.010918
     299       -0.007834
     300       -0.004776
     301       -0.005220
     302       -0.009352
     303       -0.012905
     304       -0.013837
     305       -0.013377
     306       -0.012573
     307       -0.011679
     308       -0.010759
     309       -0.009831
     310       -0.008908
     311       -0.007982
     312       -0.007065
     313       -0.006166
     314       -0.005321
     315       -0.004555
     316       -0.003763
     317       -0.002762
     318       -0.002295
     319       -0.002365
     320       -0.002232
     321       -0.002075
     322       -0.001993
     323       -0.001968
     324       -0.001963
     325       -0.001961
     326       -0.001961
     327       -0.001961
     328       -0.001969
     329       -0.001996
     330       -0.002077
     331       -0.002238
     332       -0.002373
     333       -0.002299
     334       -0.002764
     335       -0.003764
     336       -0.004555
     337       -0.005321
     338       -0.006166
     339       -0.007065
     340       -0.007982
     341       -0.008908
     342       -0.009832
     343       -0.010759
     344       -0.011679
     345       -0.012573
     346       -0.013377
     347       -0.013837
     348       -0.012905
     349       -0.009352
     350       -0.005220
     351       -0.005914
     352       -0.011461
     353       -0.015277
     354       -0.015539
     355       -0.014590
     356       -0.013381
     357       -0.012106
     358       -0.010779
     359       -0.009475
     360       -0.008153
     361       -0.006845
     362       -0.005533
     363       -0.004247
     364       -0.003003
     365       -0.001780
     366       -0.000564
     367        0.000530
     368        0.001191
     369        0.001414
     370        0.001512
     371        0.001601
     372        0.001675
     373        0.001702
     374        0.001706
     375        0.001706
     376        0.001707
     377        0.001705
     378        0.001700
     379        0.001673
     380        0.001601
     381        0.001509
     382        0.001408
     383        0.001187
     384        0.000529
     385       -0.000565
     386       -0.001781
     387       -0.003003
     388       -0.004247
     389       -0.005534
     390       -0.006845
     391       -0.008153
     392       -0.009476
     393       -0.010779
     394       -0.012106
     395       -0.013381
     396       -0.014590
     397       -0.015539
     398       -0.015277
     399       -0.011462
     400       -0.005914
     401       -0.006978
     402       -0.014579
     403       -0.017967
     404       -0.017278
     405       -0.015764
     406       -0.014246
     407       -0.012491
     408       -0.010826
     409       -0.009102
     410       -0.007409
     411       -0.005702
     412       -0.004005
     413       -0.002320
     414       -0.000677
     415        0.000996
     416        0.002669
     417        0.003875
     418        0.004728
     419        0.005228
     420        0.005257
     421        0.005287
     422        0.005349
     423        0.005371
     424        0.005373
     425        0.005374
     426        0.005374
     427        0.005372
     428        0.005368
     429        0.005348
     430        0.005287
     431        0.005255
     432        0.005225
     433        0.004726
     434        0.003874
     435        0.002668
     436        0.000995
     437       -0.000678
     438       -0.002320
     439       -0.004005
     440       -0.005702
     441       -0.007409
     442       -0.009103
     443       -0.010827
     444       -0.012491
     445       -0.014246
     446       -0.015764
     447       -0.017278
     448       -0.017967
     449       -0.014579
     450       -0.006978
     451       -0.009174
     452       -0.018879
     453       -0.021125
     454       -0.018657
     455       -0.017211
     456       -0.014951
     457       -0.012963
     458       -0.010827
     459       -0.008753
     460       -0.006653
     461       -0.004561
     462       -0.002478
     463       -0.000385
     464        0.001656
     465        0.003751
     466        0.005945
     467        0.007318
     468        0.008366
     469        0.009084
     470        0.008983
     471        0.008979
     472        0.009034
     473        0.009034
     474        0.009045
     475        0.009041
     476        0.009040
     477        0.009042
     478        0.009032
     479        0.009033
     480        0.008981
     481        0.008983
     482        0.009083
     483        0.008364
     484        0.007317
     485        0.005945
     486        0.003751
     487        0.001656
     488       -0.000385
     489       -0.002478
     490       -0.004562
     491       -0.006653
     492       -0.008753
     493       -0.010827
     494       -0.012963
     495       -0.014951
     496       -0.017211
     497       -0.018657
     498       -0.021125
     499       -0.018879
     500       -0.009173
     501       -0.011880
     502       -0.026725
     503       -0.022594
     504       -0.020896
     505       -0.018257
     506       -0.015842
     507       -0.013350
     508       -0.010864
     509       -0.008388
     510       -0.005902
     511       -0.003425
     512       -0.000938
     513        0.001526
     514        0.004038
     515        0.006447
     516        0.009234
     517        0.010943
     518        0.012181
     519        0.012955
     520        0.012648
     521        0.012720
     522        0.012693
     523        0.012712
     524        0.012709
     525        0.012710
     526        0.012708
     527        0.012706
     528        0.012709
     529        0.012693
     530        0.012722
     531        0.012650
     532        0.012956
     533        0.012180
     534        0.010942
     535        0.009233
     536        0.006446
     537        0.004037
     538        0.001526
     539       -0.000938
     540       -0.003425
     541       -0.005902
     542       -0.008389
     543       -0.010865
     544       -0.013350
     545       -0.015842
     546       -0.018256
     547       -0.020896
     548       -0.022593
     549       -0.026726
     550       -0.011879
     551       -0.028576
     552       -0.030640
     553       -0.025430
     554       -0.022634
     555       -0.019447
     556       -0.016699
     557       -0.013732
     558       -0.010913
     559       -0.008014
     560       -0.005158
     561       -0.002281
     562        0.000590
     563        0.003466
     564        0.006347
     565        0.009301
     566        0.012197
     567        0.014983
     568        0.016413
     569        0.016500
     570        0.016471
     571        0.016389
     572        0.016381
     573        0.016381
     574        0.016377
     575        0.016378
     576        0.016376
     577        0.016373
     578        0.016377
     579        0.016381
     580        0.016393
     581        0.016475
     582        0.016502
     583        0.016413
     584        0.014982
     585        0.012196
     586        0.009300
     587        0.006346
     588        0.003466
     589        0.000589
     590       -0.002282
     591       -0.005158
     592       -0.008014
     593       -0.010913
     594       -0.013732
     595       -0.016699
     596       -0.019447
     597       -0.022634
     598       -0.025429
     599       -0.030640
     600       -0.028575
     601       -0.042310
     602       -0.031371
     603       -0.027542
     604       -0.023140
     605       -0.020276
     606       -0.016993
     607       -0.013999
     608       -0.010897
     609       -0.007848
     610       -0.004776
     611       -0.001712
     612        0.001351
     613        0.004443
     614        0.007503
     615        0.010703
     616        0.013756
     617        0.016888
     618        0.018421
     619        0.018349
     620        0.018360
     621        0.018225
     622        0.018233
     623        0.018208
     624        0.018213
     625        0.018210
     626        0.018208
     627        0.018210
     628        0.018205
     629        0.018234
     630        0.018228
     631        0.018364
     632        0.018351
     633        0.018421
     634        0.016887
     635        0.013756
     636        0.010703
     637        0.007503
     638        0.004443
     639        0.001350
     640       -0.001712
     641       -0.004777
     642       -0.007848
     643       -0.010897
     644       -0.013999
     645       -0.016993
     646       -0.020276
     647       -0.023140
     648       -0.027542
     649       -0.031370
     650       -0.042310
     651       -0.042044
     652       -0.031701
     653       -0.027392
     654       -0.023215
     655       -0.020246
     656       -0.017006
     657       -0.013994
     658       -0.010899
     659       -0.007847
     660       -0.004777
     661       -0.001712
     662        0.001352
     663        0.004440
     664        0.007512
     665        0.010685
     666        0.013791
     667        0.016849
     668        0.018383
     669        0.018387
     670        0.018347
     671        0.018238
     672        0.018231
     673        0.018207
     674        0.018209
     675        0.018206
     676        0.018206
     677        0.018209
     678        0.018206
     679        0.018231
     680        0.018237
     681        0.018346
     682        0.018386
     683        0.018382
     684        0.016848
     685        0.013790
     686        0.010684
     687        0.007511
     688        0.004439
     689        0.001352
     690       -0.001712
     691       -0.004777
     692       -0.007847
     693       -0.010899
     694       -0.013994
     695       -0.017006
     696       -0.020246
     697       -0.023215
     698       -0.027392
     699       -0.031700
     700       -0.042043
     701       -0.039959
     702       -0.034280
     703       -0.026226
     704       -0.023807
     705       -0.020012
     706       -0.017107
     707       -0.013952
     708       -0.010917
     709       -0.007839
     710       -0.004780
     711       -0.001714
     712        0.001361
     713        0.004416
     714        0.007578
     715        0.010542
     716        0.014062
     717        0.016549
     718        0.018082
     719        0.018660
     720        0.018203
     721        0.018305
     722        0.018207
     723        0.018217
     724        0.018206
     725        0.018208
     726        0.018209
     727        0.018207
     728        0.018218
     729        0.018206
     730        0.018303
     731        0.018201
     732        0.018658
     733        0.018081
     734        0.016549
     735        0.014062
     736        0.010542
     737        0.007578
     738        0.004416
     739        0.001361
     740       -0.001714
     741       -0.004780
     742       -0.007839
     743       -0.010917
     744       -0.013952
     745       -0.017107
     746       -0.020012
     747       -0.023807
     748       -0.026226
     749       -0.034280
     750       -0.039959
     751       -0.042043
     752       -0.031700
     753       -0.027392
     754       -0.023215
     755       -0.020246
     756       -0.017006
     757       -0.013994
     758       -0.010899
     759       -0.007847
     760       -0.004777
     761       -0.001712
     762        0.001352
     763        0.004440
     764        0.007511
     765        0.010685
     766        0.013790
     767        0.016849
     768        0.018383
     769        0.018386
     770        0.018346
     771        0.018237
     772        0.018231
     773        0.018207
     774        0.018210
     775        0.018208
     776        0.018210
     777        0.018213
     778        0.018209
     779        0.018230
     780        0.018233
     781        0.018342
     782        0.018384
     783        0.018382
     784        0.016849
     785        0.013791
     786        0.010685
     787        0.007512
     788        0.004440
     789        0.001352
     790       -0.001712
     791       -0.004777
     792       -0.007847
     793       -0.010899
     794       -0.013994
     795       -0.017006
     796       -0.020246
     797       -0.023215
     798       -0.027393
     799       -0.031701
     800       -0.042044
     801       -0.003737
     802       -0.003849
     803       -0.004477
     804       -0.005612
     805       -0.006899
     806       -0.008168
     807       -0.009400
     808       -0.010614
     809       -0.011824
     810       -0.013034
     811       -0.014243
     812       -0.015454
     813       -0.016664
     814       -0.017891
     815       -0.019112
     816       -0.020474
     817       -0.022155
     818       -0.022762
     819       -0.022290
     820       -0.022139
     821       -0.022129
     822       -0.022115
     823       -0.022115
     824       -0.022116
     825       -0.022117
     826       -0.022118
     827       -0.022117
     828       -0.022116
     829       -0.022114
     830       -0.022127
     831       -0.022137
     832       -0.022288
     833       -0.022761
     834       -0.022155
     835       -0.020473
     836       -0.019111
     837       -0.017890
     838       -0.016664
     839       -0.015454
     840       -0.014243
     841       -0.013034
     842       -0.011824
     843       -0.010614
     844       -0.009400
     845       -0.008168
     846       -0.006899
     847       -0.005612
     848       -0.004476
     849       -0.003849
     850       -0.003737
     851       -0.003763
     852       -0.004147
     853       -0.005094
     854       -0.006290
     855       -0.007467
     856       -0.008559
     857       -0.009602
     858       -0.010625
     859       -0.011643
     860       -0.012658
     861       -0.013675
     862       -0.014694
     863       -0.015716
     864       -0.016769
     865       -0.017799
     866       -0.019175
     867       -0.020168
     868       -0.020664
     869       -0.020703
     870       -0.020339
     871       -0.020328
     872       -0.020291
     873       -0.020286
     874       -0.020284
     875       -0.020284
     876       -0.020285
     877       -0.020285
     878       -0.020286
     879       -0.020290
     880       -0.020326
     881       -0.020337
     882       -0.020702
     883       -0.020663
     884       -0.020167
     885       -0.019175
     886       -0.017799
     887       -0.016768
     888       -0.015716
     889       -0.014694
     890       -0.013675
     891       -0.012658
     892       -0.011643
     893       -0.010625
     894       -0.009602
     895       -0.008559
     896       -0.007467
     897       -0.006290
     898       -0.005094
     899       -0.004147
     900       -0.003763
     901       -0.003995
     902       -0.004963
     903       -0.006397
     904       -0.007683
     905       -0.008622
     906       -0.009355
     907       -0.010014
     908       -0.010651
     909       -0.011280
     910       -0.011909
     911       -0.012537
     912       -0.013171
     913       -0.013810
     914       -0.014507
     915       -0.015148
     916       -0.016546
     917       -0.016164
     918       -0.016466
     919       -0.017488
     920       -0.016718
     921       -0.016705
     922       -0.016637
     923       -0.016625
     924       -0.016620
     925       -0.016619
     926       -0.016619
     927       -0.016620
     928       -0.016625
     929       -0.016636
     930       -0.016704
     931       -0.016716
     932       -0.017487
     933       -0.016465
     934       -0.016164
     935       -0.016546
     936       -0.015148
     937       -0.014507
     938       -0.013810
     939       -0.013171
     940       -0.012537
     941       -0.011909
     942       -0.011280
     943       -0.010651
     944       -0.010014
     945       -0.009355
     946       -0.008622
     947       -0.007683
     948       -0.006397
     949       -0.004963
     950       -0.003995
     951       -0.004216
     952       -0.005781
     953       -0.007747
     954       -0.009110
     955       -0.009793
     956       -0.010155
     957       -0.010428
     958       -0.010677
     959       -0.010919
     960       -0.011157
     961       -0.011402
     962       -0.011639
     963       -0.011924
     964       -0.012173
     965       -0.012667
     966       -0.013342
     967       -0.012671
     968       -0.012789
     969       -0.013697
     970       -0.013265
     971       -0.013010
     972       -0.013001
     973       -0.012955
     974       -0.012957
     975       -0.012952
     976       -0.012952
     977       -0.012958
     978       -0.012955
     979       -0.013001
     980       -0.013009
     981       -0.013264
     982       -0.013696
     983       -0.012788
     984       -0.012671
     985       -0.013342
     986       -0.012667
     987       -0.012173
     988       -0.011924
     989       -0.011639
     990       -0.011402
     991       -0.011157
     992       -0.010919
     993       -0.010677
     994       -0.010428
     995       -0.010155
     996       -0.009793
     997       -0.009110
     998       -0.007747
     999       -0.005781
    1000       -0.004216
    1001       -0.004462
    1002       -0.006698
    1003       -0.009225
    1004       -0.010601
    1005       -0.010978
    1006       -0.010958
    1007       -0.010843
    1008       -0.010705
    1009       -0.010556
    1010       -0.010409
    1011       -0.010259
    1012       -0.010123
    1013       -0.009997
    1014       -0.009907
    1015       -0.010025
    1016       -0.010135
    1017       -0.009326
    1018       -0.009248
    1019       -0.009910
    1020       -0.009650
    1021       -0.009384
    1022       -0.009325
    1023       -0.009301
    1024       -0.009288
    1025       -0.009288
    1026       -0.009288
    1027       -0.009288
    1028       -0.009301
    1029       -0.009325
    1030       -0.009384
    1031       -0.009649
    1032       -0.009909
    1033       -0.009247
    1034       -0.009325
    1035       -0.010135
    1036       -0.010025
    1037       -0.009907
    1038       -0.009998
    1039       -0.010123
    1040       -0.010259
    1041       -0.010409
    1042       -0.010556
    1043       -0.010705
    1044       -0.010843
    1045       -0.010958
    1046       -0.010978
    1047       -0.010601
    1048       -0.009225
    1049       -0.006698
    1050       -0.004462
    1051       -0.004776
    1052       -0.007834
    1053       -0.010918
    1054       -0.012175
    1055       -0.012177
    1056       -0.011762
    1057       -0.011262
    1058       -0.010731
    1059       -0.010195
    1060       -0.009657
    1061       -0.009122
    1062       -0.008594
    1063       -0.008082
    1064       -0.007623
    1065       -0.007310
    1066       -0.006947
    1067       -0.006037
    1068       -0.005767
    1069       -0.006138
    1070       -0.005964
    1071       -0.005740
    1072       -0.005661
    1073       -0.005635
    1074       -0.005624
    1075       -0.005621
    1076       -0.005622
    1077       -0.005624
    1078       -0.005635
    1079       -0.005660
    1080       -0.005739
    1081       -0.005964
    1082       -0.006138
    1083       -0.005767
    1084       -0.006037
    1085       -0.006947
    1086       -0.007311
    1087       -0.007624
    1088       -0.008082
    1089       -0.008594
    1090       -0.009122
    1091       -0.009657
    1092       -0.010195
    1093       -0.010731
    1094       -0.011262
    1095       -0.011762
    1096       -0.012177
    1097       -0.012175
    1098       -0.010918
    1099       -0.007834
    1100       -0.004776
    1101       -0.005220
    1102       -0.009352
    1103       -0.012905
    1104       -0.013837
    1105       -0.013377
    1106       -0.012573
    1107       -0.011679
    1108       -0.010759
    1109       -0.009832
    1110       -0.008908
    1111       -0.007982
    1112       -0.007065
    1113       -0.006166
    1114       -0.005321
    1115       -0.004555
    1116       -0.003764
    1117       -0.002763
    1118       -0.002299
    1119       -0.002372
    1120       -0.002237
    1121       -0.002077
    1122       -0.001996
    1123       -0.001967
    1124       -0.001958
    1125       -0.001956
    1126       -0.001956
    1127       -0.001958
    1128       -0.001967
    1129       -0.001996
    1130       -0.002076
    1131       -0.002237
    1132       -0.002372
    1133       -0.002299
    1134       -0.002763
    1135       -0.003764
    1136       -0.004555
    1137       -0.005321
    1138       -0.006166
    1139       -0.007065
    1140       -0.007982
    1141       -0.008908
    1142       -0.009832
    1143       -0.010759
    1144       -0.011679
    1145       -0.012573
    1146       -0.013377
    1147       -0.013837
    1148       -0.012905
    1149       -0.009352
    1150       -0.005220
    1151       -0.005914
    1152       -0.011461
    1153       -0.015277
    1154       -0.015539
    1155       -0.014590
    1156       -0.013381
    1157       -0.012106
    1158       -0.010779
    1159       -0.009476
    1160       -0.008153
    1161       -0.006845
    1162       -0.005533
    1163       -0.004247
    1164       -0.003003
    1165       -0.001781
    1166       -0.000565
    1167        0.000529
    1168        0.001188
    1169        0.001409
    1170        0.001509
    1171        0.001601
    1172        0.001673
    1173        0.001701
    1174        0.001708
    1175        0.001710
    1176        0.001710
    1177        0.001708
    1178        0.001701
    1179        0.001673
    1180        0.001601
    1181        0.001509
    1182        0.001409
    1183        0.001188
    1184        0.000529
    1185       -0.000565
    1186       -0.001781
    1187       -0.003004
    1188       -0.004247
    1189       -0.005534
    1190       -0.006845
    1191       -0.008154
    1192       -0.009476
    1193       -0.010779
    1194       -0.012106
    1195       -0.013381
    1196       -0.014590
    1197       -0.015539
    1198       -0.015277
    1199       -0.011462
    1200       -0.005914
    1201       -0.006978
    1202       -0.014579
    1203       -0.017967
    1204       -0.017278
    1205       -0.015764
    1206       -0.014246
    1207       -0.012491
    1208       -0.010826
    1209       -0.009102
    1210       -0.007409
    1211       -0.005702
    1212       -0.004005
    1213       -0.002320
    1214       -0.000678
    1215        0.000996
    1216        0.002669
    1217        0.003874
    1218        0.004726
    1219        0.005226
    1220        0.005256
    1221        0.005288
    1222        0.005349
    1223        0.005370
    1224        0.005374
    1225        0.005376
    1226        0.005376
    1227        0.005373
    1228        0.005369
    1229        0.005348
    1230        0.005288
    1231        0.005256
    1232        0.005226
    1233        0.004726
    1234        0.003874
    1235        0.002668
    1236        0.000995
    1237       -0.000678
    1238       -0.002320
    1239       -0.004005
    1240       -0.005702
    1241       -0.007409
    1242       -0.009103
    1243       -0.010827
    1244       -0.012491
    1245       -0.014246
    1246       -0.015764
    1247       -0.017278
    1248       -0.017967
    1249       -0.014579
    1250       -0.006978
    1251       -0.009174
    1252       -0.018879
    1253       -0.021125
    1254       -0.018657
    1255       -0.017211
    1256       -0.014951
    1257       -0.012963
    1258       -0.010827
    1259       -0.008753
    1260       -0.006653
    1261       -0.004561
    1262       -0.002478
    1263       -0.000385
    1264        0.001656
    1265        0.003751
    1266        0.005945
    1267        0.007317
    1268        0.008365
    1269        0.009083
    1270        0.008984
    1271        0.008981
    1272        0.009034
    1273        0.009033
    1274        0.009043
    1275        0.009041
    1276        0.009041
    1277        0.009043
    1278        0.009032
    1279        0.009034
    1280        0.008981
    1281        0.008984
    1282        0.009083
    1283        0.008365
    1284        0.007317
    1285        0.005944
    1286        0.003750
    1287        0.001656
    1288       -0.000385
    1289       -0.002478
    1290       -0.004562
    1291       -0.006654
    1292       -0.008753
    1293       -0.010827
    1294       -0.012963
    1295       -0.014951
    1296       -0.017211
    1297       -0.018657
    1298       -0.021125
    1299       -0.018880
    1300       -0.009173
    1301       -0.011880
    1302       -0.026725
    1303       -0.022594
    1304       -0.020896
    1305       -0.018256
    1306       -0.015842
    1307       -0.013350
    1308       -0.010864
    1309       -0.008389
    1310       -0.005902
    1311       -0.003425
    1312       -0.000938
    1313        0.001526
    1314        0.004037
    1315        0.006447
    1316        0.009234
    1317        0.010943
    1318        0.012181
    1319        0.012956
    1320        0.012651
    1321        0.012723
    1322        0.012694
    1323        0.012710
    1324        0.012707
    1325        0.012708
    1326        0.012707
    1327        0.012706
    1328        0.012709
    1329        0.012694
    1330        0.012723
    1331        0.012651
    1332        0.012956
    1333        0.012180
    1334        0.010942
    1335        0.009233
    1336        0.006446
    1337        0.004037
    1338        0.001526
    1339       -0.000938
    1340       -0.003425
    1341       -0.005902
    1342       -0.008389
    1343       -0.010865
    1344       -0.013350
    1345       -0.015842
    1346       -0.018256
    1347       -0.020896
    1348       -0.022593
    1349       -0.026726
    1350       -0.011879
    1351       -0.028576
    1352       -0.030639
    1353       -0.025430
    1354       -0.022634
    1355       -0.019447
    1356       -0.016699
    1357       -0.013732
    1358       -0.010913
    1359       -0.008014
    1360       -0.005158
    1361       -0.002282
    1362        0.000590
    1363        0.003466
    1364        0.006347
    1365        0.009301
    1366        0.012196
    1367        0.014983
    1368        0.016414
    1369        0.016503
    1370        0.016476
    1371        0.016394
    1372        0.016382
    1373        0.016378
    1374        0.016373
    1375        0.016374
    1376        0.016373
    1377        0.016372
    1378        0.016377
    1379        0.016381
    1380        0.016394
    1381        0.016476
    1382        0.016503
    1383        0.016413
    1384        0.014981
    1385        0.012195
    1386        0.009300
    1387        0.006346
    1388        0.003466
    1389        0.000589
    1390       -0.002282
    1391       -0.005158
    1392       -0.008014
    1393       -0.010913
    1394       -0.013732
    1395       -0.016699
    1396       -0.019447
    1397       -0.022634
    1398       -0.025429
    1399       -0.030639
    1400       -0.028575
    1401       -0.042311
    1402       -0.031371
    1403       -0.027542
    1404       -0.023140
    1405       -0.020276
    1406       -0.016993
    1407       -0.013999
    1408       -0.010897
    1409       -0.007848
    1410       -0.004777
    1411       -0.001712
    1412        0.001351
    1413        0.004443
    1414        0.007503
    1415        0.010703
    1416        0.013756
    1417        0.016888
    1418        0.018422
    1419        0.018352
    1420        0.018365
    1421        0.018229
    1422        0.018234
    1423        0.018206
    1424        0.018210
    1425        0.018206
    1426        0.018206
    1427        0.018209
    1428        0.018205
    1429        0.018234
    1430        0.018229
    1431        0.018365
    1432        0.018351
    1433        0.018421
    1434        0.016887
    1435        0.013755
    1436        0.010702
    1437        0.007503
    1438        0.004442
    1439        0.001350
    1440       -0.001712
    1441       -0.004777
    1442       -0.007848
    1443       -0.010897
    1444       -0.013999
    1445       -0.016993
    1446       -0.020276
    1447       -0.023140
    1448       -0.027542
    1449       -0.031370
    1450       -0.042310
    1451       -0.003711
    1452       -0.003472
    1453       -0.003196
    1454       -0.002921
    1455       -0.002693
    1456       -0.002525
    1457       -0.002423
    1458       -0.002390
    1459       -0.002425
    1460       -0.002528
    1461       -0.002696
    1462       -0.002922
    1463       -0.003196
    1464       -0.003472
    1465       -0.003711
    1466       -0.003767
    1467       -0.003562
    1468       -0.003321
    1469       -0.003097
    1470       -0.002920
    1471       -0.002796
    1472       -0.002726
    1473       -0.002704
    1474       -0.002728
    1475       -0.002801
    1476       -0.002926
    1477       -0.003103
    1478       -0.003325
    1479       -0.003564
    1480       -0.003769
    1481       -0.003844
    1482       -0.003617
    1483       -0.003396
    1484       -0.003211
    1485       -0.003078
    1486       -0.002999
    1487       -0.002960
    1488       -0.002950
    1489       -0.002962
    1490       -0.003004
    1491       -0.003086
    1492       -0.003219
    1493       -0.003403
    1494       -0.003624
    1495       -0.003852
    1496       -0.003841
    1497       -0.003595
    1498       -0.003392
    1499       -0.003251
    1500       -0.003173
    1501       -0.003143
    1502       -0.003140
    1503       -0.003141
    1504       -0.003141
    1505       -0.003147
    1506       -0.003181
    1507       -0.003262
    1508       -0.003404
    1509       -0.003607
    1510       -0.003859
    1511       -0.003741
    1512       -0.003470
    1513       -0.003298
    1514       -0.003217
    1515       -0.003208
    1516       -0.003240
    1517       -0.003277
    1518       -0.003293
    1519       -0.003277
    1520       -0.003243
    1521       -0.003217
    1522       -0.003231
    1523       -0.003312
    1524       -0.003487
    1525       -0.003770
    1526       -0.003493
    1527       -0.003218
    1528       -0.003102
    1529       -0.003108
    1530       -0.003190
    1531       -0.003298
    1532       -0.003384
    1533       -0.003416
    1534       -0.003383
    1535       -0.003302
    1536       -0.003203
    1537       -0.003125
    1538       -0.003116
    1539       -0.003233
    1540       -0.003530
    1541       -0.003041
    1542       -0.002799
    1543       -0.002795
    1544       -0.002935
    1545       -0.003137
    1546       -0.003334
    1547       -0.003475
    1548       -0.003524
    1549       -0.003473
    1550       -0.003338
    1551       -0.003150
    1552       -0.002953
    1553       -0.002808
    1554       -0.002807
    1555       -0.003077
    1556       -0.002259
    1557       -0.002200
    1558       -0.002432
    1559       -0.002770
    1560       -0.003103
    1561       -0.003383
    1562       -0.003570
    1563       -0.003632
    1564       -0.003562
    1565       -0.003374
    1566       -0.003101
    1567       -0.002777
    1568       -0.002444
    1569       -0.002206
    1570       -0.002287
    1571       -0.001167
    1572       -0.001664
    1573       -0.002351
    1574       -0.002861
    1575       -0.003236
    1576       -0.003511
    1577       -0.003694
    1578       -0.003752
    1579       -0.003671
    1580       -0.003472
    1581       -0.003197
    1582       -0.002841
    1583       -0.002360
    1584       -0.001694
    1585       -0.001196
    1586       -0.000248
    1587       -0.002469
    1588       -0.003303
    1589       -0.003651
    1590       -0.003804
    1591       -0.003833
    1592       -0.003856
    1593       -0.003886
    1594       -0.003818
    1595       -0.003767
    1596       -0.003749
    1597       -0.003625
    1598       -0.003315
    1599       -0.002526
    1600       -0.000294
    1601       -0.003130
    1602       -0.005629
    1603       -0.005485
    1604       -0.005372
    1605       -0.005131
    1606       -0.004659
    1607       -0.003997
    1608       -0.004023
    1609       -0.003968
    1610       -0.004640
    1611       -0.005159
    1612       -0.005418
    1613       -0.005521
    1614       -0.005659
    1615       -0.003160
    1616       -0.004570
    1617       -0.004155
    1618       -0.004489
    1619       -0.004940
    1620       -0.004352
    1621       -0.004847
    1622       -0.005290
    1623       -0.004551
    1624       -0.005211
    1625       -0.005548
    1626       -0.005087
    1627       -0.005485
    1628       -0.006451
    1629       -0.005289
    1630       -0.006471
    1631       -0.003893
    1632       -0.002323
    1633       -0.003902
    1799       -0.001433
    1800       -0.001012
    1801        0.000754
    1802        0.000891
    1803        0.001035
    1804        0.001091
    1805        0.001109
    1806        0.001115
    1807        0.001112
    1808        0.001095
    1809        0.001039
    1810        0.000893
    1811        0.000750
    1812       -0.001018
    1813       -0.001441
    1814       -0.003048
    1815       -0.001025
    1816        0.000256
    1817        0.000765
    1818        0.001065
    1819        0.001234
    1820        0.001313
    1821        0.001338
    1822        0.001314
    1823        0.001237
    1824        0.001070
    1825        0.000771
    1826        0.000261
    1827       -0.001009
    1828       -0.003019
    1829       -0.001572
    1830       -0.001074
    1831       -0.000182
    1832        0.000533
    1833        0.000990
    1834        0.001291
    1835        0.001457
    1836        0.001507
    1837        0.001453
    1838        0.001288
    1839        0.000992
    1840        0.000542
    1841       -0.000165
    1842       -0.001045
    1843       -0.001527
    1844       -0.002215
    1845       -0.001334
    1846       -0.000531
    1847        0.000214
    1848        0.000825
    1849        0.001265
    1850        0.001530
    1851        0.001614
    1852        0.001520
    1853        0.001255
    1854        0.000825
    1855        0.000229
    1856       -0.000503
    1857       -0.001293
    1858       -0.002151
    1859       -0.002536
    1860       -0.001769
    1861       -0.000956
    1862       -0.000155
    1863        0.000572
    1864        0.001156
    1865        0.001533
    1866        0.001654
    1867        0.001513
    1868        0.001136
    1869        0.000567
    1870       -0.000137
    1871       -0.000921
    1872       -0.001720
    1873       -0.002461
    1874       -0.002952
    1875       -0.002238
    1876       -0.001454
    1877       -0.000615
    1878        0.000227
    1879        0.000964
    1880        0.001462
    1881        0.001629
    1882        0.001440
    1883        0.000945
    1884        0.000238
    1885       -0.000581
    1886       -0.001416
    1887       -0.002192
    1888       -0.002876
    1889       -0.003291
    1890       -0.002751
    1891       -0.002061
    1892       -0.001205
    1893       -0.000246
    1894        0.000669
    1895        0.001321
    1896        0.001543
    1897        0.001295
    1898        0.000656
    1899       -0.000219
    1900       -0.001154
    1901       -0.002010
    1902       -0.002710
    1903       -0.003224
    1904       -0.003692
    1905       -0.003410
    1906       -0.002869
    1907       -0.002033
    1908       -0.000933
    1909        0.000233
    1910        0.001107
    1911        0.001405
    1912        0.001075
    1913        0.000216
    1914       -0.000901
    1915       -0.001969
    1916       -0.002811
    1917       -0.003375
    1918       -0.003644
    1919       -0.004334
    1920       -0.004309
    1921       -0.004028
    1922       -0.003262
    1923       -0.001986
    1924       -0.000420
    1925        0.000833
    1926        0.001231
    1927        0.000770
    1928       -0.000485
    1929       -0.002005
    1930       -0.003239
    1931       -0.003991
    1932       -0.004271
    1933       -0.004300
    1934       -0.004944
    1935       -0.005928
    1936       -0.005810
    1937       -0.005089
    1938       -0.003688
    1939       -0.001502
    1940        0.000555
    1941        0.001039
    1942        0.000417
    1943       -0.001709
    1944       -0.003865
    1945       -0.005181
    1946       -0.005834
    1947       -0.005917
    1948       -0.004946
    1949       -0.010168
    1950       -0.008329
    1951       -0.007890
    1952       -0.007393
    1953       -0.006384
    1954       -0.003965
    1955        0.000591
    1956        0.000845
    1957        0.000375
    1958       -0.004491
    1959       -0.006804
    1960       -0.007636
    1961       -0.007997
    1962       -0.008332
    1963       -0.010174
    1964       -0.000072
    1965        0.000629
    1966        0.000305
    1967       -0.000571
    1968        0.000396
    1969       -0.000193
    1970       -0.000610
    1971       -0.000066
    1972       -0.000391
    1973       -0.001088
    1974       -0.000552
    1975       -0.000997
    1976       -0.001169
    1977       -0.003017
    1978       -0.001128
    1979       -0.003812
    1980       -0.006569
    1981       -0.003793
    1982       -0.001433
    1983       -0.001013
    1984        0.000754
    1985        0.000891
    1986        0.001034
    1987        0.001090
    1988        0.001109
    1989        0.001115
    1990        0.001111
    1991        0.001095
    1992        0.001038
    1993        0.000893
    1994        0.000750
    1995       -0.001018
    1996       -0.001441
    1997       -0.003048
    1998       -0.001025
    1999        0.000256
    2000        0.000765
    2001        0.001065
    2002        0.001234
    2003        0.001313
    2004        0.001338
    2005        0.001314
    2006        0.001237
    2007        0.001070
    2008        0.000771
    2009        0.000261
    2010       -0.001009
    2011       -0.003019
    2012       -0.001572
    2013       -0.001074
    2014       -0.000182
    2015        0.000532
    2016        0.000989
    2017        0.001291
    2018        0.001456
    2019        0.001507
    2020        0.001453
    2021        0.001288
    2022        0.000992
    2023        0.000542
    2024       -0.000165
    2025       -0.001045
    2026       -0.001527
    2027       -0.002216
    2028       -0.001334
    2029       -0.000531
    2030        0.000214
    2031        0.000824
    2032        0.001262
    2033        0.001529
    2034        0.001614
    2035        0.001519
    2036        0.001251
    2037        0.000820
    2038        0.000226
    2039       -0.000504
    2040       -0.001294
    2041       -0.002151
    2042       -0.002536
    2043       -0.001769
    2044       -0.000956
    2045       -0.000157
    2046        0.000571
    2047        0.001157
    2048        0.001532
    2049        0.001654
    2050        0.001514
    2051        0.001139
    2052        0.000571
    2053       -0.000137
    2054       -0.000923
    2055       -0.001721
    2056       -0.002461
    2057       -0.002952
    2058       -0.002238
    2059       -0.001454
    2060       -0.000610
    2061        0.000230
    2062        0.000965
    2063        0.001463
    2064        0.001629
    2065        0.001440
    2066        0.000946
    2067        0.000239
    2068       -0.000578
    2069       -0.001411
    2070       -0.002191
    2071       -0.002876
    2072       -0.003292
    2073       -0.002751
    2074       -0.002061
    2075       -0.001204
    2076       -0.000245
    2077        0.000669
    2078        0.001321
    2079        0.001543
    2080        0.001295
    2081        0.000656
    2082       -0.000218
    2083       -0.001153
    2084       -0.002009
    2085       -0.002710
    2086       -0.003224
    2087       -0.003690
    2088       -0.003405
    2089       -0.002868
    2090       -0.002032
    2091       -0.000932
    2092        0.000233
    2093        0.001108
    2094        0.001405
    2095        0.001075
    2096        0.000216
    2097       -0.000901
    2098       -0.001968
    2099       -0.002811
    2100       -0.003370
    2101       -0.003642
    2102       -0.004337
    2103       -0.004310
    2104       -0.004028
    2105       -0.003262
    2106       -0.001986
    2107       -0.000420
    2108        0.000833
    2109        0.001231
    2110        0.000770
    2111       -0.000484
    2112       -0.002000
    2113       -0.003236
    2114       -0.003990
    2115       -0.004272
    2116       -0.004303
    2117       -0.004943
    2118       -0.005923
    2119       -0.005809
    2120       -0.005088
    2121       -0.003688
    2122       -0.001502
    2123        0.000556
    2124        0.001039
    2125        0.000417
    2126       -0.001709
    2127       -0.003857
    2128       -0.005183
    2129       -0.005834
    2130       -0.005917
    2131       -0.004947
    2132       -0.010169
    2133       -0.008327
    2134       -0.007889
    2135       -0.007393
    2136       -0.006384
    2137       -0.003965
    2138        0.000591
    2139        0.000845
    2140        0.000375
    2141       -0.004491
    2142       -0.006801
    2143       -0.007642
    2144       -0.007998
    2145       -0.008332
    2146       -0.010174
    2147       -0.000071
    2148        0.000629
    2149        0.000305
    2150       -0.000571
    2151        0.000396
    2152       -0.000194
    2153       -0.000610
    2154       -0.000066
    2155       -0.000390
    2156       -0.001089
    2157       -0.000552
    2158       -0.000997
    2159       -0.001169
    2160       -0.003017
    2161       -0.001128
    2162       -0.003812
    2163       -0.006569
    2164       -0.003793
    2165       -0.003711
    2166       -0.003472
    2167       -0.003196
    2168       -0.002921
    2169       -0.002694
    2170       -0.002525
    2171       -0.002423
    2172       -0.002390
    2173       -0.002425
    2174       -0.002528
    2175       -0.002696
    2176       -0.002922
    2177       -0.003196
    2178       -0.003472
    2179       -0.003711
    2180       -0.003767
    2181       -0.003562
    2182       -0.003321
    2183       -0.003097
    2184       -0.002920
    2185       -0.002796
    2186       -0.002726
    2187       -0.002704
    2188       -0.002728
    2189       -0.002801
    2190       -0.002926
    2191       -0.003103
    2192       -0.003325
    2193       -0.003564
    2194       -0.003769
    2195       -0.003844
    2196       -0.003617
    2197       -0.003396
    2198       -0.003211
    2199       -0.003079
    2200       -0.002999
    2201       -0.002960
    2202       -0.002950
    2203       -0.002962
    2204       -0.003004
    2205       -0.003087
    2206       -0.003220
    2207       -0.003404
    2208       -0.003624
    2209       -0.003852
    2210       -0.003841
    2211       -0.003595
    2212       -0.003392
    2213       -0.003251
    2214       -0.003174
    2215       -0.003144
    2216       -0.003140
    2217       -0.003141
    2218       -0.003141
    2219       -0.003148
    2220       -0.003182
    2221       -0.003263
    2222       -0.003405
    2223       -0.003608
    2224       -0.003859
    2225       -0.003742
    2226       -0.003470
    2227       -0.003298
    2228       -0.003217
    2229       -0.003209
    2230       -0.003240
    2231       -0.003277
    2232       -0.003293
    2233       -0.003277
    2234       -0.003244
    2235       -0.003219
    2236       -0.003233
    2237       -0.003314
    2238       -0.003487
    2239       -0.003770
    2240       -0.003493
    2241       -0.003218
    2242       -0.003102
    2243       -0.003109
    2244       -0.003190
    2245       -0.003297
    2246       -0.003384
    2247       -0.003416
    2248       -0.003383
    2249       -0.003300
    2250       -0.003200
    2251       -0.003125
    2252       -0.003117
    2253       -0.003233
    2254       -0.003530
    2255       -0.003042
    2256       -0.002799
    2257       -0.002794
    2258       -0.002932
    2259       -0.003135
    2260       -0.003333
    2261       -0.003474
    2262       -0.003524
    2263       -0.003473
    2264       -0.003337
    2265       -0.003149
    2266       -0.002954
    2267       -0.002808
    2268       -0.002806
    2269       -0.003077
    2270       -0.002257
    2271       -0.002198
    2272       -0.002429
    2273       -0.002767
    2274       -0.003103
    2275       -0.003383
    2276       -0.003570
    2277       -0.003632
    2278       -0.003563
    2279       -0.003374
    2280       -0.003101
    2281       -0.002777
    2282       -0.002439
    2283       -0.002199
    2284       -0.002283
    2285       -0.001169
    2286       -0.001663
    2287       -0.002350
    2288       -0.002859
    2289       -0.003233
    2290       -0.003510
    2291       -0.003693
    2292       -0.003752
    2293       -0.003671
    2294       -0.003473
    2295       -0.003198
    2296       -0.002842
    2297       -0.002361
    2298       -0.001696
    2299       -0.001198
    2300       -0.000249
    2301       -0.002469
    2302       -0.003301
    2303       -0.003650
    2304       -0.003804
    2305       -0.003831
    2306       -0.003855
    2307       -0.003886
    2308       -0.003819
    2309       -0.003769
    2310       -0.003753
    2311       -0.003629
    2312       -0.003320
    2313       -0.002531
    2314       -0.000297
    2315       -0.003121
    2316       -0.005627
    2317       -0.005480
    2318       -0.005365
    2319       -0.005129
    2320       -0.004654
    2321       -0.003997
    2322       -0.004023
    2323       -0.003969
    2324       -0.004642
    2325       -0.005165
    2326       -0.005420
    2327       -0.005526
    2328       -0.005671
    2329       -0.003163
    2330       -0.004571
    2331       -0.004155
    2332       -0.004487
    2333       -0.004942
    2334       -0.004352
    2335       -0.004840
    2336       -0.005292
    2337       -0.004551
    2338       -0.005209
    2339       -0.005551
    2340       -0.005086
    2341       -0.005483
    2342       -0.006450
    2343       -0.005290
    2344       -0.006463
    2345       -0.003901
    2346       -0.002321
    2347       -0.003903
    2348       -0.003876
    2349       -0.004115
    2350       -0.004773
    2351       -0.005792
    2352       -0.006965
    2353       -0.008182
    2354       -0.009398
    2355       -0.010612
    2356       -0.011822
    2357       -0.013035
    2358       -0.014241
    2359       -0.015460
    2360       -0.016653
    2361       -0.017889
    2362       -0.019064
    2363       -0.020251
    2364       -0.021630
    2365       -0.022239
    2366       -0.022067
    2367       -0.022092
    2368       -0.022128
    2369       -0.022103
    2370       -0.022120
    2371       -0.022113
    2372       -0.022113
    2373       -0.022109
    2374       -0.022105
    2375       -0.022112
    2376       -0.022108
    2377       -0.022140
    2378       -0.022102
    2379       -0.022069
    2380       -0.022240
    2381       -0.021630
    2382       -0.020251
    2383       -0.019064
    2384       -0.017889
    2385       -0.016653
    2386       -0.015460
    2387       -0.014241
    2388       -0.013035
    2389       -0.011822
    2390       -0.010612
    2391       -0.009398
    2392       -0.008182
    2393       -0.006965
    2394       -0.005792
    2395       -0.004773
    2396       -0.004115
    2397       -0.003876
    2398       -0.003986
    2399       -0.004279
    2400       -0.004937
    2401       -0.005898
    2402       -0.007015
    2403       -0.008197
    2404       -0.009402
    2405       -0.010611
    2406       -0.011822
    2407       -0.013032
    2408       -0.014245
    2409       -0.015452
    2410       -0.016659
    2411       -0.017862
    2412       -0.019024
    2413       -0.020171
    2414       -0.021298
    2415       -0.021905
    2416       -0.021988
    2417       -0.022052
    2418       -0.022101
    2419       -0.022109
    2420       -0.022113
    2421       -0.022116
    2422       -0.022113
    2423       -0.022111
    2424       -0.022110
    2425       -0.022109
    2426       -0.022112
    2427       -0.022109
    2428       -0.022058
    2429       -0.021992
    2430       -0.021905
    2431       -0.021298
    2432       -0.020171
    2433       -0.019024
    2434       -0.017862
    2435       -0.016659
    2436       -0.015452
    2437       -0.014245
    2438       -0.013032
    2439       -0.011823
    2440       -0.010611
    2441       -0.009402
    2442       -0.008197
    2443       -0.007015
    2444       -0.005898
    2445       -0.004937
    2446       -0.004279
    2447       -0.003986
    2448       -0.004067
    2449       -0.004385
    2450       -0.005058
    2451       -0.005985
    2452       -0.007059
    2453       -0.008214
    2454       -0.009405
    2455       -0.010611
    2456       -0.011821
    2457       -0.013033
    2458       -0.014243
    2459       -0.015452
    2460       -0.016655
    2461       -0.017845
    2462       -0.018985
    2463       -0.020084
    2464       -0.021053
    2465       -0.021659
    2466       -0.021902
    2467       -0.022013
    2468       -0.022084
    2469       -0.022105
    2470       -0.022113
    2471       -0.022115
    2472       -0.022114
    2473       -0.022112
    2474       -0.022112
    2475       -0.022111
    2476       -0.022107
    2477       -0.022088
    2478       -0.022018
    2479       -0.021905
    2480       -0.021661
    2481       -0.021053
    2482       -0.020085
    2483       -0.018985
    2484       -0.017845
    2485       -0.016655
    2486       -0.015452
    2487       -0.014243
    2488       -0.013033
    2489       -0.011821
    2490       -0.010611
    2491       -0.009405
    2492       -0.008214
    2493       -0.007059
    2494       -0.005985
    2495       -0.005058
    2496       -0.004385
    2497       -0.004067
    2498       -0.004128
    2499       -0.004449
    2500       -0.005145
    2501       -0.006051
    2502       -0.007095
    2503       -0.008228
    2504       -0.009409
    2505       -0.010611
    2506       -0.011821
    2507       -0.013033
    2508       -0.014243
    2509       -0.015451
    2510       -0.016652
    2511       -0.017830
    2512       -0.018953
    2513       -0.020004
    2514       -0.020879
    2515       -0.021486
    2516       -0.021822
    2517       -0.021982
    2518       -0.022069
    2519       -0.022101
    2520       -0.022112
    2521       -0.022114
    2522       -0.022114
    2523       -0.022114
    2524       -0.022113
    2525       -0.022112
    2526       -0.022103
    2527       -0.022071
    2528       -0.021985
    2529       -0.021825
    2530       -0.021487
    2531       -0.020880
    2532       -0.020005
    2533       -0.018953
    2534       -0.017830
    2535       -0.016652
    2536       -0.015451
    2537       -0.014243
    2538       -0.013033
    2539       -0.011821
    2540       -0.010611
    2541       -0.009409
    2542       -0.008228
    2543       -0.007095
    2544       -0.006051
    2545       -0.005145
    2546       -0.004449
    2547       -0.004128
    2548       -0.004169
    2549       -0.004486
    2550       -0.005202
    2551       -0.006098
    2552       -0.007122
    2553       -0.008239
    2554       -0.009412
    2555       -0.010612
    2556       -0.011821
    2557       -0.013032
    2558       -0.014243
    2559       -0.015451
    2560       -0.016648
    2561       -0.017819
    2562       -0.018928
    2563       -0.019943
    2564       -0.020763
    2565       -0.021369
    2566       -0.021760
    2567       -0.021956
    2568       -0.022058
    2569       -0.022098
    2570       -0.022112
    2571       -0.022115
    2572       -0.022115
    2573       -0.022115
    2574       -0.022114
    2575       -0.022112
    2576       -0.022099
    2577       -0.022059
    2578       -0.021959
    2579       -0.021763
    2580       -0.021371
    2581       -0.020764
    2582       -0.019943
    2583       -0.018928
    2584       -0.017819
    2585       -0.016648
    2586       -0.015451
    2587       -0.014243
    2588       -0.013032
    2589       -0.011821
    2590       -0.010612
    2591       -0.009412
    2592       -0.008239
    2593       -0.007122
    2594       -0.006098
    2595       -0.005202
    2596       -0.004486
    2597       -0.004169
    2598       -0.004194
    2599       -0.004503
    2600       -0.005235
    2601       -0.006126
    2602       -0.007139
    2603       -0.008246
    2604       -0.009414
    2605       -0.010612
    2606       -0.011821
    2607       -0.013032
    2608       -0.014243
    2609       -0.015450
    2610       -0.016646
    2611       -0.017812
    2612       -0.018912
    2613       -0.019905
    2614       -0.020696
    2615       -0.021302
    2616       -0.021722
    2617       -0.021940
    2618       -0.022051
    2619       -0.022096
    2620       -0.022111
    2621       -0.022115
    2622       -0.022115
    2623       -0.022115
    2624       -0.022115
    2625       -0.022112
    2626       -0.022097
    2627       -0.022052
    2628       -0.021942
    2629       -0.021724
    2630       -0.021303
    2631       -0.020697
    2632       -0.019905
    2633       -0.018912
    2634       -0.017812
    2635       -0.016646
    2636       -0.015450
    2637       -0.014243
    2638       -0.013032
    2639       -0.011821
    2640       -0.010612
    2641       -0.009414
    2642       -0.008246
    2643       -0.007139
    2644       -0.006126
    2645       -0.005235
    2646       -0.004503
    2647       -0.004194
    2648       -0.004202
    2649       -0.004509
    2650       -0.005245
    2651       -0.006135
    2652       -0.007145
    2653       -0.008249
    2654       -0.009415
    2655       -0.010612
    2656       -0.011821
    2657       -0.013032
    2658       -0.014243
    2659       -0.015450
    2660       -0.016645
    2661       -0.017810
    2662       -0.018907
    2663       -0.019892
    2664       -0.020674
    2665       -0.021280
    2666       -0.021709
    2667       -0.021935
    2668       -0.022049
    2669       -0.022095
    2670       -0.022111
    2671       -0.022115
    2672       -0.022116
    2673       -0.022116
    2674       -0.022116
    2675       -0.022112
    2676       -0.022096
    2677       -0.022049
    2678       -0.021936
    2679       -0.021711
    2680       -0.021281
    2681       -0.020675
    2682       -0.019892
    2683       -0.018907
    2684       -0.017810
    2685       -0.016645
    2686       -0.015450
    2687       -0.014243
    2688       -0.013032
    2689       -0.011821
    2690       -0.010612
    2691       -0.009415
    2692       -0.008249
    2693       -0.007145
    2694       -0.006135
    2695       -0.005245
    2696       -0.004509
    2697       -0.004202
    2698       -0.004194
    2699       -0.004503
    2700       -0.005235
    2701       -0.006126
    2702       -0.007139
    2703       -0.008246
    2704       -0.009414
    2705       -0.010612
    2706       -0.011821
    2707       -0.013032
    2708       -0.014243
    2709       -0.015450
    2710       -0.016646
    2711       -0.017812
    2712       -0.018912
    2713       -0.019905
    2714       -0.020696
    2715       -0.021302
    2716       -0.021722
    2717       -0.021940
    2718       -0.022051
    2719       -0.022096
    2720       -0.022111
    2721       -0.022115
    2722       -0.022116
    2723       -0.022117
    2724       -0.022116
    2725       -0.022112
    2726       -0.022096
    2727       -0.022051
    2728       -0.021941
    2729       -0.021723
    2730       -0.021303
    2731       -0.020697
    2732       -0.019905
    2733       -0.018912
    2734       -0.017812
    2735       -0.016646
    2736       -0.015450
    2737       -0.014243
    2738       -0.013032
    2739       -0.011821
    2740       -0.010612
    2741       -0.009414
    2742       -0.008246
    2743       -0.007139
    2744       -0.006126
    2745       -0.005235
    2746       -0.004503
    2747       -0.004194
    2748       -0.004169
    2749       -0.004486
    2750       -0.005202
    2751       -0.006098
    2752       -0.007122
    2753       -0.008239
    2754       -0.009412
    2755       -0.010612
    2756       -0.011821
    2757       -0.013032
    2758       -0.014243
    2759       -0.015451
    2760       -0.016648
    2761       -0.017819
    2762       -0.018928
    2763       -0.019943
    2764       -0.020763
    2765       -0.021369
    2766       -0.021760
    2767       -0.021956
    2768       -0.022058
    2769       -0.022098
    2770       -0.022112
    2771       -0.022115
    2772       -0.022117
    2773       -0.022117
    2774       -0.022116
    2775       -0.022113
    2776       -0.022098
    2777       -0.022058
    2778       -0.021956
    2779       -0.021761
    2780       -0.021370
    2781       -0.020764
    2782       -0.019943
    2783       -0.018928
    2784       -0.017819
    2785       -0.016648
    2786       -0.015451
    2787       -0.014243
    2788       -0.013032
    2789       -0.011821
    2790       -0.010612
    2791       -0.009412
    2792       -0.008239
    2793       -0.007122
    2794       -0.006098
    2795       -0.005202
    2796       -0.004486
    2797       -0.004169
    2798       -0.004128
    2799       -0.004449
    2800       -0.005145
    2801       -0.006051
    2802       -0.007095
    2803       -0.008228
    2804       -0.009409
    2805       -0.010611
    2806       -0.011821
    2807       -0.013033
    2808       -0.014243
    2809       -0.015451
    2810       -0.016652
    2811       -0.017830
    2812       -0.018953
    2813       -0.020005
    2814       -0.020880
    2815       -0.021486
    2816       -0.021822
    2817       -0.021982
    2818       -0.022069
    2819       -0.022102
    2820       -0.022113
    2821       -0.022116
    2822       -0.022117
    2823       -0.022117
    2824       -0.022117
    2825       -0.022113
    2826       -0.022101
    2827       -0.022068
    2828       -0.021981
    2829       -0.021822
    2830       -0.021486
    2831       -0.020880
    2832       -0.020005
    2833       -0.018953
    2834       -0.017830
    2835       -0.016651
    2836       -0.015451
    2837       -0.014243
    2838       -0.013032
    2839       -0.011821
    2840       -0.010611
    2841       -0.009409
    2842       -0.008228
    2843       -0.007095
    2844       -0.006051
    2845       -0.005145
    2846       -0.004449
    2847       -0.004128
    2848       -0.004067
    2849       -0.004385
    2850       -0.005058
    2851       -0.005985
    2852       -0.007059
    2853       -0.008214
    2854       -0.009405
    2855       -0.010611
    2856       -0.011821
    2857       -0.013033
    2858       -0.014243
    2859       -0.015452
    2860       -0.016655
    2861       -0.017845
    2862       -0.018985
    2863       -0.020084
    2864       -0.021053
    2865       -0.021660
    2866       -0.021902
    2867       -0.022013
    2868       -0.022084
    2869       -0.022105
    2870       -0.022113
    2871       -0.022116
    2872       -0.022117
    2873       -0.022117
    2874       -0.022117
    2875       -0.022114
    2876       -0.022105
    2877       -0.022083
    2878       -0.022013
    2879       -0.021902
    2880       -0.021660
    2881       -0.021053
    2882       -0.020084
    2883       -0.018985
    2884       -0.017845
    2885       -0.016655
    2886       -0.015452
    2887       -0.014243
    2888       -0.013033
    2889       -0.011821
    2890       -0.010611
    2891       -0.009405
    2892       -0.008214
    2893       -0.007059
    2894       -0.005985
    2895       -0.005058
    2896       -0.004385
    2897       -0.004067
    2898       -0.003986
    2899       -0.004279
    2900       -0.004937
    2901       -0.005898
    2902       -0.007015
    2903       -0.008197
    2904       -0.009402
    2905       -0.010611
    2906       -0.011823
    2907       -0.013032
    2908       -0.014245
    2909       -0.015452
    2910       -0.016659
    2911       -0.017862
    2912       -0.019024
    2913       -0.020171
    2914       -0.021298
    2915       -0.021905
    2916       -0.021988
    2917       -0.022052
    2918       -0.022101
    2919       -0.022109
    2920       -0.022113
    2921       -0.022117
    2922       -0.022117
    2923       -0.022117
    2924       -0.022118
    2925       -0.022114
    2926       -0.022109
    2927       -0.022100
    2928       -0.022051
    2929       -0.021988
    2930       -0.021905
    2931       -0.021298
    2932       -0.020171
    2933       -0.019024
    2934       -0.017862
    2935       -0.016659
    2936       -0.015452
    2937       -0.014245
    2938       -0.013032
    2939       -0.011822
    2940       -0.010611
    2941       -0.009402
    2942       -0.008197
    2943       -0.007015
    2944       -0.005898
    2945       -0.004937
    2946       -0.004279
    2947       -0.003986
    2948       -0.003876
    2949       -0.004115
    2950       -0.004773
    2951       -0.005792
    2952       -0.006965
    2953       -0.008182
    2954       -0.009398
    2955       -0.010612
    2956       -0.011822
    2957       -0.013035
    2958       -0.014241
    2959       -0.015460
    2960       -0.016653
    2961       -0.017889
    2962       -0.019064
    2963       -0.020251
    2964       -0.021630
    2965       -0.022239
    2966       -0.022068
    2967       -0.022092
    2968       -0.022128
    2969       -0.022103
    2970       -0.022121
    2971       -0.022114
    2972       -0.022118
    2973       -0.022118
    2974       -0.022115
    2975       -0.022121
    2976       -0.022103
    2977       -0.022127
    2978       -0.022091
    2979       -0.022067
    2980       -0.022239
    2981       -0.021630
    2982       -0.020251
    2983       -0.019064
    2984       -0.017889
    2985       -0.016653
    2986       -0.015460
    2987       -0.014241
    2988       -0.013035
    2989       -0.011822
    2990       -0.010612
    2991       -0.009398
    2992       -0.008182
    2993       -0.006965
    2994       -0.005792
    2995       -0.004773
    2996       -0.004115
    2997       -0.003876
    2998       -0.003725
    2999       -0.003873
    3000       -0.004561
    3001       -0.005666
    3002       -0.006916
    3003       -0.008168
    3004       -0.009397
    3005       -0.010612
    3006       -0.011824
    3007       -0.013033
    3008       -0.014245
    3009       -0.015453
    3010       -0.016674
    3011       -0.017867
    3012       -0.019174
    3013       -0.020249
    3014       -0.022095
    3015       -0.022705
    3016       -0.022064
    3017       -0.022203
    3018       -0.022105
    3019       -0.022124
    3020       -0.022114
    3021       -0.022117
    3022       -0.022117
    3023       -0.022117
    3024       -0.022118
    3025       -0.022114
    3026       -0.022124
    3027       -0.022104
    3028       -0.022201
    3029       -0.022062
    3030       -0.022704
    3031       -0.022095
    3032       -0.020248
    3033       -0.019174
    3034       -0.017867
    3035       -0.016674
    3036       -0.015452
    3037       -0.014245
    3038       -0.013033
    3039       -0.011824
    3040       -0.010612
    3041       -0.009397
    3042       -0.008168
    3043       -0.006916
    3044       -0.005666
    3045       -0.004561
    3046       -0.003873
    3047       -0.003725
    3048       -0.003737
    3049       -0.003849
    3050       -0.004477
    3051       -0.005612
    3052       -0.006899
    3053       -0.008168
    3054       -0.009400
    3055       -0.010614
    3056       -0.011824
    3057       -0.013034
    3058       -0.014243
    3059       -0.015454
    3060       -0.016664
    3061       -0.017891
    3062       -0.019112
    3063       -0.020474
    3064       -0.022155
    3065       -0.022762
    3066       -0.022290
    3067       -0.022139
    3068       -0.022129
    3069       -0.022115
    3070       -0.022115
    3071       -0.022116
    3072       -0.022117
    3073       -0.022118
    3074       -0.022117
    3075       -0.022116
    3076       -0.022114
    3077       -0.022127
    3078       -0.022137
    3079       -0.022288
    3080       -0.022761
    3081       -0.022155
    3082       -0.020473
    3083       -0.019111
    3084       -0.017890
    3085       -0.016664
    3086       -0.015454
    3087       -0.014243
    3088       -0.013034
    3089       -0.011824
    3090       -0.010614
    3091       -0.009400
    3092       -0.008168
    3093       -0.006899
    3094       -0.005612
    3095       -0.004476
    3096       -0.003849
    3097       -0.003737
    3098       -0.003767
    3099       -0.003696
    3100       -0.003727
    3101       -0.003660
    3102       -0.003541
    3103       -0.003489
    3104       -0.003203
    3105       -0.003161
    3106       -0.002819
    3107       -0.002800
    3108       -0.002438
    3109       -0.002431
    3110       -0.002068
    3111       -0.002067
    3112       -0.001704
    3113       -0.001704
    3114       -0.001341
    3115       -0.001341
    3116       -0.000977
    3117       -0.000977
    3118       -0.000616
    3119       -0.000617
    3120       -0.000250
    3121       -0.000248
    3122        0.000109
    3123        0.000101
    3124        0.000484
    3125        0.000485
    3126        0.000837
    3127        0.000836
    3128        0.001271
    3129        0.001074
    3130        0.001741
    3131        0.002241
    3132        0.001923
    3133        0.002422
    3134        0.001816
    3135        0.001619
    3136        0.001745
    3137        0.001744
    3138        0.001756
    3139        0.001757
    3140        0.001744
    3141        0.001736
    3142        0.001748
    3143        0.001750
    3144        0.001746
    3145        0.001745
    3146        0.001747
    3147        0.001746
    3148        0.001744
    3149        0.001745
    3150        0.001742
    3151        0.001742
    3152        0.001744
    3153        0.001746
    3154        0.001745
    3155        0.001738
    3156        0.001761
    3157        0.001763
    3158        0.001745
    3159        0.001746
    3160        0.001816
    3161        0.001620
    3162        0.001923
    3163        0.002422
    3164        0.001741
    3165        0.002241
    3166        0.001271
    3167        0.001074
    3168        0.000837
    3169        0.000836
    3170        0.000484
    3171        0.000485
    3172        0.000109
    3173        0.000101
    3174       -0.000250
    3175       -0.000248
    3176       -0.000616
    3177       -0.000617
    3178       -0.000977
    3179       -0.000977
    3180       -0.001341
    3181       -0.001341
    3182       -0.001704
    3183       -0.001704
    3184       -0.002067
    3185       -0.002068
    3186       -0.002431
    3187       -0.002438
    3188       -0.002819
    3189       -0.002800
    3190       -0.003203
    3191       -0.003161
    3192       -0.003541
    3193       -0.003489
    3194       -0.003727
    3195       -0.003660
    3196       -0.003767
    3197       -0.003696


                                                      SUMMARY INFORMATION
                                                  _________________________

                                                         Min/Max Values
    -Source ID--Entity ID---Sub ID----X Component--
Min:     1       1401          0        -0.042311
Max:     1        719          0         0.018660

