




                       MSC.Patran 25.0.638960 Wed Mar 13 09:21:55 PDT 2019 - Analysis Code: MSC.Nastran 
                                             Load Case: Default, A1:Static Subcase 
                                         Result Strain Tensor,  - Layer (NON-LAYERED) 
                                                     Entity: Element Tensor


-Entity ID--X Component--
       1       -0.003730
       2       -0.003831
       3       -0.004455
       4       -0.005589
       5       -0.006874
       6       -0.008140
       7       -0.009368
       8       -0.010577
       9       -0.011780
      10       -0.012982
      11       -0.014182
      12       -0.015383
      13       -0.016581
      14       -0.017793
      15       -0.018999
      16       -0.020344
      17       -0.022009
      18       -0.022592
      19       -0.022088
      20       -0.021913
      21       -0.021917
      22       -0.021988
      23       -0.022114
      24       -0.022199
      25       -0.022226
      26       -0.022226
      27       -0.022199
      28       -0.022114
      29       -0.021988
      30       -0.021917
      31       -0.021913
      32       -0.022088
      33       -0.022594
      34       -0.022007
      35       -0.020344
      36       -0.018999
      37       -0.017793
      38       -0.016581
      39       -0.015383
      40       -0.014182
      41       -0.012982
      42       -0.011780
      43       -0.010577
      44       -0.009368
      45       -0.008140
      46       -0.006874
      47       -0.005589
      48       -0.004455
      49       -0.003831
      50       -0.003730
      51       -0.003760
      52       -0.004136
      53       -0.005081
      54       -0.006277
      55       -0.007455
      56       -0.008545
      57       -0.009586
      58       -0.010605
      59       -0.011618
      60       -0.012628
      61       -0.013639
      62       -0.014650
      63       -0.015664
      64       -0.016707
      65       -0.017727
      66       -0.019090
      67       -0.020071
      68       -0.020551
      69       -0.020563
      70       -0.020167
      71       -0.020133
      72       -0.020131
      73       -0.020200
      74       -0.020231
      75       -0.020220
      76       -0.020220
      77       -0.020231
      78       -0.020200
      79       -0.020131
      80       -0.020133
      81       -0.020167
      82       -0.020564
      83       -0.020553
      84       -0.020069
      85       -0.019090
      86       -0.017727
      87       -0.016707
      88       -0.015664
      89       -0.014650
      90       -0.013639
      91       -0.012628
      92       -0.011618
      93       -0.010605
      94       -0.009586
      95       -0.008545
      96       -0.007455
      97       -0.006277
      98       -0.005081
      99       -0.004136
     100       -0.003760
     101       -0.003997
     102       -0.004961
     103       -0.006401
     104       -0.007693
     105       -0.008636
     106       -0.009370
     107       -0.010028
     108       -0.010664
     109       -0.011292
     110       -0.011918
     111       -0.012545
     112       -0.013176
     113       -0.013813
     114       -0.014506
     115       -0.015144
     116       -0.016537
     117       -0.016152
     118       -0.016447
     119       -0.017452
     120       -0.016634
     121       -0.016531
     122       -0.016398
     123       -0.016358
     124       -0.016285
     125       -0.016208
     126       -0.016208
     127       -0.016285
     128       -0.016358
     129       -0.016398
     130       -0.016531
     131       -0.016634
     132       -0.017453
     133       -0.016447
     134       -0.016151
     135       -0.016536
     136       -0.015144
     137       -0.014506
     138       -0.013813
     139       -0.013176
     140       -0.012545
     141       -0.011918
     142       -0.011292
     143       -0.010664
     144       -0.010028
     145       -0.009370
     146       -0.008636
     147       -0.007693
     148       -0.006401
     149       -0.004961
     150       -0.003997
     151       -0.004222
     152       -0.005788
     153       -0.007768
     154       -0.009143
     155       -0.009832
     156       -0.010197
     157       -0.010472
     158       -0.010723
     159       -0.010967
     160       -0.011206
     161       -0.011454
     162       -0.011693
     163       -0.011981
     164       -0.012233
     165       -0.012731
     166       -0.013409
     167       -0.012743
     168       -0.012863
     169       -0.013767
     170       -0.013277
     171       -0.012862
     172       -0.012683
     173       -0.012506
     174       -0.012335
     175       -0.012186
     176       -0.012186
     177       -0.012335
     178       -0.012506
     179       -0.012684
     180       -0.012862
     181       -0.013277
     182       -0.013767
     183       -0.012864
     184       -0.012742
     185       -0.013409
     186       -0.012731
     187       -0.012233
     188       -0.011981
     189       -0.011693
     190       -0.011454
     191       -0.011206
     192       -0.010967
     193       -0.010723
     194       -0.010472
     195       -0.010197
     196       -0.009832
     197       -0.009143
     198       -0.007768
     199       -0.005788
     200       -0.004222
     201       -0.004473
     202       -0.006716
     203       -0.009265
     204       -0.010657
     205       -0.011043
     206       -0.011029
     207       -0.010918
     208       -0.010783
     209       -0.010639
     210       -0.010498
     211       -0.010354
     212       -0.010226
     213       -0.010109
     214       -0.010029
     215       -0.010157
     216       -0.010279
     217       -0.009480
     218       -0.009415
     219       -0.010088
     220       -0.009773
     221       -0.009283
     222       -0.008936
     223       -0.008659
     224       -0.008359
     225       -0.008152
     226       -0.008152
     227       -0.008359
     228       -0.008659
     229       -0.008936
     230       -0.009283
     231       -0.009774
     232       -0.010088
     233       -0.009415
     234       -0.009480
     235       -0.010279
     236       -0.010157
     237       -0.010028
     238       -0.010109
     239       -0.010226
     240       -0.010354
     241       -0.010498
     242       -0.010639
     243       -0.010783
     244       -0.010918
     245       -0.011029
     246       -0.011043
     247       -0.010657
     248       -0.009265
     249       -0.006716
     250       -0.004473
     251       -0.004792
     252       -0.007865
     253       -0.010978
     254       -0.012255
     255       -0.012268
     256       -0.011861
     257       -0.011367
     258       -0.010842
     259       -0.010315
     260       -0.009785
     261       -0.009261
     262       -0.008746
     263       -0.008248
     264       -0.007805
     265       -0.007511
     266       -0.007166
     267       -0.006277
     268       -0.006024
     269       -0.006423
     270       -0.006221
     271       -0.005729
     272       -0.005218
     273       -0.004774
     274       -0.004346
     275       -0.004104
     276       -0.004104
     277       -0.004346
     278       -0.004774
     279       -0.005218
     280       -0.005729
     281       -0.006221
     282       -0.006423
     283       -0.006024
     284       -0.006277
     285       -0.007166
     286       -0.007510
     287       -0.007805
     288       -0.008248
     289       -0.008746
     290       -0.009261
     291       -0.009785
     292       -0.010315
     293       -0.010842
     294       -0.011367
     295       -0.011861
     296       -0.012268
     297       -0.012255
     298       -0.010977
     299       -0.007865
     300       -0.004792
     301       -0.005241
     302       -0.009398
     303       -0.012988
     304       -0.013942
     305       -0.013495
     306       -0.012700
     307       -0.011814
     308       -0.010904
     309       -0.009987
     310       -0.009076
     311       -0.008165
     312       -0.007265
     313       -0.006386
     314       -0.005563
     315       -0.004823
     316       -0.004059
     317       -0.003086
     318       -0.002652
     319       -0.002750
     320       -0.002655
     321       -0.002225
     322       -0.001546
     323       -0.000832
     324       -0.000263
     325       -0.000053
     326       -0.000053
     327       -0.000263
     328       -0.000832
     329       -0.001546
     330       -0.002225
     331       -0.002655
     332       -0.002750
     333       -0.002652
     334       -0.003086
     335       -0.004059
     336       -0.004823
     337       -0.005563
     338       -0.006386
     339       -0.007265
     340       -0.008165
     341       -0.009076
     342       -0.009987
     343       -0.010904
     344       -0.011814
     345       -0.012700
     346       -0.013495
     347       -0.013942
     348       -0.012988
     349       -0.009398
     350       -0.005241
     351       -0.005942
     352       -0.011526
     353       -0.015386
     354       -0.015671
     355       -0.014734
     356       -0.013535
     357       -0.012271
     358       -0.010955
     359       -0.009666
     360       -0.008360
     361       -0.007071
     362       -0.005782
     363       -0.004520
     364       -0.003305
     365       -0.002115
     366       -0.000936
     367        0.000126
     368        0.000735
     369        0.000934
     370        0.000964
     371        0.001126
     372        0.002072
     373        0.003197
     374        0.003961
     375        0.003962
     376        0.003962
     377        0.003961
     378        0.003197
     379        0.002072
     380        0.001126
     381        0.000964
     382        0.000934
     383        0.000735
     384        0.000126
     385       -0.000936
     386       -0.002115
     387       -0.003305
     388       -0.004520
     389       -0.005782
     390       -0.007071
     391       -0.008360
     392       -0.009666
     393       -0.010955
     394       -0.012271
     395       -0.013535
     396       -0.014734
     397       -0.015671
     398       -0.015386
     399       -0.011526
     400       -0.005942
     401       -0.007016
     402       -0.014669
     403       -0.018105
     404       -0.017436
     405       -0.015934
     406       -0.014428
     407       -0.012685
     408       -0.011035
     409       -0.009328
     410       -0.007654
     411       -0.005971
     412       -0.004300
     413       -0.002646
     414       -0.001039
     415        0.000595
     416        0.002223
     417        0.003390
     418        0.004182
     419        0.004627
     420        0.004644
     421        0.004421
     422        0.005187
     423        0.007822
     424        0.008116
     425        0.007979
     426        0.007979
     427        0.008116
     428        0.007822
     429        0.005187
     430        0.004421
     431        0.004644
     432        0.004627
     433        0.004182
     434        0.003390
     435        0.002223
     436        0.000595
     437       -0.001039
     438       -0.002646
     439       -0.004300
     440       -0.005971
     441       -0.007654
     442       -0.009328
     443       -0.011035
     444       -0.012685
     445       -0.014428
     446       -0.015934
     447       -0.017436
     448       -0.018105
     449       -0.014669
     450       -0.007016
     451       -0.009228
     452       -0.019004
     453       -0.021296
     454       -0.018841
     455       -0.017409
     456       -0.015160
     457       -0.013187
     458       -0.011067
     459       -0.009013
     460       -0.006937
     461       -0.004872
     462       -0.002820
     463       -0.000764
     464        0.001236
     465        0.003286
     466        0.005426
     467        0.006752
     468        0.007734
     469        0.008355
     470        0.008269
     471        0.007974
     472        0.007407
     473        0.013198
     474        0.012181
     475        0.012014
     476        0.012014
     477        0.012181
     478        0.013198
     479        0.007407
     480        0.007974
     481        0.008269
     482        0.008356
     483        0.007734
     484        0.006752
     485        0.005426
     486        0.003286
     487        0.001236
     488       -0.000764
     489       -0.002820
     490       -0.004872
     491       -0.006937
     492       -0.009013
     493       -0.011067
     494       -0.013187
     495       -0.015160
     496       -0.017409
     497       -0.018841
     498       -0.021296
     499       -0.019004
     500       -0.009228
     501       -0.011957
     502       -0.026909
     503       -0.022791
     504       -0.021108
     505       -0.018479
     506       -0.016078
     507       -0.013602
     508       -0.011136
     509       -0.008682
     510       -0.006223
     511       -0.003777
     512       -0.001327
     513        0.001096
     514        0.003560
     515        0.005918
     516        0.008644
     517        0.010297
     518        0.011463
     519        0.012117
     520        0.011755
     521        0.011776
     522        0.009799
     523        0.018256
     524        0.016177
     525        0.016095
     526        0.016095
     527        0.016177
     528        0.018256
     529        0.009799
     530        0.011776
     531        0.011755
     532        0.012117
     533        0.011463
     534        0.010297
     535        0.008644
     536        0.005918
     537        0.003560
     538        0.001096
     539       -0.001327
     540       -0.003777
     541       -0.006223
     542       -0.008682
     543       -0.011136
     544       -0.013602
     545       -0.016078
     546       -0.018479
     547       -0.021108
     548       -0.022791
     549       -0.026909
     550       -0.011957
     551       -0.028762
     552       -0.030866
     553       -0.025660
     554       -0.022872
     555       -0.019695
     556       -0.016962
     557       -0.014013
     558       -0.011215
     559       -0.008341
     560       -0.005515
     561       -0.002674
     562        0.000156
     563        0.002985
     564        0.005812
     565        0.008707
     566        0.011539
     567        0.014261
     568        0.015602
     569        0.015573
     570        0.015393
     571        0.015286
     572        0.014117
     573        0.021551
     574        0.020184
     575        0.020222
     576        0.020222
     577        0.020184
     578        0.021551
     579        0.014117
     580        0.015286
     581        0.015393
     582        0.015573
     583        0.015602
     584        0.014261
     585        0.011539
     586        0.008707
     587        0.005812
     588        0.002985
     589        0.000156
     590       -0.002674
     591       -0.005515
     592       -0.008341
     593       -0.011215
     594       -0.014013
     595       -0.016962
     596       -0.019695
     597       -0.022872
     598       -0.025660
     599       -0.030866
     600       -0.028762
     601       -0.042606
     602       -0.031632
     603       -0.027800
     604       -0.023394
     605       -0.020540
     606       -0.017266
     607       -0.014285
     608       -0.011199
     609       -0.008169
     610       -0.005120
     611       -0.002082
     612        0.000950
     613        0.004006
     614        0.007027
     615        0.010182
     616        0.013189
     617        0.016272
     618        0.017735
     619        0.017579
     620        0.017477
     621        0.017168
     622        0.017480
     623        0.021642
     624        0.021733
     625        0.021652
     626        0.021652
     627        0.021733
     628        0.021642
     629        0.017480
     630        0.017168
     631        0.017477
     632        0.017579
     633        0.017736
     634        0.016272
     635        0.013189
     636        0.010182
     637        0.007027
     638        0.004006
     639        0.000950
     640       -0.002082
     641       -0.005120
     642       -0.008169
     643       -0.011199
     644       -0.014285
     645       -0.017266
     646       -0.020540
     647       -0.023394
     648       -0.027800
     649       -0.031632
     650       -0.042606
     651       -0.042460
     652       -0.032032
     653       -0.027692
     654       -0.023495
     655       -0.020516
     656       -0.017263
     657       -0.014239
     658       -0.011130
     659       -0.008060
     660       -0.004968
     661       -0.001879
     662        0.001214
     663        0.004336
     664        0.007445
     665        0.010660
     666        0.013811
     667        0.016916
     668        0.018511
     669        0.018602
     670        0.018633
     671        0.018701
     672        0.018779
     673        0.018609
     674        0.018705
     675        0.018809
     676        0.018809
     677        0.018705
     678        0.018609
     679        0.018779
     680        0.018701
     681        0.018633
     682        0.018602
     683        0.018511
     684        0.016916
     685        0.013811
     686        0.010660
     687        0.007445
     688        0.004336
     689        0.001214
     690       -0.001879
     691       -0.004968
     692       -0.008060
     693       -0.011130
     694       -0.014239
     695       -0.017263
     696       -0.020516
     697       -0.023495
     698       -0.027692
     699       -0.032032
     700       -0.042460
     701       -0.040300
     702       -0.034601
     703       -0.026495
     704       -0.024079
     705       -0.020278
     706       -0.017373
     707       -0.014217
     708       -0.011182
     709       -0.008104
     710       -0.005045
     711       -0.001979
     712        0.001096
     713        0.004152
     714        0.007313
     715        0.010278
     716        0.013796
     717        0.016286
     718        0.017818
     719        0.018389
     720        0.017941
     721        0.017957
     722        0.018398
     723        0.019797
     724        0.020268
     725        0.020163
     726        0.020163
     727        0.020268
     728        0.019797
     729        0.018398
     730        0.017957
     731        0.017941
     732        0.018389
     733        0.017818
     734        0.016286
     735        0.013796
     736        0.010279
     737        0.007313
     738        0.004152
     739        0.001096
     740       -0.001979
     741       -0.005045
     742       -0.008104
     743       -0.011182
     744       -0.014217
     745       -0.017373
     746       -0.020278
     747       -0.024079
     748       -0.026495
     749       -0.034601
     750       -0.040300
     751       -0.042341
     752       -0.031967
     753       -0.027651
     754       -0.023471
     755       -0.020510
     756       -0.017278
     757       -0.014279
     758       -0.011199
     759       -0.008164
     760       -0.005116
     761       -0.002076
     762        0.000959
     763        0.004014
     764        0.007048
     765        0.010179
     766        0.013242
     767        0.016255
     768        0.017723
     769        0.017643
     770        0.017498
     771        0.017213
     772        0.017558
     773        0.021505
     774        0.021655
     775        0.021560
     776        0.021560
     777        0.021655
     778        0.021505
     779        0.017558
     780        0.017213
     781        0.017498
     782        0.017643
     783        0.017723
     784        0.016255
     785        0.013242
     786        0.010179
     787        0.007048
     788        0.004014
     789        0.000959
     790       -0.002076
     791       -0.005116
     792       -0.008164
     793       -0.011199
     794       -0.014279
     795       -0.017278
     796       -0.020510
     797       -0.023471
     798       -0.027651
     799       -0.031967
     800       -0.042341
     801       -0.003729
     802       -0.003828
     803       -0.004453
     804       -0.005591
     805       -0.006883
     806       -0.008156
     807       -0.009393
     808       -0.010613
     809       -0.011829
     810       -0.013047
     811       -0.014265
     812       -0.015486
     813       -0.016709
     814       -0.017948
     815       -0.019184
     816       -0.020563
     817       -0.022264
     818       -0.022893
     819       -0.022442
     820       -0.022306
     821       -0.022293
     822       -0.022253
     823       -0.022216
     824       -0.022184
     825       -0.022167
     826       -0.022167
     827       -0.022184
     828       -0.022216
     829       -0.022253
     830       -0.022293
     831       -0.022306
     832       -0.022442
     833       -0.022893
     834       -0.022264
     835       -0.020563
     836       -0.019184
     837       -0.017948
     838       -0.016709
     839       -0.015486
     840       -0.014265
     841       -0.013047
     842       -0.011829
     843       -0.010613
     844       -0.009393
     845       -0.008156
     846       -0.006883
     847       -0.005591
     848       -0.004453
     849       -0.003828
     850       -0.003729
     851       -0.003759
     852       -0.004133
     853       -0.005080
     854       -0.006280
     855       -0.007463
     856       -0.008558
     857       -0.009605
     858       -0.010632
     859       -0.011654
     860       -0.012675
     861       -0.013699
     862       -0.014724
     863       -0.015755
     864       -0.016817
     865       -0.017858
     866       -0.019246
     867       -0.020251
     868       -0.020763
     869       -0.020819
     870       -0.020468
     871       -0.020457
     872       -0.020402
     873       -0.020369
     874       -0.020345
     875       -0.020334
     876       -0.020334
     877       -0.020345
     878       -0.020369
     879       -0.020402
     880       -0.020457
     881       -0.020468
     882       -0.020819
     883       -0.020763
     884       -0.020251
     885       -0.019246
     886       -0.017858
     887       -0.016817
     888       -0.015755
     889       -0.014724
     890       -0.013699
     891       -0.012675
     892       -0.011654
     893       -0.010632
     894       -0.009605
     895       -0.008558
     896       -0.007463
     897       -0.006280
     898       -0.005080
     899       -0.004133
     900       -0.003759
     901       -0.003997
     902       -0.004960
     903       -0.006402
     904       -0.007698
     905       -0.008642
     906       -0.009378
     907       -0.010038
     908       -0.010677
     909       -0.011308
     910       -0.011938
     911       -0.012568
     912       -0.013204
     913       -0.013847
     914       -0.014546
     915       -0.015191
     916       -0.016593
     917       -0.016213
     918       -0.016520
     919       -0.017552
     920       -0.016791
     921       -0.016784
     922       -0.016708
     923       -0.016681
     924       -0.016667
     925       -0.016666
     926       -0.016666
     927       -0.016667
     928       -0.016681
     929       -0.016708
     930       -0.016784
     931       -0.016791
     932       -0.017552
     933       -0.016520
     934       -0.016213
     935       -0.016593
     936       -0.015191
     937       -0.014546
     938       -0.013847
     939       -0.013204
     940       -0.012568
     941       -0.011938
     942       -0.011308
     943       -0.010677
     944       -0.010038
     945       -0.009378
     946       -0.008642
     947       -0.007698
     948       -0.006402
     949       -0.004960
     950       -0.003997
     951       -0.004223
     952       -0.005789
     953       -0.007772
     954       -0.009150
     955       -0.009838
     956       -0.010201
     957       -0.010474
     958       -0.010721
     959       -0.010962
     960       -0.011198
     961       -0.011441
     962       -0.011675
     963       -0.011958
     964       -0.012204
     965       -0.012693
     966       -0.013364
     967       -0.012686
     968       -0.012799
     969       -0.013708
     970       -0.013284
     971       -0.013041
     972       -0.013034
     973       -0.012984
     974       -0.012992
     975       -0.012997
     976       -0.012997
     977       -0.012992
     978       -0.012984
     979       -0.013034
     980       -0.013041
     981       -0.013284
     982       -0.013708
     983       -0.012799
     984       -0.012686
     985       -0.013364
     986       -0.012693
     987       -0.012204
     988       -0.011958
     989       -0.011675
     990       -0.011441
     991       -0.011198
     992       -0.010962
     993       -0.010721
     994       -0.010474
     995       -0.010201
     996       -0.009838
     997       -0.009150
     998       -0.007772
     999       -0.005789
    1000       -0.004223
    1001       -0.004474
    1002       -0.006718
    1003       -0.009272
    1004       -0.010666
    1005       -0.011048
    1006       -0.011028
    1007       -0.010910
    1008       -0.010768
    1009       -0.010614
    1010       -0.010462
    1011       -0.010305
    1012       -0.010162
    1013       -0.010028
    1014       -0.009929
    1015       -0.010036
    1016       -0.010133
    1017       -0.009307
    1018       -0.009214
    1019       -0.009868
    1020       -0.009614
    1021       -0.009365
    1022       -0.009319
    1023       -0.009303
    1024       -0.009309
    1025       -0.009332
    1026       -0.009332
    1027       -0.009309
    1028       -0.009303
    1029       -0.009319
    1030       -0.009365
    1031       -0.009613
    1032       -0.009868
    1033       -0.009214
    1034       -0.009307
    1035       -0.010133
    1036       -0.010036
    1037       -0.009929
    1038       -0.010028
    1039       -0.010162
    1040       -0.010305
    1041       -0.010462
    1042       -0.010614
    1043       -0.010768
    1044       -0.010910
    1045       -0.011028
    1046       -0.011048
    1047       -0.010666
    1048       -0.009272
    1049       -0.006718
    1050       -0.004474
    1051       -0.004794
    1052       -0.007869
    1053       -0.010988
    1054       -0.012266
    1055       -0.012272
    1056       -0.011856
    1057       -0.011350
    1058       -0.010813
    1059       -0.010269
    1060       -0.009722
    1061       -0.009176
    1062       -0.008636
    1063       -0.008111
    1064       -0.007636
    1065       -0.007306
    1066       -0.006921
    1067       -0.005986
    1068       -0.005690
    1069       -0.006042
    1070       -0.005869
    1071       -0.005668
    1072       -0.005613
    1073       -0.005609
    1074       -0.005635
    1075       -0.005668
    1076       -0.005668
    1077       -0.005635
    1078       -0.005609
    1079       -0.005613
    1080       -0.005668
    1081       -0.005869
    1082       -0.006042
    1083       -0.005690
    1084       -0.005986
    1085       -0.006921
    1086       -0.007306
    1087       -0.007636
    1088       -0.008111
    1089       -0.008636
    1090       -0.009176
    1091       -0.009722
    1092       -0.010269
    1093       -0.010813
    1094       -0.011350
    1095       -0.011856
    1096       -0.012272
    1097       -0.012266
    1098       -0.010988
    1099       -0.007869
    1100       -0.004794
    1101       -0.005245
    1102       -0.009406
    1103       -0.013004
    1104       -0.013956
    1105       -0.013499
    1106       -0.012690
    1107       -0.011790
    1108       -0.010861
    1109       -0.009922
    1110       -0.008985
    1111       -0.008044
    1112       -0.007111
    1113       -0.006192
    1114       -0.005325
    1115       -0.004535
    1116       -0.003714
    1117       -0.002680
    1118       -0.002179
    1119       -0.002221
    1120       -0.002078
    1121       -0.001946
    1122       -0.001905
    1123       -0.001916
    1124       -0.001962
    1125       -0.002009
    1126       -0.002009
    1127       -0.001962
    1128       -0.001916
    1129       -0.001905
    1130       -0.001946
    1131       -0.002078
    1132       -0.002221
    1133       -0.002179
    1134       -0.002680
    1135       -0.003714
    1136       -0.004535
    1137       -0.005325
    1138       -0.006192
    1139       -0.007111
    1140       -0.008044
    1141       -0.008985
    1142       -0.009922
    1143       -0.010861
    1144       -0.011790
    1145       -0.012690
    1146       -0.013499
    1147       -0.013956
    1148       -0.013004
    1149       -0.009406
    1150       -0.005245
    1151       -0.005948
    1152       -0.011540
    1153       -0.015409
    1154       -0.015688
    1155       -0.014738
    1156       -0.013523
    1157       -0.012239
    1158       -0.010899
    1159       -0.009582
    1160       -0.008244
    1161       -0.006916
    1162       -0.005583
    1163       -0.004271
    1164       -0.003000
    1165       -0.001746
    1166       -0.000493
    1167        0.000644
    1168        0.001350
    1169        0.001617
    1170        0.001739
    1171        0.001800
    1172        0.001813
    1173        0.001774
    1174        0.001704
    1175        0.001644
    1176        0.001644
    1177        0.001704
    1178        0.001774
    1179        0.001813
    1180        0.001800
    1181        0.001739
    1182        0.001617
    1183        0.001350
    1184        0.000644
    1185       -0.000493
    1186       -0.001746
    1187       -0.003000
    1188       -0.004271
    1189       -0.005583
    1190       -0.006916
    1191       -0.008244
    1192       -0.009582
    1193       -0.010899
    1194       -0.012239
    1195       -0.013523
    1196       -0.014738
    1197       -0.015688
    1198       -0.015409
    1199       -0.011540
    1200       -0.005948
    1201       -0.007027
    1202       -0.014694
    1203       -0.018137
    1204       -0.017457
    1205       -0.015938
    1206       -0.014412
    1207       -0.012645
    1208       -0.010967
    1209       -0.009226
    1210       -0.007512
    1211       -0.005782
    1212       -0.004058
    1213       -0.002343
    1214       -0.000666
    1215        0.001045
    1216        0.002762
    1217        0.004020
    1218        0.004928
    1219        0.005491
    1220        0.005565
    1221        0.005571
    1222        0.005545
    1223        0.005459
    1224        0.005358
    1225        0.005293
    1226        0.005293
    1227        0.005358
    1228        0.005459
    1229        0.005545
    1230        0.005571
    1231        0.005565
    1232        0.005491
    1233        0.004928
    1234        0.004020
    1235        0.002762
    1236        0.001045
    1237       -0.000666
    1238       -0.002343
    1239       -0.004058
    1240       -0.005782
    1241       -0.007512
    1242       -0.009226
    1243       -0.010967
    1244       -0.012645
    1245       -0.014412
    1246       -0.015938
    1247       -0.017457
    1248       -0.018137
    1249       -0.014694
    1250       -0.007027
    1251       -0.009248
    1252       -0.019045
    1253       -0.021340
    1254       -0.018864
    1255       -0.017414
    1256       -0.015141
    1257       -0.013140
    1258       -0.010987
    1259       -0.008894
    1260       -0.006771
    1261       -0.004652
    1262       -0.002536
    1263       -0.000407
    1264        0.001675
    1265        0.003814
    1266        0.006058
    1267        0.007491
    1268        0.008605
    1269        0.009402
    1270        0.009380
    1271        0.009373
    1272        0.009303
    1273        0.009124
    1274        0.008996
    1275        0.008941
    1276        0.008941
    1277        0.008996
    1278        0.009124
    1279        0.009303
    1280        0.009373
    1281        0.009380
    1282        0.009402
    1283        0.008605
    1284        0.007491
    1285        0.006058
    1286        0.003814
    1287        0.001675
    1288       -0.000407
    1289       -0.002536
    1290       -0.004652
    1291       -0.006771
    1292       -0.008894
    1293       -0.010987
    1294       -0.013140
    1295       -0.015141
    1296       -0.017414
    1297       -0.018864
    1298       -0.021340
    1299       -0.019045
    1300       -0.009248
    1301       -0.011990
    1302       -0.026981
    1303       -0.022840
    1304       -0.021136
    1305       -0.018485
    1306       -0.016057
    1307       -0.013550
    1308       -0.011046
    1309       -0.008547
    1310       -0.006034
    1311       -0.003526
    1312       -0.001002
    1313        0.001504
    1314        0.004062
    1315        0.006524
    1316        0.009366
    1317        0.011142
    1318        0.012459
    1319        0.013323
    1320        0.013136
    1321        0.013263
    1322        0.013066
    1323        0.012776
    1324        0.012591
    1325        0.012600
    1326        0.012600
    1327        0.012591
    1328        0.012776
    1329        0.013066
    1330        0.013263
    1331        0.013136
    1332        0.013323
    1333        0.012459
    1334        0.011142
    1335        0.009366
    1336        0.006524
    1337        0.004062
    1338        0.001504
    1339       -0.001002
    1340       -0.003526
    1341       -0.006034
    1342       -0.008547
    1343       -0.011046
    1344       -0.013550
    1345       -0.016057
    1346       -0.018485
    1347       -0.021136
    1348       -0.022840
    1349       -0.026981
    1350       -0.011990
    1351       -0.028873
    1352       -0.030958
    1353       -0.025716
    1354       -0.022905
    1355       -0.019703
    1356       -0.016940
    1357       -0.013956
    1358       -0.011116
    1359       -0.008191
    1360       -0.005305
    1361       -0.002393
    1362        0.000519
    1363        0.003443
    1364        0.006377
    1365        0.009389
    1366        0.012350
    1367        0.015201
    1368        0.016726
    1369        0.016925
    1370        0.017021
    1371        0.017145
    1372        0.016937
    1373        0.016331
    1374        0.016146
    1375        0.016284
    1376        0.016284
    1377        0.016146
    1378        0.016331
    1379        0.016937
    1380        0.017145
    1381        0.017021
    1382        0.016925
    1383        0.016726
    1384        0.015201
    1385        0.012350
    1386        0.009389
    1387        0.006377
    1388        0.003443
    1389        0.000519
    1390       -0.002393
    1391       -0.005305
    1392       -0.008191
    1393       -0.011116
    1394       -0.013956
    1395       -0.016940
    1396       -0.019703
    1397       -0.022905
    1398       -0.025716
    1399       -0.030958
    1400       -0.028873
    1401       -0.042732
    1402       -0.031701
    1403       -0.027844
    1404       -0.023419
    1405       -0.020546
    1406       -0.017250
    1407       -0.014243
    1408       -0.011125
    1409       -0.008057
    1410       -0.004963
    1411       -0.001872
    1412        0.001221
    1413        0.004349
    1414        0.007450
    1415        0.010694
    1416        0.013795
    1417        0.016975
    1418        0.018575
    1419        0.018598
    1420        0.018687
    1421        0.018746
    1422        0.018799
    1423        0.018539
    1424        0.018604
    1425        0.018722
    1426        0.018722
    1427        0.018604
    1428        0.018539
    1429        0.018799
    1430        0.018746
    1431        0.018687
    1432        0.018598
    1433        0.018575
    1434        0.016975
    1435        0.013795
    1436        0.010694
    1437        0.007450
    1438        0.004349
    1439        0.001221
    1440       -0.001872
    1441       -0.004963
    1442       -0.008057
    1443       -0.011125
    1444       -0.014243
    1445       -0.017250
    1446       -0.020546
    1447       -0.023419
    1448       -0.027844
    1449       -0.031701
    1450       -0.042732
    1451       -0.003712
    1452       -0.003480
    1453       -0.003208
    1454       -0.002935
    1455       -0.002710
    1456       -0.002544
    1457       -0.002443
    1458       -0.002409
    1459       -0.002445
    1460       -0.002548
    1461       -0.002714
    1462       -0.002939
    1463       -0.003210
    1464       -0.003482
    1465       -0.003713
    1466       -0.003766
    1467       -0.003564
    1468       -0.003326
    1469       -0.003105
    1470       -0.002928
    1471       -0.002806
    1472       -0.002737
    1473       -0.002715
    1474       -0.002739
    1475       -0.002811
    1476       -0.002935
    1477       -0.003110
    1478       -0.003330
    1479       -0.003567
    1480       -0.003769
    1481       -0.003845
    1482       -0.003618
    1483       -0.003397
    1484       -0.003213
    1485       -0.003081
    1486       -0.003002
    1487       -0.002964
    1488       -0.002953
    1489       -0.002965
    1490       -0.003006
    1491       -0.003088
    1492       -0.003221
    1493       -0.003405
    1494       -0.003625
    1495       -0.003854
    1496       -0.003847
    1497       -0.003597
    1498       -0.003392
    1499       -0.003250
    1500       -0.003171
    1501       -0.003141
    1502       -0.003137
    1503       -0.003138
    1504       -0.003137
    1505       -0.003144
    1506       -0.003178
    1507       -0.003260
    1508       -0.003404
    1509       -0.003611
    1510       -0.003866
    1511       -0.003752
    1512       -0.003475
    1513       -0.003298
    1514       -0.003214
    1515       -0.003202
    1516       -0.003232
    1517       -0.003269
    1518       -0.003284
    1519       -0.003268
    1520       -0.003235
    1521       -0.003211
    1522       -0.003227
    1523       -0.003313
    1524       -0.003493
    1525       -0.003783
    1526       -0.003507
    1527       -0.003225
    1528       -0.003104
    1529       -0.003105
    1530       -0.003183
    1531       -0.003288
    1532       -0.003372
    1533       -0.003402
    1534       -0.003370
    1535       -0.003291
    1536       -0.003195
    1537       -0.003122
    1538       -0.003119
    1539       -0.003243
    1540       -0.003548
    1541       -0.003058
    1542       -0.002809
    1543       -0.002799
    1544       -0.002933
    1545       -0.003130
    1546       -0.003323
    1547       -0.003460
    1548       -0.003508
    1549       -0.003458
    1550       -0.003325
    1551       -0.003141
    1552       -0.002951
    1553       -0.002813
    1554       -0.002819
    1555       -0.003099
    1556       -0.002276
    1557       -0.002211
    1558       -0.002437
    1559       -0.002770
    1560       -0.003097
    1561       -0.003372
    1562       -0.003555
    1563       -0.003615
    1564       -0.003546
    1565       -0.003361
    1566       -0.003093
    1567       -0.002776
    1568       -0.002449
    1569       -0.002219
    1570       -0.002310
    1571       -0.001181
    1572       -0.001672
    1573       -0.002355
    1574       -0.002861
    1575       -0.003231
    1576       -0.003501
    1577       -0.003678
    1578       -0.003735
    1579       -0.003655
    1580       -0.003459
    1581       -0.003189
    1582       -0.002838
    1583       -0.002363
    1584       -0.001702
    1585       -0.001213
    1586       -0.000252
    1587       -0.002470
    1588       -0.003302
    1589       -0.003648
    1590       -0.003798
    1591       -0.003823
    1592       -0.003841
    1593       -0.003869
    1594       -0.003803
    1595       -0.003755
    1596       -0.003739
    1597       -0.003617
    1598       -0.003308
    1599       -0.002521
    1600       -0.000297
    1601       -0.003113
    1602       -0.005615
    1603       -0.005471
    1604       -0.005360
    1605       -0.005119
    1606       -0.004648
    1607       -0.003983
    1608       -0.004008
    1609       -0.003953
    1610       -0.004624
    1611       -0.005140
    1612       -0.005397
    1613       -0.005497
    1614       -0.005633
    1615       -0.003127
    1616       -0.004552
    1617       -0.004142
    1618       -0.004475
    1619       -0.004923
    1620       -0.004341
    1621       -0.004834
    1622       -0.005275
    1623       -0.004544
    1624       -0.005200
    1625       -0.005537
    1626       -0.005087
    1627       -0.005479
    1628       -0.006450
    1629       -0.005294
    1630       -0.006476
    1631       -0.003894
    1632       -0.002326
    1633       -0.003908
    1799       -0.001447
    1800       -0.001038
    1801        0.000728
    1802        0.000867
    1803        0.001015
    1804        0.001076
    1805        0.001099
    1806        0.001110
    1807        0.001111
    1808        0.001099
    1809        0.001047
    1810        0.000905
    1811        0.000765
    1812       -0.001002
    1813       -0.001431
    1814       -0.003045
    1815       -0.001032
    1816        0.000244
    1817        0.000752
    1818        0.001054
    1819        0.001225
    1820        0.001307
    1821        0.001335
    1822        0.001314
    1823        0.001239
    1824        0.001075
    1825        0.000777
    1826        0.000269
    1827       -0.001004
    1828       -0.003020
    1829       -0.001571
    1830       -0.001076
    1831       -0.000187
    1832        0.000527
    1833        0.000985
    1834        0.001287
    1835        0.001454
    1836        0.001506
    1837        0.001453
    1838        0.001290
    1839        0.000995
    1840        0.000545
    1841       -0.000162
    1842       -0.001044
    1843       -0.001528
    1844       -0.002220
    1845       -0.001338
    1846       -0.000533
    1847        0.000213
    1848        0.000825
    1849        0.001265
    1850        0.001530
    1851        0.001615
    1852        0.001521
    1853        0.001256
    1854        0.000826
    1855        0.000230
    1856       -0.000502
    1857       -0.001292
    1858       -0.002149
    1859       -0.002549
    1860       -0.001776
    1861       -0.000959
    1862       -0.000155
    1863        0.000574
    1864        0.001159
    1865        0.001536
    1866        0.001657
    1867        0.001515
    1868        0.001137
    1869        0.000568
    1870       -0.000136
    1871       -0.000919
    1872       -0.001717
    1873       -0.002455
    1874       -0.002974
    1875       -0.002251
    1876       -0.001460
    1877       -0.000616
    1878        0.000230
    1879        0.000969
    1880        0.001467
    1881        0.001633
    1882        0.001442
    1883        0.000947
    1884        0.000239
    1885       -0.000580
    1886       -0.001413
    1887       -0.002186
    1888       -0.002867
    1889       -0.003321
    1890       -0.002770
    1891       -0.002072
    1892       -0.001208
    1893       -0.000244
    1894        0.000673
    1895        0.001327
    1896        0.001548
    1897        0.001299
    1898        0.000658
    1899       -0.000217
    1900       -0.001152
    1901       -0.002006
    1902       -0.002702
    1903       -0.003211
    1904       -0.003727
    1905       -0.003434
    1906       -0.002884
    1907       -0.002039
    1908       -0.000933
    1909        0.000237
    1910        0.001113
    1911        0.001411
    1912        0.001079
    1913        0.000219
    1914       -0.000898
    1915       -0.001965
    1916       -0.002805
    1917       -0.003364
    1918       -0.003628
    1919       -0.004372
    1920       -0.004335
    1921       -0.004043
    1922       -0.003270
    1923       -0.001987
    1924       -0.000417
    1925        0.000838
    1926        0.001237
    1927        0.000776
    1928       -0.000480
    1929       -0.002001
    1930       -0.003234
    1931       -0.003984
    1932       -0.004260
    1933       -0.004281
    1934       -0.004984
    1935       -0.005942
    1936       -0.005816
    1937       -0.005091
    1938       -0.003688
    1939       -0.001500
    1940        0.000560
    1941        0.001045
    1942        0.000424
    1943       -0.001702
    1944       -0.003858
    1945       -0.005175
    1946       -0.005826
    1947       -0.005903
    1948       -0.004925
    1949       -0.010135
    1950       -0.008311
    1951       -0.007874
    1952       -0.007382
    1953       -0.006377
    1954       -0.003962
    1955        0.000595
    1956        0.000851
    1957        0.000383
    1958       -0.004480
    1959       -0.006794
    1960       -0.007627
    1961       -0.007987
    1962       -0.008314
    1963       -0.010131
    1964       -0.000059
    1965        0.000636
    1966        0.000309
    1967       -0.000554
    1968        0.000402
    1969       -0.000190
    1970       -0.000591
    1971       -0.000058
    1972       -0.000390
    1973       -0.001064
    1974       -0.000545
    1975       -0.000996
    1976       -0.001144
    1977       -0.002992
    1978       -0.001133
    1979       -0.003714
    1980       -0.006518
    1981       -0.003835
    1982       -0.001447
    1983       -0.001038
    1984        0.000728
    1985        0.000867
    1986        0.001015
    1987        0.001076
    1988        0.001099
    1989        0.001110
    1990        0.001111
    1991        0.001099
    1992        0.001047
    1993        0.000905
    1994        0.000765
    1995       -0.001002
    1996       -0.001431
    1997       -0.003045
    1998       -0.001032
    1999        0.000244
    2000        0.000752
    2001        0.001054
    2002        0.001225
    2003        0.001307
    2004        0.001335
    2005        0.001314
    2006        0.001239
    2007        0.001075
    2008        0.000777
    2009        0.000269
    2010       -0.001004
    2011       -0.003020
    2012       -0.001571
    2013       -0.001076
    2014       -0.000187
    2015        0.000527
    2016        0.000985
    2017        0.001287
    2018        0.001454
    2019        0.001506
    2020        0.001453
    2021        0.001290
    2022        0.000995
    2023        0.000545
    2024       -0.000162
    2025       -0.001044
    2026       -0.001528
    2027       -0.002220
    2028       -0.001338
    2029       -0.000533
    2030        0.000213
    2031        0.000823
    2032        0.001263
    2033        0.001530
    2034        0.001615
    2035        0.001520
    2036        0.001253
    2037        0.000821
    2038        0.000227
    2039       -0.000503
    2040       -0.001292
    2041       -0.002149
    2042       -0.002549
    2043       -0.001776
    2044       -0.000959
    2045       -0.000157
    2046        0.000573
    2047        0.001160
    2048        0.001535
    2049        0.001657
    2050        0.001516
    2051        0.001140
    2052        0.000572
    2053       -0.000136
    2054       -0.000921
    2055       -0.001718
    2056       -0.002455
    2057       -0.002974
    2058       -0.002251
    2059       -0.001460
    2060       -0.000611
    2061        0.000233
    2062        0.000969
    2063        0.001468
    2064        0.001633
    2065        0.001442
    2066        0.000947
    2067        0.000240
    2068       -0.000577
    2069       -0.001408
    2070       -0.002185
    2071       -0.002866
    2072       -0.003321
    2073       -0.002770
    2074       -0.002072
    2075       -0.001207
    2076       -0.000243
    2077        0.000674
    2078        0.001327
    2079        0.001548
    2080        0.001299
    2081        0.000658
    2082       -0.000217
    2083       -0.001151
    2084       -0.002005
    2085       -0.002702
    2086       -0.003211
    2087       -0.003725
    2088       -0.003430
    2089       -0.002882
    2090       -0.002039
    2091       -0.000933
    2092        0.000237
    2093        0.001113
    2094        0.001411
    2095        0.001079
    2096        0.000219
    2097       -0.000898
    2098       -0.001965
    2099       -0.002805
    2100       -0.003360
    2101       -0.003626
    2102       -0.004375
    2103       -0.004337
    2104       -0.004044
    2105       -0.003270
    2106       -0.001987
    2107       -0.000417
    2108        0.000838
    2109        0.001237
    2110        0.000775
    2111       -0.000480
    2112       -0.001996
    2113       -0.003231
    2114       -0.003983
    2115       -0.004260
    2116       -0.004284
    2117       -0.004984
    2118       -0.005938
    2119       -0.005814
    2120       -0.005090
    2121       -0.003688
    2122       -0.001500
    2123        0.000560
    2124        0.001045
    2125        0.000424
    2126       -0.001702
    2127       -0.003851
    2128       -0.005177
    2129       -0.005826
    2130       -0.005903
    2131       -0.004926
    2132       -0.010138
    2133       -0.008309
    2134       -0.007874
    2135       -0.007382
    2136       -0.006377
    2137       -0.003962
    2138        0.000595
    2139        0.000851
    2140        0.000383
    2141       -0.004480
    2142       -0.006791
    2143       -0.007632
    2144       -0.007988
    2145       -0.008314
    2146       -0.010131
    2147       -0.000059
    2148        0.000636
    2149        0.000309
    2150       -0.000555
    2151        0.000402
    2152       -0.000191
    2153       -0.000592
    2154       -0.000058
    2155       -0.000389
    2156       -0.001064
    2157       -0.000544
    2158       -0.000996
    2159       -0.001143
    2160       -0.002992
    2161       -0.001133
    2162       -0.003714
    2163       -0.006518
    2164       -0.003835
    2165       -0.003712
    2166       -0.003480
    2167       -0.003208
    2168       -0.002935
    2169       -0.002710
    2170       -0.002544
    2171       -0.002443
    2172       -0.002409
    2173       -0.002445
    2174       -0.002548
    2175       -0.002714
    2176       -0.002939
    2177       -0.003210
    2178       -0.003482
    2179       -0.003713
    2180       -0.003766
    2181       -0.003564
    2182       -0.003326
    2183       -0.003105
    2184       -0.002929
    2185       -0.002806
    2186       -0.002737
    2187       -0.002715
    2188       -0.002739
    2189       -0.002811
    2190       -0.002935
    2191       -0.003110
    2192       -0.003330
    2193       -0.003567
    2194       -0.003769
    2195       -0.003845
    2196       -0.003618
    2197       -0.003397
    2198       -0.003213
    2199       -0.003081
    2200       -0.003002
    2201       -0.002964
    2202       -0.002953
    2203       -0.002965
    2204       -0.003007
    2205       -0.003089
    2206       -0.003221
    2207       -0.003405
    2208       -0.003625
    2209       -0.003854
    2210       -0.003847
    2211       -0.003597
    2212       -0.003392
    2213       -0.003250
    2214       -0.003171
    2215       -0.003142
    2216       -0.003137
    2217       -0.003138
    2218       -0.003137
    2219       -0.003144
    2220       -0.003179
    2221       -0.003261
    2222       -0.003405
    2223       -0.003611
    2224       -0.003866
    2225       -0.003752
    2226       -0.003475
    2227       -0.003298
    2228       -0.003214
    2229       -0.003204
    2230       -0.003233
    2231       -0.003269
    2232       -0.003284
    2233       -0.003268
    2234       -0.003236
    2235       -0.003213
    2236       -0.003229
    2237       -0.003314
    2238       -0.003494
    2239       -0.003783
    2240       -0.003507
    2241       -0.003226
    2242       -0.003104
    2243       -0.003106
    2244       -0.003183
    2245       -0.003287
    2246       -0.003372
    2247       -0.003403
    2248       -0.003370
    2249       -0.003289
    2250       -0.003192
    2251       -0.003121
    2252       -0.003120
    2253       -0.003243
    2254       -0.003548
    2255       -0.003058
    2256       -0.002809
    2257       -0.002798
    2258       -0.002931
    2259       -0.003129
    2260       -0.003322
    2261       -0.003460
    2262       -0.003508
    2263       -0.003458
    2264       -0.003325
    2265       -0.003141
    2266       -0.002952
    2267       -0.002813
    2268       -0.002819
    2269       -0.003099
    2270       -0.002274
    2271       -0.002209
    2272       -0.002435
    2273       -0.002768
    2274       -0.003098
    2275       -0.003372
    2276       -0.003555
    2277       -0.003615
    2278       -0.003546
    2279       -0.003361
    2280       -0.003093
    2281       -0.002775
    2282       -0.002444
    2283       -0.002212
    2284       -0.002306
    2285       -0.001183
    2286       -0.001673
    2287       -0.002356
    2288       -0.002861
    2289       -0.003230
    2290       -0.003501
    2291       -0.003679
    2292       -0.003735
    2293       -0.003655
    2294       -0.003460
    2295       -0.003190
    2296       -0.002838
    2297       -0.002362
    2298       -0.001703
    2299       -0.001216
    2300       -0.000254
    2301       -0.002473
    2302       -0.003303
    2303       -0.003651
    2304       -0.003801
    2305       -0.003823
    2306       -0.003841
    2307       -0.003869
    2308       -0.003803
    2309       -0.003755
    2310       -0.003741
    2311       -0.003617
    2312       -0.003309
    2313       -0.002524
    2314       -0.000300
    2315       -0.003110
    2316       -0.005619
    2317       -0.005472
    2318       -0.005357
    2319       -0.005121
    2320       -0.004646
    2321       -0.003984
    2322       -0.004007
    2323       -0.003954
    2324       -0.004623
    2325       -0.005142
    2326       -0.005395
    2327       -0.005497
    2328       -0.005638
    2329       -0.003124
    2330       -0.004552
    2331       -0.004141
    2332       -0.004475
    2333       -0.004923
    2334       -0.004341
    2335       -0.004829
    2336       -0.005275
    2337       -0.004544
    2338       -0.005201
    2339       -0.005538
    2340       -0.005086
    2341       -0.005480
    2342       -0.006445
    2343       -0.005295
    2344       -0.006472
    2345       -0.003899
    2346       -0.002324
    2347       -0.003913
    2348       -0.003871
    2349       -0.004104
    2350       -0.004756
    2351       -0.005772
    2352       -0.006942
    2353       -0.008156
    2354       -0.009369
    2355       -0.010579
    2356       -0.011784
    2357       -0.012991
    2358       -0.014190
    2359       -0.015401
    2360       -0.016585
    2361       -0.017811
    2362       -0.018975
    2363       -0.020149
    2364       -0.021514
    2365       -0.022106
    2366       -0.021916
    2367       -0.021933
    2368       -0.021989
    2369       -0.022023
    2370       -0.022118
    2371       -0.022172
    2372       -0.022202
    2373       -0.022202
    2374       -0.022172
    2375       -0.022118
    2376       -0.022023
    2377       -0.021989
    2378       -0.021933
    2379       -0.021917
    2380       -0.022106
    2381       -0.021514
    2382       -0.020149
    2383       -0.018975
    2384       -0.017811
    2385       -0.016585
    2386       -0.015401
    2387       -0.014190
    2388       -0.012990
    2389       -0.011784
    2390       -0.010579
    2391       -0.009369
    2392       -0.008156
    2393       -0.006942
    2394       -0.005772
    2395       -0.004756
    2396       -0.004104
    2397       -0.003871
    2398       -0.003981
    2399       -0.004270
    2400       -0.004922
    2401       -0.005879
    2402       -0.006993
    2403       -0.008173
    2404       -0.009374
    2405       -0.010580
    2406       -0.011787
    2407       -0.012992
    2408       -0.014199
    2409       -0.015399
    2410       -0.016599
    2411       -0.017794
    2412       -0.018946
    2413       -0.020082
    2414       -0.021197
    2415       -0.021791
    2416       -0.021863
    2417       -0.021926
    2418       -0.021996
    2419       -0.022050
    2420       -0.022112
    2421       -0.022164
    2422       -0.022187
    2423       -0.022187
    2424       -0.022164
    2425       -0.022112
    2426       -0.022050
    2427       -0.021996
    2428       -0.021926
    2429       -0.021863
    2430       -0.021791
    2431       -0.021197
    2432       -0.020082
    2433       -0.018946
    2434       -0.017794
    2435       -0.016599
    2436       -0.015399
    2437       -0.014199
    2438       -0.012992
    2439       -0.011787
    2440       -0.010580
    2441       -0.009374
    2442       -0.008173
    2443       -0.006993
    2444       -0.005879
    2445       -0.004922
    2446       -0.004270
    2447       -0.003981
    2448       -0.004062
    2449       -0.004378
    2450       -0.005046
    2451       -0.005968
    2452       -0.007038
    2453       -0.008190
    2454       -0.009379
    2455       -0.010582
    2456       -0.011789
    2457       -0.012997
    2458       -0.014202
    2459       -0.015406
    2460       -0.016603
    2461       -0.017786
    2462       -0.018919
    2463       -0.020009
    2464       -0.020968
    2465       -0.021565
    2466       -0.021801
    2467       -0.021917
    2468       -0.022007
    2469       -0.022065
    2470       -0.022116
    2471       -0.022156
    2472       -0.022178
    2473       -0.022178
    2474       -0.022156
    2475       -0.022116
    2476       -0.022065
    2477       -0.022007
    2478       -0.021917
    2479       -0.021802
    2480       -0.021565
    2481       -0.020968
    2482       -0.020009
    2483       -0.018918
    2484       -0.017786
    2485       -0.016603
    2486       -0.015406
    2487       -0.014202
    2488       -0.012997
    2489       -0.011789
    2490       -0.010582
    2491       -0.009379
    2492       -0.008190
    2493       -0.007038
    2494       -0.005968
    2495       -0.005046
    2496       -0.004378
    2497       -0.004062
    2498       -0.004123
    2499       -0.004443
    2500       -0.005134
    2501       -0.006035
    2502       -0.007076
    2503       -0.008206
    2504       -0.009385
    2505       -0.010585
    2506       -0.011792
    2507       -0.013000
    2508       -0.014208
    2509       -0.015412
    2510       -0.016607
    2511       -0.017780
    2512       -0.018898
    2513       -0.019943
    2514       -0.020811
    2515       -0.021411
    2516       -0.021745
    2517       -0.021911
    2518       -0.022017
    2519       -0.022078
    2520       -0.022121
    2521       -0.022153
    2522       -0.022171
    2523       -0.022171
    2524       -0.022153
    2525       -0.022121
    2526       -0.022078
    2527       -0.022017
    2528       -0.021911
    2529       -0.021745
    2530       -0.021411
    2531       -0.020811
    2532       -0.019943
    2533       -0.018898
    2534       -0.017780
    2535       -0.016607
    2536       -0.015412
    2537       -0.014208
    2538       -0.013000
    2539       -0.011792
    2540       -0.010585
    2541       -0.009385
    2542       -0.008206
    2543       -0.007076
    2544       -0.006035
    2545       -0.005134
    2546       -0.004443
    2547       -0.004123
    2548       -0.004165
    2549       -0.004481
    2550       -0.005192
    2551       -0.006084
    2552       -0.007104
    2553       -0.008218
    2554       -0.009389
    2555       -0.010587
    2556       -0.011795
    2557       -0.013004
    2558       -0.014213
    2559       -0.015418
    2560       -0.016612
    2561       -0.017779
    2562       -0.018885
    2563       -0.019896
    2564       -0.020711
    2565       -0.021314
    2566       -0.021706
    2567       -0.021910
    2568       -0.022027
    2569       -0.022090
    2570       -0.022127
    2571       -0.022153
    2572       -0.022167
    2573       -0.022167
    2574       -0.022153
    2575       -0.022127
    2576       -0.022090
    2577       -0.022028
    2578       -0.021910
    2579       -0.021706
    2580       -0.021314
    2581       -0.020711
    2582       -0.019896
    2583       -0.018885
    2584       -0.017779
    2585       -0.016612
    2586       -0.015418
    2587       -0.014213
    2588       -0.013004
    2589       -0.011795
    2590       -0.010587
    2591       -0.009389
    2592       -0.008218
    2593       -0.007104
    2594       -0.006084
    2595       -0.005192
    2596       -0.004481
    2597       -0.004165
    2598       -0.004189
    2599       -0.004499
    2600       -0.005226
    2601       -0.006112
    2602       -0.007122
    2603       -0.008227
    2604       -0.009393
    2605       -0.010590
    2606       -0.011798
    2607       -0.013008
    2608       -0.014218
    2609       -0.015424
    2610       -0.016618
    2611       -0.017782
    2612       -0.018881
    2613       -0.019872
    2614       -0.020660
    2615       -0.021266
    2616       -0.021690
    2617       -0.021916
    2618       -0.022040
    2619       -0.022102
    2620       -0.022135
    2621       -0.022154
    2622       -0.022165
    2623       -0.022165
    2624       -0.022154
    2625       -0.022135
    2626       -0.022102
    2627       -0.022041
    2628       -0.021916
    2629       -0.021690
    2630       -0.021266
    2631       -0.020660
    2632       -0.019872
    2633       -0.018881
    2634       -0.017782
    2635       -0.016618
    2636       -0.015424
    2637       -0.014218
    2638       -0.013008
    2639       -0.011798
    2640       -0.010590
    2641       -0.009393
    2642       -0.008227
    2643       -0.007122
    2644       -0.006112
    2645       -0.005226
    2646       -0.004499
    2647       -0.004189
    2648       -0.004198
    2649       -0.004504
    2650       -0.005237
    2651       -0.006122
    2652       -0.007128
    2653       -0.008230
    2654       -0.009396
    2655       -0.010592
    2656       -0.011801
    2657       -0.013013
    2658       -0.014224
    2659       -0.015431
    2660       -0.016626
    2661       -0.017790
    2662       -0.018887
    2663       -0.019873
    2664       -0.020655
    2665       -0.021263
    2666       -0.021697
    2667       -0.021932
    2668       -0.022057
    2669       -0.022115
    2670       -0.022143
    2671       -0.022157
    2672       -0.022164
    2673       -0.022164
    2674       -0.022157
    2675       -0.022143
    2676       -0.022115
    2677       -0.022057
    2678       -0.021932
    2679       -0.021697
    2680       -0.021263
    2681       -0.020655
    2682       -0.019873
    2683       -0.018887
    2684       -0.017790
    2685       -0.016626
    2686       -0.015431
    2687       -0.014224
    2688       -0.013013
    2689       -0.011801
    2690       -0.010592
    2691       -0.009396
    2692       -0.008230
    2693       -0.007128
    2694       -0.006122
    2695       -0.005237
    2696       -0.004504
    2697       -0.004198
    2698       -0.004189
    2699       -0.004499
    2700       -0.005226
    2701       -0.006113
    2702       -0.007123
    2703       -0.008229
    2704       -0.009397
    2705       -0.010595
    2706       -0.011804
    2707       -0.013017
    2708       -0.014229
    2709       -0.015438
    2710       -0.016635
    2711       -0.017802
    2712       -0.018904
    2713       -0.019900
    2714       -0.020693
    2715       -0.021304
    2716       -0.021731
    2717       -0.021957
    2718       -0.022077
    2719       -0.022130
    2720       -0.022151
    2721       -0.022161
    2722       -0.022165
    2723       -0.022165
    2724       -0.022161
    2725       -0.022151
    2726       -0.022130
    2727       -0.022077
    2728       -0.021957
    2729       -0.021731
    2730       -0.021304
    2731       -0.020693
    2732       -0.019900
    2733       -0.018904
    2734       -0.017802
    2735       -0.016635
    2736       -0.015438
    2737       -0.014229
    2738       -0.013017
    2739       -0.011804
    2740       -0.010595
    2741       -0.009397
    2742       -0.008229
    2743       -0.007123
    2744       -0.006113
    2745       -0.005226
    2746       -0.004499
    2747       -0.004189
    2748       -0.004164
    2749       -0.004481
    2750       -0.005193
    2751       -0.006085
    2752       -0.007107
    2753       -0.008223
    2754       -0.009396
    2755       -0.010597
    2756       -0.011808
    2757       -0.013021
    2758       -0.014234
    2759       -0.015445
    2760       -0.016645
    2761       -0.017819
    2762       -0.018932
    2763       -0.019952
    2764       -0.020777
    2765       -0.021389
    2766       -0.021789
    2767       -0.021993
    2768       -0.022101
    2769       -0.022145
    2770       -0.022161
    2771       -0.022165
    2772       -0.022167
    2773       -0.022167
    2774       -0.022165
    2775       -0.022161
    2776       -0.022145
    2777       -0.022101
    2778       -0.021993
    2779       -0.021789
    2780       -0.021389
    2781       -0.020777
    2782       -0.019952
    2783       -0.018932
    2784       -0.017819
    2785       -0.016645
    2786       -0.015445
    2787       -0.014234
    2788       -0.013021
    2789       -0.011808
    2790       -0.010597
    2791       -0.009396
    2792       -0.008223
    2793       -0.007107
    2794       -0.006085
    2795       -0.005193
    2796       -0.004481
    2797       -0.004164
    2798       -0.004123
    2799       -0.004443
    2800       -0.005135
    2801       -0.006037
    2802       -0.007080
    2803       -0.008212
    2804       -0.009395
    2805       -0.010599
    2806       -0.011811
    2807       -0.013026
    2808       -0.014240
    2809       -0.015452
    2810       -0.016657
    2811       -0.017840
    2812       -0.018969
    2813       -0.020027
    2814       -0.020909
    2815       -0.021524
    2816       -0.021870
    2817       -0.022038
    2818       -0.022130
    2819       -0.022162
    2820       -0.022170
    2821       -0.022170
    2822       -0.022169
    2823       -0.022169
    2824       -0.022170
    2825       -0.022170
    2826       -0.022162
    2827       -0.022130
    2828       -0.022038
    2829       -0.021870
    2830       -0.021524
    2831       -0.020909
    2832       -0.020027
    2833       -0.018969
    2834       -0.017840
    2835       -0.016657
    2836       -0.015452
    2837       -0.014240
    2838       -0.013026
    2839       -0.011811
    2840       -0.010599
    2841       -0.009395
    2842       -0.008212
    2843       -0.007080
    2844       -0.006037
    2845       -0.005135
    2846       -0.004443
    2847       -0.004123
    2848       -0.004062
    2849       -0.004378
    2850       -0.005046
    2851       -0.005970
    2852       -0.007043
    2853       -0.008199
    2854       -0.009393
    2855       -0.010601
    2856       -0.011815
    2857       -0.013030
    2858       -0.014245
    2859       -0.015459
    2860       -0.016668
    2861       -0.017865
    2862       -0.019013
    2863       -0.020121
    2864       -0.021099
    2865       -0.021717
    2866       -0.021970
    2867       -0.022090
    2868       -0.022163
    2869       -0.022180
    2870       -0.022180
    2871       -0.022174
    2872       -0.022170
    2873       -0.022170
    2874       -0.022174
    2875       -0.022180
    2876       -0.022180
    2877       -0.022163
    2878       -0.022090
    2879       -0.021970
    2880       -0.021717
    2881       -0.021099
    2882       -0.020121
    2883       -0.019013
    2884       -0.017865
    2885       -0.016668
    2886       -0.015459
    2887       -0.014245
    2888       -0.013030
    2889       -0.011815
    2890       -0.010601
    2891       -0.009393
    2892       -0.008199
    2893       -0.007043
    2894       -0.005970
    2895       -0.005046
    2896       -0.004378
    2897       -0.004062
    2898       -0.003981
    2899       -0.004269
    2900       -0.004922
    2901       -0.005882
    2902       -0.006999
    2903       -0.008183
    2904       -0.009391
    2905       -0.010603
    2906       -0.011819
    2907       -0.013033
    2908       -0.014252
    2909       -0.015465
    2910       -0.016680
    2911       -0.017892
    2912       -0.019063
    2913       -0.020220
    2914       -0.021359
    2915       -0.021980
    2916       -0.022077
    2917       -0.022149
    2918       -0.022200
    2919       -0.022199
    2920       -0.022189
    2921       -0.022179
    2922       -0.022171
    2923       -0.022171
    2924       -0.022179
    2925       -0.022189
    2926       -0.022199
    2927       -0.022200
    2928       -0.022149
    2929       -0.022077
    2930       -0.021980
    2931       -0.021359
    2932       -0.020220
    2933       -0.019063
    2934       -0.017892
    2935       -0.016680
    2936       -0.015465
    2937       -0.014252
    2938       -0.013033
    2939       -0.011819
    2940       -0.010603
    2941       -0.009391
    2942       -0.008183
    2943       -0.006999
    2944       -0.005882
    2945       -0.004922
    2946       -0.004269
    2947       -0.003981
    2948       -0.003870
    2949       -0.004103
    2950       -0.004755
    2951       -0.005774
    2952       -0.006949
    2953       -0.008169
    2954       -0.009389
    2955       -0.010606
    2956       -0.011821
    2957       -0.013040
    2958       -0.014253
    2959       -0.015479
    2960       -0.016682
    2961       -0.017928
    2962       -0.019115
    2963       -0.020314
    2964       -0.021707
    2965       -0.022333
    2966       -0.022177
    2967       -0.022212
    2968       -0.022247
    2969       -0.022209
    2970       -0.022205
    2971       -0.022179
    2972       -0.022172
    2973       -0.022172
    2974       -0.022179
    2975       -0.022205
    2976       -0.022209
    2977       -0.022247
    2978       -0.022212
    2979       -0.022177
    2980       -0.022333
    2981       -0.021707
    2982       -0.020314
    2983       -0.019115
    2984       -0.017928
    2985       -0.016682
    2986       -0.015479
    2987       -0.014253
    2988       -0.013040
    2989       -0.011821
    2990       -0.010606
    2991       -0.009389
    2992       -0.008169
    2993       -0.006949
    2994       -0.005774
    2995       -0.004755
    2996       -0.004103
    2997       -0.003870
    2998       -0.003719
    2999       -0.003856
    3000       -0.004540
    3001       -0.005646
    3002       -0.006900
    3003       -0.008156
    3004       -0.009389
    3005       -0.010609
    3006       -0.011826
    3007       -0.013042
    3008       -0.014262
    3009       -0.015479
    3010       -0.016711
    3011       -0.017915
    3012       -0.019236
    3013       -0.020325
    3014       -0.022188
    3015       -0.022817
    3016       -0.022195
    3017       -0.022346
    3018       -0.022247
    3019       -0.022247
    3020       -0.022206
    3021       -0.022184
    3022       -0.022169
    3023       -0.022169
    3024       -0.022184
    3025       -0.022206
    3026       -0.022247
    3027       -0.022247
    3028       -0.022346
    3029       -0.022195
    3030       -0.022817
    3031       -0.022188
    3032       -0.020325
    3033       -0.019236
    3034       -0.017915
    3035       -0.016711
    3036       -0.015479
    3037       -0.014262
    3038       -0.013042
    3039       -0.011826
    3040       -0.010609
    3041       -0.009389
    3042       -0.008156
    3043       -0.006900
    3044       -0.005646
    3045       -0.004540
    3046       -0.003856
    3047       -0.003719
    3048       -0.003729
    3049       -0.003828
    3050       -0.004453
    3051       -0.005591
    3052       -0.006883
    3053       -0.008156
    3054       -0.009393
    3055       -0.010613
    3056       -0.011829
    3057       -0.013047
    3058       -0.014265
    3059       -0.015486
    3060       -0.016709
    3061       -0.017948
    3062       -0.019184
    3063       -0.020563
    3064       -0.022264
    3065       -0.022893
    3066       -0.022442
    3067       -0.022306
    3068       -0.022293
    3069       -0.022253
    3070       -0.022216
    3071       -0.022184
    3072       -0.022167
    3073       -0.022167
    3074       -0.022184
    3075       -0.022216
    3076       -0.022253
    3077       -0.022293
    3078       -0.022306
    3079       -0.022442
    3080       -0.022893
    3081       -0.022264
    3082       -0.020563
    3083       -0.019184
    3084       -0.017948
    3085       -0.016709
    3086       -0.015486
    3087       -0.014265
    3088       -0.013047
    3089       -0.011829
    3090       -0.010613
    3091       -0.009393
    3092       -0.008156
    3093       -0.006883
    3094       -0.005591
    3095       -0.004453
    3096       -0.003828
    3097       -0.003729
    3098       -0.003769
    3099       -0.003699
    3100       -0.003732
    3101       -0.003665
    3102       -0.003547
    3103       -0.003494
    3104       -0.003210
    3105       -0.003168
    3106       -0.002826
    3107       -0.002807
    3108       -0.002446
    3109       -0.002440
    3110       -0.002078
    3111       -0.002076
    3112       -0.001715
    3113       -0.001714
    3114       -0.001354
    3115       -0.001354
    3116       -0.000993
    3117       -0.000992
    3118       -0.000634
    3119       -0.000634
    3120       -0.000272
    3121       -0.000268
    3122        0.000084
    3123        0.000079
    3124        0.000455
    3125        0.000459
    3126        0.000803
    3127        0.000805
    3128        0.001233
    3129        0.001039
    3130        0.001697
    3131        0.002202
    3132        0.001872
    3133        0.002378
    3134        0.001756
    3135        0.001566
    3136        0.001678
    3137        0.001688
    3138        0.001693
    3139        0.001705
    3140        0.001706
    3141        0.001706
    3142        0.001747
    3143        0.001750
    3144        0.001770
    3145        0.001766
    3146        0.001780
    3147        0.001775
    3148        0.001780
    3149        0.001775
    3150        0.001770
    3151        0.001766
    3152        0.001747
    3153        0.001750
    3154        0.001706
    3155        0.001706
    3156        0.001693
    3157        0.001705
    3158        0.001678
    3159        0.001688
    3160        0.001756
    3161        0.001567
    3162        0.001872
    3163        0.002378
    3164        0.001697
    3165        0.002202
    3166        0.001233
    3167        0.001039
    3168        0.000803
    3169        0.000805
    3170        0.000455
    3171        0.000459
    3172        0.000084
    3173        0.000079
    3174       -0.000272
    3175       -0.000268
    3176       -0.000634
    3177       -0.000634
    3178       -0.000992
    3179       -0.000993
    3180       -0.001354
    3181       -0.001354
    3182       -0.001714
    3183       -0.001715
    3184       -0.002076
    3185       -0.002078
    3186       -0.002440
    3187       -0.002446
    3188       -0.002826
    3189       -0.002807
    3190       -0.003210
    3191       -0.003168
    3192       -0.003547
    3193       -0.003494
    3194       -0.003732
    3195       -0.003665
    3196       -0.003769
    3197       -0.003699


                                                      SUMMARY INFORMATION
                                                  _________________________

                                                         Min/Max Values
    -Source ID--Entity ID---Sub ID----X Component--
Min:     1       1450          0        -0.042732
Max:     1        624          0         0.021733

