




                       MSC.Patran 25.0.638960 Wed Mar 13 09:21:55 PDT 2019 - Analysis Code: MSC.Nastran 
                                             Load Case: Default, A1:Static Subcase 
                                         Result Strain Tensor,  - Layer (NON-LAYERED) 
                                                     Entity: Element Tensor


-Entity ID--X Component--
       1       -0.003733
       2       -0.003839
       3       -0.004465
       4       -0.005599
       5       -0.006885
       6       -0.008152
       7       -0.009382
       8       -0.010594
       9       -0.011801
      10       -0.013006
      11       -0.014211
      12       -0.015417
      13       -0.016621
      14       -0.017840
      15       -0.019053
      16       -0.020406
      17       -0.022079
      18       -0.022672
      19       -0.022182
      20       -0.022012
      21       -0.021994
      22       -0.022007
      23       -0.022099
      24       -0.022222
      25       -0.022307
      26       -0.022307
      27       -0.022222
      28       -0.022099
      29       -0.022007
      30       -0.021994
      31       -0.022012
      32       -0.022182
      33       -0.022674
      34       -0.022077
      35       -0.020406
      36       -0.019053
      37       -0.017840
      38       -0.016621
      39       -0.015417
      40       -0.014211
      41       -0.013006
      42       -0.011801
      43       -0.010594
      44       -0.009382
      45       -0.008152
      46       -0.006885
      47       -0.005599
      48       -0.004465
      49       -0.003839
      50       -0.003733
      51       -0.003762
      52       -0.004141
      53       -0.005087
      54       -0.006283
      55       -0.007461
      56       -0.008552
      57       -0.009594
      58       -0.010615
      59       -0.011630
      60       -0.012643
      61       -0.013656
      62       -0.014671
      63       -0.015689
      64       -0.016737
      65       -0.017762
      66       -0.019131
      67       -0.020118
      68       -0.020605
      69       -0.020629
      70       -0.020248
      71       -0.020216
      72       -0.020176
      73       -0.020221
      74       -0.020304
      75       -0.020358
      76       -0.020358
      77       -0.020304
      78       -0.020221
      79       -0.020176
      80       -0.020216
      81       -0.020247
      82       -0.020630
      83       -0.020607
      84       -0.020116
      85       -0.019131
      86       -0.017762
      87       -0.016737
      88       -0.015689
      89       -0.014671
      90       -0.013656
      91       -0.012643
      92       -0.011630
      93       -0.010615
      94       -0.009594
      95       -0.008552
      96       -0.007461
      97       -0.006283
      98       -0.005087
      99       -0.004141
     100       -0.003762
     101       -0.003996
     102       -0.004962
     103       -0.006399
     104       -0.007689
     105       -0.008630
     106       -0.009363
     107       -0.010022
     108       -0.010659
     109       -0.011287
     110       -0.011914
     111       -0.012542
     112       -0.013174
     113       -0.013812
     114       -0.014507
     115       -0.015147
     116       -0.016543
     117       -0.016159
     118       -0.016457
     119       -0.017471
     120       -0.016684
     121       -0.016629
     122       -0.016500
     123       -0.016460
     124       -0.016464
     125       -0.016462
     126       -0.016462
     127       -0.016464
     128       -0.016460
     129       -0.016500
     130       -0.016629
     131       -0.016684
     132       -0.017472
     133       -0.016457
     134       -0.016159
     135       -0.016542
     136       -0.015147
     137       -0.014507
     138       -0.013812
     139       -0.013174
     140       -0.012542
     141       -0.011914
     142       -0.011287
     143       -0.010659
     144       -0.010022
     145       -0.009363
     146       -0.008630
     147       -0.007689
     148       -0.006399
     149       -0.004962
     150       -0.003996
     151       -0.004220
     152       -0.005785
     153       -0.007759
     154       -0.009129
     155       -0.009814
     156       -0.010179
     157       -0.010452
     158       -0.010702
     159       -0.010945
     160       -0.011184
     161       -0.011430
     162       -0.011668
     163       -0.011955
     164       -0.012206
     165       -0.012701
     166       -0.013379
     167       -0.012711
     168       -0.012830
     169       -0.013738
     170       -0.013292
     171       -0.012975
     172       -0.012844
     173       -0.012690
     174       -0.012627
     175       -0.012558
     176       -0.012558
     177       -0.012627
     178       -0.012690
     179       -0.012844
     180       -0.012975
     181       -0.013293
     182       -0.013738
     183       -0.012831
     184       -0.012711
     185       -0.013378
     186       -0.012701
     187       -0.012206
     188       -0.011955
     189       -0.011668
     190       -0.011430
     191       -0.011184
     192       -0.010945
     193       -0.010702
     194       -0.010452
     195       -0.010179
     196       -0.009814
     197       -0.009129
     198       -0.007759
     199       -0.005785
     200       -0.004220
     201       -0.004468
     202       -0.006708
     203       -0.009247
     204       -0.010632
     205       -0.011014
     206       -0.010997
     207       -0.010884
     208       -0.010748
     209       -0.010602
     210       -0.010457
     211       -0.010310
     212       -0.010179
     213       -0.010057
     214       -0.009972
     215       -0.010096
     216       -0.010212
     217       -0.009410
     218       -0.009340
     219       -0.010008
     220       -0.009741
     221       -0.009401
     222       -0.009159
     223       -0.008940
     224       -0.008774
     225       -0.008633
     226       -0.008633
     227       -0.008774
     228       -0.008940
     229       -0.009159
     230       -0.009401
     231       -0.009741
     232       -0.010008
     233       -0.009340
     234       -0.009410
     235       -0.010212
     236       -0.010096
     237       -0.009972
     238       -0.010057
     239       -0.010179
     240       -0.010310
     241       -0.010457
     242       -0.010602
     243       -0.010748
     244       -0.010884
     245       -0.010997
     246       -0.011014
     247       -0.010632
     248       -0.009247
     249       -0.006708
     250       -0.004468
     251       -0.004785
     252       -0.007851
     253       -0.010951
     254       -0.012219
     255       -0.012227
     256       -0.011817
     257       -0.011320
     258       -0.010792
     259       -0.010260
     260       -0.009727
     261       -0.009197
     262       -0.008676
     263       -0.008171
     264       -0.007721
     265       -0.007417
     266       -0.007064
     267       -0.006166
     268       -0.005909
     269       -0.006293
     270       -0.006121
     271       -0.005827
     272       -0.005510
     273       -0.005188
     274       -0.004914
     275       -0.004666
     276       -0.004666
     277       -0.004914
     278       -0.005188
     279       -0.005510
     280       -0.005827
     281       -0.006121
     282       -0.006293
     283       -0.005909
     284       -0.006166
     285       -0.007064
     286       -0.007417
     287       -0.007720
     288       -0.008171
     289       -0.008676
     290       -0.009197
     291       -0.009727
     292       -0.010260
     293       -0.010792
     294       -0.011320
     295       -0.011817
     296       -0.012227
     297       -0.012219
     298       -0.010951
     299       -0.007851
     300       -0.004785
     301       -0.005232
     302       -0.009377
     303       -0.012951
     304       -0.013895
     305       -0.013442
     306       -0.012643
     307       -0.011754
     308       -0.010838
     309       -0.009916
     310       -0.008999
     311       -0.008081
     312       -0.007173
     313       -0.006284
     314       -0.005450
     315       -0.004698
     316       -0.003921
     317       -0.002935
     318       -0.002493
     319       -0.002582
     320       -0.002460
     321       -0.002257
     322       -0.001906
     323       -0.001454
     324       -0.001030
     325       -0.000639
     326       -0.000639
     327       -0.001030
     328       -0.001454
     329       -0.001906
     330       -0.002257
     331       -0.002460
     332       -0.002583
     333       -0.002493
     334       -0.002936
     335       -0.003921
     336       -0.004697
     337       -0.005450
     338       -0.006284
     339       -0.007173
     340       -0.008081
     341       -0.008999
     342       -0.009916
     343       -0.010838
     344       -0.011754
     345       -0.012643
     346       -0.013442
     347       -0.013895
     348       -0.012951
     349       -0.009377
     350       -0.005232
     351       -0.005929
     352       -0.011497
     353       -0.015337
     354       -0.015612
     355       -0.014670
     356       -0.013466
     357       -0.012197
     358       -0.010875
     359       -0.009579
     360       -0.008266
     361       -0.006967
     362       -0.005667
     363       -0.004393
     364       -0.003164
     365       -0.001958
     366       -0.000763
     367        0.000314
     368        0.000944
     369        0.001135
     370        0.001234
     371        0.001303
     372        0.001630
     373        0.002239
     374        0.002904
     375        0.003467
     376        0.003467
     377        0.002904
     378        0.002239
     379        0.001630
     380        0.001303
     381        0.001234
     382        0.001135
     383        0.000944
     384        0.000314
     385       -0.000763
     386       -0.001958
     387       -0.003164
     388       -0.004393
     389       -0.005667
     390       -0.006967
     391       -0.008266
     392       -0.009579
     393       -0.010875
     394       -0.012197
     395       -0.013466
     396       -0.014670
     397       -0.015612
     398       -0.015337
     399       -0.011497
     400       -0.005929
     401       -0.006999
     402       -0.014629
     403       -0.018044
     404       -0.017366
     405       -0.015858
     406       -0.014346
     407       -0.012597
     408       -0.010941
     409       -0.009225
     410       -0.007542
     411       -0.005847
     412       -0.004163
     413       -0.002495
     414       -0.000870
     415        0.000782
     416        0.002434
     417        0.003613
     418        0.004441
     419        0.004883
     420        0.004919
     421        0.004920
     422        0.005001
     423        0.005866
     424        0.006947
     425        0.007660
     426        0.007660
     427        0.006947
     428        0.005866
     429        0.005001
     430        0.004920
     431        0.004919
     432        0.004883
     433        0.004441
     434        0.003613
     435        0.002434
     436        0.000783
     437       -0.000870
     438       -0.002495
     439       -0.004163
     440       -0.005847
     441       -0.007542
     442       -0.009225
     443       -0.010941
     444       -0.012597
     445       -0.014346
     446       -0.015858
     447       -0.017366
     448       -0.018044
     449       -0.014629
     450       -0.006999
     451       -0.009204
     452       -0.018949
     453       -0.021220
     454       -0.018759
     455       -0.017321
     456       -0.015066
     457       -0.013086
     458       -0.010958
     459       -0.008895
     460       -0.006807
     461       -0.004729
     462       -0.002662
     463       -0.000587
     464        0.001433
     465        0.003504
     466        0.005670
     467        0.007018
     468        0.008023
     469        0.008704
     470        0.008523
     471        0.008620
     472        0.008362
     473        0.008885
     474        0.011693
     475        0.011732
     476        0.011732
     477        0.011693
     478        0.008885
     479        0.008362
     480        0.008620
     481        0.008523
     482        0.008704
     483        0.008023
     484        0.007018
     485        0.005670
     486        0.003504
     487        0.001433
     488       -0.000587
     489       -0.002662
     490       -0.004729
     491       -0.006807
     492       -0.008895
     493       -0.010958
     494       -0.013086
     495       -0.015066
     496       -0.017321
     497       -0.018759
     498       -0.021220
     499       -0.018949
     500       -0.009204
     501       -0.011922
     502       -0.026828
     503       -0.022703
     504       -0.021014
     505       -0.018380
     506       -0.015972
     507       -0.013489
     508       -0.011013
     509       -0.008549
     510       -0.006076
     511       -0.003615
     512       -0.001147
     513        0.001296
     514        0.003783
     515        0.006166
     516        0.008922
     517        0.010603
     518        0.011794
     519        0.012515
     520        0.012141
     521        0.012160
     522        0.012208
     523        0.010868
     524        0.017315
     525        0.015607
     526        0.015607
     527        0.017315
     528        0.010868
     529        0.012208
     530        0.012160
     531        0.012141
     532        0.012515
     533        0.011794
     534        0.010603
     535        0.008922
     536        0.006166
     537        0.003783
     538        0.001296
     539       -0.001147
     540       -0.003615
     541       -0.006076
     542       -0.008549
     543       -0.011013
     544       -0.013489
     545       -0.015972
     546       -0.018380
     547       -0.021014
     548       -0.022703
     549       -0.026828
     550       -0.011922
     551       -0.028680
     552       -0.030766
     553       -0.025558
     554       -0.022766
     555       -0.019584
     556       -0.016844
     557       -0.013886
     558       -0.011079
     559       -0.008192
     560       -0.005352
     561       -0.002494
     562        0.000357
     563        0.003209
     564        0.006062
     565        0.008985
     566        0.011850
     567        0.014602
     568        0.015988
     569        0.015992
     570        0.015929
     571        0.015650
     572        0.015831
     573        0.014334
     574        0.021350
     575        0.019792
     576        0.019792
     577        0.021350
     578        0.014334
     579        0.015831
     580        0.015650
     581        0.015929
     582        0.015992
     583        0.015988
     584        0.014602
     585        0.011850
     586        0.008985
     587        0.006062
     588        0.003209
     589        0.000357
     590       -0.002494
     591       -0.005352
     592       -0.008192
     593       -0.011079
     594       -0.013886
     595       -0.016844
     596       -0.019584
     597       -0.022766
     598       -0.025558
     599       -0.030766
     600       -0.028680
     601       -0.042475
     602       -0.031516
     603       -0.027685
     604       -0.023281
     605       -0.020423
     606       -0.017144
     607       -0.014157
     608       -0.011063
     609       -0.008024
     610       -0.004964
     611       -0.001913
     612        0.001134
     613        0.004208
     614        0.007248
     615        0.010425
     616        0.013454
     617        0.016563
     618        0.018056
     619        0.017937
     620        0.017885
     621        0.017687
     622        0.017469
     623        0.017549
     624        0.021518
     625        0.021510
     626        0.021510
     627        0.021518
     628        0.017549
     629        0.017469
     630        0.017687
     631        0.017885
     632        0.017937
     633        0.018056
     634        0.016563
     635        0.013454
     636        0.010425
     637        0.007248
     638        0.004208
     639        0.001134
     640       -0.001913
     641       -0.004964
     642       -0.008024
     643       -0.011063
     644       -0.014157
     645       -0.017144
     646       -0.020423
     647       -0.023281
     648       -0.027685
     649       -0.031516
     650       -0.042475
     651       -0.042274
     652       -0.031884
     653       -0.027559
     654       -0.023371
     655       -0.020397
     656       -0.017150
     657       -0.014131
     658       -0.011029
     659       -0.007968
     660       -0.004887
     661       -0.001809
     662        0.001270
     663        0.004375
     664        0.007466
     665        0.010661
     666        0.013789
     667        0.016870
     668        0.018439
     669        0.018491
     670        0.018502
     671        0.018426
     672        0.018563
     673        0.018614
     674        0.018454
     675        0.018539
     676        0.018539
     677        0.018454
     678        0.018614
     679        0.018563
     680        0.018426
     681        0.018502
     682        0.018491
     683        0.018439
     684        0.016870
     685        0.013789
     686        0.010661
     687        0.007466
     688        0.004375
     689        0.001270
     690       -0.001809
     691       -0.004887
     692       -0.007968
     693       -0.011029
     694       -0.014131
     695       -0.017150
     696       -0.020397
     697       -0.023371
     698       -0.027559
     699       -0.031884
     700       -0.042274
     701       -0.040149
     702       -0.034458
     703       -0.026376
     704       -0.023958
     705       -0.020160
     706       -0.017255
     707       -0.014100
     708       -0.011065
     709       -0.007986
     710       -0.004927
     711       -0.001861
     712        0.001213
     713        0.004269
     714        0.007431
     715        0.010395
     716        0.013915
     717        0.016402
     718        0.017936
     719        0.018508
     720        0.018051
     721        0.018153
     722        0.017928
     723        0.018380
     724        0.019658
     725        0.020054
     726        0.020054
     727        0.019658
     728        0.018380
     729        0.017928
     730        0.018153
     731        0.018051
     732        0.018508
     733        0.017936
     734        0.016402
     735        0.013915
     736        0.010395
     737        0.007431
     738        0.004269
     739        0.001213
     740       -0.001861
     741       -0.004927
     742       -0.007986
     743       -0.011065
     744       -0.014100
     745       -0.017255
     746       -0.020160
     747       -0.023958
     748       -0.026376
     749       -0.034458
     750       -0.040149
     751       -0.042209
     752       -0.031849
     753       -0.027536
     754       -0.023357
     755       -0.020393
     756       -0.017157
     757       -0.014151
     758       -0.011064
     759       -0.008021
     760       -0.004962
     761       -0.001910
     762        0.001139
     763        0.004210
     764        0.007263
     765        0.010415
     766        0.013498
     767        0.016535
     768        0.018031
     769        0.017987
     770        0.017886
     771        0.017721
     772        0.017488
     773        0.017624
     774        0.021382
     775        0.021430
     776        0.021430
     777        0.021382
     778        0.017624
     779        0.017488
     780        0.017721
     781        0.017886
     782        0.017987
     783        0.018031
     784        0.016536
     785        0.013498
     786        0.010415
     787        0.007263
     788        0.004210
     789        0.001139
     790       -0.001910
     791       -0.004962
     792       -0.008021
     793       -0.011064
     794       -0.014151
     795       -0.017157
     796       -0.020393
     797       -0.023357
     798       -0.027536
     799       -0.031849
     800       -0.042209
     801       -0.003733
     802       -0.003837
     803       -0.004463
     804       -0.005600
     805       -0.006890
     806       -0.008161
     807       -0.009396
     808       -0.010613
     809       -0.011826
     810       -0.013040
     811       -0.014254
     812       -0.015470
     813       -0.016686
     814       -0.017919
     815       -0.019148
     816       -0.020519
     817       -0.022210
     818       -0.022830
     819       -0.022372
     820       -0.022234
     821       -0.022229
     822       -0.022203
     823       -0.022175
     824       -0.022137
     825       -0.022111
     826       -0.022111
     827       -0.022137
     828       -0.022175
     829       -0.022203
     830       -0.022229
     831       -0.022234
     832       -0.022372
     833       -0.022830
     834       -0.022210
     835       -0.020519
     836       -0.019148
     837       -0.017919
     838       -0.016686
     839       -0.015470
     840       -0.014254
     841       -0.013040
     842       -0.011826
     843       -0.010613
     844       -0.009396
     845       -0.008161
     846       -0.006890
     847       -0.005600
     848       -0.004463
     849       -0.003837
     850       -0.003733
     851       -0.003761
     852       -0.004139
     853       -0.005086
     854       -0.006284
     855       -0.007465
     856       -0.008558
     857       -0.009604
     858       -0.010629
     859       -0.011649
     860       -0.012667
     861       -0.013687
     862       -0.014709
     863       -0.015736
     864       -0.016793
     865       -0.017829
     866       -0.019211
     867       -0.020210
     868       -0.020715
     869       -0.020765
     870       -0.020410
     871       -0.020404
     872       -0.020362
     873       -0.020336
     874       -0.020305
     875       -0.020284
     876       -0.020284
     877       -0.020305
     878       -0.020336
     879       -0.020362
     880       -0.020404
     881       -0.020410
     882       -0.020765
     883       -0.020715
     884       -0.020210
     885       -0.019211
     886       -0.017829
     887       -0.016793
     888       -0.015736
     889       -0.014709
     890       -0.013687
     891       -0.012667
     892       -0.011649
     893       -0.010629
     894       -0.009604
     895       -0.008558
     896       -0.007465
     897       -0.006284
     898       -0.005086
     899       -0.004139
     900       -0.003761
     901       -0.003996
     902       -0.004961
     903       -0.006400
     904       -0.007691
     905       -0.008633
     906       -0.009368
     907       -0.010027
     908       -0.010665
     909       -0.011295
     910       -0.011924
     911       -0.012554
     912       -0.013189
     913       -0.013830
     914       -0.014528
     915       -0.015171
     916       -0.016571
     917       -0.016190
     918       -0.016494
     919       -0.017520
     920       -0.016754
     921       -0.016746
     922       -0.016681
     923       -0.016660
     924       -0.016636
     925       -0.016622
     926       -0.016622
     927       -0.016636
     928       -0.016660
     929       -0.016681
     930       -0.016746
     931       -0.016754
     932       -0.017520
     933       -0.016494
     934       -0.016190
     935       -0.016571
     936       -0.015171
     937       -0.014528
     938       -0.013830
     939       -0.013189
     940       -0.012554
     941       -0.011924
     942       -0.011295
     943       -0.010665
     944       -0.010027
     945       -0.009368
     946       -0.008634
     947       -0.007691
     948       -0.006400
     949       -0.004961
     950       -0.003996
     951       -0.004220
     952       -0.005785
     953       -0.007761
     954       -0.009132
     955       -0.009818
     956       -0.010181
     957       -0.010453
     958       -0.010702
     959       -0.010943
     960       -0.011180
     961       -0.011424
     962       -0.011660
     963       -0.011944
     964       -0.012191
     965       -0.012682
     966       -0.013355
     967       -0.012680
     968       -0.012794
     969       -0.013699
     970       -0.013266
     971       -0.013018
     972       -0.013019
     973       -0.012975
     974       -0.012970
     975       -0.012959
     976       -0.012959
     977       -0.012970
     978       -0.012975
     979       -0.013019
     980       -0.013018
     981       -0.013266
     982       -0.013699
     983       -0.012794
     984       -0.012680
     985       -0.013355
     986       -0.012682
     987       -0.012191
     988       -0.011944
     989       -0.011660
     990       -0.011424
     991       -0.011180
     992       -0.010943
     993       -0.010702
     994       -0.010453
     995       -0.010181
     996       -0.009818
     997       -0.009132
     998       -0.007761
     999       -0.005785
    1000       -0.004220
    1001       -0.004469
    1002       -0.006709
    1003       -0.009251
    1004       -0.010637
    1005       -0.011017
    1006       -0.010997
    1007       -0.010881
    1008       -0.010740
    1009       -0.010589
    1010       -0.010439
    1011       -0.010286
    1012       -0.010146
    1013       -0.010017
    1014       -0.009922
    1015       -0.010034
    1016       -0.010137
    1017       -0.009318
    1018       -0.009230
    1019       -0.009882
    1020       -0.009616
    1021       -0.009357
    1022       -0.009316
    1023       -0.009305
    1024       -0.009296
    1025       -0.009299
    1026       -0.009299
    1027       -0.009296
    1028       -0.009305
    1029       -0.009316
    1030       -0.009357
    1031       -0.009616
    1032       -0.009882
    1033       -0.009230
    1034       -0.009318
    1035       -0.010137
    1036       -0.010034
    1037       -0.009922
    1038       -0.010017
    1039       -0.010146
    1040       -0.010286
    1041       -0.010439
    1042       -0.010589
    1043       -0.010740
    1044       -0.010881
    1045       -0.010997
    1046       -0.011017
    1047       -0.010637
    1048       -0.009251
    1049       -0.006709
    1050       -0.004469
    1051       -0.004786
    1052       -0.007853
    1053       -0.010957
    1054       -0.012225
    1055       -0.012230
    1056       -0.011815
    1057       -0.011312
    1058       -0.010777
    1059       -0.010238
    1060       -0.009695
    1061       -0.009154
    1062       -0.008620
    1063       -0.008101
    1064       -0.007635
    1065       -0.007312
    1066       -0.006937
    1067       -0.006013
    1068       -0.005727
    1069       -0.006082
    1070       -0.005894
    1071       -0.005674
    1072       -0.005621
    1073       -0.005622
    1074       -0.005630
    1075       -0.005641
    1076       -0.005641
    1077       -0.005630
    1078       -0.005622
    1079       -0.005621
    1080       -0.005674
    1081       -0.005894
    1082       -0.006082
    1083       -0.005727
    1084       -0.006013
    1085       -0.006937
    1086       -0.007312
    1087       -0.007635
    1088       -0.008101
    1089       -0.008620
    1090       -0.009154
    1091       -0.009695
    1092       -0.010238
    1093       -0.010777
    1094       -0.011312
    1095       -0.011815
    1096       -0.012230
    1097       -0.012225
    1098       -0.010957
    1099       -0.007853
    1100       -0.004786
    1101       -0.005234
    1102       -0.009382
    1103       -0.012960
    1104       -0.013903
    1105       -0.013445
    1106       -0.012639
    1107       -0.011742
    1108       -0.010817
    1109       -0.009883
    1110       -0.008953
    1111       -0.008019
    1112       -0.007094
    1113       -0.006185
    1114       -0.005329
    1115       -0.004550
    1116       -0.003743
    1117       -0.002723
    1118       -0.002238
    1119       -0.002288
    1120       -0.002130
    1121       -0.001969
    1122       -0.001920
    1123       -0.001935
    1124       -0.001964
    1125       -0.001991
    1126       -0.001991
    1127       -0.001964
    1128       -0.001935
    1129       -0.001920
    1130       -0.001969
    1131       -0.002130
    1132       -0.002288
    1133       -0.002238
    1134       -0.002723
    1135       -0.003743
    1136       -0.004550
    1137       -0.005329
    1138       -0.006185
    1139       -0.007094
    1140       -0.008019
    1141       -0.008953
    1142       -0.009883
    1143       -0.010817
    1144       -0.011742
    1145       -0.012639
    1146       -0.013445
    1147       -0.013903
    1148       -0.012960
    1149       -0.009382
    1150       -0.005234
    1151       -0.005933
    1152       -0.011505
    1153       -0.015350
    1154       -0.015622
    1155       -0.014673
    1156       -0.013461
    1157       -0.012181
    1158       -0.010847
    1159       -0.009537
    1160       -0.008206
    1161       -0.006888
    1162       -0.005566
    1163       -0.004266
    1164       -0.003008
    1165       -0.001770
    1166       -0.000534
    1167        0.000584
    1168        0.001270
    1169        0.001521
    1170        0.001655
    1171        0.001757
    1172        0.001793
    1173        0.001758
    1174        0.001699
    1175        0.001647
    1176        0.001647
    1177        0.001699
    1178        0.001758
    1179        0.001793
    1180        0.001757
    1181        0.001655
    1182        0.001521
    1183        0.001270
    1184        0.000584
    1185       -0.000534
    1186       -0.001770
    1187       -0.003008
    1188       -0.004266
    1189       -0.005566
    1190       -0.006888
    1191       -0.008206
    1192       -0.009537
    1193       -0.010847
    1194       -0.012181
    1195       -0.013461
    1196       -0.014673
    1197       -0.015622
    1198       -0.015350
    1199       -0.011505
    1200       -0.005933
    1201       -0.007005
    1202       -0.014643
    1203       -0.018061
    1204       -0.017378
    1205       -0.015861
    1206       -0.014339
    1207       -0.012578
    1208       -0.010906
    1209       -0.009174
    1210       -0.007470
    1211       -0.005751
    1212       -0.004040
    1213       -0.002340
    1214       -0.000680
    1215        0.001013
    1216        0.002709
    1217        0.003944
    1218        0.004828
    1219        0.005364
    1220        0.005440
    1221        0.005499
    1222        0.005525
    1223        0.005460
    1224        0.005357
    1225        0.005268
    1226        0.005268
    1227        0.005357
    1228        0.005460
    1229        0.005525
    1230        0.005499
    1231        0.005440
    1232        0.005364
    1233        0.004828
    1234        0.003944
    1235        0.002709
    1236        0.001013
    1237       -0.000680
    1238       -0.002340
    1239       -0.004040
    1240       -0.005751
    1241       -0.007470
    1242       -0.009174
    1243       -0.010906
    1244       -0.012578
    1245       -0.014339
    1246       -0.015861
    1247       -0.017378
    1248       -0.018061
    1249       -0.014643
    1250       -0.007005
    1251       -0.009215
    1252       -0.018971
    1253       -0.021244
    1254       -0.018772
    1255       -0.017324
    1256       -0.015058
    1257       -0.013063
    1258       -0.010918
    1259       -0.008834
    1260       -0.006723
    1261       -0.004617
    1262       -0.002517
    1263       -0.000405
    1264        0.001656
    1265        0.003774
    1266        0.005994
    1267        0.007399
    1268        0.008487
    1269        0.009247
    1270        0.009203
    1271        0.009253
    1272        0.009289
    1273        0.009171
    1274        0.009009
    1275        0.008865
    1276        0.008865
    1277        0.009009
    1278        0.009171
    1279        0.009289
    1280        0.009253
    1281        0.009203
    1282        0.009247
    1283        0.008487
    1284        0.007399
    1285        0.005994
    1286        0.003774
    1287        0.001656
    1288       -0.000405
    1289       -0.002517
    1290       -0.004617
    1291       -0.006723
    1292       -0.008834
    1293       -0.010918
    1294       -0.013063
    1295       -0.015058
    1296       -0.017324
    1297       -0.018772
    1298       -0.021244
    1299       -0.018971
    1300       -0.009215
    1301       -0.011941
    1302       -0.026867
    1303       -0.022731
    1304       -0.021030
    1305       -0.018384
    1306       -0.015963
    1307       -0.013463
    1308       -0.010968
    1309       -0.008480
    1310       -0.005980
    1311       -0.003487
    1312       -0.000981
    1313        0.001505
    1314        0.004040
    1315        0.006476
    1316        0.009291
    1317        0.011035
    1318        0.012318
    1319        0.013148
    1320        0.012899
    1321        0.013055
    1322        0.013067
    1323        0.012922
    1324        0.012633
    1325        0.012436
    1326        0.012436
    1327        0.012633
    1328        0.012922
    1329        0.013067
    1330        0.013055
    1331        0.012899
    1332        0.013148
    1333        0.012318
    1334        0.011035
    1335        0.009291
    1336        0.006476
    1337        0.004040
    1338        0.001505
    1339       -0.000981
    1340       -0.003487
    1341       -0.005980
    1342       -0.008480
    1343       -0.010968
    1344       -0.013463
    1345       -0.015963
    1346       -0.018384
    1347       -0.021030
    1348       -0.022731
    1349       -0.026867
    1350       -0.011941
    1351       -0.028741
    1352       -0.030816
    1353       -0.025589
    1354       -0.022785
    1355       -0.019590
    1356       -0.016834
    1357       -0.013858
    1358       -0.011029
    1359       -0.008116
    1360       -0.005245
    1361       -0.002350
    1362        0.000542
    1363        0.003443
    1364        0.006351
    1365        0.009335
    1366        0.012263
    1367        0.015083
    1368        0.016564
    1369        0.016724
    1370        0.016759
    1371        0.016752
    1372        0.016927
    1373        0.016746
    1374        0.016170
    1375        0.015995
    1376        0.015995
    1377        0.016170
    1378        0.016746
    1379        0.016927
    1380        0.016752
    1381        0.016759
    1382        0.016724
    1383        0.016564
    1384        0.015083
    1385        0.012263
    1386        0.009335
    1387        0.006351
    1388        0.003443
    1389        0.000542
    1390       -0.002350
    1391       -0.005245
    1392       -0.008116
    1393       -0.011029
    1394       -0.013858
    1395       -0.016834
    1396       -0.019590
    1397       -0.022785
    1398       -0.025589
    1399       -0.030816
    1400       -0.028741
    1401       -0.042544
    1402       -0.031554
    1403       -0.027709
    1404       -0.023295
    1405       -0.020427
    1406       -0.017137
    1407       -0.014136
    1408       -0.011026
    1409       -0.007967
    1410       -0.004884
    1411       -0.001806
    1412        0.001273
    1413        0.004383
    1414        0.007464
    1415        0.010686
    1416        0.013764
    1417        0.016919
    1418        0.018491
    1419        0.018473
    1420        0.018540
    1421        0.018439
    1422        0.018607
    1423        0.018622
    1424        0.018384
    1425        0.018442
    1426        0.018442
    1427        0.018384
    1428        0.018622
    1429        0.018607
    1430        0.018439
    1431        0.018540
    1432        0.018473
    1433        0.018491
    1434        0.016919
    1435        0.013764
    1436        0.010686
    1437        0.007464
    1438        0.004383
    1439        0.001273
    1440       -0.001806
    1441       -0.004884
    1442       -0.007967
    1443       -0.011026
    1444       -0.014136
    1445       -0.017137
    1446       -0.020427
    1447       -0.023295
    1448       -0.027709
    1449       -0.031554
    1450       -0.042544
    1451       -0.003712
    1452       -0.003477
    1453       -0.003202
    1454       -0.002929
    1455       -0.002703
    1456       -0.002536
    1457       -0.002434
    1458       -0.002401
    1459       -0.002436
    1460       -0.002539
    1461       -0.002706
    1462       -0.002932
    1463       -0.003204
    1464       -0.003478
    1465       -0.003712
    1466       -0.003766
    1467       -0.003563
    1468       -0.003324
    1469       -0.003101
    1470       -0.002925
    1471       -0.002802
    1472       -0.002732
    1473       -0.002710
    1474       -0.002735
    1475       -0.002807
    1476       -0.002931
    1477       -0.003107
    1478       -0.003328
    1479       -0.003566
    1480       -0.003769
    1481       -0.003845
    1482       -0.003618
    1483       -0.003396
    1484       -0.003212
    1485       -0.003080
    1486       -0.003000
    1487       -0.002962
    1488       -0.002952
    1489       -0.002964
    1490       -0.003005
    1491       -0.003087
    1492       -0.003220
    1493       -0.003404
    1494       -0.003625
    1495       -0.003853
    1496       -0.003844
    1497       -0.003596
    1498       -0.003392
    1499       -0.003250
    1500       -0.003172
    1501       -0.003142
    1502       -0.003138
    1503       -0.003140
    1504       -0.003139
    1505       -0.003145
    1506       -0.003179
    1507       -0.003261
    1508       -0.003404
    1509       -0.003609
    1510       -0.003863
    1511       -0.003747
    1512       -0.003473
    1513       -0.003298
    1514       -0.003215
    1515       -0.003205
    1516       -0.003236
    1517       -0.003273
    1518       -0.003288
    1519       -0.003272
    1520       -0.003238
    1521       -0.003214
    1522       -0.003229
    1523       -0.003312
    1524       -0.003491
    1525       -0.003778
    1526       -0.003501
    1527       -0.003222
    1528       -0.003103
    1529       -0.003106
    1530       -0.003186
    1531       -0.003292
    1532       -0.003377
    1533       -0.003408
    1534       -0.003376
    1535       -0.003296
    1536       -0.003198
    1537       -0.003123
    1538       -0.003118
    1539       -0.003239
    1540       -0.003540
    1541       -0.003050
    1542       -0.002805
    1543       -0.002797
    1544       -0.002934
    1545       -0.003133
    1546       -0.003328
    1547       -0.003467
    1548       -0.003515
    1549       -0.003465
    1550       -0.003331
    1551       -0.003145
    1552       -0.002952
    1553       -0.002811
    1554       -0.002814
    1555       -0.003089
    1556       -0.002268
    1557       -0.002206
    1558       -0.002434
    1559       -0.002770
    1560       -0.003100
    1561       -0.003377
    1562       -0.003561
    1563       -0.003623
    1564       -0.003553
    1565       -0.003367
    1566       -0.003097
    1567       -0.002776
    1568       -0.002447
    1569       -0.002213
    1570       -0.002300
    1571       -0.001175
    1572       -0.001668
    1573       -0.002353
    1574       -0.002860
    1575       -0.003232
    1576       -0.003505
    1577       -0.003685
    1578       -0.003743
    1579       -0.003662
    1580       -0.003465
    1581       -0.003193
    1582       -0.002840
    1583       -0.002362
    1584       -0.001699
    1585       -0.001206
    1586       -0.000250
    1587       -0.002469
    1588       -0.003302
    1589       -0.003649
    1590       -0.003800
    1591       -0.003827
    1592       -0.003847
    1593       -0.003877
    1594       -0.003810
    1595       -0.003761
    1596       -0.003744
    1597       -0.003621
    1598       -0.003312
    1599       -0.002524
    1600       -0.000296
    1601       -0.003119
    1602       -0.005619
    1603       -0.005476
    1604       -0.005364
    1605       -0.005124
    1606       -0.004652
    1607       -0.003989
    1608       -0.004014
    1609       -0.003960
    1610       -0.004632
    1611       -0.005149
    1612       -0.005408
    1613       -0.005509
    1614       -0.005646
    1615       -0.003143
    1616       -0.004561
    1617       -0.004148
    1618       -0.004481
    1619       -0.004931
    1620       -0.004346
    1621       -0.004839
    1622       -0.005282
    1623       -0.004547
    1624       -0.005204
    1625       -0.005543
    1626       -0.005087
    1627       -0.005481
    1628       -0.006451
    1629       -0.005292
    1630       -0.006473
    1631       -0.003894
    1632       -0.002325
    1633       -0.003905
    1799       -0.001440
    1800       -0.001026
    1801        0.000740
    1802        0.000878
    1803        0.001023
    1804        0.001082
    1805        0.001103
    1806        0.001112
    1807        0.001111
    1808        0.001097
    1809        0.001043
    1810        0.000899
    1811        0.000758
    1812       -0.001010
    1813       -0.001436
    1814       -0.003046
    1815       -0.001029
    1816        0.000250
    1817        0.000758
    1818        0.001059
    1819        0.001229
    1820        0.001310
    1821        0.001336
    1822        0.001314
    1823        0.001238
    1824        0.001072
    1825        0.000774
    1826        0.000265
    1827       -0.001006
    1828       -0.003020
    1829       -0.001572
    1830       -0.001075
    1831       -0.000185
    1832        0.000530
    1833        0.000987
    1834        0.001289
    1835        0.001455
    1836        0.001507
    1837        0.001453
    1838        0.001289
    1839        0.000994
    1840        0.000544
    1841       -0.000164
    1842       -0.001045
    1843       -0.001527
    1844       -0.002218
    1845       -0.001336
    1846       -0.000532
    1847        0.000214
    1848        0.000825
    1849        0.001265
    1850        0.001530
    1851        0.001614
    1852        0.001520
    1853        0.001255
    1854        0.000826
    1855        0.000230
    1856       -0.000502
    1857       -0.001293
    1858       -0.002149
    1859       -0.002543
    1860       -0.001773
    1861       -0.000958
    1862       -0.000155
    1863        0.000573
    1864        0.001158
    1865        0.001534
    1866        0.001656
    1867        0.001514
    1868        0.001137
    1869        0.000567
    1870       -0.000136
    1871       -0.000920
    1872       -0.001719
    1873       -0.002457
    1874       -0.002964
    1875       -0.002245
    1876       -0.001458
    1877       -0.000616
    1878        0.000228
    1879        0.000966
    1880        0.001465
    1881        0.001631
    1882        0.001441
    1883        0.000946
    1884        0.000239
    1885       -0.000580
    1886       -0.001414
    1887       -0.002188
    1888       -0.002870
    1889       -0.003308
    1890       -0.002763
    1891       -0.002068
    1892       -0.001207
    1893       -0.000246
    1894        0.000671
    1895        0.001324
    1896        0.001545
    1897        0.001298
    1898        0.000657
    1899       -0.000218
    1900       -0.001152
    1901       -0.002007
    1902       -0.002705
    1903       -0.003216
    1904       -0.003712
    1905       -0.003425
    1906       -0.002878
    1907       -0.002038
    1908       -0.000934
    1909        0.000234
    1910        0.001110
    1911        0.001408
    1912        0.001078
    1913        0.000218
    1914       -0.000899
    1915       -0.001966
    1916       -0.002807
    1917       -0.003368
    1918       -0.003635
    1919       -0.004357
    1920       -0.004325
    1921       -0.004038
    1922       -0.003268
    1923       -0.001988
    1924       -0.000420
    1925        0.000835
    1926        0.001234
    1927        0.000774
    1928       -0.000481
    1929       -0.002001
    1930       -0.003234
    1931       -0.003985
    1932       -0.004263
    1933       -0.004288
    1934       -0.004966
    1935       -0.005938
    1936       -0.005816
    1937       -0.005093
    1938       -0.003691
    1939       -0.001503
    1940        0.000557
    1941        0.001042
    1942        0.000422
    1943       -0.001703
    1944       -0.003858
    1945       -0.005174
    1946       -0.005826
    1947       -0.005906
    1948       -0.004933
    1949       -0.010157
    1950       -0.008325
    1951       -0.007886
    1952       -0.007391
    1953       -0.006384
    1954       -0.003966
    1955        0.000593
    1956        0.000849
    1957        0.000381
    1958       -0.004482
    1959       -0.006795
    1960       -0.007627
    1961       -0.007987
    1962       -0.008316
    1963       -0.010142
    1964       -0.000063
    1965        0.000633
    1966        0.000305
    1967       -0.000559
    1968        0.000400
    1969       -0.000193
    1970       -0.000596
    1971       -0.000061
    1972       -0.000393
    1973       -0.001071
    1974       -0.000548
    1975       -0.001000
    1976       -0.001150
    1977       -0.003003
    1978       -0.001135
    1979       -0.003754
    1980       -0.006541
    1981       -0.003819
    1982       -0.001441
    1983       -0.001026
    1984        0.000740
    1985        0.000878
    1986        0.001023
    1987        0.001082
    1988        0.001103
    1989        0.001112
    1990        0.001111
    1991        0.001097
    1992        0.001043
    1993        0.000899
    1994        0.000758
    1995       -0.001010
    1996       -0.001436
    1997       -0.003046
    1998       -0.001029
    1999        0.000250
    2000        0.000758
    2001        0.001059
    2002        0.001229
    2003        0.001310
    2004        0.001336
    2005        0.001314
    2006        0.001238
    2007        0.001072
    2008        0.000774
    2009        0.000265
    2010       -0.001006
    2011       -0.003020
    2012       -0.001572
    2013       -0.001075
    2014       -0.000185
    2015        0.000530
    2016        0.000987
    2017        0.001289
    2018        0.001455
    2019        0.001507
    2020        0.001453
    2021        0.001289
    2022        0.000994
    2023        0.000544
    2024       -0.000164
    2025       -0.001045
    2026       -0.001527
    2027       -0.002218
    2028       -0.001336
    2029       -0.000532
    2030        0.000214
    2031        0.000824
    2032        0.001263
    2033        0.001530
    2034        0.001614
    2035        0.001519
    2036        0.001252
    2037        0.000821
    2038        0.000227
    2039       -0.000503
    2040       -0.001293
    2041       -0.002149
    2042       -0.002543
    2043       -0.001773
    2044       -0.000958
    2045       -0.000157
    2046        0.000572
    2047        0.001159
    2048        0.001534
    2049        0.001656
    2050        0.001515
    2051        0.001139
    2052        0.000572
    2053       -0.000136
    2054       -0.000922
    2055       -0.001719
    2056       -0.002457
    2057       -0.002964
    2058       -0.002245
    2059       -0.001458
    2060       -0.000611
    2061        0.000231
    2062        0.000967
    2063        0.001466
    2064        0.001631
    2065        0.001441
    2066        0.000947
    2067        0.000240
    2068       -0.000577
    2069       -0.001409
    2070       -0.002187
    2071       -0.002870
    2072       -0.003308
    2073       -0.002763
    2074       -0.002068
    2075       -0.001206
    2076       -0.000245
    2077        0.000671
    2078        0.001324
    2079        0.001545
    2080        0.001297
    2081        0.000657
    2082       -0.000217
    2083       -0.001151
    2084       -0.002006
    2085       -0.002705
    2086       -0.003216
    2087       -0.003710
    2088       -0.003420
    2089       -0.002877
    2090       -0.002037
    2091       -0.000934
    2092        0.000234
    2093        0.001110
    2094        0.001408
    2095        0.001077
    2096        0.000218
    2097       -0.000899
    2098       -0.001966
    2099       -0.002807
    2100       -0.003364
    2101       -0.003633
    2102       -0.004360
    2103       -0.004327
    2104       -0.004038
    2105       -0.003268
    2106       -0.001988
    2107       -0.000420
    2108        0.000835
    2109        0.001234
    2110        0.000774
    2111       -0.000481
    2112       -0.001997
    2113       -0.003231
    2114       -0.003984
    2115       -0.004264
    2116       -0.004292
    2117       -0.004966
    2118       -0.005934
    2119       -0.005815
    2120       -0.005092
    2121       -0.003690
    2122       -0.001503
    2123        0.000557
    2124        0.001042
    2125        0.000422
    2126       -0.001703
    2127       -0.003851
    2128       -0.005176
    2129       -0.005827
    2130       -0.005906
    2131       -0.004934
    2132       -0.010159
    2133       -0.008323
    2134       -0.007885
    2135       -0.007390
    2136       -0.006384
    2137       -0.003966
    2138        0.000593
    2139        0.000849
    2140        0.000380
    2141       -0.004482
    2142       -0.006791
    2143       -0.007632
    2144       -0.007988
    2145       -0.008316
    2146       -0.010142
    2147       -0.000063
    2148        0.000633
    2149        0.000305
    2150       -0.000559
    2151        0.000400
    2152       -0.000194
    2153       -0.000596
    2154       -0.000061
    2155       -0.000392
    2156       -0.001071
    2157       -0.000548
    2158       -0.001000
    2159       -0.001150
    2160       -0.003003
    2161       -0.001135
    2162       -0.003755
    2163       -0.006540
    2164       -0.003819
    2165       -0.003712
    2166       -0.003477
    2167       -0.003202
    2168       -0.002929
    2169       -0.002703
    2170       -0.002536
    2171       -0.002434
    2172       -0.002401
    2173       -0.002436
    2174       -0.002539
    2175       -0.002706
    2176       -0.002932
    2177       -0.003204
    2178       -0.003478
    2179       -0.003712
    2180       -0.003766
    2181       -0.003563
    2182       -0.003324
    2183       -0.003101
    2184       -0.002925
    2185       -0.002802
    2186       -0.002732
    2187       -0.002710
    2188       -0.002735
    2189       -0.002807
    2190       -0.002931
    2191       -0.003107
    2192       -0.003328
    2193       -0.003566
    2194       -0.003769
    2195       -0.003845
    2196       -0.003618
    2197       -0.003396
    2198       -0.003212
    2199       -0.003080
    2200       -0.003001
    2201       -0.002962
    2202       -0.002952
    2203       -0.002964
    2204       -0.003005
    2205       -0.003088
    2206       -0.003221
    2207       -0.003404
    2208       -0.003625
    2209       -0.003853
    2210       -0.003844
    2211       -0.003596
    2212       -0.003392
    2213       -0.003251
    2214       -0.003172
    2215       -0.003143
    2216       -0.003139
    2217       -0.003140
    2218       -0.003139
    2219       -0.003146
    2220       -0.003181
    2221       -0.003262
    2222       -0.003405
    2223       -0.003610
    2224       -0.003863
    2225       -0.003747
    2226       -0.003473
    2227       -0.003298
    2228       -0.003216
    2229       -0.003206
    2230       -0.003236
    2231       -0.003272
    2232       -0.003288
    2233       -0.003272
    2234       -0.003239
    2235       -0.003216
    2236       -0.003231
    2237       -0.003314
    2238       -0.003491
    2239       -0.003778
    2240       -0.003501
    2241       -0.003222
    2242       -0.003103
    2243       -0.003107
    2244       -0.003186
    2245       -0.003291
    2246       -0.003377
    2247       -0.003408
    2248       -0.003376
    2249       -0.003294
    2250       -0.003195
    2251       -0.003123
    2252       -0.003119
    2253       -0.003239
    2254       -0.003540
    2255       -0.003051
    2256       -0.002804
    2257       -0.002796
    2258       -0.002932
    2259       -0.003132
    2260       -0.003327
    2261       -0.003466
    2262       -0.003515
    2263       -0.003465
    2264       -0.003330
    2265       -0.003144
    2266       -0.002953
    2267       -0.002811
    2268       -0.002813
    2269       -0.003089
    2270       -0.002266
    2271       -0.002204
    2272       -0.002432
    2273       -0.002768
    2274       -0.003100
    2275       -0.003377
    2276       -0.003561
    2277       -0.003623
    2278       -0.003553
    2279       -0.003367
    2280       -0.003096
    2281       -0.002776
    2282       -0.002442
    2283       -0.002207
    2284       -0.002296
    2285       -0.001177
    2286       -0.001669
    2287       -0.002354
    2288       -0.002860
    2289       -0.003232
    2290       -0.003505
    2291       -0.003685
    2292       -0.003743
    2293       -0.003662
    2294       -0.003466
    2295       -0.003193
    2296       -0.002839
    2297       -0.002361
    2298       -0.001700
    2299       -0.001208
    2300       -0.000252
    2301       -0.002472
    2302       -0.003303
    2303       -0.003651
    2304       -0.003802
    2305       -0.003827
    2306       -0.003848
    2307       -0.003877
    2308       -0.003810
    2309       -0.003761
    2310       -0.003746
    2311       -0.003622
    2312       -0.003313
    2313       -0.002526
    2314       -0.000299
    2315       -0.003116
    2316       -0.005624
    2317       -0.005477
    2318       -0.005362
    2319       -0.005125
    2320       -0.004651
    2321       -0.003990
    2322       -0.004014
    2323       -0.003960
    2324       -0.004631
    2325       -0.005152
    2326       -0.005405
    2327       -0.005509
    2328       -0.005651
    2329       -0.003140
    2330       -0.004560
    2331       -0.004147
    2332       -0.004480
    2333       -0.004931
    2334       -0.004346
    2335       -0.004834
    2336       -0.005282
    2337       -0.004547
    2338       -0.005205
    2339       -0.005543
    2340       -0.005086
    2341       -0.005482
    2342       -0.006446
    2343       -0.005293
    2344       -0.006469
    2345       -0.003899
    2346       -0.002322
    2347       -0.003909
    2348       -0.003873
    2349       -0.004109
    2350       -0.004764
    2351       -0.005781
    2352       -0.006952
    2353       -0.008168
    2354       -0.009382
    2355       -0.010594
    2356       -0.011801
    2357       -0.013011
    2358       -0.014214
    2359       -0.015429
    2360       -0.016617
    2361       -0.017848
    2362       -0.019017
    2363       -0.020198
    2364       -0.021569
    2365       -0.022169
    2366       -0.021985
    2367       -0.022001
    2368       -0.022039
    2369       -0.022043
    2370       -0.022123
    2371       -0.022193
    2372       -0.022248
    2373       -0.022248
    2374       -0.022193
    2375       -0.022123
    2376       -0.022043
    2377       -0.022039
    2378       -0.022001
    2379       -0.021985
    2380       -0.022169
    2381       -0.021569
    2382       -0.020197
    2383       -0.019017
    2384       -0.017848
    2385       -0.016617
    2386       -0.015429
    2387       -0.014214
    2388       -0.013011
    2389       -0.011801
    2390       -0.010594
    2391       -0.009382
    2392       -0.008168
    2393       -0.006952
    2394       -0.005781
    2395       -0.004764
    2396       -0.004109
    2397       -0.003873
    2398       -0.003983
    2399       -0.004274
    2400       -0.004929
    2401       -0.005888
    2402       -0.007003
    2403       -0.008184
    2404       -0.009387
    2405       -0.010594
    2406       -0.011803
    2407       -0.013011
    2408       -0.014220
    2409       -0.015424
    2410       -0.016628
    2411       -0.017826
    2412       -0.018983
    2413       -0.020124
    2414       -0.021245
    2415       -0.021844
    2416       -0.021919
    2417       -0.021979
    2418       -0.022035
    2419       -0.022071
    2420       -0.022123
    2421       -0.022183
    2422       -0.022219
    2423       -0.022219
    2424       -0.022183
    2425       -0.022123
    2426       -0.022071
    2427       -0.022035
    2428       -0.021979
    2429       -0.021919
    2430       -0.021844
    2431       -0.021245
    2432       -0.020124
    2433       -0.018983
    2434       -0.017826
    2435       -0.016628
    2436       -0.015424
    2437       -0.014220
    2438       -0.013011
    2439       -0.011803
    2440       -0.010594
    2441       -0.009387
    2442       -0.008184
    2443       -0.007003
    2444       -0.005888
    2445       -0.004929
    2446       -0.004274
    2447       -0.003983
    2448       -0.004064
    2449       -0.004381
    2450       -0.005051
    2451       -0.005975
    2452       -0.007047
    2453       -0.008201
    2454       -0.009391
    2455       -0.010596
    2456       -0.011804
    2457       -0.013014
    2458       -0.014222
    2459       -0.015428
    2460       -0.016627
    2461       -0.017814
    2462       -0.018950
    2463       -0.020045
    2464       -0.021008
    2465       -0.021609
    2466       -0.021846
    2467       -0.021957
    2468       -0.022037
    2469       -0.022083
    2470       -0.022129
    2471       -0.022172
    2472       -0.022198
    2473       -0.022198
    2474       -0.022172
    2475       -0.022129
    2476       -0.022083
    2477       -0.022037
    2478       -0.021957
    2479       -0.021846
    2480       -0.021609
    2481       -0.021008
    2482       -0.020045
    2483       -0.018950
    2484       -0.017814
    2485       -0.016627
    2486       -0.015428
    2487       -0.014222
    2488       -0.013014
    2489       -0.011804
    2490       -0.010596
    2491       -0.009391
    2492       -0.008201
    2493       -0.007047
    2494       -0.005975
    2495       -0.005051
    2496       -0.004381
    2497       -0.004064
    2498       -0.004125
    2499       -0.004446
    2500       -0.005139
    2501       -0.006042
    2502       -0.007085
    2503       -0.008216
    2504       -0.009396
    2505       -0.010597
    2506       -0.011805
    2507       -0.013015
    2508       -0.014224
    2509       -0.015430
    2510       -0.016628
    2511       -0.017804
    2512       -0.018924
    2513       -0.019972
    2514       -0.020843
    2515       -0.021445
    2516       -0.021779
    2517       -0.021941
    2518       -0.022038
    2519       -0.022092
    2520       -0.022132
    2521       -0.022164
    2522       -0.022183
    2523       -0.022183
    2524       -0.022164
    2525       -0.022132
    2526       -0.022092
    2527       -0.022038
    2528       -0.021941
    2529       -0.021779
    2530       -0.021445
    2531       -0.020843
    2532       -0.019972
    2533       -0.018924
    2534       -0.017803
    2535       -0.016628
    2536       -0.015430
    2537       -0.014224
    2538       -0.013015
    2539       -0.011805
    2540       -0.010597
    2541       -0.009396
    2542       -0.008216
    2543       -0.007085
    2544       -0.006042
    2545       -0.005139
    2546       -0.004446
    2547       -0.004125
    2548       -0.004167
    2549       -0.004483
    2550       -0.005197
    2551       -0.006090
    2552       -0.007112
    2553       -0.008228
    2554       -0.009400
    2555       -0.010598
    2556       -0.011807
    2557       -0.013017
    2558       -0.014227
    2559       -0.015433
    2560       -0.016629
    2561       -0.017798
    2562       -0.018905
    2563       -0.019918
    2564       -0.020735
    2565       -0.021339
    2566       -0.021730
    2567       -0.021930
    2568       -0.022042
    2569       -0.022100
    2570       -0.022135
    2571       -0.022159
    2572       -0.022172
    2573       -0.022172
    2574       -0.022159
    2575       -0.022135
    2576       -0.022100
    2577       -0.022042
    2578       -0.021930
    2579       -0.021730
    2580       -0.021339
    2581       -0.020735
    2582       -0.019918
    2583       -0.018905
    2584       -0.017798
    2585       -0.016629
    2586       -0.015433
    2587       -0.014227
    2588       -0.013017
    2589       -0.011807
    2590       -0.010598
    2591       -0.009400
    2592       -0.008228
    2593       -0.007112
    2594       -0.006090
    2595       -0.005197
    2596       -0.004483
    2597       -0.004167
    2598       -0.004192
    2599       -0.004501
    2600       -0.005230
    2601       -0.006118
    2602       -0.007129
    2603       -0.008235
    2604       -0.009403
    2605       -0.010600
    2606       -0.011808
    2607       -0.013019
    2608       -0.014230
    2609       -0.015436
    2610       -0.016631
    2611       -0.017796
    2612       -0.018895
    2613       -0.019887
    2614       -0.020677
    2615       -0.021282
    2616       -0.021704
    2617       -0.021927
    2618       -0.022047
    2619       -0.022107
    2620       -0.022138
    2621       -0.022155
    2622       -0.022164
    2623       -0.022164
    2624       -0.022155
    2625       -0.022138
    2626       -0.022107
    2627       -0.022047
    2628       -0.021927
    2629       -0.021704
    2630       -0.021282
    2631       -0.020677
    2632       -0.019887
    2633       -0.018895
    2634       -0.017796
    2635       -0.016631
    2636       -0.015436
    2637       -0.014230
    2638       -0.013019
    2639       -0.011808
    2640       -0.010600
    2641       -0.009403
    2642       -0.008235
    2643       -0.007129
    2644       -0.006118
    2645       -0.005230
    2646       -0.004501
    2647       -0.004192
    2648       -0.004200
    2649       -0.004506
    2650       -0.005241
    2651       -0.006128
    2652       -0.007135
    2653       -0.008239
    2654       -0.009404
    2655       -0.010601
    2656       -0.011810
    2657       -0.013021
    2658       -0.014232
    2659       -0.015439
    2660       -0.016634
    2661       -0.017799
    2662       -0.018896
    2663       -0.019881
    2664       -0.020663
    2665       -0.021270
    2666       -0.021702
    2667       -0.021934
    2668       -0.022056
    2669       -0.022114
    2670       -0.022140
    2671       -0.022153
    2672       -0.022158
    2673       -0.022158
    2674       -0.022153
    2675       -0.022140
    2676       -0.022114
    2677       -0.022056
    2678       -0.021934
    2679       -0.021702
    2680       -0.021270
    2681       -0.020663
    2682       -0.019881
    2683       -0.018896
    2684       -0.017799
    2685       -0.016634
    2686       -0.015439
    2687       -0.014232
    2688       -0.013021
    2689       -0.011810
    2690       -0.010601
    2691       -0.009404
    2692       -0.008239
    2693       -0.007135
    2694       -0.006128
    2695       -0.005241
    2696       -0.004506
    2697       -0.004200
    2698       -0.004192
    2699       -0.004501
    2700       -0.005230
    2701       -0.006119
    2702       -0.007130
    2703       -0.008237
    2704       -0.009404
    2705       -0.010602
    2706       -0.011811
    2707       -0.013024
    2708       -0.014235
    2709       -0.015443
    2710       -0.016639
    2711       -0.017806
    2712       -0.018907
    2713       -0.019901
    2714       -0.020694
    2715       -0.021302
    2716       -0.021727
    2717       -0.021951
    2718       -0.022069
    2719       -0.022122
    2720       -0.022143
    2721       -0.022151
    2722       -0.022153
    2723       -0.022153
    2724       -0.022151
    2725       -0.022143
    2726       -0.022122
    2727       -0.022069
    2728       -0.021951
    2729       -0.021727
    2730       -0.021302
    2731       -0.020694
    2732       -0.019901
    2733       -0.018907
    2734       -0.017806
    2735       -0.016639
    2736       -0.015443
    2737       -0.014235
    2738       -0.013024
    2739       -0.011811
    2740       -0.010602
    2741       -0.009404
    2742       -0.008237
    2743       -0.007130
    2744       -0.006119
    2745       -0.005230
    2746       -0.004501
    2747       -0.004192
    2748       -0.004167
    2749       -0.004483
    2750       -0.005197
    2751       -0.006091
    2752       -0.007113
    2753       -0.008230
    2754       -0.009403
    2755       -0.010603
    2756       -0.011813
    2757       -0.013026
    2758       -0.014238
    2759       -0.015447
    2760       -0.016646
    2761       -0.017818
    2762       -0.018929
    2763       -0.019947
    2764       -0.020769
    2765       -0.021379
    2766       -0.021776
    2767       -0.021979
    2768       -0.022086
    2769       -0.022131
    2770       -0.022147
    2771       -0.022150
    2772       -0.022149
    2773       -0.022149
    2774       -0.022150
    2775       -0.022147
    2776       -0.022131
    2777       -0.022086
    2778       -0.021979
    2779       -0.021776
    2780       -0.021379
    2781       -0.020770
    2782       -0.019947
    2783       -0.018929
    2784       -0.017818
    2785       -0.016646
    2786       -0.015447
    2787       -0.014238
    2788       -0.013026
    2789       -0.011813
    2790       -0.010603
    2791       -0.009403
    2792       -0.008230
    2793       -0.007113
    2794       -0.006091
    2795       -0.005197
    2796       -0.004483
    2797       -0.004167
    2798       -0.004125
    2799       -0.004446
    2800       -0.005139
    2801       -0.006043
    2802       -0.007087
    2803       -0.008219
    2804       -0.009401
    2805       -0.010604
    2806       -0.011815
    2807       -0.013028
    2808       -0.014241
    2809       -0.015451
    2810       -0.016653
    2811       -0.017834
    2812       -0.018961
    2813       -0.020015
    2814       -0.020894
    2815       -0.021506
    2816       -0.021848
    2817       -0.022015
    2818       -0.022107
    2819       -0.022142
    2820       -0.022150
    2821       -0.022149
    2822       -0.022146
    2823       -0.022146
    2824       -0.022149
    2825       -0.022150
    2826       -0.022142
    2827       -0.022107
    2828       -0.022015
    2829       -0.021848
    2830       -0.021506
    2831       -0.020894
    2832       -0.020015
    2833       -0.018961
    2834       -0.017834
    2835       -0.016653
    2836       -0.015451
    2837       -0.014241
    2838       -0.013028
    2839       -0.011815
    2840       -0.010604
    2841       -0.009401
    2842       -0.008219
    2843       -0.007087
    2844       -0.006043
    2845       -0.005139
    2846       -0.004446
    2847       -0.004125
    2848       -0.004064
    2849       -0.004381
    2850       -0.005052
    2851       -0.005976
    2852       -0.007050
    2853       -0.008205
    2854       -0.009398
    2855       -0.010605
    2856       -0.011817
    2857       -0.013031
    2858       -0.014243
    2859       -0.015455
    2860       -0.016661
    2861       -0.017854
    2862       -0.018998
    2863       -0.020102
    2864       -0.021076
    2865       -0.021689
    2866       -0.021939
    2867       -0.022058
    2868       -0.022133
    2869       -0.022153
    2870       -0.022155
    2871       -0.022148
    2872       -0.022142
    2873       -0.022142
    2874       -0.022148
    2875       -0.022155
    2876       -0.022153
    2877       -0.022133
    2878       -0.022058
    2879       -0.021939
    2880       -0.021689
    2881       -0.021076
    2882       -0.020102
    2883       -0.018998
    2884       -0.017854
    2885       -0.016661
    2886       -0.015455
    2887       -0.014243
    2888       -0.013031
    2889       -0.011817
    2890       -0.010605
    2891       -0.009398
    2892       -0.008205
    2893       -0.007050
    2894       -0.005976
    2895       -0.005052
    2896       -0.004381
    2897       -0.004064
    2898       -0.003983
    2899       -0.004273
    2900       -0.004929
    2901       -0.005889
    2902       -0.007006
    2903       -0.008189
    2904       -0.009395
    2905       -0.010606
    2906       -0.011820
    2907       -0.013032
    2908       -0.014248
    2909       -0.015458
    2910       -0.016669
    2911       -0.017876
    2912       -0.019043
    2913       -0.020195
    2914       -0.021329
    2915       -0.021944
    2916       -0.022037
    2917       -0.022108
    2918       -0.022162
    2919       -0.022166
    2920       -0.022158
    2921       -0.022147
    2922       -0.022136
    2923       -0.022136
    2924       -0.022147
    2925       -0.022158
    2926       -0.022166
    2927       -0.022162
    2928       -0.022108
    2929       -0.022037
    2930       -0.021944
    2931       -0.021329
    2932       -0.020195
    2933       -0.019043
    2934       -0.017876
    2935       -0.016669
    2936       -0.015458
    2937       -0.014248
    2938       -0.013032
    2939       -0.011820
    2940       -0.010606
    2941       -0.009395
    2942       -0.008189
    2943       -0.007006
    2944       -0.005889
    2945       -0.004929
    2946       -0.004273
    2947       -0.003983
    2948       -0.003873
    2949       -0.004108
    2950       -0.004763
    2951       -0.005782
    2952       -0.006956
    2953       -0.008174
    2954       -0.009393
    2955       -0.010608
    2956       -0.011821
    2957       -0.013037
    2958       -0.014246
    2959       -0.015469
    2960       -0.016667
    2961       -0.017908
    2962       -0.019089
    2963       -0.020283
    2964       -0.021669
    2965       -0.022288
    2966       -0.022127
    2967       -0.022161
    2968       -0.022201
    2969       -0.022170
    2970       -0.022170
    2971       -0.022142
    2972       -0.022130
    2973       -0.022130
    2974       -0.022142
    2975       -0.022170
    2976       -0.022170
    2977       -0.022201
    2978       -0.022161
    2979       -0.022127
    2980       -0.022288
    2981       -0.021669
    2982       -0.020283
    2983       -0.019089
    2984       -0.017908
    2985       -0.016667
    2986       -0.015469
    2987       -0.014246
    2988       -0.013037
    2989       -0.011821
    2990       -0.010608
    2991       -0.009393
    2992       -0.008174
    2993       -0.006956
    2994       -0.005782
    2995       -0.004763
    2996       -0.004108
    2997       -0.003873
    2998       -0.003722
    2999       -0.003864
    3000       -0.004549
    3001       -0.005655
    3002       -0.006907
    3003       -0.008161
    3004       -0.009392
    3005       -0.010610
    3006       -0.011824
    3007       -0.013037
    3008       -0.014253
    3009       -0.015465
    3010       -0.016692
    3011       -0.017891
    3012       -0.019205
    3013       -0.020287
    3014       -0.022142
    3015       -0.022763
    3016       -0.022135
    3017       -0.022284
    3018       -0.022192
    3019       -0.022203
    3020       -0.022169
    3021       -0.022142
    3022       -0.022120
    3023       -0.022120
    3024       -0.022142
    3025       -0.022169
    3026       -0.022203
    3027       -0.022192
    3028       -0.022284
    3029       -0.022135
    3030       -0.022763
    3031       -0.022142
    3032       -0.020287
    3033       -0.019205
    3034       -0.017891
    3035       -0.016692
    3036       -0.015465
    3037       -0.014253
    3038       -0.013037
    3039       -0.011824
    3040       -0.010610
    3041       -0.009392
    3042       -0.008161
    3043       -0.006907
    3044       -0.005655
    3045       -0.004549
    3046       -0.003864
    3047       -0.003722
    3048       -0.003733
    3049       -0.003837
    3050       -0.004463
    3051       -0.005600
    3052       -0.006890
    3053       -0.008161
    3054       -0.009396
    3055       -0.010613
    3056       -0.011826
    3057       -0.013040
    3058       -0.014254
    3059       -0.015470
    3060       -0.016686
    3061       -0.017919
    3062       -0.019148
    3063       -0.020519
    3064       -0.022210
    3065       -0.022830
    3066       -0.022372
    3067       -0.022234
    3068       -0.022229
    3069       -0.022203
    3070       -0.022175
    3071       -0.022137
    3072       -0.022111
    3073       -0.022111
    3074       -0.022137
    3075       -0.022175
    3076       -0.022203
    3077       -0.022229
    3078       -0.022234
    3079       -0.022372
    3080       -0.022830
    3081       -0.022210
    3082       -0.020519
    3083       -0.019148
    3084       -0.017919
    3085       -0.016686
    3086       -0.015470
    3087       -0.014254
    3088       -0.013040
    3089       -0.011826
    3090       -0.010613
    3091       -0.009396
    3092       -0.008161
    3093       -0.006890
    3094       -0.005600
    3095       -0.004463
    3096       -0.003837
    3097       -0.003733
    3098       -0.003768
    3099       -0.003697
    3100       -0.003730
    3101       -0.003663
    3102       -0.003544
    3103       -0.003492
    3104       -0.003207
    3105       -0.003165
    3106       -0.002823
    3107       -0.002804
    3108       -0.002442
    3109       -0.002436
    3110       -0.002074
    3111       -0.002072
    3112       -0.001710
    3113       -0.001709
    3114       -0.001348
    3115       -0.001348
    3116       -0.000986
    3117       -0.000985
    3118       -0.000625
    3119       -0.000626
    3120       -0.000262
    3121       -0.000258
    3122        0.000096
    3123        0.000089
    3124        0.000469
    3125        0.000472
    3126        0.000819
    3127        0.000820
    3128        0.001251
    3129        0.001056
    3130        0.001718
    3131        0.002221
    3132        0.001896
    3133        0.002399
    3134        0.001784
    3135        0.001590
    3136        0.001707
    3137        0.001712
    3138        0.001715
    3139        0.001724
    3140        0.001712
    3141        0.001712
    3142        0.001743
    3143        0.001748
    3144        0.001778
    3145        0.001772
    3146        0.001804
    3147        0.001795
    3148        0.001804
    3149        0.001795
    3150        0.001778
    3151        0.001772
    3152        0.001743
    3153        0.001748
    3154        0.001712
    3155        0.001712
    3156        0.001715
    3157        0.001724
    3158        0.001707
    3159        0.001712
    3160        0.001784
    3161        0.001591
    3162        0.001896
    3163        0.002399
    3164        0.001718
    3165        0.002221
    3166        0.001251
    3167        0.001056
    3168        0.000819
    3169        0.000820
    3170        0.000469
    3171        0.000472
    3172        0.000096
    3173        0.000089
    3174       -0.000262
    3175       -0.000258
    3176       -0.000625
    3177       -0.000626
    3178       -0.000985
    3179       -0.000986
    3180       -0.001348
    3181       -0.001348
    3182       -0.001709
    3183       -0.001710
    3184       -0.002072
    3185       -0.002074
    3186       -0.002436
    3187       -0.002442
    3188       -0.002823
    3189       -0.002804
    3190       -0.003207
    3191       -0.003165
    3192       -0.003544
    3193       -0.003492
    3194       -0.003730
    3195       -0.003663
    3196       -0.003768
    3197       -0.003697


                                                      SUMMARY INFORMATION
                                                  _________________________

                                                         Min/Max Values
    -Source ID--Entity ID---Sub ID----X Component--
Min:     1       1450          0        -0.042544
Max:     1        624          0         0.021518

