




                       MSC.Patran 25.0.638960 Wed Mar 13 09:21:55 PDT 2019 - Analysis Code: MSC.Nastran 
                                             Load Case: Default, A1:Static Subcase 
                                         Result Strain Tensor,  - Layer (NON-LAYERED) 
                                                     Entity: Element Tensor


-Entity ID--X Component--
       1        0.000124
       2        0.000161
       3       -0.000411
       4       -0.001546
       5       -0.002850
       6       -0.004131
       7       -0.005367
       8       -0.006583
       9       -0.007792
      10       -0.009001
      11       -0.010210
      12       -0.011420
      13       -0.012629
      14       -0.013853
      15       -0.015069
      16       -0.016428
      17       -0.018124
      18       -0.018729
      19       -0.018238
      20       -0.018085
      21       -0.018076
      22       -0.018063
      23       -0.018075
      24       -0.018103
      25       -0.018131
      26       -0.018131
      27       -0.018103
      28       -0.018075
      29       -0.018063
      30       -0.018076
      31       -0.018086
      32       -0.018238
      33       -0.018731
      34       -0.018122
      35       -0.016428
      36       -0.015069
      37       -0.013853
      38       -0.012629
      39       -0.011420
      40       -0.010210
      41       -0.009001
      42       -0.007792
      43       -0.006583
      44       -0.005367
      45       -0.004131
      46       -0.002850
      47       -0.001546
      48       -0.000411
      49        0.000161
      50        0.000124
      51        0.000038
      52       -0.000226
      53       -0.001153
      54       -0.002382
      55       -0.003591
      56       -0.004700
      57       -0.005750
      58       -0.006774
      59       -0.007792
      60       -0.008807
      61       -0.009823
      62       -0.010841
      63       -0.011863
      64       -0.012914
      65       -0.013942
      66       -0.015313
      67       -0.016316
      68       -0.016811
      69       -0.016836
      70       -0.016474
      71       -0.016461
      72       -0.016421
      73       -0.016419
      74       -0.016436
      75       -0.016461
      76       -0.016461
      77       -0.016436
      78       -0.016419
      79       -0.016421
      80       -0.016461
      81       -0.016474
      82       -0.016837
      83       -0.016813
      84       -0.016313
      85       -0.015312
      86       -0.013942
      87       -0.012914
      88       -0.011863
      89       -0.010841
      90       -0.009823
      91       -0.008807
      92       -0.007792
      93       -0.006774
      94       -0.005750
      95       -0.004700
      96       -0.003591
      97       -0.002382
      98       -0.001153
      99       -0.000226
     100        0.000038
     101       -0.000263
     102       -0.001181
     103       -0.002707
     104       -0.004096
     105       -0.005097
     106       -0.005855
     107       -0.006522
     108       -0.007162
     109       -0.007792
     110       -0.008420
     111       -0.009048
     112       -0.009682
     113       -0.010322
     114       -0.011019
     115       -0.011660
     116       -0.013050
     117       -0.012670
     118       -0.012971
     119       -0.013990
     120       -0.013225
     121       -0.013208
     122       -0.013129
     123       -0.013103
     124       -0.013102
     125       -0.013122
     126       -0.013122
     127       -0.013102
     128       -0.013103
     129       -0.013129
     130       -0.013209
     131       -0.013226
     132       -0.013991
     133       -0.012971
     134       -0.012670
     135       -0.013049
     136       -0.011660
     137       -0.011019
     138       -0.010322
     139       -0.009682
     140       -0.009048
     141       -0.008420
     142       -0.007792
     143       -0.007162
     144       -0.006522
     145       -0.005855
     146       -0.005097
     147       -0.004096
     148       -0.002707
     149       -0.001181
     150       -0.000263
     151       -0.000553
     152       -0.002142
     153       -0.004312
     154       -0.005851
     155       -0.006621
     156       -0.007015
     157       -0.007298
     158       -0.007550
     159       -0.007793
     160       -0.008032
     161       -0.008277
     162       -0.008514
     163       -0.008800
     164       -0.009051
     165       -0.009546
     166       -0.010212
     167       -0.009535
     168       -0.009652
     169       -0.010568
     170       -0.010146
     171       -0.009885
     172       -0.009856
     173       -0.009778
     174       -0.009768
     175       -0.009781
     176       -0.009781
     177       -0.009768
     178       -0.009778
     179       -0.009856
     180       -0.009885
     181       -0.010146
     182       -0.010568
     183       -0.009653
     184       -0.009534
     185       -0.010211
     186       -0.009546
     187       -0.009051
     188       -0.008800
     189       -0.008514
     190       -0.008277
     191       -0.008032
     192       -0.007793
     193       -0.007550
     194       -0.007298
     195       -0.007015
     196       -0.006621
     197       -0.005851
     198       -0.004312
     199       -0.002142
     200       -0.000553
     201       -0.000872
     202       -0.003218
     203       -0.006062
     204       -0.007680
     205       -0.008165
     206       -0.008180
     207       -0.008075
     208       -0.007940
     209       -0.007793
     210       -0.007647
     211       -0.007497
     212       -0.007362
     213       -0.007238
     214       -0.007152
     215       -0.007273
     216       -0.007373
     217       -0.006545
     218       -0.006469
     219       -0.007151
     220       -0.006903
     221       -0.006631
     222       -0.006546
     223       -0.006471
     224       -0.006425
     225       -0.006439
     226       -0.006439
     227       -0.006425
     228       -0.006471
     229       -0.006546
     230       -0.006632
     231       -0.006904
     232       -0.007152
     233       -0.006469
     234       -0.006545
     235       -0.007373
     236       -0.007273
     237       -0.007151
     238       -0.007238
     239       -0.007362
     240       -0.007497
     241       -0.007647
     242       -0.007793
     243       -0.007940
     244       -0.008075
     245       -0.008180
     246       -0.008165
     247       -0.007680
     248       -0.006062
     249       -0.003218
     250       -0.000872
     251       -0.001263
     252       -0.004541
     253       -0.008056
     254       -0.009608
     255       -0.009726
     256       -0.009346
     257       -0.008857
     258       -0.008329
     259       -0.007795
     260       -0.007257
     261       -0.006723
     262       -0.006197
     263       -0.005687
     264       -0.005233
     265       -0.004926
     266       -0.004554
     267       -0.003613
     268       -0.003345
     269       -0.003752
     270       -0.003590
     271       -0.003359
     272       -0.003253
     273       -0.003158
     274       -0.003084
     275       -0.003086
     276       -0.003086
     277       -0.003084
     278       -0.003158
     279       -0.003253
     280       -0.003359
     281       -0.003590
     282       -0.003752
     283       -0.003345
     284       -0.003613
     285       -0.004554
     286       -0.004926
     287       -0.005233
     288       -0.005687
     289       -0.006197
     290       -0.006723
     291       -0.007257
     292       -0.007795
     293       -0.008329
     294       -0.008857
     295       -0.009346
     296       -0.009726
     297       -0.009608
     298       -0.008056
     299       -0.004541
     300       -0.001263
     301       -0.001800
     302       -0.006287
     303       -0.010392
     304       -0.011643
     305       -0.011293
     306       -0.010520
     307       -0.009637
     308       -0.008720
     309       -0.007794
     310       -0.006872
     311       -0.005946
     312       -0.005032
     313       -0.004135
     314       -0.003295
     315       -0.002538
     316       -0.001742
     317       -0.000695
     318       -0.000234
     319       -0.000360
     320       -0.000235
     321       -0.000067
     322        0.000034
     323        0.000145
     324        0.000259
     325        0.000283
     326        0.000283
     327        0.000259
     328        0.000145
     329        0.000034
     330       -0.000067
     331       -0.000235
     332       -0.000360
     333       -0.000234
     334       -0.000695
     335       -0.001742
     336       -0.002538
     337       -0.003295
     338       -0.004135
     339       -0.005032
     340       -0.005946
     341       -0.006872
     342       -0.007794
     343       -0.008720
     344       -0.009637
     345       -0.010520
     346       -0.011293
     347       -0.011643
     348       -0.010392
     349       -0.006287
     350       -0.001800
     351       -0.002609
     352       -0.008697
     353       -0.013168
     354       -0.013735
     355       -0.012875
     356       -0.011692
     357       -0.010428
     358       -0.009102
     359       -0.007801
     360       -0.006480
     361       -0.005173
     362       -0.003863
     363       -0.002580
     364       -0.001341
     365       -0.000131
     366        0.001085
     367        0.002241
     368        0.002897
     369        0.003044
     370        0.003141
     371        0.003242
     372        0.003319
     373        0.003427
     374        0.003598
     375        0.003683
     376        0.003683
     377        0.003598
     378        0.003427
     379        0.003319
     380        0.003242
     381        0.003141
     382        0.003044
     383        0.002897
     384        0.002241
     385        0.001085
     386       -0.000130
     387       -0.001341
     388       -0.002580
     389       -0.003863
     390       -0.005173
     391       -0.006480
     392       -0.007801
     393       -0.009102
     394       -0.010428
     395       -0.011692
     396       -0.012875
     397       -0.013735
     398       -0.013168
     399       -0.008697
     400       -0.002609
     401       -0.003846
     402       -0.012225
     403       -0.016329
     404       -0.015875
     405       -0.014416
     406       -0.012926
     407       -0.011172
     408       -0.009514
     409       -0.007790
     410       -0.006099
     411       -0.004393
     412       -0.002698
     413       -0.001017
     414        0.000622
     415        0.002282
     416        0.003944
     417        0.005229
     418        0.006074
     419        0.006489
     420        0.006512
     421        0.006568
     422        0.006609
     423        0.006675
     424        0.006914
     425        0.007138
     426        0.007138
     427        0.006914
     428        0.006675
     429        0.006609
     430        0.006568
     431        0.006512
     432        0.006489
     433        0.006074
     434        0.005229
     435        0.003944
     436        0.002282
     437        0.000622
     438       -0.001016
     439       -0.002698
     440       -0.004393
     441       -0.006099
     442       -0.007790
     443       -0.009514
     444       -0.011172
     445       -0.012926
     446       -0.014416
     447       -0.015875
     448       -0.016329
     449       -0.012225
     450       -0.003846
     451       -0.006324
     452       -0.017103
     453       -0.020036
     454       -0.017626
     455       -0.016256
     456       -0.013986
     457       -0.012015
     458       -0.009874
     459       -0.007805
     460       -0.005705
     461       -0.003616
     462       -0.001534
     463        0.000554
     464        0.002593
     465        0.004678
     466        0.006847
     467        0.008309
     468        0.009351
     469        0.009966
     470        0.009885
     471        0.009867
     472        0.009965
     473        0.009847
     474        0.010159
     475        0.010702
     476        0.010702
     477        0.010159
     478        0.009847
     479        0.009965
     480        0.009867
     481        0.009885
     482        0.009966
     483        0.009351
     484        0.008309
     485        0.006847
     486        0.004678
     487        0.002593
     488        0.000554
     489       -0.001534
     490       -0.003616
     491       -0.005705
     492       -0.007805
     493       -0.009874
     494       -0.012015
     495       -0.013986
     496       -0.016256
     497       -0.017626
     498       -0.020036
     499       -0.017102
     500       -0.006324
     501       -0.009451
     502       -0.025938
     503       -0.021928
     504       -0.020319
     505       -0.017648
     506       -0.015256
     507       -0.012759
     508       -0.010277
     509       -0.007802
     510       -0.005317
     511       -0.002843
     512       -0.000359
     513        0.002104
     514        0.004608
     515        0.007022
     516        0.009767
     517        0.011563
     518        0.012795
     519        0.013466
     520        0.013194
     521        0.013239
     522        0.013215
     523        0.013246
     524        0.012905
     525        0.014609
     526        0.014609
     527        0.012905
     528        0.013246
     529        0.013215
     530        0.013239
     531        0.013194
     532        0.013466
     533        0.012795
     534        0.011563
     535        0.009767
     536        0.007022
     537        0.004608
     538        0.002104
     539       -0.000359
     540       -0.002843
     541       -0.005317
     542       -0.007802
     543       -0.010277
     544       -0.012759
     545       -0.015256
     546       -0.017648
     547       -0.020319
     548       -0.021928
     549       -0.025938
     550       -0.009451
     551       -0.028129
     552       -0.030535
     553       -0.025384
     554       -0.022407
     555       -0.019229
     556       -0.016476
     557       -0.013502
     558       -0.010690
     559       -0.007789
     560       -0.004937
     561       -0.002062
     562        0.000805
     563        0.003680
     564        0.006557
     565        0.009507
     566        0.012399
     567        0.015206
     568        0.016627
     569        0.016685
     570        0.016635
     571        0.016566
     572        0.016471
     573        0.016606
     574        0.016003
     575        0.018200
     576        0.018200
     577        0.016003
     578        0.016606
     579        0.016471
     580        0.016566
     581        0.016635
     582        0.016685
     583        0.016627
     584        0.015206
     585        0.012399
     586        0.009507
     587        0.006557
     588        0.003680
     589        0.000806
     590       -0.002062
     591       -0.004937
     592       -0.007789
     593       -0.010690
     594       -0.013502
     595       -0.016476
     596       -0.019229
     597       -0.022407
     598       -0.025384
     599       -0.030535
     600       -0.028129
     601       -0.043247
     602       -0.031814
     603       -0.027740
     604       -0.023099
     605       -0.020267
     606       -0.016939
     607       -0.013958
     608       -0.010850
     609       -0.007804
     610       -0.004733
     611       -0.001672
     612        0.001390
     613        0.004478
     614        0.007541
     615        0.010734
     616        0.013799
     617        0.016923
     618        0.018451
     619        0.018376
     620        0.018368
     621        0.018221
     622        0.018213
     623        0.018122
     624        0.018156
     625        0.019352
     626        0.019352
     627        0.018156
     628        0.018122
     629        0.018213
     630        0.018221
     631        0.018368
     632        0.018376
     633        0.018451
     634        0.016923
     635        0.013799
     636        0.010734
     637        0.007541
     638        0.004478
     639        0.001390
     640       -0.001672
     641       -0.004733
     642       -0.007804
     643       -0.010850
     644       -0.013958
     645       -0.016939
     646       -0.020267
     647       -0.023099
     648       -0.027740
     649       -0.031814
     650       -0.043247
     651       -0.042938
     652       -0.032225
     653       -0.027557
     654       -0.023194
     655       -0.020232
     656       -0.016954
     657       -0.013948
     658       -0.010847
     659       -0.007796
     660       -0.004723
     661       -0.001657
     662        0.001410
     663        0.004499
     664        0.007578
     665        0.010753
     666        0.013873
     667        0.016934
     668        0.018473
     669        0.018486
     670        0.018441
     671        0.018345
     672        0.018332
     673        0.018361
     674        0.018367
     675        0.018220
     676        0.018220
     677        0.018367
     678        0.018361
     679        0.018332
     680        0.018345
     681        0.018441
     682        0.018486
     683        0.018473
     684        0.016934
     685        0.013873
     686        0.010753
     687        0.007578
     688        0.004499
     689        0.001410
     690       -0.001657
     691       -0.004723
     692       -0.007796
     693       -0.010847
     694       -0.013948
     695       -0.016954
     696       -0.020232
     697       -0.023194
     698       -0.027557
     699       -0.032225
     700       -0.042938
     701       -0.040447
     702       -0.035391
     703       -0.026102
     704       -0.023922
     705       -0.019946
     706       -0.017076
     707       -0.013901
     708       -0.010871
     709       -0.007790
     710       -0.004732
     711       -0.001665
     712        0.001408
     713        0.004467
     714        0.007624
     715        0.010608
     716        0.014099
     717        0.016626
     718        0.018157
     719        0.018697
     720        0.018268
     721        0.018348
     722        0.018262
     723        0.018211
     724        0.018391
     725        0.018675
     726        0.018675
     727        0.018391
     728        0.018211
     729        0.018262
     730        0.018348
     731        0.018268
     732        0.018697
     733        0.018157
     734        0.016626
     735        0.014099
     736        0.010608
     737        0.007624
     738        0.004467
     739        0.001408
     740       -0.001665
     741       -0.004732
     742       -0.007790
     743       -0.010871
     744       -0.013901
     745       -0.017076
     746       -0.019946
     747       -0.023922
     748       -0.026102
     749       -0.035391
     750       -0.040447
     751       -0.042929
     752       -0.032220
     753       -0.027554
     754       -0.023192
     755       -0.020231
     756       -0.016955
     757       -0.013951
     758       -0.010852
     759       -0.007803
     760       -0.004734
     761       -0.001671
     762        0.001392
     763        0.004476
     764        0.007549
     765        0.010719
     766        0.013832
     767        0.016888
     768        0.018417
     769        0.018410
     770        0.018354
     771        0.018232
     772        0.018216
     773        0.018121
     774        0.018185
     775        0.019301
     776        0.019301
     777        0.018185
     778        0.018121
     779        0.018216
     780        0.018232
     781        0.018354
     782        0.018410
     783        0.018416
     784        0.016888
     785        0.013832
     786        0.010719
     787        0.007549
     788        0.004476
     789        0.001392
     790       -0.001671
     791       -0.004734
     792       -0.007803
     793       -0.010852
     794       -0.013951
     795       -0.016955
     796       -0.020231
     797       -0.023192
     798       -0.027554
     799       -0.032220
     800       -0.042929
     801        0.000124
     802        0.000161
     803       -0.000411
     804       -0.001546
     805       -0.002851
     806       -0.004132
     807       -0.005369
     808       -0.006585
     809       -0.007796
     810       -0.009005
     811       -0.010215
     812       -0.011427
     813       -0.012638
     814       -0.013864
     815       -0.015082
     816       -0.016443
     817       -0.018143
     818       -0.018752
     819       -0.018266
     820       -0.018119
     821       -0.018115
     822       -0.018100
     823       -0.018096
     824       -0.018087
     825       -0.018079
     826       -0.018079
     827       -0.018087
     828       -0.018096
     829       -0.018100
     830       -0.018115
     831       -0.018119
     832       -0.018266
     833       -0.018752
     834       -0.018143
     835       -0.016443
     836       -0.015082
     837       -0.013864
     838       -0.012638
     839       -0.011427
     840       -0.010215
     841       -0.009005
     842       -0.007796
     843       -0.006585
     844       -0.005369
     845       -0.004132
     846       -0.002851
     847       -0.001546
     848       -0.000411
     849        0.000161
     850        0.000124
     851        0.000038
     852       -0.000226
     853       -0.001153
     854       -0.002383
     855       -0.003592
     856       -0.004701
     857       -0.005751
     858       -0.006776
     859       -0.007794
     860       -0.008810
     861       -0.009828
     862       -0.010847
     863       -0.011870
     864       -0.012922
     865       -0.013951
     866       -0.015324
     867       -0.016328
     868       -0.016826
     869       -0.016856
     870       -0.016498
     871       -0.016490
     872       -0.016454
     873       -0.016446
     874       -0.016436
     875       -0.016429
     876       -0.016429
     877       -0.016436
     878       -0.016446
     879       -0.016454
     880       -0.016490
     881       -0.016498
     882       -0.016856
     883       -0.016826
     884       -0.016328
     885       -0.015324
     886       -0.013951
     887       -0.012922
     888       -0.011870
     889       -0.010847
     890       -0.009828
     891       -0.008810
     892       -0.007794
     893       -0.006776
     894       -0.005751
     895       -0.004701
     896       -0.003592
     897       -0.002383
     898       -0.001153
     899       -0.000226
     900        0.000038
     901       -0.000263
     902       -0.001180
     903       -0.002707
     904       -0.004096
     905       -0.005098
     906       -0.005856
     907       -0.006523
     908       -0.007163
     909       -0.007793
     910       -0.008422
     911       -0.009050
     912       -0.009684
     913       -0.010324
     914       -0.011021
     915       -0.011663
     916       -0.013054
     917       -0.012674
     918       -0.012976
     919       -0.013997
     920       -0.013234
     921       -0.013223
     922       -0.013156
     923       -0.013144
     924       -0.013133
     925       -0.013126
     926       -0.013126
     927       -0.013133
     928       -0.013144
     929       -0.013156
     930       -0.013223
     931       -0.013234
     932       -0.013997
     933       -0.012976
     934       -0.012674
     935       -0.013054
     936       -0.011663
     937       -0.011022
     938       -0.010324
     939       -0.009684
     940       -0.009050
     941       -0.008422
     942       -0.007793
     943       -0.007163
     944       -0.006523
     945       -0.005856
     946       -0.005098
     947       -0.004096
     948       -0.002707
     949       -0.001180
     950       -0.000263
     951       -0.000553
     952       -0.002142
     953       -0.004312
     954       -0.005851
     955       -0.006622
     956       -0.007016
     957       -0.007298
     958       -0.007550
     959       -0.007793
     960       -0.008031
     961       -0.008276
     962       -0.008513
     963       -0.008799
     964       -0.009049
     965       -0.009544
     966       -0.010208
     967       -0.009530
     968       -0.009647
     969       -0.010562
     970       -0.010139
     971       -0.009884
     972       -0.009877
     973       -0.009833
     974       -0.009833
     975       -0.009822
     976       -0.009822
     977       -0.009833
     978       -0.009833
     979       -0.009877
     980       -0.009884
     981       -0.010139
     982       -0.010562
     983       -0.009647
     984       -0.009530
     985       -0.010208
     986       -0.009544
     987       -0.009049
     988       -0.008799
     989       -0.008513
     990       -0.008276
     991       -0.008031
     992       -0.007793
     993       -0.007550
     994       -0.007298
     995       -0.007016
     996       -0.006622
     997       -0.005851
     998       -0.004312
     999       -0.002142
    1000       -0.000553
    1001       -0.000872
    1002       -0.003218
    1003       -0.006063
    1004       -0.007681
    1005       -0.008165
    1006       -0.008180
    1007       -0.008075
    1008       -0.007939
    1009       -0.007791
    1010       -0.007644
    1011       -0.007493
    1012       -0.007357
    1013       -0.007232
    1014       -0.007144
    1015       -0.007264
    1016       -0.007363
    1017       -0.006532
    1018       -0.006453
    1019       -0.007132
    1020       -0.006882
    1021       -0.006613
    1022       -0.006556
    1023       -0.006538
    1024       -0.006526
    1025       -0.006520
    1026       -0.006520
    1027       -0.006526
    1028       -0.006538
    1029       -0.006556
    1030       -0.006613
    1031       -0.006882
    1032       -0.007132
    1033       -0.006453
    1034       -0.006532
    1035       -0.007363
    1036       -0.007264
    1037       -0.007145
    1038       -0.007232
    1039       -0.007357
    1040       -0.007493
    1041       -0.007644
    1042       -0.007791
    1043       -0.007939
    1044       -0.008075
    1045       -0.008180
    1046       -0.008165
    1047       -0.007681
    1048       -0.006063
    1049       -0.003218
    1050       -0.000872
    1051       -0.001263
    1052       -0.004541
    1053       -0.008057
    1054       -0.009609
    1055       -0.009727
    1056       -0.009346
    1057       -0.008855
    1058       -0.008327
    1059       -0.007792
    1060       -0.007253
    1061       -0.006717
    1062       -0.006189
    1063       -0.005677
    1064       -0.005221
    1065       -0.004912
    1066       -0.004536
    1067       -0.003591
    1068       -0.003318
    1069       -0.003720
    1070       -0.003553
    1071       -0.003323
    1072       -0.003246
    1073       -0.003230
    1074       -0.003224
    1075       -0.003218
    1076       -0.003218
    1077       -0.003224
    1078       -0.003230
    1079       -0.003246
    1080       -0.003323
    1081       -0.003553
    1082       -0.003720
    1083       -0.003318
    1084       -0.003591
    1085       -0.004536
    1086       -0.004912
    1087       -0.005221
    1088       -0.005677
    1089       -0.006189
    1090       -0.006717
    1091       -0.007253
    1092       -0.007792
    1093       -0.008327
    1094       -0.008855
    1095       -0.009346
    1096       -0.009727
    1097       -0.009609
    1098       -0.008057
    1099       -0.004541
    1100       -0.001263
    1101       -0.001800
    1102       -0.006288
    1103       -0.010393
    1104       -0.011644
    1105       -0.011294
    1106       -0.010520
    1107       -0.009635
    1108       -0.008717
    1109       -0.007789
    1110       -0.006865
    1111       -0.005938
    1112       -0.005021
    1113       -0.004121
    1114       -0.003278
    1115       -0.002518
    1116       -0.001717
    1117       -0.000664
    1118       -0.000197
    1119       -0.000316
    1120       -0.000183
    1121       -0.000012
    1122        0.000067
    1123        0.000080
    1124        0.000078
    1125        0.000082
    1126        0.000082
    1127        0.000078
    1128        0.000080
    1129        0.000067
    1130       -0.000012
    1131       -0.000183
    1132       -0.000316
    1133       -0.000197
    1134       -0.000664
    1135       -0.001717
    1136       -0.002518
    1137       -0.003278
    1138       -0.004121
    1139       -0.005021
    1140       -0.005938
    1141       -0.006865
    1142       -0.007789
    1143       -0.008717
    1144       -0.009635
    1145       -0.010520
    1146       -0.011294
    1147       -0.011644
    1148       -0.010393
    1149       -0.006288
    1150       -0.001800
    1151       -0.002610
    1152       -0.008698
    1153       -0.013170
    1154       -0.013737
    1155       -0.012875
    1156       -0.011691
    1157       -0.010426
    1158       -0.009098
    1159       -0.007795
    1160       -0.006471
    1161       -0.005162
    1162       -0.003849
    1163       -0.002562
    1164       -0.001319
    1165       -0.000104
    1166        0.001116
    1167        0.002280
    1168        0.002943
    1169        0.003103
    1170        0.003207
    1171        0.003314
    1172        0.003386
    1173        0.003394
    1174        0.003381
    1175        0.003378
    1176        0.003378
    1177        0.003381
    1178        0.003394
    1179        0.003386
    1180        0.003314
    1181        0.003207
    1182        0.003103
    1183        0.002943
    1184        0.002280
    1185        0.001116
    1186       -0.000104
    1187       -0.001319
    1188       -0.002562
    1189       -0.003849
    1190       -0.005162
    1191       -0.006471
    1192       -0.007795
    1193       -0.009098
    1194       -0.010426
    1195       -0.011691
    1196       -0.012875
    1197       -0.013737
    1198       -0.013170
    1199       -0.008698
    1200       -0.002610
    1201       -0.003847
    1202       -0.012227
    1203       -0.016331
    1204       -0.015876
    1205       -0.014416
    1206       -0.012925
    1207       -0.011170
    1208       -0.009510
    1209       -0.007782
    1210       -0.006089
    1211       -0.004379
    1212       -0.002681
    1213       -0.000995
    1214        0.000648
    1215        0.002314
    1216        0.003983
    1217        0.005275
    1218        0.006132
    1219        0.006555
    1220        0.006600
    1221        0.006650
    1222        0.006713
    1223        0.006713
    1224        0.006684
    1225        0.006666
    1226        0.006666
    1227        0.006684
    1228        0.006713
    1229        0.006713
    1230        0.006650
    1231        0.006600
    1232        0.006555
    1233        0.006132
    1234        0.005275
    1235        0.003983
    1236        0.002314
    1237        0.000648
    1238       -0.000995
    1239       -0.002681
    1240       -0.004379
    1241       -0.006089
    1242       -0.007782
    1243       -0.009510
    1244       -0.011170
    1245       -0.012925
    1246       -0.014416
    1247       -0.015876
    1248       -0.016331
    1249       -0.012227
    1250       -0.003847
    1251       -0.006325
    1252       -0.017106
    1253       -0.020039
    1254       -0.017628
    1255       -0.016256
    1256       -0.013985
    1257       -0.012011
    1258       -0.009868
    1259       -0.007797
    1260       -0.005694
    1261       -0.003601
    1262       -0.001514
    1263        0.000580
    1264        0.002624
    1265        0.004716
    1266        0.006892
    1267        0.008363
    1268        0.009417
    1269        0.010048
    1270        0.009978
    1271        0.009992
    1272        0.010053
    1273        0.010037
    1274        0.009993
    1275        0.009942
    1276        0.009942
    1277        0.009993
    1278        0.010037
    1279        0.010053
    1280        0.009992
    1281        0.009978
    1282        0.010048
    1283        0.009417
    1284        0.008363
    1285        0.006892
    1286        0.004716
    1287        0.002624
    1288        0.000580
    1289       -0.001514
    1290       -0.003601
    1291       -0.005694
    1292       -0.007797
    1293       -0.009868
    1294       -0.012011
    1295       -0.013985
    1296       -0.016256
    1297       -0.017628
    1298       -0.020039
    1299       -0.017106
    1300       -0.006325
    1301       -0.009454
    1302       -0.025944
    1303       -0.021931
    1304       -0.020322
    1305       -0.017649
    1306       -0.015255
    1307       -0.012755
    1308       -0.010270
    1309       -0.007793
    1310       -0.005304
    1311       -0.002825
    1312       -0.000335
    1313        0.002133
    1314        0.004643
    1315        0.007065
    1316        0.009818
    1317        0.011624
    1318        0.012869
    1319        0.013561
    1320        0.013304
    1321        0.013376
    1322        0.013369
    1323        0.013389
    1324        0.013308
    1325        0.013197
    1326        0.013197
    1327        0.013308
    1328        0.013389
    1329        0.013369
    1330        0.013376
    1331        0.013304
    1332        0.013561
    1333        0.012869
    1334        0.011624
    1335        0.009818
    1336        0.007065
    1337        0.004643
    1338        0.002133
    1339       -0.000335
    1340       -0.002825
    1341       -0.005304
    1342       -0.007793
    1343       -0.010270
    1344       -0.012755
    1345       -0.015255
    1346       -0.017649
    1347       -0.020322
    1348       -0.021931
    1349       -0.025944
    1350       -0.009454
    1351       -0.028138
    1352       -0.030542
    1353       -0.025389
    1354       -0.022410
    1355       -0.019230
    1356       -0.016475
    1357       -0.013498
    1358       -0.010683
    1359       -0.007778
    1360       -0.004922
    1361       -0.002042
    1362        0.000831
    1363        0.003712
    1364        0.006598
    1365        0.009555
    1366        0.012457
    1367        0.015271
    1368        0.016711
    1369        0.016786
    1370        0.016771
    1371        0.016697
    1372        0.016699
    1373        0.016748
    1374        0.016667
    1375        0.016404
    1376        0.016404
    1377        0.016667
    1378        0.016748
    1379        0.016699
    1380        0.016697
    1381        0.016771
    1382        0.016786
    1383        0.016711
    1384        0.015271
    1385        0.012457
    1386        0.009555
    1387        0.006598
    1388        0.003712
    1389        0.000831
    1390       -0.002042
    1391       -0.004922
    1392       -0.007778
    1393       -0.010683
    1394       -0.013498
    1395       -0.016475
    1396       -0.019230
    1397       -0.022410
    1398       -0.025389
    1399       -0.030542
    1400       -0.028138
    1401       -0.043257
    1402       -0.031819
    1403       -0.027743
    1404       -0.023101
    1405       -0.020268
    1406       -0.016938
    1407       -0.013955
    1408       -0.010844
    1409       -0.007797
    1410       -0.004722
    1411       -0.001657
    1412        0.001409
    1413        0.004503
    1414        0.007571
    1415        0.010771
    1416        0.013842
    1417        0.016972
    1418        0.018512
    1419        0.018456
    1420        0.018461
    1421        0.018340
    1422        0.018339
    1423        0.018368
    1424        0.018367
    1425        0.018190
    1426        0.018190
    1427        0.018367
    1428        0.018368
    1429        0.018339
    1430        0.018340
    1431        0.018461
    1432        0.018456
    1433        0.018512
    1434        0.016972
    1435        0.013842
    1436        0.010771
    1437        0.007571
    1438        0.004503
    1439        0.001409
    1440       -0.001657
    1441       -0.004722
    1442       -0.007797
    1443       -0.010844
    1444       -0.013955
    1445       -0.016938
    1446       -0.020268
    1447       -0.023101
    1448       -0.027743
    1449       -0.031819
    1450       -0.043257
    1451        0.000024
    1452        0.000173
    1453        0.000401
    1454        0.000643
    1455        0.000848
    1456        0.001002
    1457        0.001096
    1458        0.001127
    1459        0.001094
    1460        0.000999
    1461        0.000845
    1462        0.000641
    1463        0.000401
    1464        0.000173
    1465        0.000024
    1466       -0.000001
    1467        0.000164
    1468        0.000376
    1469        0.000577
    1470        0.000737
    1471        0.000848
    1472        0.000911
    1473        0.000930
    1474        0.000909
    1475        0.000845
    1476        0.000733
    1477        0.000573
    1478        0.000374
    1479        0.000163
    1480       -0.000001
    1481       -0.000116
    1482        0.000125
    1483        0.000353
    1484        0.000541
    1485        0.000672
    1486        0.000748
    1487        0.000784
    1488        0.000794
    1489        0.000783
    1490        0.000746
    1491        0.000667
    1492        0.000535
    1493        0.000348
    1494        0.000120
    1495       -0.000120
    1496       -0.000179
    1497        0.000127
    1498        0.000376
    1499        0.000551
    1500        0.000650
    1501        0.000691
    1502        0.000699
    1503        0.000699
    1504        0.000700
    1505        0.000689
    1506        0.000644
    1507        0.000542
    1508        0.000367
    1509        0.000117
    1510       -0.000191
    1511       -0.000149
    1512        0.000217
    1513        0.000470
    1514        0.000615
    1515        0.000669
    1516        0.000665
    1517        0.000642
    1518        0.000631
    1519        0.000643
    1520        0.000664
    1521        0.000662
    1522        0.000603
    1523        0.000458
    1524        0.000203
    1525       -0.000173
    1526        0.000039
    1527        0.000437
    1528        0.000661
    1529        0.000742
    1530        0.000724
    1531        0.000661
    1532        0.000599
    1533        0.000576
    1534        0.000600
    1535        0.000658
    1536        0.000714
    1537        0.000726
    1538        0.000648
    1539        0.000424
    1540        0.000005
    1541        0.000454
    1542        0.000844
    1543        0.000971
    1544        0.000930
    1545        0.000805
    1546        0.000662
    1547        0.000555
    1548        0.000517
    1549        0.000556
    1550        0.000659
    1551        0.000792
    1552        0.000913
    1553        0.000960
    1554        0.000839
    1555        0.000420
    1556        0.001254
    1557        0.001478
    1558        0.001372
    1559        0.001122
    1560        0.000859
    1561        0.000636
    1562        0.000489
    1563        0.000440
    1564        0.000495
    1565        0.000643
    1566        0.000859
    1567        0.001114
    1568        0.001361
    1569        0.001476
    1570        0.001226
    1571        0.002418
    1572        0.002156
    1573        0.001549
    1574        0.001076
    1575        0.000740
    1576        0.000515
    1577        0.000376
    1578        0.000331
    1579        0.000394
    1580        0.000549
    1581        0.000775
    1582        0.001093
    1583        0.001540
    1584        0.002131
    1585        0.002391
    1586        0.003763
    1587        0.001550
    1588        0.000691
    1589        0.000314
    1590        0.000163
    1591        0.000176
    1592        0.000208
    1593        0.000192
    1594        0.000239
    1595        0.000234
    1596        0.000214
    1597        0.000338
    1598        0.000678
    1599        0.001489
    1600        0.003715
    1601        0.000242
    1602       -0.001604
    1603       -0.001520
    1604       -0.001452
    1605       -0.001227
    1606       -0.000712
    1607        0.000055
    1608        0.000037
    1609        0.000077
    1610       -0.000704
    1611       -0.001257
    1612       -0.001497
    1613       -0.001559
    1614       -0.001639
    1615        0.000205
    1616       -0.000565
    1617       -0.000130
    1618       -0.000478
    1619       -0.001000
    1620       -0.000372
    1621       -0.000902
    1622       -0.001420
    1623       -0.000698
    1624       -0.001339
    1625       -0.001932
    1626       -0.001371
    1627       -0.001869
    1628       -0.003037
    1629       -0.002357
    1630       -0.003038
    1631       -0.002026
    1632       -0.001280
    1633       -0.002028
    1799        0.002298
    1800        0.002676
    1801        0.004426
    1802        0.004558
    1803        0.004701
    1804        0.004757
    1805        0.004776
    1806        0.004783
    1807        0.004780
    1808        0.004763
    1809        0.004707
    1810        0.004563
    1811        0.004425
    1812        0.002673
    1813        0.002292
    1814        0.000728
    1815        0.002715
    1816        0.003977
    1817        0.004476
    1818        0.004772
    1819        0.004940
    1820        0.005019
    1821        0.005044
    1822        0.005021
    1823        0.004944
    1824        0.004779
    1825        0.004485
    1826        0.003985
    1827        0.002732
    1828        0.000757
    1829        0.002191
    1830        0.002681
    1831        0.003565
    1832        0.004275
    1833        0.004730
    1834        0.005031
    1835        0.005197
    1836        0.005248
    1837        0.005194
    1838        0.005029
    1839        0.004734
    1840        0.004286
    1841        0.003584
    1842        0.002711
    1843        0.002238
    1844        0.001522
    1845        0.002413
    1846        0.003223
    1847        0.003973
    1848        0.004589
    1849        0.005032
    1850        0.005300
    1851        0.005386
    1852        0.005291
    1853        0.005023
    1854        0.004590
    1855        0.003990
    1856        0.003253
    1857        0.002456
    1858        0.001591
    1859        0.001169
    1860        0.001960
    1861        0.002792
    1862        0.003610
    1863        0.004350
    1864        0.004944
    1865        0.005328
    1866        0.005452
    1867        0.005309
    1868        0.004925
    1869        0.004346
    1870        0.003629
    1871        0.002830
    1872        0.002011
    1873        0.001249
    1874        0.000720
    1875        0.001466
    1876        0.002279
    1877        0.003144
    1878        0.004009
    1879        0.004765
    1880        0.005275
    1881        0.005446
    1882        0.005253
    1883        0.004747
    1884        0.004021
    1885        0.003180
    1886        0.002320
    1887        0.001516
    1888        0.000802
    1889        0.000350
    1890        0.000925
    1891        0.001650
    1892        0.002542
    1893        0.003533
    1894        0.004475
    1895        0.005146
    1896        0.005374
    1897        0.005120
    1898        0.004462
    1899        0.003561
    1900        0.002595
    1901        0.001704
    1902        0.000970
    1903        0.000424
    1904       -0.000073
    1905        0.000245
    1906        0.000823
    1907        0.001700
    1908        0.002839
    1909        0.004040
    1910        0.004939
    1911        0.005245
    1912        0.004905
    1913        0.004022
    1914        0.002871
    1915        0.001765
    1916        0.000884
    1917        0.000286
    1918       -0.000019
    1919       -0.000707
    1920       -0.000655
    1921       -0.000331
    1922        0.000474
    1923        0.001788
    1924        0.003389
    1925        0.004668
    1926        0.005075
    1927        0.004603
    1928        0.003321
    1929        0.001766
    1930        0.000498
    1931       -0.000291
    1932       -0.000612
    1933       -0.000667
    1934       -0.001320
    1935       -0.002177
    1936       -0.002031
    1937       -0.001298
    1938        0.000117
    1939        0.002319
    1940        0.004394
    1941        0.004885
    1942        0.004252
    1943        0.002107
    1944       -0.000062
    1945       -0.001388
    1946       -0.002051
    1947       -0.002158
    1948       -0.001314
    1949       -0.005879
    1950       -0.004322
    1951       -0.003952
    1952       -0.003484
    1953       -0.002496
    1954       -0.000101
    1955        0.004434
    1956        0.004692
    1957        0.004215
    1958       -0.000628
    1959       -0.002911
    1960       -0.003721
    1961       -0.004053
    1962       -0.004323
    1963       -0.005879
    1964        0.003803
    1965        0.004477
    1966        0.004172
    1967        0.003323
    1968        0.004244
    1969        0.003691
    1970        0.003287
    1971        0.003801
    1972        0.003497
    1973        0.002850
    1974        0.003321
    1975        0.002934
    1976        0.002737
    1977        0.001095
    1978        0.002770
    1979        0.000353
    1980       -0.002079
    1981        0.000357
    1982        0.002298
    1983        0.002676
    1984        0.004426
    1985        0.004558
    1986        0.004701
    1987        0.004757
    1988        0.004776
    1989        0.004783
    1990        0.004780
    1991        0.004763
    1992        0.004707
    1993        0.004563
    1994        0.004425
    1995        0.002673
    1996        0.002292
    1997        0.000727
    1998        0.002715
    1999        0.003977
    2000        0.004476
    2001        0.004772
    2002        0.004940
    2003        0.005019
    2004        0.005044
    2005        0.005021
    2006        0.004944
    2007        0.004779
    2008        0.004485
    2009        0.003985
    2010        0.002732
    2011        0.000757
    2012        0.002191
    2013        0.002681
    2014        0.003565
    2015        0.004275
    2016        0.004730
    2017        0.005031
    2018        0.005197
    2019        0.005248
    2020        0.005194
    2021        0.005029
    2022        0.004734
    2023        0.004286
    2024        0.003584
    2025        0.002711
    2026        0.002238
    2027        0.001522
    2028        0.002413
    2029        0.003223
    2030        0.003973
    2031        0.004587
    2032        0.005030
    2033        0.005300
    2034        0.005386
    2035        0.005290
    2036        0.005020
    2037        0.004585
    2038        0.003987
    2039        0.003252
    2040        0.002456
    2041        0.001590
    2042        0.001169
    2043        0.001960
    2044        0.002792
    2045        0.003607
    2046        0.004349
    2047        0.004945
    2048        0.005327
    2049        0.005452
    2050        0.005309
    2051        0.004928
    2052        0.004350
    2053        0.003629
    2054        0.002827
    2055        0.002010
    2056        0.001249
    2057        0.000720
    2058        0.001466
    2059        0.002279
    2060        0.003149
    2061        0.004012
    2062        0.004766
    2063        0.005277
    2064        0.005446
    2065        0.005253
    2066        0.004747
    2067        0.004023
    2068        0.003183
    2069        0.002324
    2070        0.001517
    2071        0.000803
    2072        0.000350
    2073        0.000925
    2074        0.001650
    2075        0.002543
    2076        0.003534
    2077        0.004476
    2078        0.005147
    2079        0.005374
    2080        0.005120
    2081        0.004463
    2082        0.003562
    2083        0.002595
    2084        0.001706
    2085        0.000971
    2086        0.000424
    2087       -0.000071
    2088        0.000250
    2089        0.000825
    2090        0.001700
    2091        0.002840
    2092        0.004041
    2093        0.004939
    2094        0.005245
    2095        0.004905
    2096        0.004022
    2097        0.002871
    2098        0.001766
    2099        0.000885
    2100        0.000290
    2101       -0.000017
    2102       -0.000710
    2103       -0.000657
    2104       -0.000332
    2105        0.000474
    2106        0.001788
    2107        0.003389
    2108        0.004668
    2109        0.005075
    2110        0.004603
    2111        0.003321
    2112        0.001771
    2113        0.000501
    2114       -0.000290
    2115       -0.000612
    2116       -0.000670
    2117       -0.001320
    2118       -0.002172
    2119       -0.002030
    2120       -0.001297
    2121        0.000117
    2122        0.002319
    2123        0.004394
    2124        0.004885
    2125        0.004252
    2126        0.002107
    2127       -0.000055
    2128       -0.001390
    2129       -0.002051
    2130       -0.002158
    2131       -0.001315
    2132       -0.005881
    2133       -0.004321
    2134       -0.003951
    2135       -0.003484
    2136       -0.002495
    2137       -0.000101
    2138        0.004434
    2139        0.004692
    2140        0.004215
    2141       -0.000628
    2142       -0.002907
    2143       -0.003726
    2144       -0.004054
    2145       -0.004323
    2146       -0.005879
    2147        0.003802
    2148        0.004477
    2149        0.004172
    2150        0.003323
    2151        0.004244
    2152        0.003691
    2153        0.003287
    2154        0.003801
    2155        0.003498
    2156        0.002850
    2157        0.003321
    2158        0.002934
    2159        0.002738
    2160        0.001095
    2161        0.002770
    2162        0.000353
    2163       -0.002079
    2164        0.000357
    2165        0.000024
    2166        0.000173
    2167        0.000401
    2168        0.000643
    2169        0.000848
    2170        0.001002
    2171        0.001096
    2172        0.001127
    2173        0.001094
    2174        0.000999
    2175        0.000845
    2176        0.000641
    2177        0.000401
    2178        0.000173
    2179        0.000024
    2180       -0.000001
    2181        0.000164
    2182        0.000376
    2183        0.000577
    2184        0.000737
    2185        0.000848
    2186        0.000911
    2187        0.000930
    2188        0.000909
    2189        0.000845
    2190        0.000733
    2191        0.000573
    2192        0.000374
    2193        0.000163
    2194       -0.000001
    2195       -0.000116
    2196        0.000125
    2197        0.000353
    2198        0.000541
    2199        0.000672
    2200        0.000748
    2201        0.000784
    2202        0.000794
    2203        0.000783
    2204        0.000745
    2205        0.000666
    2206        0.000534
    2207        0.000347
    2208        0.000120
    2209       -0.000120
    2210       -0.000179
    2211        0.000127
    2212        0.000376
    2213        0.000550
    2214        0.000649
    2215        0.000690
    2216        0.000699
    2217        0.000699
    2218        0.000699
    2219        0.000688
    2220        0.000643
    2221        0.000541
    2222        0.000366
    2223        0.000116
    2224       -0.000192
    2225       -0.000149
    2226        0.000217
    2227        0.000470
    2228        0.000614
    2229        0.000668
    2230        0.000664
    2231        0.000642
    2232        0.000631
    2233        0.000643
    2234        0.000662
    2235        0.000660
    2236        0.000601
    2237        0.000457
    2238        0.000202
    2239       -0.000173
    2240        0.000039
    2241        0.000437
    2242        0.000661
    2243        0.000741
    2244        0.000724
    2245        0.000661
    2246        0.000599
    2247        0.000576
    2248        0.000601
    2249        0.000659
    2250        0.000716
    2251        0.000727
    2252        0.000647
    2253        0.000423
    2254        0.000005
    2255        0.000453
    2256        0.000844
    2257        0.000972
    2258        0.000932
    2259        0.000806
    2260        0.000663
    2261        0.000556
    2262        0.000517
    2263        0.000556
    2264        0.000659
    2265        0.000793
    2266        0.000912
    2267        0.000959
    2268        0.000839
    2269        0.000420
    2270        0.001256
    2271        0.001480
    2272        0.001374
    2273        0.001124
    2274        0.000858
    2275        0.000637
    2276        0.000489
    2277        0.000440
    2278        0.000495
    2279        0.000643
    2280        0.000859
    2281        0.001114
    2282        0.001366
    2283        0.001483
    2284        0.001230
    2285        0.002415
    2286        0.002156
    2287        0.001548
    2288        0.001076
    2289        0.000741
    2290        0.000515
    2291        0.000376
    2292        0.000331
    2293        0.000394
    2294        0.000548
    2295        0.000774
    2296        0.001093
    2297        0.001541
    2298        0.002130
    2299        0.002389
    2300        0.003761
    2301        0.001548
    2302        0.000690
    2303        0.000311
    2304        0.000160
    2305        0.000176
    2306        0.000208
    2307        0.000192
    2308        0.000239
    2309        0.000234
    2310        0.000212
    2311        0.000338
    2312        0.000677
    2313        0.001487
    2314        0.003712
    2315        0.000244
    2316       -0.001609
    2317       -0.001521
    2318       -0.001449
    2319       -0.001229
    2320       -0.000711
    2321        0.000054
    2322        0.000037
    2323        0.000077
    2324       -0.000703
    2325       -0.001260
    2326       -0.001495
    2327       -0.001559
    2328       -0.001645
    2329        0.000207
    2330       -0.000564
    2331       -0.000130
    2332       -0.000478
    2333       -0.001000
    2334       -0.000372
    2335       -0.000897
    2336       -0.001420
    2337       -0.000698
    2338       -0.001340
    2339       -0.001933
    2340       -0.001370
    2341       -0.001869
    2342       -0.003034
    2343       -0.002357
    2344       -0.003035
    2345       -0.002030
    2346       -0.001280
    2347       -0.002031
    2348       -0.000041
    2349       -0.000194
    2350       -0.000779
    2351       -0.001766
    2352       -0.002933
    2353       -0.004149
    2354       -0.005367
    2355       -0.006580
    2356       -0.007790
    2357       -0.009002
    2358       -0.010208
    2359       -0.011426
    2360       -0.012618
    2361       -0.013853
    2362       -0.015026
    2363       -0.016212
    2364       -0.017594
    2365       -0.018202
    2366       -0.018023
    2367       -0.018046
    2368       -0.018082
    2369       -0.018061
    2370       -0.018088
    2371       -0.018098
    2372       -0.018116
    2373       -0.018116
    2374       -0.018098
    2375       -0.018088
    2376       -0.018061
    2377       -0.018082
    2378       -0.018046
    2379       -0.018024
    2380       -0.018202
    2381       -0.017594
    2382       -0.016212
    2383       -0.015026
    2384       -0.013853
    2385       -0.012618
    2386       -0.011426
    2387       -0.010208
    2388       -0.009002
    2389       -0.007790
    2390       -0.006580
    2391       -0.005367
    2392       -0.004149
    2393       -0.002933
    2394       -0.001766
    2395       -0.000779
    2396       -0.000194
    2397       -0.000041
    2398       -0.000155
    2399       -0.000391
    2400       -0.000978
    2401       -0.001896
    2402       -0.002993
    2403       -0.004169
    2404       -0.005371
    2405       -0.006579
    2406       -0.007790
    2407       -0.009000
    2408       -0.010212
    2409       -0.011418
    2410       -0.012625
    2411       -0.013827
    2412       -0.014988
    2413       -0.016134
    2414       -0.017260
    2415       -0.017866
    2416       -0.017947
    2417       -0.018010
    2418       -0.018060
    2419       -0.018071
    2420       -0.018084
    2421       -0.018099
    2422       -0.018108
    2423       -0.018108
    2424       -0.018099
    2425       -0.018084
    2426       -0.018071
    2427       -0.018060
    2428       -0.018010
    2429       -0.017947
    2430       -0.017866
    2431       -0.017260
    2432       -0.016133
    2433       -0.014988
    2434       -0.013827
    2435       -0.012625
    2436       -0.011418
    2437       -0.010212
    2438       -0.009000
    2439       -0.007790
    2440       -0.006579
    2441       -0.005371
    2442       -0.004169
    2443       -0.002993
    2444       -0.001896
    2445       -0.000978
    2446       -0.000391
    2447       -0.000155
    2448       -0.000238
    2449       -0.000523
    2450       -0.001128
    2451       -0.002002
    2452       -0.003047
    2453       -0.004189
    2454       -0.005376
    2455       -0.006580
    2456       -0.007789
    2457       -0.009001
    2458       -0.010211
    2459       -0.011419
    2460       -0.012621
    2461       -0.013811
    2462       -0.014951
    2463       -0.016049
    2464       -0.017014
    2465       -0.017620
    2466       -0.017863
    2467       -0.017975
    2468       -0.018046
    2469       -0.018071
    2470       -0.018086
    2471       -0.018097
    2472       -0.018103
    2473       -0.018103
    2474       -0.018097
    2475       -0.018086
    2476       -0.018071
    2477       -0.018046
    2478       -0.017975
    2479       -0.017864
    2480       -0.017620
    2481       -0.017014
    2482       -0.016049
    2483       -0.014951
    2484       -0.013811
    2485       -0.012621
    2486       -0.011419
    2487       -0.010211
    2488       -0.009001
    2489       -0.007789
    2490       -0.006580
    2491       -0.005376
    2492       -0.004189
    2493       -0.003047
    2494       -0.002002
    2495       -0.001128
    2496       -0.000523
    2497       -0.000238
    2498       -0.000301
    2499       -0.000605
    2500       -0.001235
    2501       -0.002084
    2502       -0.003093
    2503       -0.004207
    2504       -0.005381
    2505       -0.006580
    2506       -0.007789
    2507       -0.009000
    2508       -0.010211
    2509       -0.011419
    2510       -0.012619
    2511       -0.013797
    2512       -0.014921
    2513       -0.015971
    2514       -0.016840
    2515       -0.017446
    2516       -0.017786
    2517       -0.017946
    2518       -0.018034
    2519       -0.018070
    2520       -0.018086
    2521       -0.018095
    2522       -0.018100
    2523       -0.018100
    2524       -0.018095
    2525       -0.018086
    2526       -0.018070
    2527       -0.018034
    2528       -0.017946
    2529       -0.017786
    2530       -0.017446
    2531       -0.016840
    2532       -0.015971
    2533       -0.014921
    2534       -0.013797
    2535       -0.012619
    2536       -0.011419
    2537       -0.010211
    2538       -0.009000
    2539       -0.007789
    2540       -0.006580
    2541       -0.005381
    2542       -0.004207
    2543       -0.003093
    2544       -0.002084
    2545       -0.001235
    2546       -0.000605
    2547       -0.000301
    2548       -0.000344
    2549       -0.000653
    2550       -0.001307
    2551       -0.002143
    2552       -0.003126
    2553       -0.004221
    2554       -0.005385
    2555       -0.006581
    2556       -0.007789
    2557       -0.009001
    2558       -0.010211
    2559       -0.011419
    2560       -0.012616
    2561       -0.013787
    2562       -0.014897
    2563       -0.015911
    2564       -0.016724
    2565       -0.017329
    2566       -0.017727
    2567       -0.017924
    2568       -0.018026
    2569       -0.018069
    2570       -0.018086
    2571       -0.018094
    2572       -0.018097
    2573       -0.018097
    2574       -0.018094
    2575       -0.018086
    2576       -0.018069
    2577       -0.018026
    2578       -0.017924
    2579       -0.017727
    2580       -0.017329
    2581       -0.016724
    2582       -0.015911
    2583       -0.014897
    2584       -0.013787
    2585       -0.012616
    2586       -0.011419
    2587       -0.010211
    2588       -0.009001
    2589       -0.007789
    2590       -0.006581
    2591       -0.005385
    2592       -0.004221
    2593       -0.003126
    2594       -0.002143
    2595       -0.001307
    2596       -0.000653
    2597       -0.000344
    2598       -0.000369
    2599       -0.000678
    2600       -0.001349
    2601       -0.002177
    2602       -0.003147
    2603       -0.004230
    2604       -0.005387
    2605       -0.006581
    2606       -0.007789
    2607       -0.009001
    2608       -0.010212
    2609       -0.011419
    2610       -0.012614
    2611       -0.013781
    2612       -0.014882
    2613       -0.015874
    2614       -0.016657
    2615       -0.017263
    2616       -0.017690
    2617       -0.017910
    2618       -0.018021
    2619       -0.018068
    2620       -0.018086
    2621       -0.018093
    2622       -0.018095
    2623       -0.018095
    2624       -0.018093
    2625       -0.018086
    2626       -0.018068
    2627       -0.018021
    2628       -0.017910
    2629       -0.017690
    2630       -0.017263
    2631       -0.016657
    2632       -0.015874
    2633       -0.014882
    2634       -0.013781
    2635       -0.012614
    2636       -0.011419
    2637       -0.010212
    2638       -0.009001
    2639       -0.007789
    2640       -0.006581
    2641       -0.005387
    2642       -0.004230
    2643       -0.003147
    2644       -0.002177
    2645       -0.001349
    2646       -0.000678
    2647       -0.000369
    2648       -0.000377
    2649       -0.000685
    2650       -0.001362
    2651       -0.002189
    2652       -0.003154
    2653       -0.004233
    2654       -0.005388
    2655       -0.006582
    2656       -0.007789
    2657       -0.009001
    2658       -0.010212
    2659       -0.011419
    2660       -0.012614
    2661       -0.013779
    2662       -0.014877
    2663       -0.015862
    2664       -0.016637
    2665       -0.017242
    2666       -0.017679
    2667       -0.017906
    2668       -0.018021
    2669       -0.018069
    2670       -0.018087
    2671       -0.018092
    2672       -0.018094
    2673       -0.018094
    2674       -0.018092
    2675       -0.018087
    2676       -0.018069
    2677       -0.018021
    2678       -0.017906
    2679       -0.017679
    2680       -0.017242
    2681       -0.016637
    2682       -0.015862
    2683       -0.014877
    2684       -0.013779
    2685       -0.012614
    2686       -0.011419
    2687       -0.010212
    2688       -0.009001
    2689       -0.007789
    2690       -0.006582
    2691       -0.005388
    2692       -0.004233
    2693       -0.003154
    2694       -0.002189
    2695       -0.001362
    2696       -0.000685
    2697       -0.000377
    2698       -0.000369
    2699       -0.000678
    2700       -0.001349
    2701       -0.002177
    2702       -0.003147
    2703       -0.004230
    2704       -0.005388
    2705       -0.006582
    2706       -0.007790
    2707       -0.009001
    2708       -0.010212
    2709       -0.011420
    2710       -0.012616
    2711       -0.013782
    2712       -0.014883
    2713       -0.015876
    2714       -0.016660
    2715       -0.017266
    2716       -0.017694
    2717       -0.017914
    2718       -0.018025
    2719       -0.018071
    2720       -0.018087
    2721       -0.018092
    2722       -0.018093
    2723       -0.018093
    2724       -0.018092
    2725       -0.018087
    2726       -0.018071
    2727       -0.018025
    2728       -0.017914
    2729       -0.017694
    2730       -0.017266
    2731       -0.016660
    2732       -0.015876
    2733       -0.014883
    2734       -0.013782
    2735       -0.012616
    2736       -0.011420
    2737       -0.010212
    2738       -0.009001
    2739       -0.007790
    2740       -0.006582
    2741       -0.005388
    2742       -0.004230
    2743       -0.003147
    2744       -0.002177
    2745       -0.001349
    2746       -0.000678
    2747       -0.000369
    2748       -0.000344
    2749       -0.000653
    2750       -0.001307
    2751       -0.002143
    2752       -0.003126
    2753       -0.004221
    2754       -0.005385
    2755       -0.006582
    2756       -0.007790
    2757       -0.009002
    2758       -0.010213
    2759       -0.011421
    2760       -0.012618
    2761       -0.013790
    2762       -0.014900
    2763       -0.015915
    2764       -0.016729
    2765       -0.017335
    2766       -0.017734
    2767       -0.017931
    2768       -0.018033
    2769       -0.018074
    2770       -0.018088
    2771       -0.018091
    2772       -0.018092
    2773       -0.018092
    2774       -0.018091
    2775       -0.018088
    2776       -0.018074
    2777       -0.018033
    2778       -0.017931
    2779       -0.017734
    2780       -0.017335
    2781       -0.016729
    2782       -0.015915
    2783       -0.014900
    2784       -0.013790
    2785       -0.012618
    2786       -0.011421
    2787       -0.010213
    2788       -0.009002
    2789       -0.007790
    2790       -0.006582
    2791       -0.005385
    2792       -0.004221
    2793       -0.003126
    2794       -0.002143
    2795       -0.001307
    2796       -0.000653
    2797       -0.000344
    2798       -0.000301
    2799       -0.000605
    2800       -0.001235
    2801       -0.002084
    2802       -0.003093
    2803       -0.004207
    2804       -0.005381
    2805       -0.006581
    2806       -0.007791
    2807       -0.009002
    2808       -0.010213
    2809       -0.011422
    2810       -0.012622
    2811       -0.013801
    2812       -0.014926
    2813       -0.015977
    2814       -0.016848
    2815       -0.017455
    2816       -0.017796
    2817       -0.017958
    2818       -0.018045
    2819       -0.018078
    2820       -0.018089
    2821       -0.018091
    2822       -0.018090
    2823       -0.018090
    2824       -0.018091
    2825       -0.018089
    2826       -0.018078
    2827       -0.018046
    2828       -0.017958
    2829       -0.017796
    2830       -0.017455
    2831       -0.016848
    2832       -0.015977
    2833       -0.014926
    2834       -0.013801
    2835       -0.012622
    2836       -0.011422
    2837       -0.010213
    2838       -0.009002
    2839       -0.007791
    2840       -0.006581
    2841       -0.005381
    2842       -0.004207
    2843       -0.003093
    2844       -0.002084
    2845       -0.001235
    2846       -0.000605
    2847       -0.000301
    2848       -0.000238
    2849       -0.000523
    2850       -0.001128
    2851       -0.002002
    2852       -0.003048
    2853       -0.004190
    2854       -0.005377
    2855       -0.006581
    2856       -0.007791
    2857       -0.009003
    2858       -0.010214
    2859       -0.011423
    2860       -0.012626
    2861       -0.013817
    2862       -0.014957
    2863       -0.016057
    2864       -0.017024
    2865       -0.017632
    2866       -0.017878
    2867       -0.017991
    2868       -0.018062
    2869       -0.018083
    2870       -0.018090
    2871       -0.018090
    2872       -0.018089
    2873       -0.018089
    2874       -0.018090
    2875       -0.018090
    2876       -0.018083
    2877       -0.018062
    2878       -0.017991
    2879       -0.017878
    2880       -0.017632
    2881       -0.017024
    2882       -0.016057
    2883       -0.014957
    2884       -0.013817
    2885       -0.012626
    2886       -0.011423
    2887       -0.010214
    2888       -0.009003
    2889       -0.007791
    2890       -0.006581
    2891       -0.005377
    2892       -0.004190
    2893       -0.003048
    2894       -0.002002
    2895       -0.001128
    2896       -0.000523
    2897       -0.000238
    2898       -0.000155
    2899       -0.000391
    2900       -0.000978
    2901       -0.001896
    2902       -0.002994
    2903       -0.004170
    2904       -0.005372
    2905       -0.006581
    2906       -0.007793
    2907       -0.009003
    2908       -0.010216
    2909       -0.011423
    2910       -0.012631
    2911       -0.013834
    2912       -0.014996
    2913       -0.016143
    2914       -0.017272
    2915       -0.017880
    2916       -0.017965
    2917       -0.018030
    2918       -0.018081
    2919       -0.018089
    2920       -0.018091
    2921       -0.018091
    2922       -0.018087
    2923       -0.018087
    2924       -0.018091
    2925       -0.018091
    2926       -0.018089
    2927       -0.018081
    2928       -0.018030
    2929       -0.017965
    2930       -0.017880
    2931       -0.017272
    2932       -0.016143
    2933       -0.014996
    2934       -0.013834
    2935       -0.012631
    2936       -0.011423
    2937       -0.010216
    2938       -0.009003
    2939       -0.007793
    2940       -0.006581
    2941       -0.005372
    2942       -0.004170
    2943       -0.002994
    2944       -0.001896
    2945       -0.000978
    2946       -0.000391
    2947       -0.000155
    2948       -0.000041
    2949       -0.000194
    2950       -0.000779
    2951       -0.001766
    2952       -0.002933
    2953       -0.004150
    2954       -0.005368
    2955       -0.006582
    2956       -0.007792
    2957       -0.009006
    2958       -0.010212
    2959       -0.011431
    2960       -0.012625
    2961       -0.013861
    2962       -0.015036
    2963       -0.016224
    2964       -0.017608
    2965       -0.018219
    2966       -0.018045
    2967       -0.018071
    2968       -0.018109
    2969       -0.018085
    2970       -0.018099
    2971       -0.018087
    2972       -0.018086
    2973       -0.018086
    2974       -0.018087
    2975       -0.018099
    2976       -0.018085
    2977       -0.018109
    2978       -0.018071
    2979       -0.018045
    2980       -0.018219
    2981       -0.017608
    2982       -0.016224
    2983       -0.015036
    2984       -0.013861
    2985       -0.012625
    2986       -0.011431
    2987       -0.010212
    2988       -0.009006
    2989       -0.007792
    2990       -0.006582
    2991       -0.005368
    2992       -0.004150
    2993       -0.002933
    2994       -0.001766
    2995       -0.000779
    2996       -0.000194
    2997       -0.000041
    2998        0.000111
    2999        0.000093
    3000       -0.000520
    3001       -0.001614
    3002       -0.002872
    3003       -0.004133
    3004       -0.005366
    3005       -0.006583
    3006       -0.007794
    3007       -0.009004
    3008       -0.010217
    3009       -0.011425
    3010       -0.012647
    3011       -0.013839
    3012       -0.015145
    3013       -0.016219
    3014       -0.018079
    3015       -0.018690
    3016       -0.018040
    3017       -0.018182
    3018       -0.018089
    3019       -0.018108
    3020       -0.018093
    3021       -0.018089
    3022       -0.018082
    3023       -0.018082
    3024       -0.018089
    3025       -0.018093
    3026       -0.018108
    3027       -0.018089
    3028       -0.018182
    3029       -0.018040
    3030       -0.018690
    3031       -0.018079
    3032       -0.016219
    3033       -0.015145
    3034       -0.013839
    3035       -0.012647
    3036       -0.011425
    3037       -0.010217
    3038       -0.009004
    3039       -0.007794
    3040       -0.006583
    3041       -0.005366
    3042       -0.004133
    3043       -0.002872
    3044       -0.001614
    3045       -0.000520
    3046        0.000093
    3047        0.000111
    3048        0.000124
    3049        0.000161
    3050       -0.000411
    3051       -0.001546
    3052       -0.002851
    3053       -0.004132
    3054       -0.005369
    3055       -0.006585
    3056       -0.007796
    3057       -0.009005
    3058       -0.010215
    3059       -0.011427
    3060       -0.012638
    3061       -0.013864
    3062       -0.015082
    3063       -0.016443
    3064       -0.018143
    3065       -0.018752
    3066       -0.018266
    3067       -0.018119
    3068       -0.018115
    3069       -0.018100
    3070       -0.018096
    3071       -0.018087
    3072       -0.018079
    3073       -0.018079
    3074       -0.018087
    3075       -0.018096
    3076       -0.018100
    3077       -0.018115
    3078       -0.018119
    3079       -0.018266
    3080       -0.018752
    3081       -0.018143
    3082       -0.016443
    3083       -0.015082
    3084       -0.013864
    3085       -0.012638
    3086       -0.011427
    3087       -0.010215
    3088       -0.009005
    3089       -0.007796
    3090       -0.006585
    3091       -0.005369
    3092       -0.004132
    3093       -0.002851
    3094       -0.001546
    3095       -0.000411
    3096        0.000161
    3097        0.000124
    3098       -0.000039
    3099        0.000025
    3100       -0.000040
    3101        0.000036
    3102        0.000128
    3103        0.000195
    3104        0.000465
    3105        0.000515
    3106        0.000854
    3107        0.000878
    3108        0.001239
    3109        0.001247
    3110        0.001610
    3111        0.001612
    3112        0.001975
    3113        0.001975
    3114        0.002337
    3115        0.002337
    3116        0.002701
    3117        0.002701
    3118        0.003062
    3119        0.003061
    3120        0.003427
    3121        0.003430
    3122        0.003786
    3123        0.003779
    3124        0.004161
    3125        0.004162
    3126        0.004512
    3127        0.004512
    3128        0.004946
    3129        0.004748
    3130        0.005420
    3131        0.005920
    3132        0.005601
    3133        0.006101
    3134        0.005489
    3135        0.005291
    3136        0.005417
    3137        0.005417
    3138        0.005428
    3139        0.005431
    3140        0.005416
    3141        0.005411
    3142        0.005424
    3143        0.005427
    3144        0.005430
    3145        0.005429
    3146        0.005439
    3147        0.005437
    3148        0.005439
    3149        0.005437
    3150        0.005430
    3151        0.005429
    3152        0.005424
    3153        0.005427
    3154        0.005416
    3155        0.005411
    3156        0.005428
    3157        0.005431
    3158        0.005417
    3159        0.005418
    3160        0.005489
    3161        0.005291
    3162        0.005601
    3163        0.006101
    3164        0.005420
    3165        0.005920
    3166        0.004946
    3167        0.004748
    3168        0.004512
    3169        0.004512
    3170        0.004161
    3171        0.004162
    3172        0.003786
    3173        0.003779
    3174        0.003427
    3175        0.003430
    3176        0.003062
    3177        0.003061
    3178        0.002701
    3179        0.002701
    3180        0.002337
    3181        0.002337
    3182        0.001975
    3183        0.001975
    3184        0.001612
    3185        0.001610
    3186        0.001247
    3187        0.001239
    3188        0.000854
    3189        0.000878
    3190        0.000465
    3191        0.000515
    3192        0.000128
    3193        0.000195
    3194       -0.000040
    3195        0.000036
    3196       -0.000039
    3197        0.000025


                                                      SUMMARY INFORMATION
                                                  _________________________

                                                         Min/Max Values
    -Source ID--Entity ID---Sub ID----X Component--
Min:     1       1450          0        -0.043257
Max:     1        625          0         0.019352

