




                       MSC.Patran 25.0.638960 Wed Mar 13 09:21:55 PDT 2019 - Analysis Code: MSC.Nastran 
                                             Load Case: Default, A1:Static Subcase 
                                         Result Strain Tensor,  - Layer (NON-LAYERED) 
                                                     Entity: Element Tensor


-Entity ID--X Component--
       1        0.000132
       2        0.000180
       3       -0.000387
       4       -0.001520
       5       -0.002822
       6       -0.004099
       7       -0.005330
       8       -0.006539
       9       -0.007741
      10       -0.008940
      11       -0.010138
      12       -0.011336
      13       -0.012531
      14       -0.013738
      15       -0.014936
      16       -0.016275
      17       -0.017952
      18       -0.018530
      19       -0.018008
      20       -0.017855
      21       -0.017909
      22       -0.017990
      23       -0.018048
      24       -0.018053
      25       -0.018044
      26       -0.018044
      27       -0.018053
      28       -0.018048
      29       -0.017990
      30       -0.017909
      31       -0.017855
      32       -0.018008
      33       -0.018532
      34       -0.017950
      35       -0.016275
      36       -0.014936
      37       -0.013738
      38       -0.012531
      39       -0.011336
      40       -0.010138
      41       -0.008940
      42       -0.007741
      43       -0.006539
      44       -0.005330
      45       -0.004099
      46       -0.002822
      47       -0.001520
      48       -0.000387
      49        0.000180
      50        0.000132
      51        0.000041
      52       -0.000213
      53       -0.001138
      54       -0.002369
      55       -0.003578
      56       -0.004684
      57       -0.005731
      58       -0.006751
      59       -0.007763
      60       -0.008772
      61       -0.009781
      62       -0.010790
      63       -0.011801
      64       -0.012841
      65       -0.013856
      66       -0.015212
      67       -0.016202
      68       -0.016677
      69       -0.016668
      70       -0.016275
      71       -0.016278
      72       -0.016289
      73       -0.016294
      74       -0.016267
      75       -0.016251
      76       -0.016251
      77       -0.016267
      78       -0.016294
      79       -0.016289
      80       -0.016278
      81       -0.016275
      82       -0.016669
      83       -0.016679
      84       -0.016199
      85       -0.015211
      86       -0.013856
      87       -0.012841
      88       -0.011801
      89       -0.010790
      90       -0.009781
      91       -0.008772
      92       -0.007763
      93       -0.006751
      94       -0.005731
      95       -0.004684
      96       -0.003578
      97       -0.002369
      98       -0.001138
      99       -0.000213
     100        0.000041
     101       -0.000265
     102       -0.001178
     103       -0.002712
     104       -0.004107
     105       -0.005112
     106       -0.005871
     107       -0.006538
     108       -0.007176
     109       -0.007804
     110       -0.008431
     111       -0.009056
     112       -0.009687
     113       -0.010323
     114       -0.011016
     115       -0.011653
     116       -0.013037
     117       -0.012653
     118       -0.012947
     119       -0.013925
     120       -0.013073
     121       -0.012979
     122       -0.012860
     123       -0.012764
     124       -0.012681
     125       -0.012654
     126       -0.012654
     127       -0.012681
     128       -0.012764
     129       -0.012860
     130       -0.012979
     131       -0.013073
     132       -0.013926
     133       -0.012947
     134       -0.012653
     135       -0.013036
     136       -0.011653
     137       -0.011016
     138       -0.010323
     139       -0.009687
     140       -0.009056
     141       -0.008431
     142       -0.007804
     143       -0.007176
     144       -0.006538
     145       -0.005871
     146       -0.005112
     147       -0.004107
     148       -0.002712
     149       -0.001178
     150       -0.000265
     151       -0.000560
     152       -0.002151
     153       -0.004336
     154       -0.005887
     155       -0.006665
     156       -0.007063
     157       -0.007347
     158       -0.007602
     159       -0.007847
     160       -0.008087
     161       -0.008335
     162       -0.008575
     163       -0.008865
     164       -0.009120
     165       -0.009620
     166       -0.010287
     167       -0.009615
     168       -0.009738
     169       -0.010616
     170       -0.010047
     171       -0.009610
     172       -0.009446
     173       -0.009218
     174       -0.009090
     175       -0.009057
     176       -0.009057
     177       -0.009090
     178       -0.009218
     179       -0.009446
     180       -0.009610
     181       -0.010047
     182       -0.010616
     183       -0.009738
     184       -0.009614
     185       -0.010286
     186       -0.009619
     187       -0.009120
     188       -0.008865
     189       -0.008575
     190       -0.008335
     191       -0.008087
     192       -0.007847
     193       -0.007602
     194       -0.007347
     195       -0.007063
     196       -0.006665
     197       -0.005887
     198       -0.004336
     199       -0.002151
     200       -0.000560
     201       -0.000884
     202       -0.003238
     203       -0.006106
     204       -0.007743
     205       -0.008238
     206       -0.008258
     207       -0.008159
     208       -0.008029
     209       -0.007887
     210       -0.007748
     211       -0.007606
     212       -0.007479
     213       -0.007366
     214       -0.007291
     215       -0.007425
     216       -0.007538
     217       -0.006720
     218       -0.006664
     219       -0.007326
     220       -0.006884
     221       -0.006319
     222       -0.005977
     223       -0.005661
     224       -0.005481
     225       -0.005465
     226       -0.005465
     227       -0.005481
     228       -0.005661
     229       -0.005977
     230       -0.006319
     231       -0.006884
     232       -0.007326
     233       -0.006664
     234       -0.006720
     235       -0.007538
     236       -0.007425
     237       -0.007291
     238       -0.007366
     239       -0.007479
     240       -0.007606
     241       -0.007748
     242       -0.007887
     243       -0.008029
     244       -0.008159
     245       -0.008258
     246       -0.008238
     247       -0.007743
     248       -0.006106
     249       -0.003238
     250       -0.000884
     251       -0.001280
     252       -0.004575
     253       -0.008123
     254       -0.009698
     255       -0.009829
     256       -0.009456
     257       -0.008974
     258       -0.008455
     259       -0.007930
     260       -0.007404
     261       -0.006882
     262       -0.006371
     263       -0.005878
     264       -0.005443
     265       -0.005158
     266       -0.004808
     267       -0.003883
     268       -0.003640
     269       -0.004075
     270       -0.003698
     271       -0.003037
     272       -0.002482
     273       -0.002050
     274       -0.001866
     275       -0.001875
     276       -0.001875
     277       -0.001866
     278       -0.002050
     279       -0.002482
     280       -0.003037
     281       -0.003698
     282       -0.004075
     283       -0.003640
     284       -0.003883
     285       -0.004808
     286       -0.005157
     287       -0.005443
     288       -0.005878
     289       -0.006371
     290       -0.006882
     291       -0.007404
     292       -0.007930
     293       -0.008455
     294       -0.008974
     295       -0.009456
     296       -0.009829
     297       -0.009698
     298       -0.008123
     299       -0.004575
     300       -0.001280
     301       -0.001824
     302       -0.006338
     303       -0.010484
     304       -0.011761
     305       -0.011425
     306       -0.010662
     307       -0.009789
     308       -0.008883
     309       -0.007970
     310       -0.007063
     311       -0.006156
     312       -0.005261
     313       -0.004388
     314       -0.003575
     315       -0.002849
     316       -0.002083
     317       -0.001065
     318       -0.000626
     319       -0.000823
     320       -0.000578
     321        0.000225
     322        0.001074
     323        0.001655
     324        0.001727
     325        0.001717
     326        0.001717
     327        0.001727
     328        0.001655
     329        0.001074
     330        0.000225
     331       -0.000579
     332       -0.000823
     333       -0.000626
     334       -0.001065
     335       -0.002083
     336       -0.002849
     337       -0.003575
     338       -0.004388
     339       -0.005261
     340       -0.006156
     341       -0.007063
     342       -0.007970
     343       -0.008883
     344       -0.009789
     345       -0.010662
     346       -0.011425
     347       -0.011761
     348       -0.010484
     349       -0.006338
     350       -0.001824
     351       -0.002641
     352       -0.008769
     353       -0.013289
     354       -0.013883
     355       -0.013037
     356       -0.011865
     357       -0.010613
     358       -0.009302
     359       -0.008018
     360       -0.006716
     361       -0.005431
     362       -0.004149
     363       -0.002895
     364       -0.001691
     365       -0.000517
     366        0.000653
     367        0.001778
     368        0.002393
     369        0.002482
     370        0.002474
     371        0.003226
     372        0.004976
     373        0.005351
     374        0.005318
     375        0.005308
     376        0.005308
     377        0.005318
     378        0.005351
     379        0.004976
     380        0.003226
     381        0.002474
     382        0.002482
     383        0.002393
     384        0.001778
     385        0.000653
     386       -0.000517
     387       -0.001691
     388       -0.002895
     389       -0.004149
     390       -0.005431
     391       -0.006716
     392       -0.008018
     393       -0.009302
     394       -0.010613
     395       -0.011865
     396       -0.013036
     397       -0.013883
     398       -0.013289
     399       -0.008769
     400       -0.002641
     401       -0.003888
     402       -0.012326
     403       -0.016483
     404       -0.016052
     405       -0.014607
     406       -0.013131
     407       -0.011391
     408       -0.009750
     409       -0.008046
     410       -0.006379
     411       -0.004700
     412       -0.003038
     413       -0.001393
     414        0.000204
     415        0.001816
     416        0.003430
     417        0.004661
     418        0.005475
     419        0.005801
     420        0.005641
     421        0.005619
     422        0.009390
     423        0.009048
     424        0.008915
     425        0.008899
     426        0.008899
     427        0.008915
     428        0.009048
     429        0.009390
     430        0.005619
     431        0.005641
     432        0.005801
     433        0.005475
     434        0.004661
     435        0.003430
     436        0.001816
     437        0.000204
     438       -0.001393
     439       -0.003038
     440       -0.004700
     441       -0.006379
     442       -0.008046
     443       -0.009750
     444       -0.011391
     445       -0.013131
     446       -0.014607
     447       -0.016052
     448       -0.016483
     449       -0.012326
     450       -0.003888
     451       -0.006384
     452       -0.017242
     453       -0.020227
     454       -0.017831
     455       -0.016477
     456       -0.014221
     457       -0.012267
     458       -0.010145
     459       -0.008100
     460       -0.006028
     461       -0.003972
     462       -0.001928
     463        0.000117
     464        0.002107
     465        0.004137
     466        0.006243
     467        0.007656
     468        0.008617
     469        0.009211
     470        0.008811
     471        0.007983
     472        0.013747
     473        0.012822
     474        0.012458
     475        0.012512
     476        0.012512
     477        0.012458
     478        0.012822
     479        0.013747
     480        0.007983
     481        0.008811
     482        0.009211
     483        0.008617
     484        0.007656
     485        0.006243
     486        0.004137
     487        0.002107
     488        0.000117
     489       -0.001928
     490       -0.003972
     491       -0.006028
     492       -0.008100
     493       -0.010145
     494       -0.012267
     495       -0.014221
     496       -0.016477
     497       -0.017831
     498       -0.020227
     499       -0.017242
     500       -0.006384
     501       -0.009538
     502       -0.026142
     503       -0.022148
     504       -0.020557
     505       -0.017898
     506       -0.015522
     507       -0.013043
     508       -0.010583
     509       -0.008136
     510       -0.005683
     511       -0.003246
     512       -0.000806
     513        0.001607
     514        0.004054
     515        0.006408
     516        0.009075
     517        0.010820
     518        0.011943
     519        0.012574
     520        0.012100
     521        0.010768
     522        0.017783
     523        0.016336
     524        0.016076
     525        0.016108
     526        0.016108
     527        0.016076
     528        0.016336
     529        0.017783
     530        0.010768
     531        0.012100
     532        0.012574
     533        0.011943
     534        0.010820
     535        0.009075
     536        0.006408
     537        0.004054
     538        0.001607
     539       -0.000806
     540       -0.003246
     541       -0.005683
     542       -0.008136
     543       -0.010583
     544       -0.013043
     545       -0.015522
     546       -0.017898
     547       -0.020557
     548       -0.022148
     549       -0.026142
     550       -0.009538
     551       -0.028336
     552       -0.030786
     553       -0.025642
     554       -0.022673
     555       -0.019508
     556       -0.016772
     557       -0.013818
     558       -0.011032
     559       -0.008160
     560       -0.005345
     561       -0.002512
     562        0.000307
     563        0.003124
     564        0.005939
     565        0.008816
     566        0.011635
     567        0.014354
     568        0.015697
     569        0.015583
     570        0.015544
     571        0.014603
     572        0.020797
     573        0.019743
     574        0.019767
     575        0.019676
     576        0.019676
     577        0.019767
     578        0.019743
     579        0.020797
     580        0.014603
     581        0.015544
     582        0.015583
     583        0.015697
     584        0.014354
     585        0.011635
     586        0.008816
     587        0.005939
     588        0.003124
     589        0.000307
     590       -0.002512
     591       -0.005345
     592       -0.008160
     593       -0.011032
     594       -0.013818
     595       -0.016772
     596       -0.019508
     597       -0.022673
     598       -0.025642
     599       -0.030786
     600       -0.028336
     601       -0.043575
     602       -0.032105
     603       -0.028028
     604       -0.023383
     605       -0.020563
     606       -0.017245
     607       -0.014279
     608       -0.011190
     609       -0.008167
     610       -0.005123
     611       -0.002093
     612        0.000932
     613        0.003977
     614        0.006992
     615        0.010133
     616        0.013141
     617        0.016204
     618        0.017657
     619        0.017484
     620        0.017369
     621        0.017550
     622        0.021062
     623        0.021133
     624        0.021090
     625        0.021028
     626        0.021028
     627        0.021090
     628        0.021133
     629        0.021062
     630        0.017550
     631        0.017369
     632        0.017484
     633        0.017657
     634        0.016204
     635        0.013141
     636        0.010133
     637        0.006992
     638        0.003977
     639        0.000932
     640       -0.002093
     641       -0.005123
     642       -0.008167
     643       -0.011190
     644       -0.014279
     645       -0.017245
     646       -0.020563
     647       -0.023383
     648       -0.028028
     649       -0.032105
     650       -0.043575
     651       -0.043404
     652       -0.032594
     653       -0.027891
     654       -0.023506
     655       -0.020531
     656       -0.017240
     657       -0.014220
     658       -0.011101
     659       -0.008028
     660       -0.004930
     661       -0.001835
     662        0.001267
     663        0.004396
     664        0.007520
     665        0.010745
     666        0.013919
     667        0.017037
     668        0.018652
     669        0.018738
     670        0.018852
     671        0.018829
     672        0.018717
     673        0.018788
     674        0.018903
     675        0.018915
     676        0.018915
     677        0.018903
     678        0.018788
     679        0.018717
     680        0.018829
     681        0.018852
     682        0.018738
     683        0.018652
     684        0.017037
     685        0.013919
     686        0.010745
     687        0.007520
     688        0.004396
     689        0.001267
     690       -0.001835
     691       -0.004930
     692       -0.008028
     693       -0.011101
     694       -0.014220
     695       -0.017240
     696       -0.020531
     697       -0.023506
     698       -0.027891
     699       -0.032594
     700       -0.043404
     701       -0.040826
     702       -0.035748
     703       -0.026402
     704       -0.024226
     705       -0.020242
     706       -0.017372
     707       -0.014197
     708       -0.011166
     709       -0.008086
     710       -0.005027
     711       -0.001961
     712        0.001113
     713        0.004172
     714        0.007328
     715        0.010314
     716        0.013803
     717        0.016332
     718        0.017861
     719        0.018411
     720        0.017940
     721        0.018499
     722        0.019588
     723        0.020019
     724        0.019926
     725        0.019948
     726        0.019948
     727        0.019926
     728        0.020019
     729        0.019588
     730        0.018499
     731        0.017940
     732        0.018411
     733        0.017861
     734        0.016332
     735        0.013803
     736        0.010314
     737        0.007328
     738        0.004172
     739        0.001113
     740       -0.001961
     741       -0.005027
     742       -0.008086
     743       -0.011166
     744       -0.014197
     745       -0.017372
     746       -0.020242
     747       -0.024226
     748       -0.026402
     749       -0.035748
     750       -0.040826
     751       -0.043260
     752       -0.032516
     753       -0.027843
     754       -0.023478
     755       -0.020526
     756       -0.017260
     757       -0.014271
     758       -0.011190
     759       -0.008162
     760       -0.005118
     761       -0.002085
     762        0.000943
     763        0.003988
     764        0.007016
     765        0.010136
     766        0.013196
     767        0.016195
     768        0.017651
     769        0.017557
     770        0.017390
     771        0.017631
     772        0.020949
     773        0.021076
     774        0.021016
     775        0.020964
     776        0.020964
     777        0.021016
     778        0.021076
     779        0.020949
     780        0.017631
     781        0.017390
     782        0.017557
     783        0.017651
     784        0.016195
     785        0.013196
     786        0.010136
     787        0.007016
     788        0.003988
     789        0.000943
     790       -0.002085
     791       -0.005118
     792       -0.008162
     793       -0.011190
     794       -0.014271
     795       -0.017260
     796       -0.020526
     797       -0.023478
     798       -0.027843
     799       -0.032516
     800       -0.043260
     801        0.000134
     802        0.000184
     803       -0.000384
     804       -0.001523
     805       -0.002833
     806       -0.004119
     807       -0.005363
     808       -0.006585
     809       -0.007803
     810       -0.009022
     811       -0.010243
     812       -0.011467
     813       -0.012692
     814       -0.013934
     815       -0.015171
     816       -0.016552
     817       -0.018273
     818       -0.018903
     819       -0.018433
     820       -0.018288
     821       -0.018269
     822       -0.018232
     823       -0.018213
     824       -0.018204
     825       -0.018202
     826       -0.018202
     827       -0.018204
     828       -0.018213
     829       -0.018232
     830       -0.018269
     831       -0.018288
     832       -0.018433
     833       -0.018903
     834       -0.018273
     835       -0.016552
     836       -0.015171
     837       -0.013934
     838       -0.012692
     839       -0.011467
     840       -0.010243
     841       -0.009022
     842       -0.007803
     843       -0.006585
     844       -0.005363
     845       -0.004119
     846       -0.002833
     847       -0.001523
     848       -0.000384
     849        0.000184
     850        0.000134
     851        0.000042
     852       -0.000211
     853       -0.001137
     854       -0.002372
     855       -0.003587
     856       -0.004701
     857       -0.005755
     858       -0.006785
     859       -0.007809
     860       -0.008831
     861       -0.009856
     862       -0.010883
     863       -0.011917
     864       -0.012980
     865       -0.014022
     866       -0.015409
     867       -0.016428
     868       -0.016942
     869       -0.016986
     870       -0.016632
     871       -0.016614
     872       -0.016560
     873       -0.016541
     874       -0.016535
     875       -0.016536
     876       -0.016536
     877       -0.016535
     878       -0.016541
     879       -0.016560
     880       -0.016614
     881       -0.016632
     882       -0.016986
     883       -0.016942
     884       -0.016428
     885       -0.015409
     886       -0.014022
     887       -0.012980
     888       -0.011917
     889       -0.010883
     890       -0.009856
     891       -0.008831
     892       -0.007809
     893       -0.006785
     894       -0.005755
     895       -0.004701
     896       -0.003587
     897       -0.002372
     898       -0.001137
     899       -0.000211
     900        0.000042
     901       -0.000265
     902       -0.001177
     903       -0.002714
     904       -0.004113
     905       -0.005120
     906       -0.005881
     907       -0.006550
     908       -0.007192
     909       -0.007824
     910       -0.008454
     911       -0.009085
     912       -0.009722
     913       -0.010366
     914       -0.011067
     915       -0.011713
     916       -0.013108
     917       -0.012733
     918       -0.013043
     919       -0.014076
     920       -0.013320
     921       -0.013304
     922       -0.013226
     923       -0.013210
     924       -0.013208
     925       -0.013212
     926       -0.013212
     927       -0.013208
     928       -0.013210
     929       -0.013226
     930       -0.013304
     931       -0.013320
     932       -0.014076
     933       -0.013043
     934       -0.012733
     935       -0.013108
     936       -0.011713
     937       -0.011067
     938       -0.010366
     939       -0.009722
     940       -0.009085
     941       -0.008454
     942       -0.007824
     943       -0.007192
     944       -0.006550
     945       -0.005881
     946       -0.005120
     947       -0.004113
     948       -0.002714
     949       -0.001177
     950       -0.000265
     951       -0.000561
     952       -0.002151
     953       -0.004340
     954       -0.005895
     955       -0.006672
     956       -0.007067
     957       -0.007349
     958       -0.007600
     959       -0.007840
     960       -0.008076
     961       -0.008318
     962       -0.008552
     963       -0.008835
     964       -0.009082
     965       -0.009572
     966       -0.010232
     967       -0.009548
     968       -0.009665
     969       -0.010589
     970       -0.010177
     971       -0.009924
     972       -0.009911
     973       -0.009869
     974       -0.009883
     975       -0.009888
     976       -0.009888
     977       -0.009883
     978       -0.009869
     979       -0.009911
     980       -0.009924
     981       -0.010177
     982       -0.010589
     983       -0.009665
     984       -0.009548
     985       -0.010232
     986       -0.009572
     987       -0.009082
     988       -0.008835
     989       -0.008552
     990       -0.008318
     991       -0.008076
     992       -0.007840
     993       -0.007600
     994       -0.007349
     995       -0.007067
     996       -0.006672
     997       -0.005895
     998       -0.004340
     999       -0.002151
    1000       -0.000561
    1001       -0.000885
    1002       -0.003240
    1003       -0.006114
    1004       -0.007752
    1005       -0.008244
    1006       -0.008257
    1007       -0.008149
    1008       -0.008009
    1009       -0.007855
    1010       -0.007701
    1011       -0.007543
    1012       -0.007398
    1013       -0.007263
    1014       -0.007164
    1015       -0.007271
    1016       -0.007355
    1017       -0.006509
    1018       -0.006422
    1019       -0.007107
    1020       -0.006871
    1021       -0.006612
    1022       -0.006555
    1023       -0.006544
    1024       -0.006552
    1025       -0.006566
    1026       -0.006566
    1027       -0.006552
    1028       -0.006544
    1029       -0.006555
    1030       -0.006612
    1031       -0.006871
    1032       -0.007107
    1033       -0.006422
    1034       -0.006509
    1035       -0.007355
    1036       -0.007271
    1037       -0.007164
    1038       -0.007263
    1039       -0.007398
    1040       -0.007543
    1041       -0.007701
    1042       -0.007855
    1043       -0.008009
    1044       -0.008149
    1045       -0.008257
    1046       -0.008244
    1047       -0.007752
    1048       -0.006114
    1049       -0.003240
    1050       -0.000885
    1051       -0.001283
    1052       -0.004580
    1053       -0.008136
    1054       -0.009711
    1055       -0.009833
    1056       -0.009449
    1057       -0.008953
    1058       -0.008417
    1059       -0.007872
    1060       -0.007323
    1061       -0.006774
    1062       -0.006231
    1063       -0.005703
    1064       -0.005228
    1065       -0.004898
    1066       -0.004498
    1067       -0.003528
    1068       -0.003237
    1069       -0.003639
    1070       -0.003492
    1071       -0.003280
    1072       -0.003211
    1073       -0.003209
    1074       -0.003228
    1075       -0.003242
    1076       -0.003242
    1077       -0.003228
    1078       -0.003209
    1079       -0.003211
    1080       -0.003280
    1081       -0.003492
    1082       -0.003639
    1083       -0.003237
    1084       -0.003528
    1085       -0.004498
    1086       -0.004898
    1087       -0.005228
    1088       -0.005703
    1089       -0.006231
    1090       -0.006774
    1091       -0.007323
    1092       -0.007872
    1093       -0.008417
    1094       -0.008953
    1095       -0.009449
    1096       -0.009833
    1097       -0.009711
    1098       -0.008136
    1099       -0.004580
    1100       -0.001283
    1101       -0.001828
    1102       -0.006348
    1103       -0.010502
    1104       -0.011777
    1105       -0.011429
    1106       -0.010649
    1107       -0.009757
    1108       -0.008828
    1109       -0.007887
    1110       -0.006948
    1111       -0.006003
    1112       -0.005065
    1113       -0.004142
    1114       -0.003273
    1115       -0.002483
    1116       -0.001649
    1117       -0.000561
    1118       -0.000063
    1119       -0.000175
    1120       -0.000066
    1121        0.000075
    1122        0.000133
    1123        0.000123
    1124        0.000095
    1125        0.000081
    1126        0.000081
    1127        0.000095
    1128        0.000123
    1129        0.000133
    1130        0.000075
    1131       -0.000066
    1132       -0.000175
    1133       -0.000063
    1134       -0.000561
    1135       -0.001649
    1136       -0.002483
    1137       -0.003273
    1138       -0.004142
    1139       -0.005065
    1140       -0.006003
    1141       -0.006948
    1142       -0.007887
    1143       -0.008828
    1144       -0.009757
    1145       -0.010649
    1146       -0.011429
    1147       -0.011777
    1148       -0.010502
    1149       -0.006348
    1150       -0.001828
    1151       -0.002649
    1152       -0.008786
    1153       -0.013316
    1154       -0.013902
    1155       -0.013040
    1156       -0.011848
    1157       -0.010571
    1158       -0.009230
    1159       -0.007911
    1160       -0.006567
    1161       -0.005235
    1162       -0.003896
    1163       -0.002579
    1164       -0.001302
    1165       -0.000049
    1166        0.001213
    1167        0.002423
    1168        0.003129
    1169        0.003309
    1170        0.003389
    1171        0.003449
    1172        0.003477
    1173        0.003450
    1174        0.003415
    1175        0.003405
    1176        0.003405
    1177        0.003415
    1178        0.003450
    1179        0.003477
    1180        0.003449
    1181        0.003389
    1182        0.003309
    1183        0.003129
    1184        0.002423
    1185        0.001213
    1186       -0.000049
    1187       -0.001302
    1188       -0.002579
    1189       -0.003896
    1190       -0.005235
    1191       -0.006567
    1192       -0.007911
    1193       -0.009230
    1194       -0.010571
    1195       -0.011848
    1196       -0.013040
    1197       -0.013902
    1198       -0.013316
    1199       -0.008786
    1200       -0.002649
    1201       -0.003901
    1202       -0.012355
    1203       -0.016521
    1204       -0.016076
    1205       -0.014609
    1206       -0.013109
    1207       -0.011339
    1208       -0.009663
    1209       -0.007915
    1210       -0.006198
    1211       -0.004461
    1212       -0.002731
    1213       -0.001008
    1214        0.000677
    1215        0.002388
    1216        0.004108
    1217        0.005456
    1218        0.006371
    1219        0.006834
    1220        0.006860
    1221        0.006840
    1222        0.006822
    1223        0.006767
    1224        0.006730
    1225        0.006732
    1226        0.006732
    1227        0.006730
    1228        0.006767
    1229        0.006822
    1230        0.006840
    1231        0.006860
    1232        0.006834
    1233        0.006371
    1234        0.005456
    1235        0.004108
    1236        0.002388
    1237        0.000677
    1238       -0.001008
    1239       -0.002731
    1240       -0.004461
    1241       -0.006198
    1242       -0.007915
    1243       -0.009663
    1244       -0.011339
    1245       -0.013109
    1246       -0.014609
    1247       -0.016076
    1248       -0.016521
    1249       -0.012355
    1250       -0.003901
    1251       -0.006408
    1252       -0.017290
    1253       -0.020279
    1254       -0.017858
    1255       -0.016481
    1256       -0.014195
    1257       -0.012207
    1258       -0.010043
    1259       -0.007948
    1260       -0.005817
    1261       -0.003692
    1262       -0.001567
    1263        0.000570
    1264        0.002663
    1265        0.004808
    1266        0.007044
    1267        0.008581
    1268        0.009707
    1269        0.010407
    1270        0.010337
    1271        0.010250
    1272        0.010165
    1273        0.010062
    1274        0.010045
    1275        0.010062
    1276        0.010062
    1277        0.010045
    1278        0.010062
    1279        0.010165
    1280        0.010250
    1281        0.010337
    1282        0.010407
    1283        0.009707
    1284        0.008581
    1285        0.007044
    1286        0.004808
    1287        0.002663
    1288        0.000570
    1289       -0.001567
    1290       -0.003692
    1291       -0.005817
    1292       -0.007948
    1293       -0.010043
    1294       -0.012207
    1295       -0.014195
    1296       -0.016481
    1297       -0.017858
    1298       -0.020279
    1299       -0.017290
    1300       -0.006408
    1301       -0.009578
    1302       -0.026229
    1303       -0.022207
    1304       -0.020589
    1305       -0.017903
    1306       -0.015493
    1307       -0.012975
    1308       -0.010468
    1309       -0.007963
    1310       -0.005443
    1311       -0.002926
    1312       -0.000393
    1313        0.002125
    1314        0.004692
    1315        0.007176
    1316        0.009996
    1317        0.011879
    1318        0.013205
    1319        0.014002
    1320        0.013795
    1321        0.013728
    1322        0.013461
    1323        0.013341
    1324        0.013360
    1325        0.013399
    1326        0.013399
    1327        0.013360
    1328        0.013341
    1329        0.013461
    1330        0.013728
    1331        0.013795
    1332        0.014002
    1333        0.013205
    1334        0.011879
    1335        0.009996
    1336        0.007176
    1337        0.004692
    1338        0.002125
    1339       -0.000393
    1340       -0.002926
    1341       -0.005443
    1342       -0.007963
    1343       -0.010468
    1344       -0.012975
    1345       -0.015493
    1346       -0.017903
    1347       -0.020589
    1348       -0.022207
    1349       -0.026229
    1350       -0.009578
    1351       -0.028471
    1352       -0.030898
    1353       -0.025709
    1354       -0.022712
    1355       -0.019514
    1356       -0.016742
    1357       -0.013744
    1358       -0.010904
    1359       -0.007969
    1360       -0.005077
    1361       -0.002154
    1362        0.000768
    1363        0.003705
    1364        0.006655
    1365        0.009683
    1366        0.012661
    1367        0.015560
    1368        0.017095
    1369        0.017290
    1370        0.017446
    1371        0.017210
    1372        0.016709
    1373        0.016573
    1374        0.016703
    1375        0.016735
    1376        0.016735
    1377        0.016703
    1378        0.016573
    1379        0.016709
    1380        0.017210
    1381        0.017446
    1382        0.017290
    1383        0.017095
    1384        0.015560
    1385        0.012661
    1386        0.009683
    1387        0.006655
    1388        0.003705
    1389        0.000768
    1390       -0.002154
    1391       -0.005077
    1392       -0.007969
    1393       -0.010904
    1394       -0.013744
    1395       -0.016742
    1396       -0.019514
    1397       -0.022712
    1398       -0.025709
    1399       -0.030898
    1400       -0.028471
    1401       -0.043729
    1402       -0.032188
    1403       -0.028080
    1404       -0.023412
    1405       -0.020568
    1406       -0.017224
    1407       -0.014225
    1408       -0.011095
    1409       -0.008025
    1410       -0.004924
    1411       -0.001827
    1412        0.001276
    1413        0.004412
    1414        0.007529
    1415        0.010781
    1416        0.013911
    1417        0.017101
    1418        0.018721
    1419        0.018743
    1420        0.018919
    1421        0.018841
    1422        0.018668
    1423        0.018708
    1424        0.018837
    1425        0.018849
    1426        0.018849
    1427        0.018837
    1428        0.018708
    1429        0.018668
    1430        0.018841
    1431        0.018919
    1432        0.018743
    1433        0.018721
    1434        0.017101
    1435        0.013911
    1436        0.010781
    1437        0.007529
    1438        0.004412
    1439        0.001276
    1440       -0.001827
    1441       -0.004924
    1442       -0.008025
    1443       -0.011095
    1444       -0.014225
    1445       -0.017224
    1446       -0.020568
    1447       -0.023412
    1448       -0.028080
    1449       -0.032188
    1450       -0.043729
    1451        0.000023
    1452        0.000164
    1453        0.000388
    1454        0.000626
    1455        0.000829
    1456        0.000981
    1457        0.001074
    1458        0.001105
    1459        0.001072
    1460        0.000978
    1461        0.000825
    1462        0.000623
    1463        0.000386
    1464        0.000163
    1465        0.000022
    1466        0.000000
    1467        0.000162
    1468        0.000371
    1469        0.000569
    1470        0.000727
    1471        0.000837
    1472        0.000899
    1473        0.000918
    1474        0.000897
    1475        0.000834
    1476        0.000723
    1477        0.000565
    1478        0.000368
    1479        0.000160
    1480       -0.000000
    1481       -0.000118
    1482        0.000124
    1483        0.000352
    1484        0.000539
    1485        0.000669
    1486        0.000745
    1487        0.000780
    1488        0.000790
    1489        0.000780
    1490        0.000743
    1491        0.000665
    1492        0.000533
    1493        0.000346
    1494        0.000118
    1495       -0.000123
    1496       -0.000185
    1497        0.000124
    1498        0.000376
    1499        0.000552
    1500        0.000652
    1501        0.000694
    1502        0.000702
    1503        0.000703
    1504        0.000704
    1505        0.000693
    1506        0.000648
    1507        0.000544
    1508        0.000366
    1509        0.000113
    1510       -0.000200
    1511       -0.000161
    1512        0.000212
    1513        0.000470
    1514        0.000618
    1515        0.000675
    1516        0.000673
    1517        0.000651
    1518        0.000641
    1519        0.000653
    1520        0.000673
    1521        0.000669
    1522        0.000607
    1523        0.000457
    1524        0.000196
    1525       -0.000187
    1526        0.000023
    1527        0.000428
    1528        0.000659
    1529        0.000745
    1530        0.000732
    1531        0.000672
    1532        0.000613
    1533        0.000590
    1534        0.000615
    1535        0.000670
    1536        0.000723
    1537        0.000730
    1538        0.000645
    1539        0.000413
    1540       -0.000015
    1541        0.000435
    1542        0.000833
    1543        0.000967
    1544        0.000932
    1545        0.000812
    1546        0.000675
    1547        0.000571
    1548        0.000535
    1549        0.000573
    1550        0.000673
    1551        0.000801
    1552        0.000916
    1553        0.000955
    1554        0.000825
    1555        0.000395
    1556        0.001235
    1557        0.001466
    1558        0.001366
    1559        0.001122
    1560        0.000865
    1561        0.000649
    1562        0.000506
    1563        0.000459
    1564        0.000513
    1565        0.000657
    1566        0.000868
    1567        0.001116
    1568        0.001356
    1569        0.001462
    1570        0.001201
    1571        0.002403
    1572        0.002146
    1573        0.001543
    1574        0.001074
    1575        0.000745
    1576        0.000526
    1577        0.000393
    1578        0.000351
    1579        0.000413
    1580        0.000563
    1581        0.000784
    1582        0.001097
    1583        0.001538
    1584        0.002122
    1585        0.002372
    1586        0.003758
    1587        0.001547
    1588        0.000690
    1589        0.000315
    1590        0.000167
    1591        0.000186
    1592        0.000224
    1593        0.000210
    1594        0.000257
    1595        0.000250
    1596        0.000227
    1597        0.000350
    1598        0.000688
    1599        0.001496
    1600        0.003712
    1601        0.000258
    1602       -0.001592
    1603       -0.001508
    1604       -0.001441
    1605       -0.001216
    1606       -0.000702
    1607        0.000071
    1608        0.000054
    1609        0.000094
    1610       -0.000684
    1611       -0.001234
    1612       -0.001470
    1613       -0.001528
    1614       -0.001606
    1615        0.000246
    1616       -0.000544
    1617       -0.000115
    1618       -0.000463
    1619       -0.000980
    1620       -0.000360
    1621       -0.000888
    1622       -0.001402
    1623       -0.000690
    1624       -0.001329
    1625       -0.001919
    1626       -0.001370
    1627       -0.001864
    1628       -0.003033
    1629       -0.002362
    1630       -0.003046
    1631       -0.002025
    1632       -0.001283
    1633       -0.002037
    1799        0.002282
    1800        0.002647
    1801        0.004397
    1802        0.004532
    1803        0.004679
    1804        0.004741
    1805        0.004766
    1806        0.004778
    1807        0.004780
    1808        0.004768
    1809        0.004717
    1810        0.004577
    1811        0.004443
    1812        0.002691
    1813        0.002304
    1814        0.000731
    1815        0.002707
    1816        0.003964
    1817        0.004462
    1818        0.004760
    1819        0.004931
    1820        0.005013
    1821        0.005042
    1822        0.005021
    1823        0.004948
    1824        0.004785
    1825        0.004493
    1826        0.003993
    1827        0.002739
    1828        0.000756
    1829        0.002192
    1830        0.002679
    1831        0.003560
    1832        0.004269
    1833        0.004725
    1834        0.005027
    1835        0.005195
    1836        0.005248
    1837        0.005195
    1838        0.005032
    1839        0.004738
    1840        0.004290
    1841        0.003587
    1842        0.002713
    1843        0.002237
    1844        0.001517
    1845        0.002410
    1846        0.003221
    1847        0.003972
    1848        0.004589
    1849        0.005033
    1850        0.005302
    1851        0.005387
    1852        0.005292
    1853        0.005025
    1854        0.004592
    1855        0.003992
    1856        0.003254
    1857        0.002458
    1858        0.001592
    1859        0.001155
    1860        0.001952
    1861        0.002789
    1862        0.003610
    1863        0.004352
    1864        0.004948
    1865        0.005332
    1866        0.005455
    1867        0.005311
    1868        0.004926
    1869        0.004346
    1870        0.003630
    1871        0.002831
    1872        0.002014
    1873        0.001254
    1874        0.000698
    1875        0.001452
    1876        0.002272
    1877        0.003143
    1878        0.004012
    1879        0.004770
    1880        0.005281
    1881        0.005451
    1882        0.005256
    1883        0.004748
    1884        0.004022
    1885        0.003181
    1886        0.002322
    1887        0.001521
    1888        0.000811
    1889        0.000319
    1890        0.000905
    1891        0.001639
    1892        0.002538
    1893        0.003536
    1894        0.004481
    1895        0.005153
    1896        0.005380
    1897        0.005124
    1898        0.004464
    1899        0.003562
    1900        0.002596
    1901        0.001707
    1902        0.000977
    1903        0.000436
    1904       -0.000112
    1905        0.000220
    1906        0.000809
    1907        0.001694
    1908        0.002841
    1909        0.004046
    1910        0.004946
    1911        0.005251
    1912        0.004909
    1913        0.004024
    1914        0.002872
    1915        0.001766
    1916        0.000888
    1917        0.000294
    1918       -0.000003
    1919       -0.000747
    1920       -0.000680
    1921       -0.000344
    1922        0.000471
    1923        0.001790
    1924        0.003395
    1925        0.004675
    1926        0.005081
    1927        0.004607
    1928        0.003323
    1929        0.001767
    1930        0.000498
    1931       -0.000288
    1932       -0.000603
    1933       -0.000649
    1934       -0.001358
    1935       -0.002183
    1936       -0.002028
    1937       -0.001291
    1938        0.000124
    1939        0.002326
    1940        0.004401
    1941        0.004891
    1942        0.004257
    1943        0.002109
    1944       -0.000062
    1945       -0.001389
    1946       -0.002049
    1947       -0.002150
    1948       -0.001296
    1949       -0.005823
    1950       -0.004290
    1951       -0.003923
    1952       -0.003462
    1953       -0.002478
    1954       -0.000089
    1955        0.004441
    1956        0.004698
    1957        0.004221
    1958       -0.000624
    1959       -0.002908
    1960       -0.003719
    1961       -0.004052
    1962       -0.004316
    1963       -0.005847
    1964        0.003811
    1965        0.004484
    1966        0.004181
    1967        0.003335
    1968        0.004251
    1969        0.003701
    1970        0.003301
    1971        0.003810
    1972        0.003506
    1973        0.002870
    1974        0.003331
    1975        0.002943
    1976        0.002754
    1977        0.001122
    1978        0.002777
    1979        0.000458
    1980       -0.002016
    1981        0.000317
    1982        0.002282
    1983        0.002647
    1984        0.004397
    1985        0.004532
    1986        0.004679
    1987        0.004741
    1988        0.004766
    1989        0.004778
    1990        0.004780
    1991        0.004768
    1992        0.004717
    1993        0.004577
    1994        0.004443
    1995        0.002691
    1996        0.002304
    1997        0.000731
    1998        0.002707
    1999        0.003964
    2000        0.004462
    2001        0.004760
    2002        0.004931
    2003        0.005013
    2004        0.005042
    2005        0.005021
    2006        0.004948
    2007        0.004785
    2008        0.004493
    2009        0.003993
    2010        0.002739
    2011        0.000756
    2012        0.002192
    2013        0.002679
    2014        0.003560
    2015        0.004269
    2016        0.004725
    2017        0.005027
    2018        0.005195
    2019        0.005248
    2020        0.005195
    2021        0.005032
    2022        0.004738
    2023        0.004290
    2024        0.003587
    2025        0.002713
    2026        0.002237
    2027        0.001517
    2028        0.002410
    2029        0.003221
    2030        0.003972
    2031        0.004587
    2032        0.005031
    2033        0.005301
    2034        0.005387
    2035        0.005292
    2036        0.005022
    2037        0.004587
    2038        0.003989
    2039        0.003254
    2040        0.002457
    2041        0.001592
    2042        0.001155
    2043        0.001952
    2044        0.002789
    2045        0.003607
    2046        0.004351
    2047        0.004949
    2048        0.005331
    2049        0.005455
    2050        0.005312
    2051        0.004929
    2052        0.004351
    2053        0.003630
    2054        0.002829
    2055        0.002013
    2056        0.001254
    2057        0.000698
    2058        0.001453
    2059        0.002272
    2060        0.003148
    2061        0.004015
    2062        0.004771
    2063        0.005282
    2064        0.005451
    2065        0.005256
    2066        0.004749
    2067        0.004023
    2068        0.003184
    2069        0.002327
    2070        0.001522
    2071        0.000811
    2072        0.000319
    2073        0.000905
    2074        0.001639
    2075        0.002540
    2076        0.003537
    2077        0.004482
    2078        0.005153
    2079        0.005380
    2080        0.005123
    2081        0.004464
    2082        0.003562
    2083        0.002596
    2084        0.001709
    2085        0.000978
    2086        0.000436
    2087       -0.000109
    2088        0.000225
    2089        0.000811
    2090        0.001695
    2091        0.002841
    2092        0.004046
    2093        0.004946
    2094        0.005251
    2095        0.004909
    2096        0.004024
    2097        0.002872
    2098        0.001767
    2099        0.000888
    2100        0.000299
    2101       -0.000001
    2102       -0.000751
    2103       -0.000682
    2104       -0.000344
    2105        0.000471
    2106        0.001790
    2107        0.003395
    2108        0.004675
    2109        0.005081
    2110        0.004607
    2111        0.003323
    2112        0.001771
    2113        0.000502
    2114       -0.000287
    2115       -0.000604
    2116       -0.000652
    2117       -0.001358
    2118       -0.002179
    2119       -0.002027
    2120       -0.001291
    2121        0.000124
    2122        0.002326
    2123        0.004401
    2124        0.004891
    2125        0.004257
    2126        0.002109
    2127       -0.000055
    2128       -0.001391
    2129       -0.002050
    2130       -0.002150
    2131       -0.001296
    2132       -0.005825
    2133       -0.004288
    2134       -0.003922
    2135       -0.003461
    2136       -0.002478
    2137       -0.000089
    2138        0.004441
    2139        0.004698
    2140        0.004221
    2141       -0.000624
    2142       -0.002905
    2143       -0.003725
    2144       -0.004053
    2145       -0.004316
    2146       -0.005847
    2147        0.003811
    2148        0.004484
    2149        0.004181
    2150        0.003335
    2151        0.004251
    2152        0.003700
    2153        0.003301
    2154        0.003810
    2155        0.003506
    2156        0.002870
    2157        0.003331
    2158        0.002944
    2159        0.002755
    2160        0.001122
    2161        0.002777
    2162        0.000458
    2163       -0.002016
    2164        0.000317
    2165        0.000023
    2166        0.000164
    2167        0.000388
    2168        0.000626
    2169        0.000829
    2170        0.000981
    2171        0.001074
    2172        0.001105
    2173        0.001072
    2174        0.000978
    2175        0.000825
    2176        0.000623
    2177        0.000386
    2178        0.000163
    2179        0.000022
    2180        0.000000
    2181        0.000162
    2182        0.000371
    2183        0.000569
    2184        0.000727
    2185        0.000837
    2186        0.000898
    2187        0.000918
    2188        0.000897
    2189        0.000834
    2190        0.000723
    2191        0.000565
    2192        0.000368
    2193        0.000160
    2194       -0.000000
    2195       -0.000118
    2196        0.000124
    2197        0.000352
    2198        0.000539
    2199        0.000669
    2200        0.000745
    2201        0.000780
    2202        0.000790
    2203        0.000780
    2204        0.000743
    2205        0.000664
    2206        0.000533
    2207        0.000346
    2208        0.000118
    2209       -0.000123
    2210       -0.000185
    2211        0.000124
    2212        0.000376
    2213        0.000552
    2214        0.000652
    2215        0.000693
    2216        0.000702
    2217        0.000703
    2218        0.000704
    2219        0.000693
    2220        0.000647
    2221        0.000543
    2222        0.000366
    2223        0.000113
    2224       -0.000200
    2225       -0.000161
    2226        0.000212
    2227        0.000470
    2228        0.000617
    2229        0.000673
    2230        0.000672
    2231        0.000651
    2232        0.000641
    2233        0.000653
    2234        0.000672
    2235        0.000667
    2236        0.000605
    2237        0.000456
    2238        0.000195
    2239       -0.000187
    2240        0.000023
    2241        0.000428
    2242        0.000658
    2243        0.000744
    2244        0.000732
    2245        0.000672
    2246        0.000613
    2247        0.000590
    2248        0.000615
    2249        0.000672
    2250        0.000725
    2251        0.000731
    2252        0.000644
    2253        0.000412
    2254       -0.000015
    2255        0.000435
    2256        0.000833
    2257        0.000968
    2258        0.000934
    2259        0.000813
    2260        0.000675
    2261        0.000572
    2262        0.000535
    2263        0.000574
    2264        0.000673
    2265        0.000802
    2266        0.000915
    2267        0.000954
    2268        0.000825
    2269        0.000395
    2270        0.001237
    2271        0.001468
    2272        0.001368
    2273        0.001124
    2274        0.000865
    2275        0.000649
    2276        0.000506
    2277        0.000459
    2278        0.000513
    2279        0.000657
    2280        0.000868
    2281        0.001116
    2282        0.001361
    2283        0.001469
    2284        0.001204
    2285        0.002400
    2286        0.002146
    2287        0.001542
    2288        0.001074
    2289        0.000746
    2290        0.000526
    2291        0.000392
    2292        0.000351
    2293        0.000413
    2294        0.000563
    2295        0.000783
    2296        0.001097
    2297        0.001539
    2298        0.002121
    2299        0.002369
    2300        0.003756
    2301        0.001545
    2302        0.000689
    2303        0.000312
    2304        0.000165
    2305        0.000186
    2306        0.000224
    2307        0.000210
    2308        0.000257
    2309        0.000250
    2310        0.000225
    2311        0.000349
    2312        0.000687
    2313        0.001494
    2314        0.003709
    2315        0.000259
    2316       -0.001597
    2317       -0.001509
    2318       -0.001438
    2319       -0.001218
    2320       -0.000701
    2321        0.000070
    2322        0.000054
    2323        0.000093
    2324       -0.000683
    2325       -0.001237
    2326       -0.001468
    2327       -0.001528
    2328       -0.001612
    2329        0.000248
    2330       -0.000544
    2331       -0.000115
    2332       -0.000463
    2333       -0.000979
    2334       -0.000360
    2335       -0.000884
    2336       -0.001403
    2337       -0.000690
    2338       -0.001330
    2339       -0.001919
    2340       -0.001370
    2341       -0.001864
    2342       -0.003029
    2343       -0.002363
    2344       -0.003043
    2345       -0.002029
    2346       -0.001282
    2347       -0.002041
    2348       -0.000035
    2349       -0.000181
    2350       -0.000760
    2351       -0.001743
    2352       -0.002906
    2353       -0.004120
    2354       -0.005333
    2355       -0.006542
    2356       -0.007745
    2357       -0.008951
    2358       -0.010149
    2359       -0.011357
    2360       -0.012539
    2361       -0.013761
    2362       -0.014921
    2363       -0.016092
    2364       -0.017458
    2365       -0.018048
    2366       -0.017857
    2367       -0.017888
    2368       -0.017965
    2369       -0.017997
    2370       -0.018055
    2371       -0.018061
    2372       -0.018065
    2373       -0.018065
    2374       -0.018061
    2375       -0.018055
    2376       -0.017997
    2377       -0.017965
    2378       -0.017888
    2379       -0.017857
    2380       -0.018049
    2381       -0.017458
    2382       -0.016091
    2383       -0.014921
    2384       -0.013761
    2385       -0.012539
    2386       -0.011357
    2387       -0.010149
    2388       -0.008951
    2389       -0.007745
    2390       -0.006542
    2391       -0.005333
    2392       -0.004120
    2393       -0.002906
    2394       -0.001743
    2395       -0.000760
    2396       -0.000181
    2397       -0.000035
    2398       -0.000149
    2399       -0.000381
    2400       -0.000962
    2401       -0.001875
    2402       -0.002968
    2403       -0.004141
    2404       -0.005339
    2405       -0.006543
    2406       -0.007750
    2407       -0.008953
    2408       -0.010159
    2409       -0.011357
    2410       -0.012555
    2411       -0.013747
    2412       -0.014896
    2413       -0.016029
    2414       -0.017143
    2415       -0.017737
    2416       -0.017812
    2417       -0.017885
    2418       -0.017965
    2419       -0.018013
    2420       -0.018050
    2421       -0.018069
    2422       -0.018072
    2423       -0.018072
    2424       -0.018069
    2425       -0.018050
    2426       -0.018013
    2427       -0.017965
    2428       -0.017885
    2429       -0.017812
    2430       -0.017737
    2431       -0.017143
    2432       -0.016029
    2433       -0.014896
    2434       -0.013747
    2435       -0.012555
    2436       -0.011357
    2437       -0.010159
    2438       -0.008953
    2439       -0.007750
    2440       -0.006543
    2441       -0.005339
    2442       -0.004141
    2443       -0.002968
    2444       -0.001875
    2445       -0.000962
    2446       -0.000381
    2447       -0.000149
    2448       -0.000233
    2449       -0.000515
    2450       -0.001113
    2451       -0.001983
    2452       -0.003024
    2453       -0.004163
    2454       -0.005346
    2455       -0.006547
    2456       -0.007752
    2457       -0.008959
    2458       -0.010164
    2459       -0.011366
    2460       -0.012561
    2461       -0.013742
    2462       -0.014873
    2463       -0.015961
    2464       -0.016917
    2465       -0.017514
    2466       -0.017756
    2467       -0.017878
    2468       -0.017972
    2469       -0.018023
    2470       -0.018056
    2471       -0.018074
    2472       -0.018081
    2473       -0.018081
    2474       -0.018074
    2475       -0.018056
    2476       -0.018023
    2477       -0.017972
    2478       -0.017878
    2479       -0.017756
    2480       -0.017514
    2481       -0.016917
    2482       -0.015961
    2483       -0.014873
    2484       -0.013742
    2485       -0.012561
    2486       -0.011366
    2487       -0.010164
    2488       -0.008959
    2489       -0.007752
    2490       -0.006547
    2491       -0.005346
    2492       -0.004163
    2493       -0.003024
    2494       -0.001983
    2495       -0.001113
    2496       -0.000515
    2497       -0.000233
    2498       -0.000295
    2499       -0.000598
    2500       -0.001223
    2501       -0.002067
    2502       -0.003071
    2503       -0.004182
    2504       -0.005353
    2505       -0.006550
    2506       -0.007756
    2507       -0.008964
    2508       -0.010170
    2509       -0.011373
    2510       -0.012567
    2511       -0.013739
    2512       -0.014857
    2513       -0.015900
    2514       -0.016762
    2515       -0.017363
    2516       -0.017705
    2517       -0.017875
    2518       -0.017980
    2519       -0.018034
    2520       -0.018065
    2521       -0.018082
    2522       -0.018090
    2523       -0.018090
    2524       -0.018082
    2525       -0.018065
    2526       -0.018034
    2527       -0.017980
    2528       -0.017875
    2529       -0.017705
    2530       -0.017363
    2531       -0.016762
    2532       -0.015899
    2533       -0.014857
    2534       -0.013739
    2535       -0.012567
    2536       -0.011373
    2537       -0.010170
    2538       -0.008964
    2539       -0.007756
    2540       -0.006550
    2541       -0.005353
    2542       -0.004182
    2543       -0.003071
    2544       -0.002067
    2545       -0.001223
    2546       -0.000598
    2547       -0.000295
    2548       -0.000338
    2549       -0.000648
    2550       -0.001296
    2551       -0.002126
    2552       -0.003105
    2553       -0.004198
    2554       -0.005359
    2555       -0.006553
    2556       -0.007760
    2557       -0.008969
    2558       -0.010177
    2559       -0.011381
    2560       -0.012575
    2561       -0.013741
    2562       -0.014847
    2563       -0.015856
    2564       -0.016664
    2565       -0.017269
    2566       -0.017670
    2567       -0.017876
    2568       -0.017990
    2569       -0.018046
    2570       -0.018075
    2571       -0.018091
    2572       -0.018099
    2573       -0.018099
    2574       -0.018091
    2575       -0.018075
    2576       -0.018046
    2577       -0.017990
    2578       -0.017876
    2579       -0.017670
    2580       -0.017268
    2581       -0.016664
    2582       -0.015856
    2583       -0.014847
    2584       -0.013741
    2585       -0.012575
    2586       -0.011381
    2587       -0.010177
    2588       -0.008969
    2589       -0.007760
    2590       -0.006553
    2591       -0.005359
    2592       -0.004198
    2593       -0.003105
    2594       -0.002126
    2595       -0.001296
    2596       -0.000648
    2597       -0.000338
    2598       -0.000364
    2599       -0.000672
    2600       -0.001339
    2601       -0.002162
    2602       -0.003127
    2603       -0.004208
    2604       -0.005364
    2605       -0.006557
    2606       -0.007763
    2607       -0.008974
    2608       -0.010183
    2609       -0.011389
    2610       -0.012583
    2611       -0.013747
    2612       -0.014846
    2613       -0.015836
    2614       -0.016617
    2615       -0.017224
    2616       -0.017657
    2617       -0.017884
    2618       -0.018005
    2619       -0.018061
    2620       -0.018087
    2621       -0.018101
    2622       -0.018108
    2623       -0.018108
    2624       -0.018101
    2625       -0.018087
    2626       -0.018061
    2627       -0.018005
    2628       -0.017884
    2629       -0.017657
    2630       -0.017224
    2631       -0.016617
    2632       -0.015836
    2633       -0.014846
    2634       -0.013747
    2635       -0.012583
    2636       -0.011389
    2637       -0.010183
    2638       -0.008974
    2639       -0.007763
    2640       -0.006557
    2641       -0.005364
    2642       -0.004208
    2643       -0.003127
    2644       -0.002162
    2645       -0.001339
    2646       -0.000672
    2647       -0.000364
    2648       -0.000372
    2649       -0.000680
    2650       -0.001352
    2651       -0.002174
    2652       -0.003135
    2653       -0.004213
    2654       -0.005367
    2655       -0.006560
    2656       -0.007768
    2657       -0.008979
    2658       -0.010190
    2659       -0.011397
    2660       -0.012593
    2661       -0.013757
    2662       -0.014855
    2663       -0.015840
    2664       -0.016615
    2665       -0.017224
    2666       -0.017667
    2667       -0.017901
    2668       -0.018023
    2669       -0.018077
    2670       -0.018101
    2671       -0.018112
    2672       -0.018118
    2673       -0.018118
    2674       -0.018112
    2675       -0.018101
    2676       -0.018077
    2677       -0.018023
    2678       -0.017901
    2679       -0.017667
    2680       -0.017224
    2681       -0.016615
    2682       -0.015840
    2683       -0.014855
    2684       -0.013757
    2685       -0.012593
    2686       -0.011397
    2687       -0.010190
    2688       -0.008979
    2689       -0.007768
    2690       -0.006560
    2691       -0.005367
    2692       -0.004213
    2693       -0.003135
    2694       -0.002174
    2695       -0.001352
    2696       -0.000680
    2697       -0.000372
    2698       -0.000364
    2699       -0.000673
    2700       -0.001339
    2701       -0.002163
    2702       -0.003129
    2703       -0.004211
    2704       -0.005368
    2705       -0.006563
    2706       -0.007772
    2707       -0.008985
    2708       -0.010197
    2709       -0.011406
    2710       -0.012604
    2711       -0.013772
    2712       -0.014876
    2713       -0.015871
    2714       -0.016658
    2715       -0.017269
    2716       -0.017703
    2717       -0.017929
    2718       -0.018045
    2719       -0.018094
    2720       -0.018115
    2721       -0.018124
    2722       -0.018128
    2723       -0.018128
    2724       -0.018124
    2725       -0.018115
    2726       -0.018094
    2727       -0.018045
    2728       -0.017929
    2729       -0.017703
    2730       -0.017269
    2731       -0.016658
    2732       -0.015871
    2733       -0.014876
    2734       -0.013772
    2735       -0.012604
    2736       -0.011406
    2737       -0.010197
    2738       -0.008985
    2739       -0.007772
    2740       -0.006563
    2741       -0.005368
    2742       -0.004211
    2743       -0.003129
    2744       -0.002163
    2745       -0.001339
    2746       -0.000673
    2747       -0.000364
    2748       -0.000338
    2749       -0.000648
    2750       -0.001297
    2751       -0.002128
    2752       -0.003109
    2753       -0.004203
    2754       -0.005368
    2755       -0.006566
    2756       -0.007776
    2757       -0.008990
    2758       -0.010204
    2759       -0.011415
    2760       -0.012616
    2761       -0.013791
    2762       -0.014906
    2763       -0.015926
    2764       -0.016746
    2765       -0.017359
    2766       -0.017764
    2767       -0.017967
    2768       -0.018071
    2769       -0.018113
    2770       -0.018129
    2771       -0.018136
    2772       -0.018139
    2773       -0.018139
    2774       -0.018136
    2775       -0.018129
    2776       -0.018113
    2777       -0.018071
    2778       -0.017967
    2779       -0.017764
    2780       -0.017359
    2781       -0.016746
    2782       -0.015926
    2783       -0.014906
    2784       -0.013791
    2785       -0.012616
    2786       -0.011415
    2787       -0.010204
    2788       -0.008990
    2789       -0.007776
    2790       -0.006566
    2791       -0.005368
    2792       -0.004203
    2793       -0.003109
    2794       -0.002128
    2795       -0.001297
    2796       -0.000648
    2797       -0.000338
    2798       -0.000295
    2799       -0.000599
    2800       -0.001224
    2801       -0.002069
    2802       -0.003076
    2803       -0.004190
    2804       -0.005366
    2805       -0.006568
    2806       -0.007780
    2807       -0.008996
    2808       -0.010211
    2809       -0.011424
    2810       -0.012630
    2811       -0.013815
    2812       -0.014946
    2813       -0.016005
    2814       -0.016883
    2815       -0.017499
    2816       -0.017848
    2817       -0.018014
    2818       -0.018102
    2819       -0.018134
    2820       -0.018144
    2821       -0.018148
    2822       -0.018149
    2823       -0.018149
    2824       -0.018148
    2825       -0.018144
    2826       -0.018134
    2827       -0.018102
    2828       -0.018014
    2829       -0.017848
    2830       -0.017499
    2831       -0.016883
    2832       -0.016005
    2833       -0.014946
    2834       -0.013815
    2835       -0.012630
    2836       -0.011424
    2837       -0.010211
    2838       -0.008996
    2839       -0.007780
    2840       -0.006568
    2841       -0.005366
    2842       -0.004190
    2843       -0.003076
    2844       -0.002069
    2845       -0.001224
    2846       -0.000599
    2847       -0.000295
    2848       -0.000232
    2849       -0.000515
    2850       -0.001114
    2851       -0.001986
    2852       -0.003030
    2853       -0.004174
    2854       -0.005363
    2855       -0.006571
    2856       -0.007785
    2857       -0.009001
    2858       -0.010217
    2859       -0.011433
    2860       -0.012643
    2861       -0.013842
    2862       -0.014992
    2863       -0.016101
    2864       -0.017079
    2865       -0.017696
    2866       -0.017951
    2867       -0.018068
    2868       -0.018137
    2869       -0.018155
    2870       -0.018159
    2871       -0.018160
    2872       -0.018160
    2873       -0.018160
    2874       -0.018160
    2875       -0.018159
    2876       -0.018155
    2877       -0.018137
    2878       -0.018068
    2879       -0.017951
    2880       -0.017696
    2881       -0.017079
    2882       -0.016101
    2883       -0.014992
    2884       -0.013842
    2885       -0.012643
    2886       -0.011433
    2887       -0.010217
    2888       -0.009001
    2889       -0.007785
    2890       -0.006571
    2891       -0.005363
    2892       -0.004174
    2893       -0.003030
    2894       -0.001986
    2895       -0.001114
    2896       -0.000515
    2897       -0.000232
    2898       -0.000148
    2899       -0.000380
    2900       -0.000962
    2901       -0.001878
    2902       -0.002976
    2903       -0.004155
    2904       -0.005360
    2905       -0.006573
    2906       -0.007790
    2907       -0.009006
    2908       -0.010226
    2909       -0.011441
    2910       -0.012658
    2911       -0.013871
    2912       -0.015044
    2913       -0.016204
    2914       -0.017345
    2915       -0.017966
    2916       -0.018061
    2917       -0.018129
    2918       -0.018175
    2919       -0.018176
    2920       -0.018173
    2921       -0.018173
    2922       -0.018171
    2923       -0.018171
    2924       -0.018173
    2925       -0.018173
    2926       -0.018176
    2927       -0.018175
    2928       -0.018129
    2929       -0.018060
    2930       -0.017966
    2931       -0.017345
    2932       -0.016204
    2933       -0.015044
    2934       -0.013871
    2935       -0.012658
    2936       -0.011441
    2937       -0.010226
    2938       -0.009006
    2939       -0.007790
    2940       -0.006573
    2941       -0.005360
    2942       -0.004155
    2943       -0.002976
    2944       -0.001878
    2945       -0.000962
    2946       -0.000380
    2947       -0.000148
    2948       -0.000034
    2949       -0.000179
    2950       -0.000759
    2951       -0.001746
    2952       -0.002915
    2953       -0.004136
    2954       -0.005358
    2955       -0.006577
    2956       -0.007793
    2957       -0.009013
    2958       -0.010228
    2959       -0.011457
    2960       -0.012661
    2961       -0.013909
    2962       -0.015098
    2963       -0.016300
    2964       -0.017700
    2965       -0.018327
    2966       -0.018164
    2967       -0.018192
    2968       -0.018223
    2969       -0.018187
    2970       -0.018193
    2971       -0.018181
    2972       -0.018182
    2973       -0.018182
    2974       -0.018181
    2975       -0.018193
    2976       -0.018187
    2977       -0.018223
    2978       -0.018192
    2979       -0.018164
    2980       -0.018326
    2981       -0.017700
    2982       -0.016300
    2983       -0.015098
    2984       -0.013909
    2985       -0.012661
    2986       -0.011457
    2987       -0.010228
    2988       -0.009013
    2989       -0.007793
    2990       -0.006577
    2991       -0.005358
    2992       -0.004136
    2993       -0.002915
    2994       -0.001746
    2995       -0.000759
    2996       -0.000179
    2997       -0.000034
    2998        0.000118
    2999        0.000111
    3000       -0.000497
    3001       -0.001591
    3002       -0.002854
    3003       -0.004120
    3004       -0.005357
    3005       -0.006580
    3006       -0.007798
    3007       -0.009017
    3008       -0.010238
    3009       -0.011457
    3010       -0.012692
    3011       -0.013899
    3012       -0.015220
    3013       -0.016312
    3014       -0.018190
    3015       -0.018820
    3016       -0.018183
    3017       -0.018328
    3018       -0.018223
    3019       -0.018225
    3020       -0.018198
    3021       -0.018195
    3022       -0.018192
    3023       -0.018192
    3024       -0.018195
    3025       -0.018198
    3026       -0.018225
    3027       -0.018223
    3028       -0.018328
    3029       -0.018183
    3030       -0.018820
    3031       -0.018190
    3032       -0.016312
    3033       -0.015220
    3034       -0.013899
    3035       -0.012692
    3036       -0.011457
    3037       -0.010238
    3038       -0.009017
    3039       -0.007798
    3040       -0.006580
    3041       -0.005357
    3042       -0.004120
    3043       -0.002854
    3044       -0.001591
    3045       -0.000497
    3046        0.000111
    3047        0.000118
    3048        0.000134
    3049        0.000184
    3050       -0.000384
    3051       -0.001523
    3052       -0.002833
    3053       -0.004119
    3054       -0.005363
    3055       -0.006585
    3056       -0.007803
    3057       -0.009022
    3058       -0.010243
    3059       -0.011467
    3060       -0.012692
    3061       -0.013934
    3062       -0.015171
    3063       -0.016552
    3064       -0.018273
    3065       -0.018903
    3066       -0.018433
    3067       -0.018288
    3068       -0.018269
    3069       -0.018232
    3070       -0.018213
    3071       -0.018204
    3072       -0.018202
    3073       -0.018202
    3074       -0.018204
    3075       -0.018213
    3076       -0.018232
    3077       -0.018269
    3078       -0.018288
    3079       -0.018433
    3080       -0.018903
    3081       -0.018273
    3082       -0.016552
    3083       -0.015171
    3084       -0.013934
    3085       -0.012692
    3086       -0.011467
    3087       -0.010243
    3088       -0.009022
    3089       -0.007803
    3090       -0.006585
    3091       -0.005363
    3092       -0.004119
    3093       -0.002833
    3094       -0.001523
    3095       -0.000384
    3096        0.000184
    3097        0.000134
    3098       -0.000042
    3099        0.000022
    3100       -0.000046
    3101        0.000031
    3102        0.000121
    3103        0.000189
    3104        0.000457
    3105        0.000508
    3106        0.000846
    3107        0.000870
    3108        0.001229
    3109        0.001238
    3110        0.001599
    3111        0.001601
    3112        0.001962
    3113        0.001962
    3114        0.002322
    3115        0.002322
    3116        0.002683
    3117        0.002684
    3118        0.003041
    3119        0.003041
    3120        0.003402
    3121        0.003407
    3122        0.003757
    3123        0.003752
    3124        0.004127
    3125        0.004131
    3126        0.004472
    3127        0.004476
    3128        0.004900
    3129        0.004707
    3130        0.005368
    3131        0.005875
    3132        0.005541
    3133        0.006049
    3134        0.005420
    3135        0.005232
    3136        0.005349
    3137        0.005360
    3138        0.005378
    3139        0.005388
    3140        0.005394
    3141        0.005390
    3142        0.005415
    3143        0.005418
    3144        0.005415
    3145        0.005415
    3146        0.005413
    3147        0.005416
    3148        0.005413
    3149        0.005416
    3150        0.005415
    3151        0.005415
    3152        0.005415
    3153        0.005418
    3154        0.005394
    3155        0.005390
    3156        0.005378
    3157        0.005388
    3158        0.005349
    3159        0.005360
    3160        0.005420
    3161        0.005232
    3162        0.005541
    3163        0.006050
    3164        0.005368
    3165        0.005875
    3166        0.004900
    3167        0.004707
    3168        0.004472
    3169        0.004476
    3170        0.004127
    3171        0.004131
    3172        0.003757
    3173        0.003752
    3174        0.003402
    3175        0.003407
    3176        0.003041
    3177        0.003041
    3178        0.002684
    3179        0.002683
    3180        0.002322
    3181        0.002322
    3182        0.001962
    3183        0.001962
    3184        0.001601
    3185        0.001599
    3186        0.001238
    3187        0.001229
    3188        0.000846
    3189        0.000870
    3190        0.000457
    3191        0.000508
    3192        0.000121
    3193        0.000189
    3194       -0.000046
    3195        0.000031
    3196       -0.000042
    3197        0.000022


                                                      SUMMARY INFORMATION
                                                  _________________________

                                                         Min/Max Values
    -Source ID--Entity ID---Sub ID----X Component--
Min:     1       1450          0        -0.043729
Max:     1        623          0         0.021133

