




                       MSC.Patran 25.0.638960 Wed Mar 13 09:21:55 PDT 2019 - Analysis Code: MSC.Nastran 
                                             Load Case: Default, A1:Static Subcase 
                                         Result Strain Tensor,  - Layer (NON-LAYERED) 
                                                     Entity: Element Tensor


-Entity ID--X Component--
       1       -0.003727
       2       -0.003823
       3       -0.004445
       4       -0.005577
       5       -0.006862
       6       -0.008126
       7       -0.009351
       8       -0.010558
       9       -0.011757
      10       -0.012955
      11       -0.014150
      12       -0.015344
      13       -0.016536
      14       -0.017741
      15       -0.018937
      16       -0.020274
      17       -0.021929
      18       -0.022500
      19       -0.021986
      20       -0.021828
      21       -0.021890
      22       -0.021991
      23       -0.022060
      24       -0.022065
      25       -0.022053
      26       -0.022053
      27       -0.022065
      28       -0.022060
      29       -0.021991
      30       -0.021890
      31       -0.021828
      32       -0.021986
      33       -0.022502
      34       -0.021927
      35       -0.020274
      36       -0.018937
      37       -0.017741
      38       -0.016536
      39       -0.015344
      40       -0.014150
      41       -0.012955
      42       -0.011757
      43       -0.010558
      44       -0.009351
      45       -0.008126
      46       -0.006862
      47       -0.005577
      48       -0.004445
      49       -0.003823
      50       -0.003727
      51       -0.003759
      52       -0.004130
      53       -0.005075
      54       -0.006271
      55       -0.007449
      56       -0.008538
      57       -0.009577
      58       -0.010595
      59       -0.011605
      60       -0.012612
      61       -0.013619
      62       -0.014626
      63       -0.015635
      64       -0.016673
      65       -0.017686
      66       -0.019043
      67       -0.020018
      68       -0.020489
      69       -0.020482
      70       -0.020075
      71       -0.020077
      72       -0.020096
      73       -0.020101
      74       -0.020067
      75       -0.020047
      76       -0.020047
      77       -0.020067
      78       -0.020101
      79       -0.020096
      80       -0.020077
      81       -0.020075
      82       -0.020483
      83       -0.020491
      84       -0.020016
      85       -0.019042
      86       -0.017687
      87       -0.016673
      88       -0.015635
      89       -0.014626
      90       -0.013619
      91       -0.012612
      92       -0.011605
      93       -0.010595
      94       -0.009577
      95       -0.008538
      96       -0.007449
      97       -0.006271
      98       -0.005075
      99       -0.004130
     100       -0.003759
     101       -0.003998
     102       -0.004960
     103       -0.006403
     104       -0.007698
     105       -0.008642
     106       -0.009376
     107       -0.010034
     108       -0.010670
     109       -0.011297
     110       -0.011922
     111       -0.012547
     112       -0.013177
     113       -0.013813
     114       -0.014504
     115       -0.015140
     116       -0.016529
     117       -0.016143
     118       -0.016436
     119       -0.017408
     120       -0.016525
     121       -0.016408
     122       -0.016273
     123       -0.016156
     124       -0.016053
     125       -0.016021
     126       -0.016021
     127       -0.016053
     128       -0.016156
     129       -0.016273
     130       -0.016408
     131       -0.016525
     132       -0.017409
     133       -0.016436
     134       -0.016143
     135       -0.016529
     136       -0.015140
     137       -0.014504
     138       -0.013813
     139       -0.013177
     140       -0.012547
     141       -0.011922
     142       -0.011297
     143       -0.010670
     144       -0.010034
     145       -0.009376
     146       -0.008642
     147       -0.007698
     148       -0.006403
     149       -0.004960
     150       -0.003998
     151       -0.004225
     152       -0.005792
     153       -0.007778
     154       -0.009159
     155       -0.009850
     156       -0.010217
     157       -0.010493
     158       -0.010745
     159       -0.010990
     160       -0.011230
     161       -0.011479
     162       -0.011720
     163       -0.012009
     164       -0.012263
     165       -0.012763
     166       -0.013441
     167       -0.012778
     168       -0.012904
     169       -0.013769
     170       -0.013154
     171       -0.012670
     172       -0.012465
     173       -0.012191
     174       -0.012032
     175       -0.011995
     176       -0.011995
     177       -0.012032
     178       -0.012191
     179       -0.012465
     180       -0.012670
     181       -0.013154
     182       -0.013769
     183       -0.012905
     184       -0.012778
     185       -0.013441
     186       -0.012763
     187       -0.012263
     188       -0.012009
     189       -0.011720
     190       -0.011479
     191       -0.011230
     192       -0.010990
     193       -0.010745
     194       -0.010493
     195       -0.010217
     196       -0.009850
     197       -0.009159
     198       -0.007778
     199       -0.005792
     200       -0.004225
     201       -0.004478
     202       -0.006725
     203       -0.009284
     204       -0.010684
     205       -0.011074
     206       -0.011062
     207       -0.010954
     208       -0.010822
     209       -0.010680
     210       -0.010542
     211       -0.010402
     212       -0.010278
     213       -0.010166
     214       -0.010091
     215       -0.010225
     216       -0.010352
     217       -0.009556
     218       -0.009508
     219       -0.010151
     220       -0.009654
     221       -0.009012
     222       -0.008598
     223       -0.008210
     224       -0.007991
     225       -0.007974
     226       -0.007974
     227       -0.007991
     228       -0.008210
     229       -0.008598
     230       -0.009012
     231       -0.009654
     232       -0.010152
     233       -0.009508
     234       -0.009556
     235       -0.010352
     236       -0.010225
     237       -0.010091
     238       -0.010166
     239       -0.010278
     240       -0.010402
     241       -0.010542
     242       -0.010680
     243       -0.010822
     244       -0.010954
     245       -0.011062
     246       -0.011074
     247       -0.010684
     248       -0.009284
     249       -0.006725
     250       -0.004478
     251       -0.004799
     252       -0.007879
     253       -0.011006
     254       -0.012293
     255       -0.012312
     256       -0.011908
     257       -0.011417
     258       -0.010897
     259       -0.010373
     260       -0.009849
     261       -0.009331
     262       -0.008823
     263       -0.008333
     264       -0.007900
     265       -0.007615
     266       -0.007281
     267       -0.006395
     268       -0.006159
     269       -0.006576
     270       -0.006143
     271       -0.005373
     272       -0.004694
     273       -0.004162
     274       -0.003941
     275       -0.003959
     276       -0.003959
     277       -0.003941
     278       -0.004162
     279       -0.004694
     280       -0.005373
     281       -0.006143
     282       -0.006576
     283       -0.006159
     284       -0.006395
     285       -0.007281
     286       -0.007614
     287       -0.007899
     288       -0.008333
     289       -0.008823
     290       -0.009331
     291       -0.009849
     292       -0.010373
     293       -0.010897
     294       -0.011417
     295       -0.011908
     296       -0.012312
     297       -0.012293
     298       -0.011006
     299       -0.007879
     300       -0.004799
     301       -0.005251
     302       -0.009419
     303       -0.013027
     304       -0.013993
     305       -0.013551
     306       -0.012760
     307       -0.011880
     308       -0.010974
     309       -0.010063
     310       -0.009160
     311       -0.008257
     312       -0.007367
     313       -0.006499
     314       -0.005688
     315       -0.004964
     316       -0.004212
     317       -0.003251
     318       -0.002819
     319       -0.002992
     320       -0.002731
     321       -0.001766
     322       -0.000714
     323        0.000008
     324        0.000078
     325        0.000060
     326        0.000060
     327        0.000078
     328        0.000008
     329       -0.000714
     330       -0.001766
     331       -0.002731
     332       -0.002992
     333       -0.002819
     334       -0.003251
     335       -0.004212
     336       -0.004963
     337       -0.005688
     338       -0.006499
     339       -0.007367
     340       -0.008257
     341       -0.009160
     342       -0.010063
     343       -0.010974
     344       -0.011880
     345       -0.012760
     346       -0.013551
     347       -0.013993
     348       -0.013027
     349       -0.009419
     350       -0.005251
     351       -0.005955
     352       -0.011557
     353       -0.015437
     354       -0.015733
     355       -0.014803
     356       -0.013610
     357       -0.012351
     358       -0.011042
     359       -0.009760
     360       -0.008464
     361       -0.007185
     362       -0.005909
     363       -0.004661
     364       -0.003463
     365       -0.002289
     366       -0.001133
     367       -0.000081
     368        0.000521
     369        0.000658
     370        0.000600
     371        0.001482
     372        0.003728
     373        0.004155
     374        0.004094
     375        0.004078
     376        0.004078
     377        0.004094
     378        0.004155
     379        0.003728
     380        0.001482
     381        0.000600
     382        0.000658
     383        0.000521
     384       -0.000081
     385       -0.001133
     386       -0.002289
     387       -0.003463
     388       -0.004661
     389       -0.005909
     390       -0.007185
     391       -0.008464
     392       -0.009760
     393       -0.011042
     394       -0.012351
     395       -0.013610
     396       -0.014803
     397       -0.015733
     398       -0.015437
     399       -0.011557
     400       -0.005955
     401       -0.007034
     402       -0.014712
     403       -0.018170
     404       -0.017511
     405       -0.016015
     406       -0.014516
     407       -0.012779
     408       -0.011137
     409       -0.009440
     410       -0.007777
     411       -0.006107
     412       -0.004451
     413       -0.002815
     414       -0.001226
     415        0.000383
     416        0.001992
     417        0.003128
     418        0.003933
     419        0.004314
     420        0.004087
     421        0.003956
     422        0.008817
     423        0.008290
     424        0.008119
     425        0.008094
     426        0.008094
     427        0.008119
     428        0.008290
     429        0.008817
     430        0.003956
     431        0.004087
     432        0.004314
     433        0.003933
     434        0.003128
     435        0.001992
     436        0.000383
     437       -0.001226
     438       -0.002815
     439       -0.004451
     440       -0.006107
     441       -0.007777
     442       -0.009440
     443       -0.011137
     444       -0.012779
     445       -0.014516
     446       -0.016015
     447       -0.017511
     448       -0.018170
     449       -0.014712
     450       -0.007034
     451       -0.009254
     452       -0.019063
     453       -0.021377
     454       -0.018927
     455       -0.017503
     456       -0.015260
     457       -0.013295
     458       -0.011185
     459       -0.009142
     460       -0.007079
     461       -0.005030
     462       -0.002996
     463       -0.000960
     464        0.001018
     465        0.003040
     466        0.005151
     467        0.006458
     468        0.007398
     469        0.008077
     470        0.007569
     471        0.006466
     472        0.013758
     473        0.012533
     474        0.012071
     475        0.012138
     476        0.012138
     477        0.012071
     478        0.012533
     479        0.013758
     480        0.006466
     481        0.007569
     482        0.008077
     483        0.007398
     484        0.006458
     485        0.005151
     486        0.003040
     487        0.001018
     488       -0.000960
     489       -0.002996
     490       -0.005030
     491       -0.007079
     492       -0.009142
     493       -0.011185
     494       -0.013295
     495       -0.015260
     496       -0.017503
     497       -0.018927
     498       -0.021377
     499       -0.019063
     500       -0.009254
     501       -0.011994
     502       -0.026995
     503       -0.022884
     504       -0.021209
     505       -0.018585
     506       -0.016192
     507       -0.013725
     508       -0.011269
     509       -0.008828
     510       -0.006383
     511       -0.003955
     512       -0.001526
     513        0.000874
     514        0.003309
     515        0.005641
     516        0.008326
     517        0.009966
     518        0.011061
     519        0.011774
     520        0.011198
     521        0.009552
     522        0.018246
     523        0.016455
     524        0.016117
     525        0.016160
     526        0.016160
     527        0.016117
     528        0.016455
     529        0.018246
     530        0.009552
     531        0.011198
     532        0.011774
     533        0.011061
     534        0.009966
     535        0.008326
     536        0.005641
     537        0.003309
     538        0.000874
     539       -0.001526
     540       -0.003955
     541       -0.006383
     542       -0.008828
     543       -0.011269
     544       -0.013725
     545       -0.016192
     546       -0.018585
     547       -0.021209
     548       -0.022884
     549       -0.026995
     550       -0.011994
     551       -0.028849
     552       -0.030971
     553       -0.025769
     554       -0.022985
     555       -0.019814
     556       -0.017089
     557       -0.014148
     558       -0.011363
     559       -0.008503
     560       -0.005694
     561       -0.002873
     562       -0.000066
     563        0.002735
     564        0.005534
     565        0.008393
     566        0.011193
     567        0.013865
     568        0.015189
     569        0.015059
     570        0.015017
     571        0.013915
     572        0.021496
     573        0.020231
     574        0.020256
     575        0.020147
     576        0.020147
     577        0.020256
     578        0.020231
     579        0.021496
     580        0.013915
     581        0.015017
     582        0.015059
     583        0.015189
     584        0.013865
     585        0.011193
     586        0.008393
     587        0.005534
     588        0.002735
     589       -0.000066
     590       -0.002873
     591       -0.005694
     592       -0.008503
     593       -0.011363
     594       -0.014148
     595       -0.017089
     596       -0.019814
     597       -0.022985
     598       -0.025769
     599       -0.030971
     600       -0.028849
     601       -0.042744
     602       -0.031755
     603       -0.027922
     604       -0.023514
     605       -0.020666
     606       -0.017396
     607       -0.014423
     608       -0.011345
     609       -0.008326
     610       -0.005289
     611       -0.002267
     612        0.000748
     613        0.003784
     614        0.006782
     615        0.009913
     616        0.012892
     617        0.015944
     618        0.017379
     619        0.017177
     620        0.017063
     621        0.017339
     622        0.021612
     623        0.021726
     624        0.021681
     625        0.021607
     626        0.021607
     627        0.021681
     628        0.021726
     629        0.021612
     630        0.017339
     631        0.017063
     632        0.017177
     633        0.017379
     634        0.015944
     635        0.012892
     636        0.009913
     637        0.006782
     638        0.003784
     639        0.000748
     640       -0.002267
     641       -0.005289
     642       -0.008326
     643       -0.011345
     644       -0.014423
     645       -0.017396
     646       -0.020666
     647       -0.023514
     648       -0.027922
     649       -0.031755
     650       -0.042744
     651       -0.042655
     652       -0.032187
     653       -0.027832
     654       -0.023625
     655       -0.020641
     656       -0.017382
     657       -0.014351
     658       -0.011234
     659       -0.008154
     660       -0.005050
     661       -0.001947
     662        0.001163
     663        0.004303
     664        0.007434
     665        0.010672
     666        0.013850
     667        0.016982
     668        0.018616
     669        0.018722
     670        0.018883
     671        0.018877
     672        0.018747
     673        0.018837
     674        0.018977
     675        0.018993
     676        0.018993
     677        0.018977
     678        0.018837
     679        0.018747
     680        0.018877
     681        0.018883
     682        0.018723
     683        0.018616
     684        0.016982
     685        0.013850
     686        0.010672
     687        0.007434
     688        0.004303
     689        0.001163
     690       -0.001947
     691       -0.005050
     692       -0.008154
     693       -0.011234
     694       -0.014351
     695       -0.017382
     696       -0.020641
     697       -0.023625
     698       -0.027832
     699       -0.032187
     700       -0.042655
     701       -0.040460
     702       -0.034751
     703       -0.026622
     704       -0.024207
     705       -0.020402
     706       -0.017498
     707       -0.014342
     708       -0.011307
     709       -0.008229
     710       -0.005169
     711       -0.002103
     712        0.000971
     713        0.004027
     714        0.007188
     715        0.010154
     716        0.013672
     717        0.016163
     718        0.017692
     719        0.018284
     720        0.017782
     721        0.018475
     722        0.019817
     723        0.020350
     724        0.020244
     725        0.020271
     726        0.020271
     727        0.020244
     728        0.020350
     729        0.019817
     730        0.018475
     731        0.017782
     732        0.018284
     733        0.017692
     734        0.016163
     735        0.013672
     736        0.010154
     737        0.007188
     738        0.004027
     739        0.000971
     740       -0.002103
     741       -0.005169
     742       -0.008229
     743       -0.011307
     744       -0.014342
     745       -0.017498
     746       -0.020402
     747       -0.024207
     748       -0.026622
     749       -0.034751
     750       -0.040460
     751       -0.042480
     752       -0.032091
     753       -0.027773
     754       -0.023592
     755       -0.020636
     756       -0.017408
     757       -0.014415
     758       -0.011344
     759       -0.008319
     760       -0.005282
     761       -0.002257
     762        0.000762
     763        0.003798
     764        0.006810
     765        0.009919
     766        0.012955
     767        0.015939
     768        0.017378
     769        0.017263
     770        0.017091
     771        0.017436
     772        0.021476
     773        0.021655
     774        0.021590
     775        0.021528
     776        0.021528
     777        0.021590
     778        0.021655
     779        0.021476
     780        0.017436
     781        0.017091
     782        0.017262
     783        0.017378
     784        0.015939
     785        0.012955
     786        0.009919
     787        0.006810
     788        0.003798
     789        0.000762
     790       -0.002257
     791       -0.005282
     792       -0.008319
     793       -0.011344
     794       -0.014415
     795       -0.017408
     796       -0.020636
     797       -0.023592
     798       -0.027773
     799       -0.032091
     800       -0.042480
     801       -0.003725
     802       -0.003819
     803       -0.004442
     804       -0.005581
     805       -0.006875
     806       -0.008151
     807       -0.009391
     808       -0.010614
     809       -0.011834
     810       -0.013056
     811       -0.014279
     812       -0.015506
     813       -0.016736
     814       -0.017983
     815       -0.019228
     816       -0.020615
     817       -0.022326
     818       -0.022962
     819       -0.022512
     820       -0.022367
     821       -0.022341
     822       -0.022298
     823       -0.022274
     824       -0.022263
     825       -0.022262
     826       -0.022262
     827       -0.022263
     828       -0.022274
     829       -0.022298
     830       -0.022341
     831       -0.022367
     832       -0.022512
     833       -0.022962
     834       -0.022326
     835       -0.020615
     836       -0.019228
     837       -0.017983
     838       -0.016736
     839       -0.015506
     840       -0.014279
     841       -0.013056
     842       -0.011834
     843       -0.010614
     844       -0.009391
     845       -0.008151
     846       -0.006875
     847       -0.005581
     848       -0.004442
     849       -0.003819
     850       -0.003725
     851       -0.003758
     852       -0.004127
     853       -0.005074
     854       -0.006276
     855       -0.007461
     856       -0.008559
     857       -0.009607
     858       -0.010637
     859       -0.011661
     860       -0.012685
     861       -0.013712
     862       -0.014742
     863       -0.015777
     864       -0.016845
     865       -0.017892
     866       -0.019286
     867       -0.020299
     868       -0.020817
     869       -0.020876
     870       -0.020519
     871       -0.020497
     872       -0.020439
     873       -0.020418
     874       -0.020411
     875       -0.020412
     876       -0.020412
     877       -0.020411
     878       -0.020417
     879       -0.020439
     880       -0.020497
     881       -0.020519
     882       -0.020876
     883       -0.020817
     884       -0.020299
     885       -0.019287
     886       -0.017892
     887       -0.016845
     888       -0.015777
     889       -0.014742
     890       -0.013712
     891       -0.012685
     892       -0.011661
     893       -0.010637
     894       -0.009607
     895       -0.008559
     896       -0.007461
     897       -0.006276
     898       -0.005074
     899       -0.004127
     900       -0.003758
     901       -0.003997
     902       -0.004958
     903       -0.006405
     904       -0.007705
     905       -0.008652
     906       -0.009389
     907       -0.010050
     908       -0.010689
     909       -0.011321
     910       -0.011952
     911       -0.012583
     912       -0.013221
     913       -0.013865
     914       -0.014566
     915       -0.015213
     916       -0.016618
     917       -0.016242
     918       -0.016554
     919       -0.017592
     920       -0.016830
     921       -0.016814
     922       -0.016735
     923       -0.016718
     924       -0.016718
     925       -0.016723
     926       -0.016723
     927       -0.016718
     928       -0.016718
     929       -0.016735
     930       -0.016814
     931       -0.016830
     932       -0.017592
     933       -0.016554
     934       -0.016242
     935       -0.016618
     936       -0.015213
     937       -0.014566
     938       -0.013865
     939       -0.013221
     940       -0.012583
     941       -0.011952
     942       -0.011321
     943       -0.010689
     944       -0.010050
     945       -0.009389
     946       -0.008652
     947       -0.007705
     948       -0.006405
     949       -0.004958
     950       -0.003997
     951       -0.004226
     952       -0.005792
     953       -0.007784
     954       -0.009168
     955       -0.009859
     956       -0.010223
     957       -0.010495
     958       -0.010742
     959       -0.010981
     960       -0.011216
     961       -0.011458
     962       -0.011691
     963       -0.011972
     964       -0.012216
     965       -0.012704
     966       -0.013373
     967       -0.012695
     968       -0.012813
     969       -0.013732
     970       -0.013312
     971       -0.013061
     972       -0.013049
     973       -0.013010
     974       -0.013028
     975       -0.013035
     976       -0.013035
     977       -0.013028
     978       -0.013010
     979       -0.013049
     980       -0.013061
     981       -0.013312
     982       -0.013732
     983       -0.012813
     984       -0.012695
     985       -0.013373
     986       -0.012704
     987       -0.012216
     988       -0.011972
     989       -0.011691
     990       -0.011458
     991       -0.011216
     992       -0.010981
     993       -0.010742
     994       -0.010495
     995       -0.010223
     996       -0.009859
     997       -0.009168
     998       -0.007784
     999       -0.005792
    1000       -0.004226
    1001       -0.004480
    1002       -0.006727
    1003       -0.009293
    1004       -0.010696
    1005       -0.011081
    1006       -0.011060
    1007       -0.010941
    1008       -0.010796
    1009       -0.010640
    1010       -0.010484
    1011       -0.010324
    1012       -0.010177
    1013       -0.010038
    1014       -0.009934
    1015       -0.010035
    1016       -0.010126
    1017       -0.009296
    1018       -0.009206
    1019       -0.009874
    1020       -0.009630
    1021       -0.009376
    1022       -0.009323
    1023       -0.009318
    1024       -0.009331
    1025       -0.009348
    1026       -0.009348
    1027       -0.009331
    1028       -0.009318
    1029       -0.009323
    1030       -0.009376
    1031       -0.009630
    1032       -0.009874
    1033       -0.009206
    1034       -0.009296
    1035       -0.010126
    1036       -0.010035
    1037       -0.009934
    1038       -0.010038
    1039       -0.010177
    1040       -0.010324
    1041       -0.010484
    1042       -0.010640
    1043       -0.010796
    1044       -0.010941
    1045       -0.011060
    1046       -0.011081
    1047       -0.010696
    1048       -0.009293
    1049       -0.006727
    1050       -0.004480
    1051       -0.004803
    1052       -0.007885
    1053       -0.011021
    1054       -0.012308
    1055       -0.012317
    1056       -0.011898
    1057       -0.011391
    1058       -0.010849
    1059       -0.010302
    1060       -0.009749
    1061       -0.009197
    1062       -0.008650
    1063       -0.008117
    1064       -0.007633
    1065       -0.007293
    1066       -0.006898
    1067       -0.005954
    1068       -0.005659
    1069       -0.006028
    1070       -0.005874
    1071       -0.005671
    1072       -0.005610
    1073       -0.005616
    1074       -0.005642
    1075       -0.005661
    1076       -0.005661
    1077       -0.005642
    1078       -0.005616
    1079       -0.005610
    1080       -0.005671
    1081       -0.005874
    1082       -0.006028
    1083       -0.005659
    1084       -0.005954
    1085       -0.006898
    1086       -0.007293
    1087       -0.007633
    1088       -0.008117
    1089       -0.008650
    1090       -0.009197
    1091       -0.009749
    1092       -0.010302
    1093       -0.010849
    1094       -0.011391
    1095       -0.011898
    1096       -0.012317
    1097       -0.012308
    1098       -0.011021
    1099       -0.007885
    1100       -0.004803
    1101       -0.005257
    1102       -0.009431
    1103       -0.013049
    1104       -0.014012
    1105       -0.013555
    1106       -0.012744
    1107       -0.011839
    1108       -0.010905
    1109       -0.009961
    1110       -0.009017
    1111       -0.008067
    1112       -0.007124
    1113       -0.006194
    1114       -0.005315
    1115       -0.004511
    1116       -0.003676
    1117       -0.002628
    1118       -0.002123
    1119       -0.002183
    1120       -0.002071
    1121       -0.001944
    1122       -0.001897
    1123       -0.001917
    1124       -0.001955
    1125       -0.001974
    1126       -0.001974
    1127       -0.001955
    1128       -0.001917
    1129       -0.001897
    1130       -0.001944
    1131       -0.002071
    1132       -0.002183
    1133       -0.002123
    1134       -0.002628
    1135       -0.003676
    1136       -0.004511
    1137       -0.005315
    1138       -0.006194
    1139       -0.007124
    1140       -0.008067
    1141       -0.009017
    1142       -0.009961
    1143       -0.010905
    1144       -0.011839
    1145       -0.012744
    1146       -0.013555
    1147       -0.014012
    1148       -0.013049
    1149       -0.009431
    1150       -0.005257
    1151       -0.005965
    1152       -0.011577
    1153       -0.015470
    1154       -0.015757
    1155       -0.014806
    1156       -0.013587
    1157       -0.012298
    1158       -0.010952
    1159       -0.009628
    1160       -0.008280
    1161       -0.006941
    1162       -0.005596
    1163       -0.004270
    1164       -0.002982
    1165       -0.001710
    1166       -0.000439
    1167        0.000716
    1168        0.001433
    1169        0.001684
    1170        0.001762
    1171        0.001802
    1172        0.001815
    1173        0.001774
    1174        0.001728
    1175        0.001715
    1176        0.001715
    1177        0.001728
    1178        0.001774
    1179        0.001815
    1180        0.001802
    1181        0.001762
    1182        0.001684
    1183        0.001433
    1184        0.000716
    1185       -0.000439
    1186       -0.001710
    1187       -0.002982
    1188       -0.004270
    1189       -0.005596
    1190       -0.006941
    1191       -0.008280
    1192       -0.009628
    1193       -0.010952
    1194       -0.012298
    1195       -0.013587
    1196       -0.014806
    1197       -0.015757
    1198       -0.015470
    1199       -0.011577
    1200       -0.005965
    1201       -0.007050
    1202       -0.014747
    1203       -0.018216
    1204       -0.017540
    1205       -0.016018
    1206       -0.014488
    1207       -0.012714
    1208       -0.011029
    1209       -0.009278
    1210       -0.007553
    1211       -0.005810
    1212       -0.004071
    1213       -0.002338
    1214       -0.000642
    1215        0.001091
    1216        0.002831
    1217        0.004111
    1218        0.005041
    1219        0.005596
    1220        0.005611
    1221        0.005565
    1222        0.005527
    1223        0.005453
    1224        0.005406
    1225        0.005406
    1226        0.005406
    1227        0.005406
    1228        0.005453
    1229        0.005527
    1230        0.005565
    1231        0.005611
    1232        0.005596
    1233        0.005041
    1234        0.004111
    1235        0.002831
    1236        0.001091
    1237       -0.000642
    1238       -0.002338
    1239       -0.004071
    1240       -0.005810
    1241       -0.007553
    1242       -0.009278
    1243       -0.011029
    1244       -0.012714
    1245       -0.014488
    1246       -0.016018
    1247       -0.017540
    1248       -0.018216
    1249       -0.014747
    1250       -0.007050
    1251       -0.009283
    1252       -0.019122
    1253       -0.021440
    1254       -0.018960
    1255       -0.017508
    1256       -0.015228
    1257       -0.013220
    1258       -0.011058
    1259       -0.008953
    1260       -0.006817
    1261       -0.004682
    1262       -0.002549
    1263       -0.000399
    1264        0.001705
    1265        0.003871
    1266        0.006143
    1267        0.007602
    1268        0.008747
    1269        0.009557
    1270        0.009467
    1271        0.009351
    1272        0.009235
    1273        0.009106
    1274        0.009083
    1275        0.009103
    1276        0.009103
    1277        0.009083
    1278        0.009106
    1279        0.009235
    1280        0.009351
    1281        0.009467
    1282        0.009557
    1283        0.008747
    1284        0.007602
    1285        0.006143
    1286        0.003871
    1287        0.001705
    1288       -0.000399
    1289       -0.002549
    1290       -0.004682
    1291       -0.006817
    1292       -0.008953
    1293       -0.011058
    1294       -0.013220
    1295       -0.015228
    1296       -0.017508
    1297       -0.018960
    1298       -0.021440
    1299       -0.019122
    1300       -0.009283
    1301       -0.012043
    1302       -0.027100
    1303       -0.022955
    1304       -0.021248
    1305       -0.018591
    1306       -0.016156
    1307       -0.013640
    1308       -0.011125
    1309       -0.008614
    1310       -0.006086
    1311       -0.003560
    1312       -0.001015
    1313        0.001514
    1314        0.004099
    1315        0.006590
    1316        0.009465
    1317        0.011276
    1318        0.012622
    1319        0.013537
    1320        0.013304
    1321        0.013214
    1322        0.012888
    1323        0.012738
    1324        0.012759
    1325        0.012807
    1326        0.012807
    1327        0.012759
    1328        0.012738
    1329        0.012888
    1330        0.013214
    1331        0.013304
    1332        0.013537
    1333        0.012622
    1334        0.011276
    1335        0.009465
    1336        0.006590
    1337        0.004099
    1338        0.001514
    1339       -0.001015
    1340       -0.003560
    1341       -0.006086
    1342       -0.008614
    1343       -0.011125
    1344       -0.013640
    1345       -0.016156
    1346       -0.018591
    1347       -0.021248
    1348       -0.022955
    1349       -0.027100
    1350       -0.012043
    1351       -0.029013
    1352       -0.031108
    1353       -0.025851
    1354       -0.023032
    1355       -0.019821
    1356       -0.017051
    1357       -0.014056
    1358       -0.011205
    1359       -0.008266
    1360       -0.005363
    1361       -0.002431
    1362        0.000505
    1363        0.003455
    1364        0.006419
    1365        0.009466
    1366        0.012462
    1367        0.015358
    1368        0.016918
    1369        0.017167
    1370        0.017362
    1371        0.017088
    1372        0.016480
    1373        0.016313
    1374        0.016470
    1375        0.016510
    1376        0.016510
    1377        0.016470
    1378        0.016313
    1379        0.016480
    1380        0.017088
    1381        0.017362
    1382        0.017167
    1383        0.016918
    1384        0.015357
    1385        0.012462
    1386        0.009466
    1387        0.006419
    1388        0.003455
    1389        0.000505
    1390       -0.002431
    1391       -0.005363
    1392       -0.008266
    1393       -0.011205
    1394       -0.014056
    1395       -0.017051
    1396       -0.019821
    1397       -0.023031
    1398       -0.025851
    1399       -0.031108
    1400       -0.029013
    1401       -0.042931
    1402       -0.031856
    1403       -0.027985
    1404       -0.023550
    1405       -0.020672
    1406       -0.017369
    1407       -0.014355
    1408       -0.011228
    1409       -0.008149
    1410       -0.005043
    1411       -0.001937
    1412        0.001175
    1413        0.004322
    1414        0.007446
    1415        0.010715
    1416        0.013844
    1417        0.017054
    1418        0.018694
    1419        0.018733
    1420        0.018964
    1421        0.018893
    1422        0.018686
    1423        0.018739
    1424        0.018897
    1425        0.018912
    1426        0.018912
    1427        0.018897
    1428        0.018739
    1429        0.018686
    1430        0.018893
    1431        0.018964
    1432        0.018733
    1433        0.018694
    1434        0.017054
    1435        0.013844
    1436        0.010715
    1437        0.007446
    1438        0.004322
    1439        0.001175
    1440       -0.001937
    1441       -0.005043
    1442       -0.008149
    1443       -0.011228
    1444       -0.014355
    1445       -0.017369
    1446       -0.020672
    1447       -0.023550
    1448       -0.027985
    1449       -0.031856
    1450       -0.042931
    1451       -0.003713
    1452       -0.003484
    1453       -0.003213
    1454       -0.002942
    1455       -0.002718
    1456       -0.002552
    1457       -0.002452
    1458       -0.002419
    1459       -0.002454
    1460       -0.002557
    1461       -0.002723
    1462       -0.002946
    1463       -0.003216
    1464       -0.003486
    1465       -0.003714
    1466       -0.003766
    1467       -0.003565
    1468       -0.003328
    1469       -0.003108
    1470       -0.002933
    1471       -0.002811
    1472       -0.002742
    1473       -0.002721
    1474       -0.002745
    1475       -0.002816
    1476       -0.002939
    1477       -0.003114
    1478       -0.003332
    1479       -0.003568
    1480       -0.003768
    1481       -0.003846
    1482       -0.003619
    1483       -0.003398
    1484       -0.003213
    1485       -0.003082
    1486       -0.003003
    1487       -0.002965
    1488       -0.002955
    1489       -0.002967
    1490       -0.003007
    1491       -0.003089
    1492       -0.003221
    1493       -0.003405
    1494       -0.003626
    1495       -0.003855
    1496       -0.003849
    1497       -0.003598
    1498       -0.003392
    1499       -0.003249
    1500       -0.003170
    1501       -0.003139
    1502       -0.003135
    1503       -0.003136
    1504       -0.003135
    1505       -0.003142
    1506       -0.003176
    1507       -0.003259
    1508       -0.003404
    1509       -0.003612
    1510       -0.003869
    1511       -0.003756
    1512       -0.003477
    1513       -0.003298
    1514       -0.003213
    1515       -0.003200
    1516       -0.003229
    1517       -0.003265
    1518       -0.003279
    1519       -0.003264
    1520       -0.003231
    1521       -0.003208
    1522       -0.003225
    1523       -0.003313
    1524       -0.003497
    1525       -0.003790
    1526       -0.003513
    1527       -0.003229
    1528       -0.003104
    1529       -0.003104
    1530       -0.003180
    1531       -0.003283
    1532       -0.003366
    1533       -0.003396
    1534       -0.003364
    1535       -0.003285
    1536       -0.003191
    1537       -0.003120
    1538       -0.003120
    1539       -0.003248
    1540       -0.003557
    1541       -0.003066
    1542       -0.002814
    1543       -0.002800
    1544       -0.002932
    1545       -0.003127
    1546       -0.003318
    1547       -0.003454
    1548       -0.003501
    1549       -0.003451
    1550       -0.003319
    1551       -0.003137
    1552       -0.002949
    1553       -0.002815
    1554       -0.002825
    1555       -0.003110
    1556       -0.002284
    1557       -0.002216
    1558       -0.002439
    1559       -0.002770
    1560       -0.003095
    1561       -0.003367
    1562       -0.003547
    1563       -0.003607
    1564       -0.003538
    1565       -0.003355
    1566       -0.003089
    1567       -0.002775
    1568       -0.002451
    1569       -0.002225
    1570       -0.002321
    1571       -0.001187
    1572       -0.001676
    1573       -0.002358
    1574       -0.002861
    1575       -0.003229
    1576       -0.003496
    1577       -0.003671
    1578       -0.003727
    1579       -0.003647
    1580       -0.003453
    1581       -0.003185
    1582       -0.002837
    1583       -0.002363
    1584       -0.001706
    1585       -0.001222
    1586       -0.000254
    1587       -0.002472
    1588       -0.003303
    1589       -0.003648
    1590       -0.003796
    1591       -0.003819
    1592       -0.003834
    1593       -0.003862
    1594       -0.003795
    1595       -0.003748
    1596       -0.003733
    1597       -0.003612
    1598       -0.003303
    1599       -0.002518
    1600       -0.000299
    1601       -0.003106
    1602       -0.005610
    1603       -0.005466
    1604       -0.005355
    1605       -0.005115
    1606       -0.004643
    1607       -0.003977
    1608       -0.004000
    1609       -0.003946
    1610       -0.004616
    1611       -0.005130
    1612       -0.005386
    1613       -0.005484
    1614       -0.005619
    1615       -0.003110
    1616       -0.004544
    1617       -0.004136
    1618       -0.004468
    1619       -0.004914
    1620       -0.004336
    1621       -0.004828
    1622       -0.005268
    1623       -0.004540
    1624       -0.005197
    1625       -0.005531
    1626       -0.005087
    1627       -0.005477
    1628       -0.006448
    1629       -0.005296
    1630       -0.006479
    1631       -0.003893
    1632       -0.002327
    1633       -0.003913
    1799       -0.001454
    1800       -0.001050
    1801        0.000715
    1802        0.000856
    1803        0.001006
    1804        0.001069
    1805        0.001095
    1806        0.001108
    1807        0.001111
    1808        0.001101
    1809        0.001051
    1810        0.000911
    1811        0.000772
    1812       -0.000995
    1813       -0.001426
    1814       -0.003044
    1815       -0.001036
    1816        0.000239
    1817        0.000746
    1818        0.001049
    1819        0.001221
    1820        0.001305
    1821        0.001334
    1822        0.001314
    1823        0.001241
    1824        0.001078
    1825        0.000781
    1826        0.000273
    1827       -0.001001
    1828       -0.003020
    1829       -0.001571
    1830       -0.001077
    1831       -0.000188
    1832        0.000525
    1833        0.000983
    1834        0.001286
    1835        0.001453
    1836        0.001506
    1837        0.001454
    1838        0.001291
    1839        0.000997
    1840        0.000548
    1841       -0.000160
    1842       -0.001043
    1843       -0.001528
    1844       -0.002222
    1845       -0.001338
    1846       -0.000534
    1847        0.000213
    1848        0.000825
    1849        0.001265
    1850        0.001531
    1851        0.001616
    1852        0.001522
    1853        0.001257
    1854        0.000827
    1855        0.000231
    1856       -0.000501
    1857       -0.001291
    1858       -0.002149
    1859       -0.002554
    1860       -0.001779
    1861       -0.000961
    1862       -0.000155
    1863        0.000575
    1864        0.001161
    1865        0.001538
    1866        0.001658
    1867        0.001516
    1868        0.001138
    1869        0.000568
    1870       -0.000136
    1871       -0.000919
    1872       -0.001717
    1873       -0.002454
    1874       -0.002982
    1875       -0.002257
    1876       -0.001463
    1877       -0.000616
    1878        0.000231
    1879        0.000971
    1880        0.001469
    1881        0.001635
    1882        0.001444
    1883        0.000947
    1884        0.000239
    1885       -0.000580
    1886       -0.001412
    1887       -0.002185
    1888       -0.002864
    1889       -0.003333
    1890       -0.002779
    1891       -0.002076
    1892       -0.001209
    1893       -0.000243
    1894        0.000676
    1895        0.001330
    1896        0.001550
    1897        0.001300
    1898        0.000658
    1899       -0.000218
    1900       -0.001152
    1901       -0.002006
    1902       -0.002700
    1903       -0.003207
    1904       -0.003743
    1905       -0.003445
    1906       -0.002888
    1907       -0.002040
    1908       -0.000931
    1909        0.000240
    1910        0.001117
    1911        0.001413
    1912        0.001080
    1913        0.000219
    1914       -0.000900
    1915       -0.001967
    1916       -0.002806
    1917       -0.003362
    1918       -0.003623
    1919       -0.004388
    1920       -0.004343
    1921       -0.004045
    1922       -0.003268
    1923       -0.001984
    1924       -0.000413
    1925        0.000842
    1926        0.001240
    1927        0.000777
    1928       -0.000481
    1929       -0.002004
    1930       -0.003237
    1931       -0.003986
    1932       -0.004259
    1933       -0.004275
    1934       -0.004995
    1935       -0.005939
    1936       -0.005808
    1937       -0.005082
    1938       -0.003680
    1939       -0.001494
    1940        0.000564
    1941        0.001048
    1942        0.000425
    1943       -0.001705
    1944       -0.003862
    1945       -0.005180
    1946       -0.005830
    1947       -0.005905
    1948       -0.004920
    1949       -0.010098
    1950       -0.008288
    1951       -0.007854
    1952       -0.007365
    1953       -0.006363
    1954       -0.003951
    1955        0.000600
    1956        0.000854
    1957        0.000384
    1958       -0.004484
    1959       -0.006798
    1960       -0.007632
    1961       -0.007994
    1962       -0.008320
    1963       -0.010128
    1964       -0.000058
    1965        0.000639
    1966        0.000316
    1967       -0.000553
    1968        0.000406
    1969       -0.000182
    1970       -0.000590
    1971       -0.000054
    1972       -0.000381
    1973       -0.001060
    1974       -0.000540
    1975       -0.000987
    1976       -0.001144
    1977       -0.002981
    1978       -0.001122
    1979       -0.003672
    1980       -0.006487
    1981       -0.003848
    1982       -0.001454
    1983       -0.001050
    1984        0.000715
    1985        0.000856
    1986        0.001006
    1987        0.001069
    1988        0.001095
    1989        0.001108
    1990        0.001111
    1991        0.001101
    1992        0.001051
    1993        0.000911
    1994        0.000772
    1995       -0.000995
    1996       -0.001426
    1997       -0.003044
    1998       -0.001036
    1999        0.000239
    2000        0.000746
    2001        0.001048
    2002        0.001221
    2003        0.001305
    2004        0.001334
    2005        0.001314
    2006        0.001241
    2007        0.001078
    2008        0.000781
    2009        0.000273
    2010       -0.001001
    2011       -0.003020
    2012       -0.001571
    2013       -0.001077
    2014       -0.000188
    2015        0.000525
    2016        0.000983
    2017        0.001286
    2018        0.001453
    2019        0.001506
    2020        0.001454
    2021        0.001291
    2022        0.000997
    2023        0.000548
    2024       -0.000160
    2025       -0.001043
    2026       -0.001528
    2027       -0.002222
    2028       -0.001338
    2029       -0.000534
    2030        0.000213
    2031        0.000823
    2032        0.001263
    2033        0.001531
    2034        0.001616
    2035        0.001521
    2036        0.001254
    2037        0.000823
    2038        0.000228
    2039       -0.000502
    2040       -0.001292
    2041       -0.002149
    2042       -0.002554
    2043       -0.001779
    2044       -0.000961
    2045       -0.000157
    2046        0.000574
    2047        0.001162
    2048        0.001537
    2049        0.001658
    2050        0.001517
    2051        0.001141
    2052        0.000572
    2053       -0.000136
    2054       -0.000921
    2055       -0.001717
    2056       -0.002454
    2057       -0.002982
    2058       -0.002257
    2059       -0.001463
    2060       -0.000612
    2061        0.000234
    2062        0.000972
    2063        0.001471
    2064        0.001635
    2065        0.001444
    2066        0.000948
    2067        0.000240
    2068       -0.000577
    2069       -0.001408
    2070       -0.002184
    2071       -0.002864
    2072       -0.003333
    2073       -0.002779
    2074       -0.002076
    2075       -0.001208
    2076       -0.000242
    2077        0.000677
    2078        0.001330
    2079        0.001550
    2080        0.001300
    2081        0.000658
    2082       -0.000217
    2083       -0.001151
    2084       -0.002004
    2085       -0.002700
    2086       -0.003207
    2087       -0.003741
    2088       -0.003440
    2089       -0.002887
    2090       -0.002039
    2091       -0.000931
    2092        0.000240
    2093        0.001117
    2094        0.001413
    2095        0.001080
    2096        0.000219
    2097       -0.000900
    2098       -0.001966
    2099       -0.002806
    2100       -0.003358
    2101       -0.003621
    2102       -0.004391
    2103       -0.004345
    2104       -0.004046
    2105       -0.003268
    2106       -0.001984
    2107       -0.000413
    2108        0.000842
    2109        0.001239
    2110        0.000777
    2111       -0.000481
    2112       -0.001999
    2113       -0.003234
    2114       -0.003985
    2115       -0.004259
    2116       -0.004278
    2117       -0.004995
    2118       -0.005935
    2119       -0.005807
    2120       -0.005082
    2121       -0.003680
    2122       -0.001493
    2123        0.000564
    2124        0.001048
    2125        0.000424
    2126       -0.001705
    2127       -0.003855
    2128       -0.005182
    2129       -0.005831
    2130       -0.005904
    2131       -0.004921
    2132       -0.010100
    2133       -0.008287
    2134       -0.007853
    2135       -0.007365
    2136       -0.006363
    2137       -0.003951
    2138        0.000600
    2139        0.000854
    2140        0.000384
    2141       -0.004484
    2142       -0.006795
    2143       -0.007638
    2144       -0.007995
    2145       -0.008320
    2146       -0.010128
    2147       -0.000058
    2148        0.000639
    2149        0.000316
    2150       -0.000553
    2151        0.000406
    2152       -0.000183
    2153       -0.000590
    2154       -0.000054
    2155       -0.000381
    2156       -0.001061
    2157       -0.000540
    2158       -0.000987
    2159       -0.001143
    2160       -0.002980
    2161       -0.001122
    2162       -0.003672
    2163       -0.006487
    2164       -0.003848
    2165       -0.003713
    2166       -0.003484
    2167       -0.003213
    2168       -0.002942
    2169       -0.002718
    2170       -0.002552
    2171       -0.002452
    2172       -0.002419
    2173       -0.002454
    2174       -0.002557
    2175       -0.002723
    2176       -0.002946
    2177       -0.003216
    2178       -0.003486
    2179       -0.003714
    2180       -0.003766
    2181       -0.003565
    2182       -0.003328
    2183       -0.003108
    2184       -0.002933
    2185       -0.002811
    2186       -0.002742
    2187       -0.002721
    2188       -0.002745
    2189       -0.002816
    2190       -0.002939
    2191       -0.003114
    2192       -0.003332
    2193       -0.003568
    2194       -0.003768
    2195       -0.003846
    2196       -0.003619
    2197       -0.003398
    2198       -0.003214
    2199       -0.003082
    2200       -0.003004
    2201       -0.002965
    2202       -0.002955
    2203       -0.002967
    2204       -0.003008
    2205       -0.003089
    2206       -0.003222
    2207       -0.003405
    2208       -0.003626
    2209       -0.003855
    2210       -0.003849
    2211       -0.003598
    2212       -0.003392
    2213       -0.003249
    2214       -0.003170
    2215       -0.003140
    2216       -0.003136
    2217       -0.003136
    2218       -0.003136
    2219       -0.003143
    2220       -0.003178
    2221       -0.003260
    2222       -0.003405
    2223       -0.003612
    2224       -0.003869
    2225       -0.003756
    2226       -0.003477
    2227       -0.003298
    2228       -0.003213
    2229       -0.003201
    2230       -0.003230
    2231       -0.003265
    2232       -0.003280
    2233       -0.003264
    2234       -0.003232
    2235       -0.003210
    2236       -0.003227
    2237       -0.003315
    2238       -0.003497
    2239       -0.003790
    2240       -0.003513
    2241       -0.003229
    2242       -0.003105
    2243       -0.003105
    2244       -0.003180
    2245       -0.003282
    2246       -0.003366
    2247       -0.003396
    2248       -0.003364
    2249       -0.003284
    2250       -0.003188
    2251       -0.003119
    2252       -0.003121
    2253       -0.003248
    2254       -0.003557
    2255       -0.003066
    2256       -0.002813
    2257       -0.002800
    2258       -0.002930
    2259       -0.003125
    2260       -0.003317
    2261       -0.003453
    2262       -0.003500
    2263       -0.003451
    2264       -0.003318
    2265       -0.003137
    2266       -0.002950
    2267       -0.002815
    2268       -0.002825
    2269       -0.003110
    2270       -0.002282
    2271       -0.002214
    2272       -0.002437
    2273       -0.002768
    2274       -0.003095
    2275       -0.003367
    2276       -0.003547
    2277       -0.003607
    2278       -0.003538
    2279       -0.003355
    2280       -0.003089
    2281       -0.002774
    2282       -0.002446
    2283       -0.002218
    2284       -0.002317
    2285       -0.001189
    2286       -0.001677
    2287       -0.002359
    2288       -0.002861
    2289       -0.003228
    2290       -0.003496
    2291       -0.003671
    2292       -0.003727
    2293       -0.003647
    2294       -0.003454
    2295       -0.003186
    2296       -0.002836
    2297       -0.002363
    2298       -0.001707
    2299       -0.001224
    2300       -0.000256
    2301       -0.002474
    2302       -0.003304
    2303       -0.003650
    2304       -0.003799
    2305       -0.003819
    2306       -0.003835
    2307       -0.003862
    2308       -0.003795
    2309       -0.003748
    2310       -0.003735
    2311       -0.003612
    2312       -0.003305
    2313       -0.002521
    2314       -0.000302
    2315       -0.003103
    2316       -0.005614
    2317       -0.005467
    2318       -0.005353
    2319       -0.005117
    2320       -0.004642
    2321       -0.003978
    2322       -0.004000
    2323       -0.003946
    2324       -0.004615
    2325       -0.005133
    2326       -0.005384
    2327       -0.005484
    2328       -0.005624
    2329       -0.003107
    2330       -0.004543
    2331       -0.004135
    2332       -0.004468
    2333       -0.004914
    2334       -0.004336
    2335       -0.004824
    2336       -0.005268
    2337       -0.004541
    2338       -0.005197
    2339       -0.005532
    2340       -0.005086
    2341       -0.005478
    2342       -0.006443
    2343       -0.005297
    2344       -0.006475
    2345       -0.003898
    2346       -0.002325
    2347       -0.003917
    2348       -0.003868
    2349       -0.004098
    2350       -0.004748
    2351       -0.005762
    2352       -0.006931
    2353       -0.008143
    2354       -0.009354
    2355       -0.010562
    2356       -0.011764
    2357       -0.012968
    2358       -0.014163
    2359       -0.015369
    2360       -0.016549
    2361       -0.017769
    2362       -0.018926
    2363       -0.020093
    2364       -0.021452
    2365       -0.022037
    2366       -0.021845
    2367       -0.021876
    2368       -0.021959
    2369       -0.022003
    2370       -0.022069
    2371       -0.022077
    2372       -0.022080
    2373       -0.022080
    2374       -0.022077
    2375       -0.022069
    2376       -0.022003
    2377       -0.021959
    2378       -0.021876
    2379       -0.021845
    2380       -0.022037
    2381       -0.021452
    2382       -0.020093
    2383       -0.018926
    2384       -0.017769
    2385       -0.016549
    2386       -0.015369
    2387       -0.014163
    2388       -0.012967
    2389       -0.011764
    2390       -0.010562
    2391       -0.009354
    2392       -0.008143
    2393       -0.006931
    2394       -0.005762
    2395       -0.004748
    2396       -0.004098
    2397       -0.003868
    2398       -0.003979
    2399       -0.004265
    2400       -0.004916
    2401       -0.005870
    2402       -0.006982
    2403       -0.008160
    2404       -0.009360
    2405       -0.010564
    2406       -0.011769
    2407       -0.012971
    2408       -0.014175
    2409       -0.015372
    2410       -0.016567
    2411       -0.017757
    2412       -0.018904
    2413       -0.020034
    2414       -0.021144
    2415       -0.021734
    2416       -0.021807
    2417       -0.021881
    2418       -0.021966
    2419       -0.022023
    2420       -0.022065
    2421       -0.022087
    2422       -0.022091
    2423       -0.022091
    2424       -0.022087
    2425       -0.022065
    2426       -0.022023
    2427       -0.021966
    2428       -0.021881
    2429       -0.021807
    2430       -0.021734
    2431       -0.021144
    2432       -0.020034
    2433       -0.018904
    2434       -0.017757
    2435       -0.016567
    2436       -0.015372
    2437       -0.014175
    2438       -0.012971
    2439       -0.011769
    2440       -0.010564
    2441       -0.009360
    2442       -0.008160
    2443       -0.006982
    2444       -0.005870
    2445       -0.004916
    2446       -0.004265
    2447       -0.003979
    2448       -0.004060
    2449       -0.004374
    2450       -0.005040
    2451       -0.005959
    2452       -0.007028
    2453       -0.008179
    2454       -0.009366
    2455       -0.010568
    2456       -0.011772
    2457       -0.012978
    2458       -0.014181
    2459       -0.015382
    2460       -0.016575
    2461       -0.017755
    2462       -0.018883
    2463       -0.019969
    2464       -0.020924
    2465       -0.021519
    2466       -0.021758
    2467       -0.021881
    2468       -0.021979
    2469       -0.022035
    2470       -0.022074
    2471       -0.022095
    2472       -0.022103
    2473       -0.022103
    2474       -0.022095
    2475       -0.022074
    2476       -0.022035
    2477       -0.021979
    2478       -0.021881
    2479       -0.021758
    2480       -0.021519
    2481       -0.020924
    2482       -0.019969
    2483       -0.018883
    2484       -0.017754
    2485       -0.016575
    2486       -0.015382
    2487       -0.014181
    2488       -0.012978
    2489       -0.011772
    2490       -0.010568
    2491       -0.009366
    2492       -0.008179
    2493       -0.007028
    2494       -0.005959
    2495       -0.005040
    2496       -0.004374
    2497       -0.004060
    2498       -0.004121
    2499       -0.004440
    2500       -0.005129
    2501       -0.006028
    2502       -0.007066
    2503       -0.008195
    2504       -0.009373
    2505       -0.010571
    2506       -0.011777
    2507       -0.012984
    2508       -0.014190
    2509       -0.015391
    2510       -0.016584
    2511       -0.017754
    2512       -0.018869
    2513       -0.019911
    2514       -0.020775
    2515       -0.021375
    2516       -0.021712
    2517       -0.021884
    2518       -0.021992
    2519       -0.022051
    2520       -0.022086
    2521       -0.022105
    2522       -0.022114
    2523       -0.022114
    2524       -0.022105
    2525       -0.022086
    2526       -0.022051
    2527       -0.021992
    2528       -0.021884
    2529       -0.021712
    2530       -0.021375
    2531       -0.020775
    2532       -0.019911
    2533       -0.018869
    2534       -0.017754
    2535       -0.016584
    2536       -0.015391
    2537       -0.014190
    2538       -0.012984
    2539       -0.011777
    2540       -0.010571
    2541       -0.009373
    2542       -0.008195
    2543       -0.007066
    2544       -0.006028
    2545       -0.005129
    2546       -0.004440
    2547       -0.004121
    2548       -0.004162
    2549       -0.004478
    2550       -0.005188
    2551       -0.006077
    2552       -0.007095
    2553       -0.008208
    2554       -0.009378
    2555       -0.010575
    2556       -0.011782
    2557       -0.012990
    2558       -0.014198
    2559       -0.015401
    2560       -0.016594
    2561       -0.017759
    2562       -0.018863
    2563       -0.019871
    2564       -0.020684
    2565       -0.021288
    2566       -0.021683
    2567       -0.021890
    2568       -0.022008
    2569       -0.022067
    2570       -0.022099
    2571       -0.022118
    2572       -0.022126
    2573       -0.022126
    2574       -0.022118
    2575       -0.022099
    2576       -0.022067
    2577       -0.022008
    2578       -0.021890
    2579       -0.021683
    2580       -0.021288
    2581       -0.020684
    2582       -0.019871
    2583       -0.018862
    2584       -0.017759
    2585       -0.016594
    2586       -0.015401
    2587       -0.014198
    2588       -0.012990
    2589       -0.011782
    2590       -0.010575
    2591       -0.009378
    2592       -0.008208
    2593       -0.007095
    2594       -0.006077
    2595       -0.005188
    2596       -0.004478
    2597       -0.004162
    2598       -0.004187
    2599       -0.004497
    2600       -0.005222
    2601       -0.006106
    2602       -0.007113
    2603       -0.008217
    2604       -0.009383
    2605       -0.010579
    2606       -0.011787
    2607       -0.012997
    2608       -0.014206
    2609       -0.015411
    2610       -0.016604
    2611       -0.017768
    2612       -0.018865
    2613       -0.019855
    2614       -0.020643
    2615       -0.021249
    2616       -0.021675
    2617       -0.021904
    2618       -0.022027
    2619       -0.022086
    2620       -0.022115
    2621       -0.022131
    2622       -0.022138
    2623       -0.022138
    2624       -0.022131
    2625       -0.022115
    2626       -0.022086
    2627       -0.022027
    2628       -0.021904
    2629       -0.021675
    2630       -0.021249
    2631       -0.020643
    2632       -0.019855
    2633       -0.018865
    2634       -0.017768
    2635       -0.016604
    2636       -0.015411
    2637       -0.014206
    2638       -0.012997
    2639       -0.011787
    2640       -0.010579
    2641       -0.009383
    2642       -0.008217
    2643       -0.007113
    2644       -0.006106
    2645       -0.005222
    2646       -0.004497
    2647       -0.004187
    2648       -0.004195
    2649       -0.004502
    2650       -0.005233
    2651       -0.006116
    2652       -0.007120
    2653       -0.008222
    2654       -0.009387
    2655       -0.010583
    2656       -0.011792
    2657       -0.013003
    2658       -0.014214
    2659       -0.015422
    2660       -0.016617
    2661       -0.017781
    2662       -0.018878
    2663       -0.019863
    2664       -0.020646
    2665       -0.021255
    2666       -0.021692
    2667       -0.021927
    2668       -0.022050
    2669       -0.022106
    2670       -0.022132
    2671       -0.022145
    2672       -0.022151
    2673       -0.022151
    2674       -0.022145
    2675       -0.022132
    2676       -0.022106
    2677       -0.022050
    2678       -0.021927
    2679       -0.021692
    2680       -0.021255
    2681       -0.020646
    2682       -0.019863
    2683       -0.018878
    2684       -0.017781
    2685       -0.016617
    2686       -0.015422
    2687       -0.014214
    2688       -0.013003
    2689       -0.011792
    2690       -0.010583
    2691       -0.009387
    2692       -0.008222
    2693       -0.007120
    2694       -0.006116
    2695       -0.005233
    2696       -0.004502
    2697       -0.004195
    2698       -0.004187
    2699       -0.004497
    2700       -0.005222
    2701       -0.006107
    2702       -0.007115
    2703       -0.008221
    2704       -0.009389
    2705       -0.010587
    2706       -0.011797
    2707       -0.013010
    2708       -0.014223
    2709       -0.015432
    2710       -0.016630
    2711       -0.017799
    2712       -0.018902
    2713       -0.019898
    2714       -0.020693
    2715       -0.021305
    2716       -0.021734
    2717       -0.021960
    2718       -0.022078
    2719       -0.022128
    2720       -0.022150
    2721       -0.022160
    2722       -0.022165
    2723       -0.022165
    2724       -0.022160
    2725       -0.022150
    2726       -0.022128
    2727       -0.022078
    2728       -0.021960
    2729       -0.021734
    2730       -0.021305
    2731       -0.020693
    2732       -0.019898
    2733       -0.018902
    2734       -0.017799
    2735       -0.016630
    2736       -0.015432
    2737       -0.014223
    2738       -0.013010
    2739       -0.011797
    2740       -0.010587
    2741       -0.009389
    2742       -0.008221
    2743       -0.007115
    2744       -0.006107
    2745       -0.005222
    2746       -0.004497
    2747       -0.004187
    2748       -0.004162
    2749       -0.004479
    2750       -0.005189
    2751       -0.006079
    2752       -0.007099
    2753       -0.008215
    2754       -0.009389
    2755       -0.010590
    2756       -0.011802
    2757       -0.013017
    2758       -0.014231
    2759       -0.015443
    2760       -0.016645
    2761       -0.017821
    2762       -0.018936
    2763       -0.019958
    2764       -0.020785
    2765       -0.021399
    2766       -0.021800
    2767       -0.022004
    2768       -0.022109
    2769       -0.022152
    2770       -0.022168
    2771       -0.022175
    2772       -0.022179
    2773       -0.022179
    2774       -0.022175
    2775       -0.022168
    2776       -0.022152
    2777       -0.022109
    2778       -0.022004
    2779       -0.021800
    2780       -0.021399
    2781       -0.020785
    2782       -0.019958
    2783       -0.018936
    2784       -0.017821
    2785       -0.016645
    2786       -0.015443
    2787       -0.014231
    2788       -0.013017
    2789       -0.011802
    2790       -0.010590
    2791       -0.009389
    2792       -0.008215
    2793       -0.007099
    2794       -0.006079
    2795       -0.005189
    2796       -0.004479
    2797       -0.004162
    2798       -0.004120
    2799       -0.004441
    2800       -0.005130
    2801       -0.006031
    2802       -0.007073
    2803       -0.008205
    2804       -0.009389
    2805       -0.010594
    2806       -0.011808
    2807       -0.013024
    2808       -0.014240
    2809       -0.015454
    2810       -0.016661
    2811       -0.017847
    2812       -0.018980
    2813       -0.020041
    2814       -0.020926
    2815       -0.021543
    2816       -0.021890
    2817       -0.022057
    2818       -0.022146
    2819       -0.022177
    2820       -0.022187
    2821       -0.022191
    2822       -0.022193
    2823       -0.022193
    2824       -0.022191
    2825       -0.022187
    2826       -0.022177
    2827       -0.022146
    2828       -0.022057
    2829       -0.021890
    2830       -0.021543
    2831       -0.020926
    2832       -0.020041
    2833       -0.018980
    2834       -0.017847
    2835       -0.016661
    2836       -0.015454
    2837       -0.014240
    2838       -0.013024
    2839       -0.011808
    2840       -0.010594
    2841       -0.009389
    2842       -0.008205
    2843       -0.007073
    2844       -0.006031
    2845       -0.005130
    2846       -0.004441
    2847       -0.004120
    2848       -0.004059
    2849       -0.004374
    2850       -0.005041
    2851       -0.005963
    2852       -0.007036
    2853       -0.008192
    2854       -0.009387
    2855       -0.010598
    2856       -0.011813
    2857       -0.013031
    2858       -0.014248
    2859       -0.015465
    2860       -0.016677
    2861       -0.017878
    2862       -0.019030
    2863       -0.020142
    2864       -0.021125
    2865       -0.021745
    2866       -0.021999
    2867       -0.022117
    2868       -0.022186
    2869       -0.022203
    2870       -0.022206
    2871       -0.022206
    2872       -0.022207
    2873       -0.022207
    2874       -0.022206
    2875       -0.022206
    2876       -0.022203
    2877       -0.022186
    2878       -0.022117
    2879       -0.021999
    2880       -0.021745
    2881       -0.021125
    2882       -0.020142
    2883       -0.019030
    2884       -0.017878
    2885       -0.016677
    2886       -0.015465
    2887       -0.014248
    2888       -0.013031
    2889       -0.011813
    2890       -0.010598
    2891       -0.009387
    2892       -0.008192
    2893       -0.007036
    2894       -0.005963
    2895       -0.005041
    2896       -0.004374
    2897       -0.004059
    2898       -0.003978
    2899       -0.004265
    2900       -0.004916
    2901       -0.005874
    2902       -0.006992
    2903       -0.008177
    2904       -0.009386
    2905       -0.010601
    2906       -0.011819
    2907       -0.013036
    2908       -0.014258
    2909       -0.015475
    2910       -0.016694
    2911       -0.017910
    2912       -0.019087
    2913       -0.020250
    2914       -0.021394
    2915       -0.022018
    2916       -0.022116
    2917       -0.022184
    2918       -0.022230
    2919       -0.022229
    2920       -0.022224
    2921       -0.022223
    2922       -0.022220
    2923       -0.022220
    2924       -0.022223
    2925       -0.022224
    2926       -0.022229
    2927       -0.022230
    2928       -0.022184
    2929       -0.022116
    2930       -0.022018
    2931       -0.021394
    2932       -0.020250
    2933       -0.019087
    2934       -0.017910
    2935       -0.016694
    2936       -0.015475
    2937       -0.014258
    2938       -0.013036
    2939       -0.011819
    2940       -0.010601
    2941       -0.009386
    2942       -0.008177
    2943       -0.006992
    2944       -0.005874
    2945       -0.004916
    2946       -0.004265
    2947       -0.003978
    2948       -0.003867
    2949       -0.004097
    2950       -0.004747
    2951       -0.005766
    2952       -0.006942
    2953       -0.008163
    2954       -0.009385
    2955       -0.010605
    2956       -0.011823
    2957       -0.013045
    2958       -0.014262
    2959       -0.015492
    2960       -0.016700
    2961       -0.017952
    2962       -0.019145
    2963       -0.020351
    2964       -0.021751
    2965       -0.022381
    2966       -0.022226
    2967       -0.022256
    2968       -0.022284
    2969       -0.022244
    2970       -0.022248
    2971       -0.022234
    2972       -0.022236
    2973       -0.022236
    2974       -0.022234
    2975       -0.022248
    2976       -0.022244
    2977       -0.022284
    2978       -0.022256
    2979       -0.022226
    2980       -0.022381
    2981       -0.021751
    2982       -0.020351
    2983       -0.019145
    2984       -0.017952
    2985       -0.016700
    2986       -0.015492
    2987       -0.014262
    2988       -0.013045
    2989       -0.011823
    2990       -0.010605
    2991       -0.009385
    2992       -0.008163
    2993       -0.006942
    2994       -0.005766
    2995       -0.004747
    2996       -0.004097
    2997       -0.003867
    2998       -0.003716
    2999       -0.003849
    3000       -0.004530
    3001       -0.005637
    3002       -0.006892
    3003       -0.008150
    3004       -0.009386
    3005       -0.010609
    3006       -0.011829
    3007       -0.013049
    3008       -0.014273
    3009       -0.015495
    3010       -0.016733
    3011       -0.017944
    3012       -0.019272
    3013       -0.020369
    3014       -0.022241
    3015       -0.022876
    3016       -0.022255
    3017       -0.022399
    3018       -0.022290
    3019       -0.022286
    3020       -0.022257
    3021       -0.022251
    3022       -0.022249
    3023       -0.022249
    3024       -0.022251
    3025       -0.022257
    3026       -0.022286
    3027       -0.022290
    3028       -0.022399
    3029       -0.022255
    3030       -0.022876
    3031       -0.022241
    3032       -0.020370
    3033       -0.019272
    3034       -0.017944
    3035       -0.016733
    3036       -0.015495
    3037       -0.014273
    3038       -0.013049
    3039       -0.011829
    3040       -0.010609
    3041       -0.009386
    3042       -0.008150
    3043       -0.006892
    3044       -0.005637
    3045       -0.004530
    3046       -0.003849
    3047       -0.003716
    3048       -0.003725
    3049       -0.003819
    3050       -0.004442
    3051       -0.005581
    3052       -0.006875
    3053       -0.008151
    3054       -0.009391
    3055       -0.010614
    3056       -0.011834
    3057       -0.013056
    3058       -0.014279
    3059       -0.015506
    3060       -0.016736
    3061       -0.017983
    3062       -0.019228
    3063       -0.020615
    3064       -0.022326
    3065       -0.022962
    3066       -0.022512
    3067       -0.022367
    3068       -0.022341
    3069       -0.022298
    3070       -0.022274
    3071       -0.022263
    3072       -0.022262
    3073       -0.022262
    3074       -0.022263
    3075       -0.022274
    3076       -0.022298
    3077       -0.022341
    3078       -0.022367
    3079       -0.022512
    3080       -0.022962
    3081       -0.022326
    3082       -0.020615
    3083       -0.019228
    3084       -0.017983
    3085       -0.016736
    3086       -0.015506
    3087       -0.014279
    3088       -0.013056
    3089       -0.011834
    3090       -0.010614
    3091       -0.009391
    3092       -0.008151
    3093       -0.006875
    3094       -0.005581
    3095       -0.004442
    3096       -0.003819
    3097       -0.003725
    3098       -0.003770
    3099       -0.003700
    3100       -0.003734
    3101       -0.003667
    3102       -0.003550
    3103       -0.003497
    3104       -0.003214
    3105       -0.003171
    3106       -0.002830
    3107       -0.002811
    3108       -0.002451
    3109       -0.002444
    3110       -0.002083
    3111       -0.002081
    3112       -0.001721
    3113       -0.001720
    3114       -0.001361
    3115       -0.001360
    3116       -0.001001
    3117       -0.000999
    3118       -0.000644
    3119       -0.000643
    3120       -0.000283
    3121       -0.000278
    3122        0.000070
    3123        0.000066
    3124        0.000439
    3125        0.000444
    3126        0.000785
    3127        0.000789
    3128        0.001211
    3129        0.001020
    3130        0.001673
    3131        0.002182
    3132        0.001844
    3133        0.002354
    3134        0.001725
    3135        0.001541
    3136        0.001653
    3137        0.001666
    3138        0.001685
    3139        0.001696
    3140        0.001706
    3141        0.001703
    3142        0.001731
    3143        0.001734
    3144        0.001731
    3145        0.001731
    3146        0.001728
    3147        0.001732
    3148        0.001728
    3149        0.001732
    3150        0.001731
    3151        0.001731
    3152        0.001731
    3153        0.001734
    3154        0.001706
    3155        0.001703
    3156        0.001685
    3157        0.001696
    3158        0.001653
    3159        0.001666
    3160        0.001725
    3161        0.001541
    3162        0.001844
    3163        0.002354
    3164        0.001673
    3165        0.002182
    3166        0.001211
    3167        0.001020
    3168        0.000785
    3169        0.000789
    3170        0.000439
    3171        0.000444
    3172        0.000070
    3173        0.000066
    3174       -0.000283
    3175       -0.000278
    3176       -0.000644
    3177       -0.000643
    3178       -0.000999
    3179       -0.001001
    3180       -0.001360
    3181       -0.001361
    3182       -0.001720
    3183       -0.001721
    3184       -0.002081
    3185       -0.002083
    3186       -0.002444
    3187       -0.002451
    3188       -0.002830
    3189       -0.002811
    3190       -0.003214
    3191       -0.003171
    3192       -0.003550
    3193       -0.003497
    3194       -0.003734
    3195       -0.003667
    3196       -0.003770
    3197       -0.003700


                                                      SUMMARY INFORMATION
                                                  _________________________

                                                         Min/Max Values
    -Source ID--Entity ID---Sub ID----X Component--
Min:     1       1450          0        -0.042931
Max:     1        623          0         0.021726

