




                       MSC.Patran 25.0.638960 Wed Mar 13 09:21:55 PDT 2019 - Analysis Code: MSC.Nastran 
                                             Load Case: Default, A1:Static Subcase 
                                         Result Strain Tensor,  - Layer (NON-LAYERED) 
                                                     Entity: Element Tensor


-Entity ID--X Component--
       1        0.000130
       2        0.000174
       3       -0.000395
       4       -0.001528
       5       -0.002831
       6       -0.004110
       7       -0.005343
       8       -0.006555
       9       -0.007759
      10       -0.008962
      11       -0.010164
      12       -0.011366
      13       -0.012567
      14       -0.013780
      15       -0.014985
      16       -0.016332
      17       -0.018016
      18       -0.018603
      19       -0.018089
      20       -0.017920
      21       -0.017926
      22       -0.017983
      23       -0.018087
      24       -0.018157
      25       -0.018179
      26       -0.018179
      27       -0.018157
      28       -0.018087
      29       -0.017983
      30       -0.017926
      31       -0.017920
      32       -0.018089
      33       -0.018605
      34       -0.018014
      35       -0.016332
      36       -0.014985
      37       -0.013780
      38       -0.012567
      39       -0.011366
      40       -0.010164
      41       -0.008962
      42       -0.007759
      43       -0.006555
      44       -0.005343
      45       -0.004110
      46       -0.002831
      47       -0.001528
      48       -0.000395
      49        0.000174
      50        0.000130
      51        0.000040
      52       -0.000218
      53       -0.001143
      54       -0.002373
      55       -0.003582
      56       -0.004690
      57       -0.005737
      58       -0.006760
      59       -0.007774
      60       -0.008785
      61       -0.009796
      62       -0.010809
      63       -0.011824
      64       -0.012868
      65       -0.013888
      66       -0.015249
      67       -0.016244
      68       -0.016726
      69       -0.016732
      70       -0.016347
      71       -0.016320
      72       -0.016313
      73       -0.016369
      74       -0.016394
      75       -0.016386
      76       -0.016386
      77       -0.016394
      78       -0.016369
      79       -0.016313
      80       -0.016320
      81       -0.016347
      82       -0.016733
      83       -0.016729
      84       -0.016241
      85       -0.015249
      86       -0.013888
      87       -0.012868
      88       -0.011824
      89       -0.010809
      90       -0.009796
      91       -0.008785
      92       -0.007774
      93       -0.006760
      94       -0.005737
      95       -0.004690
      96       -0.003582
      97       -0.002373
      98       -0.001143
      99       -0.000218
     100        0.000040
     101       -0.000265
     102       -0.001179
     103       -0.002710
     104       -0.004104
     105       -0.005107
     106       -0.005866
     107       -0.006533
     108       -0.007172
     109       -0.007801
     110       -0.008427
     111       -0.009054
     112       -0.009686
     113       -0.010324
     114       -0.011018
     115       -0.011657
     116       -0.013043
     117       -0.012660
     118       -0.012957
     119       -0.013962
     120       -0.013160
     121       -0.013074
     122       -0.012954
     123       -0.012920
     124       -0.012860
     125       -0.012797
     126       -0.012797
     127       -0.012860
     128       -0.012920
     129       -0.012954
     130       -0.013074
     131       -0.013160
     132       -0.013963
     133       -0.012957
     134       -0.012660
     135       -0.013042
     136       -0.011656
     137       -0.011018
     138       -0.010324
     139       -0.009686
     140       -0.009054
     141       -0.008427
     142       -0.007801
     143       -0.007172
     144       -0.006533
     145       -0.005866
     146       -0.005107
     147       -0.004104
     148       -0.002710
     149       -0.001179
     150       -0.000265
     151       -0.000558
     152       -0.002148
     153       -0.004328
     154       -0.005875
     155       -0.006650
     156       -0.007047
     157       -0.007331
     158       -0.007584
     159       -0.007829
     160       -0.008068
     161       -0.008315
     162       -0.008554
     163       -0.008843
     164       -0.009096
     165       -0.009594
     166       -0.010261
     167       -0.009587
     168       -0.009707
     169       -0.010618
     170       -0.010148
     171       -0.009762
     172       -0.009615
     173       -0.009462
     174       -0.009324
     175       -0.009202
     176       -0.009202
     177       -0.009324
     178       -0.009462
     179       -0.009615
     180       -0.009762
     181       -0.010148
     182       -0.010619
     183       -0.009707
     184       -0.009587
     185       -0.010261
     186       -0.009594
     187       -0.009096
     188       -0.008843
     189       -0.008554
     190       -0.008315
     191       -0.008068
     192       -0.007829
     193       -0.007584
     194       -0.007331
     195       -0.007047
     196       -0.006650
     197       -0.005875
     198       -0.004328
     199       -0.002148
     200       -0.000558
     201       -0.000880
     202       -0.003231
     203       -0.006092
     204       -0.007722
     205       -0.008213
     206       -0.008232
     207       -0.008131
     208       -0.007999
     209       -0.007855
     210       -0.007713
     211       -0.007568
     212       -0.007438
     213       -0.007321
     214       -0.007242
     215       -0.007371
     216       -0.007480
     217       -0.006660
     218       -0.006592
     219       -0.007281
     220       -0.006987
     221       -0.006535
     222       -0.006240
     223       -0.006010
     224       -0.005764
     225       -0.005597
     226       -0.005597
     227       -0.005764
     228       -0.006010
     229       -0.006240
     230       -0.006535
     231       -0.006987
     232       -0.007281
     233       -0.006592
     234       -0.006660
     235       -0.007480
     236       -0.007371
     237       -0.007242
     238       -0.007321
     239       -0.007438
     240       -0.007568
     241       -0.007713
     242       -0.007855
     243       -0.007999
     244       -0.008131
     245       -0.008232
     246       -0.008213
     247       -0.007722
     248       -0.006092
     249       -0.003231
     250       -0.000880
     251       -0.001275
     252       -0.004563
     253       -0.008101
     254       -0.009668
     255       -0.009794
     256       -0.009419
     257       -0.008934
     258       -0.008412
     259       -0.007884
     260       -0.007353
     261       -0.006827
     262       -0.006309
     263       -0.005810
     264       -0.005368
     265       -0.005075
     266       -0.004717
     267       -0.003791
     268       -0.003534
     269       -0.003961
     270       -0.003772
     271       -0.003323
     272       -0.002891
     273       -0.002527
     274       -0.002177
     275       -0.001979
     276       -0.001979
     277       -0.002177
     278       -0.002527
     279       -0.002891
     280       -0.003323
     281       -0.003772
     282       -0.003961
     283       -0.003534
     284       -0.003791
     285       -0.004717
     286       -0.005075
     287       -0.005368
     288       -0.005810
     289       -0.006309
     290       -0.006827
     291       -0.007353
     292       -0.007884
     293       -0.008412
     294       -0.008934
     295       -0.009419
     296       -0.009794
     297       -0.009668
     298       -0.008101
     299       -0.004563
     300       -0.001275
     301       -0.001816
     302       -0.006321
     303       -0.010453
     304       -0.011722
     305       -0.011381
     306       -0.010614
     307       -0.009737
     308       -0.008828
     309       -0.007909
     310       -0.006996
     311       -0.006082
     312       -0.005180
     313       -0.004298
     314       -0.003475
     315       -0.002737
     316       -0.001961
     317       -0.000934
     318       -0.000494
     319       -0.000637
     320       -0.000538
     321       -0.000148
     322        0.000421
     323        0.001003
     324        0.001467
     325        0.001641
     326        0.001641
     327        0.001467
     328        0.001003
     329        0.000421
     330       -0.000148
     331       -0.000538
     332       -0.000637
     333       -0.000494
     334       -0.000934
     335       -0.001961
     336       -0.002737
     337       -0.003475
     338       -0.004298
     339       -0.005180
     340       -0.006082
     341       -0.006996
     342       -0.007909
     343       -0.008828
     344       -0.009737
     345       -0.010614
     346       -0.011381
     347       -0.011722
     348       -0.010453
     349       -0.006321
     350       -0.001816
     351       -0.002630
     352       -0.008745
     353       -0.013248
     354       -0.013833
     355       -0.012982
     356       -0.011807
     357       -0.010550
     358       -0.009233
     359       -0.007943
     360       -0.006633
     361       -0.005341
     362       -0.004048
     363       -0.002783
     364       -0.001565
     365       -0.000379
     366        0.000809
     367        0.001942
     368        0.002561
     369        0.002698
     370        0.002741
     371        0.002909
     372        0.003690
     373        0.004604
     374        0.005224
     375        0.005234
     376        0.005234
     377        0.005224
     378        0.004604
     379        0.003690
     380        0.002909
     381        0.002741
     382        0.002698
     383        0.002561
     384        0.001942
     385        0.000809
     386       -0.000379
     387       -0.001565
     388       -0.002783
     389       -0.004048
     390       -0.005341
     391       -0.006633
     392       -0.007943
     393       -0.009233
     394       -0.010550
     395       -0.011807
     396       -0.012982
     397       -0.013833
     398       -0.013248
     399       -0.008745
     400       -0.002630
     401       -0.003874
     402       -0.012292
     403       -0.016431
     404       -0.015992
     405       -0.014542
     406       -0.013061
     407       -0.011317
     408       -0.009669
     409       -0.007957
     410       -0.006281
     411       -0.004592
     412       -0.002918
     413       -0.001259
     414        0.000353
     415        0.001984
     416        0.003613
     417        0.004869
     418        0.005672
     419        0.006046
     420        0.006072
     421        0.005917
     422        0.006568
     423        0.008674
     424        0.008931
     425        0.008826
     426        0.008826
     427        0.008931
     428        0.008674
     429        0.006568
     430        0.005917
     431        0.006072
     432        0.006046
     433        0.005672
     434        0.004869
     435        0.003613
     436        0.001984
     437        0.000353
     438       -0.001259
     439       -0.002918
     440       -0.004592
     441       -0.006281
     442       -0.007957
     443       -0.009669
     444       -0.011317
     445       -0.013061
     446       -0.014542
     447       -0.015992
     448       -0.016431
     449       -0.012292
     450       -0.003874
     451       -0.006364
     452       -0.017195
     453       -0.020163
     454       -0.017762
     455       -0.016402
     456       -0.014141
     457       -0.012181
     458       -0.010052
     459       -0.007998
     460       -0.005916
     461       -0.003847
     462       -0.001789
     463        0.000273
     464        0.002281
     465        0.004332
     466        0.006461
     467        0.007890
     468        0.008884
     469        0.009428
     470        0.009363
     471        0.009129
     472        0.008719
     473        0.013352
     474        0.012572
     475        0.012434
     476        0.012434
     477        0.012572
     478        0.013352
     479        0.008719
     480        0.009129
     481        0.009363
     482        0.009428
     483        0.008884
     484        0.007889
     485        0.006461
     486        0.004332
     487        0.002281
     488        0.000273
     489       -0.001789
     490       -0.003847
     491       -0.005916
     492       -0.007998
     493       -0.010052
     494       -0.012181
     495       -0.014141
     496       -0.016402
     497       -0.017762
     498       -0.020163
     499       -0.017195
     500       -0.006364
     501       -0.009509
     502       -0.026074
     503       -0.022074
     504       -0.020477
     505       -0.017814
     506       -0.015432
     507       -0.012946
     508       -0.010478
     509       -0.008020
     510       -0.005555
     511       -0.003104
     512       -0.000647
     513        0.001784
     514        0.004252
     515        0.006628
     516        0.009328
     517        0.011084
     518        0.012263
     519        0.012847
     520        0.012532
     521        0.012558
     522        0.010964
     523        0.017819
     524        0.016147
     525        0.016083
     526        0.016083
     527        0.016147
     528        0.017819
     529        0.010964
     530        0.012558
     531        0.012532
     532        0.012847
     533        0.012263
     534        0.011083
     535        0.009328
     536        0.006628
     537        0.004252
     538        0.001784
     539       -0.000647
     540       -0.003104
     541       -0.005555
     542       -0.008020
     543       -0.010478
     544       -0.012946
     545       -0.015432
     546       -0.017814
     547       -0.020477
     548       -0.022074
     549       -0.026074
     550       -0.009509
     551       -0.028268
     552       -0.030702
     553       -0.025556
     554       -0.022584
     555       -0.019414
     556       -0.016672
     557       -0.013710
     558       -0.010914
     559       -0.008032
     560       -0.005203
     561       -0.002354
     562        0.000483
     563        0.003322
     564        0.006160
     565        0.009066
     566        0.011910
     567        0.014668
     568        0.016025
     569        0.015995
     570        0.015838
     571        0.015741
     572        0.014766
     573        0.020861
     574        0.019732
     575        0.019767
     576        0.019767
     577        0.019732
     578        0.020861
     579        0.014766
     580        0.015741
     581        0.015838
     582        0.015995
     583        0.016025
     584        0.014668
     585        0.011910
     586        0.009066
     587        0.006160
     588        0.003322
     589        0.000483
     590       -0.002354
     591       -0.005203
     592       -0.008032
     593       -0.010914
     594       -0.013710
     595       -0.016672
     596       -0.019414
     597       -0.022584
     598       -0.025556
     599       -0.030702
     600       -0.028268
     601       -0.043466
     602       -0.032008
     603       -0.027932
     604       -0.023288
     605       -0.020464
     606       -0.017142
     607       -0.014170
     608       -0.011074
     609       -0.008043
     610       -0.004988
     611       -0.001947
     612        0.001092
     613        0.004154
     614        0.007187
     615        0.010347
     616        0.013377
     617        0.016465
     618        0.017941
     619        0.017805
     620        0.017708
     621        0.017431
     622        0.017667
     623        0.021097
     624        0.021160
     625        0.021091
     626        0.021091
     627        0.021160
     628        0.021097
     629        0.017667
     630        0.017431
     631        0.017708
     632        0.017805
     633        0.017941
     634        0.016465
     635        0.013377
     636        0.010347
     637        0.007187
     638        0.004154
     639        0.001092
     640       -0.001947
     641       -0.004988
     642       -0.008043
     643       -0.011074
     644       -0.014170
     645       -0.017142
     646       -0.020464
     647       -0.023288
     648       -0.027932
     649       -0.032008
     650       -0.043466
     651       -0.043247
     652       -0.032471
     653       -0.027779
     654       -0.023402
     655       -0.020432
     656       -0.017145
     657       -0.014131
     658       -0.011018
     659       -0.007953
     660       -0.004865
     661       -0.001781
     662        0.001308
     663        0.004422
     664        0.007529
     665        0.010736
     666        0.013888
     667        0.016985
     668        0.018569
     669        0.018643
     670        0.018651
     671        0.018688
     672        0.018748
     673        0.018605
     674        0.018684
     675        0.018769
     676        0.018769
     677        0.018684
     678        0.018605
     679        0.018748
     680        0.018688
     681        0.018651
     682        0.018643
     683        0.018569
     684        0.016985
     685        0.013888
     686        0.010736
     687        0.007529
     688        0.004422
     689        0.001308
     690       -0.001781
     691       -0.004865
     692       -0.007953
     693       -0.011018
     694       -0.014131
     695       -0.017145
     696       -0.020432
     697       -0.023402
     698       -0.027779
     699       -0.032471
     700       -0.043247
     701       -0.040699
     702       -0.035629
     703       -0.026302
     704       -0.024125
     705       -0.020143
     706       -0.017273
     707       -0.014098
     708       -0.011067
     709       -0.007987
     710       -0.004928
     711       -0.001862
     712        0.001212
     713        0.004271
     714        0.007427
     715        0.010412
     716        0.013902
     717        0.016430
     718        0.017962
     719        0.018495
     720        0.018075
     721        0.018082
     722        0.018429
     723        0.019580
     724        0.019964
     725        0.019875
     726        0.019875
     727        0.019964
     728        0.019580
     729        0.018429
     730        0.018082
     731        0.018075
     732        0.018495
     733        0.017962
     734        0.016430
     735        0.013902
     736        0.010412
     737        0.007427
     738        0.004271
     739        0.001212
     740       -0.001862
     741       -0.004928
     742       -0.007987
     743       -0.011067
     744       -0.014098
     745       -0.017273
     746       -0.020143
     747       -0.024125
     748       -0.026302
     749       -0.035629
     750       -0.040700
     751       -0.043150
     752       -0.032417
     753       -0.027746
     754       -0.023382
     755       -0.020427
     756       -0.017157
     757       -0.014163
     758       -0.011075
     759       -0.008039
     760       -0.004985
     761       -0.001942
     762        0.001100
     763        0.004160
     764        0.007205
     765        0.010343
     766        0.013424
     767        0.016445
     768        0.017925
     769        0.017861
     770        0.017725
     771        0.017468
     772        0.017732
     773        0.020984
     774        0.021096
     775        0.021016
     776        0.021016
     777        0.021096
     778        0.020984
     779        0.017732
     780        0.017468
     781        0.017725
     782        0.017861
     783        0.017925
     784        0.016445
     785        0.013424
     786        0.010343
     787        0.007205
     788        0.004160
     789        0.001100
     790       -0.001942
     791       -0.004985
     792       -0.008039
     793       -0.011075
     794       -0.014163
     795       -0.017157
     796       -0.020427
     797       -0.023382
     798       -0.027746
     799       -0.032417
     800       -0.043150
     801        0.000131
     802        0.000176
     803       -0.000393
     804       -0.001530
     805       -0.002838
     806       -0.004123
     807       -0.005364
     808       -0.006584
     809       -0.007799
     810       -0.009015
     811       -0.010232
     812       -0.011451
     813       -0.012671
     814       -0.013907
     815       -0.015136
     816       -0.016510
     817       -0.018224
     818       -0.018848
     819       -0.018378
     820       -0.018241
     821       -0.018232
     822       -0.018197
     823       -0.018168
     824       -0.018141
     825       -0.018128
     826       -0.018128
     827       -0.018141
     828       -0.018168
     829       -0.018197
     830       -0.018232
     831       -0.018240
     832       -0.018378
     833       -0.018848
     834       -0.018224
     835       -0.016510
     836       -0.015136
     837       -0.013907
     838       -0.012671
     839       -0.011451
     840       -0.010232
     841       -0.009015
     842       -0.007799
     843       -0.006584
     844       -0.005364
     845       -0.004123
     846       -0.002838
     847       -0.001530
     848       -0.000393
     849        0.000176
     850        0.000131
     851        0.000041
     852       -0.000216
     853       -0.001143
     854       -0.002376
     855       -0.003589
     856       -0.004701
     857       -0.005753
     858       -0.006781
     859       -0.007803
     860       -0.008823
     861       -0.009845
     862       -0.010869
     863       -0.011899
     864       -0.012958
     865       -0.013995
     866       -0.015376
     867       -0.016390
     868       -0.016899
     869       -0.016941
     870       -0.016592
     871       -0.016583
     872       -0.016532
     873       -0.016504
     874       -0.016484
     875       -0.016475
     876       -0.016475
     877       -0.016484
     878       -0.016504
     879       -0.016532
     880       -0.016583
     881       -0.016592
     882       -0.016941
     883       -0.016899
     884       -0.016390
     885       -0.015376
     886       -0.013995
     887       -0.012958
     888       -0.011899
     889       -0.010869
     890       -0.009845
     891       -0.008823
     892       -0.007803
     893       -0.006781
     894       -0.005753
     895       -0.004701
     896       -0.003589
     897       -0.002376
     898       -0.001143
     899       -0.000216
     900        0.000041
     901       -0.000264
     902       -0.001178
     903       -0.002712
     904       -0.004107
     905       -0.005113
     906       -0.005873
     907       -0.006541
     908       -0.007182
     909       -0.007813
     910       -0.008443
     911       -0.009073
     912       -0.009709
     913       -0.010351
     914       -0.011051
     915       -0.011695
     916       -0.013088
     917       -0.012711
     918       -0.013016
     919       -0.014044
     920       -0.013289
     921       -0.013281
     922       -0.013206
     923       -0.013181
     924       -0.013168
     925       -0.013167
     926       -0.013167
     927       -0.013168
     928       -0.013181
     929       -0.013206
     930       -0.013281
     931       -0.013289
     932       -0.014044
     933       -0.013017
     934       -0.012711
     935       -0.013088
     936       -0.011695
     937       -0.011051
     938       -0.010351
     939       -0.009709
     940       -0.009073
     941       -0.008443
     942       -0.007813
     943       -0.007182
     944       -0.006541
     945       -0.005873
     946       -0.005113
     947       -0.004107
     948       -0.002712
     949       -0.001178
     950       -0.000264
     951       -0.000558
     952       -0.002148
     953       -0.004331
     954       -0.005880
     955       -0.006655
     956       -0.007050
     957       -0.007332
     958       -0.007583
     959       -0.007825
     960       -0.008061
     961       -0.008305
     962       -0.008540
     963       -0.008824
     964       -0.009072
     965       -0.009564
     966       -0.010225
     967       -0.009541
     968       -0.009655
     969       -0.010571
     970       -0.010155
     971       -0.009908
     972       -0.009900
     973       -0.009849
     974       -0.009855
     975       -0.009859
     976       -0.009859
     977       -0.009855
     978       -0.009849
     979       -0.009900
     980       -0.009908
     981       -0.010155
     982       -0.010571
     983       -0.009655
     984       -0.009541
     985       -0.010225
     986       -0.009564
     987       -0.009072
     988       -0.008824
     989       -0.008540
     990       -0.008305
     991       -0.008061
     992       -0.007825
     993       -0.007583
     994       -0.007332
     995       -0.007050
     996       -0.006655
     997       -0.005880
     998       -0.004331
     999       -0.002148
    1000       -0.000558
    1001       -0.000881
    1002       -0.003233
    1003       -0.006097
    1004       -0.007729
    1005       -0.008218
    1006       -0.008231
    1007       -0.008125
    1008       -0.007986
    1009       -0.007835
    1010       -0.007683
    1011       -0.007528
    1012       -0.007386
    1013       -0.007255
    1014       -0.007160
    1015       -0.007272
    1016       -0.007361
    1017       -0.006518
    1018       -0.006428
    1019       -0.007103
    1020       -0.006858
    1021       -0.006604
    1022       -0.006552
    1023       -0.006533
    1024       -0.006536
    1025       -0.006554
    1026       -0.006554
    1027       -0.006536
    1028       -0.006533
    1029       -0.006552
    1030       -0.006604
    1031       -0.006858
    1032       -0.007103
    1033       -0.006428
    1034       -0.006518
    1035       -0.007361
    1036       -0.007272
    1037       -0.007160
    1038       -0.007255
    1039       -0.007386
    1040       -0.007528
    1041       -0.007683
    1042       -0.007835
    1043       -0.007986
    1044       -0.008125
    1045       -0.008231
    1046       -0.008218
    1047       -0.007729
    1048       -0.006097
    1049       -0.003233
    1050       -0.000881
    1051       -0.001277
    1052       -0.004567
    1053       -0.008109
    1054       -0.009677
    1055       -0.009798
    1056       -0.009415
    1057       -0.008921
    1058       -0.008388
    1059       -0.007847
    1060       -0.007301
    1061       -0.006758
    1062       -0.006220
    1063       -0.005698
    1064       -0.005230
    1065       -0.004908
    1066       -0.004516
    1067       -0.003553
    1068       -0.003262
    1069       -0.003650
    1070       -0.003487
    1071       -0.003277
    1072       -0.003214
    1073       -0.003205
    1074       -0.003223
    1075       -0.003250
    1076       -0.003250
    1077       -0.003223
    1078       -0.003205
    1079       -0.003214
    1080       -0.003277
    1081       -0.003487
    1082       -0.003650
    1083       -0.003262
    1084       -0.003553
    1085       -0.004517
    1086       -0.004908
    1087       -0.005230
    1088       -0.005698
    1089       -0.006220
    1090       -0.006758
    1091       -0.007301
    1092       -0.007847
    1093       -0.008388
    1094       -0.008921
    1095       -0.009415
    1096       -0.009798
    1097       -0.009677
    1098       -0.008109
    1099       -0.004567
    1100       -0.001277
    1101       -0.001819
    1102       -0.006328
    1103       -0.010466
    1104       -0.011733
    1105       -0.011384
    1106       -0.010607
    1107       -0.009717
    1108       -0.008793
    1109       -0.007856
    1110       -0.006923
    1111       -0.005984
    1112       -0.005054
    1113       -0.004140
    1114       -0.003281
    1115       -0.002503
    1116       -0.001680
    1117       -0.000602
    1118       -0.000108
    1119       -0.000205
    1120       -0.000071
    1121        0.000074
    1122        0.000127
    1123        0.000124
    1124        0.000088
    1125        0.000050
    1126        0.000050
    1127        0.000088
    1128        0.000124
    1129        0.000127
    1130        0.000074
    1131       -0.000071
    1132       -0.000205
    1133       -0.000108
    1134       -0.000602
    1135       -0.001680
    1136       -0.002503
    1137       -0.003281
    1138       -0.004140
    1139       -0.005054
    1140       -0.005984
    1141       -0.006923
    1142       -0.007856
    1143       -0.008793
    1144       -0.009717
    1145       -0.010607
    1146       -0.011384
    1147       -0.011733
    1148       -0.010466
    1149       -0.006328
    1150       -0.001819
    1151       -0.002636
    1152       -0.008757
    1153       -0.013267
    1154       -0.013847
    1155       -0.012985
    1156       -0.011796
    1157       -0.010524
    1158       -0.009187
    1159       -0.007875
    1160       -0.006538
    1161       -0.005215
    1162       -0.003886
    1163       -0.002580
    1164       -0.001316
    1165       -0.000077
    1166        0.001170
    1167        0.002365
    1168        0.003062
    1169        0.003256
    1170        0.003371
    1171        0.003448
    1172        0.003475
    1173        0.003450
    1174        0.003394
    1175        0.003346
    1176        0.003346
    1177        0.003394
    1178        0.003450
    1179        0.003475
    1180        0.003448
    1181        0.003371
    1182        0.003256
    1183        0.003062
    1184        0.002365
    1185        0.001170
    1186       -0.000077
    1187       -0.001316
    1188       -0.002580
    1189       -0.003886
    1190       -0.005215
    1191       -0.006538
    1192       -0.007875
    1193       -0.009187
    1194       -0.010524
    1195       -0.011796
    1196       -0.012985
    1197       -0.013847
    1198       -0.013267
    1199       -0.008757
    1200       -0.002636
    1201       -0.003883
    1202       -0.012312
    1203       -0.016458
    1204       -0.016009
    1205       -0.014545
    1206       -0.013049
    1207       -0.011284
    1208       -0.009614
    1209       -0.007874
    1210       -0.006166
    1211       -0.004439
    1212       -0.002721
    1213       -0.001012
    1214        0.000657
    1215        0.002351
    1216        0.004053
    1217        0.005383
    1218        0.006281
    1219        0.006750
    1220        0.006824
    1221        0.006846
    1222        0.006837
    1223        0.006772
    1224        0.006690
    1225        0.006638
    1226        0.006638
    1227        0.006690
    1228        0.006772
    1229        0.006837
    1230        0.006846
    1231        0.006824
    1232        0.006750
    1233        0.006281
    1234        0.005383
    1235        0.004053
    1236        0.002351
    1237        0.000657
    1238       -0.001012
    1239       -0.002721
    1240       -0.004439
    1241       -0.006166
    1242       -0.007874
    1243       -0.009614
    1244       -0.011284
    1245       -0.013049
    1246       -0.014545
    1247       -0.016009
    1248       -0.016458
    1249       -0.012312
    1250       -0.003883
    1251       -0.006381
    1252       -0.017229
    1253       -0.020199
    1254       -0.017782
    1255       -0.016407
    1256       -0.014126
    1257       -0.012143
    1258       -0.009987
    1259       -0.007901
    1260       -0.005780
    1261       -0.003667
    1262       -0.001557
    1263        0.000563
    1264        0.002639
    1265        0.004764
    1266        0.006976
    1267        0.008493
    1268        0.009594
    1269        0.010283
    1270        0.010269
    1271        0.010269
    1272        0.010222
    1273        0.010077
    1274        0.009974
    1275        0.009929
    1276        0.009929
    1277        0.009974
    1278        0.010077
    1279        0.010222
    1280        0.010269
    1281        0.010269
    1282        0.010283
    1283        0.009594
    1284        0.008493
    1285        0.006976
    1286        0.004764
    1287        0.002639
    1288        0.000563
    1289       -0.001557
    1290       -0.003667
    1291       -0.005780
    1292       -0.007901
    1293       -0.009987
    1294       -0.012143
    1295       -0.014126
    1296       -0.016407
    1297       -0.017782
    1298       -0.020199
    1299       -0.017229
    1300       -0.006381
    1301       -0.009536
    1302       -0.026133
    1303       -0.022115
    1304       -0.020500
    1305       -0.017819
    1306       -0.015415
    1307       -0.012904
    1308       -0.010405
    1309       -0.007910
    1310       -0.005401
    1311       -0.002899
    1312       -0.000383
    1313        0.002117
    1314        0.004662
    1315        0.007123
    1316        0.009917
    1317        0.011773
    1318        0.013075
    1319        0.013831
    1320        0.013661
    1321        0.013770
    1322        0.013608
    1323        0.013373
    1324        0.013222
    1325        0.013229
    1326        0.013229
    1327        0.013222
    1328        0.013373
    1329        0.013608
    1330        0.013770
    1331        0.013661
    1332        0.013831
    1333        0.013075
    1334        0.011773
    1335        0.009917
    1336        0.007123
    1337        0.004662
    1338        0.002117
    1339       -0.000383
    1340       -0.002899
    1341       -0.005401
    1342       -0.007910
    1343       -0.010405
    1344       -0.012904
    1345       -0.015415
    1346       -0.017819
    1347       -0.020500
    1348       -0.022115
    1349       -0.026133
    1350       -0.009536
    1351       -0.028359
    1352       -0.030779
    1353       -0.025602
    1354       -0.022611
    1355       -0.019420
    1356       -0.016654
    1357       -0.013664
    1358       -0.010834
    1359       -0.007909
    1360       -0.005031
    1361       -0.002124
    1362        0.000780
    1363        0.003695
    1364        0.006621
    1365        0.009622
    1366        0.012572
    1367        0.015435
    1368        0.016943
    1369        0.017098
    1370        0.017169
    1371        0.017259
    1372        0.017087
    1373        0.016588
    1374        0.016436
    1375        0.016551
    1376        0.016551
    1377        0.016436
    1378        0.016588
    1379        0.017087
    1380        0.017259
    1381        0.017169
    1382        0.017098
    1383        0.016943
    1384        0.015435
    1385        0.012572
    1386        0.009622
    1387        0.006621
    1388        0.003695
    1389        0.000780
    1390       -0.002124
    1391       -0.005031
    1392       -0.007909
    1393       -0.010834
    1394       -0.013664
    1395       -0.016654
    1396       -0.019420
    1397       -0.022611
    1398       -0.025602
    1399       -0.030779
    1400       -0.028359
    1401       -0.043570
    1402       -0.032065
    1403       -0.027968
    1404       -0.023308
    1405       -0.020469
    1406       -0.017129
    1407       -0.014136
    1408       -0.011014
    1409       -0.007952
    1410       -0.004861
    1411       -0.001775
    1412        0.001314
    1413        0.004433
    1414        0.007532
    1415        0.010764
    1416        0.013872
    1417        0.017038
    1418        0.018626
    1419        0.018637
    1420        0.018696
    1421        0.018723
    1422        0.018765
    1423        0.018547
    1424        0.018602
    1425        0.018698
    1426        0.018698
    1427        0.018602
    1428        0.018547
    1429        0.018765
    1430        0.018723
    1431        0.018696
    1432        0.018637
    1433        0.018626
    1434        0.017038
    1435        0.013872
    1436        0.010764
    1437        0.007532
    1438        0.004433
    1439        0.001314
    1440       -0.001775
    1441       -0.004861
    1442       -0.007952
    1443       -0.011014
    1444       -0.014136
    1445       -0.017129
    1446       -0.020469
    1447       -0.023309
    1448       -0.027968
    1449       -0.032065
    1450       -0.043570
    1451        0.000023
    1452        0.000167
    1453        0.000393
    1454        0.000632
    1455        0.000835
    1456        0.000988
    1457        0.001082
    1458        0.001112
    1459        0.001080
    1460        0.000985
    1461        0.000832
    1462        0.000629
    1463        0.000391
    1464        0.000166
    1465        0.000023
    1466        0.000000
    1467        0.000163
    1468        0.000372
    1469        0.000572
    1470        0.000731
    1471        0.000841
    1472        0.000903
    1473        0.000922
    1474        0.000901
    1475        0.000837
    1476        0.000726
    1477        0.000568
    1478        0.000370
    1479        0.000161
    1480       -0.000001
    1481       -0.000117
    1482        0.000124
    1483        0.000352
    1484        0.000540
    1485        0.000670
    1486        0.000746
    1487        0.000781
    1488        0.000791
    1489        0.000781
    1490        0.000744
    1491        0.000666
    1492        0.000534
    1493        0.000347
    1494        0.000119
    1495       -0.000122
    1496       -0.000183
    1497        0.000125
    1498        0.000376
    1499        0.000552
    1500        0.000652
    1501        0.000693
    1502        0.000701
    1503        0.000702
    1504        0.000702
    1505        0.000692
    1506        0.000647
    1507        0.000543
    1508        0.000367
    1509        0.000114
    1510       -0.000197
    1511       -0.000157
    1512        0.000214
    1513        0.000470
    1514        0.000617
    1515        0.000673
    1516        0.000670
    1517        0.000648
    1518        0.000638
    1519        0.000650
    1520        0.000670
    1521        0.000666
    1522        0.000606
    1523        0.000458
    1524        0.000198
    1525       -0.000182
    1526        0.000028
    1527        0.000431
    1528        0.000659
    1529        0.000744
    1530        0.000730
    1531        0.000668
    1532        0.000608
    1533        0.000585
    1534        0.000610
    1535        0.000666
    1536        0.000720
    1537        0.000729
    1538        0.000646
    1539        0.000417
    1540       -0.000008
    1541        0.000441
    1542        0.000836
    1543        0.000969
    1544        0.000932
    1545        0.000810
    1546        0.000671
    1547        0.000566
    1548        0.000529
    1549        0.000568
    1550        0.000668
    1551        0.000798
    1552        0.000915
    1553        0.000957
    1554        0.000830
    1555        0.000403
    1556        0.001241
    1557        0.001470
    1558        0.001368
    1559        0.001122
    1560        0.000863
    1561        0.000645
    1562        0.000500
    1563        0.000452
    1564        0.000507
    1565        0.000652
    1566        0.000865
    1567        0.001115
    1568        0.001358
    1569        0.001467
    1570        0.001209
    1571        0.002408
    1572        0.002150
    1573        0.001545
    1574        0.001075
    1575        0.000743
    1576        0.000522
    1577        0.000387
    1578        0.000344
    1579        0.000407
    1580        0.000558
    1581        0.000781
    1582        0.001095
    1583        0.001539
    1584        0.002125
    1585        0.002378
    1586        0.003760
    1587        0.001548
    1588        0.000691
    1589        0.000314
    1590        0.000166
    1591        0.000183
    1592        0.000219
    1593        0.000204
    1594        0.000251
    1595        0.000244
    1596        0.000222
    1597        0.000346
    1598        0.000685
    1599        0.001493
    1600        0.003713
    1601        0.000253
    1602       -0.001596
    1603       -0.001512
    1604       -0.001444
    1605       -0.001220
    1606       -0.000705
    1607        0.000066
    1608        0.000048
    1609        0.000088
    1610       -0.000691
    1611       -0.001242
    1612       -0.001479
    1613       -0.001539
    1614       -0.001617
    1615        0.000232
    1616       -0.000551
    1617       -0.000120
    1618       -0.000468
    1619       -0.000987
    1620       -0.000364
    1621       -0.000893
    1622       -0.001408
    1623       -0.000692
    1624       -0.001332
    1625       -0.001923
    1626       -0.001370
    1627       -0.001865
    1628       -0.003034
    1629       -0.002361
    1630       -0.003043
    1631       -0.002026
    1632       -0.001282
    1633       -0.002034
    1799        0.002288
    1800        0.002657
    1801        0.004407
    1802        0.004541
    1803        0.004686
    1804        0.004746
    1805        0.004769
    1806        0.004780
    1807        0.004780
    1808        0.004767
    1809        0.004714
    1810        0.004572
    1811        0.004437
    1812        0.002685
    1813        0.002300
    1814        0.000730
    1815        0.002710
    1816        0.003968
    1817        0.004467
    1818        0.004764
    1819        0.004934
    1820        0.005015
    1821        0.005042
    1822        0.005021
    1823        0.004946
    1824        0.004783
    1825        0.004490
    1826        0.003990
    1827        0.002736
    1828        0.000756
    1829        0.002192
    1830        0.002679
    1831        0.003561
    1832        0.004271
    1833        0.004726
    1834        0.005029
    1835        0.005196
    1836        0.005248
    1837        0.005194
    1838        0.005030
    1839        0.004736
    1840        0.004289
    1841        0.003586
    1842        0.002712
    1843        0.002238
    1844        0.001519
    1845        0.002411
    1846        0.003221
    1847        0.003973
    1848        0.004589
    1849        0.005033
    1850        0.005301
    1851        0.005387
    1852        0.005292
    1853        0.005024
    1854        0.004591
    1855        0.003991
    1856        0.003254
    1857        0.002457
    1858        0.001592
    1859        0.001159
    1860        0.001954
    1861        0.002790
    1862        0.003610
    1863        0.004352
    1864        0.004947
    1865        0.005330
    1866        0.005454
    1867        0.005310
    1868        0.004926
    1869        0.004346
    1870        0.003629
    1871        0.002831
    1872        0.002013
    1873        0.001253
    1874        0.000704
    1875        0.001457
    1876        0.002274
    1877        0.003144
    1878        0.004011
    1879        0.004769
    1880        0.005279
    1881        0.005449
    1882        0.005255
    1883        0.004748
    1884        0.004022
    1885        0.003181
    1886        0.002322
    1887        0.001520
    1888        0.000809
    1889        0.000329
    1890        0.000911
    1891        0.001643
    1892        0.002539
    1893        0.003535
    1894        0.004479
    1895        0.005150
    1896        0.005378
    1897        0.005123
    1898        0.004464
    1899        0.003562
    1900        0.002596
    1901        0.001707
    1902        0.000976
    1903        0.000433
    1904       -0.000099
    1905        0.000228
    1906        0.000813
    1907        0.001695
    1908        0.002840
    1909        0.004043
    1910        0.004943
    1911        0.005249
    1912        0.004908
    1913        0.004024
    1914        0.002873
    1915        0.001767
    1916        0.000888
    1917        0.000293
    1918       -0.000007
    1919       -0.000735
    1920       -0.000674
    1921       -0.000342
    1922        0.000469
    1923        0.001787
    1924        0.003391
    1925        0.004672
    1926        0.005079
    1927        0.004607
    1928        0.003324
    1929        0.001769
    1930        0.000501
    1931       -0.000286
    1932       -0.000604
    1933       -0.000653
    1934       -0.001350
    1935       -0.002186
    1936       -0.002034
    1937       -0.001298
    1938        0.000117
    1939        0.002321
    1940        0.004398
    1941        0.004889
    1942        0.004257
    1943        0.002111
    1944       -0.000058
    1945       -0.001384
    1946       -0.002045
    1947       -0.002149
    1948       -0.001299
    1949       -0.005853
    1950       -0.004308
    1951       -0.003939
    1952       -0.003475
    1953       -0.002489
    1954       -0.000098
    1955        0.004437
    1956        0.004696
    1957        0.004220
    1958       -0.000621
    1959       -0.002904
    1960       -0.003715
    1961       -0.004047
    1962       -0.004311
    1963       -0.005849
    1964        0.003811
    1965        0.004482
    1966        0.004175
    1967        0.003334
    1968        0.004249
    1969        0.003694
    1970        0.003300
    1971        0.003807
    1972        0.003499
    1973        0.002867
    1974        0.003327
    1975        0.002936
    1976        0.002754
    1977        0.001113
    1978        0.002767
    1979        0.000425
    1980       -0.002042
    1981        0.000327
    1982        0.002288
    1983        0.002657
    1984        0.004407
    1985        0.004541
    1986        0.004686
    1987        0.004746
    1988        0.004769
    1989        0.004780
    1990        0.004780
    1991        0.004767
    1992        0.004714
    1993        0.004572
    1994        0.004437
    1995        0.002685
    1996        0.002300
    1997        0.000730
    1998        0.002710
    1999        0.003968
    2000        0.004467
    2001        0.004764
    2002        0.004934
    2003        0.005015
    2004        0.005042
    2005        0.005021
    2006        0.004946
    2007        0.004783
    2008        0.004490
    2009        0.003990
    2010        0.002736
    2011        0.000756
    2012        0.002192
    2013        0.002679
    2014        0.003561
    2015        0.004271
    2016        0.004726
    2017        0.005028
    2018        0.005196
    2019        0.005248
    2020        0.005194
    2021        0.005030
    2022        0.004736
    2023        0.004289
    2024        0.003586
    2025        0.002712
    2026        0.002238
    2027        0.001519
    2028        0.002411
    2029        0.003221
    2030        0.003973
    2031        0.004587
    2032        0.005030
    2033        0.005301
    2034        0.005387
    2035        0.005291
    2036        0.005021
    2037        0.004586
    2038        0.003988
    2039        0.003253
    2040        0.002457
    2041        0.001592
    2042        0.001159
    2043        0.001954
    2044        0.002790
    2045        0.003607
    2046        0.004351
    2047        0.004948
    2048        0.005329
    2049        0.005454
    2050        0.005311
    2051        0.004928
    2052        0.004350
    2053        0.003630
    2054        0.002828
    2055        0.002013
    2056        0.001253
    2057        0.000704
    2058        0.001457
    2059        0.002275
    2060        0.003148
    2061        0.004014
    2062        0.004769
    2063        0.005280
    2064        0.005449
    2065        0.005255
    2066        0.004748
    2067        0.004023
    2068        0.003184
    2069        0.002326
    2070        0.001521
    2071        0.000809
    2072        0.000329
    2073        0.000911
    2074        0.001643
    2075        0.002541
    2076        0.003536
    2077        0.004480
    2078        0.005151
    2079        0.005378
    2080        0.005122
    2081        0.004464
    2082        0.003563
    2083        0.002597
    2084        0.001709
    2085        0.000977
    2086        0.000433
    2087       -0.000096
    2088        0.000233
    2089        0.000814
    2090        0.001696
    2091        0.002840
    2092        0.004044
    2093        0.004944
    2094        0.005249
    2095        0.004908
    2096        0.004024
    2097        0.002873
    2098        0.001768
    2099        0.000889
    2100        0.000298
    2101       -0.000005
    2102       -0.000738
    2103       -0.000676
    2104       -0.000342
    2105        0.000469
    2106        0.001787
    2107        0.003391
    2108        0.004672
    2109        0.005079
    2110        0.004607
    2111        0.003324
    2112        0.001774
    2113        0.000504
    2114       -0.000285
    2115       -0.000604
    2116       -0.000657
    2117       -0.001350
    2118       -0.002182
    2119       -0.002033
    2120       -0.001298
    2121        0.000118
    2122        0.002321
    2123        0.004398
    2124        0.004889
    2125        0.004257
    2126        0.002111
    2127       -0.000051
    2128       -0.001386
    2129       -0.002046
    2130       -0.002149
    2131       -0.001300
    2132       -0.005855
    2133       -0.004306
    2134       -0.003938
    2135       -0.003475
    2136       -0.002489
    2137       -0.000098
    2138        0.004437
    2139        0.004696
    2140        0.004220
    2141       -0.000621
    2142       -0.002901
    2143       -0.003721
    2144       -0.004048
    2145       -0.004311
    2146       -0.005850
    2147        0.003811
    2148        0.004482
    2149        0.004175
    2150        0.003334
    2151        0.004249
    2152        0.003693
    2153        0.003299
    2154        0.003807
    2155        0.003499
    2156        0.002867
    2157        0.003327
    2158        0.002936
    2159        0.002755
    2160        0.001113
    2161        0.002767
    2162        0.000424
    2163       -0.002042
    2164        0.000327
    2165        0.000023
    2166        0.000167
    2167        0.000393
    2168        0.000632
    2169        0.000835
    2170        0.000988
    2171        0.001082
    2172        0.001112
    2173        0.001080
    2174        0.000985
    2175        0.000832
    2176        0.000629
    2177        0.000391
    2178        0.000166
    2179        0.000023
    2180        0.000000
    2181        0.000163
    2182        0.000372
    2183        0.000572
    2184        0.000731
    2185        0.000841
    2186        0.000903
    2187        0.000922
    2188        0.000901
    2189        0.000837
    2190        0.000726
    2191        0.000568
    2192        0.000370
    2193        0.000161
    2194       -0.000001
    2195       -0.000117
    2196        0.000124
    2197        0.000352
    2198        0.000539
    2199        0.000670
    2200        0.000746
    2201        0.000781
    2202        0.000791
    2203        0.000781
    2204        0.000744
    2205        0.000665
    2206        0.000533
    2207        0.000347
    2208        0.000119
    2209       -0.000122
    2210       -0.000183
    2211        0.000125
    2212        0.000376
    2213        0.000551
    2214        0.000651
    2215        0.000692
    2216        0.000701
    2217        0.000702
    2218        0.000702
    2219        0.000691
    2220        0.000646
    2221        0.000542
    2222        0.000366
    2223        0.000114
    2224       -0.000197
    2225       -0.000157
    2226        0.000214
    2227        0.000470
    2228        0.000616
    2229        0.000671
    2230        0.000669
    2231        0.000648
    2232        0.000638
    2233        0.000650
    2234        0.000669
    2235        0.000665
    2236        0.000604
    2237        0.000456
    2238        0.000198
    2239       -0.000183
    2240        0.000028
    2241        0.000431
    2242        0.000659
    2243        0.000743
    2244        0.000730
    2245        0.000669
    2246        0.000608
    2247        0.000585
    2248        0.000610
    2249        0.000667
    2250        0.000722
    2251        0.000729
    2252        0.000645
    2253        0.000416
    2254       -0.000008
    2255        0.000441
    2256        0.000837
    2257        0.000969
    2258        0.000934
    2259        0.000811
    2260        0.000671
    2261        0.000566
    2262        0.000529
    2263        0.000568
    2264        0.000669
    2265        0.000799
    2266        0.000914
    2267        0.000956
    2268        0.000830
    2269        0.000403
    2270        0.001243
    2271        0.001472
    2272        0.001370
    2273        0.001124
    2274        0.000863
    2275        0.000645
    2276        0.000500
    2277        0.000453
    2278        0.000507
    2279        0.000653
    2280        0.000865
    2281        0.001116
    2282        0.001362
    2283        0.001474
    2284        0.001213
    2285        0.002405
    2286        0.002149
    2287        0.001544
    2288        0.001075
    2289        0.000744
    2290        0.000522
    2291        0.000387
    2292        0.000344
    2293        0.000407
    2294        0.000558
    2295        0.000780
    2296        0.001096
    2297        0.001539
    2298        0.002124
    2299        0.002376
    2300        0.003758
    2301        0.001546
    2302        0.000690
    2303        0.000312
    2304        0.000163
    2305        0.000183
    2306        0.000219
    2307        0.000204
    2308        0.000251
    2309        0.000244
    2310        0.000221
    2311        0.000345
    2312        0.000683
    2313        0.001491
    2314        0.003710
    2315        0.000254
    2316       -0.001601
    2317       -0.001513
    2318       -0.001442
    2319       -0.001222
    2320       -0.000704
    2321        0.000065
    2322        0.000048
    2323        0.000088
    2324       -0.000690
    2325       -0.001245
    2326       -0.001477
    2327       -0.001538
    2328       -0.001623
    2329        0.000234
    2330       -0.000551
    2331       -0.000120
    2332       -0.000468
    2333       -0.000986
    2334       -0.000364
    2335       -0.000888
    2336       -0.001409
    2337       -0.000693
    2338       -0.001333
    2339       -0.001924
    2340       -0.001370
    2341       -0.001866
    2342       -0.003031
    2343       -0.002361
    2344       -0.003040
    2345       -0.002029
    2346       -0.001281
    2347       -0.002037
    2348       -0.000037
    2349       -0.000185
    2350       -0.000766
    2351       -0.001750
    2352       -0.002915
    2353       -0.004130
    2354       -0.005345
    2355       -0.006555
    2356       -0.007761
    2357       -0.008969
    2358       -0.010170
    2359       -0.011382
    2360       -0.012568
    2361       -0.013795
    2362       -0.014959
    2363       -0.016136
    2364       -0.017508
    2365       -0.018103
    2366       -0.017912
    2367       -0.017931
    2368       -0.017985
    2369       -0.018009
    2370       -0.018091
    2371       -0.018134
    2372       -0.018159
    2373       -0.018159
    2374       -0.018134
    2375       -0.018091
    2376       -0.018009
    2377       -0.017985
    2378       -0.017931
    2379       -0.017913
    2380       -0.018103
    2381       -0.017508
    2382       -0.016135
    2383       -0.014959
    2384       -0.013795
    2385       -0.012568
    2386       -0.011382
    2387       -0.010170
    2388       -0.008969
    2389       -0.007761
    2390       -0.006555
    2391       -0.005345
    2392       -0.004130
    2393       -0.002915
    2394       -0.001750
    2395       -0.000766
    2396       -0.000185
    2397       -0.000037
    2398       -0.000151
    2399       -0.000384
    2400       -0.000967
    2401       -0.001882
    2402       -0.002977
    2403       -0.004151
    2404       -0.005350
    2405       -0.006556
    2406       -0.007764
    2407       -0.008970
    2408       -0.010178
    2409       -0.011379
    2410       -0.012581
    2411       -0.013776
    2412       -0.014930
    2413       -0.016067
    2414       -0.017186
    2415       -0.017782
    2416       -0.017855
    2417       -0.017919
    2418       -0.017986
    2419       -0.018033
    2420       -0.018084
    2421       -0.018127
    2422       -0.018147
    2423       -0.018147
    2424       -0.018127
    2425       -0.018084
    2426       -0.018033
    2427       -0.017986
    2428       -0.017919
    2429       -0.017856
    2430       -0.017782
    2431       -0.017186
    2432       -0.016067
    2433       -0.014930
    2434       -0.013776
    2435       -0.012580
    2436       -0.011379
    2437       -0.010178
    2438       -0.008970
    2439       -0.007764
    2440       -0.006556
    2441       -0.005350
    2442       -0.004151
    2443       -0.002977
    2444       -0.001882
    2445       -0.000967
    2446       -0.000384
    2447       -0.000151
    2448       -0.000235
    2449       -0.000518
    2450       -0.001118
    2451       -0.001990
    2452       -0.003032
    2453       -0.004172
    2454       -0.005356
    2455       -0.006558
    2456       -0.007765
    2457       -0.008974
    2458       -0.010180
    2459       -0.011385
    2460       -0.012583
    2461       -0.013767
    2462       -0.014901
    2463       -0.015993
    2464       -0.016952
    2465       -0.017550
    2466       -0.017790
    2467       -0.017905
    2468       -0.017992
    2469       -0.018044
    2470       -0.018087
    2471       -0.018121
    2472       -0.018139
    2473       -0.018139
    2474       -0.018121
    2475       -0.018087
    2476       -0.018044
    2477       -0.017992
    2478       -0.017905
    2479       -0.017790
    2480       -0.017550
    2481       -0.016952
    2482       -0.015993
    2483       -0.014901
    2484       -0.013767
    2485       -0.012583
    2486       -0.011385
    2487       -0.010180
    2488       -0.008974
    2489       -0.007765
    2490       -0.006558
    2491       -0.005356
    2492       -0.004172
    2493       -0.003032
    2494       -0.001990
    2495       -0.001118
    2496       -0.000518
    2497       -0.000235
    2498       -0.000297
    2499       -0.000601
    2500       -0.001227
    2501       -0.002073
    2502       -0.003078
    2503       -0.004191
    2504       -0.005362
    2505       -0.006560
    2506       -0.007768
    2507       -0.008977
    2508       -0.010185
    2509       -0.011389
    2510       -0.012586
    2511       -0.013760
    2512       -0.014880
    2513       -0.015925
    2514       -0.016790
    2515       -0.017391
    2516       -0.017730
    2517       -0.017896
    2518       -0.017998
    2519       -0.018053
    2520       -0.018091
    2521       -0.018118
    2522       -0.018133
    2523       -0.018133
    2524       -0.018118
    2525       -0.018091
    2526       -0.018053
    2527       -0.017998
    2528       -0.017896
    2529       -0.017730
    2530       -0.017391
    2531       -0.016790
    2532       -0.015925
    2533       -0.014880
    2534       -0.013760
    2535       -0.012586
    2536       -0.011389
    2537       -0.010185
    2538       -0.008977
    2539       -0.007768
    2540       -0.006560
    2541       -0.005362
    2542       -0.004191
    2543       -0.003078
    2544       -0.002073
    2545       -0.001227
    2546       -0.000601
    2547       -0.000297
    2548       -0.000340
    2549       -0.000650
    2550       -0.001300
    2551       -0.002132
    2552       -0.003112
    2553       -0.004206
    2554       -0.005368
    2555       -0.006563
    2556       -0.007770
    2557       -0.008980
    2558       -0.010189
    2559       -0.011394
    2560       -0.012589
    2561       -0.013757
    2562       -0.014865
    2563       -0.015876
    2564       -0.016685
    2565       -0.017289
    2566       -0.017688
    2567       -0.017891
    2568       -0.018005
    2569       -0.018063
    2570       -0.018096
    2571       -0.018118
    2572       -0.018129
    2573       -0.018129
    2574       -0.018118
    2575       -0.018096
    2576       -0.018063
    2577       -0.018005
    2578       -0.017891
    2579       -0.017688
    2580       -0.017289
    2581       -0.016685
    2582       -0.015876
    2583       -0.014865
    2584       -0.013757
    2585       -0.012589
    2586       -0.011394
    2587       -0.010189
    2588       -0.008980
    2589       -0.007770
    2590       -0.006563
    2591       -0.005368
    2592       -0.004206
    2593       -0.003112
    2594       -0.002132
    2595       -0.001300
    2596       -0.000650
    2597       -0.000340
    2598       -0.000365
    2599       -0.000674
    2600       -0.001342
    2601       -0.002167
    2602       -0.003134
    2603       -0.004216
    2604       -0.005372
    2605       -0.006565
    2606       -0.007772
    2607       -0.008983
    2608       -0.010193
    2609       -0.011399
    2610       -0.012594
    2611       -0.013759
    2612       -0.014858
    2613       -0.015849
    2614       -0.016631
    2615       -0.017237
    2616       -0.017667
    2617       -0.017893
    2618       -0.018014
    2619       -0.018072
    2620       -0.018102
    2621       -0.018119
    2622       -0.018127
    2623       -0.018127
    2624       -0.018119
    2625       -0.018102
    2626       -0.018072
    2627       -0.018014
    2628       -0.017893
    2629       -0.017667
    2630       -0.017237
    2631       -0.016631
    2632       -0.015849
    2633       -0.014858
    2634       -0.013759
    2635       -0.012594
    2636       -0.011399
    2637       -0.010193
    2638       -0.008983
    2639       -0.007772
    2640       -0.006565
    2641       -0.005372
    2642       -0.004216
    2643       -0.003134
    2644       -0.002167
    2645       -0.001342
    2646       -0.000674
    2647       -0.000365
    2648       -0.000374
    2649       -0.000682
    2650       -0.001356
    2651       -0.002179
    2652       -0.003141
    2653       -0.004220
    2654       -0.005374
    2655       -0.006567
    2656       -0.007775
    2657       -0.008986
    2658       -0.010197
    2659       -0.011405
    2660       -0.012600
    2661       -0.013765
    2662       -0.014863
    2663       -0.015848
    2664       -0.016622
    2665       -0.017230
    2666       -0.017671
    2667       -0.017905
    2668       -0.018027
    2669       -0.018083
    2670       -0.018108
    2671       -0.018121
    2672       -0.018127
    2673       -0.018127
    2674       -0.018121
    2675       -0.018108
    2676       -0.018083
    2677       -0.018027
    2678       -0.017905
    2679       -0.017671
    2680       -0.017230
    2681       -0.016622
    2682       -0.015848
    2683       -0.014863
    2684       -0.013765
    2685       -0.012600
    2686       -0.011405
    2687       -0.010197
    2688       -0.008986
    2689       -0.007775
    2690       -0.006567
    2691       -0.005374
    2692       -0.004220
    2693       -0.003141
    2694       -0.002179
    2695       -0.001356
    2696       -0.000682
    2697       -0.000374
    2698       -0.000365
    2699       -0.000674
    2700       -0.001342
    2701       -0.002167
    2702       -0.003135
    2703       -0.004217
    2704       -0.005375
    2705       -0.006569
    2706       -0.007778
    2707       -0.008990
    2708       -0.010202
    2709       -0.011410
    2710       -0.012607
    2711       -0.013775
    2712       -0.014878
    2713       -0.015872
    2714       -0.016658
    2715       -0.017267
    2716       -0.017701
    2717       -0.017926
    2718       -0.018044
    2719       -0.018094
    2720       -0.018115
    2721       -0.018124
    2722       -0.018127
    2723       -0.018127
    2724       -0.018124
    2725       -0.018115
    2726       -0.018094
    2727       -0.018044
    2728       -0.017926
    2729       -0.017701
    2730       -0.017267
    2731       -0.016658
    2732       -0.015872
    2733       -0.014878
    2734       -0.013775
    2735       -0.012607
    2736       -0.011410
    2737       -0.010202
    2738       -0.008990
    2739       -0.007778
    2740       -0.006569
    2741       -0.005375
    2742       -0.004217
    2743       -0.003135
    2744       -0.002167
    2745       -0.001342
    2746       -0.000674
    2747       -0.000365
    2748       -0.000340
    2749       -0.000650
    2750       -0.001300
    2751       -0.002133
    2752       -0.003114
    2753       -0.004209
    2754       -0.005373
    2755       -0.006571
    2756       -0.007780
    2757       -0.008994
    2758       -0.010206
    2759       -0.011416
    2760       -0.012616
    2761       -0.013790
    2762       -0.014903
    2763       -0.015921
    2764       -0.016739
    2765       -0.017350
    2766       -0.017755
    2767       -0.017958
    2768       -0.018064
    2769       -0.018107
    2770       -0.018122
    2771       -0.018127
    2772       -0.018129
    2773       -0.018129
    2774       -0.018127
    2775       -0.018122
    2776       -0.018107
    2777       -0.018064
    2778       -0.017958
    2779       -0.017755
    2780       -0.017350
    2781       -0.016739
    2782       -0.015921
    2783       -0.014903
    2784       -0.013790
    2785       -0.012616
    2786       -0.011416
    2787       -0.010206
    2788       -0.008994
    2789       -0.007780
    2790       -0.006571
    2791       -0.005373
    2792       -0.004209
    2793       -0.003114
    2794       -0.002133
    2795       -0.001300
    2796       -0.000650
    2797       -0.000340
    2798       -0.000297
    2799       -0.000601
    2800       -0.001228
    2801       -0.002074
    2802       -0.003081
    2803       -0.004196
    2804       -0.005371
    2805       -0.006572
    2806       -0.007783
    2807       -0.008997
    2808       -0.010211
    2809       -0.011422
    2810       -0.012626
    2811       -0.013809
    2812       -0.014938
    2813       -0.015994
    2814       -0.016870
    2815       -0.017483
    2816       -0.017832
    2817       -0.017999
    2818       -0.018089
    2819       -0.018122
    2820       -0.018130
    2821       -0.018131
    2822       -0.018130
    2823       -0.018130
    2824       -0.018131
    2825       -0.018130
    2826       -0.018122
    2827       -0.018089
    2828       -0.017999
    2829       -0.017832
    2830       -0.017483
    2831       -0.016870
    2832       -0.015994
    2833       -0.014938
    2834       -0.013808
    2835       -0.012626
    2836       -0.011422
    2837       -0.010211
    2838       -0.008997
    2839       -0.007783
    2840       -0.006572
    2841       -0.005371
    2842       -0.004196
    2843       -0.003081
    2844       -0.002074
    2845       -0.001228
    2846       -0.000601
    2847       -0.000297
    2848       -0.000234
    2849       -0.000517
    2850       -0.001118
    2851       -0.001991
    2852       -0.003036
    2853       -0.004179
    2854       -0.005367
    2855       -0.006574
    2856       -0.007786
    2857       -0.009001
    2858       -0.010215
    2859       -0.011428
    2860       -0.012636
    2861       -0.013831
    2862       -0.014978
    2863       -0.016084
    2864       -0.017058
    2865       -0.017674
    2866       -0.017928
    2867       -0.018046
    2868       -0.018119
    2869       -0.018137
    2870       -0.018138
    2871       -0.018134
    2872       -0.018131
    2873       -0.018131
    2874       -0.018134
    2875       -0.018138
    2876       -0.018137
    2877       -0.018119
    2878       -0.018046
    2879       -0.017928
    2880       -0.017674
    2881       -0.017058
    2882       -0.016084
    2883       -0.014978
    2884       -0.013831
    2885       -0.012636
    2886       -0.011428
    2887       -0.010215
    2888       -0.009001
    2889       -0.007786
    2890       -0.006574
    2891       -0.005367
    2892       -0.004179
    2893       -0.003036
    2894       -0.001991
    2895       -0.001118
    2896       -0.000517
    2897       -0.000234
    2898       -0.000150
    2899       -0.000384
    2900       -0.000967
    2901       -0.001884
    2902       -0.002982
    2903       -0.004159
    2904       -0.005364
    2905       -0.006575
    2906       -0.007790
    2907       -0.009004
    2908       -0.010221
    2909       -0.011433
    2910       -0.012647
    2911       -0.013856
    2912       -0.015025
    2913       -0.016180
    2914       -0.017318
    2915       -0.017936
    2916       -0.018030
    2917       -0.018101
    2918       -0.018151
    2919       -0.018153
    2920       -0.018145
    2921       -0.018138
    2922       -0.018131
    2923       -0.018131
    2924       -0.018138
    2925       -0.018145
    2926       -0.018153
    2927       -0.018151
    2928       -0.018101
    2929       -0.018030
    2930       -0.017936
    2931       -0.017318
    2932       -0.016181
    2933       -0.015025
    2934       -0.013856
    2935       -0.012647
    2936       -0.011433
    2937       -0.010221
    2938       -0.009004
    2939       -0.007790
    2940       -0.006575
    2941       -0.005364
    2942       -0.004159
    2943       -0.002982
    2944       -0.001884
    2945       -0.000967
    2946       -0.000384
    2947       -0.000150
    2948       -0.000036
    2949       -0.000184
    2950       -0.000766
    2951       -0.001752
    2952       -0.002921
    2953       -0.004140
    2954       -0.005361
    2955       -0.006578
    2956       -0.007792
    2957       -0.009009
    2958       -0.010221
    2959       -0.011446
    2960       -0.012647
    2961       -0.013890
    2962       -0.015074
    2963       -0.016271
    2964       -0.017665
    2965       -0.018288
    2966       -0.018125
    2967       -0.018158
    2968       -0.018195
    2969       -0.018159
    2970       -0.018160
    2971       -0.018137
    2972       -0.018132
    2973       -0.018132
    2974       -0.018137
    2975       -0.018160
    2976       -0.018159
    2977       -0.018195
    2978       -0.018158
    2979       -0.018125
    2980       -0.018288
    2981       -0.017665
    2982       -0.016271
    2983       -0.015074
    2984       -0.013890
    2985       -0.012647
    2986       -0.011446
    2987       -0.010221
    2988       -0.009009
    2989       -0.007792
    2990       -0.006578
    2991       -0.005361
    2992       -0.004140
    2993       -0.002921
    2994       -0.001752
    2995       -0.000766
    2996       -0.000184
    2997       -0.000036
    2998        0.000116
    2999        0.000105
    3000       -0.000504
    3001       -0.001599
    3002       -0.002860
    3003       -0.004124
    3004       -0.005360
    3005       -0.006580
    3006       -0.007796
    3007       -0.009011
    3008       -0.010229
    3009       -0.011444
    3010       -0.012674
    3011       -0.013875
    3012       -0.015191
    3013       -0.016276
    3014       -0.018147
    3015       -0.018773
    3016       -0.018136
    3017       -0.018287
    3018       -0.018190
    3019       -0.018194
    3020       -0.018159
    3021       -0.018142
    3022       -0.018130
    3023       -0.018130
    3024       -0.018142
    3025       -0.018159
    3026       -0.018194
    3027       -0.018190
    3028       -0.018287
    3029       -0.018136
    3030       -0.018773
    3031       -0.018147
    3032       -0.016276
    3033       -0.015191
    3034       -0.013875
    3035       -0.012674
    3036       -0.011444
    3037       -0.010229
    3038       -0.009011
    3039       -0.007796
    3040       -0.006580
    3041       -0.005360
    3042       -0.004124
    3043       -0.002860
    3044       -0.001599
    3045       -0.000504
    3046        0.000105
    3047        0.000116
    3048        0.000131
    3049        0.000176
    3050       -0.000393
    3051       -0.001530
    3052       -0.002838
    3053       -0.004123
    3054       -0.005364
    3055       -0.006584
    3056       -0.007799
    3057       -0.009015
    3058       -0.010232
    3059       -0.011451
    3060       -0.012671
    3061       -0.013907
    3062       -0.015136
    3063       -0.016510
    3064       -0.018224
    3065       -0.018848
    3066       -0.018378
    3067       -0.018240
    3068       -0.018232
    3069       -0.018197
    3070       -0.018168
    3071       -0.018141
    3072       -0.018128
    3073       -0.018128
    3074       -0.018141
    3075       -0.018168
    3076       -0.018197
    3077       -0.018232
    3078       -0.018240
    3079       -0.018378
    3080       -0.018848
    3081       -0.018224
    3082       -0.016510
    3083       -0.015136
    3084       -0.013907
    3085       -0.012671
    3086       -0.011451
    3087       -0.010232
    3088       -0.009015
    3089       -0.007799
    3090       -0.006584
    3091       -0.005364
    3092       -0.004123
    3093       -0.002838
    3094       -0.001530
    3095       -0.000393
    3096        0.000176
    3097        0.000131
    3098       -0.000041
    3099        0.000023
    3100       -0.000044
    3101        0.000032
    3102        0.000123
    3103        0.000191
    3104        0.000460
    3105        0.000510
    3106        0.000849
    3107        0.000873
    3108        0.001233
    3109        0.001241
    3110        0.001603
    3111        0.001605
    3112        0.001967
    3113        0.001967
    3114        0.002327
    3115        0.002328
    3116        0.002689
    3117        0.002690
    3118        0.003048
    3119        0.003048
    3120        0.003411
    3121        0.003415
    3122        0.003767
    3123        0.003762
    3124        0.004139
    3125        0.004143
    3126        0.004487
    3127        0.004489
    3128        0.004917
    3129        0.004722
    3130        0.005387
    3131        0.005892
    3132        0.005563
    3133        0.006068
    3134        0.005444
    3135        0.005253
    3136        0.005368
    3137        0.005376
    3138        0.005384
    3139        0.005394
    3140        0.005393
    3141        0.005391
    3142        0.005427
    3143        0.005430
    3144        0.005446
    3145        0.005442
    3146        0.005454
    3147        0.005450
    3148        0.005454
    3149        0.005450
    3150        0.005446
    3151        0.005442
    3152        0.005427
    3153        0.005430
    3154        0.005393
    3155        0.005391
    3156        0.005384
    3157        0.005394
    3158        0.005368
    3159        0.005376
    3160        0.005444
    3161        0.005253
    3162        0.005563
    3163        0.006068
    3164        0.005387
    3165        0.005892
    3166        0.004917
    3167        0.004722
    3168        0.004487
    3169        0.004489
    3170        0.004139
    3171        0.004143
    3172        0.003767
    3173        0.003762
    3174        0.003411
    3175        0.003415
    3176        0.003048
    3177        0.003048
    3178        0.002690
    3179        0.002689
    3180        0.002328
    3181        0.002327
    3182        0.001967
    3183        0.001967
    3184        0.001605
    3185        0.001603
    3186        0.001241
    3187        0.001233
    3188        0.000849
    3189        0.000873
    3190        0.000460
    3191        0.000510
    3192        0.000123
    3193        0.000191
    3194       -0.000044
    3195        0.000032
    3196       -0.000041
    3197        0.000023


                                                      SUMMARY INFORMATION
                                                  _________________________

                                                         Min/Max Values
    -Source ID--Entity ID---Sub ID----X Component--
Min:     1       1450          0        -0.043570
Max:     1        624          0         0.021160

