




                       MSC.Patran 25.0.638960 Wed Mar 13 09:21:55 PDT 2019 - Analysis Code: MSC.Nastran 
                                             Load Case: Default, A1:Static Subcase 
                                         Result Strain Tensor,  - Layer (NON-LAYERED) 
                                                     Entity: Element Tensor


-Entity ID--X Component--
       1       -0.003688
       2       -0.003798
       3       -0.004425
       4       -0.005560
       5       -0.006847
       6       -0.008116
       7       -0.009348
       8       -0.010563
       9       -0.011773
      10       -0.012982
      11       -0.014192
      12       -0.015403
      13       -0.016613
      14       -0.017839
      15       -0.019060
      16       -0.020422
      17       -0.022104
      18       -0.022711
      19       -0.022238
      20       -0.022088
      21       -0.022078
      22       -0.022063
      23       -0.022064
      24       -0.022064
      25       -0.022064
      26       -0.022064
      27       -0.022064
      28       -0.022064
      29       -0.022063
      30       -0.022078
      31       -0.022088
      32       -0.022238
      33       -0.022711
      34       -0.022104
      35       -0.020422
      36       -0.019060
      37       -0.017839
      38       -0.016613
      39       -0.015403
      40       -0.014192
      41       -0.012982
      42       -0.011773
      43       -0.010563
      44       -0.009348
      45       -0.008116
      46       -0.006847
      47       -0.005560
      48       -0.004425
      49       -0.003798
      50       -0.003688
      51       -0.003715
      52       -0.004097
      53       -0.005044
      54       -0.006240
      55       -0.007418
      56       -0.008510
      57       -0.009553
      58       -0.010576
      59       -0.011594
      60       -0.012609
      61       -0.013626
      62       -0.014644
      63       -0.015667
      64       -0.016719
      65       -0.017750
      66       -0.019126
      67       -0.020119
      68       -0.020615
      69       -0.020654
      70       -0.020290
      71       -0.020279
      72       -0.020242
      73       -0.020237
      74       -0.020234
      75       -0.020234
      76       -0.020234
      77       -0.020234
      78       -0.020237
      79       -0.020242
      80       -0.020279
      81       -0.020290
      82       -0.020654
      83       -0.020615
      84       -0.020119
      85       -0.019126
      86       -0.017750
      87       -0.016719
      88       -0.015667
      89       -0.014644
      90       -0.013626
      91       -0.012609
      92       -0.011594
      93       -0.010576
      94       -0.009553
      95       -0.008510
      96       -0.007418
      97       -0.006240
      98       -0.005044
      99       -0.004097
     100       -0.003715
     101       -0.003948
     102       -0.004915
     103       -0.006350
     104       -0.007637
     105       -0.008577
     106       -0.009311
     107       -0.009969
     108       -0.010607
     109       -0.011236
     110       -0.011864
     111       -0.012492
     112       -0.013126
     113       -0.013766
     114       -0.014462
     115       -0.015104
     116       -0.016502
     117       -0.016120
     118       -0.016421
     119       -0.017444
     120       -0.016673
     121       -0.016660
     122       -0.016592
     123       -0.016580
     124       -0.016574
     125       -0.016573
     126       -0.016573
     127       -0.016574
     128       -0.016580
     129       -0.016592
     130       -0.016660
     131       -0.016673
     132       -0.017444
     133       -0.016421
     134       -0.016120
     135       -0.016502
     136       -0.015104
     137       -0.014462
     138       -0.013766
     139       -0.013126
     140       -0.012492
     141       -0.011864
     142       -0.011236
     143       -0.010607
     144       -0.009969
     145       -0.009311
     146       -0.008577
     147       -0.007637
     148       -0.006350
     149       -0.004915
     150       -0.003948
     151       -0.004169
     152       -0.005734
     153       -0.007703
     154       -0.009069
     155       -0.009752
     156       -0.010115
     157       -0.010388
     158       -0.010637
     159       -0.010879
     160       -0.011117
     161       -0.011362
     162       -0.011599
     163       -0.011884
     164       -0.012133
     165       -0.012627
     166       -0.013302
     167       -0.012631
     168       -0.012749
     169       -0.013657
     170       -0.013225
     171       -0.012970
     172       -0.012961
     173       -0.012915
     174       -0.012917
     175       -0.012911
     176       -0.012911
     177       -0.012917
     178       -0.012915
     179       -0.012961
     180       -0.012970
     181       -0.013225
     182       -0.013657
     183       -0.012749
     184       -0.012631
     185       -0.013302
     186       -0.012627
     187       -0.012133
     188       -0.011884
     189       -0.011599
     190       -0.011362
     191       -0.011117
     192       -0.010879
     193       -0.010637
     194       -0.010388
     195       -0.010115
     196       -0.009752
     197       -0.009069
     198       -0.007703
     199       -0.005734
     200       -0.004169
     201       -0.004417
     202       -0.006653
     203       -0.009185
     204       -0.010564
     205       -0.010942
     206       -0.010923
     207       -0.010808
     208       -0.010669
     209       -0.010520
     210       -0.010374
     211       -0.010223
     212       -0.010088
     213       -0.009962
     214       -0.009872
     215       -0.009990
     216       -0.010100
     217       -0.009290
     218       -0.009212
     219       -0.009874
     220       -0.009615
     221       -0.009349
     222       -0.009290
     223       -0.009265
     224       -0.009252
     225       -0.009252
     226       -0.009252
     227       -0.009252
     228       -0.009265
     229       -0.009290
     230       -0.009349
     231       -0.009615
     232       -0.009874
     233       -0.009212
     234       -0.009290
     235       -0.010100
     236       -0.009990
     237       -0.009872
     238       -0.009962
     239       -0.010088
     240       -0.010223
     241       -0.010374
     242       -0.010520
     243       -0.010669
     244       -0.010808
     245       -0.010923
     246       -0.010942
     247       -0.010564
     248       -0.009185
     249       -0.006653
     250       -0.004417
     251       -0.004732
     252       -0.007792
     253       -0.010881
     254       -0.012142
     255       -0.012145
     256       -0.011731
     257       -0.011231
     258       -0.010700
     259       -0.010164
     260       -0.009626
     261       -0.009091
     262       -0.008563
     263       -0.008052
     264       -0.007593
     265       -0.007280
     266       -0.006916
     267       -0.006006
     268       -0.005736
     269       -0.006107
     270       -0.005934
     271       -0.005709
     272       -0.005630
     273       -0.005604
     274       -0.005593
     275       -0.005590
     276       -0.005590
     277       -0.005593
     278       -0.005604
     279       -0.005630
     280       -0.005709
     281       -0.005934
     282       -0.006107
     283       -0.005736
     284       -0.006006
     285       -0.006916
     286       -0.007280
     287       -0.007593
     288       -0.008052
     289       -0.008563
     290       -0.009091
     291       -0.009626
     292       -0.010164
     293       -0.010700
     294       -0.011231
     295       -0.011731
     296       -0.012145
     297       -0.012142
     298       -0.010881
     299       -0.007792
     300       -0.004732
     301       -0.005176
     302       -0.009313
     303       -0.012873
     304       -0.013808
     305       -0.013350
     306       -0.012547
     307       -0.011653
     308       -0.010733
     309       -0.009805
     310       -0.008882
     311       -0.007956
     312       -0.007039
     313       -0.006140
     314       -0.005295
     315       -0.004529
     316       -0.003738
     317       -0.002737
     318       -0.002272
     319       -0.002347
     320       -0.002211
     321       -0.002051
     322       -0.001969
     323       -0.001941
     324       -0.001932
     325       -0.001929
     326       -0.001929
     327       -0.001932
     328       -0.001941
     329       -0.001969
     330       -0.002051
     331       -0.002211
     332       -0.002347
     333       -0.002272
     334       -0.002737
     335       -0.003738
     336       -0.004529
     337       -0.005295
     338       -0.006140
     339       -0.007039
     340       -0.007956
     341       -0.008882
     342       -0.009805
     343       -0.010733
     344       -0.011653
     345       -0.012547
     346       -0.013350
     347       -0.013808
     348       -0.012873
     349       -0.009313
     350       -0.005176
     351       -0.005871
     352       -0.011426
     353       -0.015250
     354       -0.015516
     355       -0.014568
     356       -0.013360
     357       -0.012085
     358       -0.010757
     359       -0.009454
     360       -0.008132
     361       -0.006823
     362       -0.005512
     363       -0.004226
     364       -0.002982
     365       -0.001759
     366       -0.000544
     367        0.000551
     368        0.001210
     369        0.001430
     370        0.001530
     371        0.001622
     372        0.001695
     373        0.001723
     374        0.001730
     375        0.001732
     376        0.001732
     377        0.001730
     378        0.001723
     379        0.001695
     380        0.001622
     381        0.001530
     382        0.001430
     383        0.001210
     384        0.000551
     385       -0.000544
     386       -0.001759
     387       -0.002982
     388       -0.004226
     389       -0.005512
     390       -0.006823
     391       -0.008132
     392       -0.009454
     393       -0.010757
     394       -0.012085
     395       -0.013360
     396       -0.014568
     397       -0.015516
     398       -0.015250
     399       -0.011426
     400       -0.005871
     401       -0.006938
     402       -0.014549
     403       -0.017946
     404       -0.017260
     405       -0.015746
     406       -0.014229
     407       -0.012474
     408       -0.010810
     409       -0.009085
     410       -0.007392
     411       -0.005685
     412       -0.003988
     413       -0.002303
     414       -0.000661
     415        0.001012
     416        0.002685
     417        0.003892
     418        0.004744
     419        0.005242
     420        0.005273
     421        0.005305
     422        0.005365
     423        0.005386
     424        0.005391
     425        0.005393
     426        0.005393
     427        0.005391
     428        0.005386
     429        0.005365
     430        0.005305
     431        0.005273
     432        0.005242
     433        0.004744
     434        0.003892
     435        0.002685
     436        0.001012
     437       -0.000661
     438       -0.002303
     439       -0.003988
     440       -0.005685
     441       -0.007392
     442       -0.009085
     443       -0.010810
     444       -0.012474
     445       -0.014229
     446       -0.015746
     447       -0.017260
     448       -0.017946
     449       -0.014549
     450       -0.006938
     451       -0.009137
     452       -0.018856
     453       -0.021111
     454       -0.018644
     455       -0.017199
     456       -0.014938
     457       -0.012951
     458       -0.010814
     459       -0.008741
     460       -0.006641
     461       -0.004549
     462       -0.002466
     463       -0.000373
     464        0.001668
     465        0.003763
     466        0.005957
     467        0.007330
     468        0.008378
     469        0.009095
     470        0.008996
     471        0.008993
     472        0.009046
     473        0.009045
     474        0.009056
     475        0.009054
     476        0.009054
     477        0.009056
     478        0.009045
     479        0.009046
     480        0.008993
     481        0.008996
     482        0.009095
     483        0.008378
     484        0.007330
     485        0.005957
     486        0.003763
     487        0.001668
     488       -0.000373
     489       -0.002466
     490       -0.004549
     491       -0.006641
     492       -0.008741
     493       -0.010814
     494       -0.012951
     495       -0.014938
     496       -0.017199
     497       -0.018644
     498       -0.021111
     499       -0.018856
     500       -0.009137
     501       -0.011848
     502       -0.026715
     503       -0.022585
     504       -0.020888
     505       -0.018249
     506       -0.015834
     507       -0.013342
     508       -0.010857
     509       -0.008381
     510       -0.005894
     511       -0.003417
     512       -0.000930
     513        0.001534
     514        0.004045
     515        0.006454
     516        0.009241
     517        0.010951
     518        0.012189
     519        0.012963
     520        0.012658
     521        0.012730
     522        0.012702
     523        0.012718
     524        0.012714
     525        0.012716
     526        0.012716
     527        0.012714
     528        0.012718
     529        0.012702
     530        0.012730
     531        0.012658
     532        0.012963
     533        0.012189
     534        0.010951
     535        0.009241
     536        0.006454
     537        0.004045
     538        0.001534
     539       -0.000930
     540       -0.003417
     541       -0.005894
     542       -0.008381
     543       -0.010857
     544       -0.013342
     545       -0.015834
     546       -0.018249
     547       -0.020888
     548       -0.022585
     549       -0.026715
     550       -0.011848
     551       -0.028570
     552       -0.030638
     553       -0.025429
     554       -0.022631
     555       -0.019444
     556       -0.016696
     557       -0.013729
     558       -0.010910
     559       -0.008011
     560       -0.005155
     561       -0.002279
     562        0.000593
     563        0.003469
     564        0.006350
     565        0.009304
     566        0.012199
     567        0.014986
     568        0.016417
     569        0.016506
     570        0.016478
     571        0.016396
     572        0.016385
     573        0.016381
     574        0.016376
     575        0.016377
     576        0.016377
     577        0.016376
     578        0.016381
     579        0.016385
     580        0.016396
     581        0.016478
     582        0.016506
     583        0.016417
     584        0.014986
     585        0.012199
     586        0.009304
     587        0.006350
     588        0.003469
     589        0.000593
     590       -0.002279
     591       -0.005155
     592       -0.008011
     593       -0.010910
     594       -0.013729
     595       -0.016696
     596       -0.019444
     597       -0.022631
     598       -0.025429
     599       -0.030638
     600       -0.028570
     601       -0.042322
     602       -0.031376
     603       -0.027544
     604       -0.023139
     605       -0.020276
     606       -0.016992
     607       -0.013998
     608       -0.010896
     609       -0.007847
     610       -0.004776
     611       -0.001711
     612        0.001351
     613        0.004444
     614        0.007504
     615        0.010704
     616        0.013757
     617        0.016889
     618        0.018423
     619        0.018353
     620        0.018366
     621        0.018230
     622        0.018235
     623        0.018206
     624        0.018210
     625        0.018207
     626        0.018207
     627        0.018210
     628        0.018206
     629        0.018235
     630        0.018230
     631        0.018366
     632        0.018353
     633        0.018423
     634        0.016889
     635        0.013757
     636        0.010704
     637        0.007504
     638        0.004444
     639        0.001351
     640       -0.001711
     641       -0.004776
     642       -0.007847
     643       -0.010896
     644       -0.013998
     645       -0.016992
     646       -0.020276
     647       -0.023139
     648       -0.027544
     649       -0.031376
     650       -0.042322
     651       -0.042055
     652       -0.031707
     653       -0.027394
     654       -0.023215
     655       -0.020246
     656       -0.017005
     657       -0.013993
     658       -0.010898
     659       -0.007846
     660       -0.004776
     661       -0.001711
     662        0.001353
     663        0.004441
     664        0.007512
     665        0.010686
     666        0.013792
     667        0.016850
     668        0.018384
     669        0.018388
     670        0.018347
     671        0.018238
     672        0.018232
     673        0.018208
     674        0.018210
     675        0.018207
     676        0.018207
     677        0.018210
     678        0.018208
     679        0.018232
     680        0.018238
     681        0.018347
     682        0.018388
     683        0.018384
     684        0.016850
     685        0.013792
     686        0.010686
     687        0.007512
     688        0.004441
     689        0.001353
     690       -0.001711
     691       -0.004776
     692       -0.007846
     693       -0.010898
     694       -0.013993
     695       -0.017005
     696       -0.020246
     697       -0.023215
     698       -0.027394
     699       -0.031707
     700       -0.042055
     701       -0.039965
     702       -0.034294
     703       -0.026224
     704       -0.023808
     705       -0.020011
     706       -0.017106
     707       -0.013951
     708       -0.010916
     709       -0.007838
     710       -0.004779
     711       -0.001713
     712        0.001362
     713        0.004417
     714        0.007579
     715        0.010543
     716        0.014063
     717        0.016551
     718        0.018083
     719        0.018660
     720        0.018204
     721        0.018305
     722        0.018208
     723        0.018218
     724        0.018206
     725        0.018208
     726        0.018208
     727        0.018206
     728        0.018218
     729        0.018208
     730        0.018305
     731        0.018204
     732        0.018660
     733        0.018083
     734        0.016551
     735        0.014063
     736        0.010543
     737        0.007579
     738        0.004417
     739        0.001362
     740       -0.001713
     741       -0.004779
     742       -0.007838
     743       -0.010916
     744       -0.013951
     745       -0.017106
     746       -0.020011
     747       -0.023808
     748       -0.026224
     749       -0.034294
     750       -0.039965
     751       -0.042054
     752       -0.031707
     753       -0.027394
     754       -0.023215
     755       -0.020246
     756       -0.017005
     757       -0.013993
     758       -0.010898
     759       -0.007846
     760       -0.004776
     761       -0.001711
     762        0.001353
     763        0.004441
     764        0.007512
     765        0.010686
     766        0.013792
     767        0.016850
     768        0.018384
     769        0.018388
     770        0.018347
     771        0.018238
     772        0.018232
     773        0.018208
     774        0.018210
     775        0.018207
     776        0.018207
     777        0.018210
     778        0.018208
     779        0.018232
     780        0.018238
     781        0.018347
     782        0.018388
     783        0.018384
     784        0.016850
     785        0.013792
     786        0.010686
     787        0.007512
     788        0.004441
     789        0.001353
     790       -0.001711
     791       -0.004776
     792       -0.007846
     793       -0.010898
     794       -0.013993
     795       -0.017005
     796       -0.020246
     797       -0.023215
     798       -0.027394
     799       -0.031707
     800       -0.042054
     801       -0.003688
     802       -0.003798
     803       -0.004425
     804       -0.005560
     805       -0.006847
     806       -0.008116
     807       -0.009348
     808       -0.010563
     809       -0.011773
     810       -0.012982
     811       -0.014192
     812       -0.015403
     813       -0.016613
     814       -0.017839
     815       -0.019060
     816       -0.020422
     817       -0.022104
     818       -0.022711
     819       -0.022238
     820       -0.022088
     821       -0.022078
     822       -0.022063
     823       -0.022064
     824       -0.022064
     825       -0.022064
     826       -0.022064
     827       -0.022064
     828       -0.022064
     829       -0.022063
     830       -0.022078
     831       -0.022088
     832       -0.022238
     833       -0.022711
     834       -0.022104
     835       -0.020422
     836       -0.019060
     837       -0.017839
     838       -0.016613
     839       -0.015403
     840       -0.014192
     841       -0.012982
     842       -0.011773
     843       -0.010563
     844       -0.009348
     845       -0.008116
     846       -0.006847
     847       -0.005560
     848       -0.004425
     849       -0.003798
     850       -0.003688
     851       -0.003715
     852       -0.004097
     853       -0.005044
     854       -0.006240
     855       -0.007418
     856       -0.008510
     857       -0.009553
     858       -0.010576
     859       -0.011594
     860       -0.012609
     861       -0.013626
     862       -0.014644
     863       -0.015667
     864       -0.016719
     865       -0.017750
     866       -0.019126
     867       -0.020119
     868       -0.020615
     869       -0.020654
     870       -0.020290
     871       -0.020279
     872       -0.020242
     873       -0.020237
     874       -0.020234
     875       -0.020234
     876       -0.020234
     877       -0.020234
     878       -0.020237
     879       -0.020242
     880       -0.020279
     881       -0.020290
     882       -0.020654
     883       -0.020615
     884       -0.020119
     885       -0.019126
     886       -0.017750
     887       -0.016719
     888       -0.015667
     889       -0.014644
     890       -0.013626
     891       -0.012609
     892       -0.011594
     893       -0.010576
     894       -0.009553
     895       -0.008510
     896       -0.007418
     897       -0.006240
     898       -0.005044
     899       -0.004097
     900       -0.003715
     901       -0.003948
     902       -0.004914
     903       -0.006350
     904       -0.007637
     905       -0.008577
     906       -0.009311
     907       -0.009969
     908       -0.010607
     909       -0.011236
     910       -0.011864
     911       -0.012492
     912       -0.013126
     913       -0.013766
     914       -0.014462
     915       -0.015104
     916       -0.016502
     917       -0.016120
     918       -0.016421
     919       -0.017444
     920       -0.016673
     921       -0.016660
     922       -0.016592
     923       -0.016580
     924       -0.016574
     925       -0.016573
     926       -0.016573
     927       -0.016574
     928       -0.016580
     929       -0.016592
     930       -0.016660
     931       -0.016673
     932       -0.017444
     933       -0.016421
     934       -0.016120
     935       -0.016502
     936       -0.015104
     937       -0.014462
     938       -0.013766
     939       -0.013126
     940       -0.012492
     941       -0.011864
     942       -0.011236
     943       -0.010607
     944       -0.009969
     945       -0.009311
     946       -0.008577
     947       -0.007637
     948       -0.006350
     949       -0.004914
     950       -0.003948
     951       -0.004169
     952       -0.005734
     953       -0.007703
     954       -0.009069
     955       -0.009752
     956       -0.010115
     957       -0.010388
     958       -0.010637
     959       -0.010879
     960       -0.011117
     961       -0.011362
     962       -0.011599
     963       -0.011884
     964       -0.012133
     965       -0.012627
     966       -0.013302
     967       -0.012631
     968       -0.012749
     969       -0.013657
     970       -0.013225
     971       -0.012970
     972       -0.012961
     973       -0.012915
     974       -0.012917
     975       -0.012911
     976       -0.012911
     977       -0.012917
     978       -0.012915
     979       -0.012961
     980       -0.012970
     981       -0.013225
     982       -0.013657
     983       -0.012749
     984       -0.012631
     985       -0.013302
     986       -0.012627
     987       -0.012133
     988       -0.011884
     989       -0.011599
     990       -0.011362
     991       -0.011117
     992       -0.010879
     993       -0.010637
     994       -0.010388
     995       -0.010115
     996       -0.009752
     997       -0.009069
     998       -0.007703
     999       -0.005734
    1000       -0.004169
    1001       -0.004417
    1002       -0.006653
    1003       -0.009185
    1004       -0.010564
    1005       -0.010942
    1006       -0.010923
    1007       -0.010808
    1008       -0.010669
    1009       -0.010520
    1010       -0.010374
    1011       -0.010223
    1012       -0.010088
    1013       -0.009962
    1014       -0.009872
    1015       -0.009990
    1016       -0.010100
    1017       -0.009290
    1018       -0.009212
    1019       -0.009874
    1020       -0.009615
    1021       -0.009349
    1022       -0.009290
    1023       -0.009265
    1024       -0.009252
    1025       -0.009252
    1026       -0.009252
    1027       -0.009252
    1028       -0.009265
    1029       -0.009290
    1030       -0.009349
    1031       -0.009615
    1032       -0.009874
    1033       -0.009212
    1034       -0.009290
    1035       -0.010100
    1036       -0.009990
    1037       -0.009872
    1038       -0.009962
    1039       -0.010088
    1040       -0.010223
    1041       -0.010374
    1042       -0.010520
    1043       -0.010669
    1044       -0.010808
    1045       -0.010923
    1046       -0.010942
    1047       -0.010564
    1048       -0.009185
    1049       -0.006653
    1050       -0.004417
    1051       -0.004732
    1052       -0.007792
    1053       -0.010881
    1054       -0.012142
    1055       -0.012145
    1056       -0.011731
    1057       -0.011231
    1058       -0.010700
    1059       -0.010164
    1060       -0.009626
    1061       -0.009091
    1062       -0.008563
    1063       -0.008051
    1064       -0.007593
    1065       -0.007280
    1066       -0.006916
    1067       -0.006006
    1068       -0.005736
    1069       -0.006107
    1070       -0.005934
    1071       -0.005709
    1072       -0.005630
    1073       -0.005604
    1074       -0.005593
    1075       -0.005590
    1076       -0.005590
    1077       -0.005593
    1078       -0.005604
    1079       -0.005630
    1080       -0.005709
    1081       -0.005934
    1082       -0.006107
    1083       -0.005736
    1084       -0.006006
    1085       -0.006916
    1086       -0.007280
    1087       -0.007593
    1088       -0.008052
    1089       -0.008563
    1090       -0.009091
    1091       -0.009626
    1092       -0.010164
    1093       -0.010700
    1094       -0.011231
    1095       -0.011731
    1096       -0.012145
    1097       -0.012142
    1098       -0.010881
    1099       -0.007792
    1100       -0.004732
    1101       -0.005176
    1102       -0.009313
    1103       -0.012873
    1104       -0.013808
    1105       -0.013350
    1106       -0.012547
    1107       -0.011653
    1108       -0.010733
    1109       -0.009805
    1110       -0.008882
    1111       -0.007956
    1112       -0.007039
    1113       -0.006140
    1114       -0.005295
    1115       -0.004529
    1116       -0.003738
    1117       -0.002737
    1118       -0.002272
    1119       -0.002347
    1120       -0.002211
    1121       -0.002051
    1122       -0.001969
    1123       -0.001941
    1124       -0.001932
    1125       -0.001929
    1126       -0.001929
    1127       -0.001932
    1128       -0.001941
    1129       -0.001969
    1130       -0.002051
    1131       -0.002211
    1132       -0.002347
    1133       -0.002272
    1134       -0.002737
    1135       -0.003738
    1136       -0.004529
    1137       -0.005295
    1138       -0.006140
    1139       -0.007039
    1140       -0.007956
    1141       -0.008882
    1142       -0.009805
    1143       -0.010733
    1144       -0.011653
    1145       -0.012547
    1146       -0.013350
    1147       -0.013808
    1148       -0.012873
    1149       -0.009313
    1150       -0.005176
    1151       -0.005872
    1152       -0.011426
    1153       -0.015250
    1154       -0.015516
    1155       -0.014568
    1156       -0.013360
    1157       -0.012085
    1158       -0.010757
    1159       -0.009454
    1160       -0.008132
    1161       -0.006823
    1162       -0.005512
    1163       -0.004226
    1164       -0.002982
    1165       -0.001759
    1166       -0.000544
    1167        0.000551
    1168        0.001210
    1169        0.001430
    1170        0.001530
    1171        0.001622
    1172        0.001695
    1173        0.001723
    1174        0.001730
    1175        0.001732
    1176        0.001732
    1177        0.001730
    1178        0.001723
    1179        0.001695
    1180        0.001622
    1181        0.001530
    1182        0.001430
    1183        0.001210
    1184        0.000551
    1185       -0.000544
    1186       -0.001759
    1187       -0.002982
    1188       -0.004226
    1189       -0.005512
    1190       -0.006823
    1191       -0.008132
    1192       -0.009454
    1193       -0.010757
    1194       -0.012085
    1195       -0.013360
    1196       -0.014568
    1197       -0.015516
    1198       -0.015250
    1199       -0.011426
    1200       -0.005872
    1201       -0.006938
    1202       -0.014549
    1203       -0.017946
    1204       -0.017260
    1205       -0.015746
    1206       -0.014229
    1207       -0.012474
    1208       -0.010810
    1209       -0.009085
    1210       -0.007392
    1211       -0.005685
    1212       -0.003988
    1213       -0.002303
    1214       -0.000661
    1215        0.001012
    1216        0.002685
    1217        0.003892
    1218        0.004744
    1219        0.005242
    1220        0.005273
    1221        0.005305
    1222        0.005365
    1223        0.005386
    1224        0.005391
    1225        0.005393
    1226        0.005393
    1227        0.005391
    1228        0.005386
    1229        0.005365
    1230        0.005305
    1231        0.005273
    1232        0.005242
    1233        0.004744
    1234        0.003892
    1235        0.002685
    1236        0.001012
    1237       -0.000661
    1238       -0.002303
    1239       -0.003988
    1240       -0.005685
    1241       -0.007392
    1242       -0.009085
    1243       -0.010810
    1244       -0.012474
    1245       -0.014229
    1246       -0.015746
    1247       -0.017260
    1248       -0.017946
    1249       -0.014549
    1250       -0.006938
    1251       -0.009137
    1252       -0.018857
    1253       -0.021111
    1254       -0.018644
    1255       -0.017199
    1256       -0.014938
    1257       -0.012951
    1258       -0.010814
    1259       -0.008741
    1260       -0.006641
    1261       -0.004549
    1262       -0.002466
    1263       -0.000373
    1264        0.001668
    1265        0.003763
    1266        0.005957
    1267        0.007330
    1268        0.008378
    1269        0.009095
    1270        0.008996
    1271        0.008993
    1272        0.009046
    1273        0.009045
    1274        0.009056
    1275        0.009054
    1276        0.009054
    1277        0.009056
    1278        0.009045
    1279        0.009046
    1280        0.008993
    1281        0.008996
    1282        0.009095
    1283        0.008378
    1284        0.007330
    1285        0.005957
    1286        0.003763
    1287        0.001668
    1288       -0.000373
    1289       -0.002466
    1290       -0.004549
    1291       -0.006641
    1292       -0.008741
    1293       -0.010814
    1294       -0.012951
    1295       -0.014938
    1296       -0.017199
    1297       -0.018644
    1298       -0.021111
    1299       -0.018857
    1300       -0.009137
    1301       -0.011848
    1302       -0.026715
    1303       -0.022585
    1304       -0.020888
    1305       -0.018249
    1306       -0.015834
    1307       -0.013342
    1308       -0.010857
    1309       -0.008381
    1310       -0.005894
    1311       -0.003417
    1312       -0.000930
    1313        0.001534
    1314        0.004045
    1315        0.006454
    1316        0.009241
    1317        0.010951
    1318        0.012189
    1319        0.012963
    1320        0.012658
    1321        0.012730
    1322        0.012702
    1323        0.012718
    1324        0.012714
    1325        0.012716
    1326        0.012716
    1327        0.012714
    1328        0.012718
    1329        0.012702
    1330        0.012730
    1331        0.012658
    1332        0.012963
    1333        0.012189
    1334        0.010951
    1335        0.009241
    1336        0.006454
    1337        0.004045
    1338        0.001534
    1339       -0.000930
    1340       -0.003417
    1341       -0.005894
    1342       -0.008381
    1343       -0.010857
    1344       -0.013342
    1345       -0.015834
    1346       -0.018249
    1347       -0.020888
    1348       -0.022585
    1349       -0.026715
    1350       -0.011848
    1351       -0.028570
    1352       -0.030638
    1353       -0.025429
    1354       -0.022631
    1355       -0.019444
    1356       -0.016695
    1357       -0.013729
    1358       -0.010910
    1359       -0.008011
    1360       -0.005155
    1361       -0.002279
    1362        0.000593
    1363        0.003469
    1364        0.006350
    1365        0.009304
    1366        0.012199
    1367        0.014986
    1368        0.016417
    1369        0.016506
    1370        0.016478
    1371        0.016396
    1372        0.016385
    1373        0.016381
    1374        0.016376
    1375        0.016377
    1376        0.016377
    1377        0.016376
    1378        0.016381
    1379        0.016385
    1380        0.016396
    1381        0.016478
    1382        0.016506
    1383        0.016417
    1384        0.014986
    1385        0.012199
    1386        0.009304
    1387        0.006350
    1388        0.003469
    1389        0.000593
    1390       -0.002279
    1391       -0.005155
    1392       -0.008011
    1393       -0.010910
    1394       -0.013729
    1395       -0.016695
    1396       -0.019444
    1397       -0.022631
    1398       -0.025429
    1399       -0.030638
    1400       -0.028570
    1401       -0.042322
    1402       -0.031376
    1403       -0.027544
    1404       -0.023139
    1405       -0.020276
    1406       -0.016992
    1407       -0.013998
    1408       -0.010896
    1409       -0.007847
    1410       -0.004776
    1411       -0.001711
    1412        0.001351
    1413        0.004444
    1414        0.007504
    1415        0.010704
    1416        0.013757
    1417        0.016889
    1418        0.018422
    1419        0.018353
    1420        0.018366
    1421        0.018230
    1422        0.018235
    1423        0.018206
    1424        0.018210
    1425        0.018207
    1426        0.018207
    1427        0.018210
    1428        0.018206
    1429        0.018235
    1430        0.018230
    1431        0.018366
    1432        0.018353
    1433        0.018422
    1434        0.016888
    1435        0.013757
    1436        0.010704
    1437        0.007504
    1438        0.004444
    1439        0.001351
    1440       -0.001711
    1441       -0.004776
    1442       -0.007847
    1443       -0.010896
    1444       -0.013998
    1445       -0.016992
    1446       -0.020276
    1447       -0.023139
    1448       -0.027544
    1449       -0.031376
    1450       -0.042322
    1451       -0.003663
    1452       -0.003426
    1453       -0.003150
    1454       -0.002875
    1455       -0.002648
    1456       -0.002480
    1457       -0.002378
    1458       -0.002345
    1459       -0.002380
    1460       -0.002483
    1461       -0.002651
    1462       -0.002877
    1463       -0.003150
    1464       -0.003426
    1465       -0.003663
    1466       -0.003719
    1467       -0.003514
    1468       -0.003274
    1469       -0.003050
    1470       -0.002873
    1471       -0.002749
    1472       -0.002679
    1473       -0.002658
    1474       -0.002682
    1475       -0.002754
    1476       -0.002879
    1477       -0.003056
    1478       -0.003277
    1479       -0.003517
    1480       -0.003721
    1481       -0.003796
    1482       -0.003569
    1483       -0.003348
    1484       -0.003163
    1485       -0.003030
    1486       -0.002951
    1487       -0.002912
    1488       -0.002902
    1489       -0.002914
    1490       -0.002956
    1491       -0.003038
    1492       -0.003171
    1493       -0.003355
    1494       -0.003576
    1495       -0.003804
    1496       -0.003794
    1497       -0.003547
    1498       -0.003344
    1499       -0.003202
    1500       -0.003124
    1501       -0.003094
    1502       -0.003091
    1503       -0.003092
    1504       -0.003092
    1505       -0.003098
    1506       -0.003132
    1507       -0.003214
    1508       -0.003356
    1509       -0.003560
    1510       -0.003812
    1511       -0.003696
    1512       -0.003423
    1513       -0.003250
    1514       -0.003168
    1515       -0.003158
    1516       -0.003190
    1517       -0.003227
    1518       -0.003242
    1519       -0.003227
    1520       -0.003193
    1521       -0.003168
    1522       -0.003182
    1523       -0.003264
    1524       -0.003440
    1525       -0.003724
    1526       -0.003448
    1527       -0.003171
    1528       -0.003054
    1529       -0.003059
    1530       -0.003140
    1531       -0.003247
    1532       -0.003333
    1533       -0.003365
    1534       -0.003332
    1535       -0.003251
    1536       -0.003153
    1537       -0.003076
    1538       -0.003068
    1539       -0.003186
    1540       -0.003485
    1541       -0.002996
    1542       -0.002753
    1543       -0.002747
    1544       -0.002886
    1545       -0.003087
    1546       -0.003283
    1547       -0.003423
    1548       -0.003472
    1549       -0.003422
    1550       -0.003287
    1551       -0.003100
    1552       -0.002904
    1553       -0.002760
    1554       -0.002760
    1555       -0.003032
    1556       -0.002214
    1557       -0.002153
    1558       -0.002383
    1559       -0.002720
    1560       -0.003052
    1561       -0.003332
    1562       -0.003518
    1563       -0.003580
    1564       -0.003511
    1565       -0.003323
    1566       -0.003050
    1567       -0.002728
    1568       -0.002395
    1569       -0.002159
    1570       -0.002242
    1571       -0.001121
    1572       -0.001614
    1573       -0.002300
    1574       -0.002810
    1575       -0.003184
    1576       -0.003459
    1577       -0.003641
    1578       -0.003700
    1579       -0.003619
    1580       -0.003421
    1581       -0.003147
    1582       -0.002791
    1583       -0.002311
    1584       -0.001645
    1585       -0.001150
    1586       -0.000196
    1587       -0.002417
    1588       -0.003251
    1589       -0.003599
    1590       -0.003752
    1591       -0.003781
    1592       -0.003803
    1593       -0.003834
    1594       -0.003767
    1595       -0.003717
    1596       -0.003700
    1597       -0.003576
    1598       -0.003266
    1599       -0.002476
    1600       -0.000243
    1601       -0.003084
    1602       -0.005574
    1603       -0.005432
    1604       -0.005320
    1605       -0.005079
    1606       -0.004607
    1607       -0.003945
    1608       -0.003971
    1609       -0.003917
    1610       -0.004591
    1611       -0.005111
    1612       -0.005371
    1613       -0.005473
    1614       -0.005611
    1615       -0.003120
    1616       -0.004519
    1617       -0.004104
    1618       -0.004437
    1619       -0.004891
    1620       -0.004301
    1621       -0.004795
    1622       -0.005241
    1623       -0.004502
    1624       -0.005160
    1625       -0.005503
    1626       -0.005040
    1627       -0.005438
    1628       -0.006410
    1629       -0.005252
    1630       -0.006426
    1631       -0.003871
    1632       -0.002310
    1633       -0.003876
    1799       -0.001385
    1800       -0.000965
    1801        0.000801
    1802        0.000938
    1803        0.001081
    1804        0.001137
    1805        0.001155
    1806        0.001162
    1807        0.001158
    1808        0.001142
    1809        0.001085
    1810        0.000940
    1811        0.000797
    1812       -0.000971
    1813       -0.001393
    1814       -0.003000
    1815       -0.000977
    1816        0.000304
    1817        0.000812
    1818        0.001112
    1819        0.001281
    1820        0.001360
    1821        0.001385
    1822        0.001361
    1823        0.001284
    1824        0.001117
    1825        0.000818
    1826        0.000309
    1827       -0.000961
    1828       -0.002971
    1829       -0.001524
    1830       -0.001026
    1831       -0.000134
    1832        0.000580
    1833        0.001037
    1834        0.001339
    1835        0.001504
    1836        0.001555
    1837        0.001500
    1838        0.001336
    1839        0.001040
    1840        0.000590
    1841       -0.000117
    1842       -0.000997
    1843       -0.001479
    1844       -0.002168
    1845       -0.001286
    1846       -0.000483
    1847        0.000262
    1848        0.000873
    1849        0.001313
    1850        0.001578
    1851        0.001662
    1852        0.001568
    1853        0.001303
    1854        0.000873
    1855        0.000277
    1856       -0.000455
    1857       -0.001246
    1858       -0.002103
    1859       -0.002489
    1860       -0.001721
    1861       -0.000908
    1862       -0.000107
    1863        0.000620
    1864        0.001205
    1865        0.001581
    1866        0.001703
    1867        0.001562
    1868        0.001185
    1869        0.000615
    1870       -0.000089
    1871       -0.000873
    1872       -0.001673
    1873       -0.002413
    1874       -0.002905
    1875       -0.002190
    1876       -0.001406
    1877       -0.000567
    1878        0.000275
    1879        0.001013
    1880        0.001511
    1881        0.001677
    1882        0.001488
    1883        0.000994
    1884        0.000286
    1885       -0.000533
    1886       -0.001368
    1887       -0.002144
    1888       -0.002829
    1889       -0.003245
    1890       -0.002704
    1891       -0.002014
    1892       -0.001157
    1893       -0.000198
    1894        0.000717
    1895        0.001370
    1896        0.001592
    1897        0.001344
    1898        0.000704
    1899       -0.000171
    1900       -0.001106
    1901       -0.001963
    1902       -0.002663
    1903       -0.003178
    1904       -0.003646
    1905       -0.003363
    1906       -0.002822
    1907       -0.001985
    1908       -0.000885
    1909        0.000281
    1910        0.001156
    1911        0.001454
    1912        0.001124
    1913        0.000264
    1914       -0.000853
    1915       -0.001921
    1916       -0.002764
    1917       -0.003328
    1918       -0.003598
    1919       -0.004288
    1920       -0.004262
    1921       -0.003981
    1922       -0.003214
    1923       -0.001938
    1924       -0.000371
    1925        0.000882
    1926        0.001280
    1927        0.000819
    1928       -0.000436
    1929       -0.001957
    1930       -0.003191
    1931       -0.003943
    1932       -0.004225
    1933       -0.004254
    1934       -0.004898
    1935       -0.005880
    1936       -0.005762
    1937       -0.005041
    1938       -0.003639
    1939       -0.001453
    1940        0.000605
    1941        0.001088
    1942        0.000466
    1943       -0.001660
    1944       -0.003816
    1945       -0.005133
    1946       -0.005786
    1947       -0.005869
    1948       -0.004900
    1949       -0.010112
    1950       -0.008277
    1951       -0.007839
    1952       -0.007343
    1953       -0.006335
    1954       -0.003916
    1955        0.000641
    1956        0.000894
    1957        0.000424
    1958       -0.004442
    1959       -0.006755
    1960       -0.007586
    1961       -0.007947
    1962       -0.008281
    1963       -0.010119
    1964       -0.000022
    1965        0.000679
    1966        0.000354
    1967       -0.000521
    1968        0.000445
    1969       -0.000143
    1970       -0.000560
    1971       -0.000016
    1972       -0.000341
    1973       -0.001038
    1974       -0.000503
    1975       -0.000947
    1976       -0.001120
    1977       -0.002964
    1978       -0.001078
    1979       -0.003759
    1980       -0.006512
    1981       -0.003740
    1982       -0.001385
    1983       -0.000965
    1984        0.000801
    1985        0.000938
    1986        0.001081
    1987        0.001137
    1988        0.001155
    1989        0.001162
    1990        0.001158
    1991        0.001142
    1992        0.001085
    1993        0.000940
    1994        0.000797
    1995       -0.000971
    1996       -0.001393
    1997       -0.003000
    1998       -0.000977
    1999        0.000304
    2000        0.000812
    2001        0.001112
    2002        0.001281
    2003        0.001360
    2004        0.001385
    2005        0.001361
    2006        0.001284
    2007        0.001117
    2008        0.000818
    2009        0.000309
    2010       -0.000961
    2011       -0.002971
    2012       -0.001524
    2013       -0.001026
    2014       -0.000134
    2015        0.000580
    2016        0.001037
    2017        0.001339
    2018        0.001504
    2019        0.001555
    2020        0.001500
    2021        0.001336
    2022        0.001040
    2023        0.000590
    2024       -0.000117
    2025       -0.000997
    2026       -0.001479
    2027       -0.002168
    2028       -0.001286
    2029       -0.000483
    2030        0.000262
    2031        0.000872
    2032        0.001310
    2033        0.001577
    2034        0.001662
    2035        0.001567
    2036        0.001300
    2037        0.000868
    2038        0.000274
    2039       -0.000456
    2040       -0.001246
    2041       -0.002103
    2042       -0.002489
    2043       -0.001721
    2044       -0.000908
    2045       -0.000109
    2046        0.000619
    2047        0.001205
    2048        0.001580
    2049        0.001703
    2050        0.001563
    2051        0.001187
    2052        0.000620
    2053       -0.000089
    2054       -0.000875
    2055       -0.001673
    2056       -0.002413
    2057       -0.002905
    2058       -0.002190
    2059       -0.001406
    2060       -0.000562
    2061        0.000278
    2062        0.001013
    2063        0.001512
    2064        0.001677
    2065        0.001488
    2066        0.000995
    2067        0.000288
    2068       -0.000530
    2069       -0.001363
    2070       -0.002143
    2071       -0.002829
    2072       -0.003245
    2073       -0.002704
    2074       -0.002014
    2075       -0.001156
    2076       -0.000197
    2077        0.000718
    2078        0.001370
    2079        0.001592
    2080        0.001344
    2081        0.000705
    2082       -0.000170
    2083       -0.001105
    2084       -0.001962
    2085       -0.002663
    2086       -0.003177
    2087       -0.003643
    2088       -0.003359
    2089       -0.002820
    2090       -0.001984
    2091       -0.000884
    2092        0.000282
    2093        0.001157
    2094        0.001454
    2095        0.001124
    2096        0.000264
    2097       -0.000853
    2098       -0.001921
    2099       -0.002764
    2100       -0.003323
    2101       -0.003596
    2102       -0.004291
    2103       -0.004264
    2104       -0.003981
    2105       -0.003214
    2106       -0.001937
    2107       -0.000371
    2108        0.000882
    2109        0.001280
    2110        0.000819
    2111       -0.000436
    2112       -0.001952
    2113       -0.003188
    2114       -0.003943
    2115       -0.004225
    2116       -0.004257
    2117       -0.004897
    2118       -0.005875
    2119       -0.005760
    2120       -0.005040
    2121       -0.003639
    2122       -0.001453
    2123        0.000605
    2124        0.001088
    2125        0.000466
    2126       -0.001660
    2127       -0.003809
    2128       -0.005135
    2129       -0.005786
    2130       -0.005869
    2131       -0.004900
    2132       -0.010115
    2133       -0.008276
    2134       -0.007838
    2135       -0.007343
    2136       -0.006334
    2137       -0.003916
    2138        0.000641
    2139        0.000894
    2140        0.000424
    2141       -0.004442
    2142       -0.006751
    2143       -0.007592
    2144       -0.007948
    2145       -0.008281
    2146       -0.010120
    2147       -0.000022
    2148        0.000679
    2149        0.000354
    2150       -0.000521
    2151        0.000445
    2152       -0.000144
    2153       -0.000560
    2154       -0.000016
    2155       -0.000341
    2156       -0.001038
    2157       -0.000503
    2158       -0.000947
    2159       -0.001119
    2160       -0.002964
    2161       -0.001078
    2162       -0.003759
    2163       -0.006512
    2164       -0.003740
    2165       -0.003663
    2166       -0.003426
    2167       -0.003150
    2168       -0.002875
    2169       -0.002648
    2170       -0.002480
    2171       -0.002378
    2172       -0.002345
    2173       -0.002380
    2174       -0.002483
    2175       -0.002651
    2176       -0.002877
    2177       -0.003150
    2178       -0.003426
    2179       -0.003663
    2180       -0.003719
    2181       -0.003514
    2182       -0.003274
    2183       -0.003050
    2184       -0.002873
    2185       -0.002750
    2186       -0.002679
    2187       -0.002658
    2188       -0.002682
    2189       -0.002754
    2190       -0.002879
    2191       -0.003056
    2192       -0.003277
    2193       -0.003517
    2194       -0.003721
    2195       -0.003796
    2196       -0.003569
    2197       -0.003348
    2198       -0.003163
    2199       -0.003031
    2200       -0.002951
    2201       -0.002913
    2202       -0.002902
    2203       -0.002915
    2204       -0.002956
    2205       -0.003039
    2206       -0.003172
    2207       -0.003356
    2208       -0.003576
    2209       -0.003804
    2210       -0.003794
    2211       -0.003547
    2212       -0.003344
    2213       -0.003203
    2214       -0.003125
    2215       -0.003095
    2216       -0.003091
    2217       -0.003092
    2218       -0.003092
    2219       -0.003099
    2220       -0.003133
    2221       -0.003215
    2222       -0.003356
    2223       -0.003560
    2224       -0.003812
    2225       -0.003696
    2226       -0.003423
    2227       -0.003250
    2228       -0.003168
    2229       -0.003159
    2230       -0.003190
    2231       -0.003227
    2232       -0.003243
    2233       -0.003227
    2234       -0.003194
    2235       -0.003170
    2236       -0.003184
    2237       -0.003265
    2238       -0.003440
    2239       -0.003724
    2240       -0.003448
    2241       -0.003172
    2242       -0.003054
    2243       -0.003060
    2244       -0.003140
    2245       -0.003246
    2246       -0.003333
    2247       -0.003365
    2248       -0.003332
    2249       -0.003250
    2250       -0.003150
    2251       -0.003075
    2252       -0.003069
    2253       -0.003187
    2254       -0.003485
    2255       -0.002997
    2256       -0.002752
    2257       -0.002746
    2258       -0.002883
    2259       -0.003085
    2260       -0.003283
    2261       -0.003423
    2262       -0.003472
    2263       -0.003422
    2264       -0.003286
    2265       -0.003099
    2266       -0.002905
    2267       -0.002760
    2268       -0.002760
    2269       -0.003032
    2270       -0.002212
    2271       -0.002151
    2272       -0.002381
    2273       -0.002718
    2274       -0.003053
    2275       -0.003332
    2276       -0.003518
    2277       -0.003580
    2278       -0.003511
    2279       -0.003323
    2280       -0.003050
    2281       -0.002727
    2282       -0.002390
    2283       -0.002152
    2284       -0.002238
    2285       -0.001124
    2286       -0.001615
    2287       -0.002301
    2288       -0.002810
    2289       -0.003183
    2290       -0.003459
    2291       -0.003642
    2292       -0.003700
    2293       -0.003619
    2294       -0.003421
    2295       -0.003147
    2296       -0.002791
    2297       -0.002311
    2298       -0.001647
    2299       -0.001152
    2300       -0.000199
    2301       -0.002419
    2302       -0.003251
    2303       -0.003601
    2304       -0.003754
    2305       -0.003781
    2306       -0.003804
    2307       -0.003834
    2308       -0.003767
    2309       -0.003717
    2310       -0.003701
    2311       -0.003577
    2312       -0.003267
    2313       -0.002478
    2314       -0.000246
    2315       -0.003081
    2316       -0.005578
    2317       -0.005432
    2318       -0.005317
    2319       -0.005081
    2320       -0.004606
    2321       -0.003946
    2322       -0.003971
    2323       -0.003917
    2324       -0.004591
    2325       -0.005113
    2326       -0.005368
    2327       -0.005473
    2328       -0.005616
    2329       -0.003117
    2330       -0.004519
    2331       -0.004103
    2332       -0.004437
    2333       -0.004891
    2334       -0.004301
    2335       -0.004791
    2336       -0.005242
    2337       -0.004502
    2338       -0.005161
    2339       -0.005503
    2340       -0.005039
    2341       -0.005438
    2342       -0.006405
    2343       -0.005253
    2344       -0.006422
    2345       -0.003876
    2346       -0.002308
    2347       -0.003881
    2348       -0.003827
    2349       -0.004065
    2350       -0.004722
    2351       -0.005741
    2352       -0.006914
    2353       -0.008131
    2354       -0.009347
    2355       -0.010561
    2356       -0.011770
    2357       -0.012983
    2358       -0.014190
    2359       -0.015408
    2360       -0.016602
    2361       -0.017838
    2362       -0.019013
    2363       -0.020199
    2364       -0.021579
    2365       -0.022188
    2366       -0.022016
    2367       -0.022041
    2368       -0.022077
    2369       -0.022052
    2370       -0.022069
    2371       -0.022062
    2372       -0.022066
    2373       -0.022066
    2374       -0.022062
    2375       -0.022069
    2376       -0.022052
    2377       -0.022077
    2378       -0.022041
    2379       -0.022016
    2380       -0.022188
    2381       -0.021579
    2382       -0.020199
    2383       -0.019013
    2384       -0.017838
    2385       -0.016602
    2386       -0.015408
    2387       -0.014190
    2388       -0.012983
    2389       -0.011770
    2390       -0.010561
    2391       -0.009347
    2392       -0.008131
    2393       -0.006914
    2394       -0.005741
    2395       -0.004722
    2396       -0.004065
    2397       -0.003827
    2398       -0.003937
    2399       -0.004229
    2400       -0.004886
    2401       -0.005847
    2402       -0.006963
    2403       -0.008146
    2404       -0.009350
    2405       -0.010559
    2406       -0.011771
    2407       -0.012981
    2408       -0.014194
    2409       -0.015400
    2410       -0.016608
    2411       -0.017811
    2412       -0.018973
    2413       -0.020119
    2414       -0.021246
    2415       -0.021853
    2416       -0.021937
    2417       -0.022000
    2418       -0.022050
    2419       -0.022058
    2420       -0.022062
    2421       -0.022066
    2422       -0.022065
    2423       -0.022065
    2424       -0.022066
    2425       -0.022062
    2426       -0.022058
    2427       -0.022050
    2428       -0.022000
    2429       -0.021937
    2430       -0.021853
    2431       -0.021246
    2432       -0.020119
    2433       -0.018973
    2434       -0.017811
    2435       -0.016608
    2436       -0.015400
    2437       -0.014194
    2438       -0.012981
    2439       -0.011771
    2440       -0.010559
    2441       -0.009350
    2442       -0.008146
    2443       -0.006963
    2444       -0.005847
    2445       -0.004886
    2446       -0.004229
    2447       -0.003937
    2448       -0.004018
    2449       -0.004336
    2450       -0.005008
    2451       -0.005934
    2452       -0.007007
    2453       -0.008162
    2454       -0.009354
    2455       -0.010560
    2456       -0.011770
    2457       -0.012982
    2458       -0.014192
    2459       -0.015401
    2460       -0.016604
    2461       -0.017793
    2462       -0.018934
    2463       -0.020033
    2464       -0.021002
    2465       -0.021608
    2466       -0.021850
    2467       -0.021962
    2468       -0.022032
    2469       -0.022054
    2470       -0.022062
    2471       -0.022065
    2472       -0.022065
    2473       -0.022065
    2474       -0.022065
    2475       -0.022062
    2476       -0.022054
    2477       -0.022032
    2478       -0.021962
    2479       -0.021850
    2480       -0.021608
    2481       -0.021002
    2482       -0.020033
    2483       -0.018934
    2484       -0.017793
    2485       -0.016604
    2486       -0.015401
    2487       -0.014192
    2488       -0.012982
    2489       -0.011770
    2490       -0.010560
    2491       -0.009354
    2492       -0.008162
    2493       -0.007007
    2494       -0.005934
    2495       -0.005008
    2496       -0.004336
    2497       -0.004018
    2498       -0.004079
    2499       -0.004400
    2500       -0.005095
    2501       -0.006001
    2502       -0.007044
    2503       -0.008177
    2504       -0.009358
    2505       -0.010560
    2506       -0.011770
    2507       -0.012981
    2508       -0.014192
    2509       -0.015400
    2510       -0.016600
    2511       -0.017778
    2512       -0.018902
    2513       -0.019953
    2514       -0.020828
    2515       -0.021434
    2516       -0.021770
    2517       -0.021930
    2518       -0.022017
    2519       -0.022050
    2520       -0.022061
    2521       -0.022065
    2522       -0.022066
    2523       -0.022066
    2524       -0.022065
    2525       -0.022061
    2526       -0.022050
    2527       -0.022017
    2528       -0.021930
    2529       -0.021770
    2530       -0.021434
    2531       -0.020828
    2532       -0.019953
    2533       -0.018902
    2534       -0.017778
    2535       -0.016600
    2536       -0.015400
    2537       -0.014192
    2538       -0.012981
    2539       -0.011770
    2540       -0.010560
    2541       -0.009358
    2542       -0.008177
    2543       -0.007044
    2544       -0.006001
    2545       -0.005095
    2546       -0.004400
    2547       -0.004079
    2548       -0.004121
    2549       -0.004437
    2550       -0.005153
    2551       -0.006048
    2552       -0.007071
    2553       -0.008188
    2554       -0.009361
    2555       -0.010560
    2556       -0.011769
    2557       -0.012981
    2558       -0.014192
    2559       -0.015399
    2560       -0.016597
    2561       -0.017767
    2562       -0.018877
    2563       -0.019892
    2564       -0.020712
    2565       -0.021317
    2566       -0.021709
    2567       -0.021905
    2568       -0.022006
    2569       -0.022047
    2570       -0.022061
    2571       -0.022065
    2572       -0.022066
    2573       -0.022066
    2574       -0.022065
    2575       -0.022061
    2576       -0.022047
    2577       -0.022006
    2578       -0.021905
    2579       -0.021709
    2580       -0.021317
    2581       -0.020712
    2582       -0.019892
    2583       -0.018877
    2584       -0.017767
    2585       -0.016597
    2586       -0.015399
    2587       -0.014192
    2588       -0.012981
    2589       -0.011769
    2590       -0.010560
    2591       -0.009361
    2592       -0.008188
    2593       -0.007071
    2594       -0.006048
    2595       -0.005153
    2596       -0.004437
    2597       -0.004121
    2598       -0.004145
    2599       -0.004455
    2600       -0.005185
    2601       -0.006076
    2602       -0.007088
    2603       -0.008195
    2604       -0.009363
    2605       -0.010560
    2606       -0.011769
    2607       -0.012981
    2608       -0.014192
    2609       -0.015399
    2610       -0.016595
    2611       -0.017760
    2612       -0.018861
    2613       -0.019853
    2614       -0.020645
    2615       -0.021250
    2616       -0.021670
    2617       -0.021889
    2618       -0.022000
    2619       -0.022045
    2620       -0.022060
    2621       -0.022065
    2622       -0.022066
    2623       -0.022066
    2624       -0.022065
    2625       -0.022060
    2626       -0.022045
    2627       -0.022000
    2628       -0.021889
    2629       -0.021670
    2630       -0.021250
    2631       -0.020645
    2632       -0.019853
    2633       -0.018861
    2634       -0.017760
    2635       -0.016595
    2636       -0.015399
    2637       -0.014192
    2638       -0.012981
    2639       -0.011769
    2640       -0.010560
    2641       -0.009363
    2642       -0.008195
    2643       -0.007088
    2644       -0.006076
    2645       -0.005185
    2646       -0.004455
    2647       -0.004145
    2648       -0.004154
    2649       -0.004460
    2650       -0.005196
    2651       -0.006085
    2652       -0.007094
    2653       -0.008198
    2654       -0.009363
    2655       -0.010560
    2656       -0.011769
    2657       -0.012981
    2658       -0.014192
    2659       -0.015399
    2660       -0.016594
    2661       -0.017758
    2662       -0.018855
    2663       -0.019841
    2664       -0.020623
    2665       -0.021228
    2666       -0.021657
    2667       -0.021883
    2668       -0.021997
    2669       -0.022044
    2670       -0.022060
    2671       -0.022065
    2672       -0.022066
    2673       -0.022066
    2674       -0.022065
    2675       -0.022060
    2676       -0.022044
    2677       -0.021997
    2678       -0.021883
    2679       -0.021657
    2680       -0.021228
    2681       -0.020623
    2682       -0.019841
    2683       -0.018855
    2684       -0.017758
    2685       -0.016594
    2686       -0.015399
    2687       -0.014192
    2688       -0.012981
    2689       -0.011769
    2690       -0.010560
    2691       -0.009363
    2692       -0.008198
    2693       -0.007094
    2694       -0.006085
    2695       -0.005196
    2696       -0.004460
    2697       -0.004154
    2698       -0.004145
    2699       -0.004455
    2700       -0.005185
    2701       -0.006076
    2702       -0.007088
    2703       -0.008195
    2704       -0.009363
    2705       -0.010560
    2706       -0.011769
    2707       -0.012981
    2708       -0.014192
    2709       -0.015399
    2710       -0.016595
    2711       -0.017760
    2712       -0.018861
    2713       -0.019853
    2714       -0.020645
    2715       -0.021250
    2716       -0.021670
    2717       -0.021889
    2718       -0.022000
    2719       -0.022045
    2720       -0.022060
    2721       -0.022065
    2722       -0.022066
    2723       -0.022066
    2724       -0.022065
    2725       -0.022060
    2726       -0.022045
    2727       -0.022000
    2728       -0.021889
    2729       -0.021670
    2730       -0.021250
    2731       -0.020645
    2732       -0.019853
    2733       -0.018861
    2734       -0.017760
    2735       -0.016595
    2736       -0.015399
    2737       -0.014192
    2738       -0.012981
    2739       -0.011769
    2740       -0.010560
    2741       -0.009363
    2742       -0.008195
    2743       -0.007088
    2744       -0.006076
    2745       -0.005185
    2746       -0.004455
    2747       -0.004145
    2748       -0.004121
    2749       -0.004437
    2750       -0.005153
    2751       -0.006048
    2752       -0.007071
    2753       -0.008188
    2754       -0.009361
    2755       -0.010560
    2756       -0.011769
    2757       -0.012981
    2758       -0.014192
    2759       -0.015399
    2760       -0.016597
    2761       -0.017767
    2762       -0.018877
    2763       -0.019892
    2764       -0.020712
    2765       -0.021317
    2766       -0.021709
    2767       -0.021905
    2768       -0.022006
    2769       -0.022047
    2770       -0.022061
    2771       -0.022065
    2772       -0.022066
    2773       -0.022066
    2774       -0.022065
    2775       -0.022061
    2776       -0.022047
    2777       -0.022006
    2778       -0.021905
    2779       -0.021709
    2780       -0.021317
    2781       -0.020712
    2782       -0.019892
    2783       -0.018877
    2784       -0.017767
    2785       -0.016597
    2786       -0.015399
    2787       -0.014192
    2788       -0.012981
    2789       -0.011769
    2790       -0.010560
    2791       -0.009361
    2792       -0.008188
    2793       -0.007071
    2794       -0.006048
    2795       -0.005153
    2796       -0.004437
    2797       -0.004121
    2798       -0.004079
    2799       -0.004400
    2800       -0.005095
    2801       -0.006001
    2802       -0.007044
    2803       -0.008177
    2804       -0.009358
    2805       -0.010560
    2806       -0.011770
    2807       -0.012981
    2808       -0.014192
    2809       -0.015400
    2810       -0.016600
    2811       -0.017778
    2812       -0.018902
    2813       -0.019953
    2814       -0.020828
    2815       -0.021434
    2816       -0.021770
    2817       -0.021930
    2818       -0.022017
    2819       -0.022050
    2820       -0.022061
    2821       -0.022065
    2822       -0.022066
    2823       -0.022066
    2824       -0.022065
    2825       -0.022061
    2826       -0.022050
    2827       -0.022017
    2828       -0.021930
    2829       -0.021770
    2830       -0.021434
    2831       -0.020828
    2832       -0.019953
    2833       -0.018902
    2834       -0.017778
    2835       -0.016600
    2836       -0.015400
    2837       -0.014192
    2838       -0.012981
    2839       -0.011770
    2840       -0.010560
    2841       -0.009358
    2842       -0.008177
    2843       -0.007044
    2844       -0.006001
    2845       -0.005095
    2846       -0.004400
    2847       -0.004079
    2848       -0.004018
    2849       -0.004336
    2850       -0.005008
    2851       -0.005934
    2852       -0.007007
    2853       -0.008162
    2854       -0.009354
    2855       -0.010560
    2856       -0.011770
    2857       -0.012982
    2858       -0.014192
    2859       -0.015401
    2860       -0.016604
    2861       -0.017793
    2862       -0.018934
    2863       -0.020033
    2864       -0.021002
    2865       -0.021608
    2866       -0.021850
    2867       -0.021962
    2868       -0.022032
    2869       -0.022054
    2870       -0.022062
    2871       -0.022065
    2872       -0.022065
    2873       -0.022065
    2874       -0.022065
    2875       -0.022062
    2876       -0.022054
    2877       -0.022032
    2878       -0.021962
    2879       -0.021850
    2880       -0.021608
    2881       -0.021002
    2882       -0.020033
    2883       -0.018934
    2884       -0.017793
    2885       -0.016604
    2886       -0.015401
    2887       -0.014192
    2888       -0.012982
    2889       -0.011770
    2890       -0.010560
    2891       -0.009354
    2892       -0.008162
    2893       -0.007007
    2894       -0.005934
    2895       -0.005008
    2896       -0.004336
    2897       -0.004018
    2898       -0.003937
    2899       -0.004229
    2900       -0.004886
    2901       -0.005847
    2902       -0.006963
    2903       -0.008146
    2904       -0.009350
    2905       -0.010559
    2906       -0.011771
    2907       -0.012981
    2908       -0.014194
    2909       -0.015400
    2910       -0.016608
    2911       -0.017811
    2912       -0.018973
    2913       -0.020119
    2914       -0.021246
    2915       -0.021853
    2916       -0.021937
    2917       -0.022000
    2918       -0.022050
    2919       -0.022058
    2920       -0.022062
    2921       -0.022066
    2922       -0.022065
    2923       -0.022065
    2924       -0.022066
    2925       -0.022062
    2926       -0.022058
    2927       -0.022050
    2928       -0.022000
    2929       -0.021937
    2930       -0.021853
    2931       -0.021246
    2932       -0.020119
    2933       -0.018973
    2934       -0.017811
    2935       -0.016608
    2936       -0.015400
    2937       -0.014194
    2938       -0.012981
    2939       -0.011771
    2940       -0.010559
    2941       -0.009350
    2942       -0.008146
    2943       -0.006963
    2944       -0.005847
    2945       -0.004886
    2946       -0.004229
    2947       -0.003937
    2948       -0.003827
    2949       -0.004065
    2950       -0.004722
    2951       -0.005741
    2952       -0.006914
    2953       -0.008131
    2954       -0.009347
    2955       -0.010561
    2956       -0.011770
    2957       -0.012983
    2958       -0.014190
    2959       -0.015408
    2960       -0.016602
    2961       -0.017838
    2962       -0.019013
    2963       -0.020199
    2964       -0.021579
    2965       -0.022188
    2966       -0.022016
    2967       -0.022041
    2968       -0.022077
    2969       -0.022052
    2970       -0.022069
    2971       -0.022062
    2972       -0.022066
    2973       -0.022066
    2974       -0.022062
    2975       -0.022069
    2976       -0.022052
    2977       -0.022077
    2978       -0.022041
    2979       -0.022016
    2980       -0.022188
    2981       -0.021579
    2982       -0.020199
    2983       -0.019013
    2984       -0.017838
    2985       -0.016602
    2986       -0.015408
    2987       -0.014190
    2988       -0.012983
    2989       -0.011770
    2990       -0.010561
    2991       -0.009347
    2992       -0.008131
    2993       -0.006914
    2994       -0.005741
    2995       -0.004722
    2996       -0.004065
    2997       -0.003827
    2998       -0.003676
    2999       -0.003822
    3000       -0.004510
    3001       -0.005614
    3002       -0.006865
    3003       -0.008117
    3004       -0.009346
    3005       -0.010561
    3006       -0.011772
    3007       -0.012982
    3008       -0.014193
    3009       -0.015401
    3010       -0.016623
    3011       -0.017815
    3012       -0.019123
    3013       -0.020197
    3014       -0.022044
    3015       -0.022654
    3016       -0.022012
    3017       -0.022151
    3018       -0.022054
    3019       -0.022073
    3020       -0.022062
    3021       -0.022065
    3022       -0.022064
    3023       -0.022064
    3024       -0.022065
    3025       -0.022062
    3026       -0.022073
    3027       -0.022054
    3028       -0.022151
    3029       -0.022012
    3030       -0.022654
    3031       -0.022044
    3032       -0.020197
    3033       -0.019123
    3034       -0.017815
    3035       -0.016623
    3036       -0.015401
    3037       -0.014193
    3038       -0.012982
    3039       -0.011772
    3040       -0.010561
    3041       -0.009346
    3042       -0.008117
    3043       -0.006865
    3044       -0.005614
    3045       -0.004510
    3046       -0.003822
    3047       -0.003676
    3048       -0.003688
    3049       -0.003798
    3050       -0.004425
    3051       -0.005560
    3052       -0.006847
    3053       -0.008116
    3054       -0.009348
    3055       -0.010563
    3056       -0.011773
    3057       -0.012982
    3058       -0.014192
    3059       -0.015403
    3060       -0.016613
    3061       -0.017839
    3062       -0.019060
    3063       -0.020422
    3064       -0.022104
    3065       -0.022711
    3066       -0.022238
    3067       -0.022088
    3068       -0.022078
    3069       -0.022063
    3070       -0.022064
    3071       -0.022064
    3072       -0.022064
    3073       -0.022064
    3074       -0.022064
    3075       -0.022064
    3076       -0.022063
    3077       -0.022078
    3078       -0.022088
    3079       -0.022238
    3080       -0.022711
    3081       -0.022104
    3082       -0.020422
    3083       -0.019060
    3084       -0.017839
    3085       -0.016613
    3086       -0.015403
    3087       -0.014192
    3088       -0.012982
    3089       -0.011773
    3090       -0.010563
    3091       -0.009348
    3092       -0.008116
    3093       -0.006847
    3094       -0.005560
    3095       -0.004425
    3096       -0.003798
    3097       -0.003688
    3098       -0.003719
    3099       -0.003648
    3100       -0.003680
    3101       -0.003613
    3102       -0.003494
    3103       -0.003442
    3104       -0.003157
    3105       -0.003114
    3106       -0.002772
    3107       -0.002753
    3108       -0.002391
    3109       -0.002385
    3110       -0.002021
    3111       -0.002020
    3112       -0.001657
    3113       -0.001657
    3114       -0.001294
    3115       -0.001294
    3116       -0.000930
    3117       -0.000930
    3118       -0.000569
    3119       -0.000570
    3120       -0.000203
    3121       -0.000201
    3122        0.000156
    3123        0.000148
    3124        0.000531
    3125        0.000532
    3126        0.000884
    3127        0.000883
    3128        0.001318
    3129        0.001121
    3130        0.001788
    3131        0.002288
    3132        0.001970
    3133        0.002469
    3134        0.001863
    3135        0.001666
    3136        0.001792
    3137        0.001791
    3138        0.001803
    3139        0.001804
    3140        0.001791
    3141        0.001783
    3142        0.001795
    3143        0.001797
    3144        0.001793
    3145        0.001792
    3146        0.001794
    3147        0.001794
    3148        0.001794
    3149        0.001794
    3150        0.001793
    3151        0.001792
    3152        0.001795
    3153        0.001797
    3154        0.001791
    3155        0.001783
    3156        0.001803
    3157        0.001804
    3158        0.001792
    3159        0.001791
    3160        0.001863
    3161        0.001666
    3162        0.001970
    3163        0.002469
    3164        0.001788
    3165        0.002288
    3166        0.001318
    3167        0.001121
    3168        0.000884
    3169        0.000883
    3170        0.000531
    3171        0.000532
    3172        0.000156
    3173        0.000148
    3174       -0.000203
    3175       -0.000201
    3176       -0.000569
    3177       -0.000570
    3178       -0.000930
    3179       -0.000930
    3180       -0.001294
    3181       -0.001294
    3182       -0.001657
    3183       -0.001657
    3184       -0.002020
    3185       -0.002021
    3186       -0.002385
    3187       -0.002391
    3188       -0.002772
    3189       -0.002753
    3190       -0.003157
    3191       -0.003114
    3192       -0.003494
    3193       -0.003442
    3194       -0.003680
    3195       -0.003613
    3196       -0.003720
    3197       -0.003648


                                                      SUMMARY INFORMATION
                                                  _________________________

                                                         Min/Max Values
    -Source ID--Entity ID---Sub ID----X Component--
Min:     1       1450          0        -0.042322
Max:     1        732          0         0.018660

