




                       MSC.Patran 25.0.638960 Wed Mar 13 09:21:55 PDT 2019 - Analysis Code: MSC.Nastran 
                                             Load Case: Default, A1:Static Subcase 
                                         Result Strain Tensor,  - Layer (NON-LAYERED) 
                                                     Entity: Element Tensor


-Entity ID--X Component--
       1       -0.003748
       2       -0.003848
       3       -0.004448
       4       -0.005457
       5       -0.006849
       6        0.010005
       7       -0.001345
       8       -0.010587
       9       -0.019828
      10       -0.031205
      11       -0.014262
      12       -0.015585
      13       -0.016676
      14       -0.017875
      15       -0.019066
      16       -0.020421
      17       -0.022101
      18       -0.022711
      19       -0.022244
      20       -0.022099
      21       -0.022094
      22       -0.022084
      23       -0.022088
      24       -0.022092
      25       -0.022096
      26       -0.022099
      27       -0.022101
      28       -0.022103
      29       -0.022105
      30       -0.022122
      31       -0.022134
      32       -0.022286
      33       -0.022760
      34       -0.022154
      35       -0.020472
      36       -0.019110
      37       -0.017889
      38       -0.016662
      39       -0.015452
      40       -0.014241
      41       -0.013031
      42       -0.011821
      43       -0.010612
      44       -0.009397
      45       -0.008164
      46       -0.006895
      47       -0.005606
      48       -0.004467
      49       -0.003837
      50       -0.003732
      51       -0.003710
      52       -0.004188
      53       -0.004772
      54       -0.006392
      55       -0.004651
      56        0.006033
      57       -0.004156
      58       -0.010592
      59       -0.017026
      60       -0.027258
      61       -0.016471
      62       -0.014566
      63       -0.016017
      64       -0.016723
      65       -0.017813
      66       -0.019123
      67       -0.020135
      68       -0.020621
      69       -0.020670
      70       -0.020307
      71       -0.020301
      72       -0.020266
      73       -0.020265
      74       -0.020265
      75       -0.020267
      76       -0.020269
      77       -0.020272
      78       -0.020275
      79       -0.020282
      80       -0.020321
      81       -0.020333
      82       -0.020699
      83       -0.020661
      84       -0.020166
      85       -0.019173
      86       -0.017797
      87       -0.016766
      88       -0.015714
      89       -0.014691
      90       -0.013673
      91       -0.012656
      92       -0.011640
      93       -0.010623
      94       -0.009600
      95       -0.008557
      96       -0.007465
      97       -0.006287
      98       -0.005089
      99       -0.004137
     100       -0.003756
     101       -0.003992
     102       -0.004840
     103       -0.006086
     104       -0.006978
     105       -0.003864
     106       -0.002321
     107       -0.004484
     108       -0.010619
     109       -0.016768
     110       -0.018915
     111       -0.017274
     112       -0.013845
     113       -0.014101
     114       -0.014621
     115       -0.015153
     116       -0.016539
     117       -0.016139
     118       -0.016445
     119       -0.017466
     120       -0.016699
     121       -0.016687
     122       -0.016621
     123       -0.016610
     124       -0.016606
     125       -0.016606
     126       -0.016607
     127       -0.016609
     128       -0.016616
     129       -0.016628
     130       -0.016697
     131       -0.016711
     132       -0.017483
     133       -0.016461
     134       -0.016160
     135       -0.016542
     136       -0.015144
     137       -0.014503
     138       -0.013807
     139       -0.013168
     140       -0.012534
     141       -0.011906
     142       -0.011278
     143       -0.010650
     144       -0.010012
     145       -0.009354
     146       -0.008623
     147       -0.007686
     148       -0.006400
     149       -0.004959
     150       -0.003987
     151       -0.004204
     152       -0.005573
     153       -0.007436
     154       -0.007384
     155       -0.006093
     156       -0.005515
     157       -0.006740
     158       -0.010652
     159       -0.014562
     160       -0.015762
     161       -0.015069
     162       -0.013332
     163       -0.012208
     164       -0.012379
     165       -0.012697
     166       -0.013354
     167       -0.012666
     168       -0.012783
     169       -0.013690
     170       -0.013259
     171       -0.013004
     172       -0.012995
     173       -0.012948
     174       -0.012950
     175       -0.012944
     176       -0.012944
     177       -0.012949
     178       -0.012947
     179       -0.012994
     180       -0.013003
     181       -0.013258
     182       -0.013690
     183       -0.012783
     184       -0.012666
     185       -0.013336
     186       -0.012661
     187       -0.012168
     188       -0.011920
     189       -0.011635
     190       -0.011399
     191       -0.011155
     192       -0.010917
     193       -0.010676
     194       -0.010428
     195       -0.010156
     196       -0.009795
     197       -0.009118
     198       -0.007759
     199       -0.005783
     200       -0.004206
     201       -0.004393
     202       -0.006538
     203       -0.008626
     204       -0.008794
     205       -0.008057
     206       -0.007900
     207       -0.008487
     208       -0.010681
     209       -0.012867
     210       -0.013425
     211       -0.013140
     212       -0.011891
     213       -0.010561
     214       -0.010074
     215       -0.010115
     216       -0.010153
     217       -0.009343
     218       -0.009255
     219       -0.009919
     220       -0.009656
     221       -0.009389
     222       -0.009327
     223       -0.009301
     224       -0.009286
     225       -0.009284
     226       -0.009283
     227       -0.009282
     228       -0.009295
     229       -0.009318
     230       -0.009377
     231       -0.009642
     232       -0.009902
     233       -0.009240
     234       -0.009318
     235       -0.010128
     236       -0.010018
     237       -0.009901
     238       -0.009992
     239       -0.010119
     240       -0.010255
     241       -0.010407
     242       -0.010555
     243       -0.010704
     244       -0.010844
     245       -0.010960
     246       -0.010983
     247       -0.010613
     248       -0.009245
     249       -0.006707
     250       -0.004450
     251       -0.004733
     252       -0.007624
     253       -0.010211
     254       -0.010516
     255       -0.009978
     256       -0.009761
     257       -0.009833
     258       -0.010708
     259       -0.011578
     260       -0.011612
     261       -0.011275
     262       -0.010204
     263       -0.008748
     264       -0.007832
     265       -0.007401
     266       -0.006994
     267       -0.006065
     268       -0.005793
     269       -0.006160
     270       -0.005984
     271       -0.005755
     272       -0.005672
     273       -0.005642
     274       -0.005628
     275       -0.005622
     276       -0.005620
     277       -0.005620
     278       -0.005630
     279       -0.005654
     280       -0.005732
     281       -0.005955
     282       -0.006128
     283       -0.005758
     284       -0.006028
     285       -0.006938
     286       -0.007302
     287       -0.007616
     288       -0.008076
     289       -0.008590
     290       -0.009119
     291       -0.009655
     292       -0.010194
     293       -0.010731
     294       -0.011264
     295       -0.011765
     296       -0.012183
     297       -0.012189
     298       -0.010946
     299       -0.007852
     300       -0.004762
     301       -0.005179
     302       -0.009111
     303       -0.012191
     304       -0.012461
     305       -0.011799
     306       -0.011337
     307       -0.010876
     308       -0.010737
     309       -0.010588
     310       -0.010096
     311       -0.009509
     312       -0.008386
     313       -0.006826
     314       -0.005553
     315       -0.004656
     316       -0.003827
     317       -0.002810
     318       -0.002340
     319       -0.002411
     320       -0.002269
     321       -0.002103
     322       -0.002015
     323       -0.001982
     324       -0.001968
     325       -0.001961
     326       -0.001958
     327       -0.001957
     328       -0.001964
     329       -0.001990
     330       -0.002069
     331       -0.002227
     332       -0.002361
     333       -0.002288
     334       -0.002752
     335       -0.003753
     336       -0.004545
     337       -0.005313
     338       -0.006159
     339       -0.007060
     340       -0.007978
     341       -0.008906
     342       -0.009831
     343       -0.010760
     344       -0.011682
     345       -0.012578
     346       -0.013385
     347       -0.013853
     348       -0.012940
     349       -0.009382
     350       -0.005203
     351       -0.005873
     352       -0.011200
     353       -0.014639
     354       -0.014497
     355       -0.013559
     356       -0.012721
     357       -0.011736
     358       -0.010756
     359       -0.009798
     360       -0.008763
     361       -0.007821
     362       -0.006515
     363       -0.004816
     364       -0.003236
     365       -0.001889
     366       -0.000643
     367        0.000465
     368        0.001130
     369        0.001356
     370        0.001464
     371        0.001565
     372        0.001645
     373        0.001679
     374        0.001692
     375        0.001700
     376        0.001705
     377        0.001707
     378        0.001703
     379        0.001679
     380        0.001609
     381        0.001520
     382        0.001421
     383        0.001201
     384        0.000542
     385       -0.000552
     386       -0.001769
     387       -0.002994
     388       -0.004240
     389       -0.005528
     390       -0.006841
     391       -0.008151
     392       -0.009475
     393       -0.010780
     394       -0.012110
     395       -0.013387
     396       -0.014599
     397       -0.015554
     398       -0.015316
     399       -0.011507
     400       -0.005894
     401       -0.006936
     402       -0.014307
     403       -0.017457
     404       -0.016590
     405       -0.015225
     406       -0.014050
     407       -0.012441
     408       -0.010803
     409       -0.009104
     410       -0.007550
     411       -0.006183
     412       -0.004629
     413       -0.002748
     414       -0.000887
     415        0.000880
     416        0.002576
     417        0.003793
     418        0.004652
     419        0.005157
     420        0.005198
     421        0.005241
     422        0.005311
     423        0.005341
     424        0.005353
     425        0.005362
     426        0.005368
     427        0.005370
     428        0.005370
     429        0.005353
     430        0.005296
     431        0.005268
     432        0.005240
     433        0.004741
     434        0.003890
     435        0.002684
     436        0.001009
     437       -0.000667
     438       -0.002312
     439       -0.003999
     440       -0.005698
     441       -0.007407
     442       -0.009103
     443       -0.010829
     444       -0.012495
     445       -0.014253
     446       -0.015774
     447       -0.017291
     448       -0.018004
     449       -0.014642
     450       -0.006955
     451       -0.009121
     452       -0.018601
     453       -0.020769
     454       -0.018330
     455       -0.017127
     456       -0.015172
     457       -0.013179
     458       -0.010803
     459       -0.008487
     460       -0.006379
     461       -0.004581
     462       -0.002744
     463       -0.000647
     464        0.001486
     465        0.003631
     466        0.005837
     467        0.007217
     468        0.008273
     469        0.008999
     470        0.008914
     471        0.008924
     472        0.008988
     473        0.008997
     474        0.009017
     475        0.009023
     476        0.009030
     477        0.009038
     478        0.009032
     479        0.009038
     480        0.008990
     481        0.008997
     482        0.009099
     483        0.008383
     484        0.007335
     485        0.005962
     486        0.003765
     487        0.001668
     488       -0.000376
     489       -0.002471
     490       -0.004557
     491       -0.006651
     492       -0.008754
     493       -0.010830
     494       -0.012969
     495       -0.014958
     496       -0.017225
     497       -0.018667
     498       -0.021153
     499       -0.018958
     500       -0.009147
     501       -0.011828
     502       -0.026407
     503       -0.022435
     504       -0.020900
     505       -0.018626
     506       -0.016476
     507       -0.013829
     508       -0.010841
     509       -0.007859
     510       -0.005211
     511       -0.002993
     512       -0.000856
     513        0.001435
     514        0.003912
     515        0.006323
     516        0.009109
     517        0.010822
     518        0.012069
     519        0.012857
     520        0.012569
     521        0.012656
     522        0.012640
     523        0.012668
     524        0.012675
     525        0.012686
     526        0.012694
     527        0.012699
     528        0.012709
     529        0.012698
     530        0.012732
     531        0.012664
     532        0.012974
     533        0.012201
     534        0.010964
     535        0.009253
     536        0.006462
     537        0.004050
     538        0.001536
     539       -0.000931
     540       -0.003421
     541       -0.005900
     542       -0.008390
     543       -0.010868
     544       -0.013357
     545       -0.015851
     546       -0.018268
     547       -0.020915
     548       -0.022590
     549       -0.026822
     550       -0.011825
     551       -0.028351
     552       -0.030384
     553       -0.025421
     554       -0.022960
     555       -0.020280
     556       -0.017800
     557       -0.014515
     558       -0.010890
     559       -0.007182
     560       -0.003999
     561       -0.001385
     562        0.000999
     563        0.003530
     564        0.006262
     565        0.009172
     566        0.012057
     567        0.014839
     568        0.016281
     569        0.016390
     570        0.016382
     571        0.016317
     572        0.016320
     573        0.016330
     574        0.016336
     575        0.016348
     576        0.016357
     577        0.016364
     578        0.016376
     579        0.016386
     580        0.016403
     581        0.016490
     582        0.016522
     583        0.016439
     584        0.015008
     585        0.012217
     586        0.009318
     587        0.006360
     588        0.003477
     589        0.000597
     590       -0.002277
     591       -0.005156
     592       -0.008015
     593       -0.010918
     594       -0.013739
     595       -0.016710
     596       -0.019458
     597       -0.022655
     598       -0.025424
     599       -0.030671
     600       -0.028510
     601       -0.042029
     602       -0.031269
     603       -0.027614
     604       -0.023582
     605       -0.021171
     606       -0.018100
     607       -0.014768
     608       -0.010880
     609       -0.007043
     610       -0.003629
     611       -0.000770
     612        0.001848
     613        0.004587
     614        0.007475
     615        0.010616
     616        0.013653
     617        0.016778
     618        0.018319
     619        0.018268
     620        0.018294
     621        0.018171
     622        0.018187
     623        0.018169
     624        0.018182
     625        0.018186
     626        0.018193
     627        0.018202
     628        0.018203
     629        0.018237
     630        0.018235
     631        0.018375
     632        0.018366
     633        0.018441
     634        0.016907
     635        0.013771
     636        0.010716
     637        0.007513
     638        0.004450
     639        0.001356
     640       -0.001709
     641       -0.004776
     642       -0.007849
     643       -0.010900
     644       -0.014005
     645       -0.017001
     646       -0.020287
     647       -0.023149
     648       -0.027552
     649       -0.031341
     650       -0.042275
     651       -0.042078
     652       -0.031729
     653       -0.027385
     654       -0.023207
     655       -0.020238
     656       -0.016999
     657       -0.013989
     658       -0.010897
     659       -0.007847
     660       -0.004779
     661       -0.001716
     662        0.001346
     663        0.004431
     664        0.007501
     665        0.010672
     666        0.013775
     667        0.016830
     668        0.018364
     669        0.018372
     670        0.018336
     671        0.018230
     672        0.018227
     673        0.018208
     674        0.018214
     675        0.018217
     676        0.018224
     677        0.018234
     678        0.018240
     679        0.018274
     680        0.018291
     681        0.018411
     682        0.018465
     683        0.018478
     684        0.016954
     685        0.013897
     686        0.010801
     687        0.007643
     688        0.004582
     689        0.001481
     690       -0.001629
     691       -0.004750
     692       -0.007854
     693       -0.010917
     694       -0.014022
     695       -0.017072
     696       -0.020374
     697       -0.023396
     698       -0.027597
     699       -0.031894
     700       -0.042326
     701       -0.039960
     702       -0.034281
     703       -0.026226
     704       -0.023807
     705       -0.020013
     706       -0.017108
     707       -0.013953
     708       -0.010918
     709       -0.007840
     710       -0.004780
     711       -0.001714
     712        0.001360
     713        0.004416
     714        0.007578
     715        0.010542
     716        0.014062
     717        0.016549
     718        0.018081
     719        0.018659
     720        0.018202
     721        0.018304
     722        0.018206
     723        0.018216
     724        0.018205
     725        0.018206
     726        0.018206
     727        0.018205
     728        0.018216
     729        0.018206
     730        0.018304
     731        0.018202
     732        0.018659
     733        0.018081
     734        0.016551
     735        0.014068
     736        0.010561
     737        0.007636
     738        0.004568
     739        0.001674
     740       -0.001224
     741       -0.004237
     742       -0.007475
     743       -0.010918
     744       -0.014318
     745       -0.017650
     746       -0.020502
     747       -0.024120
     748       -0.026375
     749       -0.034333
     750       -0.039973
     751       -0.042011
     752       -0.031673
     753       -0.027401
     754       -0.023224
     755       -0.020256
     756       -0.017014
     757       -0.013999
     758       -0.010902
     759       -0.007848
     760       -0.004776
     761       -0.001709
     762        0.001357
     763        0.004447
     764        0.007521
     765        0.010697
     766        0.013805
     767        0.016868
     768        0.018401
     769        0.018400
     770        0.018356
     771        0.018244
     772        0.018233
     773        0.018205
     774        0.018202
     775        0.018194
     776        0.018187
     777        0.018183
     778        0.018172
     779        0.018187
     780        0.018183
     781        0.018280
     782        0.018307
     783        0.018287
     784        0.016747
     785        0.013694
     786        0.010604
     787        0.007489
     788        0.004585
     789        0.001838
     790       -0.000798
     791       -0.003669
     792       -0.007071
     793       -0.010884
     794       -0.014737
     795       -0.018076
     796       -0.021116
     797       -0.023650
     798       -0.027471
     799       -0.031606
     800       -0.041782
     801       -0.003743
     802       -0.003860
     803       -0.004486
     804       -0.005617
     805       -0.006903
     806       -0.008171
     807       -0.009403
     808       -0.010617
     809       -0.011827
     810       -0.013036
     811       -0.014246
     812       -0.015456
     813       -0.016666
     814       -0.017892
     815       -0.019113
     816       -0.020475
     817       -0.022156
     818       -0.022764
     819       -0.022293
     820       -0.022144
     821       -0.022137
     822       -0.022124
     823       -0.022127
     824       -0.022129
     825       -0.022132
     826       -0.022135
     827       -0.022138
     828       -0.022142
     829       -0.022145
     830       -0.022164
     831       -0.022179
     832       -0.022334
     833       -0.022810
     834       -0.022206
     835       -0.020527
     836       -0.019177
     837       -0.017995
     838       -0.016865
     839       -0.015817
     840       -0.014780
     841       -0.013619
     842       -0.012222
     843       -0.010631
     844       -0.009035
     845       -0.007614
     846       -0.006393
     847       -0.005276
     848       -0.004302
     849       -0.003778
     850       -0.003721
     851       -0.003771
     852       -0.004156
     853       -0.005098
     854       -0.006292
     855       -0.007469
     856       -0.008561
     857       -0.009605
     858       -0.010628
     859       -0.011645
     860       -0.012661
     861       -0.013678
     862       -0.014696
     863       -0.015718
     864       -0.016771
     865       -0.017801
     866       -0.019177
     867       -0.020170
     868       -0.020667
     869       -0.020707
     870       -0.020345
     871       -0.020335
     872       -0.020300
     873       -0.020296
     874       -0.020296
     875       -0.020297
     876       -0.020299
     877       -0.020302
     878       -0.020307
     879       -0.020315
     880       -0.020355
     881       -0.020370
     882       -0.020738
     883       -0.020702
     884       -0.020209
     885       -0.019221
     886       -0.017861
     887       -0.016870
     888       -0.015898
     889       -0.014995
     890       -0.014088
     891       -0.013087
     892       -0.011928
     893       -0.010641
     894       -0.009349
     895       -0.008162
     896       -0.007085
     897       -0.006018
     898       -0.004939
     899       -0.004072
     900       -0.003739
     901       -0.004003
     902       -0.004966
     903       -0.006393
     904       -0.007681
     905       -0.008622
     906       -0.009356
     907       -0.010015
     908       -0.010653
     909       -0.011282
     910       -0.011911
     911       -0.012540
     912       -0.013174
     913       -0.013814
     914       -0.014510
     915       -0.015152
     916       -0.016550
     917       -0.016168
     918       -0.016471
     919       -0.017494
     920       -0.016724
     921       -0.016712
     922       -0.016645
     923       -0.016634
     924       -0.016629
     925       -0.016628
     926       -0.016629
     927       -0.016632
     928       -0.016639
     929       -0.016652
     930       -0.016721
     931       -0.016736
     932       -0.017509
     933       -0.016489
     934       -0.016191
     935       -0.016581
     936       -0.015203
     937       -0.014605
     938       -0.013982
     939       -0.013434
     940       -0.012873
     941       -0.012240
     942       -0.011496
     943       -0.010669
     944       -0.009833
     945       -0.009060
     946       -0.008323
     947       -0.007456
     948       -0.006260
     949       -0.004891
     950       -0.003967
     951       -0.004226
     952       -0.005778
     953       -0.007735
     954       -0.009103
     955       -0.009790
     956       -0.010155
     957       -0.010429
     958       -0.010678
     959       -0.010921
     960       -0.011159
     961       -0.011405
     962       -0.011643
     963       -0.011929
     964       -0.012178
     965       -0.012672
     966       -0.013348
     967       -0.012677
     968       -0.012795
     969       -0.013704
     970       -0.013272
     971       -0.013018
     972       -0.013009
     973       -0.012963
     974       -0.012965
     975       -0.012959
     976       -0.012959
     977       -0.012964
     978       -0.012962
     979       -0.013008
     980       -0.013016
     981       -0.013271
     982       -0.013703
     983       -0.012797
     984       -0.012683
     985       -0.013363
     986       -0.012711
     987       -0.012262
     988       -0.012078
     989       -0.011865
     990       -0.011675
     991       -0.011415
     992       -0.011084
     993       -0.010696
     994       -0.010300
     995       -0.009936
     996       -0.009561
     997       -0.008928
     998       -0.007634
     999       -0.005717
    1000       -0.004186
    1001       -0.004475
    1002       -0.006688
    1003       -0.009205
    1004       -0.010590
    1005       -0.010974
    1006       -0.010957
    1007       -0.010843
    1008       -0.010705
    1009       -0.010557
    1010       -0.010411
    1011       -0.010262
    1012       -0.010127
    1013       -0.010003
    1014       -0.009914
    1015       -0.010032
    1016       -0.010143
    1017       -0.009333
    1018       -0.009256
    1019       -0.009918
    1020       -0.009658
    1021       -0.009392
    1022       -0.009332
    1023       -0.009307
    1024       -0.009293
    1025       -0.009291
    1026       -0.009290
    1027       -0.009289
    1028       -0.009301
    1029       -0.009323
    1030       -0.009380
    1031       -0.009643
    1032       -0.009902
    1033       -0.009241
    1034       -0.009322
    1035       -0.010142
    1036       -0.010055
    1037       -0.009981
    1038       -0.010130
    1039       -0.010314
    1040       -0.010481
    1041       -0.010612
    1042       -0.010686
    1043       -0.010725
    1044       -0.010754
    1045       -0.010797
    1046       -0.010802
    1047       -0.010461
    1048       -0.009142
    1049       -0.006649
    1050       -0.004432
    1051       -0.004791
    1052       -0.007815
    1053       -0.010890
    1054       -0.012160
    1055       -0.012171
    1056       -0.011760
    1057       -0.011261
    1058       -0.010731
    1059       -0.010196
    1060       -0.009659
    1061       -0.009126
    1062       -0.008599
    1063       -0.008089
    1064       -0.007631
    1065       -0.007319
    1066       -0.006956
    1067       -0.006047
    1068       -0.005777
    1069       -0.006148
    1070       -0.005974
    1071       -0.005748
    1072       -0.005667
    1073       -0.005640
    1074       -0.005627
    1075       -0.005622
    1076       -0.005620
    1077       -0.005619
    1078       -0.005627
    1079       -0.005650
    1080       -0.005725
    1081       -0.005945
    1082       -0.006116
    1083       -0.005744
    1084       -0.006017
    1085       -0.006936
    1086       -0.007323
    1087       -0.007678
    1088       -0.008191
    1089       -0.008752
    1090       -0.009304
    1091       -0.009821
    1092       -0.010301
    1093       -0.010752
    1094       -0.011200
    1095       -0.011643
    1096       -0.012045
    1097       -0.012074
    1098       -0.010868
    1099       -0.007807
    1100       -0.004748
    1101       -0.005237
    1102       -0.009322
    1103       -0.012871
    1104       -0.013821
    1105       -0.013370
    1106       -0.012569
    1107       -0.011677
    1108       -0.010759
    1109       -0.009833
    1110       -0.008910
    1111       -0.007986
    1112       -0.007071
    1113       -0.006173
    1114       -0.005330
    1115       -0.004566
    1116       -0.003775
    1117       -0.002775
    1118       -0.002311
    1119       -0.002384
    1120       -0.002248
    1121       -0.002085
    1122       -0.002002
    1123       -0.001971
    1124       -0.001959
    1125       -0.001953
    1126       -0.001950
    1127       -0.001948
    1128       -0.001953
    1129       -0.001976
    1130       -0.002051
    1131       -0.002205
    1132       -0.002335
    1133       -0.002260
    1134       -0.002726
    1135       -0.003734
    1136       -0.004547
    1137       -0.005352
    1138       -0.006248
    1139       -0.007193
    1140       -0.008133
    1141       -0.009046
    1142       -0.009922
    1143       -0.010782
    1144       -0.011635
    1145       -0.012483
    1146       -0.013280
    1147       -0.013772
    1148       -0.012893
    1149       -0.009356
    1150       -0.005196
    1151       -0.005933
    1152       -0.011416
    1153       -0.015239
    1154       -0.015524
    1155       -0.014582
    1156       -0.013376
    1157       -0.012103
    1158       -0.010778
    1159       -0.009476
    1160       -0.008156
    1161       -0.006849
    1162       -0.005540
    1163       -0.004255
    1164       -0.003013
    1165       -0.001793
    1166       -0.000579
    1167        0.000515
    1168        0.001174
    1169        0.001395
    1170        0.001497
    1171        0.001592
    1172        0.001667
    1173        0.001698
    1174        0.001709
    1175        0.001715
    1176        0.001720
    1177        0.001723
    1178        0.001722
    1179        0.001702
    1180        0.001637
    1181        0.001553
    1182        0.001461
    1183        0.001243
    1184        0.000585
    1185       -0.000514
    1186       -0.001749
    1187       -0.003008
    1188       -0.004299
    1189       -0.005634
    1190       -0.006973
    1191       -0.008277
    1192       -0.009560
    1193       -0.010802
    1194       -0.012070
    1195       -0.013309
    1196       -0.014518
    1197       -0.015506
    1198       -0.015307
    1199       -0.011507
    1200       -0.005899
    1201       -0.007001
    1202       -0.014515
    1203       -0.017931
    1204       -0.017265
    1205       -0.015754
    1206       -0.014239
    1207       -0.012487
    1208       -0.010825
    1209       -0.009103
    1210       -0.007411
    1211       -0.005707
    1212       -0.004012
    1213       -0.002329
    1214       -0.000689
    1215        0.000982
    1216        0.002653
    1217        0.003858
    1218        0.004710
    1219        0.005210
    1220        0.005243
    1221        0.005278
    1222        0.005343
    1223        0.005368
    1224        0.005377
    1225        0.005384
    1226        0.005390
    1227        0.005394
    1228        0.005397
    1229        0.005385
    1230        0.005334
    1231        0.005313
    1232        0.005293
    1233        0.004798
    1234        0.003950
    1235        0.002742
    1236        0.001053
    1237       -0.000651
    1238       -0.002340
    1239       -0.004078
    1240       -0.005816
    1241       -0.007530
    1242       -0.009189
    1243       -0.010851
    1244       -0.012453
    1245       -0.014179
    1246       -0.015709
    1247       -0.017274
    1248       -0.018039
    1249       -0.014683
    1250       -0.006977
    1251       -0.009200
    1252       -0.018801
    1253       -0.021098
    1254       -0.018648
    1255       -0.017198
    1256       -0.014945
    1257       -0.012958
    1258       -0.010825
    1259       -0.008753
    1260       -0.006656
    1261       -0.004567
    1262       -0.002486
    1263       -0.000395
    1264        0.001643
    1265        0.003735
    1266        0.005926
    1267        0.007298
    1268        0.008346
    1269        0.009066
    1270        0.008970
    1271        0.008971
    1272        0.009028
    1273        0.009032
    1274        0.009048
    1275        0.009052
    1276        0.009059
    1277        0.009069
    1278        0.009067
    1279        0.009078
    1280        0.009037
    1281        0.009053
    1282        0.009166
    1283        0.008455
    1284        0.007413
    1285        0.006043
    1286        0.003837
    1287        0.001717
    1288       -0.000368
    1289       -0.002524
    1290       -0.004668
    1291       -0.006784
    1292       -0.008853
    1293       -0.010852
    1294       -0.012916
    1295       -0.014874
    1296       -0.017171
    1297       -0.018676
    1298       -0.021241
    1299       -0.019057
    1300       -0.009199
    1301       -0.011933
    1302       -0.026630
    1303       -0.022598
    1304       -0.020878
    1305       -0.018246
    1306       -0.015833
    1307       -0.013344
    1308       -0.010862
    1309       -0.008389
    1310       -0.005905
    1311       -0.003430
    1312       -0.000946
    1313        0.001515
    1314        0.004023
    1315        0.006430
    1316        0.009213
    1317        0.010920
    1318        0.012158
    1319        0.012937
    1320        0.012636
    1321        0.012713
    1322        0.012689
    1323        0.012710
    1324        0.012713
    1325        0.012721
    1326        0.012729
    1327        0.012737
    1328        0.012751
    1329        0.012747
    1330        0.012789
    1331        0.012731
    1332        0.013054
    1333        0.012290
    1334        0.011061
    1335        0.009356
    1336        0.006563
    1337        0.004138
    1338        0.001585
    1339       -0.000955
    1340       -0.003531
    1341       -0.006058
    1342       -0.008513
    1343       -0.010890
    1344       -0.013278
    1345       -0.015743
    1346       -0.018214
    1347       -0.020958
    1348       -0.022722
    1349       -0.027020
    1350       -0.011922
    1351       -0.028641
    1352       -0.030609
    1353       -0.025436
    1354       -0.022614
    1355       -0.019437
    1356       -0.016688
    1357       -0.013726
    1358       -0.010910
    1359       -0.008014
    1360       -0.005161
    1361       -0.002287
    1362        0.000581
    1363        0.003454
    1364        0.006332
    1365        0.009282
    1366        0.012174
    1367        0.014956
    1368        0.016387
    1369        0.016482
    1370        0.016460
    1371        0.016383
    1372        0.016376
    1373        0.016379
    1374        0.016380
    1375        0.016390
    1376        0.016399
    1377        0.016408
    1378        0.016425
    1379        0.016442
    1380        0.016469
    1381        0.016567
    1382        0.016614
    1383        0.016546
    1384        0.015126
    1385        0.012341
    1386        0.009448
    1387        0.006491
    1388        0.003576
    1389        0.000608
    1390       -0.002394
    1391       -0.005358
    1392       -0.008180
    1393       -0.010939
    1394       -0.013619
    1395       -0.016558
    1396       -0.019398
    1397       -0.022736
    1398       -0.025610
    1399       -0.030948
    1400       -0.028810
    1401       -0.042347
    1402       -0.031401
    1403       -0.027533
    1404       -0.023132
    1405       -0.020267
    1406       -0.016986
    1407       -0.013994
    1408       -0.010895
    1409       -0.007848
    1410       -0.004779
    1411       -0.001717
    1412        0.001344
    1413        0.004434
    1414        0.007492
    1415        0.010689
    1416        0.013739
    1417        0.016867
    1418        0.018401
    1419        0.018337
    1420        0.018353
    1421        0.018221
    1422        0.018230
    1423        0.018206
    1424        0.018215
    1425        0.018218
    1426        0.018225
    1427        0.018236
    1428        0.018241
    1429        0.018280
    1430        0.018286
    1431        0.018434
    1432        0.018435
    1433        0.018523
    1434        0.016999
    1435        0.013869
    1436        0.010825
    1437        0.007639
    1438        0.004584
    1439        0.001468
    1440       -0.001654
    1441       -0.004782
    1442       -0.007879
    1443       -0.010915
    1444       -0.014006
    1445       -0.017029
    1446       -0.020382
    1447       -0.023311
    1448       -0.027751
    1449       -0.031571
    1450       -0.042611
    1451       -0.003707
    1452       -0.003466
    1453       -0.003187
    1454       -0.002912
    1455       -0.002686
    1456       -0.002519
    1457       -0.002420
    1458       -0.002390
    1459       -0.002429
    1460       -0.002535
    1461       -0.002705
    1462       -0.002931
    1463       -0.003205
    1464       -0.003479
    1465       -0.003714
    1466       -0.003760
    1467       -0.003556
    1468       -0.003316
    1469       -0.003094
    1470       -0.002918
    1471       -0.002796
    1472       -0.002726
    1473       -0.002704
    1474       -0.002728
    1475       -0.002802
    1476       -0.002928
    1477       -0.003107
    1478       -0.003330
    1479       -0.003570
    1480       -0.003776
    1481       -0.003831
    1482       -0.003608
    1483       -0.003391
    1484       -0.003210
    1485       -0.003081
    1486       -0.003003
    1487       -0.002963
    1488       -0.002949
    1489       -0.002959
    1490       -0.003000
    1491       -0.003084
    1492       -0.003220
    1493       -0.003409
    1494       -0.003633
    1495       -0.003865
    1496       -0.003821
    1497       -0.003581
    1498       -0.003386
    1499       -0.003253
    1500       -0.003180
    1501       -0.003152
    1502       -0.003145
    1503       -0.003141
    1504       -0.003135
    1505       -0.003139
    1506       -0.003175
    1507       -0.003262
    1508       -0.003411
    1509       -0.003622
    1510       -0.003879
    1511       -0.003711
    1512       -0.003451
    1513       -0.003291
    1514       -0.003222
    1515       -0.003221
    1516       -0.003254
    1517       -0.003286
    1518       -0.003291
    1519       -0.003267
    1520       -0.003229
    1521       -0.003206
    1522       -0.003227
    1523       -0.003320
    1524       -0.003508
    1525       -0.003801
    1526       -0.003453
    1527       -0.003196
    1528       -0.003100
    1529       -0.003123
    1530       -0.003215
    1531       -0.003322
    1532       -0.003398
    1533       -0.003415
    1534       -0.003368
    1535       -0.003279
    1536       -0.003181
    1537       -0.003113
    1538       -0.003121
    1539       -0.003256
    1540       -0.003571
    1541       -0.002991
    1542       -0.002782
    1543       -0.002810
    1544       -0.002974
    1545       -0.003187
    1546       -0.003378
    1547       -0.003500
    1548       -0.003524
    1549       -0.003450
    1550       -0.003298
    1551       -0.003106
    1552       -0.002919
    1553       -0.002795
    1554       -0.002825
    1555       -0.003129
    1556       -0.002204
    1557       -0.002213
    1558       -0.002497
    1559       -0.002866
    1560       -0.003204
    1561       -0.003465
    1562       -0.003614
    1563       -0.003634
    1564       -0.003523
    1565       -0.003300
    1566       -0.003008
    1567       -0.002688
    1568       -0.002381
    1569       -0.002193
    1570       -0.002343
    1571       -0.001153
    1572       -0.001769
    1573       -0.002538
    1574       -0.003075
    1575       -0.003434
    1576       -0.003660
    1577       -0.003768
    1578       -0.003754
    1579       -0.003601
    1580       -0.003330
    1581       -0.003005
    1582       -0.002631
    1583       -0.002174
    1584       -0.001587
    1585       -0.001210
    1586       -0.000328
    1587       -0.002845
    1588       -0.003735
    1589       -0.004059
    1590       -0.004158
    1591       -0.004093
    1592       -0.003966
    1593       -0.003885
    1594       -0.003706
    1595       -0.003505
    1596       -0.003391
    1597       -0.003213
    1598       -0.002880
    1599       -0.002144
    1600       -0.000209
    1601       -0.004039
    1602       -0.006455
    1603       -0.006168
    1604       -0.005944
    1605       -0.005627
    1606       -0.005078
    1607       -0.004086
    1608       -0.004013
    1609       -0.003858
    1610       -0.004207
    1611       -0.004653
    1612       -0.004840
    1613       -0.004835
    1614       -0.004832
    1615       -0.002247
    1616       -0.004309
    1617       -0.004137
    1618       -0.004706
    1619       -0.004604
    1620       -0.004341
    1621       -0.005147
    1622       -0.004918
    1623       -0.004546
    1624       -0.005555
    1625       -0.005109
    1626       -0.005089
    1627       -0.005908
    1628       -0.005905
    1629       -0.005293
    1630       -0.007013
    1631       -0.003429
    1632       -0.002326
    1633       -0.004369
    1799       -0.001437
    1800       -0.001019
    1801        0.000748
    1802        0.000885
    1803        0.001029
    1804        0.001086
    1805        0.001106
    1806        0.001113
    1807        0.001111
    1808        0.001096
    1809        0.001042
    1810        0.000897
    1811        0.000756
    1812       -0.001012
    1813       -0.001437
    1814       -0.003048
    1815       -0.001027
    1816        0.000252
    1817        0.000761
    1818        0.001061
    1819        0.001231
    1820        0.001311
    1821        0.001337
    1822        0.001314
    1823        0.001238
    1824        0.001072
    1825        0.000773
    1826        0.000264
    1827       -0.001007
    1828       -0.003019
    1829       -0.001572
    1830       -0.001075
    1831       -0.000184
    1832        0.000531
    1833        0.000988
    1834        0.001289
    1835        0.001455
    1836        0.001506
    1837        0.001453
    1838        0.001289
    1839        0.000994
    1840        0.000544
    1841       -0.000164
    1842       -0.001045
    1843       -0.001528
    1844       -0.002216
    1845       -0.001334
    1846       -0.000532
    1847        0.000214
    1848        0.000825
    1849        0.001264
    1850        0.001529
    1851        0.001614
    1852        0.001520
    1853        0.001255
    1854        0.000826
    1855        0.000230
    1856       -0.000503
    1857       -0.001294
    1858       -0.002151
    1859       -0.002536
    1860       -0.001769
    1861       -0.000956
    1862       -0.000155
    1863        0.000573
    1864        0.001156
    1865        0.001533
    1866        0.001654
    1867        0.001513
    1868        0.001136
    1869        0.000567
    1870       -0.000137
    1871       -0.000921
    1872       -0.001721
    1873       -0.002461
    1874       -0.002953
    1875       -0.002238
    1876       -0.001454
    1877       -0.000614
    1878        0.000228
    1879        0.000965
    1880        0.001463
    1881        0.001629
    1882        0.001440
    1883        0.000945
    1884        0.000237
    1885       -0.000582
    1886       -0.001416
    1887       -0.002192
    1888       -0.002876
    1889       -0.003293
    1890       -0.002752
    1891       -0.002061
    1892       -0.001203
    1893       -0.000244
    1894        0.000670
    1895        0.001322
    1896        0.001543
    1897        0.001295
    1898        0.000655
    1899       -0.000220
    1900       -0.001155
    1901       -0.002011
    1902       -0.002710
    1903       -0.003223
    1904       -0.003694
    1905       -0.003410
    1906       -0.002867
    1907       -0.002030
    1908       -0.000930
    1909        0.000235
    1910        0.001109
    1911        0.001406
    1912        0.001074
    1913        0.000214
    1914       -0.000903
    1915       -0.001971
    1916       -0.002813
    1917       -0.003375
    1918       -0.003643
    1919       -0.004335
    1920       -0.004307
    1921       -0.004024
    1922       -0.003257
    1923       -0.001981
    1924       -0.000416
    1925        0.000835
    1926        0.001231
    1927        0.000769
    1928       -0.000488
    1929       -0.002010
    1930       -0.003243
    1931       -0.003995
    1932       -0.004273
    1933       -0.004300
    1934       -0.004943
    1935       -0.005920
    1936       -0.005801
    1937       -0.005080
    1938       -0.003680
    1939       -0.001496
    1940        0.000559
    1941        0.001039
    1942        0.000415
    1943       -0.001715
    1944       -0.003872
    1945       -0.005190
    1946       -0.005843
    1947       -0.005924
    1948       -0.004946
    1949       -0.010145
    1950       -0.008311
    1951       -0.007875
    1952       -0.007381
    1953       -0.006373
    1954       -0.003956
    1955        0.000594
    1956        0.000845
    1957        0.000373
    1958       -0.004500
    1959       -0.006815
    1960       -0.007648
    1961       -0.008011
    1962       -0.008349
    1963       -0.010196
    1964       -0.000077
    1965        0.000629
    1966        0.000310
    1967       -0.000578
    1968        0.000396
    1969       -0.000186
    1970       -0.000617
    1971       -0.000066
    1972       -0.000383
    1973       -0.001097
    1974       -0.000552
    1975       -0.000989
    1976       -0.001182
    1977       -0.003017
    1978       -0.001116
    1979       -0.003808
    1980       -0.006569
    1981       -0.003797
    1982       -0.001433
    1983       -0.001013
    1984        0.000754
    1985        0.000891
    1986        0.001034
    1987        0.001090
    1988        0.001108
    1989        0.001115
    1990        0.001111
    1991        0.001095
    1992        0.001039
    1993        0.000893
    1994        0.000750
    1995       -0.001018
    1996       -0.001441
    1997       -0.003048
    1998       -0.001025
    1999        0.000256
    2000        0.000764
    2001        0.001064
    2002        0.001234
    2003        0.001313
    2004        0.001338
    2005        0.001314
    2006        0.001237
    2007        0.001070
    2008        0.000771
    2009        0.000262
    2010       -0.001009
    2011       -0.003019
    2012       -0.001572
    2013       -0.001074
    2014       -0.000182
    2015        0.000532
    2016        0.000989
    2017        0.001291
    2018        0.001456
    2019        0.001507
    2020        0.001453
    2021        0.001288
    2022        0.000992
    2023        0.000542
    2024       -0.000165
    2025       -0.001045
    2026       -0.001527
    2027       -0.002215
    2028       -0.001334
    2029       -0.000531
    2030        0.000214
    2031        0.000823
    2032        0.001262
    2033        0.001529
    2034        0.001614
    2035        0.001519
    2036        0.001252
    2037        0.000821
    2038        0.000226
    2039       -0.000504
    2040       -0.001294
    2041       -0.002151
    2042       -0.002536
    2043       -0.001769
    2044       -0.000956
    2045       -0.000157
    2046        0.000571
    2047        0.001157
    2048        0.001532
    2049        0.001654
    2050        0.001514
    2051        0.001139
    2052        0.000572
    2053       -0.000137
    2054       -0.000923
    2055       -0.001721
    2056       -0.002461
    2057       -0.002952
    2058       -0.002238
    2059       -0.001454
    2060       -0.000611
    2061        0.000230
    2062        0.000965
    2063        0.001463
    2064        0.001629
    2065        0.001440
    2066        0.000946
    2067        0.000240
    2068       -0.000578
    2069       -0.001411
    2070       -0.002191
    2071       -0.002876
    2072       -0.003292
    2073       -0.002752
    2074       -0.002062
    2075       -0.001204
    2076       -0.000245
    2077        0.000669
    2078        0.001321
    2079        0.001543
    2080        0.001295
    2081        0.000656
    2082       -0.000218
    2083       -0.001153
    2084       -0.002009
    2085       -0.002709
    2086       -0.003224
    2087       -0.003690
    2088       -0.003406
    2089       -0.002868
    2090       -0.002033
    2091       -0.000933
    2092        0.000232
    2093        0.001107
    2094        0.001405
    2095        0.001075
    2096        0.000216
    2097       -0.000900
    2098       -0.001968
    2099       -0.002810
    2100       -0.003369
    2101       -0.003642
    2102       -0.004338
    2103       -0.004312
    2104       -0.004030
    2105       -0.003264
    2106       -0.001987
    2107       -0.000421
    2108        0.000832
    2109        0.001231
    2110        0.000771
    2111       -0.000483
    2112       -0.001999
    2113       -0.003234
    2114       -0.003988
    2115       -0.004271
    2116       -0.004303
    2117       -0.004945
    2118       -0.005926
    2119       -0.005812
    2120       -0.005091
    2121       -0.003690
    2122       -0.001504
    2123        0.000555
    2124        0.001039
    2125        0.000418
    2126       -0.001707
    2127       -0.003855
    2128       -0.005180
    2129       -0.005831
    2130       -0.005913
    2131       -0.004945
    2132       -0.010177
    2133       -0.008333
    2134       -0.007894
    2135       -0.007397
    2136       -0.006388
    2137       -0.003968
    2138        0.000591
    2139        0.000845
    2140        0.000376
    2141       -0.004488
    2142       -0.006797
    2143       -0.007638
    2144       -0.007993
    2145       -0.008326
    2146       -0.010166
    2147       -0.000070
    2148        0.000630
    2149        0.000303
    2150       -0.000568
    2151        0.000396
    2152       -0.000196
    2153       -0.000607
    2154       -0.000065
    2155       -0.000393
    2156       -0.001085
    2157       -0.000552
    2158       -0.001000
    2159       -0.001164
    2160       -0.003017
    2161       -0.001132
    2162       -0.003810
    2163       -0.006569
    2164       -0.003795
    2165       -0.003704
    2166       -0.003461
    2167       -0.003183
    2168       -0.002891
    2169       -0.002655
    2170       -0.002479
    2171       -0.002372
    2172       -0.002337
    2173       -0.002373
    2174       -0.002481
    2175       -0.002657
    2176       -0.002893
    2177       -0.003177
    2178       -0.003462
    2179       -0.003706
    2180       -0.003769
    2181       -0.003560
    2182       -0.003310
    2183       -0.003080
    2184       -0.002894
    2185       -0.002763
    2186       -0.002689
    2187       -0.002667
    2188       -0.002694
    2189       -0.002771
    2190       -0.002901
    2191       -0.003084
    2192       -0.003310
    2193       -0.003553
    2194       -0.003758
    2195       -0.003848
    2196       -0.003617
    2197       -0.003393
    2198       -0.003202
    2199       -0.003063
    2200       -0.002977
    2201       -0.002936
    2202       -0.002927
    2203       -0.002942
    2204       -0.002988
    2205       -0.003073
    2206       -0.003208
    2207       -0.003392
    2208       -0.003611
    2209       -0.003836
    2210       -0.003844
    2211       -0.003602
    2212       -0.003395
    2213       -0.003248
    2214       -0.003163
    2215       -0.003130
    2216       -0.003126
    2217       -0.003130
    2218       -0.003134
    2219       -0.003144
    2220       -0.003179
    2221       -0.003258
    2222       -0.003395
    2223       -0.003592
    2224       -0.003836
    2225       -0.003747
    2226       -0.003478
    2227       -0.003301
    2228       -0.003214
    2229       -0.003199
    2230       -0.003228
    2231       -0.003267
    2232       -0.003290
    2233       -0.003282
    2234       -0.003252
    2235       -0.003226
    2236       -0.003234
    2237       -0.003306
    2238       -0.003469
    2239       -0.003742
    2240       -0.003503
    2241       -0.003224
    2242       -0.003099
    2243       -0.003096
    2244       -0.003171
    2245       -0.003279
    2246       -0.003375
    2247       -0.003420
    2248       -0.003399
    2249       -0.003323
    2250       -0.003222
    2251       -0.003137
    2252       -0.003116
    2253       -0.003215
    2254       -0.003495
    2255       -0.003060
    2256       -0.002798
    2257       -0.002771
    2258       -0.002894
    2259       -0.003093
    2260       -0.003299
    2261       -0.003458
    2262       -0.003530
    2263       -0.003501
    2264       -0.003380
    2265       -0.003194
    2266       -0.002990
    2267       -0.002824
    2268       -0.002795
    2269       -0.003037
    2270       -0.002282
    2271       -0.002168
    2272       -0.002356
    2273       -0.002672
    2274       -0.003010
    2275       -0.003312
    2276       -0.003537
    2277       -0.003640
    2278       -0.003609
    2279       -0.003452
    2280       -0.003195
    2281       -0.002867
    2282       -0.002505
    2283       -0.002220
    2284       -0.002243
    2285       -0.001162
    2286       -0.001550
    2287       -0.002162
    2288       -0.002648
    2289       -0.003042
    2290       -0.003372
    2291       -0.003630
    2292       -0.003761
    2293       -0.003748
    2294       -0.003617
    2295       -0.003389
    2296       -0.003048
    2297       -0.002545
    2298       -0.001805
    2299       -0.001199
    2300       -0.000165
    2301       -0.002101
    2302       -0.002880
    2303       -0.003252
    2304       -0.003459
    2305       -0.003582
    2306       -0.003757
    2307       -0.003897
    2308       -0.003937
    2309       -0.004030
    2310       -0.004103
    2311       -0.004029
    2312       -0.003742
    2313       -0.002904
    2314       -0.000388
    2315       -0.002250
    2316       -0.004831
    2317       -0.004821
    2318       -0.004811
    2319       -0.004646
    2320       -0.004247
    2321       -0.003918
    2322       -0.004041
    2323       -0.004086
    2324       -0.005067
    2325       -0.005656
    2326       -0.005981
    2327       -0.006191
    2328       -0.006473
    2329       -0.004048
    2330       -0.004837
    2331       -0.004182
    2332       -0.004282
    2333       -0.005281
    2334       -0.004371
    2335       -0.004553
    2336       -0.005666
    2337       -0.004560
    2338       -0.004873
    2339       -0.005988
    2340       -0.005086
    2341       -0.005069
    2342       -0.006986
    2343       -0.005285
    2344       -0.005931
    2345       -0.004355
    2346       -0.002318
    2347       -0.003441
    2348       -0.003873
    2349       -0.004105
    2350       -0.004765
    2351       -0.005788
    2352       -0.006962
    2353       -0.008180
    2354       -0.009396
    2355       -0.010610
    2356       -0.011820
    2357       -0.013033
    2358       -0.014239
    2359       -0.015458
    2360       -0.016652
    2361       -0.017888
    2362       -0.019063
    2363       -0.020250
    2364       -0.021629
    2365       -0.022238
    2366       -0.022065
    2367       -0.022088
    2368       -0.022122
    2369       -0.022096
    2370       -0.022112
    2371       -0.022103
    2372       -0.022104
    2373       -0.022102
    2374       -0.022096
    2375       -0.022100
    2376       -0.022080
    2377       -0.022101
    2378       -0.022062
    2379       -0.022034
    2380       -0.022203
    2381       -0.021590
    2382       -0.020212
    2383       -0.019019
    2384       -0.017849
    2385       -0.016545
    2386       -0.015302
    2387       -0.012551
    2388       -0.010254
    2389       -0.009640
    2390       -0.010604
    2391       -0.011559
    2392       -0.010937
    2393       -0.008629
    2394       -0.005931
    2395       -0.004864
    2396       -0.004136
    2397       -0.003893
    2398       -0.003985
    2399       -0.004270
    2400       -0.004930
    2401       -0.005894
    2402       -0.007012
    2403       -0.008195
    2404       -0.009400
    2405       -0.010609
    2406       -0.011821
    2407       -0.013031
    2408       -0.014243
    2409       -0.015450
    2410       -0.016658
    2411       -0.017861
    2412       -0.019023
    2413       -0.020170
    2414       -0.021297
    2415       -0.021903
    2416       -0.021986
    2417       -0.022048
    2418       -0.022097
    2419       -0.022103
    2420       -0.022106
    2421       -0.022108
    2422       -0.022106
    2423       -0.022104
    2424       -0.022102
    2425       -0.022097
    2426       -0.022090
    2427       -0.022079
    2428       -0.022027
    2429       -0.021961
    2430       -0.021874
    2431       -0.021267
    2432       -0.020130
    2433       -0.018987
    2434       -0.017768
    2435       -0.016554
    2436       -0.014876
    2437       -0.012859
    2438       -0.011170
    2439       -0.010384
    2440       -0.010603
    2441       -0.010822
    2442       -0.010039
    2443       -0.008380
    2444       -0.006456
    2445       -0.005024
    2446       -0.004356
    2447       -0.003991
    2448       -0.004067
    2449       -0.004377
    2450       -0.005053
    2451       -0.005981
    2452       -0.007056
    2453       -0.008212
    2454       -0.009404
    2455       -0.010610
    2456       -0.011820
    2457       -0.013032
    2458       -0.014242
    2459       -0.015451
    2460       -0.016654
    2461       -0.017844
    2462       -0.018984
    2463       -0.020084
    2464       -0.021052
    2465       -0.021658
    2466       -0.021900
    2467       -0.022010
    2468       -0.022080
    2469       -0.022100
    2470       -0.022108
    2471       -0.022109
    2472       -0.022108
    2473       -0.022107
    2474       -0.022104
    2475       -0.022100
    2476       -0.022090
    2477       -0.022066
    2478       -0.021994
    2479       -0.021879
    2480       -0.021637
    2481       -0.021024
    2482       -0.020056
    2483       -0.018929
    2484       -0.017760
    2485       -0.016433
    2486       -0.014793
    2487       -0.013104
    2488       -0.011786
    2489       -0.010906
    2490       -0.010604
    2491       -0.010305
    2492       -0.009445
    2493       -0.008183
    2494       -0.006627
    2495       -0.005265
    2496       -0.004449
    2497       -0.004102
    2498       -0.004128
    2499       -0.004443
    2500       -0.005141
    2501       -0.006048
    2502       -0.007093
    2503       -0.008226
    2504       -0.009408
    2505       -0.010610
    2506       -0.011820
    2507       -0.013031
    2508       -0.014242
    2509       -0.015450
    2510       -0.016651
    2511       -0.017829
    2512       -0.018953
    2513       -0.020004
    2514       -0.020879
    2515       -0.021484
    2516       -0.021820
    2517       -0.021979
    2518       -0.022066
    2519       -0.022098
    2520       -0.022108
    2521       -0.022111
    2522       -0.022111
    2523       -0.022110
    2524       -0.022107
    2525       -0.022103
    2526       -0.022090
    2527       -0.022056
    2528       -0.021967
    2529       -0.021806
    2530       -0.021467
    2531       -0.020860
    2532       -0.019976
    2533       -0.018901
    2534       -0.017725
    2535       -0.016370
    2536       -0.014803
    2537       -0.013344
    2538       -0.012197
    2539       -0.011265
    2540       -0.010606
    2541       -0.009953
    2542       -0.009052
    2543       -0.007983
    2544       -0.006687
    2545       -0.005411
    2546       -0.004537
    2547       -0.004157
    2548       -0.004170
    2549       -0.004481
    2550       -0.005199
    2551       -0.006096
    2552       -0.007121
    2553       -0.008238
    2554       -0.009411
    2555       -0.010611
    2556       -0.011820
    2557       -0.013032
    2558       -0.014243
    2559       -0.015450
    2560       -0.016648
    2561       -0.017818
    2562       -0.018928
    2563       -0.019943
    2564       -0.020763
    2565       -0.021368
    2566       -0.021759
    2567       -0.021955
    2568       -0.022056
    2569       -0.022096
    2570       -0.022109
    2571       -0.022113
    2572       -0.022113
    2573       -0.022112
    2574       -0.022110
    2575       -0.022105
    2576       -0.022091
    2577       -0.022049
    2578       -0.021947
    2579       -0.021749
    2580       -0.021357
    2581       -0.020749
    2582       -0.019919
    2583       -0.018878
    2584       -0.017700
    2585       -0.016344
    2586       -0.014868
    2587       -0.013552
    2588       -0.012488
    2589       -0.011503
    2590       -0.010608
    2591       -0.009723
    2592       -0.008776
    2593       -0.007805
    2594       -0.006671
    2595       -0.005493
    2596       -0.004589
    2597       -0.004201
    2598       -0.004195
    2599       -0.004501
    2600       -0.005233
    2601       -0.006125
    2602       -0.007138
    2603       -0.008246
    2604       -0.009414
    2605       -0.010611
    2606       -0.011820
    2607       -0.013032
    2608       -0.014243
    2609       -0.015450
    2610       -0.016646
    2611       -0.017812
    2612       -0.018912
    2613       -0.019905
    2614       -0.020696
    2615       -0.021301
    2616       -0.021721
    2617       -0.021940
    2618       -0.022050
    2619       -0.022095
    2620       -0.022110
    2621       -0.022114
    2622       -0.022115
    2623       -0.022115
    2624       -0.022113
    2625       -0.022109
    2626       -0.022092
    2627       -0.022047
    2628       -0.021936
    2629       -0.021717
    2630       -0.021296
    2631       -0.020688
    2632       -0.019886
    2633       -0.018866
    2634       -0.017689
    2635       -0.016353
    2636       -0.014957
    2637       -0.013732
    2638       -0.012696
    2639       -0.011660
    2640       -0.010610
    2641       -0.009571
    2642       -0.008578
    2643       -0.007646
    2644       -0.006613
    2645       -0.005518
    2646       -0.004613
    2647       -0.004228
    2648       -0.004202
    2649       -0.004509
    2650       -0.005245
    2651       -0.006135
    2652       -0.007144
    2653       -0.008249
    2654       -0.009415
    2655       -0.010612
    2656       -0.011820
    2657       -0.013032
    2658       -0.014243
    2659       -0.015450
    2660       -0.016645
    2661       -0.017809
    2662       -0.018907
    2663       -0.019892
    2664       -0.020674
    2665       -0.021280
    2666       -0.021709
    2667       -0.021935
    2668       -0.022049
    2669       -0.022096
    2670       -0.022112
    2671       -0.022116
    2672       -0.022117
    2673       -0.022117
    2674       -0.022116
    2675       -0.022112
    2676       -0.022096
    2677       -0.022049
    2678       -0.021935
    2679       -0.021709
    2680       -0.021280
    2681       -0.020672
    2682       -0.019880
    2683       -0.018866
    2684       -0.017693
    2685       -0.016385
    2686       -0.015056
    2687       -0.013885
    2688       -0.012849
    2689       -0.011765
    2690       -0.010612
    2691       -0.009471
    2692       -0.008432
    2693       -0.007502
    2694       -0.006526
    2695       -0.005499
    2696       -0.004615
    2697       -0.004237
    2698       -0.004194
    2699       -0.004506
    2700       -0.005236
    2701       -0.006127
    2702       -0.007140
    2703       -0.008247
    2704       -0.009414
    2705       -0.010612
    2706       -0.011821
    2707       -0.013032
    2708       -0.014243
    2709       -0.015451
    2710       -0.016646
    2711       -0.017812
    2712       -0.018912
    2713       -0.019905
    2714       -0.020696
    2715       -0.021302
    2716       -0.021722
    2717       -0.021941
    2718       -0.022052
    2719       -0.022097
    2720       -0.022113
    2721       -0.022118
    2722       -0.022119
    2723       -0.022120
    2724       -0.022119
    2725       -0.022115
    2726       -0.022100
    2727       -0.022056
    2728       -0.021946
    2729       -0.021728
    2730       -0.021308
    2731       -0.020700
    2732       -0.019900
    2733       -0.018880
    2734       -0.017712
    2735       -0.016434
    2736       -0.015158
    2737       -0.014016
    2738       -0.012964
    2739       -0.011836
    2740       -0.010614
    2741       -0.009403
    2742       -0.008318
    2743       -0.007368
    2744       -0.006418
    2745       -0.005444
    2746       -0.004597
    2747       -0.004227
    2748       -0.004169
    2749       -0.004491
    2750       -0.005205
    2751       -0.006100
    2752       -0.007124
    2753       -0.008240
    2754       -0.009413
    2755       -0.010612
    2756       -0.011821
    2757       -0.013033
    2758       -0.014244
    2759       -0.015451
    2760       -0.016649
    2761       -0.017819
    2762       -0.018929
    2763       -0.019944
    2764       -0.020764
    2765       -0.021370
    2766       -0.021761
    2767       -0.021958
    2768       -0.022060
    2769       -0.022101
    2770       -0.022115
    2771       -0.022120
    2772       -0.022121
    2773       -0.022122
    2774       -0.022122
    2775       -0.022119
    2776       -0.022106
    2777       -0.022067
    2778       -0.021967
    2779       -0.021772
    2780       -0.021381
    2781       -0.020774
    2782       -0.019947
    2783       -0.018908
    2784       -0.017743
    2785       -0.016494
    2786       -0.015259
    2787       -0.014132
    2788       -0.013055
    2789       -0.011887
    2790       -0.010615
    2791       -0.009354
    2792       -0.008224
    2793       -0.007240
    2794       -0.006294
    2795       -0.005357
    2796       -0.004559
    2797       -0.004198
    2798       -0.004128
    2799       -0.004456
    2800       -0.005149
    2801       -0.006054
    2802       -0.007097
    2803       -0.008229
    2804       -0.009410
    2805       -0.010612
    2806       -0.011822
    2807       -0.013033
    2808       -0.014244
    2809       -0.015452
    2810       -0.016652
    2811       -0.017830
    2812       -0.018954
    2813       -0.020005
    2814       -0.020880
    2815       -0.021487
    2816       -0.021823
    2817       -0.021984
    2818       -0.022072
    2819       -0.022105
    2820       -0.022117
    2821       -0.022121
    2822       -0.022123
    2823       -0.022124
    2824       -0.022125
    2825       -0.022123
    2826       -0.022113
    2827       -0.022082
    2828       -0.021997
    2829       -0.021839
    2830       -0.021504
    2831       -0.020897
    2832       -0.020017
    2833       -0.018947
    2834       -0.017785
    2835       -0.016560
    2836       -0.015358
    2837       -0.014236
    2838       -0.013133
    2839       -0.011928
    2840       -0.010617
    2841       -0.009314
    2842       -0.008139
    2843       -0.007113
    2844       -0.006153
    2845       -0.005242
    2846       -0.004497
    2847       -0.004149
    2848       -0.004067
    2849       -0.004393
    2850       -0.005064
    2851       -0.005988
    2852       -0.007061
    2853       -0.008215
    2854       -0.009407
    2855       -0.010613
    2856       -0.011822
    2857       -0.013034
    2858       -0.014245
    2859       -0.015453
    2860       -0.016656
    2861       -0.017846
    2862       -0.018986
    2863       -0.020085
    2864       -0.021054
    2865       -0.021661
    2866       -0.021904
    2867       -0.022016
    2868       -0.022088
    2869       -0.022110
    2870       -0.022119
    2871       -0.022123
    2872       -0.022125
    2873       -0.022127
    2874       -0.022128
    2875       -0.022127
    2876       -0.022121
    2877       -0.022102
    2878       -0.022033
    2879       -0.021924
    2880       -0.021684
    2881       -0.021077
    2882       -0.020106
    2883       -0.018995
    2884       -0.017834
    2885       -0.016629
    2886       -0.015454
    2887       -0.014334
    2888       -0.013205
    2889       -0.011964
    2890       -0.010619
    2891       -0.009278
    2892       -0.008058
    2893       -0.006982
    2894       -0.005995
    2895       -0.005094
    2896       -0.004405
    2897       -0.004080
    2898       -0.003987
    2899       -0.004288
    2900       -0.004943
    2901       -0.005902
    2902       -0.007017
    2903       -0.008199
    2904       -0.009404
    2905       -0.010613
    2906       -0.011824
    2907       -0.013034
    2908       -0.014246
    2909       -0.015453
    2910       -0.016661
    2911       -0.017863
    2912       -0.019025
    2913       -0.020172
    2914       -0.021299
    2915       -0.021906
    2916       -0.021991
    2917       -0.022055
    2918       -0.022106
    2919       -0.022115
    2920       -0.022121
    2921       -0.022126
    2922       -0.022127
    2923       -0.022129
    2924       -0.022131
    2925       -0.022130
    2926       -0.022129
    2927       -0.022123
    2928       -0.022077
    2929       -0.022016
    2930       -0.021935
    2931       -0.021329
    2932       -0.020201
    2933       -0.019051
    2934       -0.017887
    2935       -0.016698
    2936       -0.015546
    2937       -0.014433
    2938       -0.013277
    2939       -0.012004
    2940       -0.010621
    2941       -0.009240
    2942       -0.007972
    2943       -0.006845
    2944       -0.005820
    2945       -0.004912
    2946       -0.004269
    2947       -0.003989
    2948       -0.003879
    2949       -0.004125
    2950       -0.004780
    2951       -0.005797
    2952       -0.006968
    2953       -0.008185
    2954       -0.009401
    2955       -0.010614
    2956       -0.011824
    2957       -0.013037
    2958       -0.014243
    2959       -0.015461
    2960       -0.016655
    2961       -0.017890
    2962       -0.019066
    2963       -0.020252
    2964       -0.021631
    2965       -0.022241
    2966       -0.022070
    2967       -0.022096
    2968       -0.022134
    2969       -0.022110
    2970       -0.022129
    2971       -0.022124
    2972       -0.022130
    2973       -0.022132
    2974       -0.022131
    2975       -0.022141
    2976       -0.022126
    2977       -0.022154
    2978       -0.022122
    2979       -0.022101
    2980       -0.022276
    2981       -0.021668
    2982       -0.020290
    2983       -0.019107
    2984       -0.017947
    2985       -0.016754
    2986       -0.015645
    2987       -0.014530
    2988       -0.013363
    2989       -0.012051
    2990       -0.010624
    2991       -0.009194
    2992       -0.007878
    2993       -0.006699
    2994       -0.005627
    2995       -0.004690
    2996       -0.004078
    2997       -0.003869
    2998       -0.003731
    2999       -0.003885
    3000       -0.004570
    3001       -0.005671
    3002       -0.006920
    3003       -0.008171
    3004       -0.009400
    3005       -0.010615
    3006       -0.011826
    3007       -0.013035
    3008       -0.014247
    3009       -0.015454
    3010       -0.016676
    3011       -0.017868
    3012       -0.019176
    3013       -0.020250
    3014       -0.022097
    3015       -0.022707
    3016       -0.022067
    3017       -0.022207
    3018       -0.022112
    3019       -0.022132
    3020       -0.022124
    3021       -0.022129
    3022       -0.022130
    3023       -0.022133
    3024       -0.022137
    3025       -0.022137
    3026       -0.022151
    3027       -0.022136
    3028       -0.022237
    3029       -0.022103
    3030       -0.022747
    3031       -0.022140
    3032       -0.020296
    3033       -0.019232
    3034       -0.017955
    3035       -0.016833
    3036       -0.015728
    3037       -0.014643
    3038       -0.013462
    3039       -0.012114
    3040       -0.010627
    3041       -0.009135
    3042       -0.007767
    3043       -0.006545
    3044       -0.005414
    3045       -0.004425
    3046       -0.003810
    3047       -0.003708
    3048       -0.003743
    3049       -0.003860
    3050       -0.004486
    3051       -0.005617
    3052       -0.006903
    3053       -0.008171
    3054       -0.009403
    3055       -0.010617
    3056       -0.011827
    3057       -0.013036
    3058       -0.014246
    3059       -0.015456
    3060       -0.016666
    3061       -0.017892
    3062       -0.019113
    3063       -0.020475
    3064       -0.022156
    3065       -0.022764
    3066       -0.022293
    3067       -0.022144
    3068       -0.022137
    3069       -0.022124
    3070       -0.022127
    3071       -0.022129
    3072       -0.022132
    3073       -0.022135
    3074       -0.022138
    3075       -0.022142
    3076       -0.022145
    3077       -0.022164
    3078       -0.022179
    3079       -0.022334
    3080       -0.022810
    3081       -0.022206
    3082       -0.020527
    3083       -0.019177
    3084       -0.017995
    3085       -0.016865
    3086       -0.015817
    3087       -0.014780
    3088       -0.013619
    3089       -0.012222
    3090       -0.010631
    3091       -0.009035
    3092       -0.007614
    3093       -0.006393
    3094       -0.005276
    3095       -0.004302
    3096       -0.003778
    3097       -0.003721
    3098       -0.003769
    3099       -0.003695
    3100       -0.003730
    3101       -0.003663
    3102       -0.003544
    3103       -0.003492
    3104       -0.003205
    3105       -0.003163
    3106       -0.002820
    3107       -0.002801
    3108       -0.002439
    3109       -0.002432
    3110       -0.002069
    3111       -0.002068
    3112       -0.001704
    3113       -0.001704
    3114       -0.001342
    3115       -0.001342
    3116       -0.000978
    3117       -0.000978
    3118       -0.000617
    3119       -0.000618
    3120       -0.000251
    3121       -0.000249
    3122        0.000108
    3123        0.000101
    3124        0.000484
    3125        0.000485
    3126        0.000836
    3127        0.000835
    3128        0.001271
    3129        0.001074
    3130        0.001741
    3131        0.002241
    3132        0.001923
    3133        0.002422
    3134        0.001815
    3135        0.001618
    3136        0.001744
    3137        0.001743
    3138        0.001754
    3139        0.001755
    3140        0.001741
    3141        0.001734
    3142        0.001744
    3143        0.001747
    3144        0.001742
    3145        0.001741
    3146        0.001742
    3147        0.001743
    3148        0.001741
    3149        0.001742
    3150        0.001739
    3151        0.001739
    3152        0.001740
    3153        0.001743
    3154        0.001735
    3155        0.001728
    3156        0.001745
    3157        0.001748
    3158        0.001733
    3159        0.001733
    3160        0.001802
    3161        0.001607
    3162        0.001908
    3163        0.002409
    3164        0.001725
    3165        0.002227
    3166        0.001256
    3167        0.001060
    3168        0.000822
    3169        0.000819
    3170        0.000482
    3171        0.000472
    3172        0.000110
    3173        0.000071
    3174       -0.000210
    3175       -0.000269
    3176       -0.000608
    3177       -0.001127
    3178       -0.002073
    3179       -0.002191
    3180       -0.001992
    3181       -0.002441
    3182       -0.001706
    3183       -0.001706
    3184       -0.001423
    3185       -0.000976
    3186       -0.001346
    3187       -0.001236
    3188       -0.002836
    3189       -0.002299
    3190       -0.003251
    3191       -0.003147
    3192       -0.003547
    3193       -0.003464
    3194       -0.003730
    3195       -0.003652
    3196       -0.003763
    3197       -0.003688


                                                      SUMMARY INFORMATION
                                                  _________________________

                                                         Min/Max Values
    -Source ID--Entity ID---Sub ID----X Component--
Min:     1       1450          0        -0.042611
Max:     1        732          0         0.018659

