




                       MSC.Patran 25.0.638960 Wed Mar 13 09:21:55 PDT 2019 - Analysis Code: MSC.Nastran 
                                             Load Case: Default, A1:Static Subcase 
                                         Result Strain Tensor,  - Layer (NON-LAYERED) 
                                                     Entity: Element Tensor


-Entity ID--X Component--
       1        0.000124
       2        0.000159
       3       -0.000412
       4       -0.001548
       5       -0.002852
       6       -0.004133
       7       -0.005370
       8       -0.006586
       9       -0.007795
      10       -0.009005
      11       -0.010214
      12       -0.011425
      13       -0.012635
      14       -0.013860
      15       -0.015077
      16       -0.016437
      17       -0.018135
      18       -0.018742
      19       -0.018253
      20       -0.018105
      21       -0.017998
      22       -0.018088
      23       -0.018095
      24       -0.018121
      25       -0.018137
      26       -0.018088
      27       -0.018086
      28       -0.018086
      29       -0.018085
      30       -0.018098
      31       -0.018104
      32       -0.018253
      33       -0.018742
      34       -0.018135
      35       -0.016437
      36       -0.015077
      37       -0.013860
      38       -0.012635
      39       -0.011425
      40       -0.010214
      41       -0.009004
      42       -0.007795
      43       -0.006585
      44       -0.005370
      45       -0.004133
      46       -0.002852
      47       -0.001548
      48       -0.000412
      49        0.000159
      50        0.000124
      51        0.000038
      52       -0.000227
      53       -0.001154
      54       -0.002383
      55       -0.003592
      56       -0.004701
      57       -0.005751
      58       -0.006776
      59       -0.007794
      60       -0.008809
      61       -0.009826
      62       -0.010844
      63       -0.011867
      64       -0.012919
      65       -0.013947
      66       -0.015318
      67       -0.016323
      68       -0.016817
      69       -0.016849
      70       -0.016467
      71       -0.016381
      72       -0.016459
      73       -0.016477
      74       -0.016462
      75       -0.016461
      76       -0.016438
      77       -0.016435
      78       -0.016437
      79       -0.016442
      80       -0.016478
      81       -0.016487
      82       -0.016847
      83       -0.016819
      84       -0.016322
      85       -0.015319
      86       -0.013947
      87       -0.012918
      88       -0.011867
      89       -0.010844
      90       -0.009826
      91       -0.008809
      92       -0.007794
      93       -0.006776
      94       -0.005751
      95       -0.004701
      96       -0.003592
      97       -0.002383
      98       -0.001154
      99       -0.000227
     100        0.000038
     101       -0.000263
     102       -0.001181
     103       -0.002707
     104       -0.004095
     105       -0.005096
     106       -0.005854
     107       -0.006521
     108       -0.007161
     109       -0.007791
     110       -0.008420
     111       -0.009048
     112       -0.009682
     113       -0.010322
     114       -0.011019
     115       -0.011660
     116       -0.013050
     117       -0.012669
     118       -0.012971
     119       -0.013988
     120       -0.013198
     121       -0.013184
     122       -0.013136
     123       -0.013163
     124       -0.013154
     125       -0.013146
     126       -0.013138
     127       -0.013130
     128       -0.013137
     129       -0.013148
     130       -0.013217
     131       -0.013229
     132       -0.013992
     133       -0.012972
     134       -0.012670
     135       -0.013050
     136       -0.011660
     137       -0.011019
     138       -0.010322
     139       -0.009682
     140       -0.009048
     141       -0.008420
     142       -0.007791
     143       -0.007161
     144       -0.006521
     145       -0.005854
     146       -0.005096
     147       -0.004095
     148       -0.002707
     149       -0.001181
     150       -0.000263
     151       -0.000553
     152       -0.002142
     153       -0.004310
     154       -0.005848
     155       -0.006618
     156       -0.007012
     157       -0.007295
     158       -0.007547
     159       -0.007790
     160       -0.008028
     161       -0.008273
     162       -0.008510
     163       -0.008796
     164       -0.009047
     165       -0.009542
     166       -0.010207
     167       -0.009528
     168       -0.009646
     169       -0.010550
     170       -0.010121
     171       -0.009866
     172       -0.009865
     173       -0.009838
     174       -0.009848
     175       -0.009836
     176       -0.009832
     177       -0.009831
     178       -0.009827
     179       -0.009874
     180       -0.009884
     181       -0.010140
     182       -0.010562
     183       -0.009646
     184       -0.009529
     185       -0.010207
     186       -0.009542
     187       -0.009047
     188       -0.008796
     189       -0.008510
     190       -0.008273
     191       -0.008028
     192       -0.007790
     193       -0.007547
     194       -0.007295
     195       -0.007012
     196       -0.006618
     197       -0.005848
     198       -0.004310
     199       -0.002142
     200       -0.000553
     201       -0.000871
     202       -0.003216
     203       -0.006059
     204       -0.007676
     205       -0.008160
     206       -0.008174
     207       -0.008070
     208       -0.007935
     209       -0.007787
     210       -0.007640
     211       -0.007490
     212       -0.007354
     213       -0.007230
     214       -0.007143
     215       -0.007263
     216       -0.007362
     217       -0.006533
     218       -0.006452
     219       -0.007126
     220       -0.006875
     221       -0.006611
     222       -0.006551
     223       -0.006538
     224       -0.006532
     225       -0.006530
     226       -0.006526
     227       -0.006522
     228       -0.006533
     229       -0.006558
     230       -0.006620
     231       -0.006888
     232       -0.007137
     233       -0.006456
     234       -0.006534
     235       -0.007363
     236       -0.007263
     237       -0.007143
     238       -0.007230
     239       -0.007354
     240       -0.007490
     241       -0.007640
     242       -0.007787
     243       -0.007935
     244       -0.008070
     245       -0.008174
     246       -0.008160
     247       -0.007676
     248       -0.006059
     249       -0.003216
     250       -0.000871
     251       -0.001262
     252       -0.004538
     253       -0.008052
     254       -0.009602
     255       -0.009719
     256       -0.009339
     257       -0.008849
     258       -0.008321
     259       -0.007786
     260       -0.007248
     261       -0.006713
     262       -0.006186
     263       -0.005675
     264       -0.005220
     265       -0.004911
     266       -0.004537
     267       -0.003594
     268       -0.003321
     269       -0.003719
     270       -0.003557
     271       -0.003331
     272       -0.003249
     273       -0.003228
     274       -0.003223
     275       -0.003221
     276       -0.003219
     277       -0.003218
     278       -0.003228
     279       -0.003254
     280       -0.003337
     281       -0.003566
     282       -0.003729
     283       -0.003325
     284       -0.003595
     285       -0.004538
     286       -0.004912
     287       -0.005220
     288       -0.005675
     289       -0.006186
     290       -0.006713
     291       -0.007248
     292       -0.007786
     293       -0.008321
     294       -0.008849
     295       -0.009339
     296       -0.009719
     297       -0.009602
     298       -0.008052
     299       -0.004538
     300       -0.001262
     301       -0.001798
     302       -0.006284
     303       -0.010385
     304       -0.011635
     305       -0.011284
     306       -0.010511
     307       -0.009627
     308       -0.008710
     309       -0.007782
     310       -0.006859
     311       -0.005933
     312       -0.005017
     313       -0.004119
     314       -0.003277
     315       -0.002519
     316       -0.001720
     317       -0.000669
     318       -0.000202
     319       -0.000322
     320       -0.000196
     321       -0.000031
     322        0.000054
     323        0.000081
     324        0.000086
     325        0.000087
     326        0.000088
     327        0.000088
     328        0.000080
     329        0.000051
     330       -0.000034
     331       -0.000201
     332       -0.000329
     333       -0.000206
     334       -0.000671
     335       -0.001720
     336       -0.002519
     337       -0.003278
     338       -0.004119
     339       -0.005017
     340       -0.005933
     341       -0.006859
     342       -0.007783
     343       -0.008710
     344       -0.009627
     345       -0.010511
     346       -0.011284
     347       -0.011635
     348       -0.010385
     349       -0.006284
     350       -0.001798
     351       -0.002607
     352       -0.008692
     353       -0.013160
     354       -0.013725
     355       -0.012864
     356       -0.011681
     357       -0.010416
     358       -0.009089
     359       -0.007787
     360       -0.006464
     361       -0.005156
     362       -0.003845
     363       -0.002560
     364       -0.001319
     365       -0.000106
     366        0.001112
     367        0.002273
     368        0.002933
     369        0.003090
     370        0.003186
     371        0.003286
     372        0.003362
     373        0.003390
     374        0.003394
     375        0.003395
     376        0.003395
     377        0.003394
     378        0.003388
     379        0.003360
     380        0.003285
     381        0.003183
     382        0.003085
     383        0.002930
     384        0.002271
     385        0.001111
     386       -0.000106
     387       -0.001319
     388       -0.002560
     389       -0.003845
     390       -0.005156
     391       -0.006465
     392       -0.007787
     393       -0.009089
     394       -0.010416
     395       -0.011681
     396       -0.012864
     397       -0.013725
     398       -0.013160
     399       -0.008692
     400       -0.002607
     401       -0.003843
     402       -0.012218
     403       -0.016319
     404       -0.015863
     405       -0.014403
     406       -0.012913
     407       -0.011158
     408       -0.009499
     409       -0.007773
     410       -0.006081
     411       -0.004373
     412       -0.002676
     413       -0.000992
     414        0.000648
     415        0.002312
     416        0.003977
     417        0.005266
     418        0.006119
     419        0.006537
     420        0.006572
     421        0.006613
     422        0.006677
     423        0.006699
     424        0.006702
     425        0.006703
     426        0.006702
     427        0.006701
     428        0.006697
     429        0.006675
     430        0.006613
     431        0.006571
     432        0.006533
     433        0.006116
     434        0.005264
     435        0.003976
     436        0.002311
     437        0.000648
     438       -0.000993
     439       -0.002677
     440       -0.004373
     441       -0.006081
     442       -0.007773
     443       -0.009499
     444       -0.011158
     445       -0.012913
     446       -0.014403
     447       -0.015863
     448       -0.016319
     449       -0.012218
     450       -0.003843
     451       -0.006320
     452       -0.017093
     453       -0.020023
     454       -0.017613
     455       -0.016241
     456       -0.013970
     457       -0.011998
     458       -0.009856
     459       -0.007786
     460       -0.005684
     461       -0.003593
     462       -0.001509
     463        0.000582
     464        0.002624
     465        0.004712
     466        0.006885
     467        0.008352
     468        0.009400
     469        0.010024
     470        0.009944
     471        0.009947
     472        0.010000
     473        0.010003
     474        0.010013
     475        0.010010
     476        0.010009
     477        0.010011
     478        0.010001
     479        0.010000
     480        0.009948
     481        0.009944
     482        0.010022
     483        0.009398
     484        0.008350
     485        0.006884
     486        0.004712
     487        0.002624
     488        0.000582
     489       -0.001509
     490       -0.003594
     491       -0.005685
     492       -0.007786
     493       -0.009856
     494       -0.011998
     495       -0.013970
     496       -0.016241
     497       -0.017613
     498       -0.020023
     499       -0.017093
     500       -0.006320
     501       -0.009446
     502       -0.025925
     503       -0.021913
     504       -0.020304
     505       -0.017632
     506       -0.015238
     507       -0.012740
     508       -0.010256
     509       -0.007780
     510       -0.005293
     511       -0.002817
     512       -0.000330
     513        0.002135
     514        0.004643
     515        0.007061
     516        0.009810
     517        0.011611
     518        0.012849
     519        0.013531
     520        0.013261
     521        0.013325
     522        0.013303
     523        0.013320
     524        0.013318
     525        0.013318
     526        0.013317
     527        0.013315
     528        0.013317
     529        0.013302
     530        0.013327
     531        0.013264
     532        0.013531
     533        0.012848
     534        0.011610
     535        0.009809
     536        0.007060
     537        0.004642
     538        0.002135
     539       -0.000330
     540       -0.002817
     541       -0.005294
     542       -0.007780
     543       -0.010257
     544       -0.012740
     545       -0.015238
     546       -0.017632
     547       -0.020304
     548       -0.021913
     549       -0.025925
     550       -0.009445
     551       -0.028116
     552       -0.030518
     553       -0.025367
     554       -0.022389
     555       -0.019211
     556       -0.016457
     557       -0.013481
     558       -0.010668
     559       -0.007764
     560       -0.004911
     561       -0.002033
     562        0.000838
     563        0.003715
     564        0.006597
     565        0.009550
     566        0.012447
     567        0.015257
     568        0.016688
     569        0.016751
     570        0.016720
     571        0.016639
     572        0.016629
     573        0.016629
     574        0.016625
     575        0.016626
     576        0.016624
     577        0.016621
     578        0.016625
     579        0.016629
     580        0.016642
     581        0.016724
     582        0.016753
     583        0.016688
     584        0.015256
     585        0.012447
     586        0.009550
     587        0.006596
     588        0.003714
     589        0.000837
     590       -0.002033
     591       -0.004911
     592       -0.007765
     593       -0.010668
     594       -0.013481
     595       -0.016457
     596       -0.019211
     597       -0.022389
     598       -0.025367
     599       -0.030518
     600       -0.028115
     601       -0.043225
     602       -0.031795
     603       -0.027721
     604       -0.023080
     605       -0.020248
     606       -0.016919
     607       -0.013936
     608       -0.010827
     609       -0.007781
     610       -0.004708
     611       -0.001644
     612        0.001420
     613        0.004510
     614        0.007576
     615        0.010773
     616        0.013841
     617        0.016968
     618        0.018500
     619        0.018433
     620        0.018429
     621        0.018297
     622        0.018301
     623        0.018277
     624        0.018281
     625        0.018278
     626        0.018276
     627        0.018278
     628        0.018274
     629        0.018301
     630        0.018301
     631        0.018434
     632        0.018436
     633        0.018501
     634        0.016967
     635        0.013840
     636        0.010772
     637        0.007575
     638        0.004510
     639        0.001419
     640       -0.001645
     641       -0.004708
     642       -0.007781
     643       -0.010827
     644       -0.013936
     645       -0.016919
     646       -0.020248
     647       -0.023080
     648       -0.027721
     649       -0.031795
     650       -0.043225
     651       -0.042908
     652       -0.032200
     653       -0.027535
     654       -0.023173
     655       -0.020211
     656       -0.016935
     657       -0.013930
     658       -0.010830
     659       -0.007779
     660       -0.004708
     661       -0.001644
     662        0.001421
     663        0.004508
     664        0.007583
     665        0.010756
     666        0.013872
     667        0.016931
     668        0.018465
     669        0.018468
     670        0.018418
     671        0.018309
     672        0.018299
     673        0.018276
     674        0.018277
     675        0.018275
     676        0.018274
     677        0.018277
     678        0.018275
     679        0.018299
     680        0.018309
     681        0.018417
     682        0.018467
     683        0.018464
     684        0.016930
     685        0.013871
     686        0.010755
     687        0.007583
     688        0.004507
     689        0.001420
     690       -0.001645
     691       -0.004709
     692       -0.007780
     693       -0.010830
     694       -0.013930
     695       -0.016935
     696       -0.020211
     697       -0.023173
     698       -0.027535
     699       -0.032199
     700       -0.042907
     701       -0.040421
     702       -0.035367
     703       -0.026081
     704       -0.023902
     705       -0.019927
     706       -0.017056
     707       -0.013881
     708       -0.010851
     709       -0.007770
     710       -0.004712
     711       -0.001645
     712        0.001428
     713        0.004487
     714        0.007643
     715        0.010628
     716        0.014119
     717        0.016645
     718        0.018177
     719        0.018717
     720        0.018289
     721        0.018370
     722        0.018277
     723        0.018285
     724        0.018274
     725        0.018276
     726        0.018277
     727        0.018276
     728        0.018286
     729        0.018277
     730        0.018368
     731        0.018286
     732        0.018715
     733        0.018176
     734        0.016645
     735        0.014119
     736        0.010628
     737        0.007643
     738        0.004487
     739        0.001428
     740       -0.001645
     741       -0.004712
     742       -0.007770
     743       -0.010851
     744       -0.013881
     745       -0.017056
     746       -0.019927
     747       -0.023902
     748       -0.026081
     749       -0.035367
     750       -0.040421
     751       -0.042907
     752       -0.032200
     753       -0.027535
     754       -0.023173
     755       -0.020211
     756       -0.016935
     757       -0.013930
     758       -0.010830
     759       -0.007780
     760       -0.004709
     761       -0.001645
     762        0.001420
     763        0.004507
     764        0.007583
     765        0.010756
     766        0.013872
     767        0.016931
     768        0.018464
     769        0.018468
     770        0.018417
     771        0.018309
     772        0.018298
     773        0.018275
     774        0.018277
     775        0.018276
     776        0.018278
     777        0.018281
     778        0.018278
     779        0.018298
     780        0.018305
     781        0.018413
     782        0.018465
     783        0.018464
     784        0.016931
     785        0.013872
     786        0.010756
     787        0.007584
     788        0.004508
     789        0.001421
     790       -0.001644
     791       -0.004708
     792       -0.007779
     793       -0.010830
     794       -0.013930
     795       -0.016935
     796       -0.020211
     797       -0.023173
     798       -0.027535
     799       -0.032200
     800       -0.042907
     801        0.000124
     802        0.000159
     803       -0.000412
     804       -0.001548
     805       -0.002852
     806       -0.004133
     807       -0.005370
     808       -0.006586
     809       -0.007795
     810       -0.009005
     811       -0.010214
     812       -0.011425
     813       -0.012635
     814       -0.013860
     815       -0.015077
     816       -0.016437
     817       -0.018135
     818       -0.018742
     819       -0.018253
     820       -0.018104
     821       -0.018098
     822       -0.018085
     823       -0.018086
     824       -0.018087
     825       -0.018088
     826       -0.018088
     827       -0.018088
     828       -0.018087
     829       -0.018084
     830       -0.018096
     831       -0.018102
     832       -0.018252
     833       -0.018741
     834       -0.018135
     835       -0.016437
     836       -0.015077
     837       -0.013859
     838       -0.012635
     839       -0.011425
     840       -0.010214
     841       -0.009004
     842       -0.007795
     843       -0.006585
     844       -0.005370
     845       -0.004133
     846       -0.002852
     847       -0.001548
     848       -0.000412
     849        0.000159
     850        0.000124
     851        0.000038
     852       -0.000227
     853       -0.001154
     854       -0.002383
     855       -0.003592
     856       -0.004701
     857       -0.005751
     858       -0.006776
     859       -0.007794
     860       -0.008809
     861       -0.009826
     862       -0.010844
     863       -0.011867
     864       -0.012919
     865       -0.013947
     866       -0.015319
     867       -0.016323
     868       -0.016819
     869       -0.016847
     870       -0.016487
     871       -0.016478
     872       -0.016442
     873       -0.016437
     874       -0.016435
     875       -0.016435
     876       -0.016435
     877       -0.016436
     878       -0.016437
     879       -0.016441
     880       -0.016476
     881       -0.016485
     882       -0.016845
     883       -0.016818
     884       -0.016322
     885       -0.015318
     886       -0.013947
     887       -0.012918
     888       -0.011867
     889       -0.010844
     890       -0.009826
     891       -0.008809
     892       -0.007794
     893       -0.006776
     894       -0.005751
     895       -0.004701
     896       -0.003592
     897       -0.002383
     898       -0.001154
     899       -0.000227
     900        0.000038
     901       -0.000263
     902       -0.001181
     903       -0.002707
     904       -0.004095
     905       -0.005096
     906       -0.005854
     907       -0.006521
     908       -0.007161
     909       -0.007791
     910       -0.008420
     911       -0.009048
     912       -0.009682
     913       -0.010322
     914       -0.011019
     915       -0.011660
     916       -0.013050
     917       -0.012671
     918       -0.012972
     919       -0.013992
     920       -0.013229
     921       -0.013217
     922       -0.013148
     923       -0.013136
     924       -0.013130
     925       -0.013129
     926       -0.013130
     927       -0.013131
     928       -0.013136
     929       -0.013148
     930       -0.013215
     931       -0.013228
     932       -0.013991
     933       -0.012971
     934       -0.012670
     935       -0.013050
     936       -0.011660
     937       -0.011019
     938       -0.010322
     939       -0.009682
     940       -0.009048
     941       -0.008419
     942       -0.007791
     943       -0.007161
     944       -0.006521
     945       -0.005854
     946       -0.005096
     947       -0.004095
     948       -0.002707
     949       -0.001181
     950       -0.000263
     951       -0.000553
     952       -0.002142
     953       -0.004310
     954       -0.005848
     955       -0.006618
     956       -0.007012
     957       -0.007295
     958       -0.007547
     959       -0.007790
     960       -0.008028
     961       -0.008273
     962       -0.008510
     963       -0.008796
     964       -0.009047
     965       -0.009542
     966       -0.010207
     967       -0.009529
     968       -0.009646
     969       -0.010562
     970       -0.010140
     971       -0.009884
     972       -0.009873
     973       -0.009826
     974       -0.009828
     975       -0.009823
     976       -0.009823
     977       -0.009829
     978       -0.009826
     979       -0.009873
     980       -0.009883
     981       -0.010139
     982       -0.010561
     983       -0.009646
     984       -0.009529
     985       -0.010207
     986       -0.009542
     987       -0.009047
     988       -0.008796
     989       -0.008510
     990       -0.008273
     991       -0.008028
     992       -0.007790
     993       -0.007547
     994       -0.007295
     995       -0.007012
     996       -0.006618
     997       -0.005848
     998       -0.004310
     999       -0.002142
    1000       -0.000553
    1001       -0.000871
    1002       -0.003216
    1003       -0.006059
    1004       -0.007676
    1005       -0.008160
    1006       -0.008174
    1007       -0.008070
    1008       -0.007935
    1009       -0.007787
    1010       -0.007640
    1011       -0.007490
    1012       -0.007354
    1013       -0.007230
    1014       -0.007143
    1015       -0.007263
    1016       -0.007363
    1017       -0.006533
    1018       -0.006456
    1019       -0.007137
    1020       -0.006888
    1021       -0.006620
    1022       -0.006558
    1023       -0.006532
    1024       -0.006519
    1025       -0.006519
    1026       -0.006519
    1027       -0.006519
    1028       -0.006532
    1029       -0.006557
    1030       -0.006619
    1031       -0.006887
    1032       -0.007136
    1033       -0.006455
    1034       -0.006533
    1035       -0.007362
    1036       -0.007263
    1037       -0.007143
    1038       -0.007230
    1039       -0.007354
    1040       -0.007490
    1041       -0.007640
    1042       -0.007787
    1043       -0.007935
    1044       -0.008070
    1045       -0.008174
    1046       -0.008160
    1047       -0.007676
    1048       -0.006059
    1049       -0.003216
    1050       -0.000871
    1051       -0.001262
    1052       -0.004538
    1053       -0.008052
    1054       -0.009602
    1055       -0.009719
    1056       -0.009339
    1057       -0.008849
    1058       -0.008321
    1059       -0.007786
    1060       -0.007248
    1061       -0.006713
    1062       -0.006186
    1063       -0.005675
    1064       -0.005220
    1065       -0.004912
    1066       -0.004538
    1067       -0.003595
    1068       -0.003325
    1069       -0.003729
    1070       -0.003565
    1071       -0.003336
    1072       -0.003253
    1073       -0.003226
    1074       -0.003215
    1075       -0.003213
    1076       -0.003213
    1077       -0.003215
    1078       -0.003226
    1079       -0.003253
    1080       -0.003336
    1081       -0.003565
    1082       -0.003729
    1083       -0.003324
    1084       -0.003595
    1085       -0.004538
    1086       -0.004912
    1087       -0.005220
    1088       -0.005675
    1089       -0.006186
    1090       -0.006713
    1091       -0.007248
    1092       -0.007786
    1093       -0.008321
    1094       -0.008849
    1095       -0.009339
    1096       -0.009719
    1097       -0.009602
    1098       -0.008052
    1099       -0.004538
    1100       -0.001262
    1101       -0.001798
    1102       -0.006284
    1103       -0.010385
    1104       -0.011635
    1105       -0.011284
    1106       -0.010511
    1107       -0.009627
    1108       -0.008710
    1109       -0.007782
    1110       -0.006859
    1111       -0.005933
    1112       -0.005017
    1113       -0.004119
    1114       -0.003278
    1115       -0.002519
    1116       -0.001720
    1117       -0.000670
    1118       -0.000206
    1119       -0.000329
    1120       -0.000201
    1121       -0.000033
    1122        0.000052
    1123        0.000081
    1124        0.000090
    1125        0.000093
    1126        0.000093
    1127        0.000090
    1128        0.000081
    1129        0.000052
    1130       -0.000033
    1131       -0.000201
    1132       -0.000329
    1133       -0.000206
    1134       -0.000670
    1135       -0.001720
    1136       -0.002519
    1137       -0.003278
    1138       -0.004119
    1139       -0.005017
    1140       -0.005933
    1141       -0.006859
    1142       -0.007783
    1143       -0.008710
    1144       -0.009627
    1145       -0.010511
    1146       -0.011284
    1147       -0.011635
    1148       -0.010386
    1149       -0.006284
    1150       -0.001798
    1151       -0.002607
    1152       -0.008692
    1153       -0.013160
    1154       -0.013725
    1155       -0.012864
    1156       -0.011681
    1157       -0.010416
    1158       -0.009089
    1159       -0.007787
    1160       -0.006464
    1161       -0.005156
    1162       -0.003845
    1163       -0.002560
    1164       -0.001319
    1165       -0.000106
    1166        0.001112
    1167        0.002272
    1168        0.002930
    1169        0.003085
    1170        0.003184
    1171        0.003285
    1172        0.003361
    1173        0.003389
    1174        0.003396
    1175        0.003399
    1176        0.003399
    1177        0.003396
    1178        0.003389
    1179        0.003361
    1180        0.003285
    1181        0.003184
    1182        0.003085
    1183        0.002930
    1184        0.002271
    1185        0.001111
    1186       -0.000106
    1187       -0.001319
    1188       -0.002560
    1189       -0.003845
    1190       -0.005156
    1191       -0.006465
    1192       -0.007787
    1193       -0.009089
    1194       -0.010416
    1195       -0.011681
    1196       -0.012864
    1197       -0.013725
    1198       -0.013160
    1199       -0.008692
    1200       -0.002607
    1201       -0.003843
    1202       -0.012218
    1203       -0.016319
    1204       -0.015863
    1205       -0.014403
    1206       -0.012913
    1207       -0.011158
    1208       -0.009499
    1209       -0.007773
    1210       -0.006081
    1211       -0.004373
    1212       -0.002677
    1213       -0.000993
    1214        0.000648
    1215        0.002311
    1216        0.003977
    1217        0.005265
    1218        0.006116
    1219        0.006534
    1220        0.006572
    1221        0.006614
    1222        0.006676
    1223        0.006698
    1224        0.006702
    1225        0.006705
    1226        0.006705
    1227        0.006702
    1228        0.006697
    1229        0.006676
    1230        0.006614
    1231        0.006572
    1232        0.006534
    1233        0.006116
    1234        0.005264
    1235        0.003976
    1236        0.002311
    1237        0.000648
    1238       -0.000993
    1239       -0.002677
    1240       -0.004373
    1241       -0.006081
    1242       -0.007773
    1243       -0.009499
    1244       -0.011158
    1245       -0.012913
    1246       -0.014403
    1247       -0.015863
    1248       -0.016319
    1249       -0.012219
    1250       -0.003843
    1251       -0.006320
    1252       -0.017093
    1253       -0.020023
    1254       -0.017613
    1255       -0.016241
    1256       -0.013970
    1257       -0.011998
    1258       -0.009856
    1259       -0.007786
    1260       -0.005684
    1261       -0.003593
    1262       -0.001509
    1263        0.000582
    1264        0.002624
    1265        0.004712
    1266        0.006885
    1267        0.008351
    1268        0.009399
    1269        0.010023
    1270        0.009945
    1271        0.009949
    1272        0.010001
    1273        0.010002
    1274        0.010012
    1275        0.010010
    1276        0.010009
    1277        0.010011
    1278        0.010001
    1279        0.010000
    1280        0.009949
    1281        0.009945
    1282        0.010023
    1283        0.009398
    1284        0.008350
    1285        0.006884
    1286        0.004712
    1287        0.002623
    1288        0.000582
    1289       -0.001509
    1290       -0.003594
    1291       -0.005685
    1292       -0.007786
    1293       -0.009856
    1294       -0.011998
    1295       -0.013970
    1296       -0.016241
    1297       -0.017613
    1298       -0.020023
    1299       -0.017094
    1300       -0.006320
    1301       -0.009446
    1302       -0.025924
    1303       -0.021913
    1304       -0.020304
    1305       -0.017632
    1306       -0.015238
    1307       -0.012740
    1308       -0.010256
    1309       -0.007780
    1310       -0.005294
    1311       -0.002817
    1312       -0.000330
    1313        0.002135
    1314        0.004643
    1315        0.007060
    1316        0.009809
    1317        0.011610
    1318        0.012849
    1319        0.013532
    1320        0.013265
    1321        0.013328
    1322        0.013303
    1323        0.013318
    1324        0.013315
    1325        0.013316
    1326        0.013316
    1327        0.013314
    1328        0.013317
    1329        0.013303
    1330        0.013328
    1331        0.013265
    1332        0.013532
    1333        0.012848
    1334        0.011609
    1335        0.009809
    1336        0.007060
    1337        0.004642
    1338        0.002135
    1339       -0.000330
    1340       -0.002817
    1341       -0.005294
    1342       -0.007780
    1343       -0.010257
    1344       -0.012740
    1345       -0.015238
    1346       -0.017632
    1347       -0.020304
    1348       -0.021913
    1349       -0.025925
    1350       -0.009445
    1351       -0.028116
    1352       -0.030518
    1353       -0.025367
    1354       -0.022389
    1355       -0.019211
    1356       -0.016457
    1357       -0.013481
    1358       -0.010668
    1359       -0.007764
    1360       -0.004911
    1361       -0.002033
    1362        0.000837
    1363        0.003715
    1364        0.006596
    1365        0.009550
    1366        0.012447
    1367        0.015257
    1368        0.016689
    1369        0.016754
    1370        0.016725
    1371        0.016643
    1372        0.016631
    1373        0.016626
    1374        0.016621
    1375        0.016622
    1376        0.016621
    1377        0.016620
    1378        0.016625
    1379        0.016630
    1380        0.016643
    1381        0.016725
    1382        0.016753
    1383        0.016688
    1384        0.015256
    1385        0.012446
    1386        0.009549
    1387        0.006596
    1388        0.003714
    1389        0.000837
    1390       -0.002033
    1391       -0.004911
    1392       -0.007765
    1393       -0.010668
    1394       -0.013481
    1395       -0.016457
    1396       -0.019211
    1397       -0.022389
    1398       -0.025367
    1399       -0.030518
    1400       -0.028115
    1401       -0.043226
    1402       -0.031795
    1403       -0.027721
    1404       -0.023080
    1405       -0.020248
    1406       -0.016919
    1407       -0.013936
    1408       -0.010827
    1409       -0.007781
    1410       -0.004708
    1411       -0.001644
    1412        0.001420
    1413        0.004510
    1414        0.007576
    1415        0.010772
    1416        0.013841
    1417        0.016968
    1418        0.018502
    1419        0.018437
    1420        0.018434
    1421        0.018302
    1422        0.018302
    1423        0.018275
    1424        0.018278
    1425        0.018274
    1426        0.018274
    1427        0.018277
    1428        0.018274
    1429        0.018301
    1430        0.018301
    1431        0.018434
    1432        0.018436
    1433        0.018500
    1434        0.016966
    1435        0.013840
    1436        0.010772
    1437        0.007575
    1438        0.004510
    1439        0.001419
    1440       -0.001645
    1441       -0.004708
    1442       -0.007781
    1443       -0.010827
    1444       -0.013936
    1445       -0.016919
    1446       -0.020248
    1447       -0.023080
    1448       -0.027721
    1449       -0.031794
    1450       -0.043225
    1451        0.000024
    1452        0.000174
    1453        0.000402
    1454        0.000644
    1455        0.000849
    1456        0.001003
    1457        0.001097
    1458        0.001129
    1459        0.001096
    1460        0.001001
    1461        0.000847
    1462        0.000643
    1463        0.000402
    1464        0.000174
    1465        0.000025
    1466       -0.000001
    1467        0.000165
    1468        0.000376
    1469        0.000577
    1470        0.000738
    1471        0.000849
    1472        0.000912
    1473        0.000931
    1474        0.000910
    1475        0.000846
    1476        0.000734
    1477        0.000574
    1478        0.000374
    1479        0.000163
    1480       -0.000001
    1481       -0.000116
    1482        0.000125
    1483        0.000353
    1484        0.000541
    1485        0.000672
    1486        0.000749
    1487        0.000784
    1488        0.000794
    1489        0.000784
    1490        0.000746
    1491        0.000667
    1492        0.000535
    1493        0.000348
    1494        0.000120
    1495       -0.000120
    1496       -0.000179
    1497        0.000127
    1498        0.000376
    1499        0.000550
    1500        0.000650
    1501        0.000690
    1502        0.000699
    1503        0.000699
    1504        0.000699
    1505        0.000689
    1506        0.000644
    1507        0.000542
    1508        0.000367
    1509        0.000117
    1510       -0.000191
    1511       -0.000148
    1512        0.000217
    1513        0.000471
    1514        0.000615
    1515        0.000668
    1516        0.000664
    1517        0.000641
    1518        0.000631
    1519        0.000643
    1520        0.000663
    1521        0.000661
    1522        0.000603
    1523        0.000458
    1524        0.000203
    1525       -0.000172
    1526        0.000040
    1527        0.000437
    1528        0.000661
    1529        0.000741
    1530        0.000724
    1531        0.000660
    1532        0.000598
    1533        0.000575
    1534        0.000600
    1535        0.000657
    1536        0.000713
    1537        0.000726
    1538        0.000648
    1539        0.000425
    1540        0.000007
    1541        0.000455
    1542        0.000844
    1543        0.000972
    1544        0.000930
    1545        0.000804
    1546        0.000661
    1547        0.000554
    1548        0.000516
    1549        0.000555
    1550        0.000658
    1551        0.000791
    1552        0.000913
    1553        0.000960
    1554        0.000840
    1555        0.000421
    1556        0.001255
    1557        0.001479
    1558        0.001372
    1559        0.001122
    1560        0.000858
    1561        0.000635
    1562        0.000488
    1563        0.000438
    1564        0.000493
    1565        0.000642
    1566        0.000859
    1567        0.001114
    1568        0.001362
    1569        0.001477
    1570        0.001228
    1571        0.002419
    1572        0.002156
    1573        0.001549
    1574        0.001075
    1575        0.000739
    1576        0.000514
    1577        0.000374
    1578        0.000330
    1579        0.000393
    1580        0.000548
    1581        0.000775
    1582        0.001093
    1583        0.001541
    1584        0.002132
    1585        0.002393
    1586        0.003763
    1587        0.001549
    1588        0.000690
    1589        0.000312
    1590        0.000161
    1591        0.000175
    1592        0.000207
    1593        0.000191
    1594        0.000238
    1595        0.000235
    1596        0.000215
    1597        0.000339
    1598        0.000679
    1599        0.001490
    1600        0.003716
    1601        0.000237
    1602       -0.001608
    1603       -0.001523
    1604       -0.001455
    1605       -0.001229
    1606       -0.000715
    1607        0.000054
    1608        0.000035
    1609        0.000076
    1610       -0.000703
    1611       -0.001257
    1612       -0.001496
    1613       -0.001558
    1614       -0.001639
    1615        0.000206
    1616       -0.000565
    1617       -0.000131
    1618       -0.000480
    1619       -0.001000
    1620       -0.000373
    1621       -0.000904
    1622       -0.001420
    1623       -0.000698
    1624       -0.001341
    1625       -0.001932
    1626       -0.001371
    1627       -0.001871
    1628       -0.003035
    1629       -0.002357
    1630       -0.003040
    1631       -0.002025
    1632       -0.001280
    1633       -0.002029
    1799        0.002299
    1800        0.002678
    1801        0.004429
    1802        0.004561
    1803        0.004703
    1804        0.004759
    1805        0.004778
    1806        0.004784
    1807        0.004781
    1808        0.004764
    1809        0.004707
    1810        0.004562
    1811        0.004424
    1812        0.002672
    1813        0.002291
    1814        0.000727
    1815        0.002716
    1816        0.003978
    1817        0.004477
    1818        0.004773
    1819        0.004941
    1820        0.005020
    1821        0.005045
    1822        0.005021
    1823        0.004944
    1824        0.004779
    1825        0.004484
    1826        0.003984
    1827        0.002732
    1828        0.000757
    1829        0.002191
    1830        0.002681
    1831        0.003565
    1832        0.004275
    1833        0.004730
    1834        0.005032
    1835        0.005198
    1836        0.005249
    1837        0.005194
    1838        0.005029
    1839        0.004734
    1840        0.004286
    1841        0.003583
    1842        0.002711
    1843        0.002238
    1844        0.001523
    1845        0.002414
    1846        0.003223
    1847        0.003973
    1848        0.004589
    1849        0.005032
    1850        0.005300
    1851        0.005386
    1852        0.005291
    1853        0.005023
    1854        0.004590
    1855        0.003990
    1856        0.003253
    1857        0.002456
    1858        0.001590
    1859        0.001170
    1860        0.001961
    1861        0.002792
    1862        0.003610
    1863        0.004350
    1864        0.004944
    1865        0.005328
    1866        0.005452
    1867        0.005309
    1868        0.004925
    1869        0.004346
    1870        0.003629
    1871        0.002829
    1872        0.002011
    1873        0.001248
    1874        0.000722
    1875        0.001468
    1876        0.002279
    1877        0.003144
    1878        0.004009
    1879        0.004765
    1880        0.005275
    1881        0.005446
    1882        0.005253
    1883        0.004746
    1884        0.004021
    1885        0.003180
    1886        0.002319
    1887        0.001515
    1888        0.000801
    1889        0.000353
    1890        0.000927
    1891        0.001651
    1892        0.002542
    1893        0.003533
    1894        0.004475
    1895        0.005146
    1896        0.005374
    1897        0.005120
    1898        0.004462
    1899        0.003561
    1900        0.002594
    1901        0.001704
    1902        0.000969
    1903        0.000422
    1904       -0.000070
    1905        0.000248
    1906        0.000825
    1907        0.001700
    1908        0.002840
    1909        0.004040
    1910        0.004939
    1911        0.005244
    1912        0.004905
    1913        0.004022
    1914        0.002871
    1915        0.001765
    1916        0.000883
    1917        0.000285
    1918       -0.000021
    1919       -0.000704
    1920       -0.000652
    1921       -0.000330
    1922        0.000475
    1923        0.001789
    1924        0.003389
    1925        0.004668
    1926        0.005074
    1927        0.004602
    1928        0.003320
    1929        0.001765
    1930        0.000497
    1931       -0.000292
    1932       -0.000613
    1933       -0.000669
    1934       -0.001317
    1935       -0.002174
    1936       -0.002030
    1937       -0.001297
    1938        0.000117
    1939        0.002319
    1940        0.004394
    1941        0.004884
    1942        0.004251
    1943        0.002106
    1944       -0.000064
    1945       -0.001390
    1946       -0.002052
    1947       -0.002160
    1948       -0.001316
    1949       -0.005879
    1950       -0.004322
    1951       -0.003952
    1952       -0.003484
    1953       -0.002495
    1954       -0.000101
    1955        0.004434
    1956        0.004691
    1957        0.004214
    1958       -0.000630
    1959       -0.002913
    1960       -0.003723
    1961       -0.004055
    1962       -0.004326
    1963       -0.005885
    1964        0.003801
    1965        0.004476
    1966        0.004172
    1967        0.003321
    1968        0.004243
    1969        0.003692
    1970        0.003285
    1971        0.003801
    1972        0.003498
    1973        0.002847
    1974        0.003320
    1975        0.002935
    1976        0.002733
    1977        0.001093
    1978        0.002772
    1979        0.000345
    1980       -0.002083
    1981        0.000361
    1982        0.002299
    1983        0.002678
    1984        0.004429
    1985        0.004560
    1986        0.004702
    1987        0.004759
    1988        0.004777
    1989        0.004784
    1990        0.004780
    1991        0.004763
    1992        0.004706
    1993        0.004562
    1994        0.004424
    1995        0.002672
    1996        0.002292
    1997        0.000727
    1998        0.002716
    1999        0.003978
    2000        0.004477
    2001        0.004773
    2002        0.004941
    2003        0.005020
    2004        0.005045
    2005        0.005021
    2006        0.004944
    2007        0.004779
    2008        0.004484
    2009        0.003984
    2010        0.002732
    2011        0.000757
    2012        0.002191
    2013        0.002681
    2014        0.003565
    2015        0.004275
    2016        0.004730
    2017        0.005031
    2018        0.005197
    2019        0.005248
    2020        0.005194
    2021        0.005029
    2022        0.004734
    2023        0.004286
    2024        0.003583
    2025        0.002711
    2026        0.002238
    2027        0.001523
    2028        0.002413
    2029        0.003223
    2030        0.003973
    2031        0.004587
    2032        0.005030
    2033        0.005300
    2034        0.005386
    2035        0.005290
    2036        0.005020
    2037        0.004585
    2038        0.003987
    2039        0.003252
    2040        0.002456
    2041        0.001590
    2042        0.001170
    2043        0.001960
    2044        0.002792
    2045        0.003607
    2046        0.004349
    2047        0.004945
    2048        0.005327
    2049        0.005452
    2050        0.005309
    2051        0.004927
    2052        0.004350
    2053        0.003629
    2054        0.002827
    2055        0.002010
    2056        0.001248
    2057        0.000722
    2058        0.001468
    2059        0.002280
    2060        0.003149
    2061        0.004012
    2062        0.004766
    2063        0.005276
    2064        0.005446
    2065        0.005253
    2066        0.004747
    2067        0.004023
    2068        0.003183
    2069        0.002324
    2070        0.001516
    2071        0.000802
    2072        0.000352
    2073        0.000927
    2074        0.001651
    2075        0.002543
    2076        0.003534
    2077        0.004476
    2078        0.005146
    2079        0.005374
    2080        0.005120
    2081        0.004462
    2082        0.003562
    2083        0.002595
    2084        0.001705
    2085        0.000970
    2086        0.000423
    2087       -0.000068
    2088        0.000253
    2089        0.000826
    2090        0.001701
    2091        0.002840
    2092        0.004041
    2093        0.004939
    2094        0.005244
    2095        0.004905
    2096        0.004022
    2097        0.002871
    2098        0.001765
    2099        0.000884
    2100        0.000289
    2101       -0.000018
    2102       -0.000707
    2103       -0.000654
    2104       -0.000330
    2105        0.000476
    2106        0.001789
    2107        0.003389
    2108        0.004668
    2109        0.005074
    2110        0.004602
    2111        0.003320
    2112        0.001770
    2113        0.000500
    2114       -0.000291
    2115       -0.000614
    2116       -0.000672
    2117       -0.001316
    2118       -0.002170
    2119       -0.002028
    2120       -0.001296
    2121        0.000118
    2122        0.002320
    2123        0.004394
    2124        0.004884
    2125        0.004251
    2126        0.002106
    2127       -0.000056
    2128       -0.001392
    2129       -0.002053
    2130       -0.002160
    2131       -0.001317
    2132       -0.005881
    2133       -0.004320
    2134       -0.003951
    2135       -0.003484
    2136       -0.002495
    2137       -0.000100
    2138        0.004434
    2139        0.004691
    2140        0.004214
    2141       -0.000630
    2142       -0.002909
    2143       -0.003728
    2144       -0.004056
    2145       -0.004326
    2146       -0.005885
    2147        0.003801
    2148        0.004476
    2149        0.004172
    2150        0.003321
    2151        0.004243
    2152        0.003691
    2153        0.003285
    2154        0.003801
    2155        0.003498
    2156        0.002847
    2157        0.003321
    2158        0.002935
    2159        0.002734
    2160        0.001093
    2161        0.002772
    2162        0.000344
    2163       -0.002083
    2164        0.000361
    2165        0.000024
    2166        0.000174
    2167        0.000402
    2168        0.000644
    2169        0.000849
    2170        0.001003
    2171        0.001097
    2172        0.001129
    2173        0.001096
    2174        0.001001
    2175        0.000847
    2176        0.000643
    2177        0.000402
    2178        0.000174
    2179        0.000025
    2180       -0.000001
    2181        0.000164
    2182        0.000376
    2183        0.000577
    2184        0.000738
    2185        0.000849
    2186        0.000912
    2187        0.000931
    2188        0.000910
    2189        0.000846
    2190        0.000734
    2191        0.000574
    2192        0.000374
    2193        0.000163
    2194       -0.000001
    2195       -0.000116
    2196        0.000125
    2197        0.000353
    2198        0.000541
    2199        0.000672
    2200        0.000748
    2201        0.000784
    2202        0.000794
    2203        0.000783
    2204        0.000746
    2205        0.000667
    2206        0.000534
    2207        0.000348
    2208        0.000120
    2209       -0.000120
    2210       -0.000179
    2211        0.000127
    2212        0.000376
    2213        0.000550
    2214        0.000649
    2215        0.000690
    2216        0.000698
    2217        0.000699
    2218        0.000699
    2219        0.000688
    2220        0.000643
    2221        0.000541
    2222        0.000366
    2223        0.000117
    2224       -0.000191
    2225       -0.000149
    2226        0.000217
    2227        0.000470
    2228        0.000614
    2229        0.000667
    2230        0.000664
    2231        0.000642
    2232        0.000631
    2233        0.000642
    2234        0.000662
    2235        0.000659
    2236        0.000601
    2237        0.000457
    2238        0.000203
    2239       -0.000172
    2240        0.000040
    2241        0.000437
    2242        0.000661
    2243        0.000741
    2244        0.000724
    2245        0.000661
    2246        0.000599
    2247        0.000575
    2248        0.000600
    2249        0.000658
    2250        0.000715
    2251        0.000726
    2252        0.000647
    2253        0.000424
    2254        0.000007
    2255        0.000455
    2256        0.000845
    2257        0.000972
    2258        0.000932
    2259        0.000805
    2260        0.000662
    2261        0.000555
    2262        0.000516
    2263        0.000555
    2264        0.000658
    2265        0.000792
    2266        0.000911
    2267        0.000960
    2268        0.000840
    2269        0.000422
    2270        0.001257
    2271        0.001481
    2272        0.001375
    2273        0.001124
    2274        0.000858
    2275        0.000636
    2276        0.000488
    2277        0.000439
    2278        0.000493
    2279        0.000642
    2280        0.000858
    2281        0.001114
    2282        0.001366
    2283        0.001484
    2284        0.001232
    2285        0.002416
    2286        0.002157
    2287        0.001549
    2288        0.001077
    2289        0.000741
    2290        0.000515
    2291        0.000375
    2292        0.000330
    2293        0.000393
    2294        0.000547
    2295        0.000773
    2296        0.001092
    2297        0.001540
    2298        0.002130
    2299        0.002390
    2300        0.003762
    2301        0.001549
    2302        0.000692
    2303        0.000312
    2304        0.000161
    2305        0.000176
    2306        0.000207
    2307        0.000191
    2308        0.000238
    2309        0.000232
    2310        0.000210
    2311        0.000335
    2312        0.000674
    2313        0.001485
    2314        0.003712
    2315        0.000246
    2316       -0.001606
    2317       -0.001519
    2318       -0.001448
    2319       -0.001227
    2320       -0.000710
    2321        0.000054
    2322        0.000036
    2323        0.000075
    2324       -0.000706
    2325       -0.001263
    2326       -0.001498
    2327       -0.001563
    2328       -0.001650
    2329        0.000201
    2330       -0.000567
    2331       -0.000131
    2332       -0.000478
    2333       -0.001003
    2334       -0.000372
    2335       -0.000897
    2336       -0.001423
    2337       -0.000699
    2338       -0.001339
    2339       -0.001935
    2340       -0.001370
    2341       -0.001868
    2342       -0.003036
    2343       -0.002357
    2344       -0.003033
    2345       -0.002032
    2346       -0.001279
    2347       -0.002029
    2348       -0.000041
    2349       -0.000195
    2350       -0.000780
    2351       -0.001767
    2352       -0.002934
    2353       -0.004151
    2354       -0.005369
    2355       -0.006583
    2356       -0.007793
    2357       -0.009005
    2358       -0.010212
    2359       -0.011430
    2360       -0.012623
    2361       -0.013858
    2362       -0.015033
    2363       -0.016219
    2364       -0.017602
    2365       -0.018212
    2366       -0.018036
    2367       -0.018060
    2368       -0.018097
    2369       -0.018073
    2370       -0.018091
    2371       -0.018084
    2372       -0.018084
    2373       -0.018080
    2374       -0.018075
    2375       -0.018082
    2376       -0.018078
    2377       -0.018110
    2378       -0.018071
    2379       -0.018037
    2380       -0.018212
    2381       -0.017603
    2382       -0.016219
    2383       -0.015033
    2384       -0.013859
    2385       -0.012623
    2386       -0.011430
    2387       -0.010212
    2388       -0.009005
    2389       -0.007793
    2390       -0.006583
    2391       -0.005369
    2392       -0.004151
    2393       -0.002934
    2394       -0.001767
    2395       -0.000780
    2396       -0.000195
    2397       -0.000041
    2398       -0.000155
    2399       -0.000392
    2400       -0.000979
    2401       -0.001897
    2402       -0.002995
    2403       -0.004171
    2404       -0.005373
    2405       -0.006581
    2406       -0.007793
    2407       -0.009003
    2408       -0.010215
    2409       -0.011422
    2410       -0.012630
    2411       -0.013832
    2412       -0.014994
    2413       -0.016140
    2414       -0.017268
    2415       -0.017875
    2416       -0.017957
    2417       -0.018021
    2418       -0.018071
    2419       -0.018079
    2420       -0.018083
    2421       -0.018086
    2422       -0.018083
    2423       -0.018081
    2424       -0.018080
    2425       -0.018080
    2426       -0.018083
    2427       -0.018079
    2428       -0.018028
    2429       -0.017961
    2430       -0.017875
    2431       -0.017268
    2432       -0.016140
    2433       -0.014994
    2434       -0.013832
    2435       -0.012630
    2436       -0.011422
    2437       -0.010215
    2438       -0.009003
    2439       -0.007793
    2440       -0.006582
    2441       -0.005373
    2442       -0.004171
    2443       -0.002995
    2444       -0.001897
    2445       -0.000979
    2446       -0.000392
    2447       -0.000155
    2448       -0.000239
    2449       -0.000524
    2450       -0.001128
    2451       -0.002004
    2452       -0.003049
    2453       -0.004191
    2454       -0.005378
    2455       -0.006582
    2456       -0.007792
    2457       -0.009003
    2458       -0.010214
    2459       -0.011423
    2460       -0.012625
    2461       -0.013815
    2462       -0.014956
    2463       -0.016054
    2464       -0.017021
    2465       -0.017627
    2466       -0.017872
    2467       -0.017984
    2468       -0.018054
    2469       -0.018075
    2470       -0.018083
    2471       -0.018085
    2472       -0.018084
    2473       -0.018083
    2474       -0.018082
    2475       -0.018082
    2476       -0.018078
    2477       -0.018059
    2478       -0.017989
    2479       -0.017876
    2480       -0.017629
    2481       -0.017021
    2482       -0.016055
    2483       -0.014956
    2484       -0.013815
    2485       -0.012625
    2486       -0.011423
    2487       -0.010214
    2488       -0.009003
    2489       -0.007792
    2490       -0.006582
    2491       -0.005378
    2492       -0.004191
    2493       -0.003049
    2494       -0.002004
    2495       -0.001128
    2496       -0.000524
    2497       -0.000239
    2498       -0.000301
    2499       -0.000606
    2500       -0.001236
    2501       -0.002086
    2502       -0.003094
    2503       -0.004209
    2504       -0.005382
    2505       -0.006582
    2506       -0.007791
    2507       -0.009003
    2508       -0.010214
    2509       -0.011422
    2510       -0.012622
    2511       -0.013800
    2512       -0.014925
    2513       -0.015975
    2514       -0.016846
    2515       -0.017452
    2516       -0.017792
    2517       -0.017953
    2518       -0.018039
    2519       -0.018072
    2520       -0.018082
    2521       -0.018085
    2522       -0.018085
    2523       -0.018084
    2524       -0.018083
    2525       -0.018082
    2526       -0.018073
    2527       -0.018042
    2528       -0.017956
    2529       -0.017796
    2530       -0.017453
    2531       -0.016846
    2532       -0.015975
    2533       -0.014925
    2534       -0.013800
    2535       -0.012622
    2536       -0.011422
    2537       -0.010214
    2538       -0.009003
    2539       -0.007791
    2540       -0.006582
    2541       -0.005382
    2542       -0.004209
    2543       -0.003094
    2544       -0.002086
    2545       -0.001236
    2546       -0.000606
    2547       -0.000301
    2548       -0.000344
    2549       -0.000654
    2550       -0.001308
    2551       -0.002144
    2552       -0.003127
    2553       -0.004223
    2554       -0.005386
    2555       -0.006583
    2556       -0.007791
    2557       -0.009003
    2558       -0.010213
    2559       -0.011421
    2560       -0.012619
    2561       -0.013790
    2562       -0.014900
    2563       -0.015914
    2564       -0.016728
    2565       -0.017334
    2566       -0.017731
    2567       -0.017928
    2568       -0.018029
    2569       -0.018069
    2570       -0.018082
    2571       -0.018085
    2572       -0.018085
    2573       -0.018085
    2574       -0.018085
    2575       -0.018082
    2576       -0.018070
    2577       -0.018030
    2578       -0.017930
    2579       -0.017734
    2580       -0.017335
    2581       -0.016729
    2582       -0.015915
    2583       -0.014900
    2584       -0.013790
    2585       -0.012619
    2586       -0.011421
    2587       -0.010213
    2588       -0.009003
    2589       -0.007791
    2590       -0.006583
    2591       -0.005386
    2592       -0.004223
    2593       -0.003127
    2594       -0.002144
    2595       -0.001308
    2596       -0.000654
    2597       -0.000344
    2598       -0.000369
    2599       -0.000678
    2600       -0.001349
    2601       -0.002178
    2602       -0.003148
    2603       -0.004232
    2604       -0.005389
    2605       -0.006583
    2606       -0.007791
    2607       -0.009002
    2608       -0.010213
    2609       -0.011421
    2610       -0.012617
    2611       -0.013783
    2612       -0.014884
    2613       -0.015876
    2614       -0.016660
    2615       -0.017266
    2616       -0.017693
    2617       -0.017912
    2618       -0.018022
    2619       -0.018066
    2620       -0.018081
    2621       -0.018085
    2622       -0.018086
    2623       -0.018086
    2624       -0.018085
    2625       -0.018082
    2626       -0.018067
    2627       -0.018023
    2628       -0.017914
    2629       -0.017696
    2630       -0.017268
    2631       -0.016661
    2632       -0.015877
    2633       -0.014884
    2634       -0.013783
    2635       -0.012617
    2636       -0.011421
    2637       -0.010213
    2638       -0.009002
    2639       -0.007791
    2640       -0.006583
    2641       -0.005389
    2642       -0.004232
    2643       -0.003148
    2644       -0.002178
    2645       -0.001349
    2646       -0.000678
    2647       -0.000369
    2648       -0.000378
    2649       -0.000685
    2650       -0.001363
    2651       -0.002190
    2652       -0.003155
    2653       -0.004235
    2654       -0.005390
    2655       -0.006583
    2656       -0.007791
    2657       -0.009002
    2658       -0.010213
    2659       -0.011421
    2660       -0.012616
    2661       -0.013781
    2662       -0.014879
    2663       -0.015863
    2664       -0.016638
    2665       -0.017244
    2666       -0.017680
    2667       -0.017907
    2668       -0.018020
    2669       -0.018066
    2670       -0.018081
    2671       -0.018085
    2672       -0.018086
    2673       -0.018086
    2674       -0.018086
    2675       -0.018082
    2676       -0.018066
    2677       -0.018020
    2678       -0.017908
    2679       -0.017682
    2680       -0.017245
    2681       -0.016639
    2682       -0.015864
    2683       -0.014879
    2684       -0.013781
    2685       -0.012616
    2686       -0.011421
    2687       -0.010213
    2688       -0.009002
    2689       -0.007791
    2690       -0.006583
    2691       -0.005390
    2692       -0.004235
    2693       -0.003155
    2694       -0.002190
    2695       -0.001363
    2696       -0.000685
    2697       -0.000378
    2698       -0.000369
    2699       -0.000678
    2700       -0.001349
    2701       -0.002178
    2702       -0.003148
    2703       -0.004232
    2704       -0.005389
    2705       -0.006583
    2706       -0.007791
    2707       -0.009002
    2708       -0.010213
    2709       -0.011421
    2710       -0.012617
    2711       -0.013783
    2712       -0.014884
    2713       -0.015876
    2714       -0.016660
    2715       -0.017266
    2716       -0.017693
    2717       -0.017912
    2718       -0.018022
    2719       -0.018067
    2720       -0.018082
    2721       -0.018086
    2722       -0.018087
    2723       -0.018087
    2724       -0.018086
    2725       -0.018082
    2726       -0.018067
    2727       -0.018022
    2728       -0.017913
    2729       -0.017695
    2730       -0.017267
    2731       -0.016661
    2732       -0.015877
    2733       -0.014884
    2734       -0.013783
    2735       -0.012617
    2736       -0.011421
    2737       -0.010213
    2738       -0.009002
    2739       -0.007791
    2740       -0.006583
    2741       -0.005389
    2742       -0.004232
    2743       -0.003148
    2744       -0.002178
    2745       -0.001349
    2746       -0.000678
    2747       -0.000369
    2748       -0.000344
    2749       -0.000654
    2750       -0.001308
    2751       -0.002144
    2752       -0.003127
    2753       -0.004223
    2754       -0.005386
    2755       -0.006583
    2756       -0.007791
    2757       -0.009003
    2758       -0.010213
    2759       -0.011421
    2760       -0.012619
    2761       -0.013790
    2762       -0.014900
    2763       -0.015914
    2764       -0.016728
    2765       -0.017334
    2766       -0.017731
    2767       -0.017928
    2768       -0.018029
    2769       -0.018069
    2770       -0.018082
    2771       -0.018086
    2772       -0.018087
    2773       -0.018087
    2774       -0.018087
    2775       -0.018083
    2776       -0.018069
    2777       -0.018028
    2778       -0.017928
    2779       -0.017732
    2780       -0.017335
    2781       -0.016728
    2782       -0.015915
    2783       -0.014900
    2784       -0.013790
    2785       -0.012619
    2786       -0.011421
    2787       -0.010213
    2788       -0.009003
    2789       -0.007791
    2790       -0.006583
    2791       -0.005386
    2792       -0.004223
    2793       -0.003127
    2794       -0.002144
    2795       -0.001308
    2796       -0.000654
    2797       -0.000344
    2798       -0.000301
    2799       -0.000606
    2800       -0.001236
    2801       -0.002086
    2802       -0.003094
    2803       -0.004209
    2804       -0.005382
    2805       -0.006582
    2806       -0.007791
    2807       -0.009003
    2808       -0.010214
    2809       -0.011422
    2810       -0.012622
    2811       -0.013800
    2812       -0.014925
    2813       -0.015975
    2814       -0.016846
    2815       -0.017452
    2816       -0.017792
    2817       -0.017953
    2818       -0.018039
    2819       -0.018072
    2820       -0.018083
    2821       -0.018086
    2822       -0.018087
    2823       -0.018088
    2824       -0.018087
    2825       -0.018083
    2826       -0.018072
    2827       -0.018039
    2828       -0.017952
    2829       -0.017793
    2830       -0.017452
    2831       -0.016846
    2832       -0.015975
    2833       -0.014925
    2834       -0.013800
    2835       -0.012622
    2836       -0.011422
    2837       -0.010214
    2838       -0.009003
    2839       -0.007791
    2840       -0.006582
    2841       -0.005382
    2842       -0.004209
    2843       -0.003094
    2844       -0.002086
    2845       -0.001236
    2846       -0.000606
    2847       -0.000301
    2848       -0.000239
    2849       -0.000524
    2850       -0.001128
    2851       -0.002004
    2852       -0.003049
    2853       -0.004191
    2854       -0.005378
    2855       -0.006582
    2856       -0.007792
    2857       -0.009003
    2858       -0.010214
    2859       -0.011423
    2860       -0.012625
    2861       -0.013815
    2862       -0.014956
    2863       -0.016055
    2864       -0.017021
    2865       -0.017627
    2866       -0.017872
    2867       -0.017984
    2868       -0.018054
    2869       -0.018075
    2870       -0.018084
    2871       -0.018086
    2872       -0.018087
    2873       -0.018088
    2874       -0.018087
    2875       -0.018084
    2876       -0.018075
    2877       -0.018053
    2878       -0.017983
    2879       -0.017872
    2880       -0.017627
    2881       -0.017021
    2882       -0.016055
    2883       -0.014956
    2884       -0.013815
    2885       -0.012625
    2886       -0.011423
    2887       -0.010214
    2888       -0.009003
    2889       -0.007792
    2890       -0.006582
    2891       -0.005378
    2892       -0.004191
    2893       -0.003049
    2894       -0.002004
    2895       -0.001128
    2896       -0.000524
    2897       -0.000239
    2898       -0.000155
    2899       -0.000392
    2900       -0.000979
    2901       -0.001897
    2902       -0.002995
    2903       -0.004171
    2904       -0.005373
    2905       -0.006582
    2906       -0.007793
    2907       -0.009003
    2908       -0.010215
    2909       -0.011422
    2910       -0.012630
    2911       -0.013832
    2912       -0.014994
    2913       -0.016140
    2914       -0.017268
    2915       -0.017875
    2916       -0.017958
    2917       -0.018021
    2918       -0.018071
    2919       -0.018080
    2920       -0.018084
    2921       -0.018088
    2922       -0.018087
    2923       -0.018087
    2924       -0.018088
    2925       -0.018084
    2926       -0.018079
    2927       -0.018070
    2928       -0.018020
    2929       -0.017957
    2930       -0.017874
    2931       -0.017268
    2932       -0.016140
    2933       -0.014994
    2934       -0.013832
    2935       -0.012630
    2936       -0.011422
    2937       -0.010215
    2938       -0.009003
    2939       -0.007793
    2940       -0.006581
    2941       -0.005373
    2942       -0.004171
    2943       -0.002995
    2944       -0.001897
    2945       -0.000979
    2946       -0.000392
    2947       -0.000155
    2948       -0.000041
    2949       -0.000195
    2950       -0.000780
    2951       -0.001767
    2952       -0.002934
    2953       -0.004151
    2954       -0.005369
    2955       -0.006583
    2956       -0.007793
    2957       -0.009005
    2958       -0.010212
    2959       -0.011430
    2960       -0.012623
    2961       -0.013859
    2962       -0.015033
    2963       -0.016219
    2964       -0.017603
    2965       -0.018212
    2966       -0.018036
    2967       -0.018060
    2968       -0.018098
    2969       -0.018074
    2970       -0.018091
    2971       -0.018085
    2972       -0.018088
    2973       -0.018089
    2974       -0.018085
    2975       -0.018092
    2976       -0.018073
    2977       -0.018096
    2978       -0.018059
    2979       -0.018035
    2980       -0.018211
    2981       -0.017602
    2982       -0.016219
    2983       -0.015032
    2984       -0.013858
    2985       -0.012623
    2986       -0.011430
    2987       -0.010212
    2988       -0.009005
    2989       -0.007792
    2990       -0.006583
    2991       -0.005369
    2992       -0.004151
    2993       -0.002934
    2994       -0.001767
    2995       -0.000780
    2996       -0.000195
    2997       -0.000041
    2998        0.000111
    2999        0.000091
    3000       -0.000522
    3001       -0.001615
    3002       -0.002874
    3003       -0.004134
    3004       -0.005367
    3005       -0.006583
    3006       -0.007794
    3007       -0.009004
    3008       -0.010216
    3009       -0.011423
    3010       -0.012644
    3011       -0.013836
    3012       -0.015141
    3013       -0.016214
    3014       -0.018072
    3015       -0.018682
    3016       -0.018029
    3017       -0.018170
    3018       -0.018074
    3019       -0.018095
    3020       -0.018084
    3021       -0.018088
    3022       -0.018088
    3023       -0.018088
    3024       -0.018089
    3025       -0.018085
    3026       -0.018094
    3027       -0.018073
    3028       -0.018168
    3029       -0.018028
    3030       -0.018681
    3031       -0.018072
    3032       -0.016214
    3033       -0.015141
    3034       -0.013836
    3035       -0.012644
    3036       -0.011423
    3037       -0.010215
    3038       -0.009004
    3039       -0.007794
    3040       -0.006583
    3041       -0.005367
    3042       -0.004134
    3043       -0.002874
    3044       -0.001615
    3045       -0.000522
    3046        0.000091
    3047        0.000111
    3048        0.000124
    3049        0.000159
    3050       -0.000412
    3051       -0.001548
    3052       -0.002852
    3053       -0.004133
    3054       -0.005370
    3055       -0.006586
    3056       -0.007795
    3057       -0.009005
    3058       -0.010214
    3059       -0.011425
    3060       -0.012635
    3061       -0.013860
    3062       -0.015077
    3063       -0.016437
    3064       -0.018135
    3065       -0.018742
    3066       -0.018254
    3067       -0.018104
    3068       -0.018098
    3069       -0.018085
    3070       -0.018086
    3071       -0.018087
    3072       -0.018088
    3073       -0.018088
    3074       -0.018088
    3075       -0.018087
    3076       -0.018084
    3077       -0.018096
    3078       -0.018102
    3079       -0.018252
    3080       -0.018741
    3081       -0.018135
    3082       -0.016437
    3083       -0.015077
    3084       -0.013859
    3085       -0.012635
    3086       -0.011425
    3087       -0.010214
    3088       -0.009004
    3089       -0.007795
    3090       -0.006585
    3091       -0.005370
    3092       -0.004133
    3093       -0.002852
    3094       -0.001548
    3095       -0.000412
    3096        0.000159
    3097        0.000124
    3098       -0.000039
    3099        0.000026
    3100       -0.000040
    3101        0.000036
    3102        0.000128
    3103        0.000195
    3104        0.000465
    3105        0.000515
    3106        0.000855
    3107        0.000878
    3108        0.001239
    3109        0.001247
    3110        0.001611
    3111        0.001612
    3112        0.001976
    3113        0.001976
    3114        0.002338
    3115        0.002338
    3116        0.002702
    3117        0.002702
    3118        0.003063
    3119        0.003062
    3120        0.003429
    3121        0.003431
    3122        0.003788
    3123        0.003781
    3124        0.004163
    3125        0.004164
    3126        0.004514
    3127        0.004514
    3128        0.004949
    3129        0.004751
    3130        0.005423
    3131        0.005923
    3132        0.005605
    3133        0.006104
    3134        0.005494
    3135        0.005295
    3136        0.005423
    3137        0.005422
    3138        0.005435
    3139        0.005436
    3140        0.005423
    3141        0.005415
    3142        0.005427
    3143        0.005429
    3144        0.005425
    3145        0.005424
    3146        0.005427
    3147        0.005425
    3148        0.005423
    3149        0.005424
    3150        0.005421
    3151        0.005422
    3152        0.005423
    3153        0.005425
    3154        0.005424
    3155        0.005417
    3156        0.005440
    3157        0.005442
    3158        0.005423
    3159        0.005425
    3160        0.005493
    3161        0.005296
    3162        0.005605
    3163        0.006104
    3164        0.005423
    3165        0.005923
    3166        0.004949
    3167        0.004751
    3168        0.004515
    3169        0.004514
    3170        0.004163
    3171        0.004164
    3172        0.003788
    3173        0.003781
    3174        0.003429
    3175        0.003431
    3176        0.003063
    3177        0.003062
    3178        0.002702
    3179        0.002702
    3180        0.002338
    3181        0.002338
    3182        0.001976
    3183        0.001976
    3184        0.001612
    3185        0.001611
    3186        0.001247
    3187        0.001240
    3188        0.000855
    3189        0.000878
    3190        0.000465
    3191        0.000515
    3192        0.000128
    3193        0.000195
    3194       -0.000040
    3195        0.000036
    3196       -0.000039
    3197        0.000026


                                                      SUMMARY INFORMATION
                                                  _________________________

                                                         Min/Max Values
    -Source ID--Entity ID---Sub ID----X Component--
Min:     1       1401          0        -0.043226
Max:     1        719          0         0.018717

