




                       MSC.Patran 25.0.638960 Wed Mar 13 09:21:55 PDT 2019 - Analysis Code: MSC.Nastran 
                                             Load Case: Default, A1:Static Subcase 
                                         Result Strain Tensor,  - Layer (NON-LAYERED) 
                                                     Entity: Element Tensor


-Entity ID--X Component--
       1       -0.003740
       2       -0.003854
       3       -0.004482
       4       -0.005617
       5       -0.006905
       6       -0.008174
       7       -0.009408
       8       -0.010623
       9       -0.011834
      10       -0.013043
      11       -0.014249
      12       -0.015446
      13       -0.016641
      14       -0.017812
      15       -0.019079
      16       -0.009671
      17       -0.021856
      18       -0.026839
      19       -0.025870
      20       -0.025810
      21       -0.022109
      22       -0.022156
      23       -0.022118
      24       -0.022116
      25       -0.022107
      26       -0.022107
      27       -0.022106
      28       -0.022107
      29       -0.022108
      30       -0.022124
      31       -0.022135
      32       -0.022286
      33       -0.022760
      34       -0.022153
      35       -0.020472
      36       -0.019110
      37       -0.017890
      38       -0.016664
      39       -0.015453
      40       -0.014243
      41       -0.013033
      42       -0.011824
      43       -0.010614
      44       -0.009399
      45       -0.008167
      46       -0.006898
      47       -0.005611
      48       -0.004474
      49       -0.003845
      50       -0.003736
      51       -0.003765
      52       -0.004152
      53       -0.005097
      54       -0.006293
      55       -0.007471
      56       -0.008564
      57       -0.009606
      58       -0.010634
      59       -0.011643
      60       -0.012674
      61       -0.013645
      62       -0.014719
      63       -0.015516
      64       -0.016885
      65       -0.016262
      66       -0.011075
      67       -0.020449
      68       -0.023665
      69       -0.022893
      70       -0.023962
      71       -0.020981
      72       -0.020297
      73       -0.020350
      74       -0.020283
      75       -0.020286
      76       -0.020275
      77       -0.020279
      78       -0.020280
      79       -0.020287
      80       -0.020324
      81       -0.020336
      82       -0.020701
      83       -0.020663
      84       -0.020166
      85       -0.019174
      86       -0.017798
      87       -0.016768
      88       -0.015715
      89       -0.014693
      90       -0.013675
      91       -0.012658
      92       -0.011643
      93       -0.010625
      94       -0.009602
      95       -0.008559
      96       -0.007467
      97       -0.006289
      98       -0.005093
      99       -0.004144
     100       -0.003761
     101       -0.003998
     102       -0.004964
     103       -0.006396
     104       -0.007683
     105       -0.008623
     106       -0.009356
     107       -0.010016
     108       -0.010652
     109       -0.011283
     110       -0.011902
     111       -0.012519
     112       -0.013115
     113       -0.013617
     114       -0.014216
     115       -0.012692
     116       -0.012728
     117       -0.015579
     118       -0.018724
     119       -0.019213
     120       -0.018775
     121       -0.017847
     122       -0.016876
     123       -0.016675
     124       -0.016664
     125       -0.016616
     126       -0.016622
     127       -0.016615
     128       -0.016624
     129       -0.016634
     130       -0.016704
     131       -0.016716
     132       -0.017488
     133       -0.016465
     134       -0.016164
     135       -0.016546
     136       -0.015148
     137       -0.014506
     138       -0.013810
     139       -0.013171
     140       -0.012537
     141       -0.011909
     142       -0.011280
     143       -0.010651
     144       -0.010014
     145       -0.009355
     146       -0.008623
     147       -0.007684
     148       -0.006398
     149       -0.004962
     150       -0.003992
     151       -0.004220
     152       -0.005779
     153       -0.007742
     154       -0.009107
     155       -0.009790
     156       -0.010153
     157       -0.010426
     158       -0.010674
     159       -0.010916
     160       -0.011142
     161       -0.011379
     162       -0.011527
     163       -0.011753
     164       -0.011361
     165       -0.010798
     166       -0.011080
     167       -0.012398
     168       -0.014053
     169       -0.015087
     170       -0.014613
     171       -0.014029
     172       -0.013455
     173       -0.013033
     174       -0.013010
     175       -0.012963
     176       -0.012956
     177       -0.012959
     178       -0.012956
     179       -0.013002
     180       -0.013011
     181       -0.013266
     182       -0.013698
     183       -0.012790
     184       -0.012672
     185       -0.013342
     186       -0.012667
     187       -0.012173
     188       -0.011924
     189       -0.011639
     190       -0.011402
     191       -0.011157
     192       -0.010919
     193       -0.010677
     194       -0.010428
     195       -0.010155
     196       -0.009794
     197       -0.009113
     198       -0.007751
     199       -0.005782
     200       -0.004213
     201       -0.004466
     202       -0.006693
     203       -0.009216
     204       -0.010594
     205       -0.010973
     206       -0.010953
     207       -0.010837
     208       -0.010699
     209       -0.010544
     210       -0.010397
     211       -0.010207
     212       -0.010034
     213       -0.009690
     214       -0.009072
     215       -0.008562
     216       -0.008960
     217       -0.009093
     218       -0.009951
     219       -0.010973
     220       -0.010577
     221       -0.010223
     222       -0.009819
     223       -0.009444
     224       -0.009336
     225       -0.009310
     226       -0.009295
     227       -0.009294
     228       -0.009306
     229       -0.009329
     230       -0.009388
     231       -0.009653
     232       -0.009912
     233       -0.009250
     234       -0.009327
     235       -0.010137
     236       -0.010026
     237       -0.009908
     238       -0.009998
     239       -0.010123
     240       -0.010259
     241       -0.010409
     242       -0.010556
     243       -0.010705
     244       -0.010844
     245       -0.010959
     246       -0.010979
     247       -0.010605
     248       -0.009232
     249       -0.006701
     250       -0.004458
     251       -0.004781
     252       -0.007826
     253       -0.010905
     254       -0.012165
     255       -0.012169
     256       -0.011753
     257       -0.011253
     258       -0.010719
     259       -0.010183
     260       -0.009633
     261       -0.009076
     262       -0.008481
     263       -0.007742
     264       -0.006849
     265       -0.006286
     266       -0.006342
     267       -0.005886
     268       -0.006128
     269       -0.006897
     270       -0.006617
     271       -0.006390
     272       -0.006120
     273       -0.005809
     274       -0.005680
     275       -0.005646
     276       -0.005635
     277       -0.005633
     278       -0.005643
     279       -0.005667
     280       -0.005746
     281       -0.005969
     282       -0.006142
     283       -0.005770
     284       -0.006040
     285       -0.006949
     286       -0.007312
     287       -0.007625
     288       -0.008083
     289       -0.008595
     290       -0.009123
     291       -0.009657
     292       -0.010196
     293       -0.010731
     294       -0.011263
     295       -0.011763
     296       -0.012178
     297       -0.012179
     298       -0.010927
     299       -0.007840
     300       -0.004771
     301       -0.005225
     302       -0.009339
     303       -0.012889
     304       -0.013825
     305       -0.013366
     306       -0.012561
     307       -0.011666
     308       -0.010745
     309       -0.009813
     310       -0.008882
     311       -0.007934
     312       -0.006947
     313       -0.005834
     314       -0.004690
     315       -0.003881
     316       -0.003490
     317       -0.002679
     318       -0.002472
     319       -0.002865
     320       -0.002684
     321       -0.002554
     322       -0.002380
     323       -0.002144
     324       -0.002020
     325       -0.001982
     326       -0.001973
     327       -0.001971
     328       -0.001979
     329       -0.002006
     330       -0.002085
     331       -0.002244
     332       -0.002378
     333       -0.002303
     334       -0.002767
     335       -0.003766
     336       -0.004557
     337       -0.005323
     338       -0.006167
     339       -0.007067
     340       -0.007983
     341       -0.008909
     342       -0.009832
     343       -0.010760
     344       -0.011680
     345       -0.012574
     346       -0.013379
     347       -0.013841
     348       -0.012917
     349       -0.009363
     350       -0.005213
     351       -0.005920
     352       -0.011442
     353       -0.015258
     354       -0.015526
     355       -0.014577
     356       -0.013366
     357       -0.012089
     358       -0.010760
     359       -0.009453
     360       -0.008124
     361       -0.006797
     362       -0.005419
     363       -0.003965
     364       -0.002543
     365       -0.001387
     366       -0.000493
     367        0.000554
     368        0.001124
     369        0.001130
     370        0.001240
     371        0.001281
     372        0.001382
     373        0.001545
     374        0.001646
     375        0.001681
     376        0.001690
     377        0.001691
     378        0.001686
     379        0.001660
     380        0.001590
     381        0.001500
     382        0.001402
     383        0.001182
     384        0.000525
     385       -0.000568
     386       -0.001783
     387       -0.003005
     388       -0.004249
     389       -0.005535
     390       -0.006846
     391       -0.008155
     392       -0.009477
     393       -0.010780
     394       -0.012108
     395       -0.013383
     396       -0.014592
     397       -0.015543
     398       -0.015289
     399       -0.011477
     400       -0.005906
     401       -0.006985
     402       -0.014553
     403       -0.017948
     404       -0.017263
     405       -0.015748
     406       -0.014227
     407       -0.012470
     408       -0.010803
     409       -0.009076
     410       -0.007377
     411       -0.005655
     412       -0.003907
     413       -0.002113
     414       -0.000394
     415        0.001162
     416        0.002602
     417        0.003849
     418        0.004731
     419        0.005123
     420        0.005149
     421        0.005116
     422        0.005158
     423        0.005249
     424        0.005317
     425        0.005345
     426        0.005352
     427        0.005353
     428        0.005351
     429        0.005333
     430        0.005274
     431        0.005245
     432        0.005217
     433        0.004720
     434        0.003870
     435        0.002665
     436        0.000993
     437       -0.000680
     438       -0.002322
     439       -0.004007
     440       -0.005703
     441       -0.007410
     442       -0.009104
     443       -0.010828
     444       -0.012492
     445       -0.014247
     446       -0.015766
     447       -0.017280
     448       -0.017978
     449       -0.014600
     450       -0.006969
     451       -0.009182
     452       -0.018847
     453       -0.021108
     454       -0.018643
     455       -0.017191
     456       -0.014930
     457       -0.012938
     458       -0.010799
     459       -0.008722
     460       -0.006619
     461       -0.004517
     462       -0.002405
     463       -0.000266
     464        0.001765
     465        0.003720
     466        0.005764
     467        0.007245
     468        0.008421
     469        0.009133
     470        0.009032
     471        0.008952
     472        0.008946
     473        0.008956
     474        0.008995
     475        0.009009
     476        0.009014
     477        0.009019
     478        0.009011
     479        0.009015
     480        0.008965
     481        0.008971
     482        0.009073
     483        0.008358
     484        0.007312
     485        0.005941
     486        0.003748
     487        0.001653
     488       -0.000387
     489       -0.002480
     490       -0.004563
     491       -0.006655
     492       -0.008755
     493       -0.010828
     494       -0.012965
     495       -0.014952
     496       -0.017214
     497       -0.018658
     498       -0.021131
     499       -0.018905
     500       -0.009162
     501       -0.011898
     502       -0.026687
     503       -0.022586
     504       -0.020876
     505       -0.018235
     506       -0.015817
     507       -0.013322
     508       -0.010833
     509       -0.008354
     510       -0.005864
     511       -0.003384
     512       -0.000894
     513        0.001555
     514        0.003979
     515        0.006226
     516        0.008935
     517        0.010824
     518        0.012287
     519        0.013154
     520        0.012855
     521        0.012836
     522        0.012706
     523        0.012678
     524        0.012669
     525        0.012674
     526        0.012676
     527        0.012678
     528        0.012685
     529        0.012672
     530        0.012704
     531        0.012636
     532        0.012945
     533        0.012173
     534        0.010937
     535        0.009229
     536        0.006443
     537        0.004034
     538        0.001523
     539       -0.000940
     540       -0.003427
     541       -0.005904
     542       -0.008390
     543       -0.010866
     544       -0.013352
     545       -0.015843
     546       -0.018258
     547       -0.020899
     548       -0.022588
     549       -0.026755
     550       -0.011857
     551       -0.028600
     552       -0.030624
     553       -0.025422
     554       -0.022612
     555       -0.019423
     556       -0.016670
     557       -0.013700
     558       -0.010878
     559       -0.007975
     560       -0.005117
     561       -0.002243
     562        0.000608
     563        0.003411
     564        0.006129
     565        0.008884
     566        0.011743
     567        0.014815
     568        0.016590
     569        0.016853
     570        0.016851
     571        0.016650
     572        0.016486
     573        0.016386
     574        0.016344
     575        0.016338
     576        0.016338
     577        0.016340
     578        0.016349
     579        0.016356
     580        0.016372
     581        0.016458
     582        0.016490
     583        0.016406
     584        0.014977
     585        0.012191
     586        0.009296
     587        0.006343
     588        0.003463
     589        0.000587
     590       -0.002284
     591       -0.005160
     592       -0.008016
     593       -0.010915
     594       -0.013734
     595       -0.016701
     596       -0.019448
     597       -0.022638
     598       -0.025422
     599       -0.030644
     600       -0.028543
     601       -0.042324
     602       -0.031378
     603       -0.027531
     604       -0.023126
     605       -0.020258
     606       -0.016972
     607       -0.013975
     608       -0.010870
     609       -0.007819
     610       -0.004747
     611       -0.001689
     612        0.001345
     613        0.004352
     614        0.007250
     615        0.010277
     616        0.013324
     617        0.016730
     618        0.018595
     619        0.018705
     620        0.018748
     621        0.018506
     622        0.018367
     623        0.018238
     624        0.018197
     625        0.018181
     626        0.018179
     627        0.018185
     628        0.018184
     629        0.018215
     630        0.018213
     631        0.018352
     632        0.018342
     633        0.018416
     634        0.016884
     635        0.013752
     636        0.010700
     637        0.007500
     638        0.004440
     639        0.001349
     640       -0.001714
     641       -0.004778
     642       -0.007849
     643       -0.010898
     644       -0.014000
     645       -0.016994
     646       -0.020278
     647       -0.023140
     648       -0.027541
     649       -0.031354
     650       -0.042287
     651       -0.042065
     652       -0.031716
     653       -0.027393
     654       -0.023215
     655       -0.020245
     656       -0.017004
     657       -0.013992
     658       -0.010898
     659       -0.007846
     660       -0.004776
     661       -0.001711
     662        0.001353
     663        0.004442
     664        0.007514
     665        0.010688
     666        0.013794
     667        0.016853
     668        0.018388
     669        0.018395
     670        0.018358
     671        0.018252
     672        0.018248
     673        0.018227
     674        0.018232
     675        0.018233
     676        0.018237
     677        0.018246
     678        0.018250
     679        0.018275
     680        0.018273
     681        0.018372
     682        0.018402
     683        0.018393
     684        0.016859
     685        0.013793
     686        0.010662
     687        0.007463
     688        0.004383
     689        0.001301
     690       -0.001754
     691       -0.004811
     692       -0.007876
     693       -0.010925
     694       -0.014016
     695       -0.017026
     696       -0.020263
     697       -0.023229
     698       -0.027402
     699       -0.031694
     700       -0.042030
     701       -0.039960
     702       -0.034280
     703       -0.026226
     704       -0.023807
     705       -0.020013
     706       -0.017107
     707       -0.013952
     708       -0.010917
     709       -0.007839
     710       -0.004780
     711       -0.001714
     712        0.001361
     713        0.004416
     714        0.007578
     715        0.010542
     716        0.014062
     717        0.016549
     718        0.018081
     719        0.018660
     720        0.018203
     721        0.018305
     722        0.018207
     723        0.018217
     724        0.018206
     725        0.018208
     726        0.018211
     727        0.018220
     728        0.018257
     729        0.018296
     730        0.018457
     731        0.018393
     732        0.018836
     733        0.018160
     734        0.016478
     735        0.013872
     736        0.010330
     737        0.007430
     738        0.004340
     739        0.001330
     740       -0.001725
     741       -0.004783
     742       -0.007840
     743       -0.010917
     744       -0.013952
     745       -0.017107
     746       -0.020012
     747       -0.023807
     748       -0.026226
     749       -0.034280
     750       -0.039959
     751       -0.042022
     752       -0.031685
     753       -0.027392
     754       -0.023216
     755       -0.020248
     756       -0.017007
     757       -0.013995
     758       -0.010901
     759       -0.007848
     760       -0.004778
     761       -0.001714
     762        0.001350
     763        0.004438
     764        0.007509
     765        0.010682
     766        0.013787
     767        0.016846
     768        0.018378
     769        0.018378
     770        0.018335
     771        0.018223
     772        0.018213
     773        0.018186
     774        0.018186
     775        0.018181
     776        0.018183
     777        0.018198
     778        0.018240
     779        0.018361
     780        0.018507
     781        0.018717
     782        0.018729
     783        0.018550
     784        0.016697
     785        0.013375
     786        0.010272
     787        0.007264
     788        0.004350
     789        0.001344
     790       -0.001691
     791       -0.004749
     792       -0.007820
     793       -0.010874
     794       -0.013971
     795       -0.016986
     796       -0.020229
     797       -0.023202
     798       -0.027383
     799       -0.031707
     800       -0.042057
     801       -0.003739
     802       -0.003852
     803       -0.004479
     804       -0.005613
     805       -0.006900
     806       -0.008168
     807       -0.009400
     808       -0.010615
     809       -0.011825
     810       -0.013034
     811       -0.014244
     812       -0.015455
     813       -0.016665
     814       -0.017891
     815       -0.019113
     816       -0.020475
     817       -0.022157
     818       -0.022764
     819       -0.022293
     820       -0.022143
     821       -0.022135
     822       -0.022121
     823       -0.022122
     824       -0.022123
     825       -0.022124
     826       -0.022127
     827       -0.022137
     828       -0.022163
     829       -0.022209
     830       -0.022285
     831       -0.022336
     832       -0.022469
     833       -0.022847
     834       -0.022081
     835       -0.020265
     836       -0.018884
     837       -0.017726
     838       -0.016576
     839       -0.015414
     840       -0.014226
     841       -0.013023
     842       -0.011816
     843       -0.010607
     844       -0.009393
     845       -0.008161
     846       -0.006893
     847       -0.005607
     848       -0.004471
     849       -0.003843
     850       -0.003735
     851       -0.003766
     852       -0.004150
     853       -0.005095
     854       -0.006290
     855       -0.007467
     856       -0.008559
     857       -0.009603
     858       -0.010626
     859       -0.011643
     860       -0.012659
     861       -0.013676
     862       -0.014694
     863       -0.015717
     864       -0.016769
     865       -0.017800
     866       -0.019176
     867       -0.020169
     868       -0.020666
     869       -0.020705
     870       -0.020342
     871       -0.020332
     872       -0.020295
     873       -0.020291
     874       -0.020290
     875       -0.020291
     876       -0.020295
     877       -0.020306
     878       -0.020330
     879       -0.020372
     880       -0.020452
     881       -0.020487
     882       -0.020834
     883       -0.020718
     884       -0.020111
     885       -0.019031
     886       -0.017631
     887       -0.016637
     888       -0.015637
     889       -0.014654
     890       -0.013657
     891       -0.012648
     892       -0.011636
     893       -0.010620
     894       -0.009597
     895       -0.008555
     896       -0.007464
     897       -0.006286
     898       -0.005091
     899       -0.004143
     900       -0.003760
     901       -0.003998
     902       -0.004964
     903       -0.006395
     904       -0.007682
     905       -0.008622
     906       -0.009355
     907       -0.010014
     908       -0.010651
     909       -0.011280
     910       -0.011909
     911       -0.012537
     912       -0.013171
     913       -0.013811
     914       -0.014507
     915       -0.015149
     916       -0.016547
     917       -0.016165
     918       -0.016466
     919       -0.017489
     920       -0.016719
     921       -0.016706
     922       -0.016638
     923       -0.016627
     924       -0.016622
     925       -0.016622
     926       -0.016628
     927       -0.016640
     928       -0.016668
     929       -0.016709
     930       -0.016810
     931       -0.016837
     932       -0.017590
     933       -0.016495
     934       -0.016114
     935       -0.016445
     936       -0.015020
     937       -0.014397
     938       -0.013736
     939       -0.013130
     940       -0.012518
     941       -0.011900
     942       -0.011277
     943       -0.010649
     944       -0.010013
     945       -0.009354
     946       -0.008622
     947       -0.007684
     948       -0.006398
     949       -0.004961
     950       -0.003992
     951       -0.004220
     952       -0.005779
     953       -0.007743
     954       -0.009108
     955       -0.009792
     956       -0.010155
     957       -0.010428
     958       -0.010677
     959       -0.010919
     960       -0.011157
     961       -0.011402
     962       -0.011639
     963       -0.011924
     964       -0.012173
     965       -0.012666
     966       -0.013342
     967       -0.012671
     968       -0.012788
     969       -0.013696
     970       -0.013264
     971       -0.013009
     972       -0.013000
     973       -0.012954
     974       -0.012956
     975       -0.012953
     976       -0.012959
     977       -0.012976
     978       -0.012994
     979       -0.013066
     980       -0.013098
     981       -0.013362
     982       -0.013772
     983       -0.012805
     984       -0.012630
     985       -0.013266
     986       -0.012570
     987       -0.012082
     988       -0.011858
     989       -0.011600
     990       -0.011385
     991       -0.011151
     992       -0.010919
     993       -0.010679
     994       -0.010430
     995       -0.010157
     996       -0.009795
     997       -0.009114
     998       -0.007752
     999       -0.005782
    1000       -0.004213
    1001       -0.004467
    1002       -0.006694
    1003       -0.009218
    1004       -0.010597
    1005       -0.010977
    1006       -0.010958
    1007       -0.010843
    1008       -0.010704
    1009       -0.010555
    1010       -0.010408
    1011       -0.010258
    1012       -0.010122
    1013       -0.009997
    1014       -0.009907
    1015       -0.010024
    1016       -0.010134
    1017       -0.009324
    1018       -0.009246
    1019       -0.009908
    1020       -0.009647
    1021       -0.009381
    1022       -0.009321
    1023       -0.009296
    1024       -0.009283
    1025       -0.009285
    1026       -0.009291
    1027       -0.009304
    1028       -0.009335
    1029       -0.009380
    1030       -0.009458
    1031       -0.009728
    1032       -0.009965
    1033       -0.009256
    1034       -0.009291
    1035       -0.010076
    1036       -0.009950
    1037       -0.009833
    1038       -0.009940
    1039       -0.010089
    1040       -0.010245
    1041       -0.010407
    1042       -0.010560
    1043       -0.010710
    1044       -0.010849
    1045       -0.010964
    1046       -0.010984
    1047       -0.010608
    1048       -0.009234
    1049       -0.006702
    1050       -0.004459
    1051       -0.004782
    1052       -0.007827
    1053       -0.010908
    1054       -0.012170
    1055       -0.012175
    1056       -0.011762
    1057       -0.011261
    1058       -0.010730
    1059       -0.010194
    1060       -0.009656
    1061       -0.009121
    1062       -0.008593
    1063       -0.008081
    1064       -0.007622
    1065       -0.007309
    1066       -0.006945
    1067       -0.006035
    1068       -0.005764
    1069       -0.006134
    1070       -0.005959
    1071       -0.005734
    1072       -0.005653
    1073       -0.005627
    1074       -0.005616
    1075       -0.005615
    1076       -0.005621
    1077       -0.005635
    1078       -0.005663
    1079       -0.005707
    1080       -0.005801
    1081       -0.006027
    1082       -0.006180
    1083       -0.005770
    1084       -0.006007
    1085       -0.006899
    1086       -0.007251
    1087       -0.007563
    1088       -0.008035
    1089       -0.008567
    1090       -0.009113
    1091       -0.009660
    1092       -0.010203
    1093       -0.010741
    1094       -0.011272
    1095       -0.011771
    1096       -0.012185
    1097       -0.012184
    1098       -0.010931
    1099       -0.007842
    1100       -0.004772
    1101       -0.005226
    1102       -0.009342
    1103       -0.012894
    1104       -0.013832
    1105       -0.013376
    1106       -0.012572
    1107       -0.011679
    1108       -0.010759
    1109       -0.009831
    1110       -0.008907
    1111       -0.007981
    1112       -0.007064
    1113       -0.006165
    1114       -0.005320
    1115       -0.004553
    1116       -0.003761
    1117       -0.002760
    1118       -0.002295
    1119       -0.002367
    1120       -0.002231
    1121       -0.002068
    1122       -0.001986
    1123       -0.001956
    1124       -0.001946
    1125       -0.001945
    1126       -0.001950
    1127       -0.001963
    1128       -0.001988
    1129       -0.002033
    1130       -0.002128
    1131       -0.002289
    1132       -0.002406
    1133       -0.002299
    1134       -0.002737
    1135       -0.003723
    1136       -0.004506
    1137       -0.005273
    1138       -0.006129
    1139       -0.007047
    1140       -0.007980
    1141       -0.008916
    1142       -0.009844
    1143       -0.010773
    1144       -0.011693
    1145       -0.012585
    1146       -0.013388
    1147       -0.013849
    1148       -0.012922
    1149       -0.009365
    1150       -0.005215
    1151       -0.005921
    1152       -0.011446
    1153       -0.015265
    1154       -0.015535
    1155       -0.014589
    1156       -0.013380
    1157       -0.012105
    1158       -0.010778
    1159       -0.009474
    1160       -0.008152
    1161       -0.006843
    1162       -0.005532
    1163       -0.004245
    1164       -0.003001
    1165       -0.001778
    1166       -0.000562
    1167        0.000533
    1168        0.001193
    1169        0.001415
    1170        0.001518
    1171        0.001612
    1172        0.001686
    1173        0.001716
    1174        0.001724
    1175        0.001725
    1176        0.001721
    1177        0.001710
    1178        0.001689
    1179        0.001644
    1180        0.001558
    1181        0.001465
    1182        0.001381
    1183        0.001188
    1184        0.000554
    1185       -0.000527
    1186       -0.001738
    1187       -0.002964
    1188       -0.004221
    1189       -0.005525
    1190       -0.006851
    1191       -0.008168
    1192       -0.009494
    1193       -0.010797
    1194       -0.012123
    1195       -0.013397
    1196       -0.014604
    1197       -0.015552
    1198       -0.015296
    1199       -0.011481
    1200       -0.005908
    1201       -0.006988
    1202       -0.014558
    1203       -0.017957
    1204       -0.017275
    1205       -0.015762
    1206       -0.014244
    1207       -0.012489
    1208       -0.010825
    1209       -0.009101
    1210       -0.007407
    1211       -0.005700
    1212       -0.004003
    1213       -0.002318
    1214       -0.000675
    1215        0.000998
    1216        0.002672
    1217        0.003879
    1218        0.004732
    1219        0.005234
    1220        0.005266
    1221        0.005301
    1222        0.005364
    1223        0.005388
    1224        0.005394
    1225        0.005396
    1226        0.005394
    1227        0.005384
    1228        0.005367
    1229        0.005329
    1230        0.005252
    1231        0.005216
    1232        0.005199
    1233        0.004725
    1234        0.003899
    1235        0.002709
    1236        0.001037
    1237       -0.000647
    1238       -0.002306
    1239       -0.004008
    1240       -0.005718
    1241       -0.007430
    1242       -0.009126
    1243       -0.010849
    1244       -0.012511
    1245       -0.014264
    1246       -0.015780
    1247       -0.017292
    1248       -0.017986
    1249       -0.014605
    1250       -0.006971
    1251       -0.009185
    1252       -0.018854
    1253       -0.021119
    1254       -0.018657
    1255       -0.017208
    1256       -0.014950
    1257       -0.012961
    1258       -0.010825
    1259       -0.008752
    1260       -0.006652
    1261       -0.004560
    1262       -0.002476
    1263       -0.000383
    1264        0.001659
    1265        0.003754
    1266        0.005949
    1267        0.007322
    1268        0.008372
    1269        0.009093
    1270        0.008996
    1271        0.008997
    1272        0.009052
    1273        0.009054
    1274        0.009067
    1275        0.009067
    1276        0.009066
    1277        0.009063
    1278        0.009041
    1279        0.009024
    1280        0.008951
    1281        0.008944
    1282        0.009053
    1283        0.008361
    1284        0.007345
    1285        0.005993
    1286        0.003794
    1287        0.001680
    1288       -0.000384
    1289       -0.002495
    1290       -0.004588
    1291       -0.006683
    1292       -0.008782
    1293       -0.010854
    1294       -0.012988
    1295       -0.014972
    1296       -0.017231
    1297       -0.018672
    1298       -0.021142
    1299       -0.018912
    1300       -0.009165
    1301       -0.011902
    1302       -0.026696
    1303       -0.022599
    1304       -0.020892
    1305       -0.018255
    1306       -0.015840
    1307       -0.013348
    1308       -0.010863
    1309       -0.008387
    1310       -0.005900
    1311       -0.003423
    1312       -0.000936
    1313        0.001529
    1314        0.004040
    1315        0.006450
    1316        0.009238
    1317        0.010948
    1318        0.012188
    1319        0.012967
    1320        0.012665
    1321        0.012741
    1322        0.012716
    1323        0.012735
    1324        0.012735
    1325        0.012739
    1326        0.012740
    1327        0.012737
    1328        0.012731
    1329        0.012694
    1330        0.012697
    1331        0.012606
    1332        0.012918
    1333        0.012171
    1334        0.010976
    1335        0.009295
    1336        0.006497
    1337        0.004054
    1338        0.001510
    1339       -0.000971
    1340       -0.003463
    1341       -0.005939
    1342       -0.008423
    1343       -0.010896
    1344       -0.013378
    1345       -0.015866
    1346       -0.018278
    1347       -0.020916
    1348       -0.022601
    1349       -0.026764
    1350       -0.011861
    1351       -0.028608
    1352       -0.030635
    1353       -0.025437
    1354       -0.022631
    1355       -0.019446
    1356       -0.016696
    1357       -0.013730
    1358       -0.010912
    1359       -0.008012
    1360       -0.005156
    1361       -0.002280
    1362        0.000592
    1363        0.003469
    1364        0.006350
    1365        0.009305
    1366        0.012201
    1367        0.014988
    1368        0.016421
    1369        0.016515
    1370        0.016492
    1371        0.016414
    1372        0.016406
    1373        0.016406
    1374        0.016405
    1375        0.016411
    1376        0.016415
    1377        0.016415
    1378        0.016414
    1379        0.016395
    1380        0.016370
    1381        0.016423
    1382        0.016449
    1383        0.016396
    1384        0.015026
    1385        0.012279
    1386        0.009363
    1387        0.006354
    1388        0.003431
    1389        0.000538
    1390       -0.002332
    1391       -0.005204
    1392       -0.008054
    1393       -0.010949
    1394       -0.013764
    1395       -0.016727
    1396       -0.019470
    1397       -0.022656
    1398       -0.025437
    1399       -0.030655
    1400       -0.028552
    1401       -0.042333
    1402       -0.031387
    1403       -0.027542
    1404       -0.023139
    1405       -0.020275
    1406       -0.016991
    1407       -0.013998
    1408       -0.010896
    1409       -0.007847
    1410       -0.004775
    1411       -0.001711
    1412        0.001352
    1413        0.004445
    1414        0.007506
    1415        0.010706
    1416        0.013760
    1417        0.016891
    1418        0.018427
    1419        0.018361
    1420        0.018377
    1421        0.018244
    1422        0.018253
    1423        0.018227
    1424        0.018234
    1425        0.018234
    1426        0.018239
    1427        0.018248
    1428        0.018249
    1429        0.018275
    1430        0.018257
    1431        0.018380
    1432        0.018357
    1433        0.018427
    1434        0.016903
    1435        0.013770
    1436        0.010693
    1437        0.007461
    1438        0.004388
    1439        0.001298
    1440       -0.001756
    1441       -0.004813
    1442       -0.007879
    1443       -0.010924
    1444       -0.014023
    1445       -0.017014
    1446       -0.020294
    1447       -0.023154
    1448       -0.027552
    1449       -0.031363
    1450       -0.042296
    1451       -0.003710
    1452       -0.003470
    1453       -0.003192
    1454       -0.002917
    1455       -0.002690
    1456       -0.002523
    1457       -0.002422
    1458       -0.002390
    1459       -0.002426
    1460       -0.002531
    1461       -0.002699
    1462       -0.002926
    1463       -0.003200
    1464       -0.003475
    1465       -0.003712
    1466       -0.003764
    1467       -0.003560
    1468       -0.003319
    1469       -0.003096
    1470       -0.002919
    1471       -0.002796
    1472       -0.002726
    1473       -0.002704
    1474       -0.002728
    1475       -0.002801
    1476       -0.002926
    1477       -0.003104
    1478       -0.003326
    1479       -0.003566
    1480       -0.003772
    1481       -0.003839
    1482       -0.003614
    1483       -0.003394
    1484       -0.003211
    1485       -0.003079
    1486       -0.003000
    1487       -0.002961
    1488       -0.002950
    1489       -0.002961
    1490       -0.003002
    1491       -0.003085
    1492       -0.003220
    1493       -0.003405
    1494       -0.003627
    1495       -0.003857
    1496       -0.003833
    1497       -0.003590
    1498       -0.003390
    1499       -0.003252
    1500       -0.003175
    1501       -0.003146
    1502       -0.003142
    1503       -0.003141
    1504       -0.003139
    1505       -0.003144
    1506       -0.003179
    1507       -0.003262
    1508       -0.003406
    1509       -0.003613
    1510       -0.003866
    1511       -0.003730
    1512       -0.003463
    1513       -0.003295
    1514       -0.003219
    1515       -0.003212
    1516       -0.003245
    1517       -0.003280
    1518       -0.003292
    1519       -0.003273
    1520       -0.003238
    1521       -0.003213
    1522       -0.003229
    1523       -0.003315
    1524       -0.003495
    1525       -0.003782
    1526       -0.003478
    1527       -0.003210
    1528       -0.003101
    1529       -0.003113
    1530       -0.003199
    1531       -0.003307
    1532       -0.003389
    1533       -0.003415
    1534       -0.003378
    1535       -0.003294
    1536       -0.003195
    1537       -0.003121
    1538       -0.003118
    1539       -0.003242
    1540       -0.003545
    1541       -0.003022
    1542       -0.002793
    1543       -0.002800
    1544       -0.002949
    1545       -0.003155
    1546       -0.003350
    1547       -0.003484
    1548       -0.003524
    1549       -0.003465
    1550       -0.003323
    1551       -0.003134
    1552       -0.002941
    1553       -0.002804
    1554       -0.002814
    1555       -0.003097
    1556       -0.002238
    1557       -0.002204
    1558       -0.002455
    1559       -0.002804
    1560       -0.003140
    1561       -0.003413
    1562       -0.003586
    1563       -0.003633
    1564       -0.003548
    1565       -0.003347
    1566       -0.003067
    1567       -0.002745
    1568       -0.002421
    1569       -0.002202
    1570       -0.002308
    1571       -0.001161
    1572       -0.001701
    1573       -0.002418
    1574       -0.002938
    1575       -0.003307
    1576       -0.003565
    1577       -0.003721
    1578       -0.003753
    1579       -0.003646
    1580       -0.003421
    1581       -0.003127
    1582       -0.002765
    1583       -0.002294
    1584       -0.001656
    1585       -0.001202
    1586       -0.000276
    1587       -0.002605
    1588       -0.003459
    1589       -0.003798
    1590       -0.003931
    1591       -0.003927
    1592       -0.003895
    1593       -0.003885
    1594       -0.003778
    1595       -0.003672
    1596       -0.003620
    1597       -0.003477
    1598       -0.003158
    1599       -0.002388
    1600       -0.000264
    1601       -0.003458
    1602       -0.005927
    1603       -0.005731
    1604       -0.005578
    1605       -0.005310
    1606       -0.004810
    1607       -0.004029
    1608       -0.004019
    1609       -0.003928
    1610       -0.004484
    1611       -0.004976
    1612       -0.005210
    1613       -0.005274
    1614       -0.005361
    1615       -0.002831
    1616       -0.004476
    1617       -0.004149
    1618       -0.004567
    1619       -0.004819
    1620       -0.004348
    1621       -0.004955
    1622       -0.005156
    1623       -0.004549
    1624       -0.005335
    1625       -0.005390
    1626       -0.005088
    1627       -0.005638
    1628       -0.006255
    1629       -0.005290
    1630       -0.006666
    1631       -0.003726
    1632       -0.002324
    1633       -0.004070
    1799       -0.004908
    1800       -0.006331
    1801        0.006467
    1802       -0.002281
    1803        0.001963
    1804        0.001198
    1805        0.001230
    1806        0.001210
    1807        0.001165
    1808        0.001128
    1809        0.001055
    1810        0.000897
    1811        0.000747
    1812       -0.001044
    1813       -0.001452
    1814       -0.002044
    1815        0.017192
    1816        0.000878
    1817       -0.001173
    1818        0.001575
    1819        0.001475
    1820        0.001446
    1821        0.001469
    1822        0.001394
    1823        0.001287
    1824        0.001097
    1825        0.000780
    1826        0.000257
    1827       -0.001029
    1828       -0.003047
    1829        0.007219
    1830        0.004714
    1831        0.003364
    1832        0.000839
    1833        0.000951
    1834        0.001566
    1835        0.001606
    1836        0.001629
    1837        0.001542
    1838        0.001344
    1839        0.001025
    1840        0.000557
    1841       -0.000164
    1842       -0.001050
    1843       -0.001518
    1844       -0.001431
    1845        0.001751
    1846        0.001643
    1847        0.001226
    1848        0.001138
    1849        0.001438
    1850        0.001686
    1851        0.001721
    1852        0.001599
    1853        0.001308
    1854        0.000857
    1855        0.000245
    1856       -0.000496
    1857       -0.001289
    1858       -0.002143
    1859       -0.001691
    1860       -0.000666
    1861        0.000322
    1862        0.000722
    1863        0.001023
    1864        0.001376
    1865        0.001665
    1866        0.001747
    1867        0.001577
    1868        0.001178
    1869        0.000593
    1870       -0.000123
    1871       -0.000913
    1872       -0.001714
    1873       -0.002453
    1874       -0.002709
    1875       -0.001672
    1876       -0.000791
    1877        0.000001
    1878        0.000648
    1879        0.001203
    1880        0.001594
    1881        0.001706
    1882        0.001487
    1883        0.000974
    1884        0.000254
    1885       -0.000572
    1886       -0.001410
    1887       -0.002187
    1888       -0.002871
    1889       -0.003168
    1890       -0.002515
    1891       -0.001704
    1892       -0.000817
    1893        0.000086
    1894        0.000893
    1895        0.001449
    1896        0.001610
    1897        0.001329
    1898        0.000671
    1899       -0.000214
    1900       -0.001153
    1901       -0.002011
    1902       -0.002710
    1903       -0.003223
    1904       -0.003634
    1905       -0.003291
    1906       -0.002687
    1907       -0.001797
    1908       -0.000694
    1909        0.000424
    1910        0.001227
    1911        0.001465
    1912        0.001098
    1913        0.000219
    1914       -0.000907
    1915       -0.001977
    1916       -0.002819
    1917       -0.003380
    1918       -0.003647
    1919       -0.004337
    1920       -0.004274
    1921       -0.003943
    1922       -0.003129
    1923       -0.001821
    1924       -0.000266
    1925        0.000939
    1926        0.001284
    1927        0.000785
    1928       -0.000493
    1929       -0.002022
    1930       -0.003256
    1931       -0.004006
    1932       -0.004283
    1933       -0.004309
    1934       -0.004981
    1935       -0.005948
    1936       -0.005794
    1937       -0.005028
    1938       -0.003585
    1939       -0.001380
    1940        0.000648
    1941        0.001086
    1942        0.000425
    1943       -0.001731
    1944       -0.003895
    1945       -0.005209
    1946       -0.005859
    1947       -0.005939
    1948       -0.004962
    1949       -0.010252
    1950       -0.008383
    1951       -0.007917
    1952       -0.007387
    1953       -0.006340
    1954       -0.003879
    1955        0.000666
    1956        0.000887
    1957        0.000388
    1958       -0.004534
    1959       -0.006848
    1960       -0.007675
    1961       -0.008032
    1962       -0.008367
    1963       -0.010216
    1964       -0.000060
    1965        0.000669
    1966        0.000358
    1967       -0.000564
    1968        0.000435
    1969       -0.000141
    1970       -0.000593
    1971       -0.000028
    1972       -0.000346
    1973       -0.001061
    1974       -0.000515
    1975       -0.000959
    1976       -0.001126
    1977       -0.002990
    1978       -0.001092
    1979       -0.003773
    1980       -0.006552
    1981       -0.003763
    1982       -0.001437
    1983       -0.001013
    1984        0.000758
    1985        0.000886
    1986        0.001036
    1987        0.001091
    1988        0.001107
    1989        0.001115
    1990        0.001111
    1991        0.001095
    1992        0.001038
    1993        0.000893
    1994        0.000750
    1995       -0.001018
    1996       -0.001441
    1997       -0.003052
    1998       -0.001015
    1999        0.000253
    2000        0.000761
    2001        0.001068
    2002        0.001235
    2003        0.001311
    2004        0.001338
    2005        0.001314
    2006        0.001237
    2007        0.001070
    2008        0.000771
    2009        0.000262
    2010       -0.001009
    2011       -0.003019
    2012       -0.001568
    2013       -0.001073
    2014       -0.000183
    2015        0.000532
    2016        0.000990
    2017        0.001291
    2018        0.001456
    2019        0.001507
    2020        0.001453
    2021        0.001288
    2022        0.000992
    2023        0.000542
    2024       -0.000165
    2025       -0.001045
    2026       -0.001527
    2027       -0.002216
    2028       -0.001334
    2029       -0.000532
    2030        0.000214
    2031        0.000824
    2032        0.001263
    2033        0.001529
    2034        0.001614
    2035        0.001519
    2036        0.001252
    2037        0.000820
    2038        0.000226
    2039       -0.000504
    2040       -0.001294
    2041       -0.002151
    2042       -0.002536
    2043       -0.001769
    2044       -0.000957
    2045       -0.000157
    2046        0.000571
    2047        0.001157
    2048        0.001532
    2049        0.001654
    2050        0.001514
    2051        0.001139
    2052        0.000571
    2053       -0.000137
    2054       -0.000923
    2055       -0.001721
    2056       -0.002460
    2057       -0.002953
    2058       -0.002238
    2059       -0.001454
    2060       -0.000610
    2061        0.000230
    2062        0.000965
    2063        0.001463
    2064        0.001629
    2065        0.001440
    2066        0.000946
    2067        0.000239
    2068       -0.000578
    2069       -0.001411
    2070       -0.002190
    2071       -0.002875
    2072       -0.003292
    2073       -0.002752
    2074       -0.002062
    2075       -0.001204
    2076       -0.000245
    2077        0.000669
    2078        0.001321
    2079        0.001543
    2080        0.001295
    2081        0.000656
    2082       -0.000218
    2083       -0.001153
    2084       -0.002009
    2085       -0.002709
    2086       -0.003223
    2087       -0.003691
    2088       -0.003406
    2089       -0.002868
    2090       -0.002033
    2091       -0.000933
    2092        0.000233
    2093        0.001108
    2094        0.001405
    2095        0.001075
    2096        0.000216
    2097       -0.000900
    2098       -0.001968
    2099       -0.002810
    2100       -0.003369
    2101       -0.003641
    2102       -0.004338
    2103       -0.004311
    2104       -0.004029
    2105       -0.003263
    2106       -0.001986
    2107       -0.000420
    2108        0.000833
    2109        0.001231
    2110        0.000770
    2111       -0.000484
    2112       -0.002000
    2113       -0.003235
    2114       -0.003989
    2115       -0.004271
    2116       -0.004302
    2117       -0.004944
    2118       -0.005924
    2119       -0.005810
    2120       -0.005089
    2121       -0.003689
    2122       -0.001502
    2123        0.000555
    2124        0.001039
    2125        0.000417
    2126       -0.001708
    2127       -0.003856
    2128       -0.005182
    2129       -0.005833
    2130       -0.005915
    2131       -0.004946
    2132       -0.010172
    2133       -0.008328
    2134       -0.007890
    2135       -0.007394
    2136       -0.006385
    2137       -0.003966
    2138        0.000591
    2139        0.000845
    2140        0.000376
    2141       -0.004490
    2142       -0.006800
    2143       -0.007641
    2144       -0.007997
    2145       -0.008331
    2146       -0.010172
    2147       -0.000071
    2148        0.000629
    2149        0.000304
    2150       -0.000570
    2151        0.000396
    2152       -0.000194
    2153       -0.000609
    2154       -0.000066
    2155       -0.000391
    2156       -0.001087
    2157       -0.000552
    2158       -0.000998
    2159       -0.001167
    2160       -0.003017
    2161       -0.001129
    2162       -0.003810
    2163       -0.006569
    2164       -0.003795
    2165       -0.003712
    2166       -0.003474
    2167       -0.003198
    2168       -0.002924
    2169       -0.002696
    2170       -0.002527
    2171       -0.002424
    2172       -0.002389
    2173       -0.002424
    2174       -0.002526
    2175       -0.002694
    2176       -0.002920
    2177       -0.003194
    2178       -0.003470
    2179       -0.003710
    2180       -0.003770
    2181       -0.003563
    2182       -0.003323
    2183       -0.003099
    2184       -0.002920
    2185       -0.002796
    2186       -0.002726
    2187       -0.002704
    2188       -0.002728
    2189       -0.002801
    2190       -0.002925
    2191       -0.003102
    2192       -0.003323
    2193       -0.003562
    2194       -0.003767
    2195       -0.003848
    2196       -0.003620
    2197       -0.003398
    2198       -0.003211
    2199       -0.003078
    2200       -0.002998
    2201       -0.002960
    2202       -0.002950
    2203       -0.002963
    2204       -0.003005
    2205       -0.003087
    2206       -0.003219
    2207       -0.003402
    2208       -0.003621
    2209       -0.003848
    2210       -0.003848
    2211       -0.003600
    2212       -0.003395
    2213       -0.003251
    2214       -0.003171
    2215       -0.003142
    2216       -0.003139
    2217       -0.003142
    2218       -0.003143
    2219       -0.003151
    2220       -0.003184
    2221       -0.003263
    2222       -0.003402
    2223       -0.003602
    2224       -0.003851
    2225       -0.003752
    2226       -0.003477
    2227       -0.003300
    2228       -0.003215
    2229       -0.003204
    2230       -0.003235
    2231       -0.003274
    2232       -0.003293
    2233       -0.003281
    2234       -0.003249
    2235       -0.003223
    2236       -0.003234
    2237       -0.003311
    2238       -0.003480
    2239       -0.003760
    2240       -0.003507
    2241       -0.003226
    2242       -0.003102
    2243       -0.003103
    2244       -0.003181
    2245       -0.003288
    2246       -0.003379
    2247       -0.003416
    2248       -0.003388
    2249       -0.003309
    2250       -0.003208
    2251       -0.003129
    2252       -0.003116
    2253       -0.003225
    2254       -0.003515
    2255       -0.003059
    2256       -0.002805
    2257       -0.002788
    2258       -0.002918
    2259       -0.003117
    2260       -0.003318
    2261       -0.003465
    2262       -0.003524
    2263       -0.003482
    2264       -0.003352
    2265       -0.003165
    2266       -0.002967
    2267       -0.002813
    2268       -0.002800
    2269       -0.003059
    2270       -0.002276
    2271       -0.002192
    2272       -0.002405
    2273       -0.002732
    2274       -0.003067
    2275       -0.003353
    2276       -0.003554
    2277       -0.003631
    2278       -0.003577
    2279       -0.003401
    2280       -0.003135
    2281       -0.002810
    2282       -0.002462
    2283       -0.002205
    2284       -0.002264
    2285       -0.001173
    2286       -0.001625
    2287       -0.002282
    2288       -0.002781
    2289       -0.003161
    2290       -0.003456
    2291       -0.003666
    2292       -0.003751
    2293       -0.003696
    2294       -0.003525
    2295       -0.003268
    2296       -0.002918
    2297       -0.002429
    2298       -0.001735
    2299       -0.001194
    2300       -0.000219
    2301       -0.002332
    2302       -0.003144
    2303       -0.003502
    2304       -0.003675
    2305       -0.003737
    2306       -0.003815
    2307       -0.003886
    2308       -0.003859
    2309       -0.003864
    2310       -0.003883
    2311       -0.003779
    2312       -0.003478
    2313       -0.002670
    2314       -0.000329
    2315       -0.002791
    2316       -0.005327
    2317       -0.005232
    2318       -0.005158
    2319       -0.004949
    2320       -0.004502
    2321       -0.003965
    2322       -0.004026
    2323       -0.004009
    2324       -0.004800
    2325       -0.005348
    2326       -0.005630
    2327       -0.005776
    2328       -0.005971
    2329       -0.003494
    2330       -0.004666
    2331       -0.004162
    2332       -0.004408
    2333       -0.005064
    2334       -0.004357
    2335       -0.004731
    2336       -0.005428
    2337       -0.004553
    2338       -0.005083
    2339       -0.005711
    2340       -0.005086
    2341       -0.005329
    2342       -0.006649
    2343       -0.005289
    2344       -0.006267
    2345       -0.004070
    2346       -0.002320
    2347       -0.003732
    2348       -0.003875
    2349       -0.004112
    2350       -0.004771
    2351       -0.005791
    2352       -0.006965
    2353       -0.008182
    2354       -0.009398
    2355       -0.010612
    2356       -0.011822
    2357       -0.013034
    2358       -0.014241
    2359       -0.015459
    2360       -0.016653
    2361       -0.017888
    2362       -0.019063
    2363       -0.020250
    2364       -0.021628
    2365       -0.022238
    2366       -0.022065
    2367       -0.022089
    2368       -0.022124
    2369       -0.022098
    2370       -0.022116
    2371       -0.022106
    2372       -0.022112
    2373       -0.022106
    2374       -0.022110
    2375       -0.022092
    2376       -0.022064
    2377       -0.021742
    2378       -0.021362
    2379       -0.021278
    2380       -0.021439
    2381       -0.022007
    2382       -0.021664
    2383       -0.020037
    2384       -0.017928
    2385       -0.016710
    2386       -0.015465
    2387       -0.014252
    2388       -0.013042
    2389       -0.011829
    2390       -0.010618
    2391       -0.009404
    2392       -0.008187
    2393       -0.006969
    2394       -0.005796
    2395       -0.004777
    2396       -0.004120
    2397       -0.003877
    2398       -0.003986
    2399       -0.004276
    2400       -0.004935
    2401       -0.005897
    2402       -0.007014
    2403       -0.008197
    2404       -0.009402
    2405       -0.010611
    2406       -0.011822
    2407       -0.013032
    2408       -0.014245
    2409       -0.015451
    2410       -0.016659
    2411       -0.017862
    2412       -0.019023
    2413       -0.020170
    2414       -0.021297
    2415       -0.021903
    2416       -0.021986
    2417       -0.022049
    2418       -0.022098
    2419       -0.022106
    2420       -0.022108
    2421       -0.022113
    2422       -0.022108
    2423       -0.022110
    2424       -0.022096
    2425       -0.022086
    2426       -0.021970
    2427       -0.021749
    2428       -0.021516
    2429       -0.021388
    2430       -0.021500
    2431       -0.021506
    2432       -0.021022
    2433       -0.019744
    2434       -0.018161
    2435       -0.016697
    2436       -0.015496
    2437       -0.014251
    2438       -0.013043
    2439       -0.011827
    2440       -0.010617
    2441       -0.009406
    2442       -0.008202
    2443       -0.007018
    2444       -0.005902
    2445       -0.004941
    2446       -0.004283
    2447       -0.003987
    2448       -0.004067
    2449       -0.004382
    2450       -0.005057
    2451       -0.005984
    2452       -0.007058
    2453       -0.008213
    2454       -0.009405
    2455       -0.010611
    2456       -0.011821
    2457       -0.013033
    2458       -0.014243
    2459       -0.015452
    2460       -0.016655
    2461       -0.017844
    2462       -0.018984
    2463       -0.020084
    2464       -0.021052
    2465       -0.021658
    2466       -0.021900
    2467       -0.022011
    2468       -0.022081
    2469       -0.022102
    2470       -0.022110
    2471       -0.022111
    2472       -0.022112
    2473       -0.022105
    2474       -0.022095
    2475       -0.022059
    2476       -0.021938
    2477       -0.021771
    2478       -0.021612
    2479       -0.021477
    2480       -0.021446
    2481       -0.021209
    2482       -0.020546
    2483       -0.019551
    2484       -0.018173
    2485       -0.016764
    2486       -0.015486
    2487       -0.014266
    2488       -0.013039
    2489       -0.011828
    2490       -0.010615
    2491       -0.009409
    2492       -0.008217
    2493       -0.007062
    2494       -0.005988
    2495       -0.005062
    2496       -0.004388
    2497       -0.004068
    2498       -0.004128
    2499       -0.004447
    2500       -0.005144
    2501       -0.006050
    2502       -0.007095
    2503       -0.008228
    2504       -0.009409
    2505       -0.010611
    2506       -0.011821
    2507       -0.013032
    2508       -0.014243
    2509       -0.015451
    2510       -0.016651
    2511       -0.017829
    2512       -0.018953
    2513       -0.020004
    2514       -0.020879
    2515       -0.021485
    2516       -0.021820
    2517       -0.021980
    2518       -0.022067
    2519       -0.022099
    2520       -0.022110
    2521       -0.022113
    2522       -0.022112
    2523       -0.022106
    2524       -0.022091
    2525       -0.022042
    2526       -0.021931
    2527       -0.021801
    2528       -0.021685
    2529       -0.021531
    2530       -0.021389
    2531       -0.020978
    2532       -0.020259
    2533       -0.019364
    2534       -0.018149
    2535       -0.016791
    2536       -0.015500
    2537       -0.014264
    2538       -0.013042
    2539       -0.011825
    2540       -0.010615
    2541       -0.009411
    2542       -0.008230
    2543       -0.007097
    2544       -0.006053
    2545       -0.005147
    2546       -0.004452
    2547       -0.004128
    2548       -0.004170
    2549       -0.004484
    2550       -0.005201
    2551       -0.006098
    2552       -0.007122
    2553       -0.008239
    2554       -0.009412
    2555       -0.010611
    2556       -0.011821
    2557       -0.013032
    2558       -0.014243
    2559       -0.015451
    2560       -0.016648
    2561       -0.017818
    2562       -0.018928
    2563       -0.019943
    2564       -0.020763
    2565       -0.021368
    2566       -0.021759
    2567       -0.021955
    2568       -0.022057
    2569       -0.022097
    2570       -0.022111
    2571       -0.022114
    2572       -0.022112
    2573       -0.022106
    2574       -0.022087
    2575       -0.022035
    2576       -0.021938
    2577       -0.021840
    2578       -0.021735
    2579       -0.021581
    2580       -0.021329
    2581       -0.020819
    2582       -0.020080
    2583       -0.019213
    2584       -0.018099
    2585       -0.016799
    2586       -0.015508
    2587       -0.014266
    2588       -0.013041
    2589       -0.011824
    2590       -0.010613
    2591       -0.009414
    2592       -0.008241
    2593       -0.007124
    2594       -0.006100
    2595       -0.005204
    2596       -0.004488
    2597       -0.004169
    2598       -0.004194
    2599       -0.004502
    2600       -0.005235
    2601       -0.006126
    2602       -0.007139
    2603       -0.008246
    2604       -0.009414
    2605       -0.010612
    2606       -0.011821
    2607       -0.013032
    2608       -0.014243
    2609       -0.015450
    2610       -0.016646
    2611       -0.017812
    2612       -0.018912
    2613       -0.019905
    2614       -0.020696
    2615       -0.021302
    2616       -0.021721
    2617       -0.021940
    2618       -0.022050
    2619       -0.022096
    2620       -0.022111
    2621       -0.022115
    2622       -0.022114
    2623       -0.022106
    2624       -0.022086
    2625       -0.022035
    2626       -0.021956
    2627       -0.021877
    2628       -0.021785
    2629       -0.021617
    2630       -0.021296
    2631       -0.020724
    2632       -0.019966
    2633       -0.019105
    2634       -0.018041
    2635       -0.016792
    2636       -0.015512
    2637       -0.014266
    2638       -0.013040
    2639       -0.011823
    2640       -0.010613
    2641       -0.009415
    2642       -0.008247
    2643       -0.007140
    2644       -0.006127
    2645       -0.005236
    2646       -0.004504
    2647       -0.004194
    2648       -0.004202
    2649       -0.004509
    2650       -0.005245
    2651       -0.006135
    2652       -0.007145
    2653       -0.008249
    2654       -0.009415
    2655       -0.010612
    2656       -0.011821
    2657       -0.013032
    2658       -0.014243
    2659       -0.015450
    2660       -0.016645
    2661       -0.017810
    2662       -0.018907
    2663       -0.019892
    2664       -0.020674
    2665       -0.021280
    2666       -0.021709
    2667       -0.021935
    2668       -0.022049
    2669       -0.022096
    2670       -0.022112
    2671       -0.022116
    2672       -0.022115
    2673       -0.022107
    2674       -0.022087
    2675       -0.022042
    2676       -0.021979
    2677       -0.021917
    2678       -0.021833
    2679       -0.021656
    2680       -0.021293
    2681       -0.020683
    2682       -0.019905
    2683       -0.019028
    2684       -0.017987
    2685       -0.016775
    2686       -0.015511
    2687       -0.014265
    2688       -0.013039
    2689       -0.011822
    2690       -0.010612
    2691       -0.009415
    2692       -0.008249
    2693       -0.007144
    2694       -0.006135
    2695       -0.005245
    2696       -0.004509
    2697       -0.004202
    2698       -0.004194
    2699       -0.004504
    2700       -0.005235
    2701       -0.006126
    2702       -0.007139
    2703       -0.008246
    2704       -0.009414
    2705       -0.010612
    2706       -0.011821
    2707       -0.013032
    2708       -0.014243
    2709       -0.015450
    2710       -0.016646
    2711       -0.017812
    2712       -0.018912
    2713       -0.019905
    2714       -0.020696
    2715       -0.021302
    2716       -0.021722
    2717       -0.021941
    2718       -0.022052
    2719       -0.022097
    2720       -0.022113
    2721       -0.022117
    2722       -0.022116
    2723       -0.022109
    2724       -0.022090
    2725       -0.022054
    2726       -0.022006
    2727       -0.021959
    2728       -0.021883
    2729       -0.021707
    2730       -0.021325
    2731       -0.020693
    2732       -0.019886
    2733       -0.018978
    2734       -0.017939
    2735       -0.016752
    2736       -0.015504
    2737       -0.014263
    2738       -0.013037
    2739       -0.011821
    2740       -0.010611
    2741       -0.009413
    2742       -0.008245
    2743       -0.007138
    2744       -0.006125
    2745       -0.005234
    2746       -0.004502
    2747       -0.004194
    2748       -0.004169
    2749       -0.004487
    2750       -0.005203
    2751       -0.006099
    2752       -0.007123
    2753       -0.008239
    2754       -0.009412
    2755       -0.010612
    2756       -0.011821
    2757       -0.013032
    2758       -0.014243
    2759       -0.015451
    2760       -0.016648
    2761       -0.017819
    2762       -0.018928
    2763       -0.019944
    2764       -0.020764
    2765       -0.021370
    2766       -0.021761
    2767       -0.021958
    2768       -0.022059
    2769       -0.022100
    2770       -0.022114
    2771       -0.022118
    2772       -0.022117
    2773       -0.022111
    2774       -0.022096
    2775       -0.022069
    2776       -0.022035
    2777       -0.022003
    2778       -0.021936
    2779       -0.021773
    2780       -0.021398
    2781       -0.020751
    2782       -0.019901
    2783       -0.018949
    2784       -0.017900
    2785       -0.016726
    2786       -0.015494
    2787       -0.014259
    2788       -0.013035
    2789       -0.011820
    2790       -0.010609
    2791       -0.009410
    2792       -0.008237
    2793       -0.007121
    2794       -0.006097
    2795       -0.005201
    2796       -0.004484
    2797       -0.004170
    2798       -0.004128
    2799       -0.004452
    2800       -0.005146
    2801       -0.006052
    2802       -0.007096
    2803       -0.008228
    2804       -0.009409
    2805       -0.010611
    2806       -0.011821
    2807       -0.013033
    2808       -0.014244
    2809       -0.015452
    2810       -0.016652
    2811       -0.017830
    2812       -0.018954
    2813       -0.020005
    2814       -0.020880
    2815       -0.021487
    2816       -0.021823
    2817       -0.021983
    2818       -0.022071
    2819       -0.022104
    2820       -0.022116
    2821       -0.022119
    2822       -0.022119
    2823       -0.022114
    2824       -0.022103
    2825       -0.022085
    2826       -0.022067
    2827       -0.022049
    2828       -0.021994
    2829       -0.021857
    2830       -0.021519
    2831       -0.020860
    2832       -0.019944
    2833       -0.018936
    2834       -0.017867
    2835       -0.016700
    2836       -0.015480
    2837       -0.014254
    2838       -0.013033
    2839       -0.011819
    2840       -0.010608
    2841       -0.009406
    2842       -0.008225
    2843       -0.007093
    2844       -0.006049
    2845       -0.005143
    2846       -0.004446
    2847       -0.004128
    2848       -0.004067
    2849       -0.004388
    2850       -0.005060
    2851       -0.005986
    2852       -0.007059
    2853       -0.008214
    2854       -0.009405
    2855       -0.010611
    2856       -0.011821
    2857       -0.013033
    2858       -0.014244
    2859       -0.015453
    2860       -0.016655
    2861       -0.017845
    2862       -0.018986
    2863       -0.020085
    2864       -0.021054
    2865       -0.021661
    2866       -0.021903
    2867       -0.022015
    2868       -0.022087
    2869       -0.022108
    2870       -0.022117
    2871       -0.022120
    2872       -0.022120
    2873       -0.022118
    2874       -0.022111
    2875       -0.022103
    2876       -0.022098
    2877       -0.022098
    2878       -0.022056
    2879       -0.021956
    2880       -0.021697
    2881       -0.021027
    2882       -0.020007
    2883       -0.018933
    2884       -0.017842
    2885       -0.016673
    2886       -0.015466
    2887       -0.014247
    2888       -0.013031
    2889       -0.011817
    2890       -0.010607
    2891       -0.009401
    2892       -0.008210
    2893       -0.007056
    2894       -0.005982
    2895       -0.005055
    2896       -0.004382
    2897       -0.004067
    2898       -0.003986
    2899       -0.004282
    2900       -0.004939
    2901       -0.005899
    2902       -0.007015
    2903       -0.008198
    2904       -0.009402
    2905       -0.010611
    2906       -0.011823
    2907       -0.013032
    2908       -0.014245
    2909       -0.015452
    2910       -0.016660
    2911       -0.017863
    2912       -0.019025
    2913       -0.020172
    2914       -0.021299
    2915       -0.021906
    2916       -0.021990
    2917       -0.022054
    2918       -0.022105
    2919       -0.022113
    2920       -0.022118
    2921       -0.022122
    2922       -0.022121
    2923       -0.022121
    2924       -0.022121
    2925       -0.022120
    2926       -0.022129
    2927       -0.022148
    2928       -0.022125
    2929       -0.022063
    2930       -0.021948
    2931       -0.021265
    2932       -0.020074
    2933       -0.018938
    2934       -0.017819
    2935       -0.016647
    2936       -0.015449
    2937       -0.014242
    2938       -0.013027
    2939       -0.011817
    2940       -0.010606
    2941       -0.009397
    2942       -0.008193
    2943       -0.007011
    2944       -0.005895
    2945       -0.004933
    2946       -0.004275
    2947       -0.003986
    2948       -0.003877
    2949       -0.004119
    2950       -0.004775
    2951       -0.005793
    2952       -0.006966
    2953       -0.008182
    2954       -0.009399
    2955       -0.010612
    2956       -0.011822
    2957       -0.013035
    2958       -0.014242
    2959       -0.015460
    2960       -0.016654
    2961       -0.017890
    2962       -0.019065
    2963       -0.020252
    2964       -0.021631
    2965       -0.022241
    2966       -0.022070
    2967       -0.022095
    2968       -0.022132
    2969       -0.022108
    2970       -0.022126
    2971       -0.022120
    2972       -0.022124
    2973       -0.022125
    2974       -0.022125
    2975       -0.022144
    2976       -0.022150
    2977       -0.022209
    2978       -0.022199
    2979       -0.022166
    2980       -0.022290
    2981       -0.021589
    2982       -0.020130
    2983       -0.018941
    2984       -0.017807
    2985       -0.016612
    2986       -0.015441
    2987       -0.014231
    2988       -0.013027
    2989       -0.011815
    2990       -0.010606
    2991       -0.009393
    2992       -0.008177
    2993       -0.006961
    2994       -0.005788
    2995       -0.004769
    2996       -0.004111
    2997       -0.003875
    2998       -0.003727
    2999       -0.003877
    3000       -0.004564
    3001       -0.005667
    3002       -0.006917
    3003       -0.008169
    3004       -0.009397
    3005       -0.010613
    3006       -0.011824
    3007       -0.013034
    3008       -0.014245
    3009       -0.015453
    3010       -0.016675
    3011       -0.017868
    3012       -0.019175
    3013       -0.020250
    3014       -0.022097
    3015       -0.022707
    3016       -0.022067
    3017       -0.022206
    3018       -0.022110
    3019       -0.022130
    3020       -0.022120
    3021       -0.022124
    3022       -0.022124
    3023       -0.022126
    3024       -0.022135
    3025       -0.022151
    3026       -0.022197
    3027       -0.022221
    3028       -0.022347
    3029       -0.022192
    3030       -0.022768
    3031       -0.022043
    3032       -0.020096
    3033       -0.019008
    3034       -0.017744
    3035       -0.016606
    3036       -0.015420
    3037       -0.014229
    3038       -0.013024
    3039       -0.011816
    3040       -0.010605
    3041       -0.009391
    3042       -0.008163
    3043       -0.006911
    3044       -0.005661
    3045       -0.004557
    3046       -0.003868
    3047       -0.003723
    3048       -0.003739
    3049       -0.003852
    3050       -0.004479
    3051       -0.005613
    3052       -0.006900
    3053       -0.008168
    3054       -0.009400
    3055       -0.010615
    3056       -0.011825
    3057       -0.013034
    3058       -0.014244
    3059       -0.015455
    3060       -0.016665
    3061       -0.017891
    3062       -0.019113
    3063       -0.020475
    3064       -0.022157
    3065       -0.022764
    3066       -0.022293
    3067       -0.022143
    3068       -0.022135
    3069       -0.022121
    3070       -0.022122
    3071       -0.022123
    3072       -0.022124
    3073       -0.022127
    3074       -0.022137
    3075       -0.022163
    3076       -0.022209
    3077       -0.022285
    3078       -0.022336
    3079       -0.022469
    3080       -0.022847
    3081       -0.022081
    3082       -0.020265
    3083       -0.018884
    3084       -0.017726
    3085       -0.016576
    3086       -0.015414
    3087       -0.014226
    3088       -0.013023
    3089       -0.011816
    3090       -0.010607
    3091       -0.009393
    3092       -0.008161
    3093       -0.006893
    3094       -0.005607
    3095       -0.004471
    3096       -0.003843
    3097       -0.003735
    3098       -0.003768
    3099       -0.003695
    3100       -0.003728
    3101       -0.003661
    3102       -0.003542
    3103       -0.003490
    3104       -0.003204
    3105       -0.003162
    3106       -0.002819
    3107       -0.002800
    3108       -0.002438
    3109       -0.002432
    3110       -0.002068
    3111       -0.002067
    3112       -0.001704
    3113       -0.001704
    3114       -0.001341
    3115       -0.001341
    3116       -0.000978
    3117       -0.000977
    3118       -0.000616
    3119       -0.000617
    3120       -0.000250
    3121       -0.000248
    3122        0.000108
    3123        0.000101
    3124        0.000484
    3125        0.000485
    3126        0.000837
    3127        0.000835
    3128        0.001271
    3129        0.001074
    3130        0.001741
    3131        0.002241
    3132        0.001922
    3133        0.002422
    3134        0.001815
    3135        0.001618
    3136        0.001744
    3137        0.001743
    3138        0.001754
    3139        0.001756
    3140        0.001742
    3141        0.001735
    3142        0.001746
    3143        0.001748
    3144        0.001743
    3145        0.001742
    3146        0.001745
    3147        0.001745
    3148        0.001743
    3149        0.001743
    3150        0.001748
    3151        0.001742
    3152        0.001746
    3153        0.001745
    3154        0.001759
    3155        0.001721
    3156        0.001748
    3157        0.001643
    3158        0.001450
    3159        0.001485
    3160        0.001409
    3161        0.001474
    3162        0.001471
    3163        0.001520
    3164        0.001995
    3165        0.001671
    3166        0.001858
    3167        0.001797
    3168        0.000833
    3169        0.001148
    3170        0.000457
    3171        0.000447
    3172        0.000104
    3173        0.000129
    3174       -0.000254
    3175       -0.000250
    3176       -0.000614
    3177       -0.000612
    3178       -0.000974
    3179       -0.000975
    3180       -0.001339
    3181       -0.001338
    3182       -0.001701
    3183       -0.001701
    3184       -0.002065
    3185       -0.002066
    3186       -0.002430
    3187       -0.002436
    3188       -0.002817
    3189       -0.002799
    3190       -0.003202
    3191       -0.003160
    3192       -0.003539
    3193       -0.003487
    3194       -0.003725
    3195       -0.003659
    3196       -0.003766
    3197       -0.003696


                                                      SUMMARY INFORMATION
                                                  _________________________

                                                         Min/Max Values
    -Source ID--Entity ID---Sub ID----X Component--
Min:     1       1401          0        -0.042333
Max:     1        732          0         0.018836

