




                       MSC.Patran 25.0.638960 Wed Mar 13 09:21:55 PDT 2019 - Analysis Code: MSC.Nastran 
                                             Load Case: Default, A1:Static Subcase 
                                         Result Strain Tensor,  - Layer (NON-LAYERED) 
                                                     Entity: Element Tensor


-Entity ID--X Component--
       1        0.000113
       2        0.000160
       3       -0.000384
       4       -0.001393
       5       -0.002801
       6        0.014026
       7        0.002684
       8       -0.006555
       9       -0.015794
      10       -0.027169
      11       -0.010232
      12       -0.011556
      13       -0.012646
      14       -0.013844
      15       -0.015031
      16       -0.016385
      17       -0.018081
      18       -0.018691
      19       -0.018208
      20       -0.018064
      21       -0.018063
      22       -0.018054
      23       -0.018059
      24       -0.018063
      25       -0.018067
      26       -0.018069
      27       -0.018072
      28       -0.018074
      29       -0.018075
      30       -0.018091
      31       -0.018099
      32       -0.018250
      33       -0.018740
      34       -0.018134
      35       -0.016436
      36       -0.015075
      37       -0.013858
      38       -0.012633
      39       -0.011422
      40       -0.010211
      41       -0.009002
      42       -0.007792
      43       -0.006583
      44       -0.005367
      45       -0.004129
      46       -0.002848
      47       -0.001542
      48       -0.000403
      49        0.000171
      50        0.000129
      51        0.000091
      52       -0.000268
      53       -0.000832
      54       -0.002485
      55       -0.000779
      56        0.009877
      57       -0.000301
      58       -0.006737
      59       -0.013173
      60       -0.023405
      61       -0.012622
      62       -0.010717
      63       -0.012168
      64       -0.012873
      65       -0.013961
      66       -0.015267
      67       -0.016290
      68       -0.016776
      69       -0.016813
      70       -0.016455
      71       -0.016451
      72       -0.016417
      73       -0.016415
      74       -0.016416
      75       -0.016418
      76       -0.016420
      77       -0.016422
      78       -0.016426
      79       -0.016433
      80       -0.016471
      81       -0.016481
      82       -0.016843
      83       -0.016816
      84       -0.016320
      85       -0.015316
      86       -0.013945
      87       -0.012916
      88       -0.011864
      89       -0.010842
      90       -0.009824
      91       -0.008807
      92       -0.007791
      93       -0.006774
      94       -0.005748
      95       -0.004699
      96       -0.003590
      97       -0.002381
      98       -0.001149
      99       -0.000217
     100        0.000045
     101       -0.000259
     102       -0.001058
     103       -0.002396
     104       -0.003391
     105       -0.000343
     106        0.001176
     107       -0.000992
     108       -0.007125
     109       -0.013275
     110       -0.015424
     111       -0.013784
     112       -0.010356
     113       -0.010612
     114       -0.011132
     115       -0.011664
     116       -0.013043
     117       -0.012645
     118       -0.012952
     119       -0.013970
     120       -0.013211
     121       -0.013199
     122       -0.013133
     123       -0.013121
     124       -0.013117
     125       -0.013117
     126       -0.013118
     127       -0.013120
     128       -0.013127
     129       -0.013140
     130       -0.013209
     131       -0.013223
     132       -0.013987
     133       -0.012968
     134       -0.012667
     135       -0.013046
     136       -0.011656
     137       -0.011015
     138       -0.010318
     139       -0.009679
     140       -0.009045
     141       -0.008417
     142       -0.007789
     143       -0.007160
     144       -0.006520
     145       -0.005853
     146       -0.005097
     147       -0.004098
     148       -0.002710
     149       -0.001177
     150       -0.000255
     151       -0.000540
     152       -0.001934
     153       -0.003999
     154       -0.004124
     155       -0.002921
     156       -0.002375
     157       -0.003607
     158       -0.007520
     159       -0.011430
     160       -0.012631
     161       -0.011939
     162       -0.010203
     163       -0.009080
     164       -0.009252
     165       -0.009572
     166       -0.010219
     167       -0.009523
     168       -0.009640
     169       -0.010555
     170       -0.010134
     171       -0.009878
     172       -0.009867
     173       -0.009819
     174       -0.009821
     175       -0.009815
     176       -0.009815
     177       -0.009820
     178       -0.009818
     179       -0.009866
     180       -0.009876
     181       -0.010133
     182       -0.010555
     183       -0.009640
     184       -0.009523
     185       -0.010201
     186       -0.009536
     187       -0.009042
     188       -0.008792
     189       -0.008506
     190       -0.008270
     191       -0.008026
     192       -0.007788
     193       -0.007546
     194       -0.007294
     195       -0.007013
     196       -0.006621
     197       -0.005856
     198       -0.004322
     199       -0.002144
     200       -0.000543
     201       -0.000801
     202       -0.003057
     203       -0.005460
     204       -0.005870
     205       -0.005241
     206       -0.005118
     207       -0.005714
     208       -0.007910
     209       -0.010096
     210       -0.010654
     211       -0.010370
     212       -0.009122
     213       -0.007793
     214       -0.007309
     215       -0.007353
     216       -0.007380
     217       -0.006551
     218       -0.006463
     219       -0.007146
     220       -0.006894
     221       -0.006625
     222       -0.006560
     223       -0.006533
     224       -0.006517
     225       -0.006515
     226       -0.006514
     227       -0.006513
     228       -0.006526
     229       -0.006550
     230       -0.006612
     231       -0.006880
     232       -0.007129
     233       -0.006448
     234       -0.006526
     235       -0.007355
     236       -0.007256
     237       -0.007137
     238       -0.007225
     239       -0.007350
     240       -0.007487
     241       -0.007638
     242       -0.007785
     243       -0.007934
     244       -0.008070
     245       -0.008176
     246       -0.008165
     247       -0.007687
     248       -0.006079
     249       -0.003226
     250       -0.000859
     251       -0.001218
     252       -0.004329
     253       -0.007346
     254       -0.007945
     255       -0.007522
     256       -0.007338
     257       -0.007421
     258       -0.008298
     259       -0.009168
     260       -0.009202
     261       -0.008866
     262       -0.007795
     263       -0.006340
     264       -0.005429
     265       -0.005002
     266       -0.004585
     267       -0.003622
     268       -0.003351
     269       -0.003751
     270       -0.003585
     271       -0.003351
     272       -0.003264
     273       -0.003234
     274       -0.003219
     275       -0.003214
     276       -0.003211
     277       -0.003212
     278       -0.003221
     279       -0.003247
     280       -0.003328
     281       -0.003556
     282       -0.003719
     283       -0.003315
     284       -0.003586
     285       -0.004529
     286       -0.004903
     287       -0.005213
     288       -0.005669
     289       -0.006181
     290       -0.006710
     291       -0.007246
     292       -0.007785
     293       -0.008321
     294       -0.008850
     295       -0.009342
     296       -0.009725
     297       -0.009617
     298       -0.008080
     299       -0.004557
     300       -0.001247
     301       -0.001757
     302       -0.006043
     303       -0.009671
     304       -0.010261
     305       -0.009707
     306       -0.009274
     307       -0.008824
     308       -0.008687
     309       -0.008539
     310       -0.008046
     311       -0.007460
     312       -0.006338
     313       -0.004778
     314       -0.003510
     315       -0.002619
     316       -0.001783
     317       -0.000717
     318       -0.000247
     319       -0.000367
     320       -0.000233
     321       -0.000059
     322        0.000032
     323        0.000066
     324        0.000081
     325        0.000088
     326        0.000091
     327        0.000091
     328        0.000085
     329        0.000058
     330       -0.000025
     331       -0.000191
     332       -0.000318
     333       -0.000195
     334       -0.000660
     335       -0.001709
     336       -0.002509
     337       -0.003269
     338       -0.004112
     339       -0.005012
     340       -0.005929
     341       -0.006857
     342       -0.007782
     343       -0.008711
     344       -0.009630
     345       -0.010515
     346       -0.011292
     347       -0.011651
     348       -0.010420
     349       -0.006314
     350       -0.001781
     351       -0.002566
     352       -0.008431
     353       -0.012522
     354       -0.012685
     355       -0.011834
     356       -0.011020
     357       -0.010045
     358       -0.009066
     359       -0.008109
     360       -0.007073
     361       -0.006132
     362       -0.004827
     363       -0.003129
     364       -0.001552
     365       -0.000215
     366        0.001034
     367        0.002208
     368        0.002873
     369        0.003032
     370        0.003139
     371        0.003249
     372        0.003332
     373        0.003368
     374        0.003381
     375        0.003389
     376        0.003394
     377        0.003395
     378        0.003391
     379        0.003366
     380        0.003293
     381        0.003194
     382        0.003098
     383        0.002943
     384        0.002285
     385        0.001125
     386       -0.000094
     387       -0.001310
     388       -0.002552
     389       -0.003840
     390       -0.005152
     391       -0.006462
     392       -0.007787
     393       -0.009090
     394       -0.010419
     395       -0.011687
     396       -0.012873
     397       -0.013741
     398       -0.013199
     399       -0.008738
     400       -0.002588
     401       -0.003801
     402       -0.011947
     403       -0.015809
     404       -0.015175
     405       -0.013864
     406       -0.012717
     407       -0.011108
     408       -0.009475
     409       -0.007775
     410       -0.006222
     411       -0.004854
     412       -0.003301
     413       -0.001421
     414        0.000439
     415        0.002196
     416        0.003884
     417        0.005183
     418        0.006042
     419        0.006465
     420        0.006514
     421        0.006567
     422        0.006639
     423        0.006669
     424        0.006681
     425        0.006691
     426        0.006696
     427        0.006699
     428        0.006699
     429        0.006681
     430        0.006622
     431        0.006583
     432        0.006548
     433        0.006131
     434        0.005280
     435        0.003992
     436        0.002324
     437        0.000659
     438       -0.000984
     439       -0.002670
     440       -0.004369
     441       -0.006079
     442       -0.007773
     443       -0.009501
     444       -0.011162
     445       -0.012920
     446       -0.014413
     447       -0.015876
     448       -0.016356
     449       -0.012282
     450       -0.003820
     451       -0.006267
     452       -0.016816
     453       -0.019668
     454       -0.017285
     455       -0.016156
     456       -0.014191
     457       -0.012214
     458       -0.009833
     459       -0.007520
     460       -0.005410
     461       -0.003613
     462       -0.001775
     463        0.000320
     464        0.002454
     465        0.004592
     466        0.006776
     467        0.008251
     468        0.009306
     469        0.009939
     470        0.009875
     471        0.009892
     472        0.009955
     473        0.009966
     474        0.009985
     475        0.009991
     476        0.009998
     477        0.010006
     478        0.010001
     479        0.010005
     480        0.009958
     481        0.009958
     482        0.010039
     483        0.009416
     484        0.008369
     485        0.006902
     486        0.004727
     487        0.002636
     488        0.000591
     489       -0.001502
     490       -0.003589
     491       -0.005683
     492       -0.007786
     493       -0.009859
     494       -0.012004
     495       -0.013977
     496       -0.016255
     497       -0.017623
     498       -0.020051
     499       -0.017172
     500       -0.006293
     501       -0.009395
     502       -0.025606
     503       -0.021755
     504       -0.020307
     505       -0.018000
     506       -0.015873
     507       -0.013219
     508       -0.010233
     509       -0.007252
     510       -0.004603
     511       -0.002384
     512       -0.000248
     513        0.002044
     514        0.004517
     515        0.006937
     516        0.009685
     517        0.011490
     518        0.012737
     519        0.013433
     520        0.013183
     521        0.013261
     522        0.013249
     523        0.013276
     524        0.013284
     525        0.013294
     526        0.013302
     527        0.013308
     528        0.013317
     529        0.013307
     530        0.013337
     531        0.013278
     532        0.013550
     533        0.012869
     534        0.011631
     535        0.009829
     536        0.007076
     537        0.004655
     538        0.002145
     539       -0.000323
     540       -0.002812
     541       -0.005292
     542       -0.007781
     543       -0.010260
     544       -0.012747
     545       -0.015248
     546       -0.017643
     547       -0.020323
     548       -0.021910
     549       -0.026021
     550       -0.009391
     551       -0.027891
     552       -0.030262
     553       -0.025358
     554       -0.022715
     555       -0.020043
     556       -0.017557
     557       -0.014264
     558       -0.010644
     559       -0.006933
     560       -0.003752
     561       -0.001137
     562        0.001247
     563        0.003779
     564        0.006512
     565        0.009421
     566        0.012307
     567        0.015114
     568        0.016555
     569        0.016641
     570        0.016632
     571        0.016566
     572        0.016569
     573        0.016578
     574        0.016585
     575        0.016596
     576        0.016605
     577        0.016612
     578        0.016624
     579        0.016634
     580        0.016652
     581        0.016739
     582        0.016773
     583        0.016713
     584        0.015283
     585        0.012468
     586        0.009567
     587        0.006610
     588        0.003725
     589        0.000845
     590       -0.002028
     591       -0.004909
     592       -0.007766
     593       -0.010672
     594       -0.013488
     595       -0.016468
     596       -0.019222
     597       -0.022410
     598       -0.025362
     599       -0.030550
     600       -0.028050
     601       -0.042944
     602       -0.031693
     603       -0.027792
     604       -0.023522
     605       -0.021141
     606       -0.018025
     607       -0.014706
     608       -0.010811
     609       -0.006977
     610       -0.003561
     611       -0.000702
     612        0.001916
     613        0.004655
     614        0.007547
     615        0.010685
     616        0.013738
     617        0.016858
     618        0.018399
     619        0.018352
     620        0.018364
     621        0.018243
     622        0.018255
     623        0.018238
     624        0.018249
     625        0.018254
     626        0.018261
     627        0.018270
     628        0.018272
     629        0.018304
     630        0.018308
     631        0.018445
     632        0.018451
     633        0.018521
     634        0.016987
     635        0.013856
     636        0.010785
     637        0.007586
     638        0.004518
     639        0.001425
     640       -0.001641
     641       -0.004707
     642       -0.007782
     643       -0.010831
     644       -0.013942
     645       -0.016927
     646       -0.020259
     647       -0.023089
     648       -0.027731
     649       -0.031765
     650       -0.043190
     651       -0.042942
     652       -0.032228
     653       -0.027527
     654       -0.023165
     655       -0.020203
     656       -0.016928
     657       -0.013926
     658       -0.010828
     659       -0.007780
     660       -0.004711
     661       -0.001649
     662        0.001414
     663        0.004499
     664        0.007573
     665        0.010743
     666        0.013856
     667        0.016911
     668        0.018445
     669        0.018454
     670        0.018407
     671        0.018302
     672        0.018295
     673        0.018276
     674        0.018282
     675        0.018285
     676        0.018292
     677        0.018302
     678        0.018309
     679        0.018341
     680        0.018362
     681        0.018483
     682        0.018546
     683        0.018560
     684        0.017035
     685        0.013978
     686        0.010872
     687        0.007714
     688        0.004650
     689        0.001550
     690       -0.001561
     691       -0.004682
     692       -0.007787
     693       -0.010847
     694       -0.013958
     695       -0.017001
     696       -0.020339
     697       -0.023354
     698       -0.027739
     699       -0.032393
     700       -0.043190
     701       -0.040422
     702       -0.035367
     703       -0.026082
     704       -0.023903
     705       -0.019927
     706       -0.017057
     707       -0.013882
     708       -0.010851
     709       -0.007771
     710       -0.004712
     711       -0.001646
     712        0.001428
     713        0.004486
     714        0.007643
     715        0.010627
     716        0.014119
     717        0.016645
     718        0.018177
     719        0.018716
     720        0.018288
     721        0.018370
     722        0.018277
     723        0.018284
     724        0.018273
     725        0.018274
     726        0.018274
     727        0.018273
     728        0.018284
     729        0.018277
     730        0.018370
     731        0.018288
     732        0.018716
     733        0.018177
     734        0.016646
     735        0.014125
     736        0.010647
     737        0.007702
     738        0.004638
     739        0.001742
     740       -0.001156
     741       -0.004170
     742       -0.007406
     743       -0.010852
     744       -0.014247
     745       -0.017599
     746       -0.020415
     747       -0.024214
     748       -0.026230
     749       -0.035420
     750       -0.040434
     751       -0.042875
     752       -0.032173
     753       -0.027544
     754       -0.023182
     755       -0.020221
     756       -0.016942
     757       -0.013935
     758       -0.010833
     759       -0.007781
     760       -0.004708
     761       -0.001641
     762        0.001426
     763        0.004515
     764        0.007593
     765        0.010768
     766        0.013886
     767        0.016949
     768        0.018483
     769        0.018481
     770        0.018427
     771        0.018315
     772        0.018301
     773        0.018273
     774        0.018270
     775        0.018262
     776        0.018255
     777        0.018251
     778        0.018241
     779        0.018255
     780        0.018255
     781        0.018352
     782        0.018389
     783        0.018368
     784        0.016828
     785        0.013776
     786        0.010675
     787        0.007561
     788        0.004653
     789        0.001907
     790       -0.000730
     791       -0.003601
     792       -0.007004
     793       -0.010815
     794       -0.014673
     795       -0.018004
     796       -0.021080
     797       -0.023607
     798       -0.027614
     799       -0.032105
     800       -0.042646
     801        0.000119
     802        0.000148
     803       -0.000422
     804       -0.001553
     805       -0.002855
     806       -0.004136
     807       -0.005373
     808       -0.006588
     809       -0.007798
     810       -0.009007
     811       -0.010216
     812       -0.011427
     813       -0.012637
     814       -0.013861
     815       -0.015078
     816       -0.016438
     817       -0.018136
     818       -0.018744
     819       -0.018257
     820       -0.018110
     821       -0.018106
     822       -0.018094
     823       -0.018097
     824       -0.018100
     825       -0.018103
     826       -0.018106
     827       -0.018109
     828       -0.018112
     829       -0.018115
     830       -0.018133
     831       -0.018144
     832       -0.018298
     833       -0.018790
     834       -0.018186
     835       -0.016490
     836       -0.015142
     837       -0.013964
     838       -0.012835
     839       -0.011788
     840       -0.010750
     841       -0.009590
     842       -0.008192
     843       -0.006602
     844       -0.005005
     845       -0.003579
     846       -0.002346
     847       -0.001212
     848       -0.000238
     849        0.000230
     850        0.000140
     851        0.000030
     852       -0.000236
     853       -0.001159
     854       -0.002386
     855       -0.003594
     856       -0.004703
     857       -0.005753
     858       -0.006778
     859       -0.007796
     860       -0.008812
     861       -0.009828
     862       -0.010847
     863       -0.011869
     864       -0.012921
     865       -0.013949
     866       -0.015321
     867       -0.016325
     868       -0.016822
     869       -0.016851
     870       -0.016493
     871       -0.016485
     872       -0.016450
     873       -0.016447
     874       -0.016446
     875       -0.016448
     876       -0.016450
     877       -0.016453
     878       -0.016458
     879       -0.016466
     880       -0.016505
     881       -0.016518
     882       -0.016881
     883       -0.016857
     884       -0.016364
     885       -0.015365
     886       -0.014009
     887       -0.013020
     888       -0.012049
     889       -0.011146
     890       -0.010239
     891       -0.009238
     892       -0.008079
     893       -0.006792
     894       -0.005498
     895       -0.004304
     896       -0.003211
     897       -0.002112
     898       -0.001000
     899       -0.000152
     900        0.000062
     901       -0.000271
     902       -0.001184
     903       -0.002704
     904       -0.004093
     905       -0.005096
     906       -0.005855
     907       -0.006523
     908       -0.007163
     909       -0.007793
     910       -0.008422
     911       -0.009051
     912       -0.009685
     913       -0.010325
     914       -0.011022
     915       -0.011664
     916       -0.013054
     917       -0.012675
     918       -0.012977
     919       -0.013998
     920       -0.013236
     921       -0.013224
     922       -0.013156
     923       -0.013145
     924       -0.013140
     925       -0.013139
     926       -0.013140
     927       -0.013143
     928       -0.013150
     929       -0.013163
     930       -0.013233
     931       -0.013247
     932       -0.014013
     933       -0.012995
     934       -0.012697
     935       -0.013085
     936       -0.011715
     937       -0.011117
     938       -0.010493
     939       -0.009945
     940       -0.009384
     941       -0.008750
     942       -0.008007
     943       -0.007179
     944       -0.006341
     945       -0.005559
     946       -0.004797
     947       -0.003869
     948       -0.002570
     949       -0.001109
     950       -0.000235
     951       -0.000563
     952       -0.002139
     953       -0.004299
     954       -0.005841
     955       -0.006616
     956       -0.007012
     957       -0.007295
     958       -0.007548
     959       -0.007792
     960       -0.008030
     961       -0.008276
     962       -0.008514
     963       -0.008801
     964       -0.009052
     965       -0.009547
     966       -0.010213
     967       -0.009535
     968       -0.009653
     969       -0.010569
     970       -0.010147
     971       -0.009891
     972       -0.009881
     973       -0.009834
     974       -0.009835
     975       -0.009830
     976       -0.009830
     977       -0.009835
     978       -0.009833
     979       -0.009880
     980       -0.009890
     981       -0.010146
     982       -0.010568
     983       -0.009654
     984       -0.009540
     985       -0.010228
     986       -0.009586
     987       -0.009135
     988       -0.008950
     989       -0.008736
     990       -0.008546
     991       -0.008286
     992       -0.007955
     993       -0.007566
     994       -0.007167
     995       -0.006793
     996       -0.006387
     997       -0.005666
     998       -0.004197
     999       -0.002078
    1000       -0.000522
    1001       -0.000883
    1002       -0.003207
    1003       -0.006039
    1004       -0.007664
    1005       -0.008156
    1006       -0.008173
    1007       -0.008070
    1008       -0.007935
    1009       -0.007788
    1010       -0.007642
    1011       -0.007493
    1012       -0.007359
    1013       -0.007235
    1014       -0.007149
    1015       -0.007270
    1016       -0.007370
    1017       -0.006541
    1018       -0.006464
    1019       -0.007145
    1020       -0.006897
    1021       -0.006628
    1022       -0.006565
    1023       -0.006539
    1024       -0.006524
    1025       -0.006522
    1026       -0.006521
    1027       -0.006520
    1028       -0.006532
    1029       -0.006555
    1030       -0.006615
    1031       -0.006881
    1032       -0.007129
    1033       -0.006448
    1034       -0.006529
    1035       -0.007369
    1036       -0.007293
    1037       -0.007216
    1038       -0.007363
    1039       -0.007545
    1040       -0.007712
    1041       -0.007843
    1042       -0.007916
    1043       -0.007955
    1044       -0.007981
    1045       -0.008013
    1046       -0.007984
    1047       -0.007536
    1048       -0.005975
    1049       -0.003168
    1050       -0.000840
    1051       -0.001276
    1052       -0.004520
    1053       -0.008024
    1054       -0.009588
    1055       -0.009714
    1056       -0.009336
    1057       -0.008848
    1058       -0.008321
    1059       -0.007787
    1060       -0.007250
    1061       -0.006717
    1062       -0.006191
    1063       -0.005681
    1064       -0.005228
    1065       -0.004921
    1066       -0.004547
    1067       -0.003604
    1068       -0.003334
    1069       -0.003739
    1070       -0.003575
    1071       -0.003344
    1072       -0.003260
    1073       -0.003231
    1074       -0.003218
    1075       -0.003213
    1076       -0.003211
    1077       -0.003211
    1078       -0.003219
    1079       -0.003242
    1080       -0.003321
    1081       -0.003546
    1082       -0.003707
    1083       -0.003302
    1084       -0.003574
    1085       -0.004527
    1086       -0.004925
    1087       -0.005274
    1088       -0.005783
    1089       -0.006344
    1090       -0.006895
    1091       -0.007412
    1092       -0.007891
    1093       -0.008342
    1094       -0.008787
    1095       -0.009220
    1096       -0.009588
    1097       -0.009502
    1098       -0.008002
    1099       -0.004511
    1100       -0.001233
    1101       -0.001815
    1102       -0.006254
    1103       -0.010351
    1104       -0.011620
    1105       -0.011277
    1106       -0.010507
    1107       -0.009625
    1108       -0.008709
    1109       -0.007784
    1110       -0.006862
    1111       -0.005937
    1112       -0.005023
    1113       -0.004126
    1114       -0.003287
    1115       -0.002529
    1116       -0.001732
    1117       -0.000682
    1118       -0.000218
    1119       -0.000341
    1120       -0.000212
    1121       -0.000042
    1122        0.000045
    1123        0.000077
    1124        0.000089
    1125        0.000095
    1126        0.000099
    1127        0.000100
    1128        0.000095
    1129        0.000071
    1130       -0.000008
    1131       -0.000169
    1132       -0.000292
    1133       -0.000167
    1134       -0.000633
    1135       -0.001690
    1136       -0.002511
    1137       -0.003309
    1138       -0.004200
    1139       -0.005145
    1140       -0.006084
    1141       -0.006997
    1142       -0.007873
    1143       -0.008732
    1144       -0.009582
    1145       -0.010421
    1146       -0.011187
    1147       -0.011570
    1148       -0.010373
    1149       -0.006288
    1150       -0.001774
    1151       -0.002627
    1152       -0.008647
    1153       -0.013122
    1154       -0.013711
    1155       -0.012856
    1156       -0.011675
    1157       -0.010413
    1158       -0.009088
    1159       -0.007788
    1160       -0.006467
    1161       -0.005161
    1162       -0.003852
    1163       -0.002568
    1164       -0.001329
    1165       -0.000118
    1166        0.001098
    1167        0.002258
    1168        0.002916
    1169        0.003072
    1170        0.003172
    1171        0.003276
    1172        0.003355
    1173        0.003386
    1174        0.003397
    1175        0.003404
    1176        0.003409
    1177        0.003412
    1178        0.003410
    1179        0.003389
    1180        0.003321
    1181        0.003228
    1182        0.003137
    1183        0.002985
    1184        0.002327
    1185        0.001163
    1186       -0.000074
    1187       -0.001323
    1188       -0.002612
    1189       -0.003945
    1190       -0.005285
    1191       -0.006588
    1192       -0.007872
    1193       -0.009112
    1194       -0.010379
    1195       -0.011608
    1196       -0.012793
    1197       -0.013692
    1198       -0.013189
    1199       -0.008738
    1200       -0.002593
    1201       -0.003866
    1202       -0.012155
    1203       -0.016282
    1204       -0.015850
    1205       -0.014394
    1206       -0.012906
    1207       -0.011154
    1208       -0.009497
    1209       -0.007774
    1210       -0.006083
    1211       -0.004378
    1212       -0.002684
    1213       -0.001002
    1214        0.000637
    1215        0.002297
    1216        0.003961
    1217        0.005248
    1218        0.006100
    1219        0.006518
    1220        0.006559
    1221        0.006604
    1222        0.006670
    1223        0.006696
    1224        0.006705
    1225        0.006713
    1226        0.006719
    1227        0.006723
    1228        0.006726
    1229        0.006712
    1230        0.006660
    1231        0.006628
    1232        0.006601
    1233        0.006188
    1234        0.005340
    1235        0.004050
    1236        0.002369
    1237        0.000675
    1238       -0.001013
    1239       -0.002750
    1240       -0.004487
    1241       -0.006202
    1242       -0.007860
    1243       -0.009523
    1244       -0.011120
    1245       -0.012846
    1246       -0.014349
    1247       -0.015859
    1248       -0.016391
    1249       -0.012323
    1250       -0.003842
    1251       -0.006347
    1252       -0.017015
    1253       -0.019996
    1254       -0.017604
    1255       -0.016228
    1256       -0.013964
    1257       -0.011993
    1258       -0.009854
    1259       -0.007786
    1260       -0.005687
    1261       -0.003599
    1262       -0.001517
    1263        0.000572
    1264        0.002611
    1265        0.004697
    1266        0.006866
    1267        0.008332
    1268        0.009380
    1269        0.010005
    1270        0.009931
    1271        0.009939
    1272        0.009995
    1273        0.010001
    1274        0.010016
    1275        0.010020
    1276        0.010027
    1277        0.010037
    1278        0.010036
    1279        0.010045
    1280        0.010005
    1281        0.010014
    1282        0.010105
    1283        0.009489
    1284        0.008447
    1285        0.006982
    1286        0.004798
    1287        0.002685
    1288        0.000598
    1289       -0.001555
    1290       -0.003700
    1291       -0.005815
    1292       -0.007885
    1293       -0.009881
    1294       -0.011951
    1295       -0.013893
    1296       -0.016201
    1297       -0.017632
    1298       -0.020140
    1299       -0.017271
    1300       -0.006345
    1301       -0.009499
    1302       -0.025829
    1303       -0.021917
    1304       -0.020285
    1305       -0.017621
    1306       -0.015230
    1307       -0.012734
    1308       -0.010254
    1309       -0.007780
    1310       -0.005296
    1311       -0.002822
    1312       -0.000338
    1313        0.002124
    1314        0.004628
    1315        0.007043
    1316        0.009789
    1317        0.011588
    1318        0.012826
    1319        0.013512
    1320        0.013250
    1321        0.013318
    1322        0.013298
    1323        0.013318
    1324        0.013321
    1325        0.013330
    1326        0.013337
    1327        0.013345
    1328        0.013359
    1329        0.013356
    1330        0.013394
    1331        0.013344
    1332        0.013630
    1333        0.012958
    1334        0.011728
    1335        0.009931
    1336        0.007176
    1337        0.004743
    1338        0.002194
    1339       -0.000347
    1340       -0.002923
    1341       -0.005449
    1342       -0.007905
    1343       -0.010282
    1344       -0.012668
    1345       -0.015139
    1346       -0.017590
    1347       -0.020366
    1348       -0.022041
    1349       -0.026220
    1350       -0.009489
    1351       -0.028181
    1352       -0.030488
    1353       -0.025374
    1354       -0.022370
    1355       -0.019200
    1356       -0.016446
    1357       -0.013475
    1358       -0.010664
    1359       -0.007764
    1360       -0.004914
    1361       -0.002039
    1362        0.000829
    1363        0.003703
    1364        0.006581
    1365        0.009532
    1366        0.012425
    1367        0.015230
    1368        0.016662
    1369        0.016733
    1370        0.016709
    1371        0.016632
    1372        0.016625
    1373        0.016627
    1374        0.016629
    1375        0.016638
    1376        0.016647
    1377        0.016656
    1378        0.016673
    1379        0.016690
    1380        0.016718
    1381        0.016817
    1382        0.016864
    1383        0.016820
    1384        0.015400
    1385        0.012592
    1386        0.009698
    1387        0.006740
    1388        0.003824
    1389        0.000856
    1390       -0.002145
    1391       -0.005111
    1392       -0.007930
    1393       -0.010694
    1394       -0.013368
    1395       -0.016316
    1396       -0.019162
    1397       -0.022491
    1398       -0.025548
    1399       -0.030827
    1400       -0.028350
    1401       -0.043262
    1402       -0.031825
    1403       -0.027712
    1404       -0.023072
    1405       -0.020238
    1406       -0.016912
    1407       -0.013932
    1408       -0.010825
    1409       -0.007781
    1410       -0.004710
    1411       -0.001649
    1412        0.001413
    1413        0.004501
    1414        0.007564
    1415        0.010759
    1416        0.013824
    1417        0.016947
    1418        0.018481
    1419        0.018421
    1420        0.018423
    1421        0.018293
    1422        0.018298
    1423        0.018275
    1424        0.018283
    1425        0.018286
    1426        0.018293
    1427        0.018304
    1428        0.018310
    1429        0.018347
    1430        0.018358
    1431        0.018503
    1432        0.018519
    1433        0.018603
    1434        0.017078
    1435        0.013953
    1436        0.010894
    1437        0.007711
    1438        0.004652
    1439        0.001537
    1440       -0.001587
    1441       -0.004714
    1442       -0.007812
    1443       -0.010846
    1444       -0.013944
    1445       -0.016955
    1446       -0.020354
    1447       -0.023251
    1448       -0.027930
    1449       -0.031995
    1450       -0.043526
    1451        0.000028
    1452        0.000180
    1453        0.000410
    1454        0.000652
    1455        0.000857
    1456        0.001009
    1457        0.001100
    1458        0.001128
    1459        0.001092
    1460        0.000994
    1461        0.000838
    1462        0.000634
    1463        0.000394
    1464        0.000167
    1465        0.000021
    1466        0.000006
    1467        0.000171
    1468        0.000381
    1469        0.000581
    1470        0.000739
    1471        0.000849
    1472        0.000911
    1473        0.000931
    1474        0.000910
    1475        0.000845
    1476        0.000732
    1477        0.000570
    1478        0.000369
    1479        0.000157
    1480       -0.000008
    1481       -0.000103
    1482        0.000134
    1483        0.000358
    1484        0.000541
    1485        0.000669
    1486        0.000745
    1487        0.000782
    1488        0.000794
    1489        0.000787
    1490        0.000750
    1491        0.000669
    1492        0.000534
    1493        0.000342
    1494        0.000111
    1495       -0.000133
    1496       -0.000158
    1497        0.000141
    1498        0.000382
    1499        0.000549
    1500        0.000643
    1501        0.000682
    1502        0.000694
    1503        0.000700
    1504        0.000705
    1505        0.000697
    1506        0.000650
    1507        0.000542
    1508        0.000359
    1509        0.000102
    1510       -0.000212
    1511       -0.000119
    1512        0.000237
    1513        0.000477
    1514        0.000609
    1515        0.000655
    1516        0.000650
    1517        0.000633
    1518        0.000632
    1519        0.000652
    1520        0.000677
    1521        0.000673
    1522        0.000607
    1523        0.000450
    1524        0.000183
    1525       -0.000203
    1526        0.000080
    1527        0.000459
    1528        0.000663
    1529        0.000726
    1530        0.000699
    1531        0.000636
    1532        0.000584
    1533        0.000576
    1534        0.000614
    1535        0.000680
    1536        0.000735
    1537        0.000738
    1538        0.000644
    1539        0.000401
    1540       -0.000035
    1541        0.000505
    1542        0.000861
    1543        0.000956
    1544        0.000891
    1545        0.000754
    1546        0.000618
    1547        0.000529
    1548        0.000516
    1549        0.000578
    1550        0.000697
    1551        0.000835
    1552        0.000947
    1553        0.000973
    1554        0.000822
    1555        0.000370
    1556        0.001309
    1557        0.001466
    1558        0.001307
    1559        0.001026
    1560        0.000757
    1561        0.000554
    1562        0.000443
    1563        0.000437
    1564        0.000533
    1565        0.000716
    1566        0.000951
    1567        0.001203
    1568        0.001425
    1569        0.001490
    1570        0.001172
    1571        0.002432
    1572        0.002051
    1573        0.001362
    1574        0.000861
    1575        0.000541
    1576        0.000365
    1577        0.000300
    1578        0.000328
    1579        0.000463
    1580        0.000690
    1581        0.000967
    1582        0.001303
    1583        0.001727
    1584        0.002238
    1585        0.002379
    1586        0.003683
    1587        0.001173
    1588        0.000258
    1589       -0.000096
    1590       -0.000193
    1591       -0.000085
    1592        0.000097
    1593        0.000192
    1594        0.000350
    1595        0.000496
    1596        0.000572
    1597        0.000751
    1598        0.001114
    1599        0.001871
    1600        0.003800
    1601       -0.000671
    1602       -0.002434
    1603       -0.002206
    1604       -0.002026
    1605       -0.001725
    1606       -0.001133
    1607       -0.000035
    1608        0.000045
    1609        0.000186
    1610       -0.000271
    1611       -0.000751
    1612       -0.000918
    1613       -0.000871
    1614       -0.000812
    1615        0.001118
    1616       -0.000304
    1617       -0.000113
    1618       -0.000697
    1619       -0.000665
    1620       -0.000362
    1621       -0.001203
    1622       -0.001049
    1623       -0.000694
    1624       -0.001685
    1625       -0.001493
    1626       -0.001372
    1627       -0.002293
    1628       -0.002489
    1629       -0.002360
    1630       -0.003581
    1631       -0.001562
    1632       -0.001283
    1633       -0.002496
    1799        0.002295
    1800        0.002671
    1801        0.004422
    1802        0.004554
    1803        0.004697
    1804        0.004754
    1805        0.004774
    1806        0.004782
    1807        0.004780
    1808        0.004765
    1809        0.004710
    1810        0.004567
    1811        0.004430
    1812        0.002678
    1813        0.002295
    1814        0.000727
    1815        0.002713
    1816        0.003974
    1817        0.004473
    1818        0.004770
    1819        0.004938
    1820        0.005018
    1821        0.005044
    1822        0.005021
    1823        0.004945
    1824        0.004781
    1825        0.004487
    1826        0.003987
    1827        0.002734
    1828        0.000757
    1829        0.002192
    1830        0.002680
    1831        0.003563
    1832        0.004273
    1833        0.004728
    1834        0.005030
    1835        0.005196
    1836        0.005248
    1837        0.005194
    1838        0.005030
    1839        0.004735
    1840        0.004288
    1841        0.003585
    1842        0.002711
    1843        0.002237
    1844        0.001523
    1845        0.002414
    1846        0.003223
    1847        0.003973
    1848        0.004589
    1849        0.005032
    1850        0.005300
    1851        0.005386
    1852        0.005291
    1853        0.005023
    1854        0.004591
    1855        0.003990
    1856        0.003253
    1857        0.002456
    1858        0.001590
    1859        0.001169
    1860        0.001960
    1861        0.002792
    1862        0.003610
    1863        0.004350
    1864        0.004944
    1865        0.005328
    1866        0.005452
    1867        0.005308
    1868        0.004925
    1869        0.004345
    1870        0.003629
    1871        0.002829
    1872        0.002010
    1873        0.001248
    1874        0.000721
    1875        0.001467
    1876        0.002280
    1877        0.003145
    1878        0.004010
    1879        0.004766
    1880        0.005276
    1881        0.005446
    1882        0.005253
    1883        0.004746
    1884        0.004021
    1885        0.003179
    1886        0.002319
    1887        0.001515
    1888        0.000802
    1889        0.000351
    1890        0.000926
    1891        0.001652
    1892        0.002544
    1893        0.003535
    1894        0.004477
    1895        0.005147
    1896        0.005374
    1897        0.005119
    1898        0.004461
    1899        0.003560
    1900        0.002593
    1901        0.001703
    1902        0.000969
    1903        0.000423
    1904       -0.000072
    1905        0.000248
    1906        0.000827
    1907        0.001703
    1908        0.002843
    1909        0.004043
    1910        0.004940
    1911        0.005245
    1912        0.004904
    1913        0.004020
    1914        0.002868
    1915        0.001762
    1916        0.000882
    1917        0.000284
    1918       -0.000019
    1919       -0.000705
    1920       -0.000651
    1921       -0.000326
    1922        0.000480
    1923        0.001794
    1924        0.003393
    1925        0.004670
    1926        0.005075
    1927        0.004601
    1928        0.003317
    1929        0.001761
    1930        0.000493
    1931       -0.000296
    1932       -0.000615
    1933       -0.000669
    1934       -0.001316
    1935       -0.002167
    1936       -0.002021
    1937       -0.001288
    1938        0.000126
    1939        0.002326
    1940        0.004397
    1941        0.004885
    1942        0.004249
    1943        0.002100
    1944       -0.000071
    1945       -0.001398
    1946       -0.002061
    1947       -0.002167
    1948       -0.001317
    1949       -0.005856
    1950       -0.004305
    1951       -0.003937
    1952       -0.003472
    1953       -0.002484
    1954       -0.000091
    1955        0.004437
    1956        0.004691
    1957        0.004212
    1958       -0.000639
    1959       -0.002924
    1960       -0.003735
    1961       -0.004069
    1962       -0.004343
    1963       -0.005906
    1964        0.003796
    1965        0.004476
    1966        0.004177
    1967        0.003314
    1968        0.004243
    1969        0.003699
    1970        0.003277
    1971        0.003801
    1972        0.003505
    1973        0.002838
    1974        0.003321
    1975        0.002944
    1976        0.002721
    1977        0.001093
    1978        0.002784
    1979        0.000348
    1980       -0.002083
    1981        0.000357
    1982        0.002299
    1983        0.002677
    1984        0.004428
    1985        0.004560
    1986        0.004702
    1987        0.004758
    1988        0.004777
    1989        0.004784
    1990        0.004780
    1991        0.004763
    1992        0.004707
    1993        0.004562
    1994        0.004425
    1995        0.002673
    1996        0.002292
    1997        0.000727
    1998        0.002716
    1999        0.003978
    2000        0.004477
    2001        0.004773
    2002        0.004941
    2003        0.005019
    2004        0.005045
    2005        0.005021
    2006        0.004944
    2007        0.004779
    2008        0.004484
    2009        0.003984
    2010        0.002732
    2011        0.000757
    2012        0.002191
    2013        0.002681
    2014        0.003565
    2015        0.004275
    2016        0.004730
    2017        0.005031
    2018        0.005197
    2019        0.005248
    2020        0.005194
    2021        0.005029
    2022        0.004734
    2023        0.004286
    2024        0.003583
    2025        0.002711
    2026        0.002238
    2027        0.001523
    2028        0.002413
    2029        0.003223
    2030        0.003973
    2031        0.004587
    2032        0.005030
    2033        0.005300
    2034        0.005386
    2035        0.005290
    2036        0.005020
    2037        0.004585
    2038        0.003987
    2039        0.003252
    2040        0.002456
    2041        0.001590
    2042        0.001170
    2043        0.001960
    2044        0.002792
    2045        0.003607
    2046        0.004349
    2047        0.004945
    2048        0.005327
    2049        0.005452
    2050        0.005309
    2051        0.004928
    2052        0.004350
    2053        0.003629
    2054        0.002827
    2055        0.002010
    2056        0.001248
    2057        0.000722
    2058        0.001468
    2059        0.002279
    2060        0.003149
    2061        0.004012
    2062        0.004766
    2063        0.005276
    2064        0.005446
    2065        0.005253
    2066        0.004747
    2067        0.004023
    2068        0.003183
    2069        0.002324
    2070        0.001516
    2071        0.000802
    2072        0.000352
    2073        0.000927
    2074        0.001651
    2075        0.002543
    2076        0.003534
    2077        0.004475
    2078        0.005146
    2079        0.005374
    2080        0.005120
    2081        0.004463
    2082        0.003562
    2083        0.002596
    2084        0.001705
    2085        0.000970
    2086        0.000423
    2087       -0.000068
    2088        0.000252
    2089        0.000826
    2090        0.001700
    2091        0.002839
    2092        0.004040
    2093        0.004939
    2094        0.005244
    2095        0.004905
    2096        0.004022
    2097        0.002872
    2098        0.001766
    2099        0.000885
    2100        0.000290
    2101       -0.000018
    2102       -0.000708
    2103       -0.000655
    2104       -0.000331
    2105        0.000474
    2106        0.001787
    2107        0.003388
    2108        0.004667
    2109        0.005074
    2110        0.004603
    2111        0.003321
    2112        0.001772
    2113        0.000502
    2114       -0.000290
    2115       -0.000613
    2116       -0.000672
    2117       -0.001318
    2118       -0.002173
    2119       -0.002032
    2120       -0.001299
    2121        0.000115
    2122        0.002318
    2123        0.004394
    2124        0.004884
    2125        0.004252
    2126        0.002108
    2127       -0.000054
    2128       -0.001389
    2129       -0.002049
    2130       -0.002157
    2131       -0.001316
    2132       -0.005889
    2133       -0.004326
    2134       -0.003955
    2135       -0.003488
    2136       -0.002498
    2137       -0.000103
    2138        0.004434
    2139        0.004691
    2140        0.004215
    2141       -0.000626
    2142       -0.002906
    2143       -0.003724
    2144       -0.004051
    2145       -0.004320
    2146       -0.005877
    2147        0.003803
    2148        0.004477
    2149        0.004170
    2150        0.003323
    2151        0.004243
    2152        0.003689
    2153        0.003287
    2154        0.003801
    2155        0.003496
    2156        0.002850
    2157        0.003321
    2158        0.002932
    2159        0.002739
    2160        0.001093
    2161        0.002767
    2162        0.000346
    2163       -0.002083
    2164        0.000359
    2165        0.000031
    2166        0.000185
    2167        0.000415
    2168        0.000673
    2169        0.000888
    2170        0.001049
    2171        0.001148
    2172        0.001182
    2173        0.001148
    2174        0.001048
    2175        0.000886
    2176        0.000672
    2177        0.000421
    2178        0.000184
    2179        0.000030
    2180       -0.000002
    2181        0.000166
    2182        0.000387
    2183        0.000595
    2184        0.000764
    2185        0.000882
    2186        0.000948
    2187        0.000968
    2188        0.000945
    2189        0.000876
    2190        0.000759
    2191        0.000593
    2192        0.000388
    2193        0.000174
    2194        0.000010
    2195       -0.000121
    2196        0.000125
    2197        0.000356
    2198        0.000550
    2199        0.000688
    2200        0.000770
    2201        0.000808
    2202        0.000817
    2203        0.000803
    2204        0.000762
    2205        0.000680
    2206        0.000546
    2207        0.000359
    2208        0.000133
    2209       -0.000104
    2210       -0.000182
    2211        0.000120
    2212        0.000373
    2213        0.000554
    2214        0.000659
    2215        0.000704
    2216        0.000713
    2217        0.000710
    2218        0.000706
    2219        0.000692
    2220        0.000646
    2221        0.000546
    2222        0.000376
    2223        0.000133
    2224       -0.000169
    2225       -0.000154
    2226        0.000209
    2227        0.000467
    2228        0.000618
    2229        0.000677
    2230        0.000676
    2231        0.000651
    2232        0.000633
    2233        0.000638
    2234        0.000654
    2235        0.000652
    2236        0.000600
    2237        0.000465
    2238        0.000222
    2239       -0.000143
    2240        0.000029
    2241        0.000431
    2242        0.000664
    2243        0.000753
    2244        0.000743
    2245        0.000678
    2246        0.000607
    2247        0.000571
    2248        0.000584
    2249        0.000636
    2250        0.000694
    2251        0.000714
    2252        0.000649
    2253        0.000443
    2254        0.000041
    2255        0.000436
    2256        0.000846
    2257        0.000995
    2258        0.000971
    2259        0.000848
    2260        0.000696
    2261        0.000571
    2262        0.000509
    2263        0.000527
    2264        0.000616
    2265        0.000747
    2266        0.000875
    2267        0.000944
    2268        0.000852
    2269        0.000461
    2270        0.001232
    2271        0.001511
    2272        0.001447
    2273        0.001220
    2274        0.000951
    2275        0.000706
    2276        0.000521
    2277        0.000431
    2278        0.000447
    2279        0.000564
    2280        0.000765
    2281        0.001024
    2282        0.001301
    2283        0.001464
    2284        0.001272
    2285        0.002423
    2286        0.002270
    2287        0.001738
    2288        0.001288
    2289        0.000933
    2290        0.000652
    2291        0.000438
    2292        0.000322
    2293        0.000316
    2294        0.000403
    2295        0.000583
    2296        0.000887
    2297        0.001357
    2298        0.002020
    2299        0.002389
    2300        0.003846
    2301        0.001917
    2302        0.001113
    2303        0.000711
    2304        0.000506
    2305        0.000425
    2306        0.000306
    2307        0.000179
    2308        0.000119
    2309       -0.000028
    2310       -0.000140
    2311       -0.000064
    2312        0.000252
    2313        0.001113
    2314        0.003622
    2315        0.001116
    2316       -0.000811
    2317       -0.000860
    2318       -0.000894
    2319       -0.000745
    2320       -0.000304
    2321        0.000133
    2322        0.000018
    2323       -0.000042
    2324       -0.001131
    2325       -0.001754
    2326       -0.002058
    2327       -0.002228
    2328       -0.002452
    2329       -0.000684
    2330       -0.000832
    2331       -0.000158
    2332       -0.000273
    2333       -0.001342
    2334       -0.000392
    2335       -0.000610
    2336       -0.001796
    2337       -0.000708
    2338       -0.001004
    2339       -0.002372
    2340       -0.001370
    2341       -0.001454
    2342       -0.003571
    2343       -0.002352
    2344       -0.002501
    2345       -0.002486
    2346       -0.001276
    2347       -0.001567
    2348       -0.000039
    2349       -0.000184
    2350       -0.000772
    2351       -0.001763
    2352       -0.002931
    2353       -0.004149
    2354       -0.005366
    2355       -0.006580
    2356       -0.007790
    2357       -0.009003
    2358       -0.010210
    2359       -0.011428
    2360       -0.012622
    2361       -0.013857
    2362       -0.015031
    2363       -0.016218
    2364       -0.017601
    2365       -0.018210
    2366       -0.018033
    2367       -0.018056
    2368       -0.018092
    2369       -0.018066
    2370       -0.018082
    2371       -0.018073
    2372       -0.018075
    2373       -0.018073
    2374       -0.018067
    2375       -0.018071
    2376       -0.018050
    2377       -0.018071
    2378       -0.018030
    2379       -0.018002
    2380       -0.018175
    2381       -0.017563
    2382       -0.016180
    2383       -0.014987
    2384       -0.013818
    2385       -0.012515
    2386       -0.011272
    2387       -0.008522
    2388       -0.006225
    2389       -0.005611
    2390       -0.006576
    2391       -0.007528
    2392       -0.006904
    2393       -0.004596
    2394       -0.001906
    2395       -0.000871
    2396       -0.000215
    2397       -0.000058
    2398       -0.000154
    2399       -0.000383
    2400       -0.000973
    2401       -0.001893
    2402       -0.002992
    2403       -0.004168
    2404       -0.005371
    2405       -0.006580
    2406       -0.007791
    2407       -0.009001
    2408       -0.010214
    2409       -0.011421
    2410       -0.012628
    2411       -0.013831
    2412       -0.014993
    2413       -0.016139
    2414       -0.017266
    2415       -0.017873
    2416       -0.017955
    2417       -0.018018
    2418       -0.018066
    2419       -0.018073
    2420       -0.018076
    2421       -0.018079
    2422       -0.018076
    2423       -0.018074
    2424       -0.018073
    2425       -0.018067
    2426       -0.018060
    2427       -0.018049
    2428       -0.017996
    2429       -0.017930
    2430       -0.017843
    2431       -0.017237
    2432       -0.016100
    2433       -0.014957
    2434       -0.013738
    2435       -0.012524
    2436       -0.010847
    2437       -0.008830
    2438       -0.007141
    2439       -0.006356
    2440       -0.006574
    2441       -0.006793
    2442       -0.006011
    2443       -0.004359
    2444       -0.002455
    2445       -0.001067
    2446       -0.000469
    2447       -0.000160
    2448       -0.000239
    2449       -0.000515
    2450       -0.001123
    2451       -0.002000
    2452       -0.003046
    2453       -0.004189
    2454       -0.005376
    2455       -0.006581
    2456       -0.007790
    2457       -0.009002
    2458       -0.010212
    2459       -0.011421
    2460       -0.012624
    2461       -0.013814
    2462       -0.014955
    2463       -0.016054
    2464       -0.017020
    2465       -0.017626
    2466       -0.017870
    2467       -0.017981
    2468       -0.018050
    2469       -0.018071
    2470       -0.018078
    2471       -0.018079
    2472       -0.018079
    2473       -0.018077
    2474       -0.018075
    2475       -0.018070
    2476       -0.018060
    2477       -0.018036
    2478       -0.017964
    2479       -0.017849
    2480       -0.017604
    2481       -0.016992
    2482       -0.016026
    2483       -0.014899
    2484       -0.013730
    2485       -0.012403
    2486       -0.010764
    2487       -0.009074
    2488       -0.007757
    2489       -0.006878
    2490       -0.006575
    2491       -0.006277
    2492       -0.005422
    2493       -0.004172
    2494       -0.002646
    2495       -0.001335
    2496       -0.000588
    2497       -0.000273
    2498       -0.000302
    2499       -0.000599
    2500       -0.001232
    2501       -0.002083
    2502       -0.003092
    2503       -0.004207
    2504       -0.005381
    2505       -0.006581
    2506       -0.007790
    2507       -0.009002
    2508       -0.010213
    2509       -0.011421
    2510       -0.012621
    2511       -0.013799
    2512       -0.014924
    2513       -0.015975
    2514       -0.016845
    2515       -0.017451
    2516       -0.017791
    2517       -0.017951
    2518       -0.018037
    2519       -0.018068
    2520       -0.018079
    2521       -0.018081
    2522       -0.018081
    2523       -0.018080
    2524       -0.018078
    2525       -0.018073
    2526       -0.018060
    2527       -0.018026
    2528       -0.017938
    2529       -0.017776
    2530       -0.017433
    2531       -0.016826
    2532       -0.015946
    2533       -0.014873
    2534       -0.013695
    2535       -0.012340
    2536       -0.010773
    2537       -0.009315
    2538       -0.008167
    2539       -0.007236
    2540       -0.006577
    2541       -0.005927
    2542       -0.005033
    2543       -0.003981
    2544       -0.002721
    2545       -0.001502
    2546       -0.000694
    2547       -0.000331
    2548       -0.000344
    2549       -0.000649
    2550       -0.001305
    2551       -0.002142
    2552       -0.003126
    2553       -0.004222
    2554       -0.005385
    2555       -0.006582
    2556       -0.007790
    2557       -0.009002
    2558       -0.010213
    2559       -0.011421
    2560       -0.012618
    2561       -0.013789
    2562       -0.014899
    2563       -0.015914
    2564       -0.016727
    2565       -0.017333
    2566       -0.017730
    2567       -0.017927
    2568       -0.018027
    2569       -0.018066
    2570       -0.018080
    2571       -0.018083
    2572       -0.018083
    2573       -0.018083
    2574       -0.018081
    2575       -0.018076
    2576       -0.018061
    2577       -0.018020
    2578       -0.017918
    2579       -0.017721
    2580       -0.017322
    2581       -0.016714
    2582       -0.015890
    2583       -0.014850
    2584       -0.013671
    2585       -0.012315
    2586       -0.010838
    2587       -0.009523
    2588       -0.008458
    2589       -0.007473
    2590       -0.006579
    2591       -0.005697
    2592       -0.004760
    2593       -0.003810
    2594       -0.002716
    2595       -0.001599
    2596       -0.000757
    2597       -0.000376
    2598       -0.000370
    2599       -0.000675
    2600       -0.001348
    2601       -0.002177
    2602       -0.003147
    2603       -0.004231
    2604       -0.005388
    2605       -0.006582
    2606       -0.007790
    2607       -0.009002
    2608       -0.010213
    2609       -0.011420
    2610       -0.012616
    2611       -0.013783
    2612       -0.014884
    2613       -0.015876
    2614       -0.016660
    2615       -0.017266
    2616       -0.017693
    2617       -0.017911
    2618       -0.018021
    2619       -0.018066
    2620       -0.018081
    2621       -0.018085
    2622       -0.018085
    2623       -0.018085
    2624       -0.018084
    2625       -0.018079
    2626       -0.018063
    2627       -0.018018
    2628       -0.017907
    2629       -0.017688
    2630       -0.017260
    2631       -0.016652
    2632       -0.015858
    2633       -0.014838
    2634       -0.013660
    2635       -0.012323
    2636       -0.010927
    2637       -0.009702
    2638       -0.008667
    2639       -0.007630
    2640       -0.006581
    2641       -0.005546
    2642       -0.004564
    2643       -0.003654
    2644       -0.002664
    2645       -0.001632
    2646       -0.000788
    2647       -0.000403
    2648       -0.000378
    2649       -0.000685
    2650       -0.001363
    2651       -0.002190
    2652       -0.003155
    2653       -0.004235
    2654       -0.005390
    2655       -0.006583
    2656       -0.007791
    2657       -0.009002
    2658       -0.010213
    2659       -0.011420
    2660       -0.012616
    2661       -0.013781
    2662       -0.014878
    2663       -0.015863
    2664       -0.016638
    2665       -0.017244
    2666       -0.017680
    2667       -0.017907
    2668       -0.018020
    2669       -0.018066
    2670       -0.018082
    2671       -0.018087
    2672       -0.018088
    2673       -0.018088
    2674       -0.018087
    2675       -0.018082
    2676       -0.018066
    2677       -0.018020
    2678       -0.017907
    2679       -0.017681
    2680       -0.017244
    2681       -0.016636
    2682       -0.015852
    2683       -0.014838
    2684       -0.013664
    2685       -0.012356
    2686       -0.011027
    2687       -0.009855
    2688       -0.008820
    2689       -0.007735
    2690       -0.006583
    2691       -0.005446
    2692       -0.004418
    2693       -0.003512
    2694       -0.002580
    2695       -0.001616
    2696       -0.000792
    2697       -0.000412
    2698       -0.000369
    2699       -0.000681
    2700       -0.001351
    2701       -0.002179
    2702       -0.003148
    2703       -0.004232
    2704       -0.005389
    2705       -0.006583
    2706       -0.007791
    2707       -0.009003
    2708       -0.010214
    2709       -0.011421
    2710       -0.012617
    2711       -0.013783
    2712       -0.014884
    2713       -0.015877
    2714       -0.016660
    2715       -0.017266
    2716       -0.017694
    2717       -0.017913
    2718       -0.018023
    2719       -0.018068
    2720       -0.018084
    2721       -0.018088
    2722       -0.018090
    2723       -0.018090
    2724       -0.018089
    2725       -0.018086
    2726       -0.018071
    2727       -0.018027
    2728       -0.017917
    2729       -0.017699
    2730       -0.017272
    2731       -0.016664
    2732       -0.015872
    2733       -0.014852
    2734       -0.013683
    2735       -0.012405
    2736       -0.011129
    2737       -0.009987
    2738       -0.008935
    2739       -0.007806
    2740       -0.006585
    2741       -0.005378
    2742       -0.004303
    2743       -0.003377
    2744       -0.002470
    2745       -0.001558
    2746       -0.000771
    2747       -0.000402
    2748       -0.000344
    2749       -0.000659
    2750       -0.001311
    2751       -0.002146
    2752       -0.003129
    2753       -0.004224
    2754       -0.005387
    2755       -0.006583
    2756       -0.007792
    2757       -0.009003
    2758       -0.010214
    2759       -0.011422
    2760       -0.012619
    2761       -0.013790
    2762       -0.014900
    2763       -0.015915
    2764       -0.016728
    2765       -0.017334
    2766       -0.017732
    2767       -0.017929
    2768       -0.018031
    2769       -0.018071
    2770       -0.018086
    2771       -0.018090
    2772       -0.018092
    2773       -0.018093
    2774       -0.018092
    2775       -0.018089
    2776       -0.018077
    2777       -0.018038
    2778       -0.017938
    2779       -0.017743
    2780       -0.017346
    2781       -0.016739
    2782       -0.015918
    2783       -0.014879
    2784       -0.013714
    2785       -0.012464
    2786       -0.011230
    2787       -0.010102
    2788       -0.009026
    2789       -0.007857
    2790       -0.006587
    2791       -0.005328
    2792       -0.004207
    2793       -0.003245
    2794       -0.002339
    2795       -0.001463
    2796       -0.000727
    2797       -0.000372
    2798       -0.000301
    2799       -0.000612
    2800       -0.001240
    2801       -0.002088
    2802       -0.003096
    2803       -0.004210
    2804       -0.005384
    2805       -0.006583
    2806       -0.007792
    2807       -0.009004
    2808       -0.010215
    2809       -0.011422
    2810       -0.012623
    2811       -0.013801
    2812       -0.014925
    2813       -0.015976
    2814       -0.016846
    2815       -0.017453
    2816       -0.017794
    2817       -0.017955
    2818       -0.018042
    2819       -0.018076
    2820       -0.018088
    2821       -0.018092
    2822       -0.018094
    2823       -0.018095
    2824       -0.018095
    2825       -0.018093
    2826       -0.018084
    2827       -0.018053
    2828       -0.017968
    2829       -0.017809
    2830       -0.017470
    2831       -0.016863
    2832       -0.015987
    2833       -0.014918
    2834       -0.013756
    2835       -0.012530
    2836       -0.011328
    2837       -0.010206
    2838       -0.009103
    2839       -0.007898
    2840       -0.006588
    2841       -0.005288
    2842       -0.004120
    2843       -0.003112
    2844       -0.002187
    2845       -0.001333
    2846       -0.000654
    2847       -0.000323
    2848       -0.000239
    2849       -0.000532
    2850       -0.001134
    2851       -0.002007
    2852       -0.003051
    2853       -0.004193
    2854       -0.005379
    2855       -0.006583
    2856       -0.007793
    2857       -0.009005
    2858       -0.010215
    2859       -0.011424
    2860       -0.012626
    2861       -0.013816
    2862       -0.014956
    2863       -0.016055
    2864       -0.017022
    2865       -0.017629
    2866       -0.017874
    2867       -0.017987
    2868       -0.018058
    2869       -0.018080
    2870       -0.018090
    2871       -0.018094
    2872       -0.018096
    2873       -0.018097
    2874       -0.018098
    2875       -0.018097
    2876       -0.018091
    2877       -0.018072
    2878       -0.018004
    2879       -0.017894
    2880       -0.017651
    2881       -0.017045
    2882       -0.016076
    2883       -0.014966
    2884       -0.013805
    2885       -0.012599
    2886       -0.011424
    2887       -0.010304
    2888       -0.009175
    2889       -0.007934
    2890       -0.006590
    2891       -0.005251
    2892       -0.004035
    2893       -0.002972
    2894       -0.002014
    2895       -0.001164
    2896       -0.000543
    2897       -0.000252
    2898       -0.000156
    2899       -0.000401
    2900       -0.000986
    2901       -0.001901
    2902       -0.002997
    2903       -0.004173
    2904       -0.005375
    2905       -0.006583
    2906       -0.007795
    2907       -0.009004
    2908       -0.010217
    2909       -0.011424
    2910       -0.012631
    2911       -0.013833
    2912       -0.014995
    2913       -0.016141
    2914       -0.017269
    2915       -0.017876
    2916       -0.017960
    2917       -0.018025
    2918       -0.018076
    2919       -0.018085
    2920       -0.018091
    2921       -0.018096
    2922       -0.018097
    2923       -0.018099
    2924       -0.018102
    2925       -0.018100
    2926       -0.018099
    2927       -0.018093
    2928       -0.018046
    2929       -0.017985
    2930       -0.017905
    2931       -0.017299
    2932       -0.016170
    2933       -0.015020
    2934       -0.013856
    2935       -0.012668
    2936       -0.011517
    2937       -0.010403
    2938       -0.009248
    2939       -0.007975
    2940       -0.006592
    2941       -0.005212
    2942       -0.003945
    2943       -0.002825
    2944       -0.001819
    2945       -0.000954
    2946       -0.000383
    2947       -0.000158
    2948       -0.000044
    2949       -0.000205
    2950       -0.000787
    2951       -0.001772
    2952       -0.002937
    2953       -0.004154
    2954       -0.005371
    2955       -0.006585
    2956       -0.007794
    2957       -0.009007
    2958       -0.010213
    2959       -0.011432
    2960       -0.012625
    2961       -0.013860
    2962       -0.015034
    2963       -0.016220
    2964       -0.017604
    2965       -0.018214
    2966       -0.018039
    2967       -0.018065
    2968       -0.018103
    2969       -0.018080
    2970       -0.018100
    2971       -0.018095
    2972       -0.018100
    2973       -0.018102
    2974       -0.018101
    2975       -0.018111
    2976       -0.018096
    2977       -0.018124
    2978       -0.018090
    2979       -0.018069
    2980       -0.018248
    2981       -0.017640
    2982       -0.016259
    2983       -0.015076
    2984       -0.013917
    2985       -0.012724
    2986       -0.011616
    2987       -0.010500
    2988       -0.009333
    2989       -0.008021
    2990       -0.006595
    2991       -0.005164
    2992       -0.003847
    2993       -0.002668
    2994       -0.001601
    2995       -0.000697
    2996       -0.000157
    2997       -0.000034
    2998        0.000105
    2999        0.000080
    3000       -0.000530
    3001       -0.001620
    3002       -0.002877
    3003       -0.004137
    3004       -0.005369
    3005       -0.006585
    3006       -0.007797
    3007       -0.009006
    3008       -0.010218
    3009       -0.011425
    3010       -0.012646
    3011       -0.013837
    3012       -0.015143
    3013       -0.016215
    3014       -0.018073
    3015       -0.018683
    3016       -0.018032
    3017       -0.018174
    3018       -0.018081
    3019       -0.018103
    3020       -0.018094
    3021       -0.018100
    3022       -0.018101
    3023       -0.018103
    3024       -0.018107
    3025       -0.018107
    3026       -0.018121
    3027       -0.018105
    3028       -0.018204
    3029       -0.018068
    3030       -0.018724
    3031       -0.018117
    3032       -0.016262
    3033       -0.015199
    3034       -0.013924
    3035       -0.012803
    3036       -0.011699
    3037       -0.010613
    3038       -0.009432
    3039       -0.008084
    3040       -0.006597
    3041       -0.005105
    3042       -0.003733
    3043       -0.002502
    3044       -0.001363
    3045       -0.000386
    3046        0.000154
    3047        0.000128
    3048        0.000119
    3049        0.000148
    3050       -0.000422
    3051       -0.001553
    3052       -0.002855
    3053       -0.004136
    3054       -0.005373
    3055       -0.006588
    3056       -0.007798
    3057       -0.009007
    3058       -0.010216
    3059       -0.011427
    3060       -0.012637
    3061       -0.013861
    3062       -0.015078
    3063       -0.016438
    3064       -0.018136
    3065       -0.018744
    3066       -0.018257
    3067       -0.018110
    3068       -0.018106
    3069       -0.018094
    3070       -0.018097
    3071       -0.018100
    3072       -0.018103
    3073       -0.018106
    3074       -0.018109
    3075       -0.018112
    3076       -0.018115
    3077       -0.018133
    3078       -0.018144
    3079       -0.018298
    3080       -0.018790
    3081       -0.018186
    3082       -0.016490
    3083       -0.015142
    3084       -0.013964
    3085       -0.012835
    3086       -0.011788
    3087       -0.010750
    3088       -0.009590
    3089       -0.008192
    3090       -0.006602
    3091       -0.005005
    3092       -0.003579
    3093       -0.002346
    3094       -0.001212
    3095       -0.000238
    3096        0.000230
    3097        0.000140
    3098       -0.000041
    3099        0.000027
    3100       -0.000043
    3101        0.000033
    3102        0.000125
    3103        0.000192
    3104        0.000464
    3105        0.000514
    3106        0.000854
    3107        0.000877
    3108        0.001239
    3109        0.001247
    3110        0.001610
    3111        0.001611
    3112        0.001975
    3113        0.001975
    3114        0.002337
    3115        0.002337
    3116        0.002701
    3117        0.002701
    3118        0.003063
    3119        0.003062
    3120        0.003428
    3121        0.003431
    3122        0.003787
    3123        0.003780
    3124        0.004162
    3125        0.004164
    3126        0.004514
    3127        0.004514
    3128        0.004948
    3129        0.004750
    3130        0.005423
    3131        0.005923
    3132        0.005604
    3133        0.006104
    3134        0.005492
    3135        0.005294
    3136        0.005421
    3137        0.005421
    3138        0.005432
    3139        0.005434
    3140        0.005420
    3141        0.005413
    3142        0.005424
    3143        0.005426
    3144        0.005421
    3145        0.005420
    3146        0.005421
    3147        0.005422
    3148        0.005420
    3149        0.005421
    3150        0.005418
    3151        0.005418
    3152        0.005419
    3153        0.005422
    3154        0.005414
    3155        0.005407
    3156        0.005424
    3157        0.005427
    3158        0.005411
    3159        0.005412
    3160        0.005480
    3161        0.005283
    3162        0.005590
    3163        0.006092
    3164        0.005406
    3165        0.005909
    3166        0.004934
    3167        0.004736
    3168        0.004500
    3169        0.004497
    3170        0.004161
    3171        0.004151
    3172        0.003789
    3173        0.003750
    3174        0.003469
    3175        0.003410
    3176        0.003072
    3177        0.002552
    3178        0.001606
    3179        0.001488
    3180        0.001687
    3181        0.001239
    3182        0.001973
    3183        0.001974
    3184        0.002256
    3185        0.002703
    3186        0.002332
    3187        0.002441
    3188        0.000837
    3189        0.001379
    3190        0.000418
    3191        0.000530
    3192        0.000122
    3193        0.000220
    3194       -0.000043
    3195        0.000044
    3196       -0.000035
    3197        0.000033


                                                      SUMMARY INFORMATION
                                                  _________________________

                                                         Min/Max Values
    -Source ID--Entity ID---Sub ID----X Component--
Min:     1       1450          0        -0.043526
Max:     1        732          0         0.018716

