




                       MSC.Patran 25.0.638960 Wed Mar 13 09:21:55 PDT 2019 - Analysis Code: MSC.Nastran 
                                             Load Case: Default, A1:Static Subcase 
                                         Result Strain Tensor,  - Layer (NON-LAYERED) 
                                                     Entity: Element Tensor


-Entity ID--X Component--
       1       -0.003737
       2       -0.003847
       3       -0.004475
       4       -0.005610
       5       -0.006897
       6       -0.008165
       7       -0.009397
       8       -0.010611
       9       -0.011820
      10       -0.013029
      11       -0.014238
      12       -0.015448
      13       -0.016657
      14       -0.017882
      15       -0.019102
      16       -0.020462
      17       -0.022142
      18       -0.022747
      19       -0.022271
      20       -0.022116
      21       -0.022103
      22       -0.022088
      23       -0.022102
      24       -0.022136
      25       -0.022170
      26       -0.022170
      27       -0.022136
      28       -0.022102
      29       -0.022088
      30       -0.022103
      31       -0.022116
      32       -0.022271
      33       -0.022749
      34       -0.022140
      35       -0.020462
      36       -0.019102
      37       -0.017882
      38       -0.016657
      39       -0.015448
      40       -0.014238
      41       -0.013029
      42       -0.011820
      43       -0.010611
      44       -0.009397
      45       -0.008165
      46       -0.006897
      47       -0.005610
      48       -0.004475
      49       -0.003847
      50       -0.003737
      51       -0.003763
      52       -0.004146
      53       -0.005093
      54       -0.006288
      55       -0.007466
      56       -0.008558
      57       -0.009601
      58       -0.010624
      59       -0.011641
      60       -0.012656
      61       -0.013672
      62       -0.014690
      63       -0.015711
      64       -0.016763
      65       -0.017793
      66       -0.019168
      67       -0.020159
      68       -0.020654
      69       -0.020690
      70       -0.020323
      71       -0.020308
      72       -0.020266
      73       -0.020264
      74       -0.020286
      75       -0.020317
      76       -0.020317
      77       -0.020286
      78       -0.020264
      79       -0.020266
      80       -0.020308
      81       -0.020323
      82       -0.020691
      83       -0.020656
      84       -0.020157
      85       -0.019167
      86       -0.017793
      87       -0.016763
      88       -0.015711
      89       -0.014690
      90       -0.013672
      91       -0.012656
      92       -0.011641
      93       -0.010624
      94       -0.009601
      95       -0.008558
      96       -0.007466
      97       -0.006288
      98       -0.005093
      99       -0.004146
     100       -0.003763
     101       -0.003995
     102       -0.004963
     103       -0.006397
     104       -0.007684
     105       -0.008624
     106       -0.009357
     107       -0.010015
     108       -0.010652
     109       -0.011281
     110       -0.011910
     111       -0.012538
     112       -0.013171
     113       -0.013811
     114       -0.014507
     115       -0.015148
     116       -0.016546
     117       -0.016163
     118       -0.016465
     119       -0.017486
     120       -0.016713
     121       -0.016695
     122       -0.016613
     123       -0.016585
     124       -0.016585
     125       -0.016609
     126       -0.016609
     127       -0.016585
     128       -0.016585
     129       -0.016613
     130       -0.016695
     131       -0.016713
     132       -0.017486
     133       -0.016465
     134       -0.016163
     135       -0.016545
     136       -0.015148
     137       -0.014507
     138       -0.013811
     139       -0.013171
     140       -0.012538
     141       -0.011910
     142       -0.011281
     143       -0.010652
     144       -0.010015
     145       -0.009357
     146       -0.008624
     147       -0.007684
     148       -0.006397
     149       -0.004963
     150       -0.003995
     151       -0.004217
     152       -0.005781
     153       -0.007749
     154       -0.009113
     155       -0.009796
     156       -0.010159
     157       -0.010432
     158       -0.010681
     159       -0.010923
     160       -0.011161
     161       -0.011407
     162       -0.011644
     163       -0.011929
     164       -0.012178
     165       -0.012672
     166       -0.013348
     167       -0.012678
     168       -0.012796
     169       -0.013704
     170       -0.013272
     171       -0.013012
     172       -0.012981
     173       -0.012897
     174       -0.012884
     175       -0.012902
     176       -0.012902
     177       -0.012884
     178       -0.012897
     179       -0.012981
     180       -0.013012
     181       -0.013272
     182       -0.013705
     183       -0.012796
     184       -0.012678
     185       -0.013348
     186       -0.012672
     187       -0.012178
     188       -0.011929
     189       -0.011644
     190       -0.011407
     191       -0.011161
     192       -0.010923
     193       -0.010681
     194       -0.010432
     195       -0.010159
     196       -0.009796
     197       -0.009113
     198       -0.007749
     199       -0.005781
     200       -0.004217
     201       -0.004463
     202       -0.006699
     203       -0.009229
     204       -0.010606
     205       -0.010984
     206       -0.010965
     207       -0.010850
     208       -0.010712
     209       -0.010563
     210       -0.010417
     211       -0.010267
     212       -0.010132
     213       -0.010007
     214       -0.009918
     215       -0.010037
     216       -0.010148
     217       -0.009340
     218       -0.009264
     219       -0.009927
     220       -0.009668
     221       -0.009399
     222       -0.009312
     223       -0.009227
     224       -0.009174
     225       -0.009191
     226       -0.009191
     227       -0.009174
     228       -0.009227
     229       -0.009312
     230       -0.009399
     231       -0.009669
     232       -0.009927
     233       -0.009264
     234       -0.009340
     235       -0.010148
     236       -0.010036
     237       -0.009918
     238       -0.010007
     239       -0.010132
     240       -0.010267
     241       -0.010417
     242       -0.010563
     243       -0.010712
     244       -0.010850
     245       -0.010965
     246       -0.010984
     247       -0.010606
     248       -0.009229
     249       -0.006699
     250       -0.004463
     251       -0.004778
     252       -0.007837
     253       -0.010923
     254       -0.012182
     255       -0.012185
     256       -0.011771
     257       -0.011271
     258       -0.010741
     259       -0.010206
     260       -0.009668
     261       -0.009134
     262       -0.008608
     263       -0.008097
     264       -0.007640
     265       -0.007328
     266       -0.006966
     267       -0.006059
     268       -0.005792
     269       -0.006166
     270       -0.005994
     271       -0.005768
     272       -0.005660
     273       -0.005552
     274       -0.005466
     275       -0.005468
     276       -0.005468
     277       -0.005466
     278       -0.005552
     279       -0.005660
     280       -0.005768
     281       -0.005994
     282       -0.006166
     283       -0.005792
     284       -0.006059
     285       -0.006966
     286       -0.007328
     287       -0.007639
     288       -0.008097
     289       -0.008608
     290       -0.009134
     291       -0.009668
     292       -0.010206
     293       -0.010741
     294       -0.011271
     295       -0.011771
     296       -0.012185
     297       -0.012182
     298       -0.010923
     299       -0.007837
     300       -0.004778
     301       -0.005222
     302       -0.009356
     303       -0.012913
     304       -0.013846
     305       -0.013388
     306       -0.012585
     307       -0.011692
     308       -0.010772
     309       -0.009845
     310       -0.008923
     311       -0.007998
     312       -0.007083
     313       -0.006185
     314       -0.005342
     315       -0.004579
     316       -0.003790
     317       -0.002792
     318       -0.002332
     319       -0.002411
     320       -0.002278
     321       -0.002118
     322       -0.002017
     323       -0.001889
     324       -0.001755
     325       -0.001725
     326       -0.001725
     327       -0.001755
     328       -0.001890
     329       -0.002017
     330       -0.002118
     331       -0.002278
     332       -0.002411
     333       -0.002332
     334       -0.002792
     335       -0.003790
     336       -0.004579
     337       -0.005342
     338       -0.006185
     339       -0.007083
     340       -0.007998
     341       -0.008923
     342       -0.009845
     343       -0.010772
     344       -0.011692
     345       -0.012585
     346       -0.013388
     347       -0.013846
     348       -0.012913
     349       -0.009356
     350       -0.005222
     351       -0.005916
     352       -0.011467
     353       -0.015287
     354       -0.015551
     355       -0.014603
     356       -0.013395
     357       -0.012121
     358       -0.010795
     359       -0.009493
     360       -0.008172
     361       -0.006865
     362       -0.005556
     363       -0.004271
     364       -0.003030
     365       -0.001810
     366       -0.000598
     367        0.000492
     368        0.001147
     369        0.001359
     370        0.001457
     371        0.001548
     372        0.001623
     373        0.001747
     374        0.001952
     375        0.002054
     376        0.002054
     377        0.001952
     378        0.001747
     379        0.001623
     380        0.001548
     381        0.001457
     382        0.001359
     383        0.001147
     384        0.000492
     385       -0.000598
     386       -0.001810
     387       -0.003030
     388       -0.004271
     389       -0.005556
     390       -0.006865
     391       -0.008172
     392       -0.009493
     393       -0.010795
     394       -0.012121
     395       -0.013395
     396       -0.014603
     397       -0.015551
     398       -0.015287
     399       -0.011467
     400       -0.005916
     401       -0.006982
     402       -0.014587
     403       -0.017979
     404       -0.017292
     405       -0.015779
     406       -0.014262
     407       -0.012508
     408       -0.010845
     409       -0.009123
     410       -0.007431
     411       -0.005726
     412       -0.004031
     413       -0.002349
     414       -0.000710
     415        0.000960
     416        0.002629
     417        0.003831
     418        0.004675
     419        0.005171
     420        0.005183
     421        0.005233
     422        0.005268
     423        0.005342
     424        0.005630
     425        0.005902
     426        0.005902
     427        0.005630
     428        0.005342
     429        0.005268
     430        0.005233
     431        0.005183
     432        0.005171
     433        0.004675
     434        0.003831
     435        0.002629
     436        0.000960
     437       -0.000710
     438       -0.002349
     439       -0.004031
     440       -0.005726
     441       -0.007431
     442       -0.009123
     443       -0.010845
     444       -0.012508
     445       -0.014262
     446       -0.015779
     447       -0.017292
     448       -0.017979
     449       -0.014587
     450       -0.006982
     451       -0.009178
     452       -0.018890
     453       -0.021140
     454       -0.018674
     455       -0.017229
     456       -0.014970
     457       -0.012983
     458       -0.010848
     459       -0.008776
     460       -0.006679
     461       -0.004589
     462       -0.002508
     463       -0.000418
     464        0.001619
     465        0.003710
     466        0.005899
     467        0.007266
     468        0.008308
     469        0.009014
     470        0.008912
     471        0.008882
     472        0.008991
     473        0.008846
     474        0.009222
     475        0.009881
     476        0.009881
     477        0.009222
     478        0.008846
     479        0.008991
     480        0.008882
     481        0.008912
     482        0.009014
     483        0.008308
     484        0.007266
     485        0.005899
     486        0.003710
     487        0.001619
     488       -0.000418
     489       -0.002508
     490       -0.004589
     491       -0.006679
     492       -0.008776
     493       -0.010848
     494       -0.012983
     495       -0.014970
     496       -0.017229
     497       -0.018674
     498       -0.021140
     499       -0.018890
     500       -0.009178
     501       -0.011886
     502       -0.026742
     503       -0.022611
     504       -0.020915
     505       -0.018277
     506       -0.015863
     507       -0.013373
     508       -0.010889
     509       -0.008415
     510       -0.005931
     511       -0.003456
     512       -0.000973
     513        0.001488
     514        0.003995
     515        0.006400
     516        0.009182
     517        0.010885
     518        0.012116
     519        0.012877
     520        0.012566
     521        0.012615
     522        0.012587
     523        0.012623
     524        0.012207
     525        0.014276
     526        0.014276
     527        0.012207
     528        0.012623
     529        0.012587
     530        0.012615
     531        0.012566
     532        0.012877
     533        0.012116
     534        0.010885
     535        0.009182
     536        0.006400
     537        0.003995
     538        0.001488
     539       -0.000973
     540       -0.003456
     541       -0.005931
     542       -0.008415
     543       -0.010889
     544       -0.013373
     545       -0.015863
     546       -0.018277
     547       -0.020915
     548       -0.022611
     549       -0.026742
     550       -0.011886
     551       -0.028592
     552       -0.030660
     553       -0.025450
     554       -0.022656
     555       -0.019469
     556       -0.016722
     557       -0.013757
     558       -0.010940
     559       -0.008043
     560       -0.005190
     561       -0.002317
     562        0.000551
     563        0.003424
     564        0.006299
     565        0.009248
     566        0.012138
     567        0.014920
     568        0.016339
     569        0.016420
     570        0.016366
     571        0.016299
     572        0.016189
     573        0.016354
     574        0.015623
     575        0.018286
     576        0.018286
     577        0.015623
     578        0.016354
     579        0.016189
     580        0.016299
     581        0.016366
     582        0.016420
     583        0.016339
     584        0.014920
     585        0.012138
     586        0.009248
     587        0.006299
     588        0.003424
     589        0.000551
     590       -0.002317
     591       -0.005190
     592       -0.008043
     593       -0.010940
     594       -0.013757
     595       -0.016722
     596       -0.019469
     597       -0.022656
     598       -0.025450
     599       -0.030660
     600       -0.028592
     601       -0.042337
     602       -0.031394
     603       -0.027565
     604       -0.023163
     605       -0.020300
     606       -0.017017
     607       -0.014025
     608       -0.010924
     609       -0.007877
     610       -0.004807
     611       -0.001745
     612        0.001315
     613        0.004404
     614        0.007461
     615        0.010657
     616        0.013706
     617        0.016834
     618        0.018361
     619        0.018279
     620        0.018284
     621        0.018132
     622        0.018126
     623        0.018021
     624        0.018063
     625        0.019511
     626        0.019511
     627        0.018063
     628        0.018021
     629        0.018126
     630        0.018132
     631        0.018284
     632        0.018279
     633        0.018361
     634        0.016834
     635        0.013706
     636        0.010657
     637        0.007461
     638        0.004404
     639        0.001315
     640       -0.001745
     641       -0.004807
     642       -0.007877
     643       -0.010924
     644       -0.014025
     645       -0.017017
     646       -0.020300
     647       -0.023163
     648       -0.027565
     649       -0.031394
     650       -0.042337
     651       -0.042081
     652       -0.031730
     653       -0.027420
     654       -0.023241
     655       -0.020271
     656       -0.017029
     657       -0.014016
     658       -0.010920
     659       -0.007866
     660       -0.004795
     661       -0.001728
     662        0.001339
     663        0.004430
     664        0.007505
     665        0.010682
     666        0.013791
     667        0.016853
     668        0.018394
     669        0.018408
     670        0.018375
     671        0.018280
     672        0.018271
     673        0.018311
     674        0.018318
     675        0.018140
     676        0.018140
     677        0.018318
     678        0.018311
     679        0.018271
     680        0.018280
     681        0.018375
     682        0.018408
     683        0.018394
     684        0.016853
     685        0.013791
     686        0.010682
     687        0.007505
     688        0.004430
     689        0.001339
     690       -0.001728
     691       -0.004795
     692       -0.007866
     693       -0.010920
     694       -0.014016
     695       -0.017029
     696       -0.020271
     697       -0.023241
     698       -0.027420
     699       -0.031730
     700       -0.042081
     701       -0.039990
     702       -0.034309
     703       -0.026250
     704       -0.023832
     705       -0.020036
     706       -0.017131
     707       -0.013976
     708       -0.010941
     709       -0.007863
     710       -0.004804
     711       -0.001738
     712        0.001337
     713        0.004393
     714        0.007554
     715        0.010518
     716        0.014038
     717        0.016526
     718        0.018057
     719        0.018636
     720        0.018178
     721        0.018278
     722        0.018188
     723        0.018128
     724        0.018347
     725        0.018691
     726        0.018691
     727        0.018347
     728        0.018128
     729        0.018188
     730        0.018278
     731        0.018178
     732        0.018636
     733        0.018057
     734        0.016526
     735        0.014038
     736        0.010519
     737        0.007554
     738        0.004393
     739        0.001337
     740       -0.001738
     741       -0.004804
     742       -0.007863
     743       -0.010941
     744       -0.013976
     745       -0.017131
     746       -0.020036
     747       -0.023832
     748       -0.026250
     749       -0.034309
     750       -0.039990
     751       -0.042070
     752       -0.031725
     753       -0.027416
     754       -0.023238
     755       -0.020270
     756       -0.017030
     757       -0.014019
     758       -0.010926
     759       -0.007875
     760       -0.004807
     761       -0.001745
     762        0.001317
     763        0.004402
     764        0.007470
     765        0.010640
     766        0.013742
     767        0.016797
     768        0.018325
     769        0.018317
     770        0.018270
     771        0.018144
     772        0.018131
     773        0.018020
     774        0.018099
     775        0.019449
     776        0.019449
     777        0.018099
     778        0.018020
     779        0.018131
     780        0.018144
     781        0.018270
     782        0.018317
     783        0.018325
     784        0.016797
     785        0.013742
     786        0.010640
     787        0.007470
     788        0.004402
     789        0.001317
     790       -0.001745
     791       -0.004807
     792       -0.007875
     793       -0.010926
     794       -0.014019
     795       -0.017030
     796       -0.020270
     797       -0.023238
     798       -0.027416
     799       -0.031725
     800       -0.042070
     801       -0.003737
     802       -0.003847
     803       -0.004474
     804       -0.005610
     805       -0.006898
     806       -0.008167
     807       -0.009399
     808       -0.010614
     809       -0.011825
     810       -0.013035
     811       -0.014245
     812       -0.015457
     813       -0.016668
     814       -0.017895
     815       -0.019118
     816       -0.020481
     817       -0.022165
     818       -0.022774
     819       -0.022305
     820       -0.022157
     821       -0.022149
     822       -0.022133
     823       -0.022128
     824       -0.022116
     825       -0.022107
     826       -0.022107
     827       -0.022116
     828       -0.022128
     829       -0.022133
     830       -0.022149
     831       -0.022157
     832       -0.022305
     833       -0.022774
     834       -0.022165
     835       -0.020481
     836       -0.019118
     837       -0.017895
     838       -0.016668
     839       -0.015457
     840       -0.014245
     841       -0.013035
     842       -0.011825
     843       -0.010614
     844       -0.009399
     845       -0.008167
     846       -0.006898
     847       -0.005610
     848       -0.004474
     849       -0.003847
     850       -0.003737
     851       -0.003763
     852       -0.004146
     853       -0.005093
     854       -0.006289
     855       -0.007467
     856       -0.008559
     857       -0.009603
     858       -0.010626
     859       -0.011644
     860       -0.012660
     861       -0.013677
     862       -0.014696
     863       -0.015719
     864       -0.016773
     865       -0.017804
     866       -0.019181
     867       -0.020175
     868       -0.020673
     869       -0.020714
     870       -0.020352
     871       -0.020343
     872       -0.020306
     873       -0.020297
     874       -0.020286
     875       -0.020277
     876       -0.020277
     877       -0.020286
     878       -0.020297
     879       -0.020306
     880       -0.020343
     881       -0.020352
     882       -0.020714
     883       -0.020673
     884       -0.020175
     885       -0.019181
     886       -0.017804
     887       -0.016773
     888       -0.015719
     889       -0.014696
     890       -0.013677
     891       -0.012660
     892       -0.011644
     893       -0.010626
     894       -0.009603
     895       -0.008559
     896       -0.007467
     897       -0.006289
     898       -0.005093
     899       -0.004146
     900       -0.003763
     901       -0.003995
     902       -0.004963
     903       -0.006397
     904       -0.007685
     905       -0.008624
     906       -0.009357
     907       -0.010016
     908       -0.010654
     909       -0.011283
     910       -0.011911
     911       -0.012540
     912       -0.013174
     913       -0.013814
     914       -0.014510
     915       -0.015152
     916       -0.016550
     917       -0.016168
     918       -0.016471
     919       -0.017494
     920       -0.016724
     921       -0.016712
     922       -0.016646
     923       -0.016635
     924       -0.016623
     925       -0.016615
     926       -0.016615
     927       -0.016623
     928       -0.016635
     929       -0.016646
     930       -0.016712
     931       -0.016724
     932       -0.017494
     933       -0.016471
     934       -0.016168
     935       -0.016550
     936       -0.015152
     937       -0.014510
     938       -0.013814
     939       -0.013174
     940       -0.012540
     941       -0.011911
     942       -0.011283
     943       -0.010654
     944       -0.010016
     945       -0.009357
     946       -0.008624
     947       -0.007685
     948       -0.006397
     949       -0.004962
     950       -0.003995
     951       -0.004217
     952       -0.005781
     953       -0.007749
     954       -0.009114
     955       -0.009797
     956       -0.010159
     957       -0.010432
     958       -0.010681
     959       -0.010923
     960       -0.011161
     961       -0.011405
     962       -0.011642
     963       -0.011927
     964       -0.012176
     965       -0.012669
     966       -0.013344
     967       -0.012673
     968       -0.012789
     969       -0.013697
     970       -0.013264
     971       -0.013010
     972       -0.013005
     973       -0.012964
     974       -0.012963
     975       -0.012951
     976       -0.012951
     977       -0.012963
     978       -0.012964
     979       -0.013005
     980       -0.013010
     981       -0.013264
     982       -0.013697
     983       -0.012789
     984       -0.012673
     985       -0.013344
     986       -0.012669
     987       -0.012176
     988       -0.011927
     989       -0.011642
     990       -0.011405
     991       -0.011161
     992       -0.010923
     993       -0.010681
     994       -0.010432
     995       -0.010159
     996       -0.009797
     997       -0.009114
     998       -0.007749
     999       -0.005781
    1000       -0.004217
    1001       -0.004463
    1002       -0.006699
    1003       -0.009230
    1004       -0.010607
    1005       -0.010984
    1006       -0.010965
    1007       -0.010849
    1008       -0.010710
    1009       -0.010561
    1010       -0.010414
    1011       -0.010263
    1012       -0.010127
    1013       -0.010000
    1014       -0.009909
    1015       -0.010026
    1016       -0.010135
    1017       -0.009324
    1018       -0.009244
    1019       -0.009904
    1020       -0.009642
    1021       -0.009376
    1022       -0.009323
    1023       -0.009308
    1024       -0.009296
    1025       -0.009289
    1026       -0.009289
    1027       -0.009296
    1028       -0.009308
    1029       -0.009323
    1030       -0.009376
    1031       -0.009642
    1032       -0.009904
    1033       -0.009244
    1034       -0.009324
    1035       -0.010135
    1036       -0.010026
    1037       -0.009909
    1038       -0.010000
    1039       -0.010127
    1040       -0.010263
    1041       -0.010414
    1042       -0.010561
    1043       -0.010710
    1044       -0.010849
    1045       -0.010965
    1046       -0.010984
    1047       -0.010607
    1048       -0.009230
    1049       -0.006699
    1050       -0.004463
    1051       -0.004778
    1052       -0.007837
    1053       -0.010924
    1054       -0.012183
    1055       -0.012185
    1056       -0.011771
    1057       -0.011270
    1058       -0.010738
    1059       -0.010202
    1060       -0.009663
    1061       -0.009127
    1062       -0.008598
    1063       -0.008085
    1064       -0.007625
    1065       -0.007311
    1066       -0.006945
    1067       -0.006032
    1068       -0.005759
    1069       -0.006127
    1070       -0.005950
    1071       -0.005724
    1072       -0.005651
    1073       -0.005640
    1074       -0.005635
    1075       -0.005628
    1076       -0.005628
    1077       -0.005635
    1078       -0.005640
    1079       -0.005651
    1080       -0.005724
    1081       -0.005950
    1082       -0.006127
    1083       -0.005759
    1084       -0.006032
    1085       -0.006945
    1086       -0.007311
    1087       -0.007625
    1088       -0.008085
    1089       -0.008598
    1090       -0.009127
    1091       -0.009663
    1092       -0.010202
    1093       -0.010738
    1094       -0.011270
    1095       -0.011771
    1096       -0.012185
    1097       -0.012183
    1098       -0.010924
    1099       -0.007837
    1100       -0.004778
    1101       -0.005222
    1102       -0.009357
    1103       -0.012914
    1104       -0.013847
    1105       -0.013388
    1106       -0.012584
    1107       -0.011690
    1108       -0.010769
    1109       -0.009840
    1110       -0.008915
    1111       -0.007988
    1112       -0.007070
    1113       -0.006169
    1114       -0.005322
    1115       -0.004554
    1116       -0.003760
    1117       -0.002756
    1118       -0.002287
    1119       -0.002357
    1120       -0.002216
    1121       -0.002051
    1122       -0.001977
    1123       -0.001969
    1124       -0.001973
    1125       -0.001969
    1126       -0.001969
    1127       -0.001973
    1128       -0.001969
    1129       -0.001977
    1130       -0.002051
    1131       -0.002216
    1132       -0.002356
    1133       -0.002287
    1134       -0.002756
    1135       -0.003760
    1136       -0.004554
    1137       -0.005322
    1138       -0.006169
    1139       -0.007070
    1140       -0.007988
    1141       -0.008915
    1142       -0.009840
    1143       -0.010769
    1144       -0.011690
    1145       -0.012584
    1146       -0.013388
    1147       -0.013847
    1148       -0.012914
    1149       -0.009357
    1150       -0.005222
    1151       -0.005917
    1152       -0.011469
    1153       -0.015289
    1154       -0.015552
    1155       -0.014604
    1156       -0.013394
    1157       -0.012118
    1158       -0.010790
    1159       -0.009485
    1160       -0.008162
    1161       -0.006851
    1162       -0.005538
    1163       -0.004250
    1164       -0.003004
    1165       -0.001778
    1166       -0.000559
    1167        0.000539
    1168        0.001203
    1169        0.001430
    1170        0.001537
    1171        0.001636
    1172        0.001704
    1173        0.001707
    1174        0.001689
    1175        0.001685
    1176        0.001685
    1177        0.001689
    1178        0.001707
    1179        0.001704
    1180        0.001636
    1181        0.001537
    1182        0.001430
    1183        0.001203
    1184        0.000539
    1185       -0.000559
    1186       -0.001778
    1187       -0.003004
    1188       -0.004250
    1189       -0.005538
    1190       -0.006851
    1191       -0.008162
    1192       -0.009485
    1193       -0.010790
    1194       -0.012118
    1195       -0.013394
    1196       -0.014604
    1197       -0.015552
    1198       -0.015289
    1199       -0.011469
    1200       -0.005917
    1201       -0.006983
    1202       -0.014589
    1203       -0.017982
    1204       -0.017294
    1205       -0.015780
    1206       -0.014261
    1207       -0.012505
    1208       -0.010839
    1209       -0.009114
    1210       -0.007418
    1211       -0.005710
    1212       -0.004010
    1213       -0.002323
    1214       -0.000677
    1215        0.000999
    1216        0.002676
    1217        0.003887
    1218        0.004745
    1219        0.005252
    1220        0.005290
    1221        0.005332
    1222        0.005394
    1223        0.005389
    1224        0.005351
    1225        0.005330
    1226        0.005330
    1227        0.005351
    1228        0.005389
    1229        0.005394
    1230        0.005332
    1231        0.005290
    1232        0.005252
    1233        0.004745
    1234        0.003887
    1235        0.002676
    1236        0.000999
    1237       -0.000677
    1238       -0.002323
    1239       -0.004010
    1240       -0.005710
    1241       -0.007418
    1242       -0.009114
    1243       -0.010839
    1244       -0.012505
    1245       -0.014261
    1246       -0.015780
    1247       -0.017294
    1248       -0.017982
    1249       -0.014589
    1250       -0.006983
    1251       -0.009180
    1252       -0.018895
    1253       -0.021144
    1254       -0.018676
    1255       -0.017230
    1256       -0.014968
    1257       -0.012979
    1258       -0.010842
    1259       -0.008766
    1260       -0.006664
    1261       -0.004570
    1262       -0.002484
    1263       -0.000388
    1264        0.001657
    1265        0.003755
    1266        0.005954
    1267        0.007332
    1268        0.008387
    1269        0.009114
    1270        0.009024
    1271        0.009033
    1272        0.009097
    1273        0.009076
    1274        0.009021
    1275        0.008959
    1276        0.008959
    1277        0.009021
    1278        0.009076
    1279        0.009097
    1280        0.009033
    1281        0.009024
    1282        0.009114
    1283        0.008387
    1284        0.007332
    1285        0.005954
    1286        0.003755
    1287        0.001657
    1288       -0.000388
    1289       -0.002484
    1290       -0.004570
    1291       -0.006664
    1292       -0.008766
    1293       -0.010842
    1294       -0.012979
    1295       -0.014968
    1296       -0.017230
    1297       -0.018676
    1298       -0.021144
    1299       -0.018895
    1300       -0.009180
    1301       -0.011889
    1302       -0.026749
    1303       -0.022616
    1304       -0.020918
    1305       -0.018277
    1306       -0.015861
    1307       -0.013368
    1308       -0.010881
    1309       -0.008403
    1310       -0.005914
    1311       -0.003435
    1312       -0.000945
    1313        0.001523
    1314        0.004038
    1315        0.006452
    1316        0.009244
    1317        0.010959
    1318        0.012205
    1319        0.012992
    1320        0.012698
    1321        0.012781
    1322        0.012774
    1323        0.012796
    1324        0.012698
    1325        0.012563
    1326        0.012563
    1327        0.012698
    1328        0.012796
    1329        0.012774
    1330        0.012781
    1331        0.012698
    1332        0.012992
    1333        0.012205
    1334        0.010959
    1335        0.009244
    1336        0.006452
    1337        0.004038
    1338        0.001523
    1339       -0.000945
    1340       -0.003435
    1341       -0.005914
    1342       -0.008403
    1343       -0.010881
    1344       -0.013368
    1345       -0.015861
    1346       -0.018277
    1347       -0.020918
    1348       -0.022616
    1349       -0.026749
    1350       -0.011889
    1351       -0.028603
    1352       -0.030668
    1353       -0.025456
    1354       -0.022659
    1355       -0.019470
    1356       -0.016721
    1357       -0.013752
    1358       -0.010932
    1359       -0.008030
    1360       -0.005172
    1361       -0.002292
    1362        0.000582
    1363        0.003463
    1364        0.006348
    1365        0.009307
    1366        0.012208
    1367        0.015000
    1368        0.016441
    1369        0.016542
    1370        0.016531
    1371        0.016459
    1372        0.016466
    1373        0.016526
    1374        0.016428
    1375        0.016109
    1376        0.016109
    1377        0.016428
    1378        0.016526
    1379        0.016466
    1380        0.016459
    1381        0.016531
    1382        0.016542
    1383        0.016441
    1384        0.015000
    1385        0.012208
    1386        0.009307
    1387        0.006348
    1388        0.003463
    1389        0.000582
    1390       -0.002292
    1391       -0.005172
    1392       -0.008030
    1393       -0.010932
    1394       -0.013752
    1395       -0.016721
    1396       -0.019470
    1397       -0.022659
    1398       -0.025456
    1399       -0.030668
    1400       -0.028603
    1401       -0.042348
    1402       -0.031400
    1403       -0.027569
    1404       -0.023165
    1405       -0.020301
    1406       -0.017016
    1407       -0.014021
    1408       -0.010918
    1409       -0.007867
    1410       -0.004794
    1411       -0.001727
    1412        0.001338
    1413        0.004433
    1414        0.007497
    1415        0.010701
    1416        0.013758
    1417        0.016893
    1418        0.018435
    1419        0.018376
    1420        0.018398
    1421        0.018275
    1422        0.018280
    1423        0.018320
    1424        0.018318
    1425        0.018105
    1426        0.018105
    1427        0.018318
    1428        0.018320
    1429        0.018280
    1430        0.018275
    1431        0.018398
    1432        0.018376
    1433        0.018435
    1434        0.016893
    1435        0.013758
    1436        0.010701
    1437        0.007497
    1438        0.004434
    1439        0.001338
    1440       -0.001727
    1441       -0.004794
    1442       -0.007867
    1443       -0.010918
    1444       -0.014021
    1445       -0.017016
    1446       -0.020301
    1447       -0.023165
    1448       -0.027569
    1449       -0.031400
    1450       -0.042348
    1451       -0.003711
    1452       -0.003473
    1453       -0.003197
    1454       -0.002922
    1455       -0.002695
    1456       -0.002527
    1457       -0.002425
    1458       -0.002391
    1459       -0.002427
    1460       -0.002530
    1461       -0.002698
    1462       -0.002924
    1463       -0.003198
    1464       -0.003473
    1465       -0.003711
    1466       -0.003767
    1467       -0.003562
    1468       -0.003321
    1469       -0.003098
    1470       -0.002920
    1471       -0.002797
    1472       -0.002727
    1473       -0.002705
    1474       -0.002729
    1475       -0.002802
    1476       -0.002927
    1477       -0.003104
    1478       -0.003325
    1479       -0.003564
    1480       -0.003769
    1481       -0.003844
    1482       -0.003617
    1483       -0.003396
    1484       -0.003211
    1485       -0.003079
    1486       -0.002999
    1487       -0.002960
    1488       -0.002950
    1489       -0.002962
    1490       -0.003004
    1491       -0.003086
    1492       -0.003219
    1493       -0.003403
    1494       -0.003624
    1495       -0.003852
    1496       -0.003842
    1497       -0.003595
    1498       -0.003392
    1499       -0.003251
    1500       -0.003173
    1501       -0.003143
    1502       -0.003140
    1503       -0.003141
    1504       -0.003140
    1505       -0.003147
    1506       -0.003181
    1507       -0.003262
    1508       -0.003404
    1509       -0.003608
    1510       -0.003859
    1511       -0.003742
    1512       -0.003471
    1513       -0.003298
    1514       -0.003216
    1515       -0.003207
    1516       -0.003239
    1517       -0.003276
    1518       -0.003292
    1519       -0.003276
    1520       -0.003242
    1521       -0.003217
    1522       -0.003230
    1523       -0.003312
    1524       -0.003488
    1525       -0.003771
    1526       -0.003494
    1527       -0.003219
    1528       -0.003102
    1529       -0.003108
    1530       -0.003190
    1531       -0.003297
    1532       -0.003383
    1533       -0.003414
    1534       -0.003382
    1535       -0.003301
    1536       -0.003202
    1537       -0.003125
    1538       -0.003117
    1539       -0.003234
    1540       -0.003532
    1541       -0.003043
    1542       -0.002800
    1543       -0.002795
    1544       -0.002935
    1545       -0.003136
    1546       -0.003333
    1547       -0.003474
    1548       -0.003523
    1549       -0.003472
    1550       -0.003337
    1551       -0.003149
    1552       -0.002953
    1553       -0.002808
    1554       -0.002808
    1555       -0.003079
    1556       -0.002260
    1557       -0.002201
    1558       -0.002432
    1559       -0.002770
    1560       -0.003102
    1561       -0.003382
    1562       -0.003569
    1563       -0.003631
    1564       -0.003561
    1565       -0.003373
    1566       -0.003100
    1567       -0.002777
    1568       -0.002444
    1569       -0.002207
    1570       -0.002289
    1571       -0.001168
    1572       -0.001664
    1573       -0.002350
    1574       -0.002860
    1575       -0.003234
    1576       -0.003510
    1577       -0.003692
    1578       -0.003751
    1579       -0.003670
    1580       -0.003471
    1581       -0.003197
    1582       -0.002841
    1583       -0.002361
    1584       -0.001695
    1585       -0.001197
    1586       -0.000248
    1587       -0.002468
    1588       -0.003302
    1589       -0.003649
    1590       -0.003802
    1591       -0.003831
    1592       -0.003854
    1593       -0.003884
    1594       -0.003817
    1595       -0.003767
    1596       -0.003749
    1597       -0.003626
    1598       -0.003316
    1599       -0.002526
    1600       -0.000294
    1601       -0.003126
    1602       -0.005625
    1603       -0.005481
    1604       -0.005369
    1605       -0.005128
    1606       -0.004656
    1607       -0.003996
    1608       -0.004021
    1609       -0.003967
    1610       -0.004640
    1611       -0.005159
    1612       -0.005419
    1613       -0.005522
    1614       -0.005660
    1615       -0.003160
    1616       -0.004569
    1617       -0.004154
    1618       -0.004487
    1619       -0.004939
    1620       -0.004351
    1621       -0.004845
    1622       -0.005289
    1623       -0.004550
    1624       -0.005209
    1625       -0.005548
    1626       -0.005087
    1627       -0.005483
    1628       -0.006453
    1629       -0.005290
    1630       -0.006470
    1631       -0.003894
    1632       -0.002323
    1633       -0.003901
    1799       -0.001434
    1800       -0.001015
    1801        0.000752
    1802        0.000889
    1803        0.001032
    1804        0.001089
    1805        0.001108
    1806        0.001114
    1807        0.001111
    1808        0.001095
    1809        0.001039
    1810        0.000894
    1811        0.000751
    1812       -0.001016
    1813       -0.001440
    1814       -0.003048
    1815       -0.001025
    1816        0.000255
    1817        0.000763
    1818        0.001064
    1819        0.001233
    1820        0.001312
    1821        0.001337
    1822        0.001314
    1823        0.001237
    1824        0.001070
    1825        0.000771
    1826        0.000262
    1827       -0.001009
    1828       -0.003019
    1829       -0.001572
    1830       -0.001074
    1831       -0.000183
    1832        0.000532
    1833        0.000989
    1834        0.001290
    1835        0.001456
    1836        0.001507
    1837        0.001453
    1838        0.001288
    1839        0.000993
    1840        0.000543
    1841       -0.000165
    1842       -0.001045
    1843       -0.001527
    1844       -0.002216
    1845       -0.001335
    1846       -0.000531
    1847        0.000214
    1848        0.000825
    1849        0.001265
    1850        0.001530
    1851        0.001614
    1852        0.001520
    1853        0.001255
    1854        0.000825
    1855        0.000229
    1856       -0.000503
    1857       -0.001293
    1858       -0.002150
    1859       -0.002537
    1860       -0.001770
    1861       -0.000957
    1862       -0.000155
    1863        0.000572
    1864        0.001156
    1865        0.001533
    1866        0.001654
    1867        0.001514
    1868        0.001136
    1869        0.000567
    1870       -0.000137
    1871       -0.000920
    1872       -0.001720
    1873       -0.002460
    1874       -0.002954
    1875       -0.002239
    1876       -0.001455
    1877       -0.000615
    1878        0.000227
    1879        0.000964
    1880        0.001463
    1881        0.001629
    1882        0.001440
    1883        0.000945
    1884        0.000238
    1885       -0.000581
    1886       -0.001415
    1887       -0.002191
    1888       -0.002875
    1889       -0.003295
    1890       -0.002754
    1891       -0.002063
    1892       -0.001205
    1893       -0.000246
    1894        0.000669
    1895        0.001321
    1896        0.001543
    1897        0.001296
    1898        0.000656
    1899       -0.000218
    1900       -0.001153
    1901       -0.002010
    1902       -0.002709
    1903       -0.003223
    1904       -0.003696
    1905       -0.003413
    1906       -0.002871
    1907       -0.002034
    1908       -0.000933
    1909        0.000233
    1910        0.001108
    1911        0.001406
    1912        0.001075
    1913        0.000216
    1914       -0.000900
    1915       -0.001968
    1916       -0.002810
    1917       -0.003373
    1918       -0.003642
    1919       -0.004338
    1920       -0.004312
    1921       -0.004030
    1922       -0.003264
    1923       -0.001987
    1924       -0.000420
    1925        0.000833
    1926        0.001231
    1927        0.000771
    1928       -0.000484
    1929       -0.002004
    1930       -0.003238
    1931       -0.003989
    1932       -0.004270
    1933       -0.004298
    1934       -0.004948
    1935       -0.005931
    1936       -0.005812
    1937       -0.005090
    1938       -0.003689
    1939       -0.001502
    1940        0.000556
    1941        0.001040
    1942        0.000418
    1943       -0.001708
    1944       -0.003863
    1945       -0.005179
    1946       -0.005832
    1947       -0.005914
    1948       -0.004943
    1949       -0.010167
    1950       -0.008329
    1951       -0.007890
    1952       -0.007393
    1953       -0.006385
    1954       -0.003966
    1955        0.000592
    1956        0.000846
    1957        0.000376
    1958       -0.004489
    1959       -0.006802
    1960       -0.007634
    1961       -0.007994
    1962       -0.008328
    1963       -0.010167
    1964       -0.000069
    1965        0.000630
    1966        0.000305
    1967       -0.000568
    1968        0.000397
    1969       -0.000193
    1970       -0.000607
    1971       -0.000065
    1972       -0.000392
    1973       -0.001085
    1974       -0.000552
    1975       -0.000998
    1976       -0.001165
    1977       -0.003014
    1978       -0.001130
    1979       -0.003801
    1980       -0.006564
    1981       -0.003798
    1982       -0.001435
    1983       -0.001015
    1984        0.000752
    1985        0.000889
    1986        0.001032
    1987        0.001089
    1988        0.001108
    1989        0.001114
    1990        0.001111
    1991        0.001095
    1992        0.001039
    1993        0.000894
    1994        0.000751
    1995       -0.001016
    1996       -0.001440
    1997       -0.003048
    1998       -0.001025
    1999        0.000255
    2000        0.000763
    2001        0.001064
    2002        0.001233
    2003        0.001312
    2004        0.001337
    2005        0.001314
    2006        0.001237
    2007        0.001070
    2008        0.000771
    2009        0.000262
    2010       -0.001009
    2011       -0.003019
    2012       -0.001572
    2013       -0.001074
    2014       -0.000183
    2015        0.000532
    2016        0.000989
    2017        0.001290
    2018        0.001456
    2019        0.001507
    2020        0.001453
    2021        0.001288
    2022        0.000992
    2023        0.000543
    2024       -0.000165
    2025       -0.001045
    2026       -0.001527
    2027       -0.002216
    2028       -0.001335
    2029       -0.000531
    2030        0.000214
    2031        0.000824
    2032        0.001262
    2033        0.001529
    2034        0.001614
    2035        0.001519
    2036        0.001251
    2037        0.000820
    2038        0.000226
    2039       -0.000504
    2040       -0.001293
    2041       -0.002150
    2042       -0.002537
    2043       -0.001770
    2044       -0.000957
    2045       -0.000157
    2046        0.000571
    2047        0.001157
    2048        0.001532
    2049        0.001654
    2050        0.001514
    2051        0.001139
    2052        0.000571
    2053       -0.000137
    2054       -0.000923
    2055       -0.001721
    2056       -0.002460
    2057       -0.002954
    2058       -0.002239
    2059       -0.001455
    2060       -0.000611
    2061        0.000230
    2062        0.000965
    2063        0.001464
    2064        0.001629
    2065        0.001440
    2066        0.000946
    2067        0.000240
    2068       -0.000578
    2069       -0.001411
    2070       -0.002190
    2071       -0.002875
    2072       -0.003295
    2073       -0.002754
    2074       -0.002063
    2075       -0.001204
    2076       -0.000245
    2077        0.000669
    2078        0.001322
    2079        0.001543
    2080        0.001296
    2081        0.000656
    2082       -0.000218
    2083       -0.001153
    2084       -0.002008
    2085       -0.002709
    2086       -0.003222
    2087       -0.003693
    2088       -0.003408
    2089       -0.002869
    2090       -0.002033
    2091       -0.000933
    2092        0.000233
    2093        0.001108
    2094        0.001406
    2095        0.001075
    2096        0.000216
    2097       -0.000900
    2098       -0.001968
    2099       -0.002810
    2100       -0.003369
    2101       -0.003640
    2102       -0.004341
    2103       -0.004314
    2104       -0.004030
    2105       -0.003264
    2106       -0.001986
    2107       -0.000420
    2108        0.000833
    2109        0.001231
    2110        0.000771
    2111       -0.000484
    2112       -0.001999
    2113       -0.003234
    2114       -0.003989
    2115       -0.004270
    2116       -0.004301
    2117       -0.004948
    2118       -0.005926
    2119       -0.005811
    2120       -0.005090
    2121       -0.003689
    2122       -0.001502
    2123        0.000556
    2124        0.001039
    2125        0.000418
    2126       -0.001708
    2127       -0.003856
    2128       -0.005181
    2129       -0.005832
    2130       -0.005914
    2131       -0.004944
    2132       -0.010170
    2133       -0.008327
    2134       -0.007889
    2135       -0.007393
    2136       -0.006385
    2137       -0.003966
    2138        0.000591
    2139        0.000846
    2140        0.000376
    2141       -0.004489
    2142       -0.006798
    2143       -0.007639
    2144       -0.007996
    2145       -0.008328
    2146       -0.010167
    2147       -0.000070
    2148        0.000630
    2149        0.000305
    2150       -0.000568
    2151        0.000397
    2152       -0.000194
    2153       -0.000607
    2154       -0.000065
    2155       -0.000391
    2156       -0.001085
    2157       -0.000551
    2158       -0.000998
    2159       -0.001164
    2160       -0.003014
    2161       -0.001130
    2162       -0.003802
    2163       -0.006564
    2164       -0.003798
    2165       -0.003711
    2166       -0.003473
    2167       -0.003197
    2168       -0.002922
    2169       -0.002695
    2170       -0.002527
    2171       -0.002425
    2172       -0.002391
    2173       -0.002427
    2174       -0.002530
    2175       -0.002698
    2176       -0.002924
    2177       -0.003198
    2178       -0.003473
    2179       -0.003711
    2180       -0.003767
    2181       -0.003562
    2182       -0.003321
    2183       -0.003098
    2184       -0.002920
    2185       -0.002797
    2186       -0.002727
    2187       -0.002705
    2188       -0.002729
    2189       -0.002802
    2190       -0.002927
    2191       -0.003104
    2192       -0.003325
    2193       -0.003564
    2194       -0.003769
    2195       -0.003844
    2196       -0.003617
    2197       -0.003396
    2198       -0.003211
    2199       -0.003079
    2200       -0.002999
    2201       -0.002961
    2202       -0.002950
    2203       -0.002963
    2204       -0.003004
    2205       -0.003087
    2206       -0.003220
    2207       -0.003404
    2208       -0.003624
    2209       -0.003852
    2210       -0.003842
    2211       -0.003595
    2212       -0.003392
    2213       -0.003251
    2214       -0.003173
    2215       -0.003144
    2216       -0.003140
    2217       -0.003141
    2218       -0.003141
    2219       -0.003148
    2220       -0.003182
    2221       -0.003263
    2222       -0.003405
    2223       -0.003608
    2224       -0.003859
    2225       -0.003742
    2226       -0.003471
    2227       -0.003298
    2228       -0.003217
    2229       -0.003208
    2230       -0.003240
    2231       -0.003276
    2232       -0.003292
    2233       -0.003276
    2234       -0.003243
    2235       -0.003219
    2236       -0.003232
    2237       -0.003314
    2238       -0.003488
    2239       -0.003772
    2240       -0.003494
    2241       -0.003219
    2242       -0.003102
    2243       -0.003108
    2244       -0.003189
    2245       -0.003296
    2246       -0.003383
    2247       -0.003414
    2248       -0.003382
    2249       -0.003299
    2250       -0.003199
    2251       -0.003124
    2252       -0.003118
    2253       -0.003234
    2254       -0.003531
    2255       -0.003043
    2256       -0.002800
    2257       -0.002794
    2258       -0.002932
    2259       -0.003135
    2260       -0.003333
    2261       -0.003473
    2262       -0.003522
    2263       -0.003472
    2264       -0.003336
    2265       -0.003148
    2266       -0.002954
    2267       -0.002809
    2268       -0.002807
    2269       -0.003079
    2270       -0.002258
    2271       -0.002199
    2272       -0.002430
    2273       -0.002768
    2274       -0.003103
    2275       -0.003382
    2276       -0.003569
    2277       -0.003631
    2278       -0.003561
    2279       -0.003373
    2280       -0.003100
    2281       -0.002777
    2282       -0.002439
    2283       -0.002201
    2284       -0.002285
    2285       -0.001171
    2286       -0.001665
    2287       -0.002351
    2288       -0.002860
    2289       -0.003234
    2290       -0.003510
    2291       -0.003692
    2292       -0.003751
    2293       -0.003670
    2294       -0.003472
    2295       -0.003197
    2296       -0.002841
    2297       -0.002361
    2298       -0.001696
    2299       -0.001200
    2300       -0.000250
    2301       -0.002471
    2302       -0.003302
    2303       -0.003652
    2304       -0.003804
    2305       -0.003831
    2306       -0.003854
    2307       -0.003884
    2308       -0.003817
    2309       -0.003767
    2310       -0.003751
    2311       -0.003627
    2312       -0.003317
    2313       -0.002529
    2314       -0.000297
    2315       -0.003123
    2316       -0.005629
    2317       -0.005482
    2318       -0.005367
    2319       -0.005130
    2320       -0.004655
    2321       -0.003996
    2322       -0.004021
    2323       -0.003967
    2324       -0.004639
    2325       -0.005161
    2326       -0.005416
    2327       -0.005521
    2328       -0.005665
    2329       -0.003156
    2330       -0.004568
    2331       -0.004154
    2332       -0.004487
    2333       -0.004939
    2334       -0.004351
    2335       -0.004840
    2336       -0.005290
    2337       -0.004551
    2338       -0.005209
    2339       -0.005549
    2340       -0.005086
    2341       -0.005484
    2342       -0.006448
    2343       -0.005291
    2344       -0.006466
    2345       -0.003899
    2346       -0.002321
    2347       -0.003905
    2348       -0.003875
    2349       -0.004114
    2350       -0.004771
    2351       -0.005791
    2352       -0.006963
    2353       -0.008180
    2354       -0.009396
    2355       -0.010609
    2356       -0.011818
    2357       -0.013031
    2358       -0.014237
    2359       -0.015454
    2360       -0.016647
    2361       -0.017882
    2362       -0.019057
    2363       -0.020242
    2364       -0.021620
    2365       -0.022227
    2366       -0.022053
    2367       -0.022075
    2368       -0.022110
    2369       -0.022088
    2370       -0.022117
    2371       -0.022130
    2372       -0.022152
    2373       -0.022152
    2374       -0.022130
    2375       -0.022117
    2376       -0.022088
    2377       -0.022110
    2378       -0.022075
    2379       -0.022053
    2380       -0.022227
    2381       -0.021620
    2382       -0.020242
    2383       -0.019056
    2384       -0.017882
    2385       -0.016647
    2386       -0.015454
    2387       -0.014237
    2388       -0.013031
    2389       -0.011818
    2390       -0.010609
    2391       -0.009396
    2392       -0.008180
    2393       -0.006963
    2394       -0.005791
    2395       -0.004771
    2396       -0.004114
    2397       -0.003875
    2398       -0.003986
    2399       -0.004278
    2400       -0.004936
    2401       -0.005896
    2402       -0.007013
    2403       -0.008195
    2404       -0.009399
    2405       -0.010608
    2406       -0.011819
    2407       -0.013029
    2408       -0.014241
    2409       -0.015447
    2410       -0.016654
    2411       -0.017856
    2412       -0.019017
    2413       -0.020163
    2414       -0.021289
    2415       -0.021894
    2416       -0.021976
    2417       -0.022038
    2418       -0.022087
    2419       -0.022099
    2420       -0.022113
    2421       -0.022131
    2422       -0.022142
    2423       -0.022142
    2424       -0.022131
    2425       -0.022113
    2426       -0.022099
    2427       -0.022087
    2428       -0.022038
    2429       -0.021976
    2430       -0.021894
    2431       -0.021289
    2432       -0.020163
    2433       -0.019017
    2434       -0.017856
    2435       -0.016654
    2436       -0.015447
    2437       -0.014241
    2438       -0.013029
    2439       -0.011819
    2440       -0.010608
    2441       -0.009399
    2442       -0.008195
    2443       -0.007013
    2444       -0.005896
    2445       -0.004936
    2446       -0.004278
    2447       -0.003986
    2448       -0.004067
    2449       -0.004384
    2450       -0.005057
    2451       -0.005983
    2452       -0.007057
    2453       -0.008211
    2454       -0.009403
    2455       -0.010609
    2456       -0.011818
    2457       -0.013030
    2458       -0.014240
    2459       -0.015448
    2460       -0.016650
    2461       -0.017840
    2462       -0.018979
    2463       -0.020078
    2464       -0.021045
    2465       -0.021651
    2466       -0.021892
    2467       -0.022002
    2468       -0.022074
    2469       -0.022099
    2470       -0.022116
    2471       -0.022128
    2472       -0.022136
    2473       -0.022136
    2474       -0.022128
    2475       -0.022116
    2476       -0.022099
    2477       -0.022074
    2478       -0.022002
    2479       -0.021892
    2480       -0.021651
    2481       -0.021045
    2482       -0.020078
    2483       -0.018979
    2484       -0.017840
    2485       -0.016650
    2486       -0.015448
    2487       -0.014240
    2488       -0.013030
    2489       -0.011818
    2490       -0.010609
    2491       -0.009403
    2492       -0.008211
    2493       -0.007057
    2494       -0.005983
    2495       -0.005057
    2496       -0.004384
    2497       -0.004067
    2498       -0.004127
    2499       -0.004449
    2500       -0.005144
    2501       -0.006050
    2502       -0.007094
    2503       -0.008226
    2504       -0.009407
    2505       -0.010609
    2506       -0.011818
    2507       -0.013030
    2508       -0.014240
    2509       -0.015448
    2510       -0.016648
    2511       -0.017825
    2512       -0.018949
    2513       -0.019999
    2514       -0.020873
    2515       -0.021478
    2516       -0.021814
    2517       -0.021973
    2518       -0.022062
    2519       -0.022099
    2520       -0.022116
    2521       -0.022127
    2522       -0.022132
    2523       -0.022132
    2524       -0.022127
    2525       -0.022116
    2526       -0.022099
    2527       -0.022062
    2528       -0.021974
    2529       -0.021814
    2530       -0.021478
    2531       -0.020873
    2532       -0.019999
    2533       -0.018948
    2534       -0.017825
    2535       -0.016648
    2536       -0.015448
    2537       -0.014240
    2538       -0.013030
    2539       -0.011818
    2540       -0.010609
    2541       -0.009407
    2542       -0.008226
    2543       -0.007094
    2544       -0.006050
    2545       -0.005144
    2546       -0.004449
    2547       -0.004127
    2548       -0.004169
    2549       -0.004485
    2550       -0.005201
    2551       -0.006097
    2552       -0.007121
    2553       -0.008237
    2554       -0.009410
    2555       -0.010609
    2556       -0.011818
    2557       -0.013030
    2558       -0.014240
    2559       -0.015448
    2560       -0.016645
    2561       -0.017815
    2562       -0.018924
    2563       -0.019939
    2564       -0.020758
    2565       -0.021364
    2566       -0.021755
    2567       -0.021951
    2568       -0.022054
    2569       -0.022098
    2570       -0.022117
    2571       -0.022125
    2572       -0.022129
    2573       -0.022129
    2574       -0.022125
    2575       -0.022117
    2576       -0.022098
    2577       -0.022054
    2578       -0.021951
    2579       -0.021755
    2580       -0.021364
    2581       -0.020758
    2582       -0.019939
    2583       -0.018924
    2584       -0.017815
    2585       -0.016645
    2586       -0.015448
    2587       -0.014240
    2588       -0.013030
    2589       -0.011818
    2590       -0.010609
    2591       -0.009410
    2592       -0.008237
    2593       -0.007121
    2594       -0.006097
    2595       -0.005201
    2596       -0.004485
    2597       -0.004169
    2598       -0.004194
    2599       -0.004503
    2600       -0.005234
    2601       -0.006125
    2602       -0.007137
    2603       -0.008245
    2604       -0.009412
    2605       -0.010610
    2606       -0.011819
    2607       -0.013030
    2608       -0.014241
    2609       -0.015448
    2610       -0.016644
    2611       -0.017809
    2612       -0.018909
    2613       -0.019902
    2614       -0.020693
    2615       -0.021298
    2616       -0.021718
    2617       -0.021937
    2618       -0.022050
    2619       -0.022098
    2620       -0.022117
    2621       -0.022124
    2622       -0.022127
    2623       -0.022127
    2624       -0.022124
    2625       -0.022117
    2626       -0.022098
    2627       -0.022050
    2628       -0.021937
    2629       -0.021718
    2630       -0.021298
    2631       -0.020693
    2632       -0.019902
    2633       -0.018909
    2634       -0.017809
    2635       -0.016644
    2636       -0.015448
    2637       -0.014241
    2638       -0.013030
    2639       -0.011819
    2640       -0.010610
    2641       -0.009412
    2642       -0.008245
    2643       -0.007137
    2644       -0.006125
    2645       -0.005234
    2646       -0.004503
    2647       -0.004194
    2648       -0.004202
    2649       -0.004508
    2650       -0.005245
    2651       -0.006134
    2652       -0.007143
    2653       -0.008247
    2654       -0.009413
    2655       -0.010610
    2656       -0.011819
    2657       -0.013030
    2658       -0.014241
    2659       -0.015448
    2660       -0.016644
    2661       -0.017808
    2662       -0.018905
    2663       -0.019890
    2664       -0.020672
    2665       -0.021278
    2666       -0.021708
    2667       -0.021934
    2668       -0.022050
    2669       -0.022099
    2670       -0.022117
    2671       -0.022123
    2672       -0.022125
    2673       -0.022125
    2674       -0.022123
    2675       -0.022117
    2676       -0.022099
    2677       -0.022050
    2678       -0.021934
    2679       -0.021708
    2680       -0.021278
    2681       -0.020672
    2682       -0.019890
    2683       -0.018905
    2684       -0.017808
    2685       -0.016644
    2686       -0.015448
    2687       -0.014241
    2688       -0.013030
    2689       -0.011819
    2690       -0.010610
    2691       -0.009413
    2692       -0.008247
    2693       -0.007143
    2694       -0.006134
    2695       -0.005245
    2696       -0.004508
    2697       -0.004202
    2698       -0.004194
    2699       -0.004503
    2700       -0.005234
    2701       -0.006125
    2702       -0.007137
    2703       -0.008245
    2704       -0.009413
    2705       -0.010610
    2706       -0.011819
    2707       -0.013031
    2708       -0.014242
    2709       -0.015449
    2710       -0.016645
    2711       -0.017811
    2712       -0.018911
    2713       -0.019904
    2714       -0.020696
    2715       -0.021302
    2716       -0.021723
    2717       -0.021942
    2718       -0.022054
    2719       -0.022101
    2720       -0.022118
    2721       -0.022123
    2722       -0.022123
    2723       -0.022123
    2724       -0.022123
    2725       -0.022118
    2726       -0.022101
    2727       -0.022054
    2728       -0.021942
    2729       -0.021723
    2730       -0.021302
    2731       -0.020696
    2732       -0.019904
    2733       -0.018911
    2734       -0.017811
    2735       -0.016645
    2736       -0.015449
    2737       -0.014242
    2738       -0.013031
    2739       -0.011819
    2740       -0.010610
    2741       -0.009413
    2742       -0.008245
    2743       -0.007137
    2744       -0.006125
    2745       -0.005234
    2746       -0.004503
    2747       -0.004194
    2748       -0.004169
    2749       -0.004485
    2750       -0.005201
    2751       -0.006097
    2752       -0.007121
    2753       -0.008238
    2754       -0.009411
    2755       -0.010610
    2756       -0.011820
    2757       -0.013031
    2758       -0.014242
    2759       -0.015450
    2760       -0.016648
    2761       -0.017819
    2762       -0.018928
    2763       -0.019944
    2764       -0.020764
    2765       -0.021371
    2766       -0.021763
    2767       -0.021960
    2768       -0.022063
    2769       -0.022105
    2770       -0.022119
    2771       -0.022122
    2772       -0.022122
    2773       -0.022122
    2774       -0.022122
    2775       -0.022119
    2776       -0.022105
    2777       -0.022063
    2778       -0.021960
    2779       -0.021763
    2780       -0.021371
    2781       -0.020764
    2782       -0.019944
    2783       -0.018928
    2784       -0.017819
    2785       -0.016648
    2786       -0.015450
    2787       -0.014242
    2788       -0.013031
    2789       -0.011820
    2790       -0.010610
    2791       -0.009411
    2792       -0.008238
    2793       -0.007121
    2794       -0.006097
    2795       -0.005201
    2796       -0.004485
    2797       -0.004169
    2798       -0.004127
    2799       -0.004449
    2800       -0.005144
    2801       -0.006050
    2802       -0.007094
    2803       -0.008226
    2804       -0.009408
    2805       -0.010610
    2806       -0.011820
    2807       -0.013032
    2808       -0.014243
    2809       -0.015451
    2810       -0.016652
    2811       -0.017830
    2812       -0.018955
    2813       -0.020006
    2814       -0.020882
    2815       -0.021489
    2816       -0.021827
    2817       -0.021988
    2818       -0.022076
    2819       -0.022109
    2820       -0.022120
    2821       -0.022121
    2822       -0.022121
    2823       -0.022121
    2824       -0.022121
    2825       -0.022120
    2826       -0.022109
    2827       -0.022076
    2828       -0.021988
    2829       -0.021827
    2830       -0.021489
    2831       -0.020882
    2832       -0.020006
    2833       -0.018955
    2834       -0.017830
    2835       -0.016652
    2836       -0.015451
    2837       -0.014243
    2838       -0.013032
    2839       -0.011820
    2840       -0.010610
    2841       -0.009408
    2842       -0.008226
    2843       -0.007094
    2844       -0.006050
    2845       -0.005144
    2846       -0.004449
    2847       -0.004127
    2848       -0.004067
    2849       -0.004384
    2850       -0.005057
    2851       -0.005983
    2852       -0.007057
    2853       -0.008212
    2854       -0.009404
    2855       -0.010610
    2856       -0.011821
    2857       -0.013033
    2858       -0.014243
    2859       -0.015453
    2860       -0.016656
    2861       -0.017847
    2862       -0.018987
    2863       -0.020088
    2864       -0.021057
    2865       -0.021665
    2866       -0.021909
    2867       -0.022022
    2868       -0.022093
    2869       -0.022115
    2870       -0.022121
    2871       -0.022121
    2872       -0.022119
    2873       -0.022119
    2874       -0.022121
    2875       -0.022121
    2876       -0.022115
    2877       -0.022093
    2878       -0.022022
    2879       -0.021909
    2880       -0.021665
    2881       -0.021057
    2882       -0.020088
    2883       -0.018987
    2884       -0.017847
    2885       -0.016656
    2886       -0.015453
    2887       -0.014243
    2888       -0.013033
    2889       -0.011821
    2890       -0.010610
    2891       -0.009404
    2892       -0.008212
    2893       -0.007057
    2894       -0.005983
    2895       -0.005057
    2896       -0.004384
    2897       -0.004067
    2898       -0.003986
    2899       -0.004278
    2900       -0.004936
    2901       -0.005897
    2902       -0.007013
    2903       -0.008196
    2904       -0.009401
    2905       -0.010610
    2906       -0.011822
    2907       -0.013032
    2908       -0.014245
    2909       -0.015453
    2910       -0.016661
    2911       -0.017865
    2912       -0.019027
    2913       -0.020175
    2914       -0.021303
    2915       -0.021912
    2916       -0.021997
    2917       -0.022062
    2918       -0.022113
    2919       -0.022121
    2920       -0.022122
    2921       -0.022121
    2922       -0.022117
    2923       -0.022117
    2924       -0.022121
    2925       -0.022122
    2926       -0.022121
    2927       -0.022113
    2928       -0.022062
    2929       -0.021997
    2930       -0.021912
    2931       -0.021303
    2932       -0.020175
    2933       -0.019027
    2934       -0.017865
    2935       -0.016661
    2936       -0.015453
    2937       -0.014245
    2938       -0.013032
    2939       -0.011822
    2940       -0.010610
    2941       -0.009401
    2942       -0.008196
    2943       -0.007013
    2944       -0.005897
    2945       -0.004936
    2946       -0.004278
    2947       -0.003986
    2948       -0.003875
    2949       -0.004114
    2950       -0.004771
    2951       -0.005791
    2952       -0.006964
    2953       -0.008181
    2954       -0.009397
    2955       -0.010611
    2956       -0.011822
    2957       -0.013035
    2958       -0.014242
    2959       -0.015461
    2960       -0.016656
    2961       -0.017892
    2962       -0.019069
    2963       -0.020256
    2964       -0.021637
    2965       -0.022248
    2966       -0.022078
    2967       -0.022105
    2968       -0.022142
    2969       -0.022117
    2970       -0.022130
    2971       -0.022117
    2972       -0.022115
    2973       -0.022115
    2974       -0.022117
    2975       -0.022130
    2976       -0.022117
    2977       -0.022142
    2978       -0.022105
    2979       -0.022078
    2980       -0.022248
    2981       -0.021637
    2982       -0.020256
    2983       -0.019069
    2984       -0.017892
    2985       -0.016656
    2986       -0.015461
    2987       -0.014242
    2988       -0.013035
    2989       -0.011822
    2990       -0.010611
    2991       -0.009397
    2992       -0.008181
    2993       -0.006964
    2994       -0.005791
    2995       -0.004771
    2996       -0.004114
    2997       -0.003875
    2998       -0.003725
    2999       -0.003872
    3000       -0.004560
    3001       -0.005664
    3002       -0.006915
    3003       -0.008167
    3004       -0.009396
    3005       -0.010612
    3006       -0.011824
    3007       -0.013034
    3008       -0.014246
    3009       -0.015455
    3010       -0.016677
    3011       -0.017871
    3012       -0.019180
    3013       -0.020255
    3014       -0.022103
    3015       -0.022715
    3016       -0.022077
    3017       -0.022218
    3018       -0.022122
    3019       -0.022141
    3020       -0.022125
    3021       -0.022119
    3022       -0.022110
    3023       -0.022110
    3024       -0.022119
    3025       -0.022125
    3026       -0.022141
    3027       -0.022122
    3028       -0.022218
    3029       -0.022077
    3030       -0.022715
    3031       -0.022103
    3032       -0.020255
    3033       -0.019180
    3034       -0.017871
    3035       -0.016677
    3036       -0.015455
    3037       -0.014246
    3038       -0.013034
    3039       -0.011824
    3040       -0.010612
    3041       -0.009396
    3042       -0.008167
    3043       -0.006915
    3044       -0.005664
    3045       -0.004560
    3046       -0.003872
    3047       -0.003725
    3048       -0.003737
    3049       -0.003847
    3050       -0.004474
    3051       -0.005610
    3052       -0.006898
    3053       -0.008167
    3054       -0.009399
    3055       -0.010614
    3056       -0.011825
    3057       -0.013035
    3058       -0.014245
    3059       -0.015457
    3060       -0.016668
    3061       -0.017895
    3062       -0.019118
    3063       -0.020481
    3064       -0.022165
    3065       -0.022774
    3066       -0.022305
    3067       -0.022157
    3068       -0.022149
    3069       -0.022133
    3070       -0.022128
    3071       -0.022116
    3072       -0.022107
    3073       -0.022107
    3074       -0.022116
    3075       -0.022128
    3076       -0.022133
    3077       -0.022149
    3078       -0.022157
    3079       -0.022305
    3080       -0.022774
    3081       -0.022165
    3082       -0.020481
    3083       -0.019118
    3084       -0.017895
    3085       -0.016668
    3086       -0.015457
    3087       -0.014245
    3088       -0.013035
    3089       -0.011825
    3090       -0.010614
    3091       -0.009399
    3092       -0.008167
    3093       -0.006898
    3094       -0.005610
    3095       -0.004474
    3096       -0.003847
    3097       -0.003737
    3098       -0.003767
    3099       -0.003696
    3100       -0.003727
    3101       -0.003660
    3102       -0.003541
    3103       -0.003489
    3104       -0.003204
    3105       -0.003162
    3106       -0.002819
    3107       -0.002801
    3108       -0.002439
    3109       -0.002432
    3110       -0.002069
    3111       -0.002068
    3112       -0.001705
    3113       -0.001705
    3114       -0.001342
    3115       -0.001342
    3116       -0.000979
    3117       -0.000978
    3118       -0.000617
    3119       -0.000618
    3120       -0.000252
    3121       -0.000250
    3122        0.000106
    3123        0.000099
    3124        0.000482
    3125        0.000483
    3126        0.000834
    3127        0.000833
    3128        0.001268
    3129        0.001071
    3130        0.001737
    3131        0.002238
    3132        0.001919
    3133        0.002418
    3134        0.001811
    3135        0.001614
    3136        0.001738
    3137        0.001738
    3138        0.001748
    3139        0.001751
    3140        0.001736
    3141        0.001730
    3142        0.001744
    3143        0.001748
    3144        0.001752
    3145        0.001750
    3146        0.001763
    3147        0.001761
    3148        0.001763
    3149        0.001761
    3150        0.001752
    3151        0.001750
    3152        0.001744
    3153        0.001748
    3154        0.001736
    3155        0.001730
    3156        0.001748
    3157        0.001751
    3158        0.001738
    3159        0.001738
    3160        0.001811
    3161        0.001614
    3162        0.001919
    3163        0.002418
    3164        0.001737
    3165        0.002238
    3166        0.001268
    3167        0.001071
    3168        0.000834
    3169        0.000833
    3170        0.000482
    3171        0.000483
    3172        0.000106
    3173        0.000099
    3174       -0.000252
    3175       -0.000250
    3176       -0.000617
    3177       -0.000618
    3178       -0.000978
    3179       -0.000979
    3180       -0.001342
    3181       -0.001342
    3182       -0.001705
    3183       -0.001705
    3184       -0.002068
    3185       -0.002069
    3186       -0.002432
    3187       -0.002439
    3188       -0.002819
    3189       -0.002801
    3190       -0.003204
    3191       -0.003162
    3192       -0.003541
    3193       -0.003489
    3194       -0.003727
    3195       -0.003660
    3196       -0.003767
    3197       -0.003696


                                                      SUMMARY INFORMATION
                                                  _________________________

                                                         Min/Max Values
    -Source ID--Entity ID---Sub ID----X Component--
Min:     1       1450          0        -0.042348
Max:     1        625          0         0.019511

