




                       MSC.Patran 25.0.638960 Wed Mar 13 09:21:55 PDT 2019 - Analysis Code: MSC.Nastran 
                                             Load Case: Default, A1:Static Subcase 
                                         Result Strain Tensor,  - Layer (NON-LAYERED) 
                                                     Entity: Element Tensor


-Entity ID--X Component--
       1       -0.003724
       2       -0.003815
       3       -0.004435
       4       -0.005567
       5       -0.006850
       6       -0.008112
       7       -0.009335
       8       -0.010538
       9       -0.011734
      10       -0.012927
      11       -0.014117
      12       -0.015305
      13       -0.016489
      14       -0.017686
      15       -0.018874
      16       -0.020201
      17       -0.021844
      18       -0.022401
      19       -0.021901
      20       -0.021804
      21       -0.021895
      22       -0.021930
      23       -0.021917
      24       -0.021892
      25       -0.021881
      26       -0.021881
      27       -0.021892
      28       -0.021917
      29       -0.021930
      30       -0.021895
      31       -0.021804
      32       -0.021901
      33       -0.022404
      34       -0.021842
      35       -0.020201
      36       -0.018874
      37       -0.017686
      38       -0.016489
      39       -0.015305
      40       -0.014117
      41       -0.012927
      42       -0.011734
      43       -0.010538
      44       -0.009335
      45       -0.008112
      46       -0.006850
      47       -0.005567
      48       -0.004435
      49       -0.003816
      50       -0.003724
      51       -0.003758
      52       -0.004125
      53       -0.005069
      54       -0.006266
      55       -0.007443
      56       -0.008531
      57       -0.009569
      58       -0.010584
      59       -0.011592
      60       -0.012596
      61       -0.013599
      62       -0.014601
      63       -0.015606
      64       -0.016637
      65       -0.017645
      66       -0.018995
      67       -0.019963
      68       -0.020413
      69       -0.020387
      70       -0.020016
      71       -0.020039
      72       -0.019988
      73       -0.019937
      74       -0.019910
      75       -0.019903
      76       -0.019903
      77       -0.019910
      78       -0.019937
      79       -0.019988
      80       -0.020039
      81       -0.020015
      82       -0.020388
      83       -0.020415
      84       -0.019961
      85       -0.018994
      86       -0.017645
      87       -0.016637
      88       -0.015606
      89       -0.014601
      90       -0.013599
      91       -0.012596
      92       -0.011592
      93       -0.010584
      94       -0.009569
      95       -0.008531
      96       -0.007443
      97       -0.006266
      98       -0.005069
      99       -0.004125
     100       -0.003758
     101       -0.003998
     102       -0.004959
     103       -0.006405
     104       -0.007702
     105       -0.008648
     106       -0.009382
     107       -0.010040
     108       -0.010675
     109       -0.011301
     110       -0.011926
     111       -0.012549
     112       -0.013178
     113       -0.013812
     114       -0.014501
     115       -0.015135
     116       -0.016523
     117       -0.016138
     118       -0.016399
     119       -0.017290
     120       -0.016385
     121       -0.016266
     122       -0.016060
     123       -0.015943
     124       -0.015915
     125       -0.015916
     126       -0.015916
     127       -0.015915
     128       -0.015943
     129       -0.016060
     130       -0.016266
     131       -0.016385
     132       -0.017290
     133       -0.016399
     134       -0.016138
     135       -0.016522
     136       -0.015135
     137       -0.014501
     138       -0.013812
     139       -0.013178
     140       -0.012549
     141       -0.011926
     142       -0.011301
     143       -0.010675
     144       -0.010040
     145       -0.009382
     146       -0.008648
     147       -0.007702
     148       -0.006405
     149       -0.004959
     150       -0.003998
     151       -0.004228
     152       -0.005795
     153       -0.007788
     154       -0.009174
     155       -0.009868
     156       -0.010237
     157       -0.010513
     158       -0.010766
     159       -0.011012
     160       -0.011254
     161       -0.011503
     162       -0.011746
     163       -0.012037
     164       -0.012293
     165       -0.012795
     166       -0.013475
     167       -0.012823
     168       -0.012917
     169       -0.013634
     170       -0.012926
     171       -0.012415
     172       -0.012134
     173       -0.011933
     174       -0.011923
     175       -0.011929
     176       -0.011929
     177       -0.011923
     178       -0.011933
     179       -0.012134
     180       -0.012415
     181       -0.012927
     182       -0.013634
     183       -0.012917
     184       -0.012823
     185       -0.013474
     186       -0.012794
     187       -0.012293
     188       -0.012037
     189       -0.011746
     190       -0.011503
     191       -0.011254
     192       -0.011012
     193       -0.010766
     194       -0.010513
     195       -0.010237
     196       -0.009868
     197       -0.009174
     198       -0.007788
     199       -0.005795
     200       -0.004228
     201       -0.004483
     202       -0.006733
     203       -0.009302
     204       -0.010709
     205       -0.011104
     206       -0.011094
     207       -0.010988
     208       -0.010859
     209       -0.010720
     210       -0.010585
     211       -0.010449
     212       -0.010329
     213       -0.010222
     214       -0.010153
     215       -0.010294
     216       -0.010425
     217       -0.009646
     218       -0.009591
     219       -0.010025
     220       -0.009329
     221       -0.008599
     222       -0.008127
     223       -0.007926
     224       -0.007932
     225       -0.007943
     226       -0.007943
     227       -0.007932
     228       -0.007926
     229       -0.008127
     230       -0.008599
     231       -0.009330
     232       -0.010025
     233       -0.009591
     234       -0.009646
     235       -0.010425
     236       -0.010294
     237       -0.010153
     238       -0.010222
     239       -0.010329
     240       -0.010449
     241       -0.010585
     242       -0.010720
     243       -0.010859
     244       -0.010988
     245       -0.011094
     246       -0.011104
     247       -0.010709
     248       -0.009302
     249       -0.006733
     250       -0.004483
     251       -0.004806
     252       -0.007893
     253       -0.011033
     254       -0.012330
     255       -0.012353
     256       -0.011953
     257       -0.011466
     258       -0.010950
     259       -0.010431
     260       -0.009912
     261       -0.009400
     262       -0.008899
     263       -0.008418
     264       -0.007995
     265       -0.007719
     266       -0.007396
     267       -0.006521
     268       -0.006327
     269       -0.006534
     270       -0.005700
     271       -0.004704
     272       -0.004044
     273       -0.003922
     274       -0.003943
     275       -0.003958
     276       -0.003958
     277       -0.003943
     278       -0.003922
     279       -0.004044
     280       -0.004704
     281       -0.005700
     282       -0.006534
     283       -0.006327
     284       -0.006521
     285       -0.007396
     286       -0.007719
     287       -0.007995
     288       -0.008418
     289       -0.008899
     290       -0.009400
     291       -0.009912
     292       -0.010431
     293       -0.010950
     294       -0.011466
     295       -0.011953
     296       -0.012353
     297       -0.012330
     298       -0.011033
     299       -0.007893
     300       -0.004806
     301       -0.005261
     302       -0.009440
     303       -0.013064
     304       -0.014040
     305       -0.013605
     306       -0.012818
     307       -0.011943
     308       -0.011043
     309       -0.010138
     310       -0.009242
     311       -0.008348
     312       -0.007469
     313       -0.006612
     314       -0.005815
     315       -0.005106
     316       -0.004367
     317       -0.003417
     318       -0.003044
     319       -0.003158
     320       -0.002262
     321       -0.000490
     322        0.000055
     323        0.000083
     324        0.000041
     325        0.000026
     326        0.000026
     327        0.000041
     328        0.000083
     329        0.000055
     330       -0.000491
     331       -0.002262
     332       -0.003158
     333       -0.003044
     334       -0.003417
     335       -0.004367
     336       -0.005106
     337       -0.005815
     338       -0.006612
     339       -0.007469
     340       -0.008348
     341       -0.009242
     342       -0.010138
     343       -0.011043
     344       -0.011943
     345       -0.012818
     346       -0.013605
     347       -0.014040
     348       -0.013064
     349       -0.009440
     350       -0.005261
     351       -0.005968
     352       -0.011586
     353       -0.015485
     354       -0.015793
     355       -0.014869
     356       -0.013681
     357       -0.012428
     358       -0.011126
     359       -0.009853
     360       -0.008566
     361       -0.007298
     362       -0.006035
     363       -0.004803
     364       -0.003620
     365       -0.002470
     366       -0.001329
     367       -0.000281
     368        0.000244
     369        0.000286
     370        0.000609
     371        0.004207
     372        0.004204
     373        0.004106
     374        0.004015
     375        0.004014
     376        0.004014
     377        0.004015
     378        0.004106
     379        0.004204
     380        0.004207
     381        0.000608
     382        0.000286
     383        0.000244
     384       -0.000281
     385       -0.001329
     386       -0.002470
     387       -0.003620
     388       -0.004803
     389       -0.006034
     390       -0.007298
     391       -0.008566
     392       -0.009853
     393       -0.011126
     394       -0.012428
     395       -0.013681
     396       -0.014869
     397       -0.015793
     398       -0.015485
     399       -0.011586
     400       -0.005968
     401       -0.007051
     402       -0.014752
     403       -0.018231
     404       -0.017582
     405       -0.016093
     406       -0.014600
     407       -0.012870
     408       -0.011237
     409       -0.009549
     410       -0.007898
     411       -0.006241
     412       -0.004603
     413       -0.002984
     414       -0.001418
     415        0.000174
     416        0.001742
     417        0.002902
     418        0.003620
     419        0.003763
     420        0.003296
     421        0.008991
     422        0.008460
     423        0.008086
     424        0.008001
     425        0.007999
     426        0.007999
     427        0.008001
     428        0.008086
     429        0.008460
     430        0.008991
     431        0.003296
     432        0.003763
     433        0.003620
     434        0.002902
     435        0.001742
     436        0.000174
     437       -0.001418
     438       -0.002983
     439       -0.004603
     440       -0.006241
     441       -0.007898
     442       -0.009549
     443       -0.011237
     444       -0.012870
     445       -0.014600
     446       -0.016093
     447       -0.017582
     448       -0.018231
     449       -0.014752
     450       -0.007051
     451       -0.009278
     452       -0.019119
     453       -0.021453
     454       -0.019010
     455       -0.017593
     456       -0.015357
     457       -0.013400
     458       -0.011299
     459       -0.009268
     460       -0.007218
     461       -0.005186
     462       -0.003170
     463       -0.001157
     464        0.000798
     465        0.002790
     466        0.004878
     467        0.006136
     468        0.007169
     469        0.007282
     470        0.006236
     471        0.013592
     472        0.012628
     473        0.012004
     474        0.012018
     475        0.011970
     476        0.011970
     477        0.012018
     478        0.012004
     479        0.012628
     480        0.013592
     481        0.006236
     482        0.007282
     483        0.007169
     484        0.006136
     485        0.004878
     486        0.002790
     487        0.000798
     488       -0.001157
     489       -0.003170
     490       -0.005186
     491       -0.007218
     492       -0.009268
     493       -0.011299
     494       -0.013400
     495       -0.015357
     496       -0.017593
     497       -0.019010
     498       -0.021453
     499       -0.019119
     500       -0.009278
     501       -0.012028
     502       -0.027075
     503       -0.022972
     504       -0.021304
     505       -0.018687
     506       -0.016301
     507       -0.013843
     508       -0.011398
     509       -0.008970
     510       -0.006542
     511       -0.004133
     512       -0.001724
     513        0.000650
     514        0.003059
     515        0.005356
     516        0.008013
     517        0.009598
     518        0.010748
     519        0.011203
     520        0.009260
     521        0.018133
     522        0.016373
     523        0.016034
     524        0.015998
     525        0.015942
     526        0.015942
     527        0.015998
     528        0.016034
     529        0.016373
     530        0.018133
     531        0.009260
     532        0.011203
     533        0.010748
     534        0.009598
     535        0.008013
     536        0.005356
     537        0.003059
     538        0.000650
     539       -0.001724
     540       -0.004133
     541       -0.006542
     542       -0.008970
     543       -0.011398
     544       -0.013843
     545       -0.016301
     546       -0.018687
     547       -0.021304
     548       -0.022972
     549       -0.027075
     550       -0.012028
     551       -0.028930
     552       -0.031070
     553       -0.025872
     554       -0.023091
     555       -0.019927
     556       -0.017210
     557       -0.014280
     558       -0.011507
     559       -0.008661
     560       -0.005871
     561       -0.003070
     562       -0.000289
     563        0.002487
     564        0.005250
     565        0.008081
     566        0.010826
     567        0.013491
     568        0.014696
     569        0.014779
     570        0.013793
     571        0.021321
     572        0.020082
     573        0.020111
     574        0.019942
     575        0.019917
     576        0.019917
     577        0.019942
     578        0.020111
     579        0.020082
     580        0.021321
     581        0.013793
     582        0.014779
     583        0.014696
     584        0.013491
     585        0.010826
     586        0.008081
     587        0.005250
     588        0.002487
     589       -0.000289
     590       -0.003070
     591       -0.005871
     592       -0.008661
     593       -0.011507
     594       -0.014280
     595       -0.017210
     596       -0.019927
     597       -0.023091
     598       -0.025872
     599       -0.031070
     600       -0.028930
     601       -0.042873
     602       -0.031870
     603       -0.028037
     604       -0.023628
     605       -0.020785
     606       -0.017521
     607       -0.014555
     608       -0.011486
     609       -0.008478
     610       -0.005455
     611       -0.002448
     612        0.000548
     613        0.003563
     614        0.006538
     615        0.009641
     616        0.012594
     617        0.015609
     618        0.017012
     619        0.016848
     620        0.017319
     621        0.021442
     622        0.021614
     623        0.021540
     624        0.021452
     625        0.021416
     626        0.021416
     627        0.021452
     628        0.021540
     629        0.021614
     630        0.021442
     631        0.017319
     632        0.016848
     633        0.017012
     634        0.015609
     635        0.012594
     636        0.009641
     637        0.006538
     638        0.003563
     639        0.000548
     640       -0.002448
     641       -0.005455
     642       -0.008478
     643       -0.011486
     644       -0.014555
     645       -0.017520
     646       -0.020785
     647       -0.023628
     648       -0.028037
     649       -0.031870
     650       -0.042873
     651       -0.042844
     652       -0.032337
     653       -0.027966
     654       -0.023750
     655       -0.020760
     656       -0.017495
     657       -0.014457
     658       -0.011330
     659       -0.008240
     660       -0.005124
     661       -0.002006
     662        0.001121
     663        0.004281
     664        0.007435
     665        0.010699
     666        0.013902
     667        0.017078
     668        0.018728
     669        0.018945
     670        0.019022
     671        0.018812
     672        0.018939
     673        0.019077
     674        0.019118
     675        0.019151
     676        0.019151
     677        0.019118
     678        0.019077
     679        0.018939
     680        0.018812
     681        0.019022
     682        0.018945
     683        0.018728
     684        0.017078
     685        0.013902
     686        0.010699
     687        0.007435
     688        0.004281
     689        0.001121
     690       -0.002006
     691       -0.005124
     692       -0.008240
     693       -0.011330
     694       -0.014457
     695       -0.017495
     696       -0.020760
     697       -0.023750
     698       -0.027966
     699       -0.032337
     700       -0.042844
     701       -0.040612
     702       -0.034894
     703       -0.026742
     704       -0.024329
     705       -0.020520
     706       -0.017616
     707       -0.014460
     708       -0.011425
     709       -0.008347
     710       -0.005288
     711       -0.002221
     712        0.000853
     713        0.003909
     714        0.007070
     715        0.010037
     716        0.013554
     717        0.016045
     718        0.017602
     719        0.018150
     720        0.018312
     721        0.019869
     722        0.020311
     723        0.020239
     724        0.020259
     725        0.020246
     726        0.020246
     727        0.020259
     728        0.020239
     729        0.020311
     730        0.019869
     731        0.018312
     732        0.018150
     733        0.017602
     734        0.016045
     735        0.013554
     736        0.010037
     737        0.007070
     738        0.003909
     739        0.000853
     740       -0.002221
     741       -0.005288
     742       -0.008347
     743       -0.011425
     744       -0.014460
     745       -0.017616
     746       -0.020520
     747       -0.024329
     748       -0.026742
     749       -0.034894
     750       -0.040612
     751       -0.042610
     752       -0.032209
     753       -0.027888
     754       -0.023706
     755       -0.020755
     756       -0.017532
     757       -0.014547
     758       -0.011484
     759       -0.008470
     760       -0.005445
     761       -0.002435
     762        0.000567
     763        0.003582
     764        0.006574
     765        0.009656
     766        0.012668
     767        0.015617
     768        0.017032
     769        0.016936
     770        0.017394
     771        0.021326
     772        0.021546
     773        0.021457
     774        0.021382
     775        0.021346
     776        0.021346
     777        0.021382
     778        0.021457
     779        0.021546
     780        0.021326
     781        0.017394
     782        0.016936
     783        0.017032
     784        0.015617
     785        0.012668
     786        0.009656
     787        0.006574
     788        0.003582
     789        0.000567
     790       -0.002435
     791       -0.005445
     792       -0.008470
     793       -0.011484
     794       -0.014547
     795       -0.017532
     796       -0.020755
     797       -0.023706
     798       -0.027888
     799       -0.032209
     800       -0.042610
     801       -0.003721
     802       -0.003809
     803       -0.004432
     804       -0.005573
     805       -0.006869
     806       -0.008147
     807       -0.009390
     808       -0.010616
     809       -0.011840
     810       -0.013066
     811       -0.014295
     812       -0.015528
     813       -0.016765
     814       -0.018020
     815       -0.019274
     816       -0.020671
     817       -0.022390
     818       -0.023026
     819       -0.022565
     820       -0.022407
     821       -0.022378
     822       -0.022349
     823       -0.022349
     824       -0.022357
     825       -0.022364
     826       -0.022364
     827       -0.022357
     828       -0.022349
     829       -0.022349
     830       -0.022378
     831       -0.022407
     832       -0.022565
     833       -0.023026
     834       -0.022390
     835       -0.020671
     836       -0.019274
     837       -0.018020
     838       -0.016765
     839       -0.015528
     840       -0.014295
     841       -0.013066
     842       -0.011840
     843       -0.010616
     844       -0.009390
     845       -0.008147
     846       -0.006869
     847       -0.005573
     848       -0.004432
     849       -0.003809
     850       -0.003721
     851       -0.003756
     852       -0.004121
     853       -0.005067
     854       -0.006272
     855       -0.007459
     856       -0.008559
     857       -0.009610
     858       -0.010641
     859       -0.011669
     860       -0.012696
     861       -0.013727
     862       -0.014761
     863       -0.015801
     864       -0.016875
     865       -0.017928
     866       -0.019330
     867       -0.020349
     868       -0.020870
     869       -0.020922
     870       -0.020553
     871       -0.020528
     872       -0.020482
     873       -0.020480
     874       -0.020486
     875       -0.020492
     876       -0.020492
     877       -0.020486
     878       -0.020480
     879       -0.020482
     880       -0.020528
     881       -0.020553
     882       -0.020922
     883       -0.020870
     884       -0.020349
     885       -0.019330
     886       -0.017928
     887       -0.016875
     888       -0.015801
     889       -0.014761
     890       -0.013727
     891       -0.012696
     892       -0.011669
     893       -0.010641
     894       -0.009610
     895       -0.008559
     896       -0.007459
     897       -0.006272
     898       -0.005067
     899       -0.004121
     900       -0.003756
     901       -0.003998
     902       -0.004957
     903       -0.006407
     904       -0.007711
     905       -0.008661
     906       -0.009399
     907       -0.010061
     908       -0.010701
     909       -0.011334
     910       -0.011966
     911       -0.012599
     912       -0.013238
     913       -0.013884
     914       -0.014587
     915       -0.015236
     916       -0.016645
     917       -0.016275
     918       -0.016593
     919       -0.017630
     920       -0.016859
     921       -0.016839
     922       -0.016770
     923       -0.016767
     924       -0.016772
     925       -0.016776
     926       -0.016776
     927       -0.016772
     928       -0.016767
     929       -0.016770
     930       -0.016839
     931       -0.016859
     932       -0.017630
     933       -0.016593
     934       -0.016275
     935       -0.016645
     936       -0.015236
     937       -0.014587
     938       -0.013884
     939       -0.013238
     940       -0.012599
     941       -0.011966
     942       -0.011334
     943       -0.010701
     944       -0.010061
     945       -0.009399
     946       -0.008661
     947       -0.007711
     948       -0.006407
     949       -0.004957
     950       -0.003998
     951       -0.004229
     952       -0.005796
     953       -0.007795
     954       -0.009185
     955       -0.009879
     956       -0.010243
     957       -0.010515
     958       -0.010761
     959       -0.011000
     960       -0.011233
     961       -0.011474
     962       -0.011705
     963       -0.011985
     964       -0.012227
     965       -0.012714
     966       -0.013384
     967       -0.012711
     968       -0.012838
     969       -0.013762
     970       -0.013334
     971       -0.013078
     972       -0.013076
     973       -0.013047
     974       -0.013061
     975       -0.013060
     976       -0.013060
     977       -0.013061
     978       -0.013047
     979       -0.013076
     980       -0.013078
     981       -0.013334
     982       -0.013762
     983       -0.012838
     984       -0.012711
     985       -0.013384
     986       -0.012714
     987       -0.012227
     988       -0.011985
     989       -0.011705
     990       -0.011474
     991       -0.011233
     992       -0.011000
     993       -0.010761
     994       -0.010515
     995       -0.010243
     996       -0.009879
     997       -0.009185
     998       -0.007795
     999       -0.005796
    1000       -0.004229
    1001       -0.004485
    1002       -0.006736
    1003       -0.009314
    1004       -0.010724
    1005       -0.011112
    1006       -0.011090
    1007       -0.010970
    1008       -0.010823
    1009       -0.010664
    1010       -0.010505
    1011       -0.010341
    1012       -0.010189
    1013       -0.010046
    1014       -0.009935
    1015       -0.010031
    1016       -0.010120
    1017       -0.009293
    1018       -0.009218
    1019       -0.009897
    1020       -0.009647
    1021       -0.009386
    1022       -0.009343
    1023       -0.009343
    1024       -0.009343
    1025       -0.009346
    1026       -0.009346
    1027       -0.009343
    1028       -0.009343
    1029       -0.009343
    1030       -0.009386
    1031       -0.009647
    1032       -0.009897
    1033       -0.009218
    1034       -0.009293
    1035       -0.010120
    1036       -0.010031
    1037       -0.009935
    1038       -0.010046
    1039       -0.010189
    1040       -0.010341
    1041       -0.010505
    1042       -0.010664
    1043       -0.010823
    1044       -0.010970
    1045       -0.011090
    1046       -0.011112
    1047       -0.010724
    1048       -0.009314
    1049       -0.006736
    1050       -0.004485
    1051       -0.004811
    1052       -0.007901
    1053       -0.011052
    1054       -0.012349
    1055       -0.012359
    1056       -0.011939
    1057       -0.011428
    1058       -0.010883
    1059       -0.010331
    1060       -0.009773
    1061       -0.009215
    1062       -0.008660
    1063       -0.008118
    1064       -0.007626
    1065       -0.007276
    1066       -0.006874
    1067       -0.005932
    1068       -0.005655
    1069       -0.006043
    1070       -0.005887
    1071       -0.005676
    1072       -0.005624
    1073       -0.005629
    1074       -0.005632
    1075       -0.005629
    1076       -0.005629
    1077       -0.005632
    1078       -0.005629
    1079       -0.005624
    1080       -0.005676
    1081       -0.005887
    1082       -0.006043
    1083       -0.005655
    1084       -0.005932
    1085       -0.006874
    1086       -0.007276
    1087       -0.007626
    1088       -0.008118
    1089       -0.008660
    1090       -0.009215
    1091       -0.009773
    1092       -0.010331
    1093       -0.010883
    1094       -0.011428
    1095       -0.011939
    1096       -0.012359
    1097       -0.012349
    1098       -0.011052
    1099       -0.007901
    1100       -0.004811
    1101       -0.005268
    1102       -0.009455
    1103       -0.013093
    1104       -0.014065
    1105       -0.013608
    1106       -0.012795
    1107       -0.011886
    1108       -0.010947
    1109       -0.009995
    1110       -0.009044
    1111       -0.008086
    1112       -0.007132
    1113       -0.006191
    1114       -0.005299
    1115       -0.004481
    1116       -0.003633
    1117       -0.002583
    1118       -0.002099
    1119       -0.002190
    1120       -0.002083
    1121       -0.001950
    1122       -0.001909
    1123       -0.001918
    1124       -0.001919
    1125       -0.001911
    1126       -0.001911
    1127       -0.001919
    1128       -0.001918
    1129       -0.001909
    1130       -0.001950
    1131       -0.002083
    1132       -0.002190
    1133       -0.002099
    1134       -0.002583
    1135       -0.003633
    1136       -0.004481
    1137       -0.005299
    1138       -0.006191
    1139       -0.007132
    1140       -0.008086
    1141       -0.009044
    1142       -0.009995
    1143       -0.010947
    1144       -0.011886
    1145       -0.012795
    1146       -0.013608
    1147       -0.014065
    1148       -0.013093
    1149       -0.009455
    1150       -0.005268
    1151       -0.005980
    1152       -0.011612
    1153       -0.015529
    1154       -0.015823
    1155       -0.014871
    1156       -0.013648
    1157       -0.012354
    1158       -0.011001
    1159       -0.009668
    1160       -0.008311
    1161       -0.006961
    1162       -0.005602
    1163       -0.004261
    1164       -0.002957
    1165       -0.001667
    1166       -0.000378
    1167        0.000786
    1168        0.001482
    1169        0.001689
    1170        0.001745
    1171        0.001787
    1172        0.001801
    1173        0.001789
    1174        0.001796
    1175        0.001810
    1176        0.001810
    1177        0.001796
    1178        0.001789
    1179        0.001801
    1180        0.001787
    1181        0.001745
    1182        0.001689
    1183        0.001482
    1184        0.000786
    1185       -0.000378
    1186       -0.001667
    1187       -0.002957
    1188       -0.004261
    1189       -0.005602
    1190       -0.006961
    1191       -0.008311
    1192       -0.009668
    1193       -0.011001
    1194       -0.012354
    1195       -0.013648
    1196       -0.014871
    1197       -0.015823
    1198       -0.015529
    1199       -0.011612
    1200       -0.005980
    1201       -0.007071
    1202       -0.014799
    1203       -0.018292
    1204       -0.017620
    1205       -0.016094
    1206       -0.014560
    1207       -0.012779
    1208       -0.011085
    1209       -0.009325
    1210       -0.007588
    1211       -0.005831
    1212       -0.004076
    1213       -0.002325
    1214       -0.000608
    1215        0.001147
    1216        0.002910
    1217        0.004208
    1218        0.005125
    1219        0.005619
    1220        0.005581
    1221        0.005525
    1222        0.005505
    1223        0.005491
    1224        0.005512
    1225        0.005535
    1226        0.005535
    1227        0.005512
    1228        0.005491
    1229        0.005505
    1230        0.005525
    1231        0.005581
    1232        0.005619
    1233        0.005125
    1234        0.004208
    1235        0.002910
    1236        0.001147
    1237       -0.000608
    1238       -0.002325
    1239       -0.004076
    1240       -0.005831
    1241       -0.007588
    1242       -0.009325
    1243       -0.011085
    1244       -0.012779
    1245       -0.014560
    1246       -0.016094
    1247       -0.017620
    1248       -0.018292
    1249       -0.014799
    1250       -0.007071
    1251       -0.009316
    1252       -0.019197
    1253       -0.021537
    1254       -0.019051
    1255       -0.017597
    1256       -0.015310
    1257       -0.013295
    1258       -0.011122
    1259       -0.009006
    1260       -0.006856
    1261       -0.004705
    1262       -0.002553
    1263       -0.000382
    1264        0.001747
    1265        0.003940
    1266        0.006239
    1267        0.007726
    1268        0.008877
    1269        0.009615
    1270        0.009414
    1271        0.009256
    1272        0.009197
    1273        0.009183
    1274        0.009238
    1275        0.009261
    1276        0.009261
    1277        0.009238
    1278        0.009183
    1279        0.009197
    1280        0.009256
    1281        0.009414
    1282        0.009615
    1283        0.008877
    1284        0.007726
    1285        0.006239
    1286        0.003940
    1287        0.001747
    1288       -0.000382
    1289       -0.002553
    1290       -0.004705
    1291       -0.006856
    1292       -0.009006
    1293       -0.011122
    1294       -0.013295
    1295       -0.015310
    1296       -0.017597
    1297       -0.019051
    1298       -0.021537
    1299       -0.019197
    1300       -0.009316
    1301       -0.012093
    1302       -0.027216
    1303       -0.023066
    1304       -0.021355
    1305       -0.018691
    1306       -0.016249
    1307       -0.013724
    1308       -0.011198
    1309       -0.008674
    1310       -0.006129
    1311       -0.003585
    1312       -0.001019
    1313        0.001536
    1314        0.004148
    1315        0.006670
    1316        0.009583
    1317        0.011420
    1318        0.012809
    1319        0.013669
    1320        0.013214
    1321        0.013004
    1322        0.012829
    1323        0.012893
    1324        0.012965
    1325        0.012993
    1326        0.012993
    1327        0.012965
    1328        0.012893
    1329        0.012829
    1330        0.013004
    1331        0.013214
    1332        0.013669
    1333        0.012810
    1334        0.011420
    1335        0.009583
    1336        0.006670
    1337        0.004148
    1338        0.001536
    1339       -0.001019
    1340       -0.003585
    1341       -0.006129
    1342       -0.008674
    1343       -0.011198
    1344       -0.013724
    1345       -0.016249
    1346       -0.018691
    1347       -0.021355
    1348       -0.023066
    1349       -0.027216
    1350       -0.012093
    1351       -0.029149
    1352       -0.031253
    1353       -0.025979
    1354       -0.023152
    1355       -0.019934
    1356       -0.017155
    1357       -0.014150
    1358       -0.011287
    1359       -0.008333
    1360       -0.005412
    1361       -0.002459
    1362        0.000501
    1363        0.003480
    1364        0.006477
    1365        0.009556
    1366        0.012597
    1367        0.015533
    1368        0.017136
    1369        0.017460
    1370        0.017251
    1371        0.016594
    1372        0.016442
    1373        0.016624
    1374        0.016690
    1375        0.016731
    1376        0.016731
    1377        0.016690
    1378        0.016624
    1379        0.016442
    1380        0.016594
    1381        0.017251
    1382        0.017460
    1383        0.017136
    1384        0.015533
    1385        0.012597
    1386        0.009556
    1387        0.006477
    1388        0.003480
    1389        0.000501
    1390       -0.002459
    1391       -0.005412
    1392       -0.008333
    1393       -0.011287
    1394       -0.014150
    1395       -0.017155
    1396       -0.019934
    1397       -0.023152
    1398       -0.025979
    1399       -0.031253
    1400       -0.029149
    1401       -0.043123
    1402       -0.032004
    1403       -0.028120
    1404       -0.023674
    1405       -0.020791
    1406       -0.017481
    1407       -0.014459
    1408       -0.011323
    1409       -0.008234
    1410       -0.005114
    1411       -0.001992
    1412        0.001138
    1413        0.004306
    1414        0.007454
    1415        0.010750
    1416        0.013907
    1417        0.017163
    1418        0.018819
    1419        0.018979
    1420        0.019071
    1421        0.018746
    1422        0.018853
    1423        0.019001
    1424        0.019046
    1425        0.019080
    1426        0.019080
    1427        0.019046
    1428        0.019001
    1429        0.018853
    1430        0.018746
    1431        0.019071
    1432        0.018979
    1433        0.018819
    1434        0.017163
    1435        0.013907
    1436        0.010750
    1437        0.007454
    1438        0.004306
    1439        0.001138
    1440       -0.001992
    1441       -0.005114
    1442       -0.008234
    1443       -0.011323
    1444       -0.014459
    1445       -0.017481
    1446       -0.020791
    1447       -0.023674
    1448       -0.028120
    1449       -0.032004
    1450       -0.043123
    1451       -0.003714
    1452       -0.003487
    1453       -0.003218
    1454       -0.002949
    1455       -0.002726
    1456       -0.002561
    1457       -0.002460
    1458       -0.002428
    1459       -0.002463
    1460       -0.002565
    1461       -0.002731
    1462       -0.002954
    1463       -0.003222
    1464       -0.003491
    1465       -0.003715
    1466       -0.003765
    1467       -0.003566
    1468       -0.003330
    1469       -0.003111
    1470       -0.002937
    1471       -0.002815
    1472       -0.002747
    1473       -0.002726
    1474       -0.002749
    1475       -0.002820
    1476       -0.002943
    1477       -0.003117
    1478       -0.003335
    1479       -0.003569
    1480       -0.003768
    1481       -0.003847
    1482       -0.003619
    1483       -0.003398
    1484       -0.003214
    1485       -0.003083
    1486       -0.003005
    1487       -0.002967
    1488       -0.002956
    1489       -0.002968
    1490       -0.003008
    1491       -0.003090
    1492       -0.003222
    1493       -0.003406
    1494       -0.003627
    1495       -0.003856
    1496       -0.003852
    1497       -0.003599
    1498       -0.003392
    1499       -0.003248
    1500       -0.003169
    1501       -0.003138
    1502       -0.003134
    1503       -0.003135
    1504       -0.003134
    1505       -0.003140
    1506       -0.003175
    1507       -0.003258
    1508       -0.003404
    1509       -0.003614
    1510       -0.003873
    1511       -0.003761
    1512       -0.003479
    1513       -0.003299
    1514       -0.003211
    1515       -0.003198
    1516       -0.003226
    1517       -0.003261
    1518       -0.003275
    1519       -0.003260
    1520       -0.003227
    1521       -0.003205
    1522       -0.003224
    1523       -0.003314
    1524       -0.003499
    1525       -0.003795
    1526       -0.003519
    1527       -0.003232
    1528       -0.003105
    1529       -0.003102
    1530       -0.003177
    1531       -0.003279
    1532       -0.003361
    1533       -0.003390
    1534       -0.003359
    1535       -0.003280
    1536       -0.003187
    1537       -0.003118
    1538       -0.003121
    1539       -0.003252
    1540       -0.003565
    1541       -0.003073
    1542       -0.002818
    1543       -0.002802
    1544       -0.002932
    1545       -0.003124
    1546       -0.003313
    1547       -0.003447
    1548       -0.003493
    1549       -0.003444
    1550       -0.003313
    1551       -0.003134
    1552       -0.002948
    1553       -0.002817
    1554       -0.002831
    1555       -0.003120
    1556       -0.002292
    1557       -0.002221
    1558       -0.002442
    1559       -0.002770
    1560       -0.003092
    1561       -0.003362
    1562       -0.003541
    1563       -0.003599
    1564       -0.003531
    1565       -0.003349
    1566       -0.003085
    1567       -0.002774
    1568       -0.002453
    1569       -0.002231
    1570       -0.002331
    1571       -0.001193
    1572       -0.001680
    1573       -0.002360
    1574       -0.002862
    1575       -0.003227
    1576       -0.003492
    1577       -0.003665
    1578       -0.003719
    1579       -0.003640
    1580       -0.003448
    1581       -0.003181
    1582       -0.002835
    1583       -0.002364
    1584       -0.001709
    1585       -0.001229
    1586       -0.000256
    1587       -0.002473
    1588       -0.003304
    1589       -0.003648
    1590       -0.003795
    1591       -0.003815
    1592       -0.003828
    1593       -0.003854
    1594       -0.003788
    1595       -0.003742
    1596       -0.003728
    1597       -0.003607
    1598       -0.003299
    1599       -0.002515
    1600       -0.000300
    1601       -0.003101
    1602       -0.005606
    1603       -0.005462
    1604       -0.005352
    1605       -0.005112
    1606       -0.004640
    1607       -0.003971
    1608       -0.003994
    1609       -0.003939
    1610       -0.004608
    1611       -0.005121
    1612       -0.005375
    1613       -0.005471
    1614       -0.005604
    1615       -0.003093
    1616       -0.004535
    1617       -0.004130
    1618       -0.004463
    1619       -0.004906
    1620       -0.004332
    1621       -0.004823
    1622       -0.005261
    1623       -0.004537
    1624       -0.005193
    1625       -0.005525
    1626       -0.005087
    1627       -0.005476
    1628       -0.006446
    1629       -0.005298
    1630       -0.006483
    1631       -0.003893
    1632       -0.002328
    1633       -0.003917
    1799       -0.001462
    1800       -0.001064
    1801        0.000702
    1802        0.000846
    1803        0.000999
    1804        0.001064
    1805        0.001092
    1806        0.001107
    1807        0.001112
    1808        0.001103
    1809        0.001055
    1810        0.000916
    1811        0.000779
    1812       -0.000988
    1813       -0.001421
    1814       -0.003042
    1815       -0.001040
    1816        0.000234
    1817        0.000742
    1818        0.001046
    1819        0.001220
    1820        0.001304
    1821        0.001335
    1822        0.001316
    1823        0.001244
    1824        0.001081
    1825        0.000785
    1826        0.000277
    1827       -0.000998
    1828       -0.003020
    1829       -0.001570
    1830       -0.001077
    1831       -0.000189
    1832        0.000525
    1833        0.000983
    1834        0.001287
    1835        0.001455
    1836        0.001509
    1837        0.001457
    1838        0.001294
    1839        0.001000
    1840        0.000551
    1841       -0.000158
    1842       -0.001042
    1843       -0.001529
    1844       -0.002226
    1845       -0.001338
    1846       -0.000532
    1847        0.000215
    1848        0.000828
    1849        0.001269
    1850        0.001535
    1851        0.001620
    1852        0.001525
    1853        0.001260
    1854        0.000831
    1855        0.000234
    1856       -0.000499
    1857       -0.001291
    1858       -0.002151
    1859       -0.002562
    1860       -0.001781
    1861       -0.000959
    1862       -0.000151
    1863        0.000580
    1864        0.001166
    1865        0.001543
    1866        0.001663
    1867        0.001521
    1868        0.001142
    1869        0.000571
    1870       -0.000134
    1871       -0.000917
    1872       -0.001717
    1873       -0.002456
    1874       -0.002991
    1875       -0.002261
    1876       -0.001463
    1877       -0.000613
    1878        0.000236
    1879        0.000976
    1880        0.001475
    1881        0.001640
    1882        0.001448
    1883        0.000951
    1884        0.000241
    1885       -0.000578
    1886       -0.001412
    1887       -0.002185
    1888       -0.002865
    1889       -0.003342
    1890       -0.002784
    1891       -0.002078
    1892       -0.001208
    1893       -0.000239
    1894        0.000682
    1895        0.001335
    1896        0.001555
    1897        0.001304
    1898        0.000661
    1899       -0.000217
    1900       -0.001152
    1901       -0.002006
    1902       -0.002700
    1903       -0.003207
    1904       -0.003753
    1905       -0.003451
    1906       -0.002892
    1907       -0.002040
    1908       -0.000928
    1909        0.000245
    1910        0.001122
    1911        0.001418
    1912        0.001083
    1913        0.000219
    1914       -0.000901
    1915       -0.001968
    1916       -0.002807
    1917       -0.003362
    1918       -0.003620
    1919       -0.004396
    1920       -0.004351
    1921       -0.004047
    1922       -0.003265
    1923       -0.001979
    1924       -0.000407
    1925        0.000847
    1926        0.001243
    1927        0.000778
    1928       -0.000483
    1929       -0.002008
    1930       -0.003242
    1931       -0.003990
    1932       -0.004260
    1933       -0.004271
    1934       -0.005012
    1935       -0.005933
    1936       -0.005797
    1937       -0.005071
    1938       -0.003669
    1939       -0.001485
    1940        0.000570
    1941        0.001051
    1942        0.000424
    1943       -0.001710
    1944       -0.003871
    1945       -0.005190
    1946       -0.005840
    1947       -0.005911
    1948       -0.004916
    1949       -0.010054
    1950       -0.008249
    1951       -0.007824
    1952       -0.007341
    1953       -0.006344
    1954       -0.003936
    1955        0.000604
    1956        0.000856
    1957        0.000383
    1958       -0.004493
    1959       -0.006810
    1960       -0.007645
    1961       -0.008009
    1962       -0.008334
    1963       -0.010141
    1964       -0.000063
    1965        0.000640
    1966        0.000324
    1967       -0.000560
    1968        0.000406
    1969       -0.000171
    1970       -0.000599
    1971       -0.000053
    1972       -0.000369
    1973       -0.001070
    1974       -0.000538
    1975       -0.000972
    1976       -0.001155
    1977       -0.002968
    1978       -0.001108
    1979       -0.003644
    1980       -0.006486
    1981       -0.003861
    1982       -0.001462
    1983       -0.001063
    1984        0.000702
    1985        0.000846
    1986        0.000999
    1987        0.001064
    1988        0.001092
    1989        0.001107
    1990        0.001112
    1991        0.001103
    1992        0.001055
    1993        0.000916
    1994        0.000779
    1995       -0.000988
    1996       -0.001421
    1997       -0.003042
    1998       -0.001040
    1999        0.000234
    2000        0.000742
    2001        0.001046
    2002        0.001220
    2003        0.001304
    2004        0.001335
    2005        0.001316
    2006        0.001244
    2007        0.001081
    2008        0.000785
    2009        0.000277
    2010       -0.000998
    2011       -0.003020
    2012       -0.001570
    2013       -0.001077
    2014       -0.000189
    2015        0.000525
    2016        0.000983
    2017        0.001287
    2018        0.001455
    2019        0.001509
    2020        0.001457
    2021        0.001294
    2022        0.001000
    2023        0.000551
    2024       -0.000158
    2025       -0.001042
    2026       -0.001529
    2027       -0.002226
    2028       -0.001338
    2029       -0.000532
    2030        0.000215
    2031        0.000827
    2032        0.001267
    2033        0.001534
    2034        0.001620
    2035        0.001525
    2036        0.001257
    2037        0.000826
    2038        0.000231
    2039       -0.000500
    2040       -0.001291
    2041       -0.002151
    2042       -0.002562
    2043       -0.001781
    2044       -0.000959
    2045       -0.000154
    2046        0.000579
    2047        0.001167
    2048        0.001542
    2049        0.001663
    2050        0.001521
    2051        0.001144
    2052        0.000575
    2053       -0.000134
    2054       -0.000920
    2055       -0.001717
    2056       -0.002456
    2057       -0.002991
    2058       -0.002260
    2059       -0.001463
    2060       -0.000609
    2061        0.000239
    2062        0.000977
    2063        0.001476
    2064        0.001640
    2065        0.001448
    2066        0.000951
    2067        0.000243
    2068       -0.000576
    2069       -0.001407
    2070       -0.002184
    2071       -0.002865
    2072       -0.003342
    2073       -0.002784
    2074       -0.002078
    2075       -0.001207
    2076       -0.000238
    2077        0.000682
    2078        0.001336
    2079        0.001555
    2080        0.001304
    2081        0.000661
    2082       -0.000216
    2083       -0.001151
    2084       -0.002004
    2085       -0.002700
    2086       -0.003207
    2087       -0.003751
    2088       -0.003446
    2089       -0.002890
    2090       -0.002039
    2091       -0.000927
    2092        0.000246
    2093        0.001122
    2094        0.001418
    2095        0.001083
    2096        0.000219
    2097       -0.000901
    2098       -0.001968
    2099       -0.002807
    2100       -0.003358
    2101       -0.003618
    2102       -0.004399
    2103       -0.004353
    2104       -0.004047
    2105       -0.003265
    2106       -0.001979
    2107       -0.000407
    2108        0.000847
    2109        0.001243
    2110        0.000778
    2111       -0.000483
    2112       -0.002003
    2113       -0.003239
    2114       -0.003989
    2115       -0.004261
    2116       -0.004274
    2117       -0.005012
    2118       -0.005928
    2119       -0.005796
    2120       -0.005071
    2121       -0.003669
    2122       -0.001485
    2123        0.000570
    2124        0.001051
    2125        0.000424
    2126       -0.001710
    2127       -0.003864
    2128       -0.005192
    2129       -0.005841
    2130       -0.005911
    2131       -0.004916
    2132       -0.010056
    2133       -0.008247
    2134       -0.007823
    2135       -0.007341
    2136       -0.006343
    2137       -0.003936
    2138        0.000604
    2139        0.000856
    2140        0.000383
    2141       -0.004493
    2142       -0.006806
    2143       -0.007651
    2144       -0.008011
    2145       -0.008334
    2146       -0.010142
    2147       -0.000064
    2148        0.000640
    2149        0.000324
    2150       -0.000560
    2151        0.000406
    2152       -0.000172
    2153       -0.000599
    2154       -0.000053
    2155       -0.000369
    2156       -0.001070
    2157       -0.000538
    2158       -0.000972
    2159       -0.001155
    2160       -0.002967
    2161       -0.001107
    2162       -0.003645
    2163       -0.006486
    2164       -0.003861
    2165       -0.003714
    2166       -0.003487
    2167       -0.003218
    2168       -0.002949
    2169       -0.002726
    2170       -0.002561
    2171       -0.002460
    2172       -0.002428
    2173       -0.002463
    2174       -0.002565
    2175       -0.002731
    2176       -0.002954
    2177       -0.003222
    2178       -0.003491
    2179       -0.003715
    2180       -0.003765
    2181       -0.003566
    2182       -0.003330
    2183       -0.003111
    2184       -0.002937
    2185       -0.002816
    2186       -0.002747
    2187       -0.002726
    2188       -0.002749
    2189       -0.002821
    2190       -0.002943
    2191       -0.003117
    2192       -0.003335
    2193       -0.003569
    2194       -0.003768
    2195       -0.003847
    2196       -0.003619
    2197       -0.003398
    2198       -0.003214
    2199       -0.003084
    2200       -0.003005
    2201       -0.002967
    2202       -0.002956
    2203       -0.002968
    2204       -0.003009
    2205       -0.003090
    2206       -0.003223
    2207       -0.003406
    2208       -0.003627
    2209       -0.003856
    2210       -0.003852
    2211       -0.003599
    2212       -0.003392
    2213       -0.003249
    2214       -0.003169
    2215       -0.003139
    2216       -0.003134
    2217       -0.003135
    2218       -0.003134
    2219       -0.003141
    2220       -0.003176
    2221       -0.003260
    2222       -0.003405
    2223       -0.003614
    2224       -0.003873
    2225       -0.003761
    2226       -0.003479
    2227       -0.003299
    2228       -0.003212
    2229       -0.003199
    2230       -0.003227
    2231       -0.003261
    2232       -0.003276
    2233       -0.003260
    2234       -0.003228
    2235       -0.003207
    2236       -0.003226
    2237       -0.003315
    2238       -0.003500
    2239       -0.003795
    2240       -0.003519
    2241       -0.003232
    2242       -0.003105
    2243       -0.003103
    2244       -0.003177
    2245       -0.003278
    2246       -0.003361
    2247       -0.003390
    2248       -0.003358
    2249       -0.003279
    2250       -0.003184
    2251       -0.003118
    2252       -0.003122
    2253       -0.003253
    2254       -0.003565
    2255       -0.003073
    2256       -0.002818
    2257       -0.002801
    2258       -0.002929
    2259       -0.003122
    2260       -0.003312
    2261       -0.003447
    2262       -0.003493
    2263       -0.003444
    2264       -0.003313
    2265       -0.003133
    2266       -0.002949
    2267       -0.002817
    2268       -0.002831
    2269       -0.003120
    2270       -0.002289
    2271       -0.002218
    2272       -0.002440
    2273       -0.002768
    2274       -0.003093
    2275       -0.003362
    2276       -0.003541
    2277       -0.003599
    2278       -0.003531
    2279       -0.003349
    2280       -0.003085
    2281       -0.002773
    2282       -0.002448
    2283       -0.002224
    2284       -0.002328
    2285       -0.001195
    2286       -0.001681
    2287       -0.002361
    2288       -0.002862
    2289       -0.003226
    2290       -0.003492
    2291       -0.003665
    2292       -0.003719
    2293       -0.003639
    2294       -0.003448
    2295       -0.003182
    2296       -0.002835
    2297       -0.002363
    2298       -0.001710
    2299       -0.001232
    2300       -0.000258
    2301       -0.002476
    2302       -0.003304
    2303       -0.003650
    2304       -0.003797
    2305       -0.003816
    2306       -0.003828
    2307       -0.003854
    2308       -0.003788
    2309       -0.003742
    2310       -0.003730
    2311       -0.003607
    2312       -0.003300
    2313       -0.002518
    2314       -0.000303
    2315       -0.003098
    2316       -0.005610
    2317       -0.005463
    2318       -0.005349
    2319       -0.005114
    2320       -0.004639
    2321       -0.003971
    2322       -0.003993
    2323       -0.003940
    2324       -0.004607
    2325       -0.005123
    2326       -0.005373
    2327       -0.005471
    2328       -0.005610
    2329       -0.003090
    2330       -0.004535
    2331       -0.004129
    2332       -0.004463
    2333       -0.004905
    2334       -0.004331
    2335       -0.004818
    2336       -0.005261
    2337       -0.004538
    2338       -0.005194
    2339       -0.005526
    2340       -0.005086
    2341       -0.005477
    2342       -0.006441
    2343       -0.005299
    2344       -0.006479
    2345       -0.003898
    2346       -0.002326
    2347       -0.003921
    2348       -0.003866
    2349       -0.004093
    2350       -0.004740
    2351       -0.005752
    2352       -0.006920
    2353       -0.008131
    2354       -0.009340
    2355       -0.010545
    2356       -0.011744
    2357       -0.012944
    2358       -0.014136
    2359       -0.015337
    2360       -0.016511
    2361       -0.017725
    2362       -0.018876
    2363       -0.020036
    2364       -0.021387
    2365       -0.021969
    2366       -0.021789
    2367       -0.021848
    2368       -0.021939
    2369       -0.021948
    2370       -0.021968
    2371       -0.021950
    2372       -0.021947
    2373       -0.021947
    2374       -0.021950
    2375       -0.021968
    2376       -0.021948
    2377       -0.021939
    2378       -0.021848
    2379       -0.021789
    2380       -0.021969
    2381       -0.021387
    2382       -0.020036
    2383       -0.018876
    2384       -0.017725
    2385       -0.016511
    2386       -0.015337
    2387       -0.014136
    2388       -0.012944
    2389       -0.011744
    2390       -0.010545
    2391       -0.009340
    2392       -0.008131
    2393       -0.006920
    2394       -0.005752
    2395       -0.004740
    2396       -0.004093
    2397       -0.003866
    2398       -0.003976
    2399       -0.004261
    2400       -0.004909
    2401       -0.005862
    2402       -0.006972
    2403       -0.008149
    2404       -0.009347
    2405       -0.010548
    2406       -0.011751
    2407       -0.012950
    2408       -0.014151
    2409       -0.015343
    2410       -0.016534
    2411       -0.017719
    2412       -0.018860
    2413       -0.019985
    2414       -0.021089
    2415       -0.021679
    2416       -0.021762
    2417       -0.021850
    2418       -0.021937
    2419       -0.021972
    2420       -0.021983
    2421       -0.021983
    2422       -0.021978
    2423       -0.021978
    2424       -0.021983
    2425       -0.021983
    2426       -0.021972
    2427       -0.021937
    2428       -0.021851
    2429       -0.021762
    2430       -0.021679
    2431       -0.021089
    2432       -0.019984
    2433       -0.018860
    2434       -0.017719
    2435       -0.016534
    2436       -0.015343
    2437       -0.014151
    2438       -0.012950
    2439       -0.011751
    2440       -0.010548
    2441       -0.009347
    2442       -0.008149
    2443       -0.006972
    2444       -0.005862
    2445       -0.004909
    2446       -0.004261
    2447       -0.003976
    2448       -0.004058
    2449       -0.004371
    2450       -0.005034
    2451       -0.005952
    2452       -0.007018
    2453       -0.008167
    2454       -0.009353
    2455       -0.010553
    2456       -0.011756
    2457       -0.012960
    2458       -0.014160
    2459       -0.015358
    2460       -0.016547
    2461       -0.017722
    2462       -0.018846
    2463       -0.019928
    2464       -0.020880
    2465       -0.021476
    2466       -0.021722
    2467       -0.021852
    2468       -0.021947
    2469       -0.021989
    2470       -0.022007
    2471       -0.022010
    2472       -0.022009
    2473       -0.022009
    2474       -0.022010
    2475       -0.022007
    2476       -0.021989
    2477       -0.021947
    2478       -0.021852
    2479       -0.021722
    2480       -0.021476
    2481       -0.020880
    2482       -0.019928
    2483       -0.018846
    2484       -0.017722
    2485       -0.016547
    2486       -0.015358
    2487       -0.014160
    2488       -0.012960
    2489       -0.011756
    2490       -0.010553
    2491       -0.009353
    2492       -0.008167
    2493       -0.007018
    2494       -0.005951
    2495       -0.005034
    2496       -0.004371
    2497       -0.004058
    2498       -0.004118
    2499       -0.004438
    2500       -0.005124
    2501       -0.006021
    2502       -0.007057
    2503       -0.008185
    2504       -0.009361
    2505       -0.010558
    2506       -0.011763
    2507       -0.012968
    2508       -0.014171
    2509       -0.015371
    2510       -0.016561
    2511       -0.017728
    2512       -0.018839
    2513       -0.019878
    2514       -0.020741
    2515       -0.021342
    2516       -0.021684
    2517       -0.021858
    2518       -0.021962
    2519       -0.022011
    2520       -0.022032
    2521       -0.022038
    2522       -0.022039
    2523       -0.022039
    2524       -0.022038
    2525       -0.022032
    2526       -0.022011
    2527       -0.021962
    2528       -0.021858
    2529       -0.021684
    2530       -0.021342
    2531       -0.020741
    2532       -0.019878
    2533       -0.018839
    2534       -0.017728
    2535       -0.016561
    2536       -0.015371
    2537       -0.014171
    2538       -0.012968
    2539       -0.011763
    2540       -0.010558
    2541       -0.009361
    2542       -0.008185
    2543       -0.007057
    2544       -0.006021
    2545       -0.005124
    2546       -0.004438
    2547       -0.004118
    2548       -0.004160
    2549       -0.004476
    2550       -0.005183
    2551       -0.006070
    2552       -0.007087
    2553       -0.008199
    2554       -0.009368
    2555       -0.010564
    2556       -0.011769
    2557       -0.012977
    2558       -0.014183
    2559       -0.015385
    2560       -0.016575
    2561       -0.017738
    2562       -0.018840
    2563       -0.019846
    2564       -0.020659
    2565       -0.021264
    2566       -0.021662
    2567       -0.021869
    2568       -0.021983
    2569       -0.022035
    2570       -0.022058
    2571       -0.022066
    2572       -0.022068
    2573       -0.022068
    2574       -0.022066
    2575       -0.022058
    2576       -0.022035
    2577       -0.021983
    2578       -0.021869
    2579       -0.021662
    2580       -0.021264
    2581       -0.020659
    2582       -0.019846
    2583       -0.018839
    2584       -0.017738
    2585       -0.016575
    2586       -0.015384
    2587       -0.014183
    2588       -0.012977
    2589       -0.011769
    2590       -0.010564
    2591       -0.009368
    2592       -0.008199
    2593       -0.007087
    2594       -0.006070
    2595       -0.005183
    2596       -0.004476
    2597       -0.004160
    2598       -0.004185
    2599       -0.004495
    2600       -0.005217
    2601       -0.006099
    2602       -0.007105
    2603       -0.008208
    2604       -0.009374
    2605       -0.010569
    2606       -0.011776
    2607       -0.012986
    2608       -0.014194
    2609       -0.015398
    2610       -0.016591
    2611       -0.017753
    2612       -0.018849
    2613       -0.019838
    2614       -0.020626
    2615       -0.021234
    2616       -0.021661
    2617       -0.021888
    2618       -0.022008
    2619       -0.022062
    2620       -0.022086
    2621       -0.022095
    2622       -0.022097
    2623       -0.022097
    2624       -0.022095
    2625       -0.022086
    2626       -0.022062
    2627       -0.022008
    2628       -0.021888
    2629       -0.021661
    2630       -0.021234
    2631       -0.020626
    2632       -0.019838
    2633       -0.018849
    2634       -0.017753
    2635       -0.016591
    2636       -0.015398
    2637       -0.014194
    2638       -0.012986
    2639       -0.011776
    2640       -0.010569
    2641       -0.009374
    2642       -0.008208
    2643       -0.007105
    2644       -0.006099
    2645       -0.005217
    2646       -0.004495
    2647       -0.004185
    2648       -0.004193
    2649       -0.004500
    2650       -0.005229
    2651       -0.006110
    2652       -0.007113
    2653       -0.008213
    2654       -0.009378
    2655       -0.010575
    2656       -0.011783
    2657       -0.012995
    2658       -0.014206
    2659       -0.015413
    2660       -0.016608
    2661       -0.017772
    2662       -0.018869
    2663       -0.019854
    2664       -0.020637
    2665       -0.021248
    2666       -0.021685
    2667       -0.021918
    2668       -0.022038
    2669       -0.022091
    2670       -0.022114
    2671       -0.022123
    2672       -0.022126
    2673       -0.022126
    2674       -0.022123
    2675       -0.022114
    2676       -0.022091
    2677       -0.022038
    2678       -0.021918
    2679       -0.021685
    2680       -0.021248
    2681       -0.020637
    2682       -0.019854
    2683       -0.018869
    2684       -0.017772
    2685       -0.016608
    2686       -0.015413
    2687       -0.014206
    2688       -0.012995
    2689       -0.011783
    2690       -0.010575
    2691       -0.009378
    2692       -0.008213
    2693       -0.007113
    2694       -0.006110
    2695       -0.005229
    2696       -0.004500
    2697       -0.004193
    2698       -0.004185
    2699       -0.004495
    2700       -0.005218
    2701       -0.006101
    2702       -0.007108
    2703       -0.008213
    2704       -0.009381
    2705       -0.010580
    2706       -0.011790
    2707       -0.013004
    2708       -0.014217
    2709       -0.015427
    2710       -0.016626
    2711       -0.017796
    2712       -0.018900
    2713       -0.019897
    2714       -0.020693
    2715       -0.021305
    2716       -0.021734
    2717       -0.021958
    2718       -0.022073
    2719       -0.022122
    2720       -0.022143
    2721       -0.022152
    2722       -0.022155
    2723       -0.022155
    2724       -0.022152
    2725       -0.022143
    2726       -0.022122
    2727       -0.022073
    2728       -0.021958
    2729       -0.021734
    2730       -0.021305
    2731       -0.020693
    2732       -0.019897
    2733       -0.018900
    2734       -0.017796
    2735       -0.016626
    2736       -0.015427
    2737       -0.014217
    2738       -0.013004
    2739       -0.011790
    2740       -0.010580
    2741       -0.009381
    2742       -0.008213
    2743       -0.007108
    2744       -0.006101
    2745       -0.005218
    2746       -0.004495
    2747       -0.004185
    2748       -0.004160
    2749       -0.004476
    2750       -0.005184
    2751       -0.006073
    2752       -0.007092
    2753       -0.008208
    2754       -0.009383
    2755       -0.010585
    2756       -0.011797
    2757       -0.013013
    2758       -0.014229
    2759       -0.015442
    2760       -0.016646
    2761       -0.017824
    2762       -0.018941
    2763       -0.019965
    2764       -0.020793
    2765       -0.021408
    2766       -0.021808
    2767       -0.022008
    2768       -0.022112
    2769       -0.022155
    2770       -0.022173
    2771       -0.022181
    2772       -0.022184
    2773       -0.022184
    2774       -0.022181
    2775       -0.022173
    2776       -0.022155
    2777       -0.022112
    2778       -0.022008
    2779       -0.021807
    2780       -0.021408
    2781       -0.020793
    2782       -0.019965
    2783       -0.018941
    2784       -0.017824
    2785       -0.016646
    2786       -0.015442
    2787       -0.014229
    2788       -0.013013
    2789       -0.011797
    2790       -0.010585
    2791       -0.009383
    2792       -0.008208
    2793       -0.007092
    2794       -0.006073
    2795       -0.005184
    2796       -0.004476
    2797       -0.004160
    2798       -0.004118
    2799       -0.004438
    2800       -0.005125
    2801       -0.006025
    2802       -0.007066
    2803       -0.008199
    2804       -0.009383
    2805       -0.010589
    2806       -0.011805
    2807       -0.013022
    2808       -0.014241
    2809       -0.015457
    2810       -0.016667
    2811       -0.017856
    2812       -0.018992
    2813       -0.020055
    2814       -0.020942
    2815       -0.021560
    2816       -0.021905
    2817       -0.022068
    2818       -0.022156
    2819       -0.022190
    2820       -0.022203
    2821       -0.022210
    2822       -0.022213
    2823       -0.022213
    2824       -0.022210
    2825       -0.022203
    2826       -0.022190
    2827       -0.022156
    2828       -0.022068
    2829       -0.021905
    2830       -0.021560
    2831       -0.020943
    2832       -0.020055
    2833       -0.018992
    2834       -0.017856
    2835       -0.016667
    2836       -0.015457
    2837       -0.014241
    2838       -0.013022
    2839       -0.011805
    2840       -0.010589
    2841       -0.009383
    2842       -0.008199
    2843       -0.007066
    2844       -0.006025
    2845       -0.005125
    2846       -0.004438
    2847       -0.004118
    2848       -0.004057
    2849       -0.004371
    2850       -0.005035
    2851       -0.005956
    2852       -0.007029
    2853       -0.008187
    2854       -0.009383
    2855       -0.010594
    2856       -0.011811
    2857       -0.013032
    2858       -0.014252
    2859       -0.015472
    2860       -0.016688
    2861       -0.017892
    2862       -0.019049
    2863       -0.020165
    2864       -0.021149
    2865       -0.021770
    2866       -0.022021
    2867       -0.022135
    2868       -0.022204
    2869       -0.022224
    2870       -0.022234
    2871       -0.022239
    2872       -0.022243
    2873       -0.022243
    2874       -0.022239
    2875       -0.022234
    2876       -0.022224
    2877       -0.022204
    2878       -0.022135
    2879       -0.022021
    2880       -0.021770
    2881       -0.021149
    2882       -0.020165
    2883       -0.019049
    2884       -0.017892
    2885       -0.016688
    2886       -0.015472
    2887       -0.014252
    2888       -0.013032
    2889       -0.011811
    2890       -0.010594
    2891       -0.009383
    2892       -0.008187
    2893       -0.007029
    2894       -0.005956
    2895       -0.005035
    2896       -0.004371
    2897       -0.004057
    2898       -0.003975
    2899       -0.004260
    2900       -0.004910
    2901       -0.005867
    2902       -0.006985
    2903       -0.008172
    2904       -0.009383
    2905       -0.010599
    2906       -0.011819
    2907       -0.013040
    2908       -0.014265
    2909       -0.015486
    2910       -0.016709
    2911       -0.017930
    2912       -0.019113
    2913       -0.020281
    2914       -0.021428
    2915       -0.022052
    2916       -0.022145
    2917       -0.022209
    2918       -0.022254
    2919       -0.022258
    2920       -0.022263
    2921       -0.022270
    2922       -0.022272
    2923       -0.022272
    2924       -0.022270
    2925       -0.022263
    2926       -0.022258
    2927       -0.022254
    2928       -0.022209
    2929       -0.022145
    2930       -0.022052
    2931       -0.021428
    2932       -0.020281
    2933       -0.019113
    2934       -0.017931
    2935       -0.016709
    2936       -0.015486
    2937       -0.014265
    2938       -0.013040
    2939       -0.011819
    2940       -0.010599
    2941       -0.009383
    2942       -0.008172
    2943       -0.006985
    2944       -0.005867
    2945       -0.004910
    2946       -0.004260
    2947       -0.003975
    2948       -0.003864
    2949       -0.004091
    2950       -0.004740
    2951       -0.005758
    2952       -0.006935
    2953       -0.008158
    2954       -0.009382
    2955       -0.010605
    2956       -0.011825
    2957       -0.013050
    2958       -0.014272
    2959       -0.015507
    2960       -0.016720
    2961       -0.017978
    2962       -0.019178
    2963       -0.020390
    2964       -0.021794
    2965       -0.022425
    2966       -0.022264
    2967       -0.022286
    2968       -0.022313
    2969       -0.022281
    2970       -0.022299
    2971       -0.022296
    2972       -0.022304
    2973       -0.022304
    2974       -0.022296
    2975       -0.022299
    2976       -0.022281
    2977       -0.022313
    2978       -0.022286
    2979       -0.022264
    2980       -0.022425
    2981       -0.021794
    2982       -0.020390
    2983       -0.019178
    2984       -0.017978
    2985       -0.016720
    2986       -0.015507
    2987       -0.014272
    2988       -0.013050
    2989       -0.011825
    2990       -0.010605
    2991       -0.009382
    2992       -0.008158
    2993       -0.006935
    2994       -0.005758
    2995       -0.004740
    2996       -0.004091
    2997       -0.003864
    2998       -0.003713
    2999       -0.003841
    3000       -0.004521
    3001       -0.005628
    3002       -0.006886
    3003       -0.008146
    3004       -0.009384
    3005       -0.010609
    3006       -0.011833
    3007       -0.013057
    3008       -0.014286
    3009       -0.015513
    3010       -0.016757
    3011       -0.017976
    3012       -0.019312
    3013       -0.020417
    3014       -0.022295
    3015       -0.022930
    3016       -0.022301
    3017       -0.022434
    3018       -0.022322
    3019       -0.022330
    3020       -0.022320
    3021       -0.022329
    3022       -0.022334
    3023       -0.022334
    3024       -0.022329
    3025       -0.022320
    3026       -0.022330
    3027       -0.022322
    3028       -0.022434
    3029       -0.022301
    3030       -0.022930
    3031       -0.022295
    3032       -0.020417
    3033       -0.019312
    3034       -0.017976
    3035       -0.016757
    3036       -0.015513
    3037       -0.014286
    3038       -0.013057
    3039       -0.011833
    3040       -0.010609
    3041       -0.009384
    3042       -0.008146
    3043       -0.006886
    3044       -0.005628
    3045       -0.004521
    3046       -0.003841
    3047       -0.003713
    3048       -0.003721
    3049       -0.003809
    3050       -0.004432
    3051       -0.005573
    3052       -0.006869
    3053       -0.008147
    3054       -0.009390
    3055       -0.010616
    3056       -0.011840
    3057       -0.013066
    3058       -0.014295
    3059       -0.015528
    3060       -0.016765
    3061       -0.018020
    3062       -0.019274
    3063       -0.020671
    3064       -0.022390
    3065       -0.023026
    3066       -0.022565
    3067       -0.022407
    3068       -0.022378
    3069       -0.022349
    3070       -0.022349
    3071       -0.022357
    3072       -0.022364
    3073       -0.022364
    3074       -0.022357
    3075       -0.022349
    3076       -0.022349
    3077       -0.022378
    3078       -0.022407
    3079       -0.022565
    3080       -0.023026
    3081       -0.022390
    3082       -0.020671
    3083       -0.019274
    3084       -0.018020
    3085       -0.016765
    3086       -0.015528
    3087       -0.014295
    3088       -0.013066
    3089       -0.011840
    3090       -0.010616
    3091       -0.009390
    3092       -0.008147
    3093       -0.006869
    3094       -0.005573
    3095       -0.004432
    3096       -0.003809
    3097       -0.003721
    3098       -0.003771
    3099       -0.003701
    3100       -0.003737
    3101       -0.003669
    3102       -0.003553
    3103       -0.003499
    3104       -0.003217
    3105       -0.003174
    3106       -0.002834
    3107       -0.002814
    3108       -0.002455
    3109       -0.002448
    3110       -0.002088
    3111       -0.002086
    3112       -0.001726
    3113       -0.001726
    3114       -0.001368
    3115       -0.001367
    3116       -0.001009
    3117       -0.001007
    3118       -0.000654
    3119       -0.000652
    3120       -0.000295
    3121       -0.000289
    3122        0.000056
    3123        0.000053
    3124        0.000423
    3125        0.000430
    3126        0.000766
    3127        0.000771
    3128        0.001189
    3129        0.001001
    3130        0.001648
    3131        0.002160
    3132        0.001815
    3133        0.002330
    3134        0.001701
    3135        0.001519
    3136        0.001645
    3137        0.001658
    3138        0.001685
    3139        0.001694
    3140        0.001688
    3141        0.001685
    3142        0.001688
    3143        0.001697
    3144        0.001679
    3145        0.001687
    3146        0.001677
    3147        0.001687
    3148        0.001677
    3149        0.001687
    3150        0.001679
    3151        0.001687
    3152        0.001688
    3153        0.001697
    3154        0.001688
    3155        0.001685
    3156        0.001685
    3157        0.001694
    3158        0.001645
    3159        0.001658
    3160        0.001701
    3161        0.001519
    3162        0.001815
    3163        0.002330
    3164        0.001648
    3165        0.002160
    3166        0.001189
    3167        0.001000
    3168        0.000766
    3169        0.000771
    3170        0.000423
    3171        0.000430
    3172        0.000056
    3173        0.000053
    3174       -0.000295
    3175       -0.000289
    3176       -0.000654
    3177       -0.000652
    3178       -0.001007
    3179       -0.001010
    3180       -0.001367
    3181       -0.001368
    3182       -0.001726
    3183       -0.001726
    3184       -0.002086
    3185       -0.002088
    3186       -0.002448
    3187       -0.002455
    3188       -0.002834
    3189       -0.002814
    3190       -0.003217
    3191       -0.003174
    3192       -0.003553
    3193       -0.003499
    3194       -0.003737
    3195       -0.003669
    3196       -0.003771
    3197       -0.003701


                                                      SUMMARY INFORMATION
                                                  _________________________

                                                         Min/Max Values
    -Source ID--Entity ID---Sub ID----X Component--
Min:     1       1450          0        -0.043123
Max:     1        629          0         0.021614

