




                       MSC.Patran 25.0.638960 Wed Mar 13 09:21:55 PDT 2019 - Analysis Code: MSC.Nastran 
                                             Load Case: Default, A1:Static Subcase 
                                         Result Strain Tensor,  - Layer (NON-LAYERED) 
                                                     Entity: Element Tensor


-Entity ID--X Component--
       1        0.000135
       2        0.000186
       3       -0.000379
       4       -0.001511
       5       -0.002812
       6       -0.004088
       7       -0.005318
       8       -0.006524
       9       -0.007723
      10       -0.008919
      11       -0.010113
      12       -0.011305
      13       -0.012495
      14       -0.013696
      15       -0.014886
      16       -0.016218
      17       -0.017886
      18       -0.018455
      19       -0.017948
      20       -0.017846
      21       -0.017923
      22       -0.017951
      23       -0.017944
      24       -0.017925
      25       -0.017917
      26       -0.017917
      27       -0.017925
      28       -0.017944
      29       -0.017951
      30       -0.017923
      31       -0.017846
      32       -0.017948
      33       -0.018457
      34       -0.017883
      35       -0.016218
      36       -0.014886
      37       -0.013696
      38       -0.012495
      39       -0.011305
      40       -0.010113
      41       -0.008919
      42       -0.007723
      43       -0.006524
      44       -0.005318
      45       -0.004088
      46       -0.002812
      47       -0.001511
      48       -0.000379
      49        0.000186
      50        0.000135
      51        0.000042
      52       -0.000210
      53       -0.001134
      54       -0.002364
      55       -0.003573
      56       -0.004679
      57       -0.005724
      58       -0.006743
      59       -0.007753
      60       -0.008759
      61       -0.009765
      62       -0.010770
      63       -0.011778
      64       -0.012813
      65       -0.013823
      66       -0.015174
      67       -0.016157
      68       -0.016617
      69       -0.016597
      70       -0.016237
      71       -0.016258
      72       -0.016214
      73       -0.016174
      74       -0.016153
      75       -0.016147
      76       -0.016147
      77       -0.016153
      78       -0.016174
      79       -0.016214
      80       -0.016258
      81       -0.016237
      82       -0.016597
      83       -0.016619
      84       -0.016155
      85       -0.015173
      86       -0.013823
      87       -0.012813
      88       -0.011778
      89       -0.010770
      90       -0.009765
      91       -0.008759
      92       -0.007753
      93       -0.006743
      94       -0.005724
      95       -0.004679
      96       -0.003573
      97       -0.002364
      98       -0.001134
      99       -0.000210
     100        0.000042
     101       -0.000266
     102       -0.001178
     103       -0.002713
     104       -0.004111
     105       -0.005116
     106       -0.005876
     107       -0.006542
     108       -0.007180
     109       -0.007808
     110       -0.008433
     111       -0.009058
     112       -0.009687
     113       -0.010323
     114       -0.011014
     115       -0.011649
     116       -0.013031
     117       -0.012647
     118       -0.012913
     119       -0.013831
     120       -0.012969
     121       -0.012879
     122       -0.012705
     123       -0.012610
     124       -0.012583
     125       -0.012583
     126       -0.012583
     127       -0.012583
     128       -0.012610
     129       -0.012705
     130       -0.012879
     131       -0.012969
     132       -0.013832
     133       -0.012914
     134       -0.012647
     135       -0.013030
     136       -0.011649
     137       -0.011014
     138       -0.010323
     139       -0.009687
     140       -0.009058
     141       -0.008433
     142       -0.007808
     143       -0.007180
     144       -0.006542
     145       -0.005876
     146       -0.005116
     147       -0.004111
     148       -0.002713
     149       -0.001178
     150       -0.000266
     151       -0.000562
     152       -0.002153
     153       -0.004343
     154       -0.005899
     155       -0.006679
     156       -0.007077
     157       -0.007363
     158       -0.007618
     159       -0.007864
     160       -0.008105
     161       -0.008354
     162       -0.008595
     163       -0.008886
     164       -0.009143
     165       -0.009644
     166       -0.010312
     167       -0.009647
     168       -0.009739
     169       -0.010502
     170       -0.009873
     171       -0.009422
     172       -0.009201
     173       -0.009030
     174       -0.009017
     175       -0.009019
     176       -0.009019
     177       -0.009017
     178       -0.009030
     179       -0.009201
     180       -0.009422
     181       -0.009873
     182       -0.010502
     183       -0.009739
     184       -0.009646
     185       -0.010312
     186       -0.009643
     187       -0.009143
     188       -0.008886
     189       -0.008595
     190       -0.008354
     191       -0.008105
     192       -0.007864
     193       -0.007618
     194       -0.007363
     195       -0.007077
     196       -0.006679
     197       -0.005899
     198       -0.004343
     199       -0.002154
     200       -0.000562
     201       -0.000887
     202       -0.003245
     203       -0.006120
     204       -0.007762
     205       -0.008261
     206       -0.008283
     207       -0.008186
     208       -0.008058
     209       -0.007918
     210       -0.007781
     211       -0.007642
     212       -0.007519
     213       -0.007410
     214       -0.007339
     215       -0.007478
     216       -0.007593
     217       -0.006787
     218       -0.006716
     219       -0.007211
     220       -0.006630
     221       -0.006011
     222       -0.005627
     223       -0.005457
     224       -0.005449
     225       -0.005456
     226       -0.005456
     227       -0.005449
     228       -0.005457
     229       -0.005627
     230       -0.006011
     231       -0.006630
     232       -0.007211
     233       -0.006716
     234       -0.006787
     235       -0.007593
     236       -0.007478
     237       -0.007339
     238       -0.007410
     239       -0.007519
     240       -0.007642
     241       -0.007781
     242       -0.007918
     243       -0.008058
     244       -0.008186
     245       -0.008283
     246       -0.008261
     247       -0.007762
     248       -0.006120
     249       -0.003245
     250       -0.000887
     251       -0.001286
     252       -0.004585
     253       -0.008144
     254       -0.009726
     255       -0.009860
     256       -0.009491
     257       -0.009012
     258       -0.008496
     259       -0.007975
     260       -0.007452
     261       -0.006936
     262       -0.006430
     263       -0.005943
     264       -0.005517
     265       -0.005239
     266       -0.004896
     267       -0.003978
     268       -0.003759
     269       -0.004010
     270       -0.003346
     271       -0.002535
     272       -0.002002
     273       -0.001878
     274       -0.001884
     275       -0.001893
     276       -0.001893
     277       -0.001884
     278       -0.001878
     279       -0.002002
     280       -0.002535
     281       -0.003346
     282       -0.004011
     283       -0.003759
     284       -0.003978
     285       -0.004896
     286       -0.005239
     287       -0.005517
     288       -0.005943
     289       -0.006430
     290       -0.006936
     291       -0.007452
     292       -0.007975
     293       -0.008496
     294       -0.009012
     295       -0.009491
     296       -0.009860
     297       -0.009726
     298       -0.008144
     299       -0.004585
     300       -0.001286
     301       -0.001831
     302       -0.006354
     303       -0.010512
     304       -0.011798
     305       -0.011466
     306       -0.010707
     307       -0.009837
     308       -0.008936
     309       -0.008028
     310       -0.007127
     311       -0.006226
     312       -0.005340
     313       -0.004476
     314       -0.003673
     315       -0.002960
     316       -0.002202
     317       -0.001190
     318       -0.000792
     319       -0.000913
     320       -0.000168
     321        0.001160
     322        0.001648
     323        0.001702
     324        0.001678
     325        0.001669
     326        0.001669
     327        0.001678
     328        0.001702
     329        0.001648
     330        0.001160
     331       -0.000168
     332       -0.000913
     333       -0.000792
     334       -0.001190
     335       -0.002202
     336       -0.002959
     337       -0.003673
     338       -0.004476
     339       -0.005340
     340       -0.006226
     341       -0.007127
     342       -0.008028
     343       -0.008936
     344       -0.009837
     345       -0.010707
     346       -0.011466
     347       -0.011798
     348       -0.010512
     349       -0.006354
     350       -0.001831
     351       -0.002650
     352       -0.008791
     353       -0.013326
     354       -0.013928
     355       -0.013087
     356       -0.011920
     357       -0.010673
     358       -0.009366
     359       -0.008089
     360       -0.006794
     361       -0.005519
     362       -0.004246
     363       -0.003005
     364       -0.001813
     365       -0.000658
     366        0.000501
     367        0.001626
     368        0.002187
     369        0.002221
     370        0.002591
     371        0.005221
     372        0.005354
     373        0.005295
     374        0.005233
     375        0.005234
     376        0.005234
     377        0.005233
     378        0.005295
     379        0.005354
     380        0.005221
     381        0.002591
     382        0.002221
     383        0.002187
     384        0.001626
     385        0.000501
     386       -0.000657
     387       -0.001813
     388       -0.003005
     389       -0.004246
     390       -0.005519
     391       -0.006794
     392       -0.008089
     393       -0.009366
     394       -0.010673
     395       -0.011920
     396       -0.013087
     397       -0.013928
     398       -0.013326
     399       -0.008791
     400       -0.002650
     401       -0.003901
     402       -0.012356
     403       -0.016529
     404       -0.016106
     405       -0.014666
     406       -0.013196
     407       -0.011461
     408       -0.009827
     409       -0.008130
     410       -0.006472
     411       -0.004805
     412       -0.003155
     413       -0.001524
     414        0.000055
     415        0.001654
     416        0.003235
     417        0.004489
     418        0.005239
     419        0.005394
     420        0.005129
     421        0.009433
     422        0.009132
     423        0.008862
     424        0.008797
     425        0.008799
     426        0.008799
     427        0.008797
     428        0.008862
     429        0.009132
     430        0.009433
     431        0.005129
     432        0.005394
     433        0.005239
     434        0.004489
     435        0.003235
     436        0.001654
     437        0.000055
     438       -0.001524
     439       -0.003155
     440       -0.004805
     441       -0.006472
     442       -0.008130
     443       -0.009827
     444       -0.011461
     445       -0.013196
     446       -0.014666
     447       -0.016106
     448       -0.016529
     449       -0.012356
     450       -0.003901
     451       -0.006403
     452       -0.017284
     453       -0.020285
     454       -0.017894
     455       -0.016546
     456       -0.014295
     457       -0.012348
     458       -0.010234
     459       -0.008198
     460       -0.006137
     461       -0.004093
     462       -0.002063
     463       -0.000036
     464        0.001937
     465        0.003943
     466        0.006030
     467        0.007406
     468        0.008445
     469        0.008607
     470        0.007800
     471        0.013569
     472        0.012848
     473        0.012373
     474        0.012389
     475        0.012351
     476        0.012351
     477        0.012389
     478        0.012373
     479        0.012848
     480        0.013569
     481        0.007800
     482        0.008607
     483        0.008445
     484        0.007406
     485        0.006030
     486        0.003943
     487        0.001937
     488       -0.000036
     489       -0.002063
     490       -0.004093
     491       -0.006137
     492       -0.008198
     493       -0.010234
     494       -0.012348
     495       -0.014295
     496       -0.016546
     497       -0.017894
     498       -0.020285
     499       -0.017284
     500       -0.006403
     501       -0.009563
     502       -0.026203
     503       -0.022215
     504       -0.020630
     505       -0.017975
     506       -0.015606
     507       -0.013134
     508       -0.010683
     509       -0.008246
     510       -0.005805
     511       -0.003383
     512       -0.000960
     513        0.001433
     514        0.003859
     515        0.006187
     516        0.008833
     517        0.010533
     518        0.011703
     519        0.012140
     520        0.010528
     521        0.017667
     522        0.016233
     523        0.015976
     524        0.015950
     525        0.015904
     526        0.015904
     527        0.015950
     528        0.015976
     529        0.016233
     530        0.017667
     531        0.010528
     532        0.012140
     533        0.011703
     534        0.010533
     535        0.008832
     536        0.006187
     537        0.003859
     538        0.001433
     539       -0.000959
     540       -0.003383
     541       -0.005805
     542       -0.008246
     543       -0.010683
     544       -0.013134
     545       -0.015606
     546       -0.017975
     547       -0.020630
     548       -0.022215
     549       -0.026203
     550       -0.009563
     551       -0.028397
     552       -0.030861
     553       -0.025720
     554       -0.022754
     555       -0.019594
     556       -0.016866
     557       -0.013919
     558       -0.011143
     559       -0.008282
     560       -0.005481
     561       -0.002664
     562        0.000134
     563        0.002931
     564        0.005718
     565        0.008574
     566        0.011350
     567        0.014062
     568        0.015309
     569        0.015365
     570        0.014513
     571        0.020641
     572        0.019596
     573        0.019620
     574        0.019480
     575        0.019459
     576        0.019459
     577        0.019480
     578        0.019620
     579        0.019596
     580        0.020641
     581        0.014513
     582        0.015365
     583        0.015309
     584        0.014062
     585        0.011350
     586        0.008574
     587        0.005718
     588        0.002931
     589        0.000134
     590       -0.002664
     591       -0.005481
     592       -0.008282
     593       -0.011143
     594       -0.013919
     595       -0.016866
     596       -0.019594
     597       -0.022754
     598       -0.025720
     599       -0.030861
     600       -0.028397
     601       -0.043673
     602       -0.032194
     603       -0.028116
     604       -0.023471
     605       -0.020655
     606       -0.017341
     607       -0.014381
     608       -0.011299
     609       -0.008285
     610       -0.005251
     611       -0.002234
     612        0.000777
     613        0.003806
     614        0.006803
     615        0.009922
     616        0.012910
     617        0.015943
     618        0.017368
     619        0.017209
     620        0.017550
     621        0.020913
     622        0.021026
     623        0.020950
     624        0.020876
     625        0.020847
     626        0.020847
     627        0.020876
     628        0.020950
     629        0.021026
     630        0.020913
     631        0.017550
     632        0.017209
     633        0.017368
     634        0.015943
     635        0.012910
     636        0.009922
     637        0.006803
     638        0.003806
     639        0.000777
     640       -0.002234
     641       -0.005251
     642       -0.008285
     643       -0.011299
     644       -0.014381
     645       -0.017341
     646       -0.020655
     647       -0.023471
     648       -0.028116
     649       -0.032194
     650       -0.043673
     651       -0.043552
     652       -0.032711
     653       -0.027996
     654       -0.023603
     655       -0.020624
     656       -0.017327
     657       -0.014302
     658       -0.011176
     659       -0.008095
     660       -0.004987
     661       -0.001880
     662        0.001235
     663        0.004380
     664        0.007521
     665        0.010766
     666        0.013960
     667        0.017113
     668        0.018738
     669        0.018916
     670        0.018963
     671        0.018770
     672        0.018869
     673        0.018977
     674        0.019009
     675        0.019035
     676        0.019035
     677        0.019009
     678        0.018977
     679        0.018869
     680        0.018770
     681        0.018963
     682        0.018916
     683        0.018738
     684        0.017113
     685        0.013960
     686        0.010766
     687        0.007521
     688        0.004380
     689        0.001235
     690       -0.001880
     691       -0.004987
     692       -0.008095
     693       -0.011176
     694       -0.014302
     695       -0.017327
     696       -0.020624
     697       -0.023603
     698       -0.027996
     699       -0.032711
     700       -0.043552
     701       -0.040944
     702       -0.035859
     703       -0.026495
     704       -0.024320
     705       -0.020334
     706       -0.017464
     707       -0.014288
     708       -0.011258
     709       -0.008177
     710       -0.005119
     711       -0.002052
     712        0.001021
     713        0.004080
     714        0.007236
     715        0.010223
     716        0.013711
     717        0.016240
     718        0.017790
     719        0.018295
     720        0.018363
     721        0.019635
     722        0.019976
     723        0.019908
     724        0.019922
     725        0.019911
     726        0.019911
     727        0.019922
     728        0.019908
     729        0.019976
     730        0.019635
     731        0.018363
     732        0.018295
     733        0.017790
     734        0.016240
     735        0.013711
     736        0.010223
     737        0.007236
     738        0.004080
     739        0.001021
     740       -0.002052
     741       -0.005119
     742       -0.008177
     743       -0.011258
     744       -0.014288
     745       -0.017464
     746       -0.020334
     747       -0.024320
     748       -0.026495
     749       -0.035859
     750       -0.040944
     751       -0.043359
     752       -0.032606
     753       -0.027931
     754       -0.023566
     755       -0.020618
     756       -0.017356
     757       -0.014373
     758       -0.011298
     759       -0.008278
     760       -0.005244
     761       -0.002223
     762        0.000792
     763        0.003821
     764        0.006832
     765        0.009932
     766        0.012973
     767        0.015943
     768        0.017379
     769        0.017284
     770        0.017611
     771        0.020818
     772        0.020971
     773        0.020884
     774        0.020820
     775        0.020790
     776        0.020790
     777        0.020820
     778        0.020884
     779        0.020971
     780        0.020818
     781        0.017611
     782        0.017284
     783        0.017378
     784        0.015943
     785        0.012973
     786        0.009932
     787        0.006832
     788        0.003821
     789        0.000792
     790       -0.002223
     791       -0.005244
     792       -0.008278
     793       -0.011298
     794       -0.014373
     795       -0.017356
     796       -0.020618
     797       -0.023566
     798       -0.027931
     799       -0.032606
     800       -0.043359
     801        0.000137
     802        0.000191
     803       -0.000376
     804       -0.001516
     805       -0.002827
     806       -0.004116
     807       -0.005362
     808       -0.006587
     809       -0.007808
     810       -0.009030
     811       -0.010255
     812       -0.011484
     813       -0.012715
     814       -0.013964
     815       -0.015207
     816       -0.016595
     817       -0.018323
     818       -0.018953
     819       -0.018473
     820       -0.018317
     821       -0.018295
     822       -0.018269
     823       -0.018269
     824       -0.018274
     825       -0.018280
     826       -0.018280
     827       -0.018274
     828       -0.018269
     829       -0.018269
     830       -0.018294
     831       -0.018317
     832       -0.018473
     833       -0.018953
     834       -0.018323
     835       -0.016595
     836       -0.015207
     837       -0.013964
     838       -0.012715
     839       -0.011484
     840       -0.010255
     841       -0.009030
     842       -0.007808
     843       -0.006587
     844       -0.005362
     845       -0.004116
     846       -0.002827
     847       -0.001516
     848       -0.000376
     849        0.000191
     850        0.000137
     851        0.000044
     852       -0.000206
     853       -0.001133
     854       -0.002369
     855       -0.003586
     856       -0.004701
     857       -0.005757
     858       -0.006789
     859       -0.007815
     860       -0.008839
     861       -0.009867
     862       -0.010898
     863       -0.011935
     864       -0.013004
     865       -0.014050
     866       -0.015443
     867       -0.016468
     868       -0.016983
     869       -0.017021
     870       -0.016657
     871       -0.016635
     872       -0.016591
     873       -0.016588
     874       -0.016592
     875       -0.016596
     876       -0.016596
     877       -0.016592
     878       -0.016588
     879       -0.016591
     880       -0.016635
     881       -0.016656
     882       -0.017021
     883       -0.016983
     884       -0.016467
     885       -0.015443
     886       -0.014051
     887       -0.013004
     888       -0.011935
     889       -0.010898
     890       -0.009867
     891       -0.008839
     892       -0.007815
     893       -0.006789
     894       -0.005757
     895       -0.004701
     896       -0.003586
     897       -0.002370
     898       -0.001133
     899       -0.000206
     900        0.000044
     901       -0.000265
     902       -0.001176
     903       -0.002716
     904       -0.004118
     905       -0.005128
     906       -0.005890
     907       -0.006559
     908       -0.007202
     909       -0.007834
     910       -0.008465
     911       -0.009097
     912       -0.009736
     913       -0.010380
     914       -0.011083
     915       -0.011730
     916       -0.013129
     917       -0.012758
     918       -0.013073
     919       -0.014105
     920       -0.013340
     921       -0.013321
     922       -0.013251
     923       -0.013246
     924       -0.013248
     925       -0.013251
     926       -0.013251
     927       -0.013248
     928       -0.013246
     929       -0.013251
     930       -0.013321
     931       -0.013340
     932       -0.014105
     933       -0.013073
     934       -0.012758
     935       -0.013130
     936       -0.011730
     937       -0.011083
     938       -0.010381
     939       -0.009736
     940       -0.009097
     941       -0.008465
     942       -0.007834
     943       -0.007202
     944       -0.006559
     945       -0.005890
     946       -0.005128
     947       -0.004118
     948       -0.002716
     949       -0.001176
     950       -0.000265
     951       -0.000563
     952       -0.002154
     953       -0.004349
     954       -0.005908
     955       -0.006688
     956       -0.007083
     957       -0.007364
     958       -0.007615
     959       -0.007855
     960       -0.008089
     961       -0.008331
     962       -0.008564
     963       -0.008845
     964       -0.009090
     965       -0.009579
     966       -0.010240
     967       -0.009560
     968       -0.009685
     969       -0.010613
     970       -0.010194
     971       -0.009935
     972       -0.009930
     973       -0.009896
     974       -0.009907
     975       -0.009905
     976       -0.009905
     977       -0.009907
     978       -0.009896
     979       -0.009930
     980       -0.009935
     981       -0.010194
     982       -0.010613
     983       -0.009685
     984       -0.009560
     985       -0.010240
     986       -0.009579
     987       -0.009090
     988       -0.008845
     989       -0.008564
     990       -0.008331
     991       -0.008089
     992       -0.007855
     993       -0.007615
     994       -0.007364
     995       -0.007083
     996       -0.006688
     997       -0.005908
     998       -0.004349
     999       -0.002154
    1000       -0.000563
    1001       -0.000890
    1002       -0.003247
    1003       -0.006130
    1004       -0.007775
    1005       -0.008268
    1006       -0.008281
    1007       -0.008171
    1008       -0.008029
    1009       -0.007873
    1010       -0.007717
    1011       -0.007556
    1012       -0.007408
    1013       -0.007269
    1014       -0.007165
    1015       -0.007268
    1016       -0.007350
    1017       -0.006507
    1018       -0.006431
    1019       -0.007125
    1020       -0.006884
    1021       -0.006618
    1022       -0.006568
    1023       -0.006562
    1024       -0.006560
    1025       -0.006561
    1026       -0.006561
    1027       -0.006560
    1028       -0.006562
    1029       -0.006568
    1030       -0.006618
    1031       -0.006884
    1032       -0.007125
    1033       -0.006431
    1034       -0.006507
    1035       -0.007350
    1036       -0.007268
    1037       -0.007165
    1038       -0.007269
    1039       -0.007408
    1040       -0.007556
    1041       -0.007717
    1042       -0.007873
    1043       -0.008029
    1044       -0.008171
    1045       -0.008281
    1046       -0.008268
    1047       -0.007775
    1048       -0.006130
    1049       -0.003247
    1050       -0.000890
    1051       -0.001289
    1052       -0.004592
    1053       -0.008160
    1054       -0.009742
    1055       -0.009866
    1056       -0.009481
    1057       -0.008982
    1058       -0.008443
    1059       -0.007895
    1060       -0.007341
    1061       -0.006788
    1062       -0.006239
    1063       -0.005704
    1064       -0.005222
    1065       -0.004884
    1066       -0.004479
    1067       -0.003510
    1068       -0.003234
    1069       -0.003652
    1070       -0.003502
    1071       -0.003283
    1072       -0.003220
    1073       -0.003218
    1074       -0.003217
    1075       -0.003214
    1076       -0.003214
    1077       -0.003217
    1078       -0.003218
    1079       -0.003220
    1080       -0.003283
    1081       -0.003502
    1082       -0.003652
    1083       -0.003234
    1084       -0.003510
    1085       -0.004479
    1086       -0.004884
    1087       -0.005222
    1088       -0.005704
    1089       -0.006239
    1090       -0.006788
    1091       -0.007341
    1092       -0.007895
    1093       -0.008443
    1094       -0.008982
    1095       -0.009481
    1096       -0.009866
    1097       -0.009742
    1098       -0.008160
    1099       -0.004592
    1100       -0.001289
    1101       -0.001837
    1102       -0.006367
    1103       -0.010537
    1104       -0.011819
    1105       -0.011470
    1106       -0.010689
    1107       -0.009793
    1108       -0.008860
    1109       -0.007914
    1110       -0.006969
    1111       -0.006017
    1112       -0.005071
    1113       -0.004139
    1114       -0.003260
    1115       -0.002460
    1116       -0.001616
    1117       -0.000526
    1118       -0.000045
    1119       -0.000181
    1120       -0.000076
    1121        0.000071
    1122        0.000124
    1123        0.000124
    1124        0.000126
    1125        0.000133
    1126        0.000133
    1127        0.000126
    1128        0.000124
    1129        0.000124
    1130        0.000071
    1131       -0.000076
    1132       -0.000181
    1133       -0.000045
    1134       -0.000526
    1135       -0.001616
    1136       -0.002460
    1137       -0.003260
    1138       -0.004139
    1139       -0.005071
    1140       -0.006017
    1141       -0.006969
    1142       -0.007914
    1143       -0.008860
    1144       -0.009793
    1145       -0.010689
    1146       -0.011470
    1147       -0.011819
    1148       -0.010537
    1149       -0.006367
    1150       -0.001837
    1151       -0.002661
    1152       -0.008813
    1153       -0.013362
    1154       -0.013954
    1155       -0.013090
    1156       -0.011895
    1157       -0.010614
    1158       -0.009268
    1159       -0.007942
    1160       -0.006591
    1161       -0.005250
    1162       -0.003901
    1163       -0.002572
    1164       -0.001282
    1165       -0.000015
    1166        0.001261
    1167        0.002477
    1168        0.003167
    1169        0.003311
    1170        0.003375
    1171        0.003437
    1172        0.003466
    1173        0.003463
    1174        0.003470
    1175        0.003483
    1176        0.003483
    1177        0.003470
    1178        0.003463
    1179        0.003466
    1180        0.003437
    1181        0.003375
    1182        0.003311
    1183        0.003167
    1184        0.002477
    1185        0.001261
    1186       -0.000015
    1187       -0.001282
    1188       -0.002572
    1189       -0.003901
    1190       -0.005250
    1191       -0.006591
    1192       -0.007942
    1193       -0.009268
    1194       -0.010614
    1195       -0.011895
    1196       -0.013090
    1197       -0.013954
    1198       -0.013362
    1199       -0.008813
    1200       -0.002661
    1201       -0.003918
    1202       -0.012395
    1203       -0.016580
    1204       -0.016138
    1205       -0.014669
    1206       -0.013165
    1207       -0.011390
    1208       -0.009707
    1209       -0.007952
    1210       -0.006225
    1211       -0.004477
    1212       -0.002734
    1213       -0.000997
    1214        0.000703
    1215        0.002432
    1216        0.004169
    1217        0.005532
    1218        0.006437
    1219        0.006851
    1220        0.006835
    1221        0.006807
    1222        0.006804
    1223        0.006798
    1224        0.006817
    1225        0.006836
    1226        0.006836
    1227        0.006817
    1228        0.006798
    1229        0.006804
    1230        0.006807
    1231        0.006835
    1232        0.006851
    1233        0.006437
    1234        0.005532
    1235        0.004169
    1236        0.002432
    1237        0.000703
    1238       -0.000997
    1239       -0.002734
    1240       -0.004477
    1241       -0.006225
    1242       -0.007952
    1243       -0.009707
    1244       -0.011390
    1245       -0.013165
    1246       -0.014669
    1247       -0.016138
    1248       -0.016580
    1249       -0.012395
    1250       -0.003918
    1251       -0.006435
    1252       -0.017349
    1253       -0.020355
    1254       -0.017930
    1255       -0.016551
    1256       -0.014259
    1257       -0.012264
    1258       -0.010093
    1259       -0.007989
    1260       -0.005847
    1261       -0.003709
    1262       -0.001570
    1263        0.000584
    1264        0.002696
    1265        0.004863
    1266        0.007120
    1267        0.008678
    1268        0.009810
    1269        0.010452
    1270        0.010293
    1271        0.010172
    1272        0.010133
    1273        0.010125
    1274        0.010171
    1275        0.010191
    1276        0.010191
    1277        0.010171
    1278        0.010125
    1279        0.010133
    1280        0.010172
    1281        0.010293
    1282        0.010452
    1283        0.009810
    1284        0.008678
    1285        0.007120
    1286        0.004863
    1287        0.002696
    1288        0.000584
    1289       -0.001570
    1290       -0.003709
    1291       -0.005847
    1292       -0.007989
    1293       -0.010093
    1294       -0.012264
    1295       -0.014259
    1296       -0.016551
    1297       -0.017930
    1298       -0.020355
    1299       -0.017349
    1300       -0.006435
    1301       -0.009617
    1302       -0.026319
    1303       -0.022293
    1304       -0.020673
    1305       -0.017981
    1306       -0.015566
    1307       -0.013041
    1308       -0.010525
    1309       -0.008010
    1310       -0.005477
    1311       -0.002945
    1312       -0.000396
    1313        0.002142
    1314        0.004730
    1315        0.007238
    1316        0.010088
    1317        0.011992
    1318        0.013353
    1319        0.014107
    1320        0.013720
    1321        0.013555
    1322        0.013412
    1323        0.013467
    1324        0.013526
    1325        0.013549
    1326        0.013549
    1327        0.013526
    1328        0.013467
    1329        0.013412
    1330        0.013555
    1331        0.013720
    1332        0.014107
    1333        0.013353
    1334        0.011992
    1335        0.010088
    1336        0.007238
    1337        0.004730
    1338        0.002142
    1339       -0.000396
    1340       -0.002945
    1341       -0.005477
    1342       -0.008010
    1343       -0.010525
    1344       -0.013041
    1345       -0.015566
    1346       -0.017981
    1347       -0.020673
    1348       -0.022293
    1349       -0.026319
    1350       -0.009617
    1351       -0.028578
    1352       -0.031012
    1353       -0.025810
    1354       -0.022806
    1355       -0.019602
    1356       -0.016824
    1357       -0.013817
    1358       -0.010968
    1359       -0.008020
    1360       -0.005115
    1361       -0.002176
    1362        0.000766
    1363        0.003725
    1364        0.006699
    1365        0.009754
    1366        0.012766
    1367        0.015696
    1368        0.017266
    1369        0.017527
    1370        0.017354
    1371        0.016803
    1372        0.016677
    1373        0.016827
    1374        0.016880
    1375        0.016913
    1376        0.016913
    1377        0.016880
    1378        0.016827
    1379        0.016677
    1380        0.016803
    1381        0.017354
    1382        0.017527
    1383        0.017266
    1384        0.015696
    1385        0.012766
    1386        0.009754
    1387        0.006699
    1388        0.003725
    1389        0.000766
    1390       -0.002176
    1391       -0.005115
    1392       -0.008020
    1393       -0.010968
    1394       -0.013817
    1395       -0.016824
    1396       -0.019602
    1397       -0.022806
    1398       -0.025810
    1399       -0.031012
    1400       -0.028578
    1401       -0.043879
    1402       -0.032305
    1403       -0.028186
    1404       -0.023509
    1405       -0.020661
    1406       -0.017311
    1407       -0.014306
    1408       -0.011169
    1409       -0.008090
    1410       -0.004979
    1411       -0.001869
    1412        0.001248
    1413        0.004400
    1414        0.007535
    1415        0.010809
    1416        0.013960
    1417        0.017186
    1418        0.018817
    1419        0.018940
    1420        0.019004
    1421        0.018716
    1422        0.018800
    1423        0.018917
    1424        0.018952
    1425        0.018979
    1426        0.018979
    1427        0.018952
    1428        0.018917
    1429        0.018800
    1430        0.018716
    1431        0.019004
    1432        0.018940
    1433        0.018817
    1434        0.017186
    1435        0.013960
    1436        0.010809
    1437        0.007535
    1438        0.004400
    1439        0.001248
    1440       -0.001869
    1441       -0.004979
    1442       -0.008090
    1443       -0.011169
    1444       -0.014306
    1445       -0.017311
    1446       -0.020661
    1447       -0.023509
    1448       -0.028186
    1449       -0.032305
    1450       -0.043879
    1451        0.000022
    1452        0.000162
    1453        0.000384
    1454        0.000621
    1455        0.000823
    1456        0.000975
    1457        0.001068
    1458        0.001098
    1459        0.001065
    1460        0.000971
    1461        0.000819
    1462        0.000617
    1463        0.000381
    1464        0.000159
    1465        0.000021
    1466        0.000001
    1467        0.000161
    1468        0.000369
    1469        0.000566
    1470        0.000724
    1471        0.000833
    1472        0.000895
    1473        0.000914
    1474        0.000893
    1475        0.000830
    1476        0.000720
    1477        0.000562
    1478        0.000366
    1479        0.000159
    1480       -0.000000
    1481       -0.000118
    1482        0.000123
    1483        0.000351
    1484        0.000538
    1485        0.000668
    1486        0.000744
    1487        0.000779
    1488        0.000789
    1489        0.000779
    1490        0.000742
    1491        0.000664
    1492        0.000533
    1493        0.000346
    1494        0.000118
    1495       -0.000123
    1496       -0.000187
    1497        0.000123
    1498        0.000376
    1499        0.000553
    1500        0.000653
    1501        0.000695
    1502        0.000703
    1503        0.000704
    1504        0.000705
    1505        0.000695
    1506        0.000649
    1507        0.000545
    1508        0.000366
    1509        0.000112
    1510       -0.000202
    1511       -0.000164
    1512        0.000210
    1513        0.000470
    1514        0.000619
    1515        0.000676
    1516        0.000675
    1517        0.000654
    1518        0.000644
    1519        0.000657
    1520        0.000676
    1521        0.000671
    1522        0.000609
    1523        0.000457
    1524        0.000193
    1525       -0.000192
    1526        0.000018
    1527        0.000426
    1528        0.000658
    1529        0.000746
    1530        0.000734
    1531        0.000675
    1532        0.000617
    1533        0.000595
    1534        0.000619
    1535        0.000674
    1536        0.000726
    1537        0.000731
    1538        0.000644
    1539        0.000409
    1540       -0.000022
    1541        0.000430
    1542        0.000829
    1543        0.000966
    1544        0.000933
    1545        0.000815
    1546        0.000679
    1547        0.000576
    1548        0.000540
    1549        0.000579
    1550        0.000677
    1551        0.000804
    1552        0.000917
    1553        0.000953
    1554        0.000820
    1555        0.000387
    1556        0.001229
    1557        0.001462
    1558        0.001364
    1559        0.001122
    1560        0.000867
    1561        0.000653
    1562        0.000511
    1563        0.000465
    1564        0.000519
    1565        0.000662
    1566        0.000871
    1567        0.001117
    1568        0.001354
    1569        0.001457
    1570        0.001192
    1571        0.002398
    1572        0.002143
    1573        0.001541
    1574        0.001074
    1575        0.000746
    1576        0.000529
    1577        0.000398
    1578        0.000357
    1579        0.000418
    1580        0.000568
    1581        0.000787
    1582        0.001098
    1583        0.001538
    1584        0.002119
    1585        0.002366
    1586        0.003757
    1587        0.001546
    1588        0.000689
    1589        0.000315
    1590        0.000168
    1591        0.000189
    1592        0.000229
    1593        0.000216
    1594        0.000262
    1595        0.000254
    1596        0.000231
    1597        0.000354
    1598        0.000692
    1599        0.001498
    1600        0.003711
    1601        0.000262
    1602       -0.001589
    1603       -0.001505
    1604       -0.001438
    1605       -0.001214
    1606       -0.000699
    1607        0.000075
    1608        0.000059
    1609        0.000099
    1610       -0.000678
    1611       -0.001227
    1612       -0.001462
    1613       -0.001518
    1614       -0.001595
    1615        0.000259
    1616       -0.000538
    1617       -0.000111
    1618       -0.000459
    1619       -0.000973
    1620       -0.000356
    1621       -0.000884
    1622       -0.001397
    1623       -0.000687
    1624       -0.001326
    1625       -0.001914
    1626       -0.001370
    1627       -0.001863
    1628       -0.003031
    1629       -0.002364
    1630       -0.003049
    1631       -0.002025
    1632       -0.001284
    1633       -0.002041
    1799        0.002277
    1800        0.002637
    1801        0.004388
    1802        0.004525
    1803        0.004674
    1804        0.004739
    1805        0.004765
    1806        0.004778
    1807        0.004781
    1808        0.004770
    1809        0.004720
    1810        0.004581
    1811        0.004447
    1812        0.002696
    1813        0.002308
    1814        0.000732
    1815        0.002704
    1816        0.003960
    1817        0.004459
    1818        0.004758
    1819        0.004930
    1820        0.005013
    1821        0.005042
    1822        0.005023
    1823        0.004950
    1824        0.004788
    1825        0.004496
    1826        0.003996
    1827        0.002741
    1828        0.000756
    1829        0.002193
    1830        0.002678
    1831        0.003560
    1832        0.004269
    1833        0.004725
    1834        0.005028
    1835        0.005196
    1836        0.005250
    1837        0.005197
    1838        0.005034
    1839        0.004741
    1840        0.004293
    1841        0.003589
    1842        0.002714
    1843        0.002236
    1844        0.001515
    1845        0.002410
    1846        0.003222
    1847        0.003974
    1848        0.004591
    1849        0.005035
    1850        0.005304
    1851        0.005390
    1852        0.005295
    1853        0.005028
    1854        0.004595
    1855        0.003994
    1856        0.003256
    1857        0.002458
    1858        0.001590
    1859        0.001150
    1860        0.001951
    1861        0.002790
    1862        0.003612
    1863        0.004355
    1864        0.004951
    1865        0.005335
    1866        0.005458
    1867        0.005314
    1868        0.004929
    1869        0.004349
    1870        0.003631
    1871        0.002832
    1872        0.002014
    1873        0.001252
    1874        0.000692
    1875        0.001450
    1876        0.002272
    1877        0.003145
    1878        0.004015
    1879        0.004774
    1880        0.005285
    1881        0.005454
    1882        0.005259
    1883        0.004750
    1884        0.004023
    1885        0.003182
    1886        0.002322
    1887        0.001521
    1888        0.000810
    1889        0.000313
    1890        0.000901
    1891        0.001638
    1892        0.002539
    1893        0.003538
    1894        0.004485
    1895        0.005157
    1896        0.005383
    1897        0.005126
    1898        0.004466
    1899        0.003562
    1900        0.002596
    1901        0.001707
    1902        0.000977
    1903        0.000436
    1904       -0.000119
    1905        0.000215
    1906        0.000807
    1907        0.001695
    1908        0.002843
    1909        0.004050
    1910        0.004950
    1911        0.005254
    1912        0.004911
    1913        0.004024
    1914        0.002871
    1915        0.001765
    1916        0.000887
    1917        0.000294
    1918       -0.000001
    1919       -0.000753
    1920       -0.000687
    1921       -0.000345
    1922        0.000473
    1923        0.001794
    1924        0.003399
    1925        0.004679
    1926        0.005084
    1927        0.004608
    1928        0.003321
    1929        0.001763
    1930        0.000494
    1931       -0.000292
    1932       -0.000604
    1933       -0.000646
    1934       -0.001372
    1935       -0.002179
    1936       -0.002020
    1937       -0.001282
    1938        0.000132
    1939        0.002333
    1940        0.004405
    1941        0.004893
    1942        0.004256
    1943        0.002104
    1944       -0.000069
    1945       -0.001397
    1946       -0.002057
    1947       -0.002156
    1948       -0.001292
    1949       -0.005789
    1950       -0.004259
    1951       -0.003899
    1952       -0.003443
    1953       -0.002462
    1954       -0.000077
    1955        0.004444
    1956        0.004699
    1957        0.004220
    1958       -0.000632
    1959       -0.002918
    1960       -0.003730
    1961       -0.004065
    1962       -0.004328
    1963       -0.005859
    1964        0.003807
    1965        0.004484
    1966        0.004187
    1967        0.003328
    1968        0.004251
    1969        0.003709
    1970        0.003293
    1971        0.003811
    1972        0.003515
    1973        0.002862
    1974        0.003333
    1975        0.002955
    1976        0.002745
    1977        0.001133
    1978        0.002788
    1979        0.000480
    1980       -0.002016
    1981        0.000307
    1982        0.002276
    1983        0.002637
    1984        0.004388
    1985        0.004525
    1986        0.004674
    1987        0.004739
    1988        0.004765
    1989        0.004778
    1990        0.004781
    1991        0.004770
    1992        0.004720
    1993        0.004581
    1994        0.004447
    1995        0.002696
    1996        0.002308
    1997        0.000732
    1998        0.002704
    1999        0.003960
    2000        0.004459
    2001        0.004758
    2002        0.004930
    2003        0.005013
    2004        0.005042
    2005        0.005023
    2006        0.004950
    2007        0.004788
    2008        0.004496
    2009        0.003996
    2010        0.002741
    2011        0.000756
    2012        0.002193
    2013        0.002678
    2014        0.003559
    2015        0.004269
    2016        0.004725
    2017        0.005028
    2018        0.005196
    2019        0.005250
    2020        0.005197
    2021        0.005034
    2022        0.004741
    2023        0.004293
    2024        0.003589
    2025        0.002714
    2026        0.002236
    2027        0.001515
    2028        0.002410
    2029        0.003222
    2030        0.003974
    2031        0.004589
    2032        0.005033
    2033        0.005304
    2034        0.005390
    2035        0.005294
    2036        0.005024
    2037        0.004590
    2038        0.003991
    2039        0.003255
    2040        0.002458
    2041        0.001590
    2042        0.001150
    2043        0.001951
    2044        0.002790
    2045        0.003610
    2046        0.004354
    2047        0.004952
    2048        0.005334
    2049        0.005458
    2050        0.005315
    2051        0.004932
    2052        0.004353
    2053        0.003631
    2054        0.002830
    2055        0.002013
    2056        0.001252
    2057        0.000692
    2058        0.001450
    2059        0.002272
    2060        0.003150
    2061        0.004019
    2062        0.004775
    2063        0.005286
    2064        0.005454
    2065        0.005259
    2066        0.004751
    2067        0.004025
    2068        0.003185
    2069        0.002327
    2070        0.001522
    2071        0.000810
    2072        0.000313
    2073        0.000901
    2074        0.001638
    2075        0.002541
    2076        0.003540
    2077        0.004485
    2078        0.005157
    2079        0.005383
    2080        0.005126
    2081        0.004466
    2082        0.003563
    2083        0.002596
    2084        0.001709
    2085        0.000978
    2086        0.000436
    2087       -0.000116
    2088        0.000220
    2089        0.000808
    2090        0.001695
    2091        0.002844
    2092        0.004050
    2093        0.004950
    2094        0.005254
    2095        0.004911
    2096        0.004024
    2097        0.002871
    2098        0.001765
    2099        0.000887
    2100        0.000299
    2101        0.000001
    2102       -0.000756
    2103       -0.000688
    2104       -0.000345
    2105        0.000473
    2106        0.001794
    2107        0.003399
    2108        0.004679
    2109        0.005084
    2110        0.004608
    2111        0.003321
    2112        0.001768
    2113        0.000497
    2114       -0.000291
    2115       -0.000605
    2116       -0.000649
    2117       -0.001372
    2118       -0.002174
    2119       -0.002018
    2120       -0.001282
    2121        0.000132
    2122        0.002333
    2123        0.004405
    2124        0.004893
    2125        0.004256
    2126        0.002104
    2127       -0.000062
    2128       -0.001399
    2129       -0.002058
    2130       -0.002155
    2131       -0.001293
    2132       -0.005792
    2133       -0.004257
    2134       -0.003898
    2135       -0.003443
    2136       -0.002462
    2137       -0.000077
    2138        0.004444
    2139        0.004699
    2140        0.004220
    2141       -0.000632
    2142       -0.002914
    2143       -0.003736
    2144       -0.004066
    2145       -0.004328
    2146       -0.005859
    2147        0.003807
    2148        0.004484
    2149        0.004187
    2150        0.003328
    2151        0.004251
    2152        0.003709
    2153        0.003293
    2154        0.003811
    2155        0.003516
    2156        0.002862
    2157        0.003333
    2158        0.002956
    2159        0.002746
    2160        0.001133
    2161        0.002788
    2162        0.000479
    2163       -0.002016
    2164        0.000307
    2165        0.000022
    2166        0.000162
    2167        0.000384
    2168        0.000621
    2169        0.000823
    2170        0.000975
    2171        0.001068
    2172        0.001098
    2173        0.001065
    2174        0.000971
    2175        0.000819
    2176        0.000617
    2177        0.000381
    2178        0.000159
    2179        0.000021
    2180        0.000001
    2181        0.000161
    2182        0.000369
    2183        0.000566
    2184        0.000724
    2185        0.000833
    2186        0.000895
    2187        0.000914
    2188        0.000893
    2189        0.000830
    2190        0.000720
    2191        0.000562
    2192        0.000366
    2193        0.000159
    2194       -0.000000
    2195       -0.000118
    2196        0.000123
    2197        0.000351
    2198        0.000538
    2199        0.000668
    2200        0.000743
    2201        0.000779
    2202        0.000789
    2203        0.000779
    2204        0.000742
    2205        0.000664
    2206        0.000532
    2207        0.000346
    2208        0.000118
    2209       -0.000123
    2210       -0.000187
    2211        0.000123
    2212        0.000376
    2213        0.000552
    2214        0.000652
    2215        0.000694
    2216        0.000703
    2217        0.000704
    2218        0.000705
    2219        0.000694
    2220        0.000648
    2221        0.000544
    2222        0.000366
    2223        0.000112
    2224       -0.000202
    2225       -0.000164
    2226        0.000210
    2227        0.000470
    2228        0.000618
    2229        0.000675
    2230        0.000674
    2231        0.000654
    2232        0.000644
    2233        0.000656
    2234        0.000675
    2235        0.000669
    2236        0.000607
    2237        0.000456
    2238        0.000193
    2239       -0.000192
    2240        0.000018
    2241        0.000426
    2242        0.000658
    2243        0.000745
    2244        0.000734
    2245        0.000676
    2246        0.000617
    2247        0.000595
    2248        0.000620
    2249        0.000676
    2250        0.000728
    2251        0.000732
    2252        0.000643
    2253        0.000409
    2254       -0.000022
    2255        0.000429
    2256        0.000830
    2257        0.000966
    2258        0.000935
    2259        0.000816
    2260        0.000679
    2261        0.000577
    2262        0.000540
    2263        0.000579
    2264        0.000678
    2265        0.000805
    2266        0.000915
    2267        0.000953
    2268        0.000820
    2269        0.000387
    2270        0.001231
    2271        0.001465
    2272        0.001366
    2273        0.001124
    2274        0.000867
    2275        0.000653
    2276        0.000511
    2277        0.000465
    2278        0.000519
    2279        0.000662
    2280        0.000871
    2281        0.001117
    2282        0.001359
    2283        0.001464
    2284        0.001196
    2285        0.002395
    2286        0.002143
    2287        0.001540
    2288        0.001074
    2289        0.000747
    2290        0.000529
    2291        0.000398
    2292        0.000357
    2293        0.000419
    2294        0.000567
    2295        0.000786
    2296        0.001098
    2297        0.001539
    2298        0.002118
    2299        0.002363
    2300        0.003754
    2301        0.001543
    2302        0.000689
    2303        0.000312
    2304        0.000166
    2305        0.000189
    2306        0.000229
    2307        0.000216
    2308        0.000263
    2309        0.000254
    2310        0.000229
    2311        0.000353
    2312        0.000691
    2313        0.001496
    2314        0.003708
    2315        0.000263
    2316       -0.001594
    2317       -0.001506
    2318       -0.001435
    2319       -0.001216
    2320       -0.000698
    2321        0.000074
    2322        0.000059
    2323        0.000099
    2324       -0.000677
    2325       -0.001229
    2326       -0.001459
    2327       -0.001518
    2328       -0.001601
    2329        0.000261
    2330       -0.000537
    2331       -0.000110
    2332       -0.000459
    2333       -0.000973
    2334       -0.000356
    2335       -0.000880
    2336       -0.001397
    2337       -0.000688
    2338       -0.001327
    2339       -0.001914
    2340       -0.001370
    2341       -0.001863
    2342       -0.003028
    2343       -0.002364
    2344       -0.003046
    2345       -0.002029
    2346       -0.001283
    2347       -0.002044
    2348       -0.000033
    2349       -0.000177
    2350       -0.000754
    2351       -0.001735
    2352       -0.002898
    2353       -0.004110
    2354       -0.005322
    2355       -0.006529
    2356       -0.007730
    2357       -0.008933
    2358       -0.010127
    2359       -0.011332
    2360       -0.012510
    2361       -0.013727
    2362       -0.014882
    2363       -0.016047
    2364       -0.017408
    2365       -0.017997
    2366       -0.017817
    2367       -0.017873
    2368       -0.017956
    2369       -0.017961
    2370       -0.017982
    2371       -0.017968
    2372       -0.017966
    2373       -0.017966
    2374       -0.017968
    2375       -0.017982
    2376       -0.017961
    2377       -0.017956
    2378       -0.017873
    2379       -0.017818
    2380       -0.017997
    2381       -0.017408
    2382       -0.016047
    2383       -0.014882
    2384       -0.013727
    2385       -0.012510
    2386       -0.011332
    2387       -0.010127
    2388       -0.008933
    2389       -0.007730
    2390       -0.006529
    2391       -0.005322
    2392       -0.004110
    2393       -0.002898
    2394       -0.001735
    2395       -0.000754
    2396       -0.000177
    2397       -0.000033
    2398       -0.000147
    2399       -0.000378
    2400       -0.000957
    2401       -0.001868
    2402       -0.002960
    2403       -0.004132
    2404       -0.005329
    2405       -0.006531
    2406       -0.007736
    2407       -0.008937
    2408       -0.010140
    2409       -0.011335
    2410       -0.012529
    2411       -0.013717
    2412       -0.014863
    2413       -0.015991
    2414       -0.017102
    2415       -0.017696
    2416       -0.017781
    2417       -0.017867
    2418       -0.017948
    2419       -0.017980
    2420       -0.017991
    2421       -0.017993
    2422       -0.017989
    2423       -0.017989
    2424       -0.017993
    2425       -0.017991
    2426       -0.017980
    2427       -0.017948
    2428       -0.017867
    2429       -0.017781
    2430       -0.017696
    2431       -0.017102
    2432       -0.015991
    2433       -0.014862
    2434       -0.013717
    2435       -0.012529
    2436       -0.011335
    2437       -0.010140
    2438       -0.008937
    2439       -0.007736
    2440       -0.006531
    2441       -0.005329
    2442       -0.004132
    2443       -0.002960
    2444       -0.001868
    2445       -0.000957
    2446       -0.000378
    2447       -0.000147
    2448       -0.000231
    2449       -0.000512
    2450       -0.001109
    2451       -0.001977
    2452       -0.003017
    2453       -0.004154
    2454       -0.005336
    2455       -0.006536
    2456       -0.007739
    2457       -0.008944
    2458       -0.010147
    2459       -0.011347
    2460       -0.012539
    2461       -0.013717
    2462       -0.014844
    2463       -0.015930
    2464       -0.016883
    2465       -0.017483
    2466       -0.017732
    2467       -0.017860
    2468       -0.017953
    2469       -0.017992
    2470       -0.018009
    2471       -0.018013
    2472       -0.018013
    2473       -0.018013
    2474       -0.018013
    2475       -0.018009
    2476       -0.017992
    2477       -0.017953
    2478       -0.017860
    2479       -0.017732
    2480       -0.017483
    2481       -0.016883
    2482       -0.015929
    2483       -0.014844
    2484       -0.013717
    2485       -0.012539
    2486       -0.011347
    2487       -0.010147
    2488       -0.008944
    2489       -0.007739
    2490       -0.006536
    2491       -0.005336
    2492       -0.004154
    2493       -0.003017
    2494       -0.001977
    2495       -0.001109
    2496       -0.000512
    2497       -0.000231
    2498       -0.000294
    2499       -0.000596
    2500       -0.001219
    2501       -0.002061
    2502       -0.003064
    2503       -0.004174
    2504       -0.005344
    2505       -0.006540
    2506       -0.007745
    2507       -0.008951
    2508       -0.010156
    2509       -0.011357
    2510       -0.012549
    2511       -0.013719
    2512       -0.014833
    2513       -0.015874
    2514       -0.016736
    2515       -0.017339
    2516       -0.017686
    2517       -0.017859
    2518       -0.017961
    2519       -0.018008
    2520       -0.018027
    2521       -0.018034
    2522       -0.018035
    2523       -0.018035
    2524       -0.018034
    2525       -0.018027
    2526       -0.018008
    2527       -0.017961
    2528       -0.017859
    2529       -0.017686
    2530       -0.017339
    2531       -0.016736
    2532       -0.015874
    2533       -0.014833
    2534       -0.013719
    2535       -0.012549
    2536       -0.011357
    2537       -0.010156
    2538       -0.008951
    2539       -0.007745
    2540       -0.006540
    2541       -0.005344
    2542       -0.004174
    2543       -0.003064
    2544       -0.002061
    2545       -0.001219
    2546       -0.000596
    2547       -0.000294
    2548       -0.000337
    2549       -0.000646
    2550       -0.001293
    2551       -0.002121
    2552       -0.003099
    2553       -0.004190
    2554       -0.005351
    2555       -0.006544
    2556       -0.007750
    2557       -0.008958
    2558       -0.010165
    2559       -0.011368
    2560       -0.012560
    2561       -0.013725
    2562       -0.014829
    2563       -0.015837
    2564       -0.016645
    2565       -0.017252
    2566       -0.017656
    2567       -0.017862
    2568       -0.017974
    2569       -0.018025
    2570       -0.018047
    2571       -0.018055
    2572       -0.018057
    2573       -0.018057
    2574       -0.018055
    2575       -0.018047
    2576       -0.018025
    2577       -0.017974
    2578       -0.017862
    2579       -0.017656
    2580       -0.017252
    2581       -0.016646
    2582       -0.015837
    2583       -0.014829
    2584       -0.013725
    2585       -0.012560
    2586       -0.011368
    2587       -0.010165
    2588       -0.008958
    2589       -0.007750
    2590       -0.006544
    2591       -0.005351
    2592       -0.004190
    2593       -0.003099
    2594       -0.002121
    2595       -0.001293
    2596       -0.000646
    2597       -0.000337
    2598       -0.000362
    2599       -0.000671
    2600       -0.001335
    2601       -0.002157
    2602       -0.003121
    2603       -0.004201
    2604       -0.005356
    2605       -0.006549
    2606       -0.007755
    2607       -0.008965
    2608       -0.010174
    2609       -0.011379
    2610       -0.012572
    2611       -0.013736
    2612       -0.014834
    2613       -0.015823
    2614       -0.016605
    2615       -0.017213
    2616       -0.017648
    2617       -0.017874
    2618       -0.017992
    2619       -0.018045
    2620       -0.018068
    2621       -0.018076
    2622       -0.018079
    2623       -0.018079
    2624       -0.018076
    2625       -0.018068
    2626       -0.018045
    2627       -0.017992
    2628       -0.017874
    2629       -0.017648
    2630       -0.017213
    2631       -0.016605
    2632       -0.015823
    2633       -0.014833
    2634       -0.013736
    2635       -0.012572
    2636       -0.011379
    2637       -0.010174
    2638       -0.008965
    2639       -0.007755
    2640       -0.006549
    2641       -0.005356
    2642       -0.004201
    2643       -0.003121
    2644       -0.002157
    2645       -0.001335
    2646       -0.000671
    2647       -0.000362
    2648       -0.000370
    2649       -0.000679
    2650       -0.001349
    2651       -0.002169
    2652       -0.003129
    2653       -0.004206
    2654       -0.005360
    2655       -0.006553
    2656       -0.007761
    2657       -0.008972
    2658       -0.010183
    2659       -0.011390
    2660       -0.012586
    2661       -0.013751
    2662       -0.014848
    2663       -0.015834
    2664       -0.016610
    2665       -0.017220
    2666       -0.017663
    2667       -0.017896
    2668       -0.018015
    2669       -0.018067
    2670       -0.018089
    2671       -0.018098
    2672       -0.018101
    2673       -0.018101
    2674       -0.018098
    2675       -0.018089
    2676       -0.018067
    2677       -0.018015
    2678       -0.017896
    2679       -0.017663
    2680       -0.017220
    2681       -0.016610
    2682       -0.015834
    2683       -0.014848
    2684       -0.013751
    2685       -0.012586
    2686       -0.011390
    2687       -0.010183
    2688       -0.008972
    2689       -0.007761
    2690       -0.006553
    2691       -0.005360
    2692       -0.004206
    2693       -0.003129
    2694       -0.002169
    2695       -0.001349
    2696       -0.000679
    2697       -0.000370
    2698       -0.000362
    2699       -0.000671
    2700       -0.001336
    2701       -0.002158
    2702       -0.003123
    2703       -0.004205
    2704       -0.005362
    2705       -0.006557
    2706       -0.007767
    2707       -0.008980
    2708       -0.010193
    2709       -0.011402
    2710       -0.012601
    2711       -0.013770
    2712       -0.014874
    2713       -0.015870
    2714       -0.016658
    2715       -0.017270
    2716       -0.017705
    2717       -0.017928
    2718       -0.018042
    2719       -0.018091
    2720       -0.018111
    2721       -0.018119
    2722       -0.018123
    2723       -0.018123
    2724       -0.018119
    2725       -0.018111
    2726       -0.018091
    2727       -0.018042
    2728       -0.017928
    2729       -0.017704
    2730       -0.017270
    2731       -0.016658
    2732       -0.015870
    2733       -0.014874
    2734       -0.013770
    2735       -0.012601
    2736       -0.011402
    2737       -0.010193
    2738       -0.008980
    2739       -0.007767
    2740       -0.006557
    2741       -0.005362
    2742       -0.004205
    2743       -0.003123
    2744       -0.002158
    2745       -0.001336
    2746       -0.000671
    2747       -0.000362
    2748       -0.000336
    2749       -0.000646
    2750       -0.001294
    2751       -0.002123
    2752       -0.003103
    2753       -0.004198
    2754       -0.005363
    2755       -0.006561
    2756       -0.007772
    2757       -0.008987
    2758       -0.010202
    2759       -0.011414
    2760       -0.012617
    2761       -0.013794
    2762       -0.014910
    2763       -0.015932
    2764       -0.016752
    2765       -0.017366
    2766       -0.017771
    2767       -0.017971
    2768       -0.018074
    2769       -0.018117
    2770       -0.018134
    2771       -0.018141
    2772       -0.018144
    2773       -0.018144
    2774       -0.018141
    2775       -0.018134
    2776       -0.018117
    2777       -0.018074
    2778       -0.017971
    2779       -0.017771
    2780       -0.017366
    2781       -0.016752
    2782       -0.015932
    2783       -0.014910
    2784       -0.013794
    2785       -0.012617
    2786       -0.011414
    2787       -0.010202
    2788       -0.008987
    2789       -0.007772
    2790       -0.006561
    2791       -0.005363
    2792       -0.004198
    2793       -0.003103
    2794       -0.002123
    2795       -0.001294
    2796       -0.000646
    2797       -0.000336
    2798       -0.000293
    2799       -0.000597
    2800       -0.001220
    2801       -0.002064
    2802       -0.003070
    2803       -0.004186
    2804       -0.005362
    2805       -0.006565
    2806       -0.007778
    2807       -0.008995
    2808       -0.010211
    2809       -0.011426
    2810       -0.012634
    2811       -0.013821
    2812       -0.014955
    2813       -0.016016
    2814       -0.016896
    2815       -0.017512
    2816       -0.017860
    2817       -0.018023
    2818       -0.018110
    2819       -0.018144
    2820       -0.018157
    2821       -0.018163
    2822       -0.018166
    2823       -0.018166
    2824       -0.018163
    2825       -0.018157
    2826       -0.018144
    2827       -0.018110
    2828       -0.018023
    2829       -0.017860
    2830       -0.017512
    2831       -0.016896
    2832       -0.016016
    2833       -0.014955
    2834       -0.013821
    2835       -0.012634
    2836       -0.011426
    2837       -0.010211
    2838       -0.008995
    2839       -0.007778
    2840       -0.006565
    2841       -0.005362
    2842       -0.004186
    2843       -0.003070
    2844       -0.002064
    2845       -0.001220
    2846       -0.000597
    2847       -0.000293
    2848       -0.000231
    2849       -0.000512
    2850       -0.001110
    2851       -0.001981
    2852       -0.003025
    2853       -0.004169
    2854       -0.005359
    2855       -0.006569
    2856       -0.007784
    2857       -0.009002
    2858       -0.010221
    2859       -0.011439
    2860       -0.012652
    2861       -0.013853
    2862       -0.015007
    2863       -0.016119
    2864       -0.017098
    2865       -0.017716
    2866       -0.017968
    2867       -0.018082
    2868       -0.018150
    2869       -0.018171
    2870       -0.018180
    2871       -0.018186
    2872       -0.018189
    2873       -0.018189
    2874       -0.018186
    2875       -0.018180
    2876       -0.018171
    2877       -0.018150
    2878       -0.018082
    2879       -0.017968
    2880       -0.017716
    2881       -0.017098
    2882       -0.016119
    2883       -0.015007
    2884       -0.013853
    2885       -0.012652
    2886       -0.011439
    2887       -0.010221
    2888       -0.009002
    2889       -0.007784
    2890       -0.006569
    2891       -0.005359
    2892       -0.004169
    2893       -0.003025
    2894       -0.001981
    2895       -0.001110
    2896       -0.000512
    2897       -0.000231
    2898       -0.000146
    2899       -0.000377
    2900       -0.000957
    2901       -0.001872
    2902       -0.002971
    2903       -0.004150
    2904       -0.005358
    2905       -0.006572
    2906       -0.007790
    2907       -0.009009
    2908       -0.010231
    2909       -0.011449
    2910       -0.012670
    2911       -0.013887
    2912       -0.015065
    2913       -0.016228
    2914       -0.017372
    2915       -0.017992
    2916       -0.018083
    2917       -0.018147
    2918       -0.018193
    2919       -0.018198
    2920       -0.018202
    2921       -0.018209
    2922       -0.018211
    2923       -0.018211
    2924       -0.018209
    2925       -0.018202
    2926       -0.018198
    2927       -0.018193
    2928       -0.018147
    2929       -0.018083
    2930       -0.017992
    2931       -0.017372
    2932       -0.016228
    2933       -0.015065
    2934       -0.013887
    2935       -0.012670
    2936       -0.011449
    2937       -0.010231
    2938       -0.009009
    2939       -0.007790
    2940       -0.006572
    2941       -0.005358
    2942       -0.004150
    2943       -0.002971
    2944       -0.001872
    2945       -0.000957
    2946       -0.000377
    2947       -0.000146
    2948       -0.000032
    2949       -0.000175
    2950       -0.000753
    2951       -0.001740
    2952       -0.002910
    2953       -0.004132
    2954       -0.005356
    2955       -0.006577
    2956       -0.007795
    2957       -0.009018
    2958       -0.010236
    2959       -0.011468
    2960       -0.012677
    2961       -0.013930
    2962       -0.015123
    2963       -0.016331
    2964       -0.017734
    2965       -0.018360
    2966       -0.018192
    2967       -0.018215
    2968       -0.018244
    2969       -0.018214
    2970       -0.018232
    2971       -0.018228
    2972       -0.018235
    2973       -0.018235
    2974       -0.018228
    2975       -0.018232
    2976       -0.018214
    2977       -0.018244
    2978       -0.018215
    2979       -0.018192
    2980       -0.018360
    2981       -0.017734
    2982       -0.016331
    2983       -0.015123
    2984       -0.013930
    2985       -0.012677
    2986       -0.011468
    2987       -0.010236
    2988       -0.009018
    2989       -0.007795
    2990       -0.006577
    2991       -0.005356
    2992       -0.004132
    2993       -0.002910
    2994       -0.001740
    2995       -0.000753
    2996       -0.000175
    2997       -0.000032
    2998        0.000121
    2999        0.000117
    3000       -0.000489
    3001       -0.001585
    3002       -0.002849
    3003       -0.004116
    3004       -0.005356
    3005       -0.006581
    3006       -0.007802
    3007       -0.009023
    3008       -0.010248
    3009       -0.011472
    3010       -0.012711
    3011       -0.013923
    3012       -0.015251
    3013       -0.016349
    3014       -0.018232
    3015       -0.018861
    3016       -0.018218
    3017       -0.018353
    3018       -0.018246
    3019       -0.018257
    3020       -0.018246
    3021       -0.018254
    3022       -0.018257
    3023       -0.018257
    3024       -0.018254
    3025       -0.018246
    3026       -0.018257
    3027       -0.018246
    3028       -0.018353
    3029       -0.018218
    3030       -0.018861
    3031       -0.018232
    3032       -0.016349
    3033       -0.015251
    3034       -0.013923
    3035       -0.012711
    3036       -0.011472
    3037       -0.010248
    3038       -0.009023
    3039       -0.007802
    3040       -0.006581
    3041       -0.005356
    3042       -0.004116
    3043       -0.002849
    3044       -0.001585
    3045       -0.000489
    3046        0.000117
    3047        0.000121
    3048        0.000137
    3049        0.000191
    3050       -0.000376
    3051       -0.001516
    3052       -0.002827
    3053       -0.004116
    3054       -0.005362
    3055       -0.006587
    3056       -0.007808
    3057       -0.009030
    3058       -0.010255
    3059       -0.011484
    3060       -0.012715
    3061       -0.013964
    3062       -0.015207
    3063       -0.016595
    3064       -0.018323
    3065       -0.018953
    3066       -0.018473
    3067       -0.018317
    3068       -0.018295
    3069       -0.018269
    3070       -0.018269
    3071       -0.018274
    3072       -0.018280
    3073       -0.018280
    3074       -0.018274
    3075       -0.018269
    3076       -0.018269
    3077       -0.018295
    3078       -0.018317
    3079       -0.018473
    3080       -0.018953
    3081       -0.018323
    3082       -0.016595
    3083       -0.015207
    3084       -0.013964
    3085       -0.012715
    3086       -0.011484
    3087       -0.010255
    3088       -0.009030
    3089       -0.007808
    3090       -0.006587
    3091       -0.005362
    3092       -0.004116
    3093       -0.002827
    3094       -0.001516
    3095       -0.000376
    3096        0.000191
    3097        0.000137
    3098       -0.000043
    3099        0.000021
    3100       -0.000048
    3101        0.000029
    3102        0.000118
    3103        0.000187
    3104        0.000454
    3105        0.000505
    3106        0.000843
    3107        0.000867
    3108        0.001226
    3109        0.001234
    3110        0.001595
    3111        0.001597
    3112        0.001957
    3113        0.001958
    3114        0.002317
    3115        0.002317
    3116        0.002676
    3117        0.002678
    3118        0.003033
    3119        0.003034
    3120        0.003393
    3121        0.003398
    3122        0.003746
    3123        0.003742
    3124        0.004114
    3125        0.004120
    3126        0.004457
    3127        0.004463
    3128        0.004883
    3129        0.004692
    3130        0.005348
    3131        0.005858
    3132        0.005519
    3133        0.006031
    3134        0.005403
    3135        0.005217
    3136        0.005346
    3137        0.005356
    3138        0.005381
    3139        0.005389
    3140        0.005382
    3141        0.005379
    3142        0.005384
    3143        0.005391
    3144        0.005377
    3145        0.005382
    3146        0.005375
    3147        0.005383
    3148        0.005375
    3149        0.005383
    3150        0.005377
    3151        0.005382
    3152        0.005384
    3153        0.005391
    3154        0.005382
    3155        0.005379
    3156        0.005381
    3157        0.005389
    3158        0.005346
    3159        0.005356
    3160        0.005403
    3161        0.005217
    3162        0.005519
    3163        0.006031
    3164        0.005348
    3165        0.005858
    3166        0.004883
    3167        0.004692
    3168        0.004457
    3169        0.004463
    3170        0.004114
    3171        0.004120
    3172        0.003746
    3173        0.003742
    3174        0.003393
    3175        0.003398
    3176        0.003033
    3177        0.003034
    3178        0.002678
    3179        0.002676
    3180        0.002317
    3181        0.002317
    3182        0.001958
    3183        0.001957
    3184        0.001597
    3185        0.001595
    3186        0.001234
    3187        0.001226
    3188        0.000843
    3189        0.000867
    3190        0.000454
    3191        0.000505
    3192        0.000118
    3193        0.000187
    3194       -0.000048
    3195        0.000029
    3196       -0.000043
    3197        0.000021


                                                      SUMMARY INFORMATION
                                                  _________________________

                                                         Min/Max Values
    -Source ID--Entity ID---Sub ID----X Component--
Min:     1       1450          0        -0.043879
Max:     1        629          0         0.021026

