




                       MSC.Patran 25.0.638960 Wed Mar 13 09:21:55 PDT 2019 - Analysis Code: MSC.Nastran 
                                             Load Case: Default, A1:Static Subcase 
                                         Result Strain Tensor,  - Layer (NON-LAYERED) 
                                                     Entity: Element Tensor


-Entity ID--X Component--
       1        0.000127
       2        0.000167
       3       -0.000403
       4       -0.001537
       5       -0.002840
       6       -0.004120
       7       -0.005355
       8       -0.006569
       9       -0.007776
      10       -0.008982
      11       -0.010188
      12       -0.011394
      13       -0.012599
      14       -0.013818
      15       -0.015029
      16       -0.016382
      17       -0.018072
      18       -0.018668
      19       -0.018164
      20       -0.018000
      21       -0.017987
      22       -0.017997
      23       -0.018073
      24       -0.018175
      25       -0.018244
      26       -0.018244
      27       -0.018175
      28       -0.018073
      29       -0.017997
      30       -0.017987
      31       -0.018000
      32       -0.018164
      33       -0.018670
      34       -0.018070
      35       -0.016382
      36       -0.015029
      37       -0.013818
      38       -0.012599
      39       -0.011394
      40       -0.010188
      41       -0.008982
      42       -0.007776
      43       -0.006569
      44       -0.005355
      45       -0.004120
      46       -0.002840
      47       -0.001537
      48       -0.000403
      49        0.000167
      50        0.000127
      51        0.000039
      52       -0.000222
      53       -0.001148
      54       -0.002378
      55       -0.003587
      56       -0.004695
      57       -0.005744
      58       -0.006767
      59       -0.007783
      60       -0.008796
      61       -0.009810
      62       -0.010826
      63       -0.011845
      64       -0.012892
      65       -0.013916
      66       -0.015283
      67       -0.016282
      68       -0.016770
      69       -0.016786
      70       -0.016412
      71       -0.016385
      72       -0.016347
      73       -0.016384
      74       -0.016451
      75       -0.016496
      76       -0.016496
      77       -0.016451
      78       -0.016384
      79       -0.016347
      80       -0.016385
      81       -0.016412
      82       -0.016786
      83       -0.016772
      84       -0.016279
      85       -0.015282
      86       -0.013916
      87       -0.012892
      88       -0.011845
      89       -0.010826
      90       -0.009810
      91       -0.008796
      92       -0.007783
      93       -0.006767
      94       -0.005744
      95       -0.004695
      96       -0.003587
      97       -0.002378
      98       -0.001148
      99       -0.000222
     100        0.000039
     101       -0.000264
     102       -0.001180
     103       -0.002709
     104       -0.004100
     105       -0.005102
     106       -0.005861
     107       -0.006528
     108       -0.007167
     109       -0.007797
     110       -0.008424
     111       -0.009052
     112       -0.009685
     113       -0.010323
     114       -0.011019
     115       -0.011659
     116       -0.013047
     117       -0.012666
     118       -0.012965
     119       -0.013978
     120       -0.013202
     121       -0.013154
     122       -0.013035
     123       -0.013001
     124       -0.013003
     125       -0.013001
     126       -0.013001
     127       -0.013003
     128       -0.013001
     129       -0.013035
     130       -0.013154
     131       -0.013202
     132       -0.013979
     133       -0.012965
     134       -0.012666
     135       -0.013047
     136       -0.011659
     137       -0.011019
     138       -0.010323
     139       -0.009685
     140       -0.009052
     141       -0.008424
     142       -0.007797
     143       -0.007167
     144       -0.006528
     145       -0.005861
     146       -0.005102
     147       -0.004100
     148       -0.002709
     149       -0.001180
     150       -0.000264
     151       -0.000555
     152       -0.002145
     153       -0.004320
     154       -0.005863
     155       -0.006636
     156       -0.007032
     157       -0.007315
     158       -0.007568
     159       -0.007811
     160       -0.008050
     161       -0.008296
     162       -0.008534
     163       -0.008822
     164       -0.009074
     165       -0.009570
     166       -0.010237
     167       -0.009562
     168       -0.009681
     169       -0.010595
     170       -0.010162
     171       -0.009855
     172       -0.009743
     173       -0.009608
     174       -0.009557
     175       -0.009499
     176       -0.009499
     177       -0.009557
     178       -0.009608
     179       -0.009743
     180       -0.009855
     181       -0.010162
     182       -0.010596
     183       -0.009681
     184       -0.009562
     185       -0.010237
     186       -0.009570
     187       -0.009074
     188       -0.008822
     189       -0.008534
     190       -0.008296
     191       -0.008050
     192       -0.007811
     193       -0.007568
     194       -0.007315
     195       -0.007032
     196       -0.006636
     197       -0.005863
     198       -0.004320
     199       -0.002145
     200       -0.000555
     201       -0.000876
     202       -0.003225
     203       -0.006077
     204       -0.007702
     205       -0.008190
     206       -0.008206
     207       -0.008104
     208       -0.007970
     209       -0.007824
     210       -0.007680
     211       -0.007532
     212       -0.007400
     213       -0.007279
     214       -0.007196
     215       -0.007321
     216       -0.007426
     217       -0.006603
     218       -0.006531
     219       -0.007217
     220       -0.006963
     221       -0.006633
     222       -0.006420
     223       -0.006235
     224       -0.006097
     225       -0.005981
     226       -0.005981
     227       -0.006097
     228       -0.006235
     229       -0.006420
     230       -0.006633
     231       -0.006963
     232       -0.007218
     233       -0.006531
     234       -0.006603
     235       -0.007426
     236       -0.007321
     237       -0.007196
     238       -0.007279
     239       -0.007400
     240       -0.007532
     241       -0.007680
     242       -0.007824
     243       -0.007970
     244       -0.008104
     245       -0.008206
     246       -0.008190
     247       -0.007702
     248       -0.006077
     249       -0.003225
     250       -0.000876
     251       -0.001269
     252       -0.004552
     253       -0.008079
     254       -0.009639
     255       -0.009761
     256       -0.009383
     257       -0.008896
     258       -0.008371
     259       -0.007840
     260       -0.007305
     261       -0.006775
     262       -0.006253
     263       -0.005748
     264       -0.005300
     265       -0.005000
     266       -0.004634
     267       -0.003701
     268       -0.003442
     269       -0.003856
     270       -0.003694
     271       -0.003407
     272       -0.003129
     273       -0.002858
     274       -0.002632
     275       -0.002428
     276       -0.002428
     277       -0.002632
     278       -0.002858
     279       -0.003129
     280       -0.003407
     281       -0.003694
     282       -0.003856
     283       -0.003442
     284       -0.003701
     285       -0.004634
     286       -0.004999
     287       -0.005300
     288       -0.005748
     289       -0.006253
     290       -0.006775
     291       -0.007305
     292       -0.007840
     293       -0.008371
     294       -0.008896
     295       -0.009383
     296       -0.009761
     297       -0.009639
     298       -0.008079
     299       -0.004552
     300       -0.001269
     301       -0.001808
     302       -0.006305
     303       -0.010423
     304       -0.011684
     305       -0.011338
     306       -0.010568
     307       -0.009688
     308       -0.008775
     309       -0.007852
     310       -0.006934
     311       -0.006014
     312       -0.005106
     313       -0.004216
     314       -0.003384
     315       -0.002636
     316       -0.001850
     317       -0.000812
     318       -0.000366
     319       -0.000502
     320       -0.000384
     321       -0.000180
     322        0.000127
     323        0.000504
     324        0.000853
     325        0.001174
     326        0.001174
     327        0.000853
     328        0.000504
     329        0.000127
     330       -0.000180
     331       -0.000384
     332       -0.000502
     333       -0.000366
     334       -0.000812
     335       -0.001850
     336       -0.002636
     337       -0.003384
     338       -0.004216
     339       -0.005106
     340       -0.006014
     341       -0.006934
     342       -0.007852
     343       -0.008775
     344       -0.009688
     345       -0.010568
     346       -0.011338
     347       -0.011684
     348       -0.010423
     349       -0.006305
     350       -0.001808
     351       -0.002620
     352       -0.008722
     353       -0.013210
     354       -0.013786
     355       -0.012930
     356       -0.011751
     357       -0.010490
     358       -0.009168
     359       -0.007873
     360       -0.006557
     361       -0.005257
     362       -0.003955
     363       -0.002680
     364       -0.001452
     365       -0.000252
     366        0.000949
     367        0.002095
     368        0.002730
     369        0.002860
     370        0.002958
     371        0.003041
     372        0.003327
     373        0.003833
     374        0.004379
     375        0.004841
     376        0.004841
     377        0.004379
     378        0.003833
     379        0.003327
     380        0.003041
     381        0.002958
     382        0.002860
     383        0.002730
     384        0.002095
     385        0.000949
     386       -0.000252
     387       -0.001452
     388       -0.002680
     389       -0.003955
     390       -0.005257
     391       -0.006557
     392       -0.007873
     393       -0.009168
     394       -0.010490
     395       -0.011751
     396       -0.012930
     397       -0.013786
     398       -0.013210
     399       -0.008722
     400       -0.002620
     401       -0.003861
     402       -0.012260
     403       -0.016382
     404       -0.015935
     405       -0.014481
     406       -0.012995
     407       -0.011246
     408       -0.009593
     409       -0.007874
     410       -0.006190
     411       -0.004492
     412       -0.002807
     413       -0.001136
     414        0.000490
     415        0.002136
     416        0.003783
     417        0.005050
     418        0.005881
     419        0.006252
     420        0.006294
     421        0.006311
     422        0.006395
     423        0.007109
     424        0.007994
     425        0.008580
     426        0.008580
     427        0.007994
     428        0.007109
     429        0.006395
     430        0.006311
     431        0.006294
     432        0.006252
     433        0.005881
     434        0.005050
     435        0.003783
     436        0.002136
     437        0.000490
     438       -0.001136
     439       -0.002807
     440       -0.004492
     441       -0.006190
     442       -0.007874
     443       -0.009593
     444       -0.011246
     445       -0.012995
     446       -0.014481
     447       -0.015935
     448       -0.016382
     449       -0.012260
     450       -0.003861
     451       -0.006345
     452       -0.017151
     453       -0.020102
     454       -0.017696
     455       -0.016331
     456       -0.014065
     457       -0.012099
     458       -0.009964
     459       -0.007902
     460       -0.005811
     461       -0.003732
     462       -0.001661
     463        0.000415
     464        0.002440
     465        0.004509
     466        0.006658
     467        0.008105
     468        0.009117
     469        0.009711
     470        0.009566
     471        0.009651
     472        0.009450
     473        0.009893
     474        0.012179
     475        0.012222
     476        0.012222
     477        0.012179
     478        0.009893
     479        0.009450
     480        0.009651
     481        0.009566
     482        0.009711
     483        0.009117
     484        0.008105
     485        0.006658
     486        0.004509
     487        0.002440
     488        0.000415
     489       -0.001661
     490       -0.003732
     491       -0.005811
     492       -0.007902
     493       -0.009964
     494       -0.012099
     495       -0.014065
     496       -0.016331
     497       -0.017696
     498       -0.020102
     499       -0.017151
     500       -0.006345
     501       -0.009481
     502       -0.026009
     503       -0.022003
     504       -0.020401
     505       -0.017733
     506       -0.015346
     507       -0.012854
     508       -0.010379
     509       -0.007912
     510       -0.005437
     511       -0.002973
     512       -0.000502
     513        0.001946
     514        0.004433
     515        0.006829
     516        0.009553
     517        0.011331
     518        0.012530
     519        0.013169
     520        0.012845
     521        0.012865
     522        0.012902
     523        0.011822
     524        0.017088
     525        0.015704
     526        0.015704
     527        0.017088
     528        0.011822
     529        0.012902
     530        0.012865
     531        0.012845
     532        0.013169
     533        0.012530
     534        0.011331
     535        0.009553
     536        0.006829
     537        0.004433
     538        0.001946
     539       -0.000502
     540       -0.002973
     541       -0.005437
     542       -0.007912
     543       -0.010379
     544       -0.012854
     545       -0.015346
     546       -0.017733
     547       -0.020401
     548       -0.022003
     549       -0.026009
     550       -0.009481
     551       -0.028201
     552       -0.030622
     553       -0.025473
     554       -0.022498
     555       -0.019324
     556       -0.016576
     557       -0.013608
     558       -0.010804
     559       -0.007911
     560       -0.005070
     561       -0.002207
     562        0.000646
     563        0.003503
     564        0.006362
     565        0.009290
     566        0.012162
     567        0.014944
     568        0.016338
     569        0.016333
     570        0.016276
     571        0.016031
     572        0.016176
     573        0.014946
     574        0.020715
     575        0.019437
     576        0.019437
     577        0.020715
     578        0.014946
     579        0.016176
     580        0.016031
     581        0.016276
     582        0.016333
     583        0.016338
     584        0.014944
     585        0.012162
     586        0.009290
     587        0.006362
     588        0.003503
     589        0.000646
     590       -0.002207
     591       -0.005070
     592       -0.007911
     593       -0.010804
     594       -0.013608
     595       -0.016576
     596       -0.019324
     597       -0.022498
     598       -0.025473
     599       -0.030622
     600       -0.028201
     601       -0.043361
     602       -0.031915
     603       -0.027839
     604       -0.023196
     605       -0.020368
     606       -0.017043
     607       -0.014066
     608       -0.010964
     609       -0.007925
     610       -0.004862
     611       -0.001810
     612        0.001241
     613        0.004317
     614        0.007365
     615        0.010544
     616        0.013592
     617        0.016701
     618        0.018200
     619        0.018095
     620        0.018039
     621        0.017855
     622        0.017672
     623        0.017725
     624        0.021009
     625        0.020996
     626        0.020996
     627        0.021009
     628        0.017725
     629        0.017672
     630        0.017855
     631        0.018039
     632        0.018095
     633        0.018201
     634        0.016701
     635        0.013592
     636        0.010544
     637        0.007365
     638        0.004317
     639        0.001241
     640       -0.001810
     641       -0.004862
     642       -0.007925
     643       -0.010964
     644       -0.014066
     645       -0.017043
     646       -0.020368
     647       -0.023196
     648       -0.027839
     649       -0.031915
     650       -0.043361
     651       -0.043097
     652       -0.032351
     653       -0.027672
     654       -0.023301
     655       -0.020335
     656       -0.017053
     657       -0.014043
     658       -0.010937
     659       -0.007879
     660       -0.004799
     661       -0.001724
     662        0.001353
     663        0.004454
     664        0.007546
     665        0.010736
     666        0.013871
     667        0.016948
     668        0.018511
     669        0.018554
     670        0.018545
     671        0.018464
     672        0.018572
     673        0.018612
     674        0.018479
     675        0.018550
     676        0.018550
     677        0.018479
     678        0.018612
     679        0.018572
     680        0.018464
     681        0.018545
     682        0.018554
     683        0.018511
     684        0.016948
     685        0.013871
     686        0.010736
     687        0.007546
     688        0.004454
     689        0.001353
     690       -0.001724
     691       -0.004799
     692       -0.007879
     693       -0.010937
     694       -0.014043
     695       -0.017053
     696       -0.020335
     697       -0.023301
     698       -0.027672
     699       -0.032351
     700       -0.043097
     701       -0.040577
     702       -0.035513
     703       -0.026205
     704       -0.024027
     705       -0.020048
     706       -0.017178
     707       -0.014003
     708       -0.010972
     709       -0.007892
     710       -0.004833
     711       -0.001767
     712        0.001307
     713        0.004366
     714        0.007522
     715        0.010507
     716        0.013998
     717        0.016524
     718        0.018058
     719        0.018592
     720        0.018163
     721        0.018245
     722        0.018046
     723        0.018416
     724        0.019472
     725        0.019797
     726        0.019797
     727        0.019472
     728        0.018416
     729        0.018046
     730        0.018245
     731        0.018163
     732        0.018592
     733        0.018058
     734        0.016524
     735        0.013998
     736        0.010507
     737        0.007522
     738        0.004366
     739        0.001307
     740       -0.001767
     741       -0.004833
     742       -0.007892
     743       -0.010972
     744       -0.014003
     745       -0.017178
     746       -0.020048
     747       -0.024027
     748       -0.026205
     749       -0.035513
     750       -0.040577
     751       -0.043044
     752       -0.032322
     753       -0.027653
     754       -0.023290
     755       -0.020332
     756       -0.017059
     757       -0.014060
     758       -0.010966
     759       -0.007923
     760       -0.004861
     761       -0.001807
     762        0.001245
     763        0.004318
     764        0.007378
     765        0.010534
     766        0.013631
     767        0.016673
     768        0.018175
     769        0.018139
     770        0.018039
     771        0.017884
     772        0.017686
     773        0.017787
     774        0.020896
     775        0.020930
     776        0.020930
     777        0.020896
     778        0.017787
     779        0.017686
     780        0.017884
     781        0.018039
     782        0.018139
     783        0.018175
     784        0.016673
     785        0.013631
     786        0.010534
     787        0.007378
     788        0.004318
     789        0.001245
     790       -0.001807
     791       -0.004861
     792       -0.007923
     793       -0.010966
     794       -0.014060
     795       -0.017059
     796       -0.020332
     797       -0.023290
     798       -0.027653
     799       -0.032322
     800       -0.043044
     801        0.000128
     802        0.000169
     803       -0.000402
     804       -0.001538
     805       -0.002844
     806       -0.004127
     807       -0.005366
     808       -0.006584
     809       -0.007797
     810       -0.009009
     811       -0.010223
     812       -0.011438
     813       -0.012653
     814       -0.013883
     815       -0.015107
     816       -0.016474
     817       -0.018180
     818       -0.018798
     819       -0.018321
     820       -0.018182
     821       -0.018180
     822       -0.018158
     823       -0.018135
     824       -0.018104
     825       -0.018082
     826       -0.018082
     827       -0.018104
     828       -0.018135
     829       -0.018158
     830       -0.018180
     831       -0.018182
     832       -0.018321
     833       -0.018798
     834       -0.018180
     835       -0.016474
     836       -0.015107
     837       -0.013883
     838       -0.012653
     839       -0.011438
     840       -0.010223
     841       -0.009009
     842       -0.007797
     843       -0.006584
     844       -0.005366
     845       -0.004127
     846       -0.002844
     847       -0.001538
     848       -0.000402
     849        0.000169
     850        0.000128
     851        0.000039
     852       -0.000221
     853       -0.001148
     854       -0.002379
     855       -0.003590
     856       -0.004701
     857       -0.005752
     858       -0.006779
     859       -0.007798
     860       -0.008816
     861       -0.009836
     862       -0.010857
     863       -0.011883
     864       -0.012939
     865       -0.013972
     866       -0.015348
     867       -0.016357
     868       -0.016861
     869       -0.016897
     870       -0.016545
     871       -0.016540
     872       -0.016500
     873       -0.016478
     874       -0.016452
     875       -0.016435
     876       -0.016435
     877       -0.016452
     878       -0.016478
     879       -0.016500
     880       -0.016540
     881       -0.016545
     882       -0.016897
     883       -0.016861
     884       -0.016357
     885       -0.015348
     886       -0.013972
     887       -0.012939
     888       -0.011883
     889       -0.010857
     890       -0.009836
     891       -0.008816
     892       -0.007798
     893       -0.006779
     894       -0.005752
     895       -0.004701
     896       -0.003590
     897       -0.002379
     898       -0.001148
     899       -0.000221
     900        0.000039
     901       -0.000264
     902       -0.001179
     903       -0.002710
     904       -0.004102
     905       -0.005105
     906       -0.005865
     907       -0.006532
     908       -0.007173
     909       -0.007803
     910       -0.008432
     911       -0.009062
     912       -0.009697
     913       -0.010338
     914       -0.011036
     915       -0.011679
     916       -0.013071
     917       -0.012692
     918       -0.012995
     919       -0.014019
     920       -0.013259
     921       -0.013251
     922       -0.013184
     923       -0.013164
     924       -0.013144
     925       -0.013132
     926       -0.013132
     927       -0.013144
     928       -0.013164
     929       -0.013184
     930       -0.013251
     931       -0.013259
     932       -0.014019
     933       -0.012995
     934       -0.012692
     935       -0.013071
     936       -0.011679
     937       -0.011036
     938       -0.010338
     939       -0.009697
     940       -0.009062
     941       -0.008432
     942       -0.007803
     943       -0.007173
     944       -0.006532
     945       -0.005865
     946       -0.005105
     947       -0.004102
     948       -0.002710
     949       -0.001179
     950       -0.000264
     951       -0.000556
     952       -0.002145
     953       -0.004322
     954       -0.005866
     955       -0.006639
     956       -0.007033
     957       -0.007316
     958       -0.007568
     959       -0.007810
     960       -0.008047
     961       -0.008291
     962       -0.008527
     963       -0.008812
     964       -0.009061
     965       -0.009555
     966       -0.010218
     967       -0.009536
     968       -0.009651
     969       -0.010564
     970       -0.010141
     971       -0.009890
     972       -0.009888
     973       -0.009842
     974       -0.009838
     975       -0.009828
     976       -0.009828
     977       -0.009838
     978       -0.009842
     979       -0.009888
     980       -0.009890
     981       -0.010141
     982       -0.010564
     983       -0.009651
     984       -0.009536
     985       -0.010218
     986       -0.009555
     987       -0.009062
     988       -0.008812
     989       -0.008527
     990       -0.008291
     991       -0.008047
     992       -0.007810
     993       -0.007568
     994       -0.007316
     995       -0.007033
     996       -0.006639
     997       -0.005866
     998       -0.004322
     999       -0.002145
    1000       -0.000556
    1001       -0.000876
    1002       -0.003226
    1003       -0.006080
    1004       -0.007705
    1005       -0.008192
    1006       -0.008207
    1007       -0.008101
    1008       -0.007964
    1009       -0.007814
    1010       -0.007665
    1011       -0.007512
    1012       -0.007374
    1013       -0.007246
    1014       -0.007155
    1015       -0.007270
    1016       -0.007364
    1017       -0.006527
    1018       -0.006441
    1019       -0.007114
    1020       -0.006860
    1021       -0.006597
    1022       -0.006549
    1023       -0.006536
    1024       -0.006526
    1025       -0.006527
    1026       -0.006527
    1027       -0.006526
    1028       -0.006536
    1029       -0.006549
    1030       -0.006597
    1031       -0.006860
    1032       -0.007114
    1033       -0.006441
    1034       -0.006527
    1035       -0.007364
    1036       -0.007270
    1037       -0.007155
    1038       -0.007246
    1039       -0.007374
    1040       -0.007512
    1041       -0.007665
    1042       -0.007814
    1043       -0.007964
    1044       -0.008101
    1045       -0.008207
    1046       -0.008192
    1047       -0.007705
    1048       -0.006080
    1049       -0.003226
    1050       -0.000876
    1051       -0.001270
    1052       -0.004554
    1053       -0.008084
    1054       -0.009644
    1055       -0.009763
    1056       -0.009382
    1057       -0.008890
    1058       -0.008359
    1059       -0.007821
    1060       -0.007279
    1061       -0.006740
    1062       -0.006207
    1063       -0.005691
    1064       -0.005229
    1065       -0.004913
    1066       -0.004530
    1067       -0.003575
    1068       -0.003292
    1069       -0.003683
    1070       -0.003508
    1071       -0.003282
    1072       -0.003220
    1073       -0.003216
    1074       -0.003219
    1075       -0.003228
    1076       -0.003228
    1077       -0.003219
    1078       -0.003216
    1079       -0.003220
    1080       -0.003282
    1081       -0.003508
    1082       -0.003683
    1083       -0.003292
    1084       -0.003575
    1085       -0.004530
    1086       -0.004913
    1087       -0.005229
    1088       -0.005691
    1089       -0.006207
    1090       -0.006740
    1091       -0.007279
    1092       -0.007821
    1093       -0.008359
    1094       -0.008890
    1095       -0.009382
    1096       -0.009763
    1097       -0.009644
    1098       -0.008084
    1099       -0.004554
    1100       -0.001270
    1101       -0.001810
    1102       -0.006309
    1103       -0.010430
    1104       -0.011690
    1105       -0.011340
    1106       -0.010565
    1107       -0.009678
    1108       -0.008757
    1109       -0.007825
    1110       -0.006897
    1111       -0.005964
    1112       -0.005041
    1113       -0.004134
    1114       -0.003284
    1115       -0.002515
    1116       -0.001703
    1117       -0.000638
    1118       -0.000156
    1119       -0.000259
    1120       -0.000113
    1121        0.000056
    1122        0.000114
    1123        0.000108
    1124        0.000086
    1125        0.000064
    1126        0.000064
    1127        0.000086
    1128        0.000108
    1129        0.000114
    1130        0.000056
    1131       -0.000113
    1132       -0.000259
    1133       -0.000156
    1134       -0.000638
    1135       -0.001703
    1136       -0.002515
    1137       -0.003284
    1138       -0.004134
    1139       -0.005041
    1140       -0.005964
    1141       -0.006897
    1142       -0.007825
    1143       -0.008757
    1144       -0.009678
    1145       -0.010565
    1146       -0.011340
    1147       -0.011690
    1148       -0.010430
    1149       -0.006309
    1150       -0.001810
    1151       -0.002623
    1152       -0.008728
    1153       -0.013220
    1154       -0.013794
    1155       -0.012932
    1156       -0.011746
    1157       -0.010477
    1158       -0.009145
    1159       -0.007838
    1160       -0.006508
    1161       -0.005192
    1162       -0.003872
    1163       -0.002576
    1164       -0.001323
    1165       -0.000097
    1166        0.001137
    1167        0.002317
    1168        0.002998
    1169        0.003178
    1170        0.003304
    1171        0.003414
    1172        0.003459
    1173        0.003437
    1174        0.003390
    1175        0.003347
    1176        0.003347
    1177        0.003390
    1178        0.003437
    1179        0.003459
    1180        0.003414
    1181        0.003304
    1182        0.003178
    1183        0.002998
    1184        0.002317
    1185        0.001137
    1186       -0.000097
    1187       -0.001323
    1188       -0.002576
    1189       -0.003872
    1190       -0.005192
    1191       -0.006508
    1192       -0.007838
    1193       -0.009145
    1194       -0.010477
    1195       -0.011746
    1196       -0.012932
    1197       -0.013794
    1198       -0.013220
    1199       -0.008728
    1200       -0.002623
    1201       -0.003865
    1202       -0.012271
    1203       -0.016397
    1204       -0.015945
    1205       -0.014483
    1206       -0.012989
    1207       -0.011230
    1208       -0.009565
    1209       -0.007832
    1210       -0.006131
    1211       -0.004414
    1212       -0.002706
    1213       -0.001009
    1214        0.000646
    1215        0.002325
    1216        0.004009
    1217        0.005322
    1218        0.006200
    1219        0.006648
    1220        0.006723
    1221        0.006787
    1222        0.006822
    1223        0.006773
    1224        0.006689
    1225        0.006616
    1226        0.006616
    1227        0.006689
    1228        0.006773
    1229        0.006822
    1230        0.006787
    1231        0.006723
    1232        0.006648
    1233        0.006200
    1234        0.005322
    1235        0.004009
    1236        0.002325
    1237        0.000646
    1238       -0.001009
    1239       -0.002706
    1240       -0.004414
    1241       -0.006131
    1242       -0.007832
    1243       -0.009565
    1244       -0.011230
    1245       -0.012989
    1246       -0.014483
    1247       -0.015945
    1248       -0.016397
    1249       -0.012271
    1250       -0.003865
    1251       -0.006354
    1252       -0.017169
    1253       -0.020122
    1254       -0.017708
    1255       -0.016334
    1256       -0.014058
    1257       -0.012081
    1258       -0.009931
    1259       -0.007853
    1260       -0.005741
    1261       -0.003639
    1262       -0.001541
    1263        0.000565
    1264        0.002624
    1265        0.004731
    1266        0.006924
    1267        0.008418
    1268        0.009499
    1269        0.010157
    1270        0.010125
    1271        0.010173
    1272        0.010211
    1273        0.010116
    1274        0.009984
    1275        0.009865
    1276        0.009865
    1277        0.009984
    1278        0.010116
    1279        0.010211
    1280        0.010173
    1281        0.010125
    1282        0.010157
    1283        0.009499
    1284        0.008418
    1285        0.006924
    1286        0.004731
    1287        0.002624
    1288        0.000565
    1289       -0.001541
    1290       -0.003639
    1291       -0.005741
    1292       -0.007853
    1293       -0.009931
    1294       -0.012081
    1295       -0.014058
    1296       -0.016334
    1297       -0.017708
    1298       -0.020122
    1299       -0.017169
    1300       -0.006354
    1301       -0.009496
    1302       -0.026041
    1303       -0.022026
    1304       -0.020414
    1305       -0.017737
    1306       -0.015338
    1307       -0.012833
    1308       -0.010341
    1309       -0.007856
    1310       -0.005358
    1311       -0.002868
    1312       -0.000366
    1313        0.002117
    1314        0.004644
    1315        0.007084
    1316        0.009856
    1317        0.011687
    1318        0.012961
    1319        0.013690
    1320        0.013468
    1321        0.013601
    1322        0.013610
    1323        0.013493
    1324        0.013255
    1325        0.013093
    1326        0.013093
    1327        0.013255
    1328        0.013493
    1329        0.013610
    1330        0.013601
    1331        0.013468
    1332        0.013690
    1333        0.012961
    1334        0.011687
    1335        0.009856
    1336        0.007084
    1337        0.004644
    1338        0.002117
    1339       -0.000366
    1340       -0.002868
    1341       -0.005358
    1342       -0.007856
    1343       -0.010341
    1344       -0.012833
    1345       -0.015338
    1346       -0.017737
    1347       -0.020414
    1348       -0.022026
    1349       -0.026041
    1350       -0.009496
    1351       -0.028251
    1352       -0.030664
    1353       -0.025499
    1354       -0.022514
    1355       -0.019329
    1356       -0.016568
    1357       -0.013585
    1358       -0.010763
    1359       -0.007849
    1360       -0.004982
    1361       -0.002089
    1362        0.000798
    1363        0.003695
    1364        0.006600
    1365        0.009578
    1366        0.012502
    1367        0.015340
    1368        0.016812
    1369        0.016935
    1370        0.016958
    1371        0.016938
    1372        0.017079
    1373        0.016930
    1374        0.016454
    1375        0.016311
    1376        0.016311
    1377        0.016454
    1378        0.016930
    1379        0.017079
    1380        0.016938
    1381        0.016958
    1382        0.016935
    1383        0.016812
    1384        0.015340
    1385        0.012502
    1386        0.009578
    1387        0.006600
    1388        0.003695
    1389        0.000798
    1390       -0.002089
    1391       -0.004982
    1392       -0.007849
    1393       -0.010763
    1394       -0.013585
    1395       -0.016568
    1396       -0.019329
    1397       -0.022514
    1398       -0.025498
    1399       -0.030664
    1400       -0.028251
    1401       -0.043418
    1402       -0.031946
    1403       -0.027859
    1404       -0.023208
    1405       -0.020372
    1406       -0.017038
    1407       -0.014049
    1408       -0.010933
    1409       -0.007879
    1410       -0.004797
    1411       -0.001722
    1412        0.001355
    1413        0.004461
    1414        0.007543
    1415        0.010759
    1416        0.013847
    1417        0.016993
    1418        0.018558
    1419        0.018536
    1420        0.018578
    1421        0.018474
    1422        0.018608
    1423        0.018618
    1424        0.018422
    1425        0.018469
    1426        0.018469
    1427        0.018422
    1428        0.018618
    1429        0.018608
    1430        0.018474
    1431        0.018578
    1432        0.018536
    1433        0.018558
    1434        0.016993
    1435        0.013847
    1436        0.010759
    1437        0.007543
    1438        0.004461
    1439        0.001355
    1440       -0.001722
    1441       -0.004797
    1442       -0.007879
    1443       -0.010933
    1444       -0.014049
    1445       -0.017038
    1446       -0.020372
    1447       -0.023208
    1448       -0.027859
    1449       -0.031946
    1450       -0.043418
    1451        0.000024
    1452        0.000170
    1453        0.000397
    1454        0.000637
    1455        0.000841
    1456        0.000995
    1457        0.001089
    1458        0.001120
    1459        0.001087
    1460        0.000992
    1461        0.000838
    1462        0.000635
    1463        0.000396
    1464        0.000170
    1465        0.000024
    1466       -0.000000
    1467        0.000163
    1468        0.000374
    1469        0.000574
    1470        0.000734
    1471        0.000844
    1472        0.000907
    1473        0.000926
    1474        0.000905
    1475        0.000841
    1476        0.000730
    1477        0.000570
    1478        0.000372
    1479        0.000162
    1480       -0.000001
    1481       -0.000117
    1482        0.000124
    1483        0.000353
    1484        0.000540
    1485        0.000671
    1486        0.000747
    1487        0.000783
    1488        0.000792
    1489        0.000782
    1490        0.000745
    1491        0.000666
    1492        0.000534
    1493        0.000347
    1494        0.000119
    1495       -0.000121
    1496       -0.000181
    1497        0.000126
    1498        0.000376
    1499        0.000551
    1500        0.000651
    1501        0.000692
    1502        0.000700
    1503        0.000700
    1504        0.000701
    1505        0.000691
    1506        0.000646
    1507        0.000543
    1508        0.000367
    1509        0.000116
    1510       -0.000194
    1511       -0.000153
    1512        0.000215
    1513        0.000470
    1514        0.000616
    1515        0.000671
    1516        0.000668
    1517        0.000645
    1518        0.000635
    1519        0.000647
    1520        0.000667
    1521        0.000664
    1522        0.000605
    1523        0.000458
    1524        0.000200
    1525       -0.000178
    1526        0.000033
    1527        0.000434
    1528        0.000660
    1529        0.000743
    1530        0.000727
    1531        0.000664
    1532        0.000604
    1533        0.000581
    1534        0.000605
    1535        0.000662
    1536        0.000717
    1537        0.000728
    1538        0.000647
    1539        0.000420
    1540       -0.000002
    1541        0.000447
    1542        0.000840
    1543        0.000970
    1544        0.000931
    1545        0.000807
    1546        0.000667
    1547        0.000561
    1548        0.000523
    1549        0.000562
    1550        0.000663
    1551        0.000795
    1552        0.000914
    1553        0.000958
    1554        0.000834
    1555        0.000411
    1556        0.001247
    1557        0.001474
    1558        0.001370
    1559        0.001122
    1560        0.000861
    1561        0.000641
    1562        0.000495
    1563        0.000446
    1564        0.000501
    1565        0.000648
    1566        0.000862
    1567        0.001114
    1568        0.001359
    1569        0.001471
    1570        0.001218
    1571        0.002412
    1572        0.002153
    1573        0.001547
    1574        0.001075
    1575        0.000742
    1576        0.000519
    1577        0.000382
    1578        0.000338
    1579        0.000401
    1580        0.000553
    1581        0.000778
    1582        0.001094
    1583        0.001539
    1584        0.002128
    1585        0.002385
    1586        0.003762
    1587        0.001549
    1588        0.000691
    1589        0.000314
    1590        0.000165
    1591        0.000180
    1592        0.000214
    1593        0.000198
    1594        0.000245
    1595        0.000240
    1596        0.000218
    1597        0.000342
    1598        0.000681
    1599        0.001491
    1600        0.003714
    1601        0.000248
    1602       -0.001600
    1603       -0.001516
    1604       -0.001448
    1605       -0.001223
    1606       -0.000709
    1607        0.000061
    1608        0.000042
    1609        0.000083
    1610       -0.000697
    1611       -0.001250
    1612       -0.001488
    1613       -0.001548
    1614       -0.001628
    1615        0.000219
    1616       -0.000558
    1617       -0.000125
    1618       -0.000473
    1619       -0.000993
    1620       -0.000368
    1621       -0.000897
    1622       -0.001414
    1623       -0.000695
    1624       -0.001335
    1625       -0.001928
    1626       -0.001371
    1627       -0.001867
    1628       -0.003036
    1629       -0.002359
    1630       -0.003041
    1631       -0.002026
    1632       -0.001281
    1633       -0.002031
    1799        0.002293
    1800        0.002666
    1801        0.004417
    1802        0.004549
    1803        0.004693
    1804        0.004752
    1805        0.004773
    1806        0.004781
    1807        0.004780
    1808        0.004765
    1809        0.004710
    1810        0.004568
    1811        0.004431
    1812        0.002679
    1813        0.002296
    1814        0.000729
    1815        0.002713
    1816        0.003973
    1817        0.004472
    1818        0.004768
    1819        0.004937
    1820        0.005017
    1821        0.005043
    1822        0.005021
    1823        0.004945
    1824        0.004781
    1825        0.004487
    1826        0.003987
    1827        0.002734
    1828        0.000756
    1829        0.002192
    1830        0.002680
    1831        0.003563
    1832        0.004273
    1833        0.004728
    1834        0.005030
    1835        0.005196
    1836        0.005248
    1837        0.005194
    1838        0.005030
    1839        0.004735
    1840        0.004288
    1841        0.003585
    1842        0.002711
    1843        0.002238
    1844        0.001520
    1845        0.002412
    1846        0.003222
    1847        0.003973
    1848        0.004589
    1849        0.005033
    1850        0.005301
    1851        0.005386
    1852        0.005291
    1853        0.005024
    1854        0.004591
    1855        0.003991
    1856        0.003253
    1857        0.002457
    1858        0.001591
    1859        0.001163
    1860        0.001957
    1861        0.002791
    1862        0.003610
    1863        0.004351
    1864        0.004946
    1865        0.005329
    1866        0.005453
    1867        0.005309
    1868        0.004925
    1869        0.004346
    1870        0.003629
    1871        0.002830
    1872        0.002012
    1873        0.001251
    1874        0.000712
    1875        0.001461
    1876        0.002276
    1877        0.003144
    1878        0.004010
    1879        0.004767
    1880        0.005277
    1881        0.005448
    1882        0.005254
    1883        0.004747
    1884        0.004022
    1885        0.003181
    1886        0.002321
    1887        0.001518
    1888        0.000806
    1889        0.000339
    1890        0.000918
    1891        0.001646
    1892        0.002540
    1893        0.003533
    1894        0.004477
    1895        0.005148
    1896        0.005376
    1897        0.005122
    1898        0.004463
    1899        0.003562
    1900        0.002596
    1901        0.001706
    1902        0.000974
    1903        0.000429
    1904       -0.000087
    1905        0.000235
    1906        0.000817
    1907        0.001696
    1908        0.002839
    1909        0.004041
    1910        0.004941
    1911        0.005247
    1912        0.004907
    1913        0.004024
    1914        0.002873
    1915        0.001767
    1916        0.000887
    1917        0.000290
    1918       -0.000013
    1919       -0.000723
    1920       -0.000666
    1921       -0.000338
    1922        0.000470
    1923        0.001787
    1924        0.003389
    1925        0.004670
    1926        0.005077
    1927        0.004605
    1928        0.003323
    1929        0.001769
    1930        0.000501
    1931       -0.000287
    1932       -0.000607
    1933       -0.000660
    1934       -0.001335
    1935       -0.002183
    1936       -0.002035
    1937       -0.001300
    1938        0.000115
    1939        0.002319
    1940        0.004396
    1941        0.004887
    1942        0.004255
    1943        0.002110
    1944       -0.000058
    1945       -0.001384
    1946       -0.002046
    1947       -0.002151
    1948       -0.001306
    1949       -0.005870
    1950       -0.004319
    1951       -0.003948
    1952       -0.003482
    1953       -0.002494
    1954       -0.000101
    1955        0.004435
    1956        0.004694
    1957        0.004218
    1958       -0.000622
    1959       -0.002905
    1960       -0.003715
    1961       -0.004046
    1962       -0.004313
    1963       -0.005858
    1964        0.003808
    1965        0.004480
    1966        0.004172
    1967        0.003330
    1968        0.004246
    1969        0.003691
    1970        0.003296
    1971        0.003804
    1972        0.003496
    1973        0.002861
    1974        0.003324
    1975        0.002932
    1976        0.002749
    1977        0.001104
    1978        0.002765
    1979        0.000392
    1980       -0.002059
    1981        0.000340
    1982        0.002293
    1983        0.002666
    1984        0.004417
    1985        0.004549
    1986        0.004693
    1987        0.004752
    1988        0.004773
    1989        0.004781
    1990        0.004780
    1991        0.004765
    1992        0.004710
    1993        0.004568
    1994        0.004431
    1995        0.002679
    1996        0.002296
    1997        0.000729
    1998        0.002713
    1999        0.003973
    2000        0.004472
    2001        0.004768
    2002        0.004937
    2003        0.005017
    2004        0.005043
    2005        0.005021
    2006        0.004945
    2007        0.004781
    2008        0.004487
    2009        0.003987
    2010        0.002734
    2011        0.000756
    2012        0.002192
    2013        0.002680
    2014        0.003563
    2015        0.004273
    2016        0.004728
    2017        0.005030
    2018        0.005196
    2019        0.005248
    2020        0.005194
    2021        0.005030
    2022        0.004735
    2023        0.004288
    2024        0.003585
    2025        0.002711
    2026        0.002238
    2027        0.001520
    2028        0.002412
    2029        0.003222
    2030        0.003973
    2031        0.004587
    2032        0.005030
    2033        0.005300
    2034        0.005386
    2035        0.005290
    2036        0.005020
    2037        0.004586
    2038        0.003987
    2039        0.003252
    2040        0.002457
    2041        0.001591
    2042        0.001164
    2043        0.001957
    2044        0.002791
    2045        0.003607
    2046        0.004350
    2047        0.004946
    2048        0.005328
    2049        0.005453
    2050        0.005310
    2051        0.004928
    2052        0.004350
    2053        0.003629
    2054        0.002828
    2055        0.002012
    2056        0.001251
    2057        0.000712
    2058        0.001462
    2059        0.002276
    2060        0.003148
    2061        0.004013
    2062        0.004768
    2063        0.005278
    2064        0.005448
    2065        0.005254
    2066        0.004748
    2067        0.004023
    2068        0.003183
    2069        0.002326
    2070        0.001519
    2071        0.000806
    2072        0.000339
    2073        0.000918
    2074        0.001646
    2075        0.002541
    2076        0.003535
    2077        0.004477
    2078        0.005149
    2079        0.005376
    2080        0.005121
    2081        0.004464
    2082        0.003563
    2083        0.002597
    2084        0.001707
    2085        0.000974
    2086        0.000429
    2087       -0.000085
    2088        0.000240
    2089        0.000818
    2090        0.001697
    2091        0.002839
    2092        0.004042
    2093        0.004941
    2094        0.005247
    2095        0.004907
    2096        0.004024
    2097        0.002873
    2098        0.001767
    2099        0.000887
    2100        0.000295
    2101       -0.000010
    2102       -0.000726
    2103       -0.000668
    2104       -0.000338
    2105        0.000471
    2106        0.001787
    2107        0.003389
    2108        0.004670
    2109        0.005077
    2110        0.004605
    2111        0.003323
    2112        0.001773
    2113        0.000504
    2114       -0.000287
    2115       -0.000607
    2116       -0.000663
    2117       -0.001335
    2118       -0.002179
    2119       -0.002033
    2120       -0.001299
    2121        0.000116
    2122        0.002319
    2123        0.004396
    2124        0.004887
    2125        0.004255
    2126        0.002110
    2127       -0.000051
    2128       -0.001386
    2129       -0.002046
    2130       -0.002151
    2131       -0.001306
    2132       -0.005872
    2133       -0.004317
    2134       -0.003948
    2135       -0.003482
    2136       -0.002494
    2137       -0.000101
    2138        0.004435
    2139        0.004694
    2140        0.004218
    2141       -0.000622
    2142       -0.002902
    2143       -0.003721
    2144       -0.004047
    2145       -0.004313
    2146       -0.005859
    2147        0.003808
    2148        0.004479
    2149        0.004172
    2150        0.003330
    2151        0.004246
    2152        0.003690
    2153        0.003296
    2154        0.003804
    2155        0.003497
    2156        0.002861
    2157        0.003324
    2158        0.002933
    2159        0.002750
    2160        0.001104
    2161        0.002766
    2162        0.000392
    2163       -0.002059
    2164        0.000340
    2165        0.000024
    2166        0.000170
    2167        0.000397
    2168        0.000637
    2169        0.000841
    2170        0.000995
    2171        0.001089
    2172        0.001120
    2173        0.001087
    2174        0.000992
    2175        0.000838
    2176        0.000635
    2177        0.000396
    2178        0.000170
    2179        0.000024
    2180       -0.000000
    2181        0.000163
    2182        0.000374
    2183        0.000574
    2184        0.000734
    2185        0.000844
    2186        0.000906
    2187        0.000926
    2188        0.000905
    2189        0.000841
    2190        0.000730
    2191        0.000570
    2192        0.000372
    2193        0.000162
    2194       -0.000001
    2195       -0.000117
    2196        0.000124
    2197        0.000353
    2198        0.000540
    2199        0.000671
    2200        0.000747
    2201        0.000782
    2202        0.000792
    2203        0.000782
    2204        0.000744
    2205        0.000666
    2206        0.000534
    2207        0.000347
    2208        0.000119
    2209       -0.000121
    2210       -0.000181
    2211        0.000126
    2212        0.000376
    2213        0.000551
    2214        0.000650
    2215        0.000691
    2216        0.000700
    2217        0.000700
    2218        0.000701
    2219        0.000690
    2220        0.000645
    2221        0.000542
    2222        0.000366
    2223        0.000115
    2224       -0.000194
    2225       -0.000153
    2226        0.000215
    2227        0.000470
    2228        0.000615
    2229        0.000670
    2230        0.000667
    2231        0.000645
    2232        0.000635
    2233        0.000647
    2234        0.000666
    2235        0.000662
    2236        0.000603
    2237        0.000457
    2238        0.000200
    2239       -0.000178
    2240        0.000033
    2241        0.000434
    2242        0.000660
    2243        0.000742
    2244        0.000727
    2245        0.000665
    2246        0.000604
    2247        0.000581
    2248        0.000606
    2249        0.000663
    2250        0.000719
    2251        0.000728
    2252        0.000646
    2253        0.000420
    2254       -0.000002
    2255        0.000447
    2256        0.000840
    2257        0.000970
    2258        0.000933
    2259        0.000808
    2260        0.000667
    2261        0.000561
    2262        0.000523
    2263        0.000562
    2264        0.000664
    2265        0.000796
    2266        0.000913
    2267        0.000958
    2268        0.000834
    2269        0.000411
    2270        0.001249
    2271        0.001476
    2272        0.001372
    2273        0.001124
    2274        0.000861
    2275        0.000641
    2276        0.000495
    2277        0.000446
    2278        0.000501
    2279        0.000648
    2280        0.000862
    2281        0.001115
    2282        0.001364
    2283        0.001478
    2284        0.001221
    2285        0.002410
    2286        0.002152
    2287        0.001546
    2288        0.001075
    2289        0.000743
    2290        0.000519
    2291        0.000381
    2292        0.000338
    2293        0.000401
    2294        0.000553
    2295        0.000777
    2296        0.001095
    2297        0.001540
    2298        0.002126
    2299        0.002382
    2300        0.003759
    2301        0.001547
    2302        0.000690
    2303        0.000312
    2304        0.000162
    2305        0.000180
    2306        0.000214
    2307        0.000198
    2308        0.000245
    2309        0.000240
    2310        0.000216
    2311        0.000342
    2312        0.000680
    2313        0.001489
    2314        0.003711
    2315        0.000249
    2316       -0.001604
    2317       -0.001516
    2318       -0.001445
    2319       -0.001225
    2320       -0.000707
    2321        0.000060
    2322        0.000043
    2323        0.000082
    2324       -0.000696
    2325       -0.001252
    2326       -0.001486
    2327       -0.001548
    2328       -0.001634
    2329        0.000221
    2330       -0.000557
    2331       -0.000125
    2332       -0.000473
    2333       -0.000993
    2334       -0.000367
    2335       -0.000892
    2336       -0.001414
    2337       -0.000696
    2338       -0.001336
    2339       -0.001928
    2340       -0.001370
    2341       -0.001867
    2342       -0.003032
    2343       -0.002359
    2344       -0.003038
    2345       -0.002030
    2346       -0.001280
    2347       -0.002034
    2348       -0.000039
    2349       -0.000189
    2350       -0.000772
    2351       -0.001758
    2352       -0.002924
    2353       -0.004140
    2354       -0.005356
    2355       -0.006568
    2356       -0.007776
    2357       -0.008986
    2358       -0.010189
    2359       -0.011405
    2360       -0.012594
    2361       -0.013825
    2362       -0.014994
    2363       -0.016175
    2364       -0.017553
    2365       -0.018154
    2366       -0.017968
    2367       -0.017985
    2368       -0.018024
    2369       -0.018024
    2370       -0.018094
    2371       -0.018150
    2372       -0.018196
    2373       -0.018196
    2374       -0.018150
    2375       -0.018094
    2376       -0.018024
    2377       -0.018024
    2378       -0.017985
    2379       -0.017968
    2380       -0.018154
    2381       -0.017552
    2382       -0.016175
    2383       -0.014994
    2384       -0.013825
    2385       -0.012594
    2386       -0.011405
    2387       -0.010189
    2388       -0.008986
    2389       -0.007776
    2390       -0.006568
    2391       -0.005356
    2392       -0.004140
    2393       -0.002924
    2394       -0.001758
    2395       -0.000772
    2396       -0.000189
    2397       -0.000039
    2398       -0.000153
    2399       -0.000388
    2400       -0.000973
    2401       -0.001889
    2402       -0.002985
    2403       -0.004160
    2404       -0.005361
    2405       -0.006568
    2406       -0.007777
    2407       -0.008985
    2408       -0.010195
    2409       -0.011399
    2410       -0.012604
    2411       -0.013802
    2412       -0.014960
    2413       -0.016102
    2414       -0.017224
    2415       -0.017825
    2416       -0.017901
    2417       -0.017961
    2418       -0.018017
    2419       -0.018048
    2420       -0.018092
    2421       -0.018142
    2422       -0.018172
    2423       -0.018172
    2424       -0.018142
    2425       -0.018092
    2426       -0.018048
    2427       -0.018017
    2428       -0.017961
    2429       -0.017901
    2430       -0.017825
    2431       -0.017224
    2432       -0.016102
    2433       -0.014960
    2434       -0.013802
    2435       -0.012603
    2436       -0.011399
    2437       -0.010195
    2438       -0.008985
    2439       -0.007777
    2440       -0.006568
    2441       -0.005361
    2442       -0.004160
    2443       -0.002985
    2444       -0.001889
    2445       -0.000973
    2446       -0.000388
    2447       -0.000153
    2448       -0.000237
    2449       -0.000520
    2450       -0.001123
    2451       -0.001996
    2452       -0.003040
    2453       -0.004180
    2454       -0.005366
    2455       -0.006569
    2456       -0.007777
    2457       -0.008987
    2458       -0.010196
    2459       -0.011402
    2460       -0.012603
    2461       -0.013790
    2462       -0.014927
    2463       -0.016022
    2464       -0.016984
    2465       -0.017585
    2466       -0.017826
    2467       -0.017937
    2468       -0.018016
    2469       -0.018057
    2470       -0.018097
    2471       -0.018133
    2472       -0.018155
    2473       -0.018155
    2474       -0.018133
    2475       -0.018097
    2476       -0.018057
    2477       -0.018016
    2478       -0.017937
    2479       -0.017826
    2480       -0.017585
    2481       -0.016984
    2482       -0.016022
    2483       -0.014927
    2484       -0.013790
    2485       -0.012602
    2486       -0.011402
    2487       -0.010196
    2488       -0.008987
    2489       -0.007777
    2490       -0.006569
    2491       -0.005366
    2492       -0.004180
    2493       -0.003040
    2494       -0.001996
    2495       -0.001123
    2496       -0.000520
    2497       -0.000237
    2498       -0.000299
    2499       -0.000603
    2500       -0.001231
    2501       -0.002078
    2502       -0.003085
    2503       -0.004199
    2504       -0.005371
    2505       -0.006570
    2506       -0.007778
    2507       -0.008989
    2508       -0.010198
    2509       -0.011404
    2510       -0.012603
    2511       -0.013779
    2512       -0.014901
    2513       -0.015949
    2514       -0.016815
    2515       -0.017418
    2516       -0.017757
    2517       -0.017919
    2518       -0.018014
    2519       -0.018065
    2520       -0.018099
    2521       -0.018126
    2522       -0.018142
    2523       -0.018142
    2524       -0.018126
    2525       -0.018099
    2526       -0.018065
    2527       -0.018015
    2528       -0.017919
    2529       -0.017757
    2530       -0.017418
    2531       -0.016815
    2532       -0.015948
    2533       -0.014901
    2534       -0.013779
    2535       -0.012603
    2536       -0.011404
    2537       -0.010198
    2538       -0.008989
    2539       -0.007778
    2540       -0.006570
    2541       -0.005371
    2542       -0.004199
    2543       -0.003085
    2544       -0.002078
    2545       -0.001231
    2546       -0.000603
    2547       -0.000299
    2548       -0.000342
    2549       -0.000651
    2550       -0.001304
    2551       -0.002137
    2552       -0.003119
    2553       -0.004213
    2554       -0.005376
    2555       -0.006572
    2556       -0.007779
    2557       -0.008990
    2558       -0.010200
    2559       -0.011407
    2560       -0.012603
    2561       -0.013772
    2562       -0.014881
    2563       -0.015894
    2564       -0.016705
    2565       -0.017309
    2566       -0.017706
    2567       -0.017906
    2568       -0.018016
    2569       -0.018070
    2570       -0.018102
    2571       -0.018122
    2572       -0.018133
    2573       -0.018133
    2574       -0.018122
    2575       -0.018102
    2576       -0.018070
    2577       -0.018016
    2578       -0.017906
    2579       -0.017706
    2580       -0.017309
    2581       -0.016705
    2582       -0.015894
    2583       -0.014881
    2584       -0.013772
    2585       -0.012603
    2586       -0.011407
    2587       -0.010200
    2588       -0.008990
    2589       -0.007779
    2590       -0.006572
    2591       -0.005376
    2592       -0.004213
    2593       -0.003119
    2594       -0.002137
    2595       -0.001304
    2596       -0.000651
    2597       -0.000342
    2598       -0.000367
    2599       -0.000676
    2600       -0.001345
    2601       -0.002172
    2602       -0.003140
    2603       -0.004223
    2604       -0.005379
    2605       -0.006573
    2606       -0.007781
    2607       -0.008992
    2608       -0.010202
    2609       -0.011409
    2610       -0.012604
    2611       -0.013770
    2612       -0.014870
    2613       -0.015862
    2614       -0.016644
    2615       -0.017250
    2616       -0.017678
    2617       -0.017901
    2618       -0.018019
    2619       -0.018075
    2620       -0.018104
    2621       -0.018119
    2622       -0.018126
    2623       -0.018126
    2624       -0.018119
    2625       -0.018104
    2626       -0.018075
    2627       -0.018019
    2628       -0.017901
    2629       -0.017678
    2630       -0.017250
    2631       -0.016644
    2632       -0.015862
    2633       -0.014870
    2634       -0.013770
    2635       -0.012604
    2636       -0.011409
    2637       -0.010202
    2638       -0.008992
    2639       -0.007781
    2640       -0.006573
    2641       -0.005379
    2642       -0.004223
    2643       -0.003140
    2644       -0.002172
    2645       -0.001345
    2646       -0.000676
    2647       -0.000367
    2648       -0.000376
    2649       -0.000683
    2650       -0.001359
    2651       -0.002184
    2652       -0.003147
    2653       -0.004226
    2654       -0.005381
    2655       -0.006574
    2656       -0.007782
    2657       -0.008993
    2658       -0.010204
    2659       -0.011412
    2660       -0.012607
    2661       -0.013772
    2662       -0.014870
    2663       -0.015855
    2664       -0.016629
    2665       -0.017236
    2666       -0.017675
    2667       -0.017906
    2668       -0.018026
    2669       -0.018081
    2670       -0.018106
    2671       -0.018117
    2672       -0.018121
    2673       -0.018121
    2674       -0.018117
    2675       -0.018106
    2676       -0.018081
    2677       -0.018026
    2678       -0.017906
    2679       -0.017675
    2680       -0.017236
    2681       -0.016629
    2682       -0.015855
    2683       -0.014870
    2684       -0.013772
    2685       -0.012607
    2686       -0.011412
    2687       -0.010204
    2688       -0.008993
    2689       -0.007782
    2690       -0.006574
    2691       -0.005381
    2692       -0.004226
    2693       -0.003147
    2694       -0.002184
    2695       -0.001359
    2696       -0.000683
    2697       -0.000376
    2698       -0.000367
    2699       -0.000676
    2700       -0.001345
    2701       -0.002172
    2702       -0.003141
    2703       -0.004224
    2704       -0.005381
    2705       -0.006575
    2706       -0.007783
    2707       -0.008995
    2708       -0.010207
    2709       -0.011415
    2710       -0.012611
    2711       -0.013778
    2712       -0.014880
    2713       -0.015873
    2714       -0.016658
    2715       -0.017266
    2716       -0.017697
    2717       -0.017921
    2718       -0.018037
    2719       -0.018088
    2720       -0.018108
    2721       -0.018115
    2722       -0.018117
    2723       -0.018117
    2724       -0.018115
    2725       -0.018108
    2726       -0.018088
    2727       -0.018037
    2728       -0.017921
    2729       -0.017697
    2730       -0.017266
    2731       -0.016658
    2732       -0.015873
    2733       -0.014880
    2734       -0.013778
    2735       -0.012611
    2736       -0.011415
    2737       -0.010207
    2738       -0.008995
    2739       -0.007783
    2740       -0.006575
    2741       -0.005381
    2742       -0.004224
    2743       -0.003141
    2744       -0.002172
    2745       -0.001345
    2746       -0.000676
    2747       -0.000367
    2748       -0.000342
    2749       -0.000651
    2750       -0.001304
    2751       -0.002138
    2752       -0.003120
    2753       -0.004215
    2754       -0.005379
    2755       -0.006576
    2756       -0.007785
    2757       -0.008997
    2758       -0.010209
    2759       -0.011418
    2760       -0.012617
    2761       -0.013789
    2762       -0.014901
    2763       -0.015917
    2764       -0.016733
    2765       -0.017342
    2766       -0.017744
    2767       -0.017946
    2768       -0.018052
    2769       -0.018096
    2770       -0.018111
    2771       -0.018114
    2772       -0.018114
    2773       -0.018114
    2774       -0.018114
    2775       -0.018111
    2776       -0.018096
    2777       -0.018052
    2778       -0.017946
    2779       -0.017744
    2780       -0.017342
    2781       -0.016733
    2782       -0.015917
    2783       -0.014901
    2784       -0.013789
    2785       -0.012617
    2786       -0.011418
    2787       -0.010209
    2788       -0.008997
    2789       -0.007785
    2790       -0.006576
    2791       -0.005379
    2792       -0.004215
    2793       -0.003120
    2794       -0.002138
    2795       -0.001304
    2796       -0.000651
    2797       -0.000342
    2798       -0.000299
    2799       -0.000603
    2800       -0.001231
    2801       -0.002079
    2802       -0.003087
    2803       -0.004201
    2804       -0.005376
    2805       -0.006576
    2806       -0.007787
    2807       -0.008999
    2808       -0.010212
    2809       -0.011421
    2810       -0.012623
    2811       -0.013804
    2812       -0.014931
    2813       -0.015984
    2814       -0.016858
    2815       -0.017468
    2816       -0.017814
    2817       -0.017980
    2818       -0.018071
    2819       -0.018105
    2820       -0.018114
    2821       -0.018113
    2822       -0.018111
    2823       -0.018111
    2824       -0.018113
    2825       -0.018114
    2826       -0.018105
    2827       -0.018071
    2828       -0.017980
    2829       -0.017814
    2830       -0.017468
    2831       -0.016858
    2832       -0.015984
    2833       -0.014931
    2834       -0.013804
    2835       -0.012623
    2836       -0.011421
    2837       -0.010212
    2838       -0.008999
    2839       -0.007787
    2840       -0.006576
    2841       -0.005376
    2842       -0.004201
    2843       -0.003087
    2844       -0.002079
    2845       -0.001231
    2846       -0.000603
    2847       -0.000299
    2848       -0.000236
    2849       -0.000520
    2850       -0.001123
    2851       -0.001997
    2852       -0.003042
    2853       -0.004184
    2854       -0.005372
    2855       -0.006577
    2856       -0.007788
    2857       -0.009002
    2858       -0.010214
    2859       -0.011425
    2860       -0.012630
    2861       -0.013823
    2862       -0.014967
    2863       -0.016069
    2864       -0.017040
    2865       -0.017652
    2866       -0.017903
    2867       -0.018021
    2868       -0.018095
    2869       -0.018115
    2870       -0.018118
    2871       -0.018113
    2872       -0.018108
    2873       -0.018108
    2874       -0.018113
    2875       -0.018118
    2876       -0.018115
    2877       -0.018095
    2878       -0.018021
    2879       -0.017903
    2880       -0.017652
    2881       -0.017040
    2882       -0.016069
    2883       -0.014967
    2884       -0.013823
    2885       -0.012630
    2886       -0.011425
    2887       -0.010214
    2888       -0.009002
    2889       -0.007788
    2890       -0.006577
    2891       -0.005372
    2892       -0.004184
    2893       -0.003042
    2894       -0.001997
    2895       -0.001123
    2896       -0.000520
    2897       -0.000236
    2898       -0.000152
    2899       -0.000387
    2900       -0.000973
    2901       -0.001889
    2902       -0.002987
    2903       -0.004164
    2904       -0.005368
    2905       -0.006578
    2906       -0.007791
    2907       -0.009003
    2908       -0.010218
    2909       -0.011427
    2910       -0.012638
    2911       -0.013844
    2912       -0.015009
    2913       -0.016160
    2914       -0.017293
    2915       -0.017907
    2916       -0.017998
    2917       -0.018068
    2918       -0.018121
    2919       -0.018126
    2920       -0.018121
    2921       -0.018112
    2922       -0.018103
    2923       -0.018103
    2924       -0.018112
    2925       -0.018121
    2926       -0.018126
    2927       -0.018121
    2928       -0.018068
    2929       -0.017998
    2930       -0.017907
    2931       -0.017293
    2932       -0.016160
    2933       -0.015009
    2934       -0.013844
    2935       -0.012638
    2936       -0.011427
    2937       -0.010218
    2938       -0.009003
    2939       -0.007791
    2940       -0.006578
    2941       -0.005368
    2942       -0.004164
    2943       -0.002987
    2944       -0.001889
    2945       -0.000973
    2946       -0.000387
    2947       -0.000152
    2948       -0.000039
    2949       -0.000189
    2950       -0.000772
    2951       -0.001759
    2952       -0.002927
    2953       -0.004145
    2954       -0.005364
    2955       -0.006580
    2956       -0.007792
    2957       -0.009007
    2958       -0.010216
    2959       -0.011438
    2960       -0.012635
    2961       -0.013874
    2962       -0.015053
    2963       -0.016245
    2964       -0.017635
    2965       -0.018252
    2966       -0.018085
    2967       -0.018117
    2968       -0.018157
    2969       -0.018128
    2970       -0.018132
    2971       -0.018107
    2972       -0.018098
    2973       -0.018098
    2974       -0.018107
    2975       -0.018132
    2976       -0.018128
    2977       -0.018157
    2978       -0.018117
    2979       -0.018085
    2980       -0.018252
    2981       -0.017635
    2982       -0.016245
    2983       -0.015053
    2984       -0.013874
    2985       -0.012635
    2986       -0.011438
    2987       -0.010216
    2988       -0.009007
    2989       -0.007792
    2990       -0.006580
    2991       -0.005364
    2992       -0.004145
    2993       -0.002927
    2994       -0.001759
    2995       -0.000772
    2996       -0.000189
    2997       -0.000039
    2998        0.000114
    2999        0.000099
    3000       -0.000512
    3001       -0.001606
    3002       -0.002866
    3003       -0.004128
    3004       -0.005362
    3005       -0.006581
    3006       -0.007795
    3007       -0.009007
    3008       -0.010222
    3009       -0.011433
    3010       -0.012659
    3011       -0.013856
    3012       -0.015166
    3013       -0.016245
    3014       -0.018111
    3015       -0.018729
    3016       -0.018087
    3017       -0.018237
    3018       -0.018145
    3019       -0.018159
    3020       -0.018130
    3021       -0.018108
    3022       -0.018090
    3023       -0.018090
    3024       -0.018108
    3025       -0.018130
    3026       -0.018159
    3027       -0.018145
    3028       -0.018237
    3029       -0.018087
    3030       -0.018729
    3031       -0.018111
    3032       -0.016245
    3033       -0.015166
    3034       -0.013856
    3035       -0.012659
    3036       -0.011433
    3037       -0.010222
    3038       -0.009007
    3039       -0.007795
    3040       -0.006581
    3041       -0.005362
    3042       -0.004128
    3043       -0.002866
    3044       -0.001606
    3045       -0.000512
    3046        0.000099
    3047        0.000114
    3048        0.000128
    3049        0.000169
    3050       -0.000402
    3051       -0.001538
    3052       -0.002844
    3053       -0.004127
    3054       -0.005366
    3055       -0.006584
    3056       -0.007797
    3057       -0.009009
    3058       -0.010223
    3059       -0.011438
    3060       -0.012653
    3061       -0.013883
    3062       -0.015107
    3063       -0.016474
    3064       -0.018180
    3065       -0.018798
    3066       -0.018321
    3067       -0.018182
    3068       -0.018180
    3069       -0.018158
    3070       -0.018135
    3071       -0.018104
    3072       -0.018082
    3073       -0.018082
    3074       -0.018104
    3075       -0.018135
    3076       -0.018158
    3077       -0.018180
    3078       -0.018182
    3079       -0.018321
    3080       -0.018798
    3081       -0.018180
    3082       -0.016474
    3083       -0.015107
    3084       -0.013883
    3085       -0.012653
    3086       -0.011438
    3087       -0.010223
    3088       -0.009009
    3089       -0.007797
    3090       -0.006584
    3091       -0.005366
    3092       -0.004127
    3093       -0.002844
    3094       -0.001538
    3095       -0.000402
    3096        0.000169
    3097        0.000128
    3098       -0.000040
    3099        0.000024
    3100       -0.000042
    3101        0.000034
    3102        0.000125
    3103        0.000193
    3104        0.000462
    3105        0.000513
    3106        0.000852
    3107        0.000875
    3108        0.001236
    3109        0.001244
    3110        0.001606
    3111        0.001608
    3112        0.001971
    3113        0.001971
    3114        0.002332
    3115        0.002332
    3116        0.002695
    3117        0.002696
    3118        0.003055
    3119        0.003055
    3120        0.003420
    3121        0.003423
    3122        0.003777
    3123        0.003771
    3124        0.004150
    3125        0.004153
    3126        0.004500
    3127        0.004501
    3128        0.004932
    3129        0.004736
    3130        0.005404
    3131        0.005907
    3132        0.005583
    3133        0.006085
    3134        0.005467
    3135        0.005272
    3136        0.005391
    3137        0.005396
    3138        0.005401
    3139        0.005409
    3140        0.005397
    3141        0.005396
    3142        0.005424
    3143        0.005428
    3144        0.005451
    3145        0.005447
    3146        0.005473
    3147        0.005466
    3148        0.005473
    3149        0.005466
    3150        0.005451
    3151        0.005447
    3152        0.005424
    3153        0.005428
    3154        0.005397
    3155        0.005396
    3156        0.005401
    3157        0.005409
    3158        0.005391
    3159        0.005396
    3160        0.005467
    3161        0.005272
    3162        0.005583
    3163        0.006085
    3164        0.005404
    3165        0.005907
    3166        0.004932
    3167        0.004736
    3168        0.004500
    3169        0.004501
    3170        0.004150
    3171        0.004153
    3172        0.003777
    3173        0.003771
    3174        0.003420
    3175        0.003423
    3176        0.003055
    3177        0.003055
    3178        0.002696
    3179        0.002695
    3180        0.002332
    3181        0.002332
    3182        0.001971
    3183        0.001971
    3184        0.001608
    3185        0.001606
    3186        0.001244
    3187        0.001236
    3188        0.000852
    3189        0.000875
    3190        0.000462
    3191        0.000513
    3192        0.000125
    3193        0.000193
    3194       -0.000042
    3195        0.000034
    3196       -0.000040
    3197        0.000024


                                                      SUMMARY INFORMATION
                                                  _________________________

                                                         Min/Max Values
    -Source ID--Entity ID---Sub ID----X Component--
Min:     1       1450          0        -0.043418
Max:     1        624          0         0.021009

