\BOOKMARK [0][-]{chapter.1}{Introducci\363n y motivaci\363n}{}% 1
\BOOKMARK [0][-]{chapter.2}{Estado del arte}{}% 2
\BOOKMARK [1][-]{section.2.1}{Structural Health Monitoring}{chapter.2}% 3
\BOOKMARK [1][-]{section.2.2}{Monitorizaci\363n de estructuras aeron\341uticas - SHM 5 pags \(SHM a d\355a de hoy \205 futuros desarrollos\)}{chapter.2}% 4
\BOOKMARK [2][-]{subsection.2.2.1}{Estructuras aeron\341uticas}{section.2.2}% 5
\BOOKMARK [2][-]{subsection.2.2.2}{Da\361os en estructuras aeron\341uticas}{section.2.2}% 6
\BOOKMARK [1][-]{section.2.3}{Inteligencia Artificial aplicada a SHM}{chapter.2}% 7
\BOOKMARK [2][-]{subsection.2.3.1}{Representaci\363n gr\341fica del funcionamiento de una Red Neuronal}{section.2.3}% 8
\BOOKMARK [1][-]{section.2.4}{IA aplicado a la monitorizaci\363n estructural}{chapter.2}% 9
\BOOKMARK [1][-]{section.2.5}{IA aplicada a la monitorizaci\363n de estructuras aeron\341uticas}{chapter.2}% 10
\BOOKMARK [1][-]{section.2.6}{RNN LSTM}{chapter.2}% 11
\BOOKMARK [0][-]{chapter.3}{Aplicaci\363n de Deep Leaning en SHM con sensores de deformaci\363n}{}% 12
\BOOKMARK [1][-]{section.3.1}{Proyecto INESASSE}{chapter.3}% 13
\BOOKMARK [2][-]{subsection.3.1.1}{Estructura y red de sensores}{section.3.1}% 14
\BOOKMARK [2][-]{subsection.3.1.2}{Planteamiento de da\361os y descripci\363n de ensayos}{section.3.1}% 15
\BOOKMARK [2][-]{subsection.3.1.3}{Modelo de elementos finitos}{section.3.1}% 16
\BOOKMARK [1][-]{section.3.2}{Pre-procesado de se\361ales}{chapter.3}% 17
\BOOKMARK [2][-]{subsection.3.2.1}{Ensayo real}{section.3.2}% 18
\BOOKMARK [2][-]{subsection.3.2.2}{FEM}{section.3.2}% 19
\BOOKMARK [1][-]{section.3.3}{Deep Learning con sensores de deformaciones}{chapter.3}% 20
\BOOKMARK [2][-]{subsection.3.3.1}{Visualizaci\363n del campo de deformaciones}{section.3.3}% 21
\BOOKMARK [2][-]{subsection.3.3.2}{Arquitectura de la Red Neuronal}{section.3.3}% 22
\BOOKMARK [2][-]{subsection.3.3.3}{Resultados de la clasificaci\363n}{section.3.3}% 23
\BOOKMARK [0][-]{chapter.4}{Caracterizaci\363n de impactos para SHM}{}% 24
\BOOKMARK [1][-]{section.4.1}{ Propuesta de ensayo experimental }{chapter.4}% 25
\BOOKMARK [2][-]{subsection.4.1.1}{Impactador estructura}{section.4.1}% 26
\BOOKMARK [2][-]{subsection.4.1.2}{Electr\363nica - Software y hardware}{section.4.1}% 27
\BOOKMARK [2][-]{subsection.4.1.3}{Adquisici\363n y procesado de datos}{section.4.1}% 28
\BOOKMARK [1][-]{section.4.2}{Caracterizaci\363n de la posici\363n}{chapter.4}% 29
\BOOKMARK [1][-]{section.4.3}{Caracterizaci\363n de la energ\355a}{chapter.4}% 30
\BOOKMARK [1][-]{section.4.4}{Caracterizaci\363n de la velocidad}{chapter.4}% 31
\BOOKMARK [1][-]{section.4.5}{Caracterizaci\363n completa de un impacto}{chapter.4}% 32
\BOOKMARK [0][-]{chapter.5}{Conclusiones y trabajos futuros}{}% 33
\BOOKMARK [1][-]{section.5.1}{Conclusiones}{chapter.5}% 34
\BOOKMARK [1][-]{section.5.2}{Trabajos futuros}{chapter.5}% 35
